============================================================
   Tang Dynasty, V5.6.71036
      Copyright (c) 2012-2023 Anlogic Inc.
   Executable = F:/ARMChina/bin/td.exe
   Built at =   20:34:38 Mar 21 2023
   Run by =     Illyasvial Von Einzb
   Run Date =   Fri Jul  5 19:10:39 2024

   Run on =     LAPTOP-4S5LNBPI
============================================================
RUN-001 : GUI based run...
RUN-1002 : start command "open_project SD-SDRAM-ISP-HDMI.al -update"
RUN-1001 : Print Global Property
RUN-1001 : ---------------------------------------------------------------
RUN-1001 :        Parameters        |  Settings  |  Default Values  |  Note  
RUN-1001 : ---------------------------------------------------------------
RUN-1001 :          message         |  standard  |     standard     |        
RUN-1001 :   mixed_pack_place_flow  |     on     |        on        |        
RUN-1001 :        qor_monitor       |    off     |       off        |        
RUN-1001 :        syn_ip_flow       |    off     |       off        |        
RUN-1001 :          thread          |    auto    |       auto       |        
RUN-1001 : ---------------------------------------------------------------
RUN-1001 : Print Design Property
RUN-1001 : --------------------------------------------------------------
RUN-1001 :        Parameters       |  Settings  |  Default Values  |  Note  
RUN-1001 : --------------------------------------------------------------
RUN-1001 :   default_reg_initial   |    auto    |       auto       |        
RUN-1001 :        infer_add        |     on     |        on        |        
RUN-1001 :        infer_fsm        |    off     |       off        |        
RUN-1001 :        infer_mult       |     on     |        on        |        
RUN-1001 :        infer_ram        |     on     |        on        |        
RUN-1001 :        infer_reg        |     on     |        on        |        
RUN-1001 :   infer_reg_init_value  |     on     |        on        |        
RUN-1001 :        infer_rom        |     on     |        on        |        
RUN-1001 :      infer_shifter      |     on     |        on        |        
RUN-1001 : --------------------------------------------------------------
RUN-1001 : Print Rtl Property
RUN-1001 : --------------------------------------------------------------
RUN-1001 :        Parameters       |  Settings  |  Default Values  |  Note  
RUN-1001 : --------------------------------------------------------------
RUN-1001 :       compress_add      |   ripple   |      ripple      |        
RUN-1001 :        elf_sload        |    off     |       off        |        
RUN-1001 :       fix_undriven      |     0      |        0         |        
RUN-1001 :         flatten         |    off     |       off        |        
RUN-1001 :       gate_sharing      |     on     |        on        |        
RUN-1001 :    hdl_warning_level    |   normal   |      normal      |        
RUN-1001 :   impl_internal_tribuf  |     on     |        on        |        
RUN-1001 :      impl_set_reset     |     on     |        on        |        
RUN-1001 :        infer_gsr        |    off     |       off        |        
RUN-1001 :      keep_hierarchy     |    auto    |       auto       |        
RUN-1001 :        max_fanout       |    9999    |       9999       |        
RUN-1001 :      max_oh2bin_len     |     10     |        10        |        
RUN-1001 :       merge_equal       |     on     |        on        |        
RUN-1001 :       merge_equiv       |     on     |        on        |        
RUN-1001 :        merge_mux        |    off     |       off        |        
RUN-1001 :     min_control_set     |     8      |        8         |        
RUN-1001 :      min_ripple_len     |    auto    |       auto       |        
RUN-1001 :       oh2bin_ratio      |    0.08    |       0.08       |        
RUN-1001 :     opt_adder_fanout    |     on     |        on        |        
RUN-1001 :        opt_arith        |     on     |        on        |        
RUN-1001 :       opt_big_gate      |    off     |       off        |        
RUN-1001 :        opt_const        |     on     |        on        |        
RUN-1001 :      opt_const_mult     |     on     |        on        |        
RUN-1001 :       opt_lessthan      |     on     |        on        |        
RUN-1001 :         opt_mux         |    off     |       off        |        
RUN-1001 :         opt_ram         |    high    |       high       |        
RUN-1001 :      rtl_sim_model      |    off     |       off        |        
RUN-1001 :         seq_syn         |     on     |        on        |        
RUN-1001 : --------------------------------------------------------------
HDL-1007 : analyze verilog file import/ddr3-al_ip/SOFTFIFO.v
HDL-1007 : analyze verilog file import/ddr3-al_ip/SDRAM.v
HDL-1007 : analyze verilog file al_ip/PLL.v
HDL-1007 : undeclared symbol 'open', assumed default net type 'wire' in al_ip/PLL.v(92)
HDL-1007 : analyze verilog file al_ip/PLL_hdmi.v
HDL-1007 : undeclared symbol 'open', assumed default net type 'wire' in al_ip/PLL_hdmi.v(70)
HDL-1007 : analyze VHDL file import/hdmi-rtl/enc_file/SerializerN_1_lvds.enc.vhd
Copyright (c) 1998-2019 The OpenSSL Project.  All rights reserved.
This product includes software developed by the OpenSSL Project
for use in the OpenSSL Toolkit (http://www.openssl.org/)
Copyright (C) 1995-1998 Eric Young (eay@cryptsoft.com)
All rights reserved.
This product includes cryptographic software written by Eric Young (eay@cryptsoft.com)
HDL-1007 : analyze entity ** in encrypted_text(0)
HDL-1007 : analyze architecture ** in encrypted_text(0)
HDL-1007 : analyze VHDL file import/hdmi-rtl/enc_file/SerializerN_1_lvds_dat.enc.vhd
HDL-1007 : analyze entity ** in encrypted_text(0)
HDL-1007 : analyze architecture ** in encrypted_text(0)
HDL-1007 : analyze VHDL file import/hdmi-rtl/enc_file/TMDSEncoder.enc.vhd
HDL-1007 : analyze entity ** in encrypted_text(0)
HDL-1007 : analyze architecture ** in encrypted_text(0)
HDL-1007 : analyze verilog file import/hdmi-rtl/enc_file/video_tpg_1024768.enc.v
HDL-5007 WARNING: literal value ** truncated to fit in ** bits in encrypted_text(0)
HDL-1007 : back to file 'import/hdmi-rtl/enc_file/video_tpg_1024768.enc.v' in import/hdmi-rtl/enc_file/video_tpg_1024768.enc.v(216)
HDL-1007 : analyze verilog file import/hdmi-rtl/enc_file/video_tpg_1080p.enc.v
HDL-1007 : back to file 'import/hdmi-rtl/enc_file/video_tpg_1080p.enc.v' in import/hdmi-rtl/enc_file/video_tpg_1080p.enc.v(208)
HDL-1007 : analyze verilog file import/hdmi-rtl/enc_file/video_tpg_12801024p.enc.v
HDL-1007 : back to file 'import/hdmi-rtl/enc_file/video_tpg_12801024p.enc.v' in import/hdmi-rtl/enc_file/video_tpg_12801024p.enc.v(207)
HDL-1007 : analyze verilog file import/hdmi-rtl/enc_file/video_tpg_1280800.enc.v
HDL-5007 WARNING: literal value ** truncated to fit in ** bits in encrypted_text(0)
HDL-1007 : back to file 'import/hdmi-rtl/enc_file/video_tpg_1280800.enc.v' in import/hdmi-rtl/enc_file/video_tpg_1280800.enc.v(216)
HDL-1007 : analyze verilog file import/hdmi-rtl/enc_file/video_tpg_16801050p.enc.v
HDL-1007 : back to file 'import/hdmi-rtl/enc_file/video_tpg_16801050p.enc.v' in import/hdmi-rtl/enc_file/video_tpg_16801050p.enc.v(209)
HDL-1007 : analyze verilog file import/hdmi-rtl/enc_file/video_tpg_800600.enc.v
HDL-1007 : back to file 'import/hdmi-rtl/enc_file/video_tpg_800600.enc.v' in import/hdmi-rtl/enc_file/video_tpg_800600.enc.v(211)
HDL-1007 : analyze verilog file import/hdmi_top/hdmi_top.v
HDL-1007 : undeclared symbol 'out_de', assumed default net type 'wire' in import/hdmi_top/hdmi_top.v(110)
HDL-1007 : undeclared symbol 'out_href', assumed default net type 'wire' in import/hdmi_top/hdmi_top.v(111)
HDL-1007 : undeclared symbol 'out_vsync', assumed default net type 'wire' in import/hdmi_top/hdmi_top.v(112)
HDL-1007 : undeclared symbol 'out_de2', assumed default net type 'wire' in import/hdmi_top/hdmi_top.v(230)
HDL-1007 : undeclared symbol 'out_href2', assumed default net type 'wire' in import/hdmi_top/hdmi_top.v(231)
HDL-1007 : undeclared symbol 'out_vsync2', assumed default net type 'wire' in import/hdmi_top/hdmi_top.v(232)
HDL-1007 : undeclared symbol 'bayer_data', assumed default net type 'wire' in import/hdmi_top/hdmi_top.v(245)
HDL-1007 : analyze verilog file import/hdmi_top/video_driver.v
HDL-1007 : analyze verilog file import/sd_bmp_hdmi.v
HDL-1007 : undeclared symbol 'rd_vsync', assumed default net type 'wire' in import/sd_bmp_hdmi.v(201)
HDL-1007 : analyze verilog file import/sd_ctrl_top/sd_ctrl_top.v
HDL-1007 : analyze verilog file import/sd_ctrl_top/sd_init.v
HDL-1007 : analyze verilog file import/sd_ctrl_top/sd_read.v
HDL-1007 : analyze verilog file import/sd_ctrl_top/sd_write.v
HDL-1007 : analyze verilog file import/sd_read_photo.v
HDL-1007 : analyze VHDL file import/hdmi-rtl/enc_file/DVITransmitter.enc.vhd
HDL-1007 : analyze entity dvitransmitter in import/hdmi-rtl/enc_file/DVITransmitter.enc.vhd(13)
HDL-1007 : analyze architecture ** in encrypted_text(0)
HDL-1007 : analyze VHDL file import/hdmi-rtl/hdmi_tx.vhd
HDL-1007 : analyze entity hdmi_tx in import/hdmi-rtl/hdmi_tx.vhd(11)
HDL-1007 : analyze architecture behavioral in import/hdmi-rtl/hdmi_tx.vhd(33)
HDL-1007 : analyze verilog file import/DDR3-rtl/sdram_cmd.v
HDL-1007 : analyze included file import/DDR3-rtl/sdram_para.v in import/DDR3-rtl/sdram_cmd.v(46)
HDL-1007 : back to file 'import/DDR3-rtl/sdram_cmd.v' in import/DDR3-rtl/sdram_cmd.v(46)
HDL-1007 : analyze verilog file import/DDR3-rtl/sdram_controller.v
HDL-1007 : analyze verilog file import/DDR3-rtl/sdram_ctrl.v
HDL-1007 : analyze included file import/DDR3-rtl/sdram_para.v in import/DDR3-rtl/sdram_ctrl.v(19)
HDL-1007 : back to file 'import/DDR3-rtl/sdram_ctrl.v' in import/DDR3-rtl/sdram_ctrl.v(19)
HDL-1007 : analyze verilog file import/DDR3-rtl/sdram_data.v
HDL-1007 : analyze included file import/DDR3-rtl/sdram_para.v in import/DDR3-rtl/sdram_data.v(13)
HDL-1007 : back to file 'import/DDR3-rtl/sdram_data.v' in import/DDR3-rtl/sdram_data.v(13)
HDL-1007 : analyze verilog file import/DDR3-rtl/sdram_fifo_ctrl.v
HDL-1007 : analyze verilog file import/DDR3-rtl/sdram_top.v
HDL-1007 : analyze verilog file import/read_rawdata.v
HDL-1007 : analyze verilog file import/hdmi_top/ISP_dpc.v
HDL-1007 : analyze verilog file import/hdmi_top/ISP_include.v
HDL-1007 : analyze verilog file import/hdmi_top/ISP_bnr.v
HDL-1007 : analyze verilog file import/hdmi_top/bayer_rgb888.v
HDL-1007 : analyze verilog file import/hdmi_top/ISP_debayer.v
HDL-1007 : analyze verilog file import/hdmi_top/ISP_debayer_h.v
HDL-1007 : analyze verilog file import/hdmi_top/ISP_debayer_m.v
HDL-1007 : analyze verilog file import/hdmi_top/ISP_debayer_l.v
HDL-1007 : analyze verilog file import/hdmi_top/ISP_awb_top.v
HDL-1007 : undeclared symbol 'video_de', assumed default net type 'wire' in import/hdmi_top/ISP_awb_top.v(93)
HDL-1007 : analyze verilog file import/hdmi_top/ISP_cal_awb.v
HDL-1007 : analyze verilog file import/hdmi_top/ISP_static_awb.v
HDL-1007 : analyze verilog file import/hdmi_top/ISP_wb.v
HDL-1007 : analyze verilog file import/hdmi_top/ISP_interconnect.v
HDL-5007 WARNING: assignment to input 'bayer_rgb888_in' in import/hdmi_top/ISP_interconnect.v(101)
HDL-8007 ERROR: cannot find port 'rst' on this module in import/hdmi_top/hdmi_top.v(139)
RUN-8019 ERROR: Project manager, failed to analyze source file.
RUN-1002 : start command "import_device eagle_s20.db -package EG4S20BG256"
ARC-1001 : Device Initialization.
ARC-1001 : ------------------------------------------------------------------
ARC-1001 :            OPTION            |          IO          |   SETTING   
ARC-1001 : ------------------------------------------------------------------
ARC-1001 :   cso_b/cclk/mosi/miso/dout  |  T3/R11/T10/P10/S11  |    gpio    
ARC-1001 :             done             |         P13          |    gpio    
ARC-1001 :           program_b          |          T2          |  dedicate  
ARC-1001 :        tdi/tms/tck/tdo       |   C12/A15/C14/E14    |  dedicate  
ARC-1001 : ------------------------------------------------------------------
ARC-1004 : Device setting, marked 5 dedicate IOs in total.
