============================================================
   Tang Dynasty, V5.6.71036
      Copyright (c) 2012-2023 Anlogic Inc.
   Executable = F:/ARMChina/bin/td.exe
   Built at =   20:34:38 Mar 21 2023
   Run by =     Illyasvial Von Einzb
   Run Date =   Thu Jul  4 20:45:54 2024

   Run on =     LAPTOP-4S5LNBPI
============================================================
RUN-1002 : start command "open_project SD-SDRAM-ISP-HDMI.prj"
RUN-1001 : Print Global Property
RUN-1001 : ---------------------------------------------------------------
RUN-1001 :        Parameters        |  Settings  |  Default Values  |  Note  
RUN-1001 : ---------------------------------------------------------------
RUN-1001 :          message         |  standard  |     standard     |        
RUN-1001 :   mixed_pack_place_flow  |     on     |        on        |        
RUN-1001 :        qor_monitor       |    off     |       off        |        
RUN-1001 :        syn_ip_flow       |    off     |       off        |        
RUN-1001 :          thread          |    auto    |       auto       |        
RUN-1001 : ---------------------------------------------------------------
RUN-1001 : Print Design Property
RUN-1001 : --------------------------------------------------------------
RUN-1001 :        Parameters       |  Settings  |  Default Values  |  Note  
RUN-1001 : --------------------------------------------------------------
RUN-1001 :   default_reg_initial   |    auto    |       auto       |        
RUN-1001 :        infer_add        |     on     |        on        |        
RUN-1001 :        infer_fsm        |    off     |       off        |        
RUN-1001 :        infer_mult       |     on     |        on        |        
RUN-1001 :        infer_ram        |     on     |        on        |        
RUN-1001 :        infer_reg        |     on     |        on        |        
RUN-1001 :   infer_reg_init_value  |     on     |        on        |        
RUN-1001 :        infer_rom        |     on     |        on        |        
RUN-1001 :      infer_shifter      |     on     |        on        |        
RUN-1001 : --------------------------------------------------------------
RUN-1001 : Print Rtl Property
RUN-1001 : --------------------------------------------------------------
RUN-1001 :        Parameters       |  Settings  |  Default Values  |  Note  
RUN-1001 : --------------------------------------------------------------
RUN-1001 :       compress_add      |   ripple   |      ripple      |        
RUN-1001 :        elf_sload        |    off     |       off        |        
RUN-1001 :       fix_undriven      |     0      |        0         |        
RUN-1001 :         flatten         |    off     |       off        |        
RUN-1001 :       gate_sharing      |     on     |        on        |        
RUN-1001 :    hdl_warning_level    |   normal   |      normal      |        
RUN-1001 :   impl_internal_tribuf  |     on     |        on        |        
RUN-1001 :      impl_set_reset     |     on     |        on        |        
RUN-1001 :        infer_gsr        |    off     |       off        |        
RUN-1001 :      keep_hierarchy     |    auto    |       auto       |        
RUN-1001 :        max_fanout       |    9999    |       9999       |        
RUN-1001 :      max_oh2bin_len     |     10     |        10        |        
RUN-1001 :       merge_equal       |     on     |        on        |        
RUN-1001 :       merge_equiv       |     on     |        on        |        
RUN-1001 :        merge_mux        |    off     |       off        |        
RUN-1001 :     min_control_set     |     8      |        8         |        
RUN-1001 :      min_ripple_len     |    auto    |       auto       |        
RUN-1001 :       oh2bin_ratio      |    0.08    |       0.08       |        
RUN-1001 :     opt_adder_fanout    |     on     |        on        |        
RUN-1001 :        opt_arith        |     on     |        on        |        
RUN-1001 :       opt_big_gate      |    off     |       off        |        
RUN-1001 :        opt_const        |     on     |        on        |        
RUN-1001 :      opt_const_mult     |     on     |        on        |        
RUN-1001 :       opt_lessthan      |     on     |        on        |        
RUN-1001 :         opt_mux         |    off     |       off        |        
RUN-1001 :         opt_ram         |    high    |       high       |        
RUN-1001 :      rtl_sim_model      |    off     |       off        |        
RUN-1001 :         seq_syn         |     on     |        on        |        
RUN-1001 : --------------------------------------------------------------
HDL-1007 : analyze verilog file ../../import/ddr3-al_ip/SOFTFIFO.v
HDL-1007 : analyze verilog file ../../import/ddr3-al_ip/SDRAM.v
HDL-1007 : analyze verilog file ../../al_ip/PLL.v
HDL-1007 : undeclared symbol 'open', assumed default net type 'wire' in ../../al_ip/PLL.v(92)
HDL-1007 : analyze verilog file ../../al_ip/PLL_hdmi.v
HDL-1007 : undeclared symbol 'open', assumed default net type 'wire' in ../../al_ip/PLL_hdmi.v(70)
HDL-1007 : analyze VHDL file ../../import/hdmi-rtl/enc_file/SerializerN_1_lvds.enc.vhd
Copyright (c) 1998-2019 The OpenSSL Project.  All rights reserved.
This product includes software developed by the OpenSSL Project
for use in the OpenSSL Toolkit (http://www.openssl.org/)
Copyright (C) 1995-1998 Eric Young (eay@cryptsoft.com)
All rights reserved.
This product includes cryptographic software written by Eric Young (eay@cryptsoft.com)
HDL-1007 : analyze entity ** in encrypted_text(0)
HDL-1007 : analyze architecture ** in encrypted_text(0)
HDL-1007 : analyze VHDL file ../../import/hdmi-rtl/enc_file/SerializerN_1_lvds_dat.enc.vhd
HDL-1007 : analyze entity ** in encrypted_text(0)
HDL-1007 : analyze architecture ** in encrypted_text(0)
HDL-1007 : analyze VHDL file ../../import/hdmi-rtl/enc_file/TMDSEncoder.enc.vhd
HDL-1007 : analyze entity ** in encrypted_text(0)
HDL-1007 : analyze architecture ** in encrypted_text(0)
HDL-1007 : analyze verilog file ../../import/hdmi-rtl/enc_file/video_tpg_1024768.enc.v
HDL-5007 WARNING: literal value ** truncated to fit in ** bits in encrypted_text(0)
HDL-1007 : back to file '../../import/hdmi-rtl/enc_file/video_tpg_1024768.enc.v' in ../../import/hdmi-rtl/enc_file/video_tpg_1024768.enc.v(216)
HDL-1007 : analyze verilog file ../../import/hdmi-rtl/enc_file/video_tpg_1080p.enc.v
HDL-1007 : back to file '../../import/hdmi-rtl/enc_file/video_tpg_1080p.enc.v' in ../../import/hdmi-rtl/enc_file/video_tpg_1080p.enc.v(208)
HDL-1007 : analyze verilog file ../../import/hdmi-rtl/enc_file/video_tpg_12801024p.enc.v
HDL-1007 : back to file '../../import/hdmi-rtl/enc_file/video_tpg_12801024p.enc.v' in ../../import/hdmi-rtl/enc_file/video_tpg_12801024p.enc.v(207)
HDL-1007 : analyze verilog file ../../import/hdmi-rtl/enc_file/video_tpg_1280800.enc.v
HDL-5007 WARNING: literal value ** truncated to fit in ** bits in encrypted_text(0)
HDL-1007 : back to file '../../import/hdmi-rtl/enc_file/video_tpg_1280800.enc.v' in ../../import/hdmi-rtl/enc_file/video_tpg_1280800.enc.v(216)
HDL-1007 : analyze verilog file ../../import/hdmi-rtl/enc_file/video_tpg_16801050p.enc.v
HDL-1007 : back to file '../../import/hdmi-rtl/enc_file/video_tpg_16801050p.enc.v' in ../../import/hdmi-rtl/enc_file/video_tpg_16801050p.enc.v(209)
HDL-1007 : analyze verilog file ../../import/hdmi-rtl/enc_file/video_tpg_800600.enc.v
HDL-1007 : back to file '../../import/hdmi-rtl/enc_file/video_tpg_800600.enc.v' in ../../import/hdmi-rtl/enc_file/video_tpg_800600.enc.v(211)
HDL-1007 : analyze verilog file ../../import/hdmi_top/hdmi_top.v
HDL-1007 : analyze verilog file ../../import/hdmi_top/video_driver.v
HDL-1007 : analyze verilog file ../../import/sd_bmp_hdmi.v
HDL-1007 : undeclared symbol 'rd_vsync', assumed default net type 'wire' in ../../import/sd_bmp_hdmi.v(200)
HDL-1007 : analyze verilog file ../../import/sd_ctrl_top/sd_ctrl_top.v
HDL-1007 : analyze verilog file ../../import/sd_ctrl_top/sd_init.v
HDL-1007 : analyze verilog file ../../import/sd_ctrl_top/sd_read.v
HDL-1007 : analyze verilog file ../../import/sd_ctrl_top/sd_write.v
HDL-1007 : analyze VHDL file ../../import/hdmi-rtl/enc_file/DVITransmitter.enc.vhd
HDL-1007 : analyze entity dvitransmitter in ../../import/hdmi-rtl/enc_file/DVITransmitter.enc.vhd(13)
HDL-1007 : analyze architecture ** in encrypted_text(0)
HDL-1007 : analyze VHDL file ../../import/hdmi-rtl/hdmi_tx.vhd
HDL-1007 : analyze entity hdmi_tx in ../../import/hdmi-rtl/hdmi_tx.vhd(11)
HDL-1007 : analyze architecture behavioral in ../../import/hdmi-rtl/hdmi_tx.vhd(33)
HDL-1007 : analyze verilog file ../../import/DDR3-rtl/sdram_cmd.v
HDL-1007 : analyze included file ../../import/DDR3-rtl/sdram_para.v in ../../import/DDR3-rtl/sdram_cmd.v(46)
HDL-1007 : back to file '../../import/DDR3-rtl/sdram_cmd.v' in ../../import/DDR3-rtl/sdram_cmd.v(46)
HDL-1007 : analyze verilog file ../../import/DDR3-rtl/sdram_controller.v
HDL-1007 : analyze verilog file ../../import/DDR3-rtl/sdram_ctrl.v
HDL-1007 : analyze included file ../../import/DDR3-rtl/sdram_para.v in ../../import/DDR3-rtl/sdram_ctrl.v(19)
HDL-1007 : back to file '../../import/DDR3-rtl/sdram_ctrl.v' in ../../import/DDR3-rtl/sdram_ctrl.v(19)
HDL-1007 : analyze verilog file ../../import/DDR3-rtl/sdram_data.v
HDL-1007 : analyze included file ../../import/DDR3-rtl/sdram_para.v in ../../import/DDR3-rtl/sdram_data.v(13)
HDL-1007 : back to file '../../import/DDR3-rtl/sdram_data.v' in ../../import/DDR3-rtl/sdram_data.v(13)
HDL-1007 : analyze verilog file ../../import/DDR3-rtl/sdram_fifo_ctrl.v
HDL-1007 : analyze verilog file ../../import/DDR3-rtl/sdram_top.v
HDL-1007 : analyze verilog file ../../import/read_rawdata.v
HDL-1007 : analyze verilog file ../../import/hdmi_top/ISP_include.v
HDL-1007 : analyze verilog file ../../import/hdmi_top/ISP_debayer_h.v
RUN-1001 : Project manager successfully analyzed 32 source files.
RUN-1002 : start command "import_device eagle_s20.db -package EG4S20BG256"
ARC-1001 : Device Initialization.
ARC-1001 : ------------------------------------------------------------------
ARC-1001 :            OPTION            |          IO          |   SETTING   
ARC-1001 : ------------------------------------------------------------------
ARC-1001 :   cso_b/cclk/mosi/miso/dout  |  T3/R11/T10/P10/S11  |    gpio    
ARC-1001 :             done             |         P13          |    gpio    
ARC-1001 :           program_b          |          T2          |  dedicate  
ARC-1001 :        tdi/tms/tck/tdo       |   C12/A15/C14/E14    |  dedicate  
ARC-1001 : ------------------------------------------------------------------
ARC-1004 : Device setting, marked 5 dedicate IOs in total.
RUN-1002 : start command "import_db ../syn_1/SD-SDRAM-ISP-HDMI_gate.db"
RUN-1001 : Importing database generated by Tang Dynasty, V5.6.71036.
RUN-1001 : Database version number 46146.
RUN-1001 : Import flow parameters
RUN-1001 : Import timing constraints
RUN-1001 : Import IO constraints
RUN-1001 : Import Inst constraints
RUN-1001 : Import design success TD_VERSION=5.6.71036 , DB_VERSION=46146
RUN-1002 : start command "read_sdc -ip SOFTFIFO ../../import/ddr3-al_ip/SOFTFIFO.tcl"
RUN-1002 : start command "get_ports clkw"
RUN-1002 : start command "get_nets  clkw  "
RUN-1002 : start command "get_clocks -nowarn -of nets 9663676416000"
RUN-1002 : start command "get_ports clkr"
RUN-1002 : start command "get_nets  clkr  "
RUN-1002 : start command "get_clocks -nowarn -of nets 49933289783296"
RUN-1002 : start command "get_property -nowarn -max PERIOD "
RUN-1002 : start command "get_property -nowarn -max PERIOD "
RUN-1002 : start command "get_regs rd_to_wr_cross_inst/primary_addr_gray_reg[*]"
RUN-1002 : start command "get_regs rd_to_wr_cross_inst/sync_r1[*]"
RUN-1002 : start command "set_max_delay -from  -to  999.70000000000005 -datapath_only"
RUN-1002 : start command "get_regs rd_to_wr_cross_inst/primary_addr_gray_reg[*]"
RUN-1002 : start command "get_regs rd_to_wr_cross_inst/sync_r1[*]"
RUN-1002 : start command "set_false_path -from  -to  -hold 999.70000000000005"
USR-1002 : set_false_path -help -setup -hold -from <list> -rise_from <list> -fall_from <list> -to <list> -rise_to <list> -fall_to <list> -through <list>
RUN-1002 : start command "get_regs wr_to_rd_cross_inst/primary_addr_gray_reg[*]"
RUN-1002 : start command "get_regs wr_to_rd_cross_inst/sync_r1[*]"
RUN-1002 : start command "set_max_delay -from  -to  999.70000000000005 -datapath_only"
RUN-1002 : start command "get_regs wr_to_rd_cross_inst/primary_addr_gray_reg[*]"
RUN-1002 : start command "get_regs wr_to_rd_cross_inst/sync_r1[*]"
RUN-1002 : start command "set_false_path -from  -to  -hold 999.70000000000005"
USR-1002 : set_false_path -help -setup -hold -from <list> -rise_from <list> -fall_from <list> -to <list> -rise_to <list> -fall_to <list> -through <list>
RUN-1002 : start command "get_ports clkw"
RUN-1002 : start command "get_nets  clkw  "
RUN-1002 : start command "get_clocks -nowarn -of nets 17514876633088"
RUN-1002 : start command "get_ports clkr"
RUN-1002 : start command "get_nets  clkr  "
RUN-1002 : start command "get_clocks -nowarn -of nets 9663676416000"
RUN-1002 : start command "get_property -nowarn -max PERIOD "
RUN-1002 : start command "get_property -nowarn -max PERIOD "
RUN-1002 : start command "get_regs rd_to_wr_cross_inst/primary_addr_gray_reg[*]"
RUN-1002 : start command "get_regs rd_to_wr_cross_inst/sync_r1[*]"
RUN-1002 : start command "set_max_delay -from  -to  999.70000000000005 -datapath_only"
RUN-1002 : start command "get_regs rd_to_wr_cross_inst/primary_addr_gray_reg[*]"
RUN-1002 : start command "get_regs rd_to_wr_cross_inst/sync_r1[*]"
RUN-1002 : start command "set_false_path -from  -to  -hold 999.70000000000005"
USR-1002 : set_false_path -help -setup -hold -from <list> -rise_from <list> -fall_from <list> -to <list> -rise_to <list> -fall_to <list> -through <list>
RUN-1002 : start command "get_regs wr_to_rd_cross_inst/primary_addr_gray_reg[*]"
RUN-1002 : start command "get_regs wr_to_rd_cross_inst/sync_r1[*]"
RUN-1002 : start command "set_max_delay -from  -to  999.70000000000005 -datapath_only"
RUN-1002 : start command "get_regs wr_to_rd_cross_inst/primary_addr_gray_reg[*]"
RUN-1002 : start command "get_regs wr_to_rd_cross_inst/sync_r1[*]"
RUN-1002 : start command "set_false_path -from  -to  -hold 999.70000000000005"
USR-1002 : set_false_path -help -setup -hold -from <list> -rise_from <list> -fall_from <list> -to <list> -rise_to <list> -fall_to <list> -through <list>
RUN-1002 : start command "config_chipwatcher ../../sd_HDMI.cwc -dir "
RUN-1002 : start command "legalize_phy_inst"
SYN-1011 : Flatten model sd_bmp_hdmi
KIT-1004 : ChipWatcher: import watcher inst auto_chipwatcher_0 completed, there are 5 view nodes, 8 trigger nets, 8 data nets.
KIT-1004 : Chipwatcher code = 0101000110101001
RUN-1002 : start command "compile_watcher"
RUN-1002 : start command "read_verilog -no_sch -dir F:/ARMChina/cw/ -file SD-SDRAM-ISP-HDMI_watcherInst.sv -lib cw -top CW_TOP_WRAPPER"
HDL-1007 : analyze verilog file F:/ARMChina/cw\bus_det.v
HDL-1007 : analyze verilog file F:/ARMChina/cw\bus_top.sv
HDL-1007 : analyze verilog file F:/ARMChina/cw\cfg_int.v
HDL-1007 : analyze verilog file F:/ARMChina/cw\cwc_cfg_int.v
HDL-1007 : analyze verilog file F:/ARMChina/cw\cwc_top.sv
HDL-1007 : analyze verilog file F:/ARMChina/cw\detect_bus.v
HDL-1007 : analyze verilog file F:/ARMChina/cw\detect_non_bus.v
HDL-1007 : analyze verilog file F:/ARMChina/cw\emb_ctrl.v
HDL-1007 : analyze verilog file F:/ARMChina/cw\register.v
HDL-1007 : analyze verilog file F:/ARMChina/cw\tap.v
HDL-1007 : analyze verilog file F:/ARMChina/cw\trigger.sv
HDL-1007 : analyze verilog file SD-SDRAM-ISP-HDMI_watcherInst.sv
HDL-1007 : elaborate module CW_TOP_WRAPPER in SD-SDRAM-ISP-HDMI_watcherInst.sv(1)
HDL-1007 : elaborate module cwc_top(BUS_NUM=5,BUS_CTRL_NUM=36,BUS_WIDTH='{32'sb01,32'sb01,32'sb01,32'sb01,32'sb0100},BUS_DIN_POS='{32'sb0,32'sb01,32'sb010,32'sb011,32'sb0100},BUS_CTRL_POS='{32'sb0,32'sb0110,32'sb01100,32'sb010010,32'sb011000}) in F:/ARMChina/cw\cwc_top.sv(21)
HDL-1007 : elaborate module cwc_cfg_int(CTRL_REG_LEN=58) in F:/ARMChina/cw\cwc_cfg_int.v(21)
HDL-1007 : elaborate module register(CTRL_REG_LEN=58) in F:/ARMChina/cw\register.v(21)
HDL-1007 : elaborate module tap in F:/ARMChina/cw\tap.v(21)
HDL-1007 : elaborate module trigger(BUS_NUM=5,BUS_CTRL_NUM=36,BUS_WIDTH='{32'sb01,32'sb01,32'sb01,32'sb01,32'sb0100},BUS_DIN_POS='{32'sb0,32'sb01,32'sb010,32'sb011,32'sb0100},BUS_CTRL_POS='{32'sb0,32'sb0110,32'sb01100,32'sb010010,32'sb011000}) in F:/ARMChina/cw\trigger.sv(21)
HDL-1007 : elaborate module bus_top(BUS_NODE_NUM=5,BUS_CTRL_NUM=36,BUS_WIDTH='{32'sb01,32'sb01,32'sb01,32'sb01,32'sb0100},BUS_DIN_POS='{32'sb0,32'sb01,32'sb010,32'sb011,32'sb0100},BUS_CTRL_POS='{32'sb0,32'sb0110,32'sb01100,32'sb010010,32'sb011000}) in F:/ARMChina/cw\bus_top.sv(22)
HDL-1007 : elaborate module bus_det(BUS_WIDTH=32'sb01) in F:/ARMChina/cw\bus_det.v(21)
HDL-1007 : elaborate module bus_det(BUS_WIDTH=32'sb0100) in F:/ARMChina/cw\bus_det.v(21)
HDL-1007 : elaborate module emb_ctrl in F:/ARMChina/cw\emb_ctrl.v(21)
HDL-1200 : Current top model is CW_TOP_WRAPPER
HDL-1100 : Inferred 0 RAMs.
RUN-1002 : start command "force_keep -a auto_chipwatcher_0_logicbram"
RUN-1002 : start command "optimize_rtl -no_sch"
RUN-1001 : Open license file F:/ARMChina/license/Anlogic.lic
RUN-1001 : Print Global Property
RUN-1001 : ---------------------------------------------------------------
RUN-1001 :        Parameters        |  Settings  |  Default Values  |  Note  
RUN-1001 : ---------------------------------------------------------------
RUN-1001 :          message         |  standard  |     standard     |        
RUN-1001 :   mixed_pack_place_flow  |     on     |        on        |        
RUN-1001 :        qor_monitor       |    off     |       off        |        
RUN-1001 :        syn_ip_flow       |    off     |       off        |        
RUN-1001 :          thread          |    auto    |       auto       |        
RUN-1001 : ---------------------------------------------------------------
RUN-1001 : Print Rtl Property
RUN-1001 : --------------------------------------------------------------
RUN-1001 :        Parameters       |  Settings  |  Default Values  |  Note  
RUN-1001 : --------------------------------------------------------------
RUN-1001 :       compress_add      |   ripple   |      ripple      |        
RUN-1001 :        elf_sload        |    off     |       off        |        
RUN-1001 :       fix_undriven      |     0      |        0         |        
RUN-1001 :         flatten         |    off     |       off        |        
RUN-1001 :       gate_sharing      |     on     |        on        |        
RUN-1001 :    hdl_warning_level    |   normal   |      normal      |        
RUN-1001 :   impl_internal_tribuf  |     on     |        on        |        
RUN-1001 :      impl_set_reset     |     on     |        on        |        
RUN-1001 :        infer_gsr        |    off     |       off        |        
RUN-1001 :      keep_hierarchy     |    auto    |       auto       |        
RUN-1001 :        max_fanout       |    9999    |       9999       |        
RUN-1001 :      max_oh2bin_len     |     10     |        10        |        
RUN-1001 :       merge_equal       |     on     |        on        |        
RUN-1001 :       merge_equiv       |     on     |        on        |        
RUN-1001 :        merge_mux        |    off     |       off        |        
RUN-1001 :     min_control_set     |     8      |        8         |        
RUN-1001 :      min_ripple_len     |    auto    |       auto       |        
RUN-1001 :       oh2bin_ratio      |    0.08    |       0.08       |        
RUN-1001 :     opt_adder_fanout    |     on     |        on        |        
RUN-1001 :        opt_arith        |     on     |        on        |        
RUN-1001 :       opt_big_gate      |    off     |       off        |        
RUN-1001 :        opt_const        |     on     |        on        |        
RUN-1001 :      opt_const_mult     |     on     |        on        |        
RUN-1001 :       opt_lessthan      |     on     |        on        |        
RUN-1001 :         opt_mux         |    off     |       off        |        
RUN-1001 :         opt_ram         |    high    |       high       |        
RUN-1001 :      rtl_sim_model      |    off     |       off        |        
RUN-1001 :         seq_syn         |     on     |        on        |        
RUN-1001 : --------------------------------------------------------------
SYN-1012 : SanityCheck: Model "sd_bmp_hdmi"
SYN-1012 : SanityCheck: Model "CW_TOP_WRAPPER"
SYN-1012 : SanityCheck: Model "cwc_top(BUS_NUM=5,BUS_CTRL_NUM=36,BUS_WIDTH='{32'sb01,32'sb01,32'sb01,32'sb01,32'sb0100},BUS_DIN_POS='{32'sb0,32'sb01,32'sb010,32'sb011,32'sb0100},BUS_CTRL_POS='{32'sb0,32'sb0110,32'sb01100,32'sb010010,32'sb011000})"
SYN-1012 : SanityCheck: Model "cwc_cfg_int(CTRL_REG_LEN=58)"
SYN-1012 : SanityCheck: Model "register(CTRL_REG_LEN=58)"
SYN-1012 : SanityCheck: Model "tap"
SYN-1012 : SanityCheck: Model "trigger(BUS_NUM=5,BUS_CTRL_NUM=36,BUS_WIDTH='{32'sb01,32'sb01,32'sb01,32'sb01,32'sb0100},BUS_DIN_POS='{32'sb0,32'sb01,32'sb010,32'sb011,32'sb0100},BUS_CTRL_POS='{32'sb0,32'sb0110,32'sb01100,32'sb010010,32'sb011000})"
SYN-1012 : SanityCheck: Model "bus_top(BUS_NODE_NUM=5,BUS_CTRL_NUM=36,BUS_WIDTH='{32'sb01,32'sb01,32'sb01,32'sb01,32'sb0100},BUS_DIN_POS='{32'sb0,32'sb01,32'sb010,32'sb011,32'sb0100},BUS_CTRL_POS='{32'sb0,32'sb0110,32'sb01100,32'sb010010,32'sb011000})"
SYN-1012 : SanityCheck: Model "bus_det(BUS_WIDTH=32'sb01)"
SYN-1012 : SanityCheck: Model "bus_det(BUS_WIDTH=32'sb0100)"
SYN-1012 : SanityCheck: Model "emb_ctrl"
SYN-1011 : Flatten model sd_bmp_hdmi
SYN-1032 : 8149/19 useful/useless nets, 5795/14 useful/useless insts
SYN-1016 : Merged 28 instances.
SYN-1032 : 7970/8 useful/useless nets, 6064/8 useful/useless insts
SYN-1014 : Optimize round 1
SYN-1032 : 7954/16 useful/useless nets, 6052/12 useful/useless insts
SYN-1021 : Optimized 1 onehot mux instances.
SYN-1020 : Optimized 1 distributor mux.
SYN-1019 : Optimized 1 mux instances.
SYN-1015 : Optimize round 1, 252 better
SYN-1014 : Optimize round 2
SYN-1032 : 7806/15 useful/useless nets, 5904/16 useful/useless insts
SYN-1015 : Optimize round 2, 32 better
SYN-1014 : Optimize round 1
SYN-1015 : Optimize round 1, 0 better
RUN-1002 : start command "optimize_gate -no_sch"
RUN-1001 : Open license file F:/ARMChina/license/Anlogic.lic
RUN-1001 : Print Global Property
RUN-1001 : ---------------------------------------------------------------
RUN-1001 :        Parameters        |  Settings  |  Default Values  |  Note  
RUN-1001 : ---------------------------------------------------------------
RUN-1001 :          message         |  standard  |     standard     |        
RUN-1001 :   mixed_pack_place_flow  |     on     |        on        |        
RUN-1001 :        qor_monitor       |    off     |       off        |        
RUN-1001 :        syn_ip_flow       |    off     |       off        |        
RUN-1001 :          thread          |    auto    |       auto       |        
RUN-1001 : ---------------------------------------------------------------
RUN-1001 : Print Gate Property
RUN-1001 : ------------------------------------------------------------------
RUN-1001 :          Parameters         |  Settings  |  Default Values  |  Note  
RUN-1001 : ------------------------------------------------------------------
RUN-1001 :         cascade_dsp         |    off     |       off        |        
RUN-1001 :         cascade_eram        |    off     |       off        |        
RUN-1001 :        gate_sim_model       |    off     |       off        |        
RUN-1001 :        map_sim_model        |    off     |       off        |        
RUN-1001 :         map_strategy        |     1      |        1         |        
RUN-1001 :           opt_area          |   medium   |      medium      |        
RUN-1001 :          opt_timing         |    auto    |       auto       |        
RUN-1001 :         pack_effort         |   medium   |      medium      |        
RUN-1001 :      pack_lslice_ripple     |     on     |        on        |        
RUN-1001 :   pack_lslice_ripple_ratio  |    0.5     |       0.5        |        
RUN-1001 :        pack_seq_in_io       |    auto    |       auto       |        
RUN-1001 :        ph1_mux_ratio        |    1.0     |       1.0        |        
RUN-1001 :            report           |  standard  |     standard     |        
RUN-1001 :           retiming          |    off     |       off        |        
RUN-1001 : ------------------------------------------------------------------
SYN-2001 : Map 12 IOs to PADs
RUN-1002 : start command "update_pll_param -module sd_bmp_hdmi"
SYN-2501 : Processed 0 LOGIC_BUF instances.
SYN-2512 : LOGIC BRAM "auto_chipwatcher_0_logicbram"
SYN-2571 : Optimize after map_dsp, round 1
SYN-2571 : Optimize after map_dsp, round 1, 0 better
SYN-1001 : Throwback 3 control mux instances
SYN-2501 : Optimize round 1
SYN-1016 : Merged 4 instances.
SYN-2501 : Optimize round 1, 10 better
SYN-2501 : Optimize round 2
SYN-2501 : Optimize round 2, 0 better
SYN-2501 : Map 12 macro adder
SYN-1019 : Optimized 5 mux instances.
SYN-1016 : Merged 9 instances.
SYN-1032 : 8116/2 useful/useless nets, 6215/1 useful/useless insts
RUN-1002 : start command "start_timer -prepack"
TMR-2505 : Start building timing graph for model sd_bmp_hdmi.
TMR-2506 : Build timing graph completely. Port num: 9, tpin num: 28876, tnet num: 8116, tinst num: 6214, tnode num: 36703, tedge num: 49367.
TMR-2508 : Levelizing timing graph completed, there are 51 levels in total.
TMR-2501 : Timing graph initialized successfully.
TMR-2503 : Start to update net delay, extr mode = 2.
TMR-2504 : Update delay of 8116 nets completely.
TMR-2502 : Annotate delay completely, extr mode = 2.
TMR-3001 : Initiate 0 clocks from SDC.
TMR-3004 : Map sdc constraints, there are 8 constraints in total.
TMR-3003 : Constraints initiated successfully.
TMR-3501 : Forward propagation: start to calculate arrival time...
TMR-3502 : Backward propagation: start to calculate required time...
TMR-3503 : Timing propagation completes.
SYN-3001 : Running gate level optimization.
SYN-2581 : Mapping with K=5, #lut = 129 (4.02), #lev = 6 (2.34)
SYN-2551 : Post LUT mapping optimization.
SYN-2581 : Mapping with K=5, #lut = 125 (4.13), #lev = 6 (2.31)
SYN-3001 : Logic optimization runtime opt =   0.02 sec, map =   0.00 sec
SYN-3001 : Mapper mapped 370 instances into 125 LUTs, name keeping = 79%.
SYN-1001 : Packing model "sd_bmp_hdmi" ...
SYN-4010 : Pack lib has 58 rtl pack models with 25 top pack blocks
SYN-1014 : Optimize round 1
SYN-1015 : Optimize round 1, 0 better
SYN-4002 : Packing 221 DFF/LATCH to SEQ ...
SYN-4009 : Pack 6 carry chain into lslice
SYN-4007 : Packing 81 adder to BLE ...
SYN-4008 : Packed 81 adder and 0 SEQ to BLE.
SYN-4007 : Packing 0 gate4 to BLE ...
SYN-4008 : Packed 0 gate4 and 0 SEQ to BLE.
SYN-4012 : Packed 0 FxMUX
RUN-1003 : finish command "optimize_gate -no_sch" in  1.716865s wall, 1.125000s user + 0.015625s system = 1.140625s CPU (66.4%)

RUN-1004 : used memory is 204 MB, reserved memory is 176 MB, peak memory is 250 MB
RUN-1002 : start command "legalize_phy_inst"
SYN-1011 : Flatten model sd_bmp_hdmi
KIT-1004 : Compile Chipwatcher: Clear obsolete physical data.
RUN-1003 : finish command "compile_watcher" in  2.749931s wall, 1.875000s user + 0.031250s system = 1.906250s CPU (69.3%)

RUN-1004 : used memory is 204 MB, reserved memory is 176 MB, peak memory is 250 MB
RUN-1002 : start command "place"
RUN-1001 : Open license file F:/ARMChina/license/Anlogic.lic
RUN-1001 : Print Global Property
RUN-1001 : ---------------------------------------------------------------
RUN-1001 :        Parameters        |  Settings  |  Default Values  |  Note  
RUN-1001 : ---------------------------------------------------------------
RUN-1001 :          message         |  standard  |     standard     |        
RUN-1001 :   mixed_pack_place_flow  |     on     |        on        |        
RUN-1001 :        qor_monitor       |    off     |       off        |        
RUN-1001 :        syn_ip_flow       |    off     |       off        |        
RUN-1001 :          thread          |    auto    |       auto       |        
RUN-1001 : ---------------------------------------------------------------
RUN-1001 : Print Place Property
RUN-1001 : --------------------------------------------------------------
RUN-1001 :        Parameters       |  Settings  |  Default Values  |  Note  
RUN-1001 : --------------------------------------------------------------
RUN-1001 :      detailed_place     |     on     |        on        |        
RUN-1001 :          effort         |   medium   |      medium      |        
RUN-1001 :         fix_hold        |    off     |       off        |        
RUN-1001 :       legalization      |    ori     |       ori        |        
RUN-1001 :      new_spreading      |     on     |        on        |        
RUN-1001 :        opt_timing       |   medium   |      medium      |        
RUN-1001 :   post_clock_route_opt  |    off     |       off        |        
RUN-1001 :       pr_strategy       |     1      |        1         |        
RUN-1001 :        relaxation       |    1.00    |       1.00       |        
RUN-1001 :         retiming        |    off     |       off        |        
RUN-1001 : --------------------------------------------------------------
PHY-3001 : Placer runs in 16 thread(s).
RUN-1002 : start command "legalize_phy_inst"
SYN-1011 : Flatten model sd_bmp_hdmi
RUN-1002 : start command "phys_opt -simplify_lut"
SYN-4016 : Net u_ddr3_top/u_sdram_fifo_ctrl/clk_ref driven by BUFG (271 clock/control pins, 1 other pins).
SYN-4016 : Net u_clk_wiz_1/clk0_out driven by BUFG (58 clock/control pins, 1 other pins).
SYN-4016 : Net config_inst_syn_10 driven by BUFG (133 clock/control pins, 0 other pins).
SYN-4027 : Net u_ddr3_top/clk_sdram is clkc1 of pll u_clk_wiz_0/pll_inst.
SYN-4027 : Net u_ddr3_top/u_sdram_fifo_ctrl/wrfifo/clkw is clkc3 of pll u_clk_wiz_0/pll_inst.
SYN-4027 : Net u_sd_ctrl_top/u_sd_read/clk_ref_180deg is clkc4 of pll u_clk_wiz_0/pll_inst.
SYN-4019 : Net sys_clk_dup_1 is refclk of pll u_clk_wiz_0/pll_inst.
SYN-4020 : Net sys_clk_dup_1 is fbclk of pll u_clk_wiz_0/pll_inst.
SYN-4027 : Net u_hdmi_top/debayer_h/pclk is clkc1 of pll u_clk_wiz_1/pll_inst.
SYN-4019 : Net sys_clk_dup_1 is refclk of pll u_clk_wiz_1/pll_inst.
SYN-4020 : Net sys_clk_dup_1 is fbclk of pll u_clk_wiz_1/pll_inst.
SYN-4024 : Net "u_sd_ctrl_top/u_sd_init/div_clk" drives clk pins.
SYN-4025 : Tag rtl::Net config_inst_syn_10 as clock net
SYN-4025 : Tag rtl::Net sys_clk_dup_1 as clock net
SYN-4025 : Tag rtl::Net u_clk_wiz_1/clk0_out as clock net
SYN-4025 : Tag rtl::Net u_ddr3_top/clk_sdram as clock net
SYN-4025 : Tag rtl::Net u_ddr3_top/u_sdram_fifo_ctrl/clk_ref as clock net
SYN-4025 : Tag rtl::Net u_ddr3_top/u_sdram_fifo_ctrl/wrfifo/clkw as clock net
SYN-4025 : Tag rtl::Net u_hdmi_top/debayer_h/pclk as clock net
SYN-4025 : Tag rtl::Net u_sd_ctrl_top/u_sd_init/div_clk as clock net
SYN-4025 : Tag rtl::Net u_sd_ctrl_top/u_sd_read/clk_ref_180deg as clock net
SYN-4026 : Tagged 9 rtl::Net as clock net
SYN-4015 : Create BUFG instance for clk Net u_sd_ctrl_top/u_sd_init/div_clk to drive 101 clock pins.
PHY-1001 : Populate physical database on model sd_bmp_hdmi.
RUN-1001 : There are total 5699 instances
RUN-0007 : 1947 luts, 2421 seqs, 800 mslices, 435 lslices, 71 pads, 16 brams, 0 dsps
RUN-1001 : There are total 7600 nets
RUN-1001 : 5402 nets have 2 pins
RUN-1001 : 1598 nets have [3 - 5] pins
RUN-1001 : 380 nets have [6 - 10] pins
RUN-1001 : 165 nets have [11 - 20] pins
RUN-1001 : 42 nets have [21 - 99] pins
RUN-1001 : 13 nets have 100+ pins
RUN-1001 : Report Control nets information:
RUN-1001 : DFF Distribution
RUN-1001 : ----------------------------------
RUN-1001 :   CE   |  SSR  |  ASR  |  DFF Count  
RUN-1001 : ----------------------------------
RUN-1001 :   No   |  No   |  No   |     123     
RUN-1001 :   No   |  No   |  Yes  |    1784     
RUN-1001 :   No   |  Yes  |  No   |     64      
RUN-1001 :   Yes  |  No   |  No   |     19      
RUN-1001 :   Yes  |  No   |  Yes  |     431     
RUN-1001 :   Yes  |  Yes  |  No   |      0      
RUN-1001 : ----------------------------------
RUN-0007 : Control Group Statistic
RUN-0007 : ---------------------------
RUN-0007 :   #CLK  |  #CE  |  #SSR/ASR  
RUN-0007 : ---------------------------
RUN-0007 :    9    |  22   |     14     
RUN-0007 : ---------------------------
RUN-0007 : Control Set = 44
PHY-3001 : Initial placement ...
PHY-3001 : design contains 5697 instances, 1947 luts, 2421 seqs, 1235 slices, 288 macros(1235 instances: 800 mslices 435 lslices)
PHY-3001 : Huge net u_hdmi_top/sys_rst_n with 1489 pins
PHY-0007 : Cell area utilization is 22%
PHY-3001 : Start timing update ...
RUN-1002 : start command "start_timer -report"
TMR-2505 : Start building timing graph for model sd_bmp_hdmi.
TMR-2506 : Build timing graph completely. Port num: 9, tpin num: 27754, tnet num: 7598, tinst num: 5697, tnode num: 35482, tedge num: 48253.
TMR-2508 : Levelizing timing graph completed, there are 29 levels in total.
TMR-2501 : Timing graph initialized successfully.
TMR-2503 : Start to update net delay, extr mode = 2.
TMR-2504 : Update delay of 7598 nets completely.
TMR-2502 : Annotate delay completely, extr mode = 2.
TMR-3001 : Initiate 0 clocks from SDC.
TMR-3004 : Map sdc constraints, there are 8 constraints in total.
TMR-3003 : Constraints initiated successfully.
TMR-3501 : Forward propagation: start to calculate arrival time...
TMR-3502 : Backward propagation: start to calculate required time...
TMR-3503 : Timing propagation completes.
PHY-3001 : End timing update;  0.842752s wall, 0.578125s user + 0.000000s system = 0.578125s CPU (68.6%)

PHY-3001 : Global placement ...
PHY-3001 : Initial: Len = 1.81856e+06
PHY-3001 : Clustering ...
PHY-3001 : Level 0 #clusters 5697.
PHY-3001 : End clustering;  0.000037s wall, 0.000000s user + 0.000000s system = 0.000000s CPU (n/a%)

PHY-3001 : Run with size of 4
PHY-3001 : Cell area utilization is 22%
PHY-3001 : :::0::: Try harder cell spreading with beta_ = 0
PHY-3002 : Step(1): len = 1.14751e+06, overlap = 38.25
PHY-3002 : Step(2): len = 941247, overlap = 37.125
PHY-3002 : Step(3): len = 569592, overlap = 52.125
PHY-3002 : Step(4): len = 488111, overlap = 45.25
PHY-3002 : Step(5): len = 390392, overlap = 83.0312
PHY-3002 : Step(6): len = 340058, overlap = 88.7812
PHY-3002 : Step(7): len = 301761, overlap = 103.438
PHY-3002 : Step(8): len = 270702, overlap = 112.094
PHY-3002 : Step(9): len = 248729, overlap = 131.188
PHY-3002 : Step(10): len = 228966, overlap = 147.562
PHY-3002 : Step(11): len = 213549, overlap = 173.781
PHY-3002 : Step(12): len = 196873, overlap = 199.031
PHY-3002 : Step(13): len = 182448, overlap = 219.125
PHY-3002 : Step(14): len = 172479, overlap = 234.469
PHY-3002 : Step(15): len = 163343, overlap = 240.281
PHY-3002 : Step(16): len = 158171, overlap = 259.344
PHY-3001 : :::1::: Try harder cell spreading with beta_ = 1.59663e-05
PHY-3002 : Step(17): len = 161136, overlap = 215.938
PHY-3002 : Step(18): len = 166886, overlap = 190.688
PHY-3002 : Step(19): len = 172574, overlap = 169.875
PHY-3002 : Step(20): len = 177435, overlap = 119.031
PHY-3002 : Step(21): len = 177707, overlap = 106.062
PHY-3002 : Step(22): len = 169298, overlap = 107.375
PHY-3002 : Step(23): len = 166063, overlap = 117.219
PHY-3002 : Step(24): len = 161185, overlap = 119.031
PHY-3002 : Step(25): len = 158962, overlap = 114.094
PHY-3002 : Step(26): len = 156178, overlap = 118.344
PHY-3002 : Step(27): len = 152853, overlap = 126.281
PHY-3002 : Step(28): len = 150836, overlap = 132.75
PHY-3002 : Step(29): len = 148012, overlap = 137.594
PHY-3002 : Step(30): len = 146477, overlap = 138.531
PHY-3002 : Step(31): len = 144796, overlap = 149.5
PHY-3002 : Step(32): len = 143157, overlap = 165.688
PHY-3002 : Step(33): len = 142014, overlap = 169.719
PHY-3002 : Step(34): len = 141285, overlap = 166.844
PHY-3002 : Step(35): len = 138300, overlap = 180.469
PHY-3002 : Step(36): len = 138057, overlap = 183.938
PHY-3002 : Step(37): len = 136392, overlap = 202.375
PHY-3002 : Step(38): len = 135289, overlap = 207.219
PHY-3002 : Step(39): len = 134414, overlap = 217.375
PHY-3001 : :::2::: Try harder cell spreading with beta_ = 3.19327e-05
PHY-3002 : Step(40): len = 134419, overlap = 212.5
PHY-3002 : Step(41): len = 134545, overlap = 210.281
PHY-3002 : Step(42): len = 134973, overlap = 210
PHY-3001 : :::3::: Try harder cell spreading with beta_ = 6.38653e-05
PHY-3002 : Step(43): len = 135500, overlap = 216.094
PHY-3002 : Step(44): len = 135712, overlap = 209.156
PHY-3002 : Step(45): len = 136563, overlap = 202.438
PHY-3001 : :::4::: Try harder cell spreading with beta_ = 0.000103334
PHY-3002 : Step(46): len = 137818, overlap = 189.438
PHY-3002 : Step(47): len = 138508, overlap = 193.875
PHY-3002 : Step(48): len = 139264, overlap = 191.969
PHY-3002 : Step(49): len = 140359, overlap = 187.344
PHY-3002 : Step(50): len = 142576, overlap = 181.562
PHY-3002 : Step(51): len = 143443, overlap = 177.062
PHY-3002 : Step(52): len = 143664, overlap = 178.062
PHY-3002 : Step(53): len = 143345, overlap = 174.125
PHY-3001 : :::5::: Try harder cell spreading with beta_ = 0.000206668
PHY-3002 : Step(54): len = 143721, overlap = 168.781
PHY-3002 : Step(55): len = 144180, overlap = 166.844
PHY-3002 : Step(56): len = 144376, overlap = 165.406
PHY-3001 : Legalization ...
PHY-3001 : End legalization;  0.029952s wall, 0.015625s user + 0.000000s system = 0.015625s CPU (52.2%)

PHY-3001 : Run with size of 4
PHY-3001 : Cell area utilization is 27%
PHY-3001 : Update timing in Manhattan mode ...
TMR-2503 : Start to update net delay, extr mode = 3.
TMR-2504 : Update delay of 7598 nets completely.
TMR-2502 : Annotate delay completely, extr mode = 3.
TMR-3501 : Forward propagation: start to calculate arrival time...
TMR-3502 : Backward propagation: start to calculate required time...
TMR-3503 : Timing propagation completes.
PHY-3001 : End timing update;  0.180596s wall, 0.171875s user + 0.000000s system = 0.171875s CPU (95.2%)

PHY-3001 : :::0::: Try harder cell spreading with beta_ = 3.74823e-06
PHY-3002 : Step(57): len = 150950, overlap = 266.094
PHY-3002 : Step(58): len = 151124, overlap = 268.281
PHY-3002 : Step(59): len = 146062, overlap = 296.906
PHY-3002 : Step(60): len = 145967, overlap = 296.281
PHY-3002 : Step(61): len = 141569, overlap = 302.031
PHY-3002 : Step(62): len = 141051, overlap = 302.188
PHY-3002 : Step(63): len = 138873, overlap = 309.844
PHY-3002 : Step(64): len = 138846, overlap = 305.531
PHY-3002 : Step(65): len = 139044, overlap = 303.125
PHY-3001 : :::1::: Try harder cell spreading with beta_ = 7.49646e-06
PHY-3002 : Step(66): len = 138225, overlap = 299.75
PHY-3002 : Step(67): len = 138333, overlap = 299.031
PHY-3002 : Step(68): len = 138468, overlap = 299.719
PHY-3001 : :::2::: Try harder cell spreading with beta_ = 1.49929e-05
PHY-3002 : Step(69): len = 142403, overlap = 276.094
PHY-3002 : Step(70): len = 142973, overlap = 268.688
PHY-3002 : Step(71): len = 149330, overlap = 219.906
PHY-3002 : Step(72): len = 151682, overlap = 197.125
PHY-3002 : Step(73): len = 153304, overlap = 193.938
PHY-3001 : :::3::: Try harder cell spreading with beta_ = 2.99858e-05
PHY-3002 : Step(74): len = 152321, overlap = 190.625
PHY-3002 : Step(75): len = 152300, overlap = 190.031
PHY-3002 : Step(76): len = 152324, overlap = 182.125
PHY-3002 : Step(77): len = 153532, overlap = 166.875
PHY-3002 : Step(78): len = 153020, overlap = 162.906
PHY-3002 : Step(79): len = 153097, overlap = 163.312
PHY-3002 : Step(80): len = 153185, overlap = 165.281
PHY-3001 : :::4::: Try harder cell spreading with beta_ = 5.99717e-05
PHY-3002 : Step(81): len = 155564, overlap = 152.906
PHY-3002 : Step(82): len = 156080, overlap = 151.438
PHY-3002 : Step(83): len = 159424, overlap = 143.75
PHY-3001 : :::5::: Try harder cell spreading with beta_ = 0.000119943
PHY-3002 : Step(84): len = 161837, overlap = 132.812
PHY-3002 : Step(85): len = 162652, overlap = 129.469
PHY-3002 : Step(86): len = 167111, overlap = 121.5
PHY-3002 : Step(87): len = 169785, overlap = 107.469
PHY-3002 : Step(88): len = 163824, overlap = 117.312
PHY-3002 : Step(89): len = 163120, overlap = 117.031
PHY-3002 : Step(90): len = 160060, overlap = 116.312
PHY-3001 : :::6::: Try harder cell spreading with beta_ = 0.000239887
PHY-3002 : Step(91): len = 164078, overlap = 107.781
PHY-3002 : Step(92): len = 165190, overlap = 107.156
PHY-3002 : Step(93): len = 166764, overlap = 99.5938
PHY-3001 : :::7::: Try harder cell spreading with beta_ = 0.000479774
PHY-3002 : Step(94): len = 166448, overlap = 99.7812
PHY-3002 : Step(95): len = 166441, overlap = 100.375
PHY-3002 : Step(96): len = 166548, overlap = 97.4062
PHY-3001 : Run with size of 2
PHY-3001 : Cell area utilization is 27%
PHY-3001 : Update timing in Manhattan mode ...
TMR-2503 : Start to update net delay, extr mode = 3.
TMR-2504 : Update delay of 7598 nets completely.
TMR-2502 : Annotate delay completely, extr mode = 3.
TMR-3501 : Forward propagation: start to calculate arrival time...
TMR-3502 : Backward propagation: start to calculate required time...
TMR-3503 : Timing propagation completes.
PHY-3001 : End timing update;  0.155667s wall, 0.156250s user + 0.000000s system = 0.156250s CPU (100.4%)

PHY-3001 : :::0::: Try harder cell spreading with beta_ = 2.34926e-05
PHY-3002 : Step(97): len = 170198, overlap = 241.031
PHY-3002 : Step(98): len = 171595, overlap = 230.5
PHY-3002 : Step(99): len = 167339, overlap = 205.844
PHY-3002 : Step(100): len = 167285, overlap = 202.469
PHY-3002 : Step(101): len = 162208, overlap = 212.031
PHY-3002 : Step(102): len = 161829, overlap = 215.031
PHY-3002 : Step(103): len = 158822, overlap = 206.906
PHY-3002 : Step(104): len = 158494, overlap = 206.781
PHY-3002 : Step(105): len = 156466, overlap = 205.531
PHY-3002 : Step(106): len = 154880, overlap = 203.844
PHY-3002 : Step(107): len = 154880, overlap = 203.844
PHY-3002 : Step(108): len = 154280, overlap = 204.844
PHY-3001 : :::1::: Try harder cell spreading with beta_ = 4.69852e-05
PHY-3002 : Step(109): len = 158090, overlap = 187.781
PHY-3002 : Step(110): len = 158090, overlap = 187.781
PHY-3002 : Step(111): len = 157507, overlap = 193.938
PHY-3001 : :::2::: Try harder cell spreading with beta_ = 9.39704e-05
PHY-3002 : Step(112): len = 163168, overlap = 170.688
PHY-3002 : Step(113): len = 164627, overlap = 163.5
PHY-3002 : Step(114): len = 168245, overlap = 160.219
PHY-3002 : Step(115): len = 164633, overlap = 160.031
PHY-3002 : Step(116): len = 164633, overlap = 160.031
PHY-3002 : Step(117): len = 164710, overlap = 155.906
PHY-3001 : :::3::: Try harder cell spreading with beta_ = 0.000187941
PHY-3002 : Step(118): len = 169551, overlap = 145.188
PHY-3002 : Step(119): len = 170750, overlap = 139.219
PHY-3002 : Step(120): len = 173669, overlap = 129.156
PHY-3002 : Step(121): len = 173504, overlap = 125.156
PHY-3002 : Step(122): len = 173490, overlap = 124.312
PHY-3002 : Step(123): len = 172854, overlap = 124.25
OPT-1001 : Start physical optimization ...
RUN-1002 : start command "start_timer -report"
TMR-2505 : Start building timing graph for model sd_bmp_hdmi.
TMR-2506 : Build timing graph completely. Port num: 9, tpin num: 27754, tnet num: 7598, tinst num: 5697, tnode num: 35482, tedge num: 48253.
TMR-2508 : Levelizing timing graph completed, there are 29 levels in total.
TMR-2501 : Timing graph initialized successfully.
OPT-1001 : Total overflow 357.66 peak overflow 4.47
OPT-1001 : Start high-fanout net optimization ...
OPT-1001 : Update timing in global mode
PHY-1001 : Start incremental global routing, caller is place ...
RUN-1001 : Generating global routing grids ...
RUN-1001 : Building simple global routing graph ...
PHY-1001 : Generate routing nets ...
PHY-1001 : Reuse net number 0/7600.
PHY-1001 : Global iterations in 16 thread ...
PHY-1002 : len = 199144, over cnt = 989(2%), over = 3918, worst = 20
PHY-1001 : End global iterations;  0.366183s wall, 0.203125s user + 0.015625s system = 0.218750s CPU (59.7%)

PHY-1001 : Congestion index: top1 = 54.59, top5 = 42.22, top10 = 35.54, top15 = 31.05.
PHY-1001 : End incremental global routing;  0.482974s wall, 0.250000s user + 0.031250s system = 0.281250s CPU (58.2%)

TMR-2503 : Start to update net delay, extr mode = 5.
TMR-2504 : Update delay of 7598 nets completely.
TMR-2502 : Annotate delay completely, extr mode = 5.
TMR-3001 : Initiate 0 clocks from SDC.
TMR-3004 : Map sdc constraints, there are 8 constraints in total.
TMR-3003 : Constraints initiated successfully.
TMR-3501 : Forward propagation: start to calculate arrival time...
TMR-3502 : Backward propagation: start to calculate required time...
TMR-3503 : Timing propagation completes.
OPT-1001 : End timing update;  0.213404s wall, 0.156250s user + 0.000000s system = 0.156250s CPU (73.2%)

OPT-1001 : 0 high-fanout net processed.
OPT-1001 : End high-fanout net optimization;  0.828591s wall, 0.500000s user + 0.031250s system = 0.531250s CPU (64.1%)

OPT-1001 : Current memory(MB): used = 306, reserve = 272, peak = 306.
OPT-1001 : Start global optimization ...
OPT-1001 : Start congestion update ...
RUN-1001 : Generating global routing grids ...
PHY-1001 : Generate routing nets ...
PHY-1001 : Reuse net number 5852/7600.
PHY-1001 : Global iterations in 16 thread ...
PHY-1002 : len = 199144, over cnt = 989(2%), over = 3918, worst = 20
PHY-1002 : len = 217696, over cnt = 724(2%), over = 2103, worst = 18
PHY-1002 : len = 239480, over cnt = 183(0%), over = 466, worst = 17
PHY-1002 : len = 243744, over cnt = 46(0%), over = 82, worst = 11
PHY-1002 : len = 245304, over cnt = 0(0%), over = 0, worst = 0
PHY-1001 : End global iterations;  0.590851s wall, 0.328125s user + 0.015625s system = 0.343750s CPU (58.2%)

PHY-1001 : Congestion index: top1 = 47.24, top5 = 39.99, top10 = 35.54, top15 = 32.08.
OPT-1001 : End congestion update;  0.700562s wall, 0.390625s user + 0.015625s system = 0.406250s CPU (58.0%)

OPT-1001 : Update timing in Manhattan mode
TMR-2503 : Start to update net delay, extr mode = 3.
TMR-2504 : Update delay of 7598 nets completely.
TMR-2502 : Annotate delay completely, extr mode = 3.
TMR-3501 : Forward propagation: start to calculate arrival time...
TMR-3502 : Backward propagation: start to calculate required time...
TMR-3503 : Timing propagation completes.
OPT-1001 : End timing update;  0.158321s wall, 0.078125s user + 0.000000s system = 0.078125s CPU (49.3%)

OPT-0007 : Start: WNS 999120 TNS 0 NUM_FEPS 0
OPT-1001 : End global optimization;  0.859119s wall, 0.468750s user + 0.015625s system = 0.484375s CPU (56.4%)

OPT-1001 : Current memory(MB): used = 311, reserve = 277, peak = 311.
OPT-1001 : End physical optimization;  2.617455s wall, 1.593750s user + 0.062500s system = 1.656250s CPU (63.3%)

PHY-3001 : Start packing ...
SYN-4007 : Packing 0 MUX to BLE ...
SYN-4008 : Packed 0 MUX and 0 SEQ to BLE.
SYN-4007 : Packing 1947 LUT to BLE ...
SYN-4008 : Packed 1947 LUT and 1197 SEQ to BLE.
SYN-4003 : Packing 1224 remaining SEQ's ...
SYN-4005 : Packed 675 SEQ with LUT/SLICE
SYN-4006 : 334 single LUT's are left
SYN-4006 : 549 single SEQ's are left
SYN-4011 : Packing model "sd_bmp_hdmi" (AL_USER_NORMAL) with 2496/3987 primitive instances ...
PHY-3001 : End packing;  0.256877s wall, 0.187500s user + 0.000000s system = 0.187500s CPU (73.0%)

PHY-1001 : Populate physical database on model sd_bmp_hdmi.
RUN-1001 : There are total 2669 instances
RUN-1001 : 1287 mslices, 1286 lslices, 71 pads, 16 brams, 0 dsps
RUN-1001 : There are total 6502 nets
RUN-1001 : 4329 nets have 2 pins
RUN-1001 : 1558 nets have [3 - 5] pins
RUN-1001 : 402 nets have [6 - 10] pins
RUN-1001 : 159 nets have [11 - 20] pins
RUN-1001 : 44 nets have [21 - 99] pins
RUN-1001 : 10 nets have 100+ pins
PHY-3001 : design contains 2667 instances, 2573 slices, 288 macros(1235 instances: 800 mslices 435 lslices)
PHY-3001 : Cell area utilization is 32%
PHY-3001 : After packing: Len = 176669, Over = 173.75
PHY-3001 : Run with size of 2
PHY-3001 : Cell area utilization is 32%
PHY-3001 : Update timing in Manhattan mode ...
RUN-1002 : start command "start_timer -report"
TMR-2505 : Start building timing graph for model sd_bmp_hdmi.
TMR-2506 : Build timing graph completely. Port num: 9, tpin num: 23416, tnet num: 6500, tinst num: 2667, tnode num: 28852, tedge num: 43148.
TMR-2508 : Levelizing timing graph completed, there are 29 levels in total.
TMR-2501 : Timing graph initialized successfully.
TMR-2503 : Start to update net delay, extr mode = 3.
TMR-2504 : Update delay of 6500 nets completely.
TMR-2502 : Annotate delay completely, extr mode = 3.
TMR-3001 : Initiate 0 clocks from SDC.
TMR-3004 : Map sdc constraints, there are 8 constraints in total.
TMR-3003 : Constraints initiated successfully.
TMR-3501 : Forward propagation: start to calculate arrival time...
TMR-3502 : Backward propagation: start to calculate required time...
TMR-3503 : Timing propagation completes.
PHY-3001 : End timing update;  1.017943s wall, 0.781250s user + 0.000000s system = 0.781250s CPU (76.7%)

PHY-3001 : :::0::: Try harder cell spreading with beta_ = 2.33057e-05
PHY-3002 : Step(124): len = 174841, overlap = 174.5
PHY-3002 : Step(125): len = 174450, overlap = 176.25
PHY-3002 : Step(126): len = 172680, overlap = 169.75
PHY-3002 : Step(127): len = 171135, overlap = 174.75
PHY-3002 : Step(128): len = 170197, overlap = 174.5
PHY-3002 : Step(129): len = 168584, overlap = 177.75
PHY-3002 : Step(130): len = 167899, overlap = 180
PHY-3002 : Step(131): len = 166852, overlap = 184.25
PHY-3002 : Step(132): len = 166137, overlap = 183.5
PHY-3002 : Step(133): len = 165779, overlap = 183
PHY-3001 : :::1::: Try harder cell spreading with beta_ = 4.66115e-05
PHY-3002 : Step(134): len = 167986, overlap = 173.5
PHY-3002 : Step(135): len = 168766, overlap = 173.75
PHY-3002 : Step(136): len = 172398, overlap = 163.75
PHY-3002 : Step(137): len = 174102, overlap = 160
PHY-3002 : Step(138): len = 175075, overlap = 157.5
PHY-3001 : :::2::: Try harder cell spreading with beta_ = 9.32229e-05
PHY-3002 : Step(139): len = 179416, overlap = 152.75
PHY-3002 : Step(140): len = 180182, overlap = 152.75
PHY-3002 : Step(141): len = 181436, overlap = 152
PHY-3002 : Step(142): len = 182072, overlap = 149.75
PHY-3002 : Step(143): len = 183707, overlap = 144
PHY-3001 : Legalization ...
PHY-3001 : End legalization;  0.650445s wall, 0.046875s user + 0.125000s system = 0.171875s CPU (26.4%)

PHY-3001 : Trial Legalized: Len = 227318
PHY-3001 : Run with size of 2
PHY-3001 : Cell area utilization is 30%
PHY-3001 : Update timing in Manhattan mode ...
TMR-2503 : Start to update net delay, extr mode = 3.
TMR-2504 : Update delay of 6500 nets completely.
TMR-2502 : Annotate delay completely, extr mode = 3.
TMR-3501 : Forward propagation: start to calculate arrival time...
TMR-3502 : Backward propagation: start to calculate required time...
TMR-3503 : Timing propagation completes.
PHY-3001 : End timing update;  0.146481s wall, 0.093750s user + 0.000000s system = 0.093750s CPU (64.0%)

PHY-3001 : :::0::: Try harder cell spreading with beta_ = 0.00014566
PHY-3002 : Step(144): len = 215701, overlap = 10.75
PHY-3002 : Step(145): len = 204836, overlap = 37
PHY-3002 : Step(146): len = 201369, overlap = 47
PHY-3002 : Step(147): len = 199290, overlap = 53
PHY-3002 : Step(148): len = 198281, overlap = 55.25
PHY-3002 : Step(149): len = 197421, overlap = 58.25
PHY-3002 : Step(150): len = 197164, overlap = 58.25
PHY-3002 : Step(151): len = 196796, overlap = 59.5
PHY-3001 : :::1::: Try harder cell spreading with beta_ = 0.00029132
PHY-3002 : Step(152): len = 198653, overlap = 59.25
PHY-3002 : Step(153): len = 200624, overlap = 57
PHY-3002 : Step(154): len = 202201, overlap = 54.5
PHY-3001 : :::2::: Try harder cell spreading with beta_ = 0.00058264
PHY-3002 : Step(155): len = 203551, overlap = 51
PHY-3002 : Step(156): len = 205427, overlap = 50
PHY-3002 : Step(157): len = 208458, overlap = 47
PHY-3002 : Step(158): len = 209596, overlap = 46.25
PHY-3002 : Step(159): len = 209990, overlap = 45.5
PHY-3001 : Legalization ...
PHY-3001 : End legalization;  0.007655s wall, 0.000000s user + 0.000000s system = 0.000000s CPU (n/a%)

PHY-3001 : Legalized: Len = 220597, Over = 0
PHY-3001 : Spreading special nets. 32 overflows in 2952 tiles.
PHY-3001 : End spreading;  0.022621s wall, 0.015625s user + 0.000000s system = 0.015625s CPU (69.1%)

PHY-3001 : 46 instances has been re-located, deltaX = 13, deltaY = 31, maxDist = 2.
PHY-3001 : Final: Len = 221489, Over = 0
PHY-3001 : BANK 6 DIFFRESISTOR:NONE VOD:350M VCM:1.2
OPT-1001 : Start physical optimization ...
RUN-1002 : start command "start_timer -report"
TMR-2505 : Start building timing graph for model sd_bmp_hdmi.
TMR-2506 : Build timing graph completely. Port num: 9, tpin num: 23416, tnet num: 6500, tinst num: 2668, tnode num: 28852, tedge num: 43148.
TMR-2508 : Levelizing timing graph completed, there are 29 levels in total.
TMR-2501 : Timing graph initialized successfully.
OPT-1001 : Total overflow 0.00 peak overflow 0.00
OPT-1001 : Start high-fanout net optimization ...
OPT-1001 : Update timing in global mode
PHY-1001 : Start incremental global routing, caller is place ...
RUN-1001 : Generating global routing grids ...
PHY-1001 : Generate routing nets ...
PHY-1001 : Reuse net number 166/6502.
PHY-1001 : Global iterations in 16 thread ...
PHY-1002 : len = 260568, over cnt = 795(2%), over = 1254, worst = 7
PHY-1002 : len = 265528, over cnt = 430(1%), over = 577, worst = 7
PHY-1002 : len = 270512, over cnt = 143(0%), over = 191, worst = 6
PHY-1002 : len = 272120, over cnt = 39(0%), over = 48, worst = 3
PHY-1002 : len = 272712, over cnt = 0(0%), over = 0, worst = 0
PHY-1001 : End global iterations;  0.797613s wall, 0.468750s user + 0.015625s system = 0.484375s CPU (60.7%)

PHY-1001 : Congestion index: top1 = 38.81, top5 = 34.35, top10 = 31.15, top15 = 28.90.
PHY-1001 : End incremental global routing;  0.953997s wall, 0.562500s user + 0.015625s system = 0.578125s CPU (60.6%)

TMR-2503 : Start to update net delay, extr mode = 5.
TMR-2504 : Update delay of 6500 nets completely.
TMR-2502 : Annotate delay completely, extr mode = 5.
TMR-3001 : Initiate 0 clocks from SDC.
TMR-3004 : Map sdc constraints, there are 8 constraints in total.
TMR-3003 : Constraints initiated successfully.
TMR-3501 : Forward propagation: start to calculate arrival time...
TMR-3502 : Backward propagation: start to calculate required time...
TMR-3503 : Timing propagation completes.
OPT-1001 : End timing update;  0.200660s wall, 0.156250s user + 0.000000s system = 0.156250s CPU (77.9%)

OPT-1001 : 0 high-fanout net processed.
OPT-1001 : End high-fanout net optimization;  1.277449s wall, 0.812500s user + 0.015625s system = 0.828125s CPU (64.8%)

OPT-1001 : Current memory(MB): used = 318, reserve = 285, peak = 318.
OPT-1001 : Start path based optimization ...
OPT-1001 : Start congestion update ...
RUN-1001 : Generating global routing grids ...
PHY-1001 : Generate routing nets ...
PHY-1001 : Reuse net number 5714/6502.
PHY-1001 : Global iterations in 16 thread ...
PHY-1002 : len = 272712, over cnt = 0(0%), over = 0, worst = 0
PHY-1001 : End global iterations;  0.037900s wall, 0.031250s user + 0.000000s system = 0.031250s CPU (82.5%)

PHY-1001 : Congestion index: top1 = 38.81, top5 = 34.35, top10 = 31.15, top15 = 28.90.
OPT-1001 : End congestion update;  0.185207s wall, 0.093750s user + 0.000000s system = 0.093750s CPU (50.6%)

OPT-1001 : Update timing in Manhattan mode
TMR-2503 : Start to update net delay, extr mode = 3.
TMR-2504 : Update delay of 6500 nets completely.
TMR-2502 : Annotate delay completely, extr mode = 3.
TMR-3501 : Forward propagation: start to calculate arrival time...
TMR-3502 : Backward propagation: start to calculate required time...
TMR-3503 : Timing propagation completes.
OPT-1001 : End timing update;  0.152978s wall, 0.156250s user + 0.000000s system = 0.156250s CPU (102.1%)

OPT-0007 : Start: WNS 998995 TNS 0 NUM_FEPS 0
OPT-1001 : End path based optimization;  0.338435s wall, 0.250000s user + 0.000000s system = 0.250000s CPU (73.9%)

OPT-1001 : Current memory(MB): used = 320, reserve = 288, peak = 320.
OPT-1001 : Update timing in Manhattan mode
TMR-2503 : Start to update net delay, extr mode = 3.
TMR-2504 : Update delay of 6500 nets completely.
TMR-2502 : Annotate delay completely, extr mode = 3.
TMR-3501 : Forward propagation: start to calculate arrival time...
TMR-3502 : Backward propagation: start to calculate required time...
TMR-3503 : Timing propagation completes.
OPT-1001 : End timing update;  0.142005s wall, 0.125000s user + 0.000000s system = 0.125000s CPU (88.0%)

OPT-1001 : Start pin optimization...
OPT-1001 : skip pin optimization...
RUN-1001 : Generating global routing grids ...
PHY-1001 : Generate routing nets ...
PHY-1001 : Reuse net number 5714/6502.
PHY-1001 : Global iterations in 16 thread ...
PHY-1002 : len = 272712, over cnt = 0(0%), over = 0, worst = 0
PHY-1001 : End global iterations;  0.035944s wall, 0.062500s user + 0.000000s system = 0.062500s CPU (173.9%)

PHY-1001 : Congestion index: top1 = 38.81, top5 = 34.35, top10 = 31.15, top15 = 28.90.
OPT-1001 : Update timing in Manhattan mode
TMR-2503 : Start to update net delay, extr mode = 3.
TMR-2504 : Update delay of 6500 nets completely.
TMR-2502 : Annotate delay completely, extr mode = 3.
TMR-3501 : Forward propagation: start to calculate arrival time...
TMR-3502 : Backward propagation: start to calculate required time...
TMR-3503 : Timing propagation completes.
OPT-1001 : End timing update;  0.138033s wall, 0.140625s user + 0.000000s system = 0.140625s CPU (101.9%)

RUN-1001 : QoR Analysis:
OPT-0007 :   WNS 998995 TNS 0 NUM_FEPS 0
RUN-1001 :   No local congestion issue, and most congested 1% tile average routing util is 38.310345
RUN-1001 :   Top critical paths
OPT-1001 : End physical optimization;  3.008789s wall, 2.171875s user + 0.015625s system = 2.187500s CPU (72.7%)

RUN-1003 : finish command "place" in  17.015152s wall, 9.281250s user + 2.281250s system = 11.562500s CPU (68.0%)

RUN-1004 : used memory is 302 MB, reserved memory is 269 MB, peak memory is 321 MB
RUN-1002 : start command "export_db SD-SDRAM-ISP-HDMI_place.db"
RUN-1001 : Exported /
RUN-1001 : Exported flow parameters
RUN-1001 : Exported libs
RUN-1001 : Exported entities
RUN-1001 : Exported ports
RUN-1001 : Exported pins
RUN-1001 : Exported instances
RUN-1001 : Exported nets
RUN-1001 : Exported buses
RUN-1001 : Exported models
RUN-1001 : Exported congestions
RUN-1001 : Exported violations
RUN-1001 : Exported timing constraints
RUN-1001 : Exported IO constraints
RUN-1001 : Exported Inst constraints
RUN-1001 : Exported ChipWatcher
RUN-1002 : start command "route"
RUN-1001 : Open license file F:/ARMChina/license/Anlogic.lic
RUN-1001 : Print Global Property
RUN-1001 : ---------------------------------------------------------------
RUN-1001 :        Parameters        |  Settings  |  Default Values  |  Note  
RUN-1001 : ---------------------------------------------------------------
RUN-1001 :          message         |  standard  |     standard     |        
RUN-1001 :   mixed_pack_place_flow  |     on     |        on        |        
RUN-1001 :        qor_monitor       |    off     |       off        |        
RUN-1001 :        syn_ip_flow       |    off     |       off        |        
RUN-1001 :          thread          |    auto    |       auto       |        
RUN-1001 : ---------------------------------------------------------------
RUN-1001 : Print Route Property
RUN-1001 : -------------------------------------------------------
RUN-1001 :    Parameters    |  Settings  |  Default Values  |  Note  
RUN-1001 : -------------------------------------------------------
RUN-1001 :      effort      |   medium   |      medium      |        
RUN-1001 :     fix_hold     |    off     |       off        |        
RUN-1001 :    opt_timing    |   medium   |      medium      |        
RUN-1001 :   phy_sim_model  |    off     |       off        |        
RUN-1001 :     priority     |   timing   |      timing      |        
RUN-1001 :     swap_pin     |     on     |        on        |        
RUN-1001 : -------------------------------------------------------
PHY-1001 : Route runs in 16 thread(s)
RUN-1001 : There are total 2670 instances
RUN-1001 : 1287 mslices, 1286 lslices, 71 pads, 16 brams, 0 dsps
RUN-1001 : There are total 6502 nets
RUN-1001 : 4329 nets have 2 pins
RUN-1001 : 1558 nets have [3 - 5] pins
RUN-1001 : 402 nets have [6 - 10] pins
RUN-1001 : 159 nets have [11 - 20] pins
RUN-1001 : 44 nets have [21 - 99] pins
RUN-1001 : 10 nets have 100+ pins
RUN-1002 : start command "start_timer -report"
TMR-2505 : Start building timing graph for model sd_bmp_hdmi.
TMR-2506 : Build timing graph completely. Port num: 9, tpin num: 23416, tnet num: 6500, tinst num: 2668, tnode num: 28852, tedge num: 43148.
TMR-2508 : Levelizing timing graph completed, there are 29 levels in total.
TMR-2501 : Timing graph initialized successfully.
PHY-1001 : 1287 mslices, 1286 lslices, 71 pads, 16 brams, 0 dsps
TMR-2503 : Start to update net delay, extr mode = 3.
TMR-2504 : Update delay of 6500 nets completely.
TMR-2502 : Annotate delay completely, extr mode = 3.
TMR-3001 : Initiate 0 clocks from SDC.
TMR-3004 : Map sdc constraints, there are 8 constraints in total.
TMR-3003 : Constraints initiated successfully.
TMR-3501 : Forward propagation: start to calculate arrival time...
TMR-3502 : Backward propagation: start to calculate required time...
TMR-3503 : Timing propagation completes.
PHY-1001 : Start global routing, caller is route ...
RUN-1001 : Generating global routing grids ...
PHY-1001 : Generate routing nets ...
PHY-1001 : Global iterations in 16 thread ...
