============================================================
   Tang Dynasty, V5.6.71036
      Copyright (c) 2012-2023 Anlogic Inc.
   Executable = F:/ARMChina/bin/td.exe
   Built at =   20:34:38 Mar 21 2023
   Run by =     Illyasvial Von Einzb
   Run Date =   Thu Jul  4 15:04:48 2024

   Run on =     LAPTOP-4S5LNBPI
============================================================
RUN-1002 : start command "open_project SD-SDRAM-ISP-HDMI.prj"
RUN-1001 : Print Global Property
RUN-1001 : ---------------------------------------------------------------
RUN-1001 :        Parameters        |  Settings  |  Default Values  |  Note  
RUN-1001 : ---------------------------------------------------------------
RUN-1001 :          message         |  standard  |     standard     |        
RUN-1001 :   mixed_pack_place_flow  |     on     |        on        |        
RUN-1001 :        qor_monitor       |    off     |       off        |        
RUN-1001 :        syn_ip_flow       |    off     |       off        |        
RUN-1001 :          thread          |    auto    |       auto       |        
RUN-1001 : ---------------------------------------------------------------
RUN-1001 : Print Design Property
RUN-1001 : --------------------------------------------------------------
RUN-1001 :        Parameters       |  Settings  |  Default Values  |  Note  
RUN-1001 : --------------------------------------------------------------
RUN-1001 :   default_reg_initial   |    auto    |       auto       |        
RUN-1001 :        infer_add        |     on     |        on        |        
RUN-1001 :        infer_fsm        |    off     |       off        |        
RUN-1001 :        infer_mult       |     on     |        on        |        
RUN-1001 :        infer_ram        |     on     |        on        |        
RUN-1001 :        infer_reg        |     on     |        on        |        
RUN-1001 :   infer_reg_init_value  |     on     |        on        |        
RUN-1001 :        infer_rom        |     on     |        on        |        
RUN-1001 :      infer_shifter      |     on     |        on        |        
RUN-1001 : --------------------------------------------------------------
RUN-1001 : Print Rtl Property
RUN-1001 : --------------------------------------------------------------
RUN-1001 :        Parameters       |  Settings  |  Default Values  |  Note  
RUN-1001 : --------------------------------------------------------------
RUN-1001 :       compress_add      |   ripple   |      ripple      |        
RUN-1001 :        elf_sload        |    off     |       off        |        
RUN-1001 :       fix_undriven      |     0      |        0         |        
RUN-1001 :         flatten         |    off     |       off        |        
RUN-1001 :       gate_sharing      |     on     |        on        |        
RUN-1001 :    hdl_warning_level    |   normal   |      normal      |        
RUN-1001 :   impl_internal_tribuf  |     on     |        on        |        
RUN-1001 :      impl_set_reset     |     on     |        on        |        
RUN-1001 :        infer_gsr        |    off     |       off        |        
RUN-1001 :      keep_hierarchy     |    auto    |       auto       |        
RUN-1001 :        max_fanout       |    9999    |       9999       |        
RUN-1001 :      max_oh2bin_len     |     10     |        10        |        
RUN-1001 :       merge_equal       |     on     |        on        |        
RUN-1001 :       merge_equiv       |     on     |        on        |        
RUN-1001 :        merge_mux        |    off     |       off        |        
RUN-1001 :     min_control_set     |     8      |        8         |        
RUN-1001 :      min_ripple_len     |    auto    |       auto       |        
RUN-1001 :       oh2bin_ratio      |    0.08    |       0.08       |        
RUN-1001 :     opt_adder_fanout    |     on     |        on        |        
RUN-1001 :        opt_arith        |     on     |        on        |        
RUN-1001 :       opt_big_gate      |    off     |       off        |        
RUN-1001 :        opt_const        |     on     |        on        |        
RUN-1001 :      opt_const_mult     |     on     |        on        |        
RUN-1001 :       opt_lessthan      |     on     |        on        |        
RUN-1001 :         opt_mux         |    off     |       off        |        
RUN-1001 :         opt_ram         |    high    |       high       |        
RUN-1001 :      rtl_sim_model      |    off     |       off        |        
RUN-1001 :         seq_syn         |     on     |        on        |        
RUN-1001 : --------------------------------------------------------------
HDL-1007 : analyze verilog file ../../import/ddr3-al_ip/SOFTFIFO.v
HDL-1007 : analyze verilog file ../../import/ddr3-al_ip/SDRAM.v
HDL-1007 : analyze verilog file ../../al_ip/PLL.v
HDL-1007 : undeclared symbol 'open', assumed default net type 'wire' in ../../al_ip/PLL.v(92)
HDL-1007 : analyze verilog file ../../al_ip/PLL_hdmi.v
HDL-1007 : undeclared symbol 'open', assumed default net type 'wire' in ../../al_ip/PLL_hdmi.v(70)
HDL-1007 : analyze VHDL file ../../import/hdmi-rtl/enc_file/SerializerN_1_lvds.enc.vhd
Copyright (c) 1998-2019 The OpenSSL Project.  All rights reserved.
This product includes software developed by the OpenSSL Project
for use in the OpenSSL Toolkit (http://www.openssl.org/)
Copyright (C) 1995-1998 Eric Young (eay@cryptsoft.com)
All rights reserved.
This product includes cryptographic software written by Eric Young (eay@cryptsoft.com)
HDL-1007 : analyze entity ** in encrypted_text(0)
HDL-1007 : analyze architecture ** in encrypted_text(0)
HDL-1007 : analyze VHDL file ../../import/hdmi-rtl/enc_file/SerializerN_1_lvds_dat.enc.vhd
HDL-1007 : analyze entity ** in encrypted_text(0)
HDL-1007 : analyze architecture ** in encrypted_text(0)
HDL-1007 : analyze VHDL file ../../import/hdmi-rtl/enc_file/TMDSEncoder.enc.vhd
HDL-1007 : analyze entity ** in encrypted_text(0)
HDL-1007 : analyze architecture ** in encrypted_text(0)
HDL-1007 : analyze verilog file ../../import/hdmi-rtl/enc_file/video_tpg_1024768.enc.v
HDL-5007 WARNING: literal value ** truncated to fit in ** bits in encrypted_text(0)
HDL-1007 : back to file '../../import/hdmi-rtl/enc_file/video_tpg_1024768.enc.v' in ../../import/hdmi-rtl/enc_file/video_tpg_1024768.enc.v(216)
HDL-1007 : analyze verilog file ../../import/hdmi-rtl/enc_file/video_tpg_1080p.enc.v
HDL-1007 : back to file '../../import/hdmi-rtl/enc_file/video_tpg_1080p.enc.v' in ../../import/hdmi-rtl/enc_file/video_tpg_1080p.enc.v(208)
HDL-1007 : analyze verilog file ../../import/hdmi-rtl/enc_file/video_tpg_12801024p.enc.v
HDL-1007 : back to file '../../import/hdmi-rtl/enc_file/video_tpg_12801024p.enc.v' in ../../import/hdmi-rtl/enc_file/video_tpg_12801024p.enc.v(207)
HDL-1007 : analyze verilog file ../../import/hdmi-rtl/enc_file/video_tpg_1280800.enc.v
HDL-5007 WARNING: literal value ** truncated to fit in ** bits in encrypted_text(0)
HDL-1007 : back to file '../../import/hdmi-rtl/enc_file/video_tpg_1280800.enc.v' in ../../import/hdmi-rtl/enc_file/video_tpg_1280800.enc.v(216)
HDL-1007 : analyze verilog file ../../import/hdmi-rtl/enc_file/video_tpg_16801050p.enc.v
HDL-1007 : back to file '../../import/hdmi-rtl/enc_file/video_tpg_16801050p.enc.v' in ../../import/hdmi-rtl/enc_file/video_tpg_16801050p.enc.v(209)
HDL-1007 : analyze verilog file ../../import/hdmi-rtl/enc_file/video_tpg_800600.enc.v
HDL-1007 : back to file '../../import/hdmi-rtl/enc_file/video_tpg_800600.enc.v' in ../../import/hdmi-rtl/enc_file/video_tpg_800600.enc.v(211)
HDL-1007 : analyze verilog file ../../import/hdmi_top/hdmi_top.v
HDL-1007 : analyze verilog file ../../import/hdmi_top/video_driver.v
HDL-1007 : analyze verilog file ../../import/sd_bmp_hdmi.v
HDL-1007 : undeclared symbol 'rd_vsync', assumed default net type 'wire' in ../../import/sd_bmp_hdmi.v(200)
HDL-1007 : analyze verilog file ../../import/sd_ctrl_top/sd_ctrl_top.v
HDL-1007 : analyze verilog file ../../import/sd_ctrl_top/sd_init.v
HDL-1007 : analyze verilog file ../../import/sd_ctrl_top/sd_read.v
HDL-1007 : analyze verilog file ../../import/sd_ctrl_top/sd_write.v
HDL-1007 : analyze VHDL file ../../import/hdmi-rtl/enc_file/DVITransmitter.enc.vhd
HDL-1007 : analyze entity dvitransmitter in ../../import/hdmi-rtl/enc_file/DVITransmitter.enc.vhd(13)
HDL-1007 : analyze architecture ** in encrypted_text(0)
HDL-1007 : analyze VHDL file ../../import/hdmi-rtl/hdmi_tx.vhd
HDL-1007 : analyze entity hdmi_tx in ../../import/hdmi-rtl/hdmi_tx.vhd(11)
HDL-1007 : analyze architecture behavioral in ../../import/hdmi-rtl/hdmi_tx.vhd(33)
HDL-1007 : analyze verilog file ../../import/DDR3-rtl/sdram_cmd.v
HDL-1007 : analyze included file ../../import/DDR3-rtl/sdram_para.v in ../../import/DDR3-rtl/sdram_cmd.v(46)
HDL-1007 : back to file '../../import/DDR3-rtl/sdram_cmd.v' in ../../import/DDR3-rtl/sdram_cmd.v(46)
HDL-1007 : analyze verilog file ../../import/DDR3-rtl/sdram_controller.v
HDL-1007 : analyze verilog file ../../import/DDR3-rtl/sdram_ctrl.v
HDL-1007 : analyze included file ../../import/DDR3-rtl/sdram_para.v in ../../import/DDR3-rtl/sdram_ctrl.v(19)
HDL-1007 : back to file '../../import/DDR3-rtl/sdram_ctrl.v' in ../../import/DDR3-rtl/sdram_ctrl.v(19)
HDL-1007 : analyze verilog file ../../import/DDR3-rtl/sdram_data.v
HDL-1007 : analyze included file ../../import/DDR3-rtl/sdram_para.v in ../../import/DDR3-rtl/sdram_data.v(13)
HDL-1007 : back to file '../../import/DDR3-rtl/sdram_data.v' in ../../import/DDR3-rtl/sdram_data.v(13)
HDL-1007 : analyze verilog file ../../import/DDR3-rtl/sdram_fifo_ctrl.v
HDL-1007 : analyze verilog file ../../import/DDR3-rtl/sdram_top.v
HDL-1007 : analyze verilog file ../../import/read_rawdata.v
HDL-1007 : analyze verilog file ../../import/hdmi_top/ISP_dpc.v
HDL-1007 : analyze verilog file ../../import/hdmi_top/ISP_include.v
HDL-1007 : analyze verilog file ../../import/hdmi_top/ISP_bnr.v
RUN-1001 : Project manager successfully analyzed 33 source files.
RUN-1002 : start command "import_device eagle_s20.db -package EG4S20BG256"
ARC-1001 : Device Initialization.
ARC-1001 : ------------------------------------------------------------------
ARC-1001 :            OPTION            |          IO          |   SETTING   
ARC-1001 : ------------------------------------------------------------------
ARC-1001 :   cso_b/cclk/mosi/miso/dout  |  T3/R11/T10/P10/S11  |    gpio    
ARC-1001 :             done             |         P13          |    gpio    
ARC-1001 :           program_b          |          T2          |  dedicate  
ARC-1001 :        tdi/tms/tck/tdo       |   C12/A15/C14/E14    |  dedicate  
ARC-1001 : ------------------------------------------------------------------
ARC-1004 : Device setting, marked 5 dedicate IOs in total.
RUN-1002 : start command "import_db ../syn_1/SD-SDRAM-ISP-HDMI_gate.db"
RUN-1001 : Importing database generated by Tang Dynasty, V5.6.71036.
RUN-1001 : Database version number 46146.
RUN-1001 : Import flow parameters
RUN-1001 : Import timing constraints
RUN-1001 : Import IO constraints
RUN-1001 : Import Inst constraints
RUN-1001 : Import design success TD_VERSION=5.6.71036 , DB_VERSION=46146
RUN-1002 : start command "read_sdc -ip SOFTFIFO ../../import/ddr3-al_ip/SOFTFIFO.tcl"
RUN-1002 : start command "get_ports clkw"
RUN-1002 : start command "get_nets  clkw  "
RUN-1002 : start command "get_clocks -nowarn -of nets 9663676416000"
RUN-1002 : start command "get_ports clkr"
RUN-1002 : start command "get_nets  clkr  "
RUN-1002 : start command "get_clocks -nowarn -of nets 33178622361600"
RUN-1002 : start command "get_property -nowarn -max PERIOD "
RUN-1002 : start command "get_property -nowarn -max PERIOD "
RUN-1002 : start command "get_regs rd_to_wr_cross_inst/primary_addr_gray_reg[*]"
RUN-1002 : start command "get_regs rd_to_wr_cross_inst/sync_r1[*]"
RUN-1002 : start command "set_max_delay -from  -to  999.70000000000005 -datapath_only"
RUN-1002 : start command "get_regs rd_to_wr_cross_inst/primary_addr_gray_reg[*]"
RUN-1002 : start command "get_regs rd_to_wr_cross_inst/sync_r1[*]"
RUN-1002 : start command "set_false_path -from  -to  -hold 999.70000000000005"
USR-1002 : set_false_path -help -setup -hold -from <list> -rise_from <list> -fall_from <list> -to <list> -rise_to <list> -fall_to <list> -through <list>
RUN-1002 : start command "get_regs wr_to_rd_cross_inst/primary_addr_gray_reg[*]"
RUN-1002 : start command "get_regs wr_to_rd_cross_inst/sync_r1[*]"
RUN-1002 : start command "set_max_delay -from  -to  999.70000000000005 -datapath_only"
RUN-1002 : start command "get_regs wr_to_rd_cross_inst/primary_addr_gray_reg[*]"
RUN-1002 : start command "get_regs wr_to_rd_cross_inst/sync_r1[*]"
RUN-1002 : start command "set_false_path -from  -to  -hold 999.70000000000005"
USR-1002 : set_false_path -help -setup -hold -from <list> -rise_from <list> -fall_from <list> -to <list> -rise_to <list> -fall_to <list> -through <list>
RUN-1002 : start command "get_ports clkw"
RUN-1002 : start command "get_nets  clkw  "
RUN-1002 : start command "get_clocks -nowarn -of nets 17514876633088"
RUN-1002 : start command "get_ports clkr"
RUN-1002 : start command "get_nets  clkr  "
RUN-1002 : start command "get_clocks -nowarn -of nets 9663676416000"
RUN-1002 : start command "get_property -nowarn -max PERIOD "
RUN-1002 : start command "get_property -nowarn -max PERIOD "
RUN-1002 : start command "get_regs rd_to_wr_cross_inst/primary_addr_gray_reg[*]"
RUN-1002 : start command "get_regs rd_to_wr_cross_inst/sync_r1[*]"
RUN-1002 : start command "set_max_delay -from  -to  999.70000000000005 -datapath_only"
RUN-1002 : start command "get_regs rd_to_wr_cross_inst/primary_addr_gray_reg[*]"
RUN-1002 : start command "get_regs rd_to_wr_cross_inst/sync_r1[*]"
RUN-1002 : start command "set_false_path -from  -to  -hold 999.70000000000005"
USR-1002 : set_false_path -help -setup -hold -from <list> -rise_from <list> -fall_from <list> -to <list> -rise_to <list> -fall_to <list> -through <list>
RUN-1002 : start command "get_regs wr_to_rd_cross_inst/primary_addr_gray_reg[*]"
RUN-1002 : start command "get_regs wr_to_rd_cross_inst/sync_r1[*]"
RUN-1002 : start command "set_max_delay -from  -to  999.70000000000005 -datapath_only"
RUN-1002 : start command "get_regs wr_to_rd_cross_inst/primary_addr_gray_reg[*]"
RUN-1002 : start command "get_regs wr_to_rd_cross_inst/sync_r1[*]"
RUN-1002 : start command "set_false_path -from  -to  -hold 999.70000000000005"
USR-1002 : set_false_path -help -setup -hold -from <list> -rise_from <list> -fall_from <list> -to <list> -rise_to <list> -fall_to <list> -through <list>
RUN-1002 : start command "config_chipwatcher ../../sd_HDMI.cwc -dir "
RUN-1002 : start command "legalize_phy_inst"
SYN-1011 : Flatten model sd_bmp_hdmi
KIT-1004 : ChipWatcher: import watcher inst auto_chipwatcher_0 completed, there are 6 view nodes, 24 trigger nets, 24 data nets.
KIT-1004 : Chipwatcher code = 1000011001101001
RUN-1002 : start command "compile_watcher"
RUN-1002 : start command "read_verilog -no_sch -dir F:/ARMChina/cw/ -file SD-SDRAM-ISP-HDMI_watcherInst.sv -lib cw -top CW_TOP_WRAPPER"
HDL-1007 : analyze verilog file F:/ARMChina/cw\bus_det.v
HDL-1007 : analyze verilog file F:/ARMChina/cw\bus_top.sv
HDL-1007 : analyze verilog file F:/ARMChina/cw\cfg_int.v
HDL-1007 : analyze verilog file F:/ARMChina/cw\cwc_cfg_int.v
HDL-1007 : analyze verilog file F:/ARMChina/cw\cwc_top.sv
HDL-1007 : analyze verilog file F:/ARMChina/cw\detect_bus.v
HDL-1007 : analyze verilog file F:/ARMChina/cw\detect_non_bus.v
HDL-1007 : analyze verilog file F:/ARMChina/cw\emb_ctrl.v
HDL-1007 : analyze verilog file F:/ARMChina/cw\register.v
HDL-1007 : analyze verilog file F:/ARMChina/cw\tap.v
HDL-1007 : analyze verilog file F:/ARMChina/cw\trigger.sv
HDL-1007 : analyze verilog file SD-SDRAM-ISP-HDMI_watcherInst.sv
HDL-1007 : elaborate module CW_TOP_WRAPPER in SD-SDRAM-ISP-HDMI_watcherInst.sv(1)
HDL-1007 : elaborate module cwc_top(BUS_NUM=6,BUS_DIN_NUM=24,BUS_CTRL_NUM=72,BUS_WIDTH='{32'sb01,32'sb01,32'sb01,32'sb01,32'sb010000,32'sb0100},BUS_DIN_POS='{32'sb0,32'sb01,32'sb010,32'sb011,32'sb0100,32'sb010100},BUS_CTRL_POS='{32'sb0,32'sb0110,32'sb01100,32'sb010010,32'sb011000,32'sb0111100}) in F:/ARMChina/cw\cwc_top.sv(21)
HDL-1007 : elaborate module cwc_cfg_int(CTRL_REG_LEN=94) in F:/ARMChina/cw\cwc_cfg_int.v(21)
HDL-1007 : elaborate module register(CTRL_REG_LEN=94) in F:/ARMChina/cw\register.v(21)
HDL-1007 : elaborate module tap in F:/ARMChina/cw\tap.v(21)
HDL-1007 : elaborate module trigger(BUS_NUM=6,BUS_DIN_NUM=24,BUS_CTRL_NUM=72,BUS_WIDTH='{32'sb01,32'sb01,32'sb01,32'sb01,32'sb010000,32'sb0100},BUS_DIN_POS='{32'sb0,32'sb01,32'sb010,32'sb011,32'sb0100,32'sb010100},BUS_CTRL_POS='{32'sb0,32'sb0110,32'sb01100,32'sb010010,32'sb011000,32'sb0111100}) in F:/ARMChina/cw\trigger.sv(21)
HDL-1007 : elaborate module bus_top(BUS_NODE_NUM=6,BUS_DIN_NUM=24,BUS_CTRL_NUM=72,BUS_WIDTH='{32'sb01,32'sb01,32'sb01,32'sb01,32'sb010000,32'sb0100},BUS_DIN_POS='{32'sb0,32'sb01,32'sb010,32'sb011,32'sb0100,32'sb010100},BUS_CTRL_POS='{32'sb0,32'sb0110,32'sb01100,32'sb010010,32'sb011000,32'sb0111100}) in F:/ARMChina/cw\bus_top.sv(22)
HDL-1007 : elaborate module bus_det(BUS_WIDTH=32'sb01) in F:/ARMChina/cw\bus_det.v(21)
HDL-1007 : elaborate module bus_det(BUS_WIDTH=32'sb010000) in F:/ARMChina/cw\bus_det.v(21)
HDL-1007 : elaborate module bus_det(BUS_WIDTH=32'sb0100) in F:/ARMChina/cw\bus_det.v(21)
HDL-1007 : elaborate module emb_ctrl in F:/ARMChina/cw\emb_ctrl.v(21)
HDL-1200 : Current top model is CW_TOP_WRAPPER
HDL-1100 : Inferred 0 RAMs.
RUN-1002 : start command "force_keep -a auto_chipwatcher_0_logicbram"
RUN-1002 : start command "optimize_rtl -no_sch"
RUN-1001 : Open license file F:/ARMChina/license/Anlogic.lic
RUN-1001 : Print Global Property
RUN-1001 : ---------------------------------------------------------------
RUN-1001 :        Parameters        |  Settings  |  Default Values  |  Note  
RUN-1001 : ---------------------------------------------------------------
RUN-1001 :          message         |  standard  |     standard     |        
RUN-1001 :   mixed_pack_place_flow  |     on     |        on        |        
RUN-1001 :        qor_monitor       |    off     |       off        |        
RUN-1001 :        syn_ip_flow       |    off     |       off        |        
RUN-1001 :          thread          |    auto    |       auto       |        
RUN-1001 : ---------------------------------------------------------------
RUN-1001 : Print Rtl Property
RUN-1001 : --------------------------------------------------------------
RUN-1001 :        Parameters       |  Settings  |  Default Values  |  Note  
RUN-1001 : --------------------------------------------------------------
RUN-1001 :       compress_add      |   ripple   |      ripple      |        
RUN-1001 :        elf_sload        |    off     |       off        |        
RUN-1001 :       fix_undriven      |     0      |        0         |        
RUN-1001 :         flatten         |    off     |       off        |        
RUN-1001 :       gate_sharing      |     on     |        on        |        
RUN-1001 :    hdl_warning_level    |   normal   |      normal      |        
RUN-1001 :   impl_internal_tribuf  |     on     |        on        |        
RUN-1001 :      impl_set_reset     |     on     |        on        |        
RUN-1001 :        infer_gsr        |    off     |       off        |        
RUN-1001 :      keep_hierarchy     |    auto    |       auto       |        
RUN-1001 :        max_fanout       |    9999    |       9999       |        
RUN-1001 :      max_oh2bin_len     |     10     |        10        |        
RUN-1001 :       merge_equal       |     on     |        on        |        
RUN-1001 :       merge_equiv       |     on     |        on        |        
RUN-1001 :        merge_mux        |    off     |       off        |        
RUN-1001 :     min_control_set     |     8      |        8         |        
RUN-1001 :      min_ripple_len     |    auto    |       auto       |        
RUN-1001 :       oh2bin_ratio      |    0.08    |       0.08       |        
RUN-1001 :     opt_adder_fanout    |     on     |        on        |        
RUN-1001 :        opt_arith        |     on     |        on        |        
RUN-1001 :       opt_big_gate      |    off     |       off        |        
RUN-1001 :        opt_const        |     on     |        on        |        
RUN-1001 :      opt_const_mult     |     on     |        on        |        
RUN-1001 :       opt_lessthan      |     on     |        on        |        
RUN-1001 :         opt_mux         |    off     |       off        |        
RUN-1001 :         opt_ram         |    high    |       high       |        
RUN-1001 :      rtl_sim_model      |    off     |       off        |        
RUN-1001 :         seq_syn         |     on     |        on        |        
RUN-1001 : --------------------------------------------------------------
SYN-1012 : SanityCheck: Model "sd_bmp_hdmi"
SYN-1012 : SanityCheck: Model "CW_TOP_WRAPPER"
SYN-1012 : SanityCheck: Model "cwc_top(BUS_NUM=6,BUS_DIN_NUM=24,BUS_CTRL_NUM=72,BUS_WIDTH='{32'sb01,32'sb01,32'sb01,32'sb01,32'sb010000,32'sb0100},BUS_DIN_POS='{32'sb0,32'sb01,32'sb010,32'sb011,32'sb0100,32'sb010100},BUS_CTRL_POS='{32'sb0,32'sb0110,32'sb01100,32'sb010010,32'sb011000,32'sb0111100})"
SYN-1012 : SanityCheck: Model "cwc_cfg_int(CTRL_REG_LEN=94)"
SYN-1012 : SanityCheck: Model "register(CTRL_REG_LEN=94)"
SYN-1012 : SanityCheck: Model "tap"
SYN-1012 : SanityCheck: Model "trigger(BUS_NUM=6,BUS_DIN_NUM=24,BUS_CTRL_NUM=72,BUS_WIDTH='{32'sb01,32'sb01,32'sb01,32'sb01,32'sb010000,32'sb0100},BUS_DIN_POS='{32'sb0,32'sb01,32'sb010,32'sb011,32'sb0100,32'sb010100},BUS_CTRL_POS='{32'sb0,32'sb0110,32'sb01100,32'sb010010,32'sb011000,32'sb0111100})"
SYN-1012 : SanityCheck: Model "bus_top(BUS_NODE_NUM=6,BUS_DIN_NUM=24,BUS_CTRL_NUM=72,BUS_WIDTH='{32'sb01,32'sb01,32'sb01,32'sb01,32'sb010000,32'sb0100},BUS_DIN_POS='{32'sb0,32'sb01,32'sb010,32'sb011,32'sb0100,32'sb010100},BUS_CTRL_POS='{32'sb0,32'sb0110,32'sb01100,32'sb010010,32'sb011000,32'sb0111100})"
SYN-1012 : SanityCheck: Model "bus_det(BUS_WIDTH=32'sb01)"
SYN-1012 : SanityCheck: Model "bus_det(BUS_WIDTH=32'sb010000)"
SYN-1012 : SanityCheck: Model "bus_det(BUS_WIDTH=32'sb0100)"
SYN-1012 : SanityCheck: Model "emb_ctrl"
SYN-1011 : Flatten model sd_bmp_hdmi
SYN-1032 : 7170/24 useful/useless nets, 5554/16 useful/useless insts
SYN-1016 : Merged 32 instances.
SYN-1032 : 6899/24 useful/useless nets, 5895/20 useful/useless insts
SYN-1014 : Optimize round 1
SYN-1021 : Optimized 2 onehot mux instances.
SYN-1020 : Optimized 1 distributor mux.
SYN-1019 : Optimized 2 mux instances.
SYN-1015 : Optimize round 1, 315 better
SYN-1014 : Optimize round 2
SYN-1032 : 6662/30 useful/useless nets, 5658/32 useful/useless insts
SYN-1015 : Optimize round 2, 64 better
SYN-1014 : Optimize round 1
SYN-1015 : Optimize round 1, 0 better
RUN-1002 : start command "optimize_gate -no_sch"
RUN-1001 : Open license file F:/ARMChina/license/Anlogic.lic
RUN-1001 : Print Global Property
RUN-1001 : ---------------------------------------------------------------
RUN-1001 :        Parameters        |  Settings  |  Default Values  |  Note  
RUN-1001 : ---------------------------------------------------------------
RUN-1001 :          message         |  standard  |     standard     |        
RUN-1001 :   mixed_pack_place_flow  |     on     |        on        |        
RUN-1001 :        qor_monitor       |    off     |       off        |        
RUN-1001 :        syn_ip_flow       |    off     |       off        |        
RUN-1001 :          thread          |    auto    |       auto       |        
RUN-1001 : ---------------------------------------------------------------
RUN-1001 : Print Gate Property
RUN-1001 : ------------------------------------------------------------------
RUN-1001 :          Parameters         |  Settings  |  Default Values  |  Note  
RUN-1001 : ------------------------------------------------------------------
RUN-1001 :         cascade_dsp         |    off     |       off        |        
RUN-1001 :         cascade_eram        |    off     |       off        |        
RUN-1001 :        gate_sim_model       |    off     |       off        |        
RUN-1001 :        map_sim_model        |    off     |       off        |        
RUN-1001 :         map_strategy        |     1      |        1         |        
RUN-1001 :           opt_area          |   medium   |      medium      |        
RUN-1001 :          opt_timing         |    auto    |       auto       |        
RUN-1001 :         pack_effort         |   medium   |      medium      |        
RUN-1001 :      pack_lslice_ripple     |     on     |        on        |        
RUN-1001 :   pack_lslice_ripple_ratio  |    0.5     |       0.5        |        
RUN-1001 :        pack_seq_in_io       |    auto    |       auto       |        
RUN-1001 :        ph1_mux_ratio        |    1.0     |       1.0        |        
RUN-1001 :            report           |  standard  |     standard     |        
RUN-1001 :           retiming          |    off     |       off        |        
RUN-1001 : ------------------------------------------------------------------
SYN-2001 : Map 12 IOs to PADs
RUN-1002 : start command "update_pll_param -module sd_bmp_hdmi"
SYN-2501 : Processed 0 LOGIC_BUF instances.
SYN-2512 : LOGIC BRAM "auto_chipwatcher_0_logicbram"
SYN-2571 : Optimize after map_dsp, round 1
SYN-2571 : Optimize after map_dsp, round 1, 0 better
SYN-1001 : Throwback 3 control mux instances
SYN-2501 : Optimize round 1
SYN-1016 : Merged 20 instances.
SYN-2501 : Optimize round 1, 42 better
SYN-2501 : Optimize round 2
SYN-2501 : Optimize round 2, 0 better
SYN-2501 : Map 14 macro adder
SYN-1019 : Optimized 9 mux instances.
SYN-1016 : Merged 10 instances.
SYN-1032 : 7061/2 useful/useless nets, 6062/1 useful/useless insts
RUN-1002 : start command "start_timer -prepack"
TMR-2505 : Start building timing graph for model sd_bmp_hdmi.
TMR-2506 : Build timing graph completely. Port num: 9, tpin num: 26691, tnet num: 7061, tinst num: 6061, tnode num: 35678, tedge num: 42741.
TMR-2508 : Levelizing timing graph completed, there are 53 levels in total.
TMR-2501 : Timing graph initialized successfully.
TMR-2503 : Start to update net delay, extr mode = 2.
TMR-2504 : Update delay of 7061 nets completely.
TMR-2502 : Annotate delay completely, extr mode = 2.
TMR-3001 : Initiate 0 clocks from SDC.
TMR-3004 : Map sdc constraints, there are 8 constraints in total.
TMR-3003 : Constraints initiated successfully.
TMR-3501 : Forward propagation: start to calculate arrival time...
TMR-3502 : Backward propagation: start to calculate required time...
TMR-3503 : Timing propagation completes.
SYN-3001 : Running gate level optimization.
SYN-2581 : Mapping with K=5, #lut = 183 (3.65), #lev = 7 (2.02)
SYN-2551 : Post LUT mapping optimization.
SYN-2581 : Mapping with K=5, #lut = 178 (3.73), #lev = 7 (1.98)
SYN-3001 : Logic optimization runtime opt =   0.02 sec, map =   0.00 sec
SYN-3001 : Mapper mapped 467 instances into 178 LUTs, name keeping = 74%.
SYN-1001 : Packing model "sd_bmp_hdmi" ...
SYN-4010 : Pack lib has 58 rtl pack models with 25 top pack blocks
SYN-1014 : Optimize round 1
SYN-1015 : Optimize round 1, 0 better
SYN-4002 : Packing 310 DFF/LATCH to SEQ ...
SYN-4009 : Pack 7 carry chain into lslice
SYN-4007 : Packing 100 adder to BLE ...
SYN-4008 : Packed 100 adder and 0 SEQ to BLE.
SYN-4007 : Packing 0 gate4 to BLE ...
SYN-4008 : Packed 0 gate4 and 0 SEQ to BLE.
SYN-4012 : Packed 0 FxMUX
RUN-1003 : finish command "optimize_gate -no_sch" in  1.387492s wall, 1.109375s user + 0.046875s system = 1.156250s CPU (83.3%)

RUN-1004 : used memory is 197 MB, reserved memory is 164 MB, peak memory is 241 MB
RUN-1002 : start command "legalize_phy_inst"
SYN-1011 : Flatten model sd_bmp_hdmi
KIT-1004 : Compile Chipwatcher: Clear obsolete physical data.
RUN-1003 : finish command "compile_watcher" in  2.474687s wall, 1.953125s user + 0.062500s system = 2.015625s CPU (81.4%)

RUN-1004 : used memory is 197 MB, reserved memory is 165 MB, peak memory is 241 MB
RUN-1002 : start command "place"
RUN-1001 : Open license file F:/ARMChina/license/Anlogic.lic
RUN-1001 : Print Global Property
RUN-1001 : ---------------------------------------------------------------
RUN-1001 :        Parameters        |  Settings  |  Default Values  |  Note  
RUN-1001 : ---------------------------------------------------------------
RUN-1001 :          message         |  standard  |     standard     |        
RUN-1001 :   mixed_pack_place_flow  |     on     |        on        |        
RUN-1001 :        qor_monitor       |    off     |       off        |        
RUN-1001 :        syn_ip_flow       |    off     |       off        |        
RUN-1001 :          thread          |    auto    |       auto       |        
RUN-1001 : ---------------------------------------------------------------
RUN-1001 : Print Place Property
RUN-1001 : --------------------------------------------------------------
RUN-1001 :        Parameters       |  Settings  |  Default Values  |  Note  
RUN-1001 : --------------------------------------------------------------
RUN-1001 :      detailed_place     |     on     |        on        |        
RUN-1001 :          effort         |   medium   |      medium      |        
RUN-1001 :         fix_hold        |    off     |       off        |        
RUN-1001 :       legalization      |    ori     |       ori        |        
RUN-1001 :      new_spreading      |     on     |        on        |        
RUN-1001 :        opt_timing       |   medium   |      medium      |        
RUN-1001 :   post_clock_route_opt  |    off     |       off        |        
RUN-1001 :       pr_strategy       |     1      |        1         |        
RUN-1001 :        relaxation       |    1.00    |       1.00       |        
RUN-1001 :         retiming        |    off     |       off        |        
RUN-1001 : --------------------------------------------------------------
PHY-3001 : Placer runs in 16 thread(s).
RUN-1002 : start command "legalize_phy_inst"
SYN-1011 : Flatten model sd_bmp_hdmi
RUN-1002 : start command "phys_opt -simplify_lut"
SYN-4016 : Net u_ddr3_top/u_sdram_fifo_ctrl/clk_ref driven by BUFG (271 clock/control pins, 1 other pins).
SYN-4016 : Net u_clk_wiz_1/clk0_out driven by BUFG (58 clock/control pins, 1 other pins).
SYN-4016 : Net config_inst_syn_10 driven by BUFG (205 clock/control pins, 0 other pins).
SYN-4027 : Net u_ddr3_top/clk_sdram is clkc1 of pll u_clk_wiz_0/pll_inst.
SYN-4027 : Net u_ddr3_top/u_sdram_fifo_ctrl/wrfifo/clkw is clkc3 of pll u_clk_wiz_0/pll_inst.
SYN-4027 : Net u_sd_ctrl_top/u_sd_read/clk_ref_180deg is clkc4 of pll u_clk_wiz_0/pll_inst.
SYN-4019 : Net sys_clk_dup_1 is refclk of pll u_clk_wiz_0/pll_inst.
SYN-4020 : Net sys_clk_dup_1 is fbclk of pll u_clk_wiz_0/pll_inst.
SYN-4027 : Net u_hdmi_top/bnr/pclk is clkc1 of pll u_clk_wiz_1/pll_inst.
SYN-4019 : Net sys_clk_dup_1 is refclk of pll u_clk_wiz_1/pll_inst.
SYN-4020 : Net sys_clk_dup_1 is fbclk of pll u_clk_wiz_1/pll_inst.
SYN-4024 : Net "u_sd_ctrl_top/u_sd_init/div_clk" drives clk pins.
SYN-4025 : Tag rtl::Net config_inst_syn_10 as clock net
SYN-4025 : Tag rtl::Net sys_clk_dup_1 as clock net
SYN-4025 : Tag rtl::Net u_clk_wiz_1/clk0_out as clock net
SYN-4025 : Tag rtl::Net u_ddr3_top/clk_sdram as clock net
SYN-4025 : Tag rtl::Net u_ddr3_top/u_sdram_fifo_ctrl/clk_ref as clock net
SYN-4025 : Tag rtl::Net u_ddr3_top/u_sdram_fifo_ctrl/wrfifo/clkw as clock net
SYN-4025 : Tag rtl::Net u_hdmi_top/bnr/pclk as clock net
SYN-4025 : Tag rtl::Net u_sd_ctrl_top/u_sd_init/div_clk as clock net
SYN-4025 : Tag rtl::Net u_sd_ctrl_top/u_sd_read/clk_ref_180deg as clock net
SYN-4026 : Tagged 9 rtl::Net as clock net
SYN-4015 : Create BUFG instance for clk Net u_sd_ctrl_top/u_sd_init/div_clk to drive 101 clock pins.
PHY-1001 : Populate physical database on model sd_bmp_hdmi.
RUN-1001 : There are total 5480 instances
RUN-0007 : 1696 luts, 2819 seqs, 605 mslices, 264 lslices, 71 pads, 16 brams, 0 dsps
RUN-1001 : There are total 6479 nets
RUN-1001 : 4369 nets have 2 pins
RUN-1001 : 1571 nets have [3 - 5] pins
RUN-1001 : 373 nets have [6 - 10] pins
RUN-1001 : 118 nets have [11 - 20] pins
RUN-1001 : 36 nets have [21 - 99] pins
RUN-1001 : 12 nets have 100+ pins
RUN-1001 : Report Control nets information:
RUN-1001 : DFF Distribution
RUN-1001 : ----------------------------------
RUN-1001 :   CE   |  SSR  |  ASR  |  DFF Count  
RUN-1001 : ----------------------------------
RUN-1001 :   No   |  No   |  No   |     108     
RUN-1001 :   No   |  No   |  Yes  |    2095     
RUN-1001 :   No   |  Yes  |  No   |     53      
RUN-1001 :   Yes  |  No   |  No   |     54      
RUN-1001 :   Yes  |  No   |  Yes  |     509     
RUN-1001 :   Yes  |  Yes  |  No   |      0      
RUN-1001 : ----------------------------------
RUN-0007 : Control Group Statistic
RUN-0007 : ---------------------------
RUN-0007 :   #CLK  |  #CE  |  #SSR/ASR  
RUN-0007 : ---------------------------
RUN-0007 :    9    |  23   |     14     
RUN-0007 : ---------------------------
RUN-0007 : Control Set = 45
PHY-3001 : Initial placement ...
PHY-3001 : design contains 5478 instances, 1696 luts, 2819 seqs, 869 slices, 145 macros(869 instances: 605 mslices 264 lslices)
PHY-3001 : Huge net u_hdmi_top/sys_rst_n with 1771 pins
PHY-0007 : Cell area utilization is 17%
PHY-3001 : Start timing update ...
RUN-1002 : start command "start_timer -report"
TMR-2505 : Start building timing graph for model sd_bmp_hdmi.
TMR-2506 : Build timing graph completely. Port num: 9, tpin num: 25419, tnet num: 6477, tinst num: 5478, tnode num: 34396, tedge num: 41567.
TMR-2508 : Levelizing timing graph completed, there are 29 levels in total.
TMR-2501 : Timing graph initialized successfully.
TMR-2503 : Start to update net delay, extr mode = 2.
TMR-2504 : Update delay of 6477 nets completely.
TMR-2502 : Annotate delay completely, extr mode = 2.
TMR-3001 : Initiate 0 clocks from SDC.
TMR-3004 : Map sdc constraints, there are 8 constraints in total.
TMR-3003 : Constraints initiated successfully.
TMR-3501 : Forward propagation: start to calculate arrival time...
TMR-3502 : Backward propagation: start to calculate required time...
TMR-3503 : Timing propagation completes.
PHY-3001 : End timing update;  0.727551s wall, 0.609375s user + 0.015625s system = 0.625000s CPU (85.9%)

PHY-3001 : Global placement ...
PHY-3001 : Initial: Len = 1.52154e+06
PHY-3001 : Clustering ...
PHY-3001 : Level 0 #clusters 5478.
PHY-3001 : End clustering;  0.000047s wall, 0.000000s user + 0.000000s system = 0.000000s CPU (n/a%)

PHY-3001 : Run with size of 4
PHY-3001 : Cell area utilization is 17%
PHY-3001 : :::0::: Try harder cell spreading with beta_ = 0
PHY-3002 : Step(1): len = 1.03512e+06, overlap = 60.25
PHY-3002 : Step(2): len = 851789, overlap = 56.25
PHY-3002 : Step(3): len = 527257, overlap = 45
PHY-3002 : Step(4): len = 447337, overlap = 52.5
PHY-3002 : Step(5): len = 393396, overlap = 65.125
PHY-3002 : Step(6): len = 352206, overlap = 79.9062
PHY-3002 : Step(7): len = 315979, overlap = 79.5
PHY-3002 : Step(8): len = 284196, overlap = 74.3438
PHY-3002 : Step(9): len = 258979, overlap = 81.9375
PHY-3002 : Step(10): len = 237971, overlap = 91.4062
PHY-3002 : Step(11): len = 219931, overlap = 94.75
PHY-3002 : Step(12): len = 203500, overlap = 100.188
PHY-3002 : Step(13): len = 192405, overlap = 112.031
PHY-3002 : Step(14): len = 184967, overlap = 119
PHY-3002 : Step(15): len = 175889, overlap = 126.406
PHY-3002 : Step(16): len = 168574, overlap = 133.281
PHY-3002 : Step(17): len = 159157, overlap = 139.906
PHY-3002 : Step(18): len = 153958, overlap = 146.906
PHY-3002 : Step(19): len = 147756, overlap = 155.719
PHY-3001 : :::1::: Try harder cell spreading with beta_ = 1.82408e-05
PHY-3002 : Step(20): len = 154782, overlap = 154.688
PHY-3002 : Step(21): len = 158327, overlap = 154.875
PHY-3002 : Step(22): len = 158339, overlap = 151.25
PHY-3002 : Step(23): len = 158219, overlap = 143.938
PHY-3002 : Step(24): len = 158287, overlap = 141.344
PHY-3002 : Step(25): len = 159477, overlap = 117.969
PHY-3002 : Step(26): len = 161604, overlap = 118.562
PHY-3002 : Step(27): len = 162274, overlap = 104.281
PHY-3002 : Step(28): len = 160385, overlap = 106.094
PHY-3002 : Step(29): len = 156724, overlap = 108.312
PHY-3002 : Step(30): len = 155482, overlap = 110.969
PHY-3002 : Step(31): len = 155544, overlap = 110.406
PHY-3002 : Step(32): len = 156103, overlap = 106
PHY-3002 : Step(33): len = 155914, overlap = 104.281
PHY-3002 : Step(34): len = 153577, overlap = 103.062
PHY-3002 : Step(35): len = 150331, overlap = 104.062
PHY-3002 : Step(36): len = 148034, overlap = 98.9375
PHY-3002 : Step(37): len = 148119, overlap = 102.188
PHY-3002 : Step(38): len = 147339, overlap = 104.469
PHY-3002 : Step(39): len = 146497, overlap = 107.156
PHY-3002 : Step(40): len = 144399, overlap = 97.4375
PHY-3002 : Step(41): len = 143881, overlap = 97.5312
PHY-3002 : Step(42): len = 143536, overlap = 95.2188
PHY-3002 : Step(43): len = 143574, overlap = 95.9688
PHY-3002 : Step(44): len = 143397, overlap = 96.375
PHY-3002 : Step(45): len = 142851, overlap = 96.5312
PHY-3002 : Step(46): len = 142471, overlap = 90.5625
PHY-3001 : :::2::: Try harder cell spreading with beta_ = 3.64816e-05
PHY-3002 : Step(47): len = 144328, overlap = 84.5625
PHY-3002 : Step(48): len = 144466, overlap = 84.7188
PHY-3002 : Step(49): len = 144670, overlap = 87.5
PHY-3001 : :::3::: Try harder cell spreading with beta_ = 7.29632e-05
PHY-3002 : Step(50): len = 145890, overlap = 78.625
PHY-3002 : Step(51): len = 145909, overlap = 78.1875
PHY-3002 : Step(52): len = 145854, overlap = 83.25
PHY-3001 : Legalization ...
PHY-3001 : End legalization;  0.017041s wall, 0.000000s user + 0.000000s system = 0.000000s CPU (n/a%)

PHY-3001 : Run with size of 4
PHY-3001 : Cell area utilization is 22%
PHY-3001 : Update timing in Manhattan mode ...
TMR-2503 : Start to update net delay, extr mode = 3.
TMR-2504 : Update delay of 6477 nets completely.
TMR-2502 : Annotate delay completely, extr mode = 3.
TMR-3501 : Forward propagation: start to calculate arrival time...
TMR-3502 : Backward propagation: start to calculate required time...
TMR-3503 : Timing propagation completes.
PHY-3001 : End timing update;  0.157897s wall, 0.125000s user + 0.000000s system = 0.125000s CPU (79.2%)

PHY-3001 : :::0::: Try harder cell spreading with beta_ = 2.49178e-06
PHY-3002 : Step(53): len = 182560, overlap = 155.719
PHY-3002 : Step(54): len = 182506, overlap = 156.344
PHY-3002 : Step(55): len = 175181, overlap = 162.406
PHY-3002 : Step(56): len = 176223, overlap = 156.656
PHY-3002 : Step(57): len = 171660, overlap = 159.062
PHY-3002 : Step(58): len = 171477, overlap = 158.938
PHY-3002 : Step(59): len = 170052, overlap = 159.188
PHY-3002 : Step(60): len = 170203, overlap = 157
PHY-3002 : Step(61): len = 170015, overlap = 158.031
PHY-3002 : Step(62): len = 168916, overlap = 162.906
PHY-3002 : Step(63): len = 165186, overlap = 159.125
PHY-3002 : Step(64): len = 165110, overlap = 156.688
PHY-3002 : Step(65): len = 161974, overlap = 161.375
PHY-3002 : Step(66): len = 161556, overlap = 162.75
PHY-3002 : Step(67): len = 159724, overlap = 165.844
PHY-3002 : Step(68): len = 159234, overlap = 172.25
PHY-3002 : Step(69): len = 157989, overlap = 171.875
PHY-3002 : Step(70): len = 157545, overlap = 174.406
PHY-3001 : :::1::: Try harder cell spreading with beta_ = 4.98356e-06
PHY-3002 : Step(71): len = 157045, overlap = 169.688
PHY-3002 : Step(72): len = 157045, overlap = 169.688
PHY-3002 : Step(73): len = 157145, overlap = 163.625
PHY-3001 : :::2::: Try harder cell spreading with beta_ = 9.96712e-06
PHY-3002 : Step(74): len = 160270, overlap = 148.688
PHY-3002 : Step(75): len = 160706, overlap = 147.688
PHY-3002 : Step(76): len = 163228, overlap = 138.219
PHY-3002 : Step(77): len = 163886, overlap = 136.656
PHY-3002 : Step(78): len = 164553, overlap = 136.094
PHY-3001 : :::3::: Try harder cell spreading with beta_ = 1.99342e-05
PHY-3002 : Step(79): len = 165155, overlap = 127.156
PHY-3002 : Step(80): len = 165155, overlap = 127.156
PHY-3002 : Step(81): len = 165448, overlap = 126
PHY-3002 : Step(82): len = 165448, overlap = 126
PHY-3002 : Step(83): len = 165611, overlap = 117.781
PHY-3002 : Step(84): len = 165822, overlap = 117.938
PHY-3002 : Step(85): len = 166003, overlap = 118.125
PHY-3001 : :::4::: Try harder cell spreading with beta_ = 3.45091e-05
PHY-3002 : Step(86): len = 167647, overlap = 118.5
PHY-3002 : Step(87): len = 168214, overlap = 119.219
PHY-3002 : Step(88): len = 172902, overlap = 113
PHY-3002 : Step(89): len = 176023, overlap = 108.344
PHY-3002 : Step(90): len = 174119, overlap = 106.156
PHY-3002 : Step(91): len = 174119, overlap = 106.156
PHY-3002 : Step(92): len = 172694, overlap = 105.844
PHY-3002 : Step(93): len = 172694, overlap = 105.844
PHY-3002 : Step(94): len = 171721, overlap = 103.688
PHY-3001 : :::5::: Try harder cell spreading with beta_ = 6.90182e-05
PHY-3002 : Step(95): len = 172198, overlap = 97.75
PHY-3002 : Step(96): len = 172198, overlap = 97.75
PHY-3001 : :::6::: Try harder cell spreading with beta_ = 0.00013748
PHY-3002 : Step(97): len = 175231, overlap = 93.0625
PHY-3002 : Step(98): len = 175604, overlap = 92.2188
PHY-3002 : Step(99): len = 177539, overlap = 83.5938
PHY-3002 : Step(100): len = 178162, overlap = 79.7812
PHY-3002 : Step(101): len = 178418, overlap = 78.9062
PHY-3001 : Run with size of 2
PHY-3001 : Cell area utilization is 22%
PHY-3001 : Update timing in Manhattan mode ...
TMR-2503 : Start to update net delay, extr mode = 3.
TMR-2504 : Update delay of 6477 nets completely.
TMR-2502 : Annotate delay completely, extr mode = 3.
TMR-3501 : Forward propagation: start to calculate arrival time...
TMR-3502 : Backward propagation: start to calculate required time...
TMR-3503 : Timing propagation completes.
PHY-3001 : End timing update;  0.134749s wall, 0.093750s user + 0.000000s system = 0.093750s CPU (69.6%)

PHY-3001 : :::0::: Try harder cell spreading with beta_ = 2.6996e-05
PHY-3002 : Step(102): len = 177885, overlap = 202.969
PHY-3002 : Step(103): len = 178095, overlap = 201.594
PHY-3002 : Step(104): len = 179302, overlap = 176.625
PHY-3002 : Step(105): len = 177865, overlap = 171
PHY-3002 : Step(106): len = 177865, overlap = 171
PHY-3002 : Step(107): len = 176557, overlap = 170.938
PHY-3002 : Step(108): len = 176362, overlap = 170.188
PHY-3002 : Step(109): len = 176271, overlap = 167.719
PHY-3001 : :::1::: Try harder cell spreading with beta_ = 5.39919e-05
PHY-3002 : Step(110): len = 177941, overlap = 161.25
PHY-3002 : Step(111): len = 178300, overlap = 158.656
PHY-3002 : Step(112): len = 179483, overlap = 156.844
PHY-3001 : :::2::: Try harder cell spreading with beta_ = 0.000107219
PHY-3002 : Step(113): len = 182414, overlap = 151.438
PHY-3002 : Step(114): len = 183146, overlap = 152.531
PHY-3002 : Step(115): len = 186888, overlap = 134.094
PHY-3002 : Step(116): len = 185378, overlap = 134.156
PHY-3002 : Step(117): len = 185378, overlap = 134.156
PHY-3002 : Step(118): len = 184486, overlap = 131.938
PHY-3001 : :::3::: Try harder cell spreading with beta_ = 0.000214438
PHY-3002 : Step(119): len = 187105, overlap = 122.969
PHY-3002 : Step(120): len = 188970, overlap = 114.062
PHY-3002 : Step(121): len = 190041, overlap = 114.281
PHY-3001 : :::4::: Try harder cell spreading with beta_ = 0.000428876
PHY-3002 : Step(122): len = 190062, overlap = 107.562
PHY-3002 : Step(123): len = 190652, overlap = 105.344
PHY-3002 : Step(124): len = 191666, overlap = 100.906
PHY-3001 : :::5::: Try harder cell spreading with beta_ = 0.000857752
PHY-3002 : Step(125): len = 192877, overlap = 97.7188
PHY-3002 : Step(126): len = 193023, overlap = 96.75
PHY-3002 : Step(127): len = 193456, overlap = 94.375
PHY-3001 : :::6::: Try harder cell spreading with beta_ = 0.00159069
PHY-3002 : Step(128): len = 194048, overlap = 90
PHY-3002 : Step(129): len = 194498, overlap = 88.7812
PHY-3002 : Step(130): len = 195928, overlap = 85.8125
PHY-3001 : :::7::: Try harder cell spreading with beta_ = 0.00318137
PHY-3002 : Step(131): len = 195993, overlap = 86.25
PHY-3002 : Step(132): len = 196088, overlap = 82.7812
PHY-3002 : Step(133): len = 196331, overlap = 81.1875
OPT-1001 : Start physical optimization ...
RUN-1002 : start command "start_timer -report"
TMR-2505 : Start building timing graph for model sd_bmp_hdmi.
TMR-2506 : Build timing graph completely. Port num: 9, tpin num: 25419, tnet num: 6477, tinst num: 5478, tnode num: 34396, tedge num: 41567.
TMR-2508 : Levelizing timing graph completed, there are 29 levels in total.
TMR-2501 : Timing graph initialized successfully.
OPT-1001 : Total overflow 329.38 peak overflow 5.41
OPT-1001 : Start high-fanout net optimization ...
OPT-1001 : Update timing in global mode
PHY-1001 : Start incremental global routing, caller is place ...
RUN-1001 : Generating global routing grids ...
RUN-1001 : Building simple global routing graph ...
PHY-1001 : Generate routing nets ...
PHY-1001 : Reuse net number 0/6479.
PHY-1001 : Global iterations in 16 thread ...
PHY-1002 : len = 221408, over cnt = 810(2%), over = 2872, worst = 17
PHY-1001 : End global iterations;  0.389021s wall, 0.234375s user + 0.000000s system = 0.234375s CPU (60.2%)

PHY-1001 : Congestion index: top1 = 49.55, top5 = 38.06, top10 = 32.22, top15 = 28.25.
PHY-1001 : End incremental global routing;  0.506523s wall, 0.328125s user + 0.000000s system = 0.328125s CPU (64.8%)

TMR-2503 : Start to update net delay, extr mode = 5.
TMR-2504 : Update delay of 6477 nets completely.
TMR-2502 : Annotate delay completely, extr mode = 5.
TMR-3001 : Initiate 0 clocks from SDC.
TMR-3004 : Map sdc constraints, there are 8 constraints in total.
TMR-3003 : Constraints initiated successfully.
TMR-3501 : Forward propagation: start to calculate arrival time...
TMR-3502 : Backward propagation: start to calculate required time...
TMR-3503 : Timing propagation completes.
OPT-1001 : End timing update;  0.218399s wall, 0.140625s user + 0.000000s system = 0.140625s CPU (64.4%)

OPT-1001 : 0 high-fanout net processed.
OPT-1001 : End high-fanout net optimization;  0.826553s wall, 0.546875s user + 0.000000s system = 0.546875s CPU (66.2%)

OPT-1001 : Current memory(MB): used = 295, reserve = 261, peak = 295.
OPT-1001 : Start global optimization ...
OPT-1001 : Start congestion update ...
RUN-1001 : Generating global routing grids ...
PHY-1001 : Generate routing nets ...
PHY-1001 : Reuse net number 5049/6479.
PHY-1001 : Global iterations in 16 thread ...
PHY-1002 : len = 221408, over cnt = 810(2%), over = 2872, worst = 17
PHY-1002 : len = 236208, over cnt = 513(1%), over = 1132, worst = 12
PHY-1002 : len = 246376, over cnt = 121(0%), over = 261, worst = 12
PHY-1002 : len = 248120, over cnt = 22(0%), over = 40, worst = 7
PHY-1002 : len = 248696, over cnt = 0(0%), over = 0, worst = 0
PHY-1001 : End global iterations;  0.421765s wall, 0.281250s user + 0.000000s system = 0.281250s CPU (66.7%)

PHY-1001 : Congestion index: top1 = 43.56, top5 = 36.39, top10 = 31.58, top15 = 28.36.
OPT-1001 : End congestion update;  0.528605s wall, 0.390625s user + 0.000000s system = 0.390625s CPU (73.9%)

OPT-1001 : Update timing in Manhattan mode
TMR-2503 : Start to update net delay, extr mode = 3.
TMR-2504 : Update delay of 6477 nets completely.
TMR-2502 : Annotate delay completely, extr mode = 3.
TMR-3501 : Forward propagation: start to calculate arrival time...
TMR-3502 : Backward propagation: start to calculate required time...
TMR-3503 : Timing propagation completes.
OPT-1001 : End timing update;  0.133822s wall, 0.140625s user + 0.000000s system = 0.140625s CPU (105.1%)

OPT-0007 : Start: WNS 999170 TNS 0 NUM_FEPS 0
OPT-1001 : End global optimization;  0.662633s wall, 0.531250s user + 0.000000s system = 0.531250s CPU (80.2%)

OPT-1001 : Current memory(MB): used = 299, reserve = 265, peak = 299.
OPT-1001 : End physical optimization;  2.195725s wall, 1.625000s user + 0.031250s system = 1.656250s CPU (75.4%)

PHY-3001 : Start packing ...
SYN-4007 : Packing 0 MUX to BLE ...
SYN-4008 : Packed 0 MUX and 0 SEQ to BLE.
SYN-4007 : Packing 1696 LUT to BLE ...
SYN-4008 : Packed 1696 LUT and 1025 SEQ to BLE.
SYN-4003 : Packing 1794 remaining SEQ's ...
SYN-4005 : Packed 596 SEQ with LUT/SLICE
SYN-4006 : 252 single LUT's are left
SYN-4006 : 1198 single SEQ's are left
SYN-4011 : Packing model "sd_bmp_hdmi" (AL_USER_NORMAL) with 2894/4019 primitive instances ...
PHY-3001 : End packing;  0.266033s wall, 0.125000s user + 0.000000s system = 0.125000s CPU (47.0%)

PHY-1001 : Populate physical database on model sd_bmp_hdmi.
RUN-1001 : There are total 2507 instances
RUN-1001 : 1205 mslices, 1206 lslices, 71 pads, 16 brams, 0 dsps
RUN-1001 : There are total 5564 nets
RUN-1001 : 3513 nets have 2 pins
RUN-1001 : 1494 nets have [3 - 5] pins
RUN-1001 : 397 nets have [6 - 10] pins
RUN-1001 : 113 nets have [11 - 20] pins
RUN-1001 : 38 nets have [21 - 99] pins
RUN-1001 : 9 nets have 100+ pins
PHY-3001 : design contains 2505 instances, 2411 slices, 145 macros(869 instances: 605 mslices 264 lslices)
PHY-3001 : Cell area utilization is 30%
PHY-3001 : After packing: Len = 197964, Over = 129.75
PHY-3001 : Run with size of 2
PHY-3001 : Cell area utilization is 30%
PHY-3001 : Update timing in Manhattan mode ...
RUN-1002 : start command "start_timer -report"
TMR-2505 : Start building timing graph for model sd_bmp_hdmi.
TMR-2506 : Build timing graph completely. Port num: 9, tpin num: 20942, tnet num: 5562, tinst num: 2505, tnode num: 27189, tedge num: 35978.
TMR-2508 : Levelizing timing graph completed, there are 29 levels in total.
TMR-2501 : Timing graph initialized successfully.
TMR-2503 : Start to update net delay, extr mode = 3.
TMR-2504 : Update delay of 5562 nets completely.
TMR-2502 : Annotate delay completely, extr mode = 3.
TMR-3001 : Initiate 0 clocks from SDC.
TMR-3004 : Map sdc constraints, there are 8 constraints in total.
TMR-3003 : Constraints initiated successfully.
TMR-3501 : Forward propagation: start to calculate arrival time...
TMR-3502 : Backward propagation: start to calculate required time...
TMR-3503 : Timing propagation completes.
PHY-3001 : End timing update;  0.763966s wall, 0.640625s user + 0.000000s system = 0.640625s CPU (83.9%)

PHY-3001 : :::0::: Try harder cell spreading with beta_ = 2.15533e-05
PHY-3002 : Step(134): len = 194423, overlap = 129.25
PHY-3002 : Step(135): len = 193169, overlap = 129.25
PHY-3002 : Step(136): len = 189798, overlap = 144.75
PHY-3002 : Step(137): len = 186392, overlap = 144.75
PHY-3002 : Step(138): len = 185854, overlap = 146.5
PHY-3002 : Step(139): len = 183305, overlap = 146.5
PHY-3002 : Step(140): len = 182531, overlap = 151.25
PHY-3002 : Step(141): len = 181614, overlap = 156.75
PHY-3001 : :::1::: Try harder cell spreading with beta_ = 4.31067e-05
PHY-3002 : Step(142): len = 183453, overlap = 151.25
PHY-3002 : Step(143): len = 184060, overlap = 149.25
PHY-3002 : Step(144): len = 185938, overlap = 144.75
PHY-3002 : Step(145): len = 186455, overlap = 143.5
PHY-3002 : Step(146): len = 187995, overlap = 138.25
PHY-3001 : :::2::: Try harder cell spreading with beta_ = 8.62134e-05
PHY-3002 : Step(147): len = 189607, overlap = 133.75
PHY-3002 : Step(148): len = 190678, overlap = 134
PHY-3002 : Step(149): len = 193244, overlap = 127.75
PHY-3001 : Legalization ...
PHY-3001 : End legalization;  0.627105s wall, 0.062500s user + 0.281250s system = 0.343750s CPU (54.8%)

PHY-3001 : Trial Legalized: Len = 226621
PHY-3001 : Run with size of 2
PHY-3001 : Cell area utilization is 29%
PHY-3001 : Update timing in Manhattan mode ...
TMR-2503 : Start to update net delay, extr mode = 3.
TMR-2504 : Update delay of 5562 nets completely.
TMR-2502 : Annotate delay completely, extr mode = 3.
TMR-3501 : Forward propagation: start to calculate arrival time...
TMR-3502 : Backward propagation: start to calculate required time...
TMR-3503 : Timing propagation completes.
PHY-3001 : End timing update;  0.118854s wall, 0.078125s user + 0.000000s system = 0.078125s CPU (65.7%)

PHY-3001 : :::0::: Try harder cell spreading with beta_ = 0.000128948
PHY-3002 : Step(150): len = 216432, overlap = 13.25
PHY-3002 : Step(151): len = 207536, overlap = 37
PHY-3002 : Step(152): len = 203954, overlap = 47.5
PHY-3002 : Step(153): len = 202442, overlap = 52
PHY-3002 : Step(154): len = 201810, overlap = 52.75
PHY-3001 : :::1::: Try harder cell spreading with beta_ = 0.000257897
PHY-3002 : Step(155): len = 202839, overlap = 50.75
PHY-3002 : Step(156): len = 203941, overlap = 48.5
PHY-3002 : Step(157): len = 204748, overlap = 46.75
PHY-3001 : :::2::: Try harder cell spreading with beta_ = 0.000515793
PHY-3002 : Step(158): len = 205774, overlap = 44.25
PHY-3002 : Step(159): len = 206478, overlap = 42.75
PHY-3002 : Step(160): len = 207678, overlap = 42.25
PHY-3002 : Step(161): len = 208151, overlap = 42.5
PHY-3002 : Step(162): len = 208334, overlap = 42
PHY-3001 : Legalization ...
PHY-3001 : End legalization;  0.008153s wall, 0.015625s user + 0.000000s system = 0.015625s CPU (191.7%)

PHY-3001 : Legalized: Len = 218282, Over = 0
PHY-3001 : Spreading special nets. 34 overflows in 2952 tiles.
PHY-3001 : End spreading;  0.022495s wall, 0.015625s user + 0.000000s system = 0.015625s CPU (69.5%)

PHY-3001 : 49 instances has been re-located, deltaX = 10, deltaY = 38, maxDist = 2.
PHY-3001 : Final: Len = 219260, Over = 0
PHY-3001 : BANK 6 DIFFRESISTOR:NONE VOD:350M VCM:1.2
OPT-1001 : Start physical optimization ...
RUN-1002 : start command "start_timer -report"
TMR-2505 : Start building timing graph for model sd_bmp_hdmi.
TMR-2506 : Build timing graph completely. Port num: 9, tpin num: 20942, tnet num: 5562, tinst num: 2506, tnode num: 27189, tedge num: 35978.
TMR-2508 : Levelizing timing graph completed, there are 29 levels in total.
TMR-2501 : Timing graph initialized successfully.
OPT-1001 : Total overflow 0.00 peak overflow 0.00
OPT-1001 : Start high-fanout net optimization ...
OPT-1001 : Update timing in global mode
PHY-1001 : Start incremental global routing, caller is place ...
RUN-1001 : Generating global routing grids ...
PHY-1001 : Generate routing nets ...
PHY-1001 : Reuse net number 280/5564.
PHY-1001 : Global iterations in 16 thread ...
PHY-1002 : len = 253744, over cnt = 622(1%), over = 970, worst = 9
PHY-1002 : len = 258184, over cnt = 284(0%), over = 377, worst = 5
PHY-1002 : len = 261384, over cnt = 110(0%), over = 133, worst = 4
PHY-1002 : len = 262712, over cnt = 28(0%), over = 29, worst = 2
PHY-1002 : len = 263168, over cnt = 0(0%), over = 0, worst = 0
PHY-1001 : End global iterations;  0.691071s wall, 0.453125s user + 0.015625s system = 0.468750s CPU (67.8%)

PHY-1001 : Congestion index: top1 = 40.39, top5 = 32.97, top10 = 29.24, top15 = 26.66.
PHY-1001 : End incremental global routing;  0.820860s wall, 0.546875s user + 0.015625s system = 0.562500s CPU (68.5%)

TMR-2503 : Start to update net delay, extr mode = 5.
TMR-2504 : Update delay of 5562 nets completely.
TMR-2502 : Annotate delay completely, extr mode = 5.
TMR-3001 : Initiate 0 clocks from SDC.
TMR-3004 : Map sdc constraints, there are 8 constraints in total.
TMR-3003 : Constraints initiated successfully.
TMR-3501 : Forward propagation: start to calculate arrival time...
TMR-3502 : Backward propagation: start to calculate required time...
TMR-3503 : Timing propagation completes.
OPT-1001 : End timing update;  0.165435s wall, 0.109375s user + 0.000000s system = 0.109375s CPU (66.1%)

OPT-1001 : 0 high-fanout net processed.
OPT-1001 : End high-fanout net optimization;  1.086715s wall, 0.734375s user + 0.015625s system = 0.750000s CPU (69.0%)

OPT-1001 : Current memory(MB): used = 306, reserve = 273, peak = 306.
OPT-1001 : Start path based optimization ...
OPT-1001 : Start congestion update ...
RUN-1001 : Generating global routing grids ...
PHY-1001 : Generate routing nets ...
PHY-1001 : Reuse net number 4903/5564.
PHY-1001 : Global iterations in 16 thread ...
PHY-1002 : len = 263168, over cnt = 0(0%), over = 0, worst = 0
PHY-1001 : End global iterations;  0.027261s wall, 0.031250s user + 0.000000s system = 0.031250s CPU (114.6%)

PHY-1001 : Congestion index: top1 = 40.39, top5 = 32.97, top10 = 29.24, top15 = 26.66.
OPT-1001 : End congestion update;  0.135276s wall, 0.125000s user + 0.000000s system = 0.125000s CPU (92.4%)

OPT-1001 : Update timing in Manhattan mode
TMR-2503 : Start to update net delay, extr mode = 3.
TMR-2504 : Update delay of 5562 nets completely.
TMR-2502 : Annotate delay completely, extr mode = 3.
TMR-3501 : Forward propagation: start to calculate arrival time...
TMR-3502 : Backward propagation: start to calculate required time...
TMR-3503 : Timing propagation completes.
OPT-1001 : End timing update;  0.104730s wall, 0.109375s user + 0.000000s system = 0.109375s CPU (104.4%)

OPT-0007 : Start: WNS 998945 TNS 0 NUM_FEPS 0
OPT-1001 : End path based optimization;  0.240186s wall, 0.234375s user + 0.000000s system = 0.234375s CPU (97.6%)

OPT-1001 : Current memory(MB): used = 308, reserve = 275, peak = 308.
OPT-1001 : Update timing in Manhattan mode
TMR-2503 : Start to update net delay, extr mode = 3.
TMR-2504 : Update delay of 5562 nets completely.
TMR-2502 : Annotate delay completely, extr mode = 3.
TMR-3501 : Forward propagation: start to calculate arrival time...
TMR-3502 : Backward propagation: start to calculate required time...
TMR-3503 : Timing propagation completes.
OPT-1001 : End timing update;  0.112185s wall, 0.093750s user + 0.000000s system = 0.093750s CPU (83.6%)

OPT-1001 : Start pin optimization...
OPT-1001 : skip pin optimization...
RUN-1001 : Generating global routing grids ...
PHY-1001 : Generate routing nets ...
PHY-1001 : Reuse net number 4903/5564.
PHY-1001 : Global iterations in 16 thread ...
PHY-1002 : len = 263168, over cnt = 0(0%), over = 0, worst = 0
PHY-1001 : End global iterations;  0.035527s wall, 0.046875s user + 0.000000s system = 0.046875s CPU (131.9%)

PHY-1001 : Congestion index: top1 = 40.39, top5 = 32.97, top10 = 29.24, top15 = 26.66.
OPT-1001 : Update timing in Manhattan mode
TMR-2503 : Start to update net delay, extr mode = 3.
TMR-2504 : Update delay of 5562 nets completely.
TMR-2502 : Annotate delay completely, extr mode = 3.
TMR-3501 : Forward propagation: start to calculate arrival time...
TMR-3502 : Backward propagation: start to calculate required time...
TMR-3503 : Timing propagation completes.
OPT-1001 : End timing update;  0.123855s wall, 0.109375s user + 0.000000s system = 0.109375s CPU (88.3%)

RUN-1001 : QoR Analysis:
OPT-0007 :   WNS 998945 TNS 0 NUM_FEPS 0
RUN-1001 :   No local congestion issue, and most congested 1% tile average routing util is 40.000000
RUN-1001 :   Top critical paths
OPT-1001 : End physical optimization;  2.495129s wall, 2.000000s user + 0.015625s system = 2.015625s CPU (80.8%)

RUN-1003 : finish command "place" in  14.462139s wall, 9.171875s user + 2.453125s system = 11.625000s CPU (80.4%)

RUN-1004 : used memory is 291 MB, reserved memory is 259 MB, peak memory is 309 MB
RUN-1002 : start command "export_db SD-SDRAM-ISP-HDMI_place.db"
RUN-1001 : Exported /
RUN-1001 : Exported flow parameters
RUN-1001 : Exported libs
RUN-1001 : Exported entities
RUN-1001 : Exported ports
RUN-1001 : Exported pins
RUN-1001 : Exported instances
RUN-1001 : Exported nets
RUN-1001 : Exported buses
RUN-1001 : Exported models
RUN-1001 : Exported congestions
RUN-1001 : Exported violations
RUN-1001 : Exported timing constraints
RUN-1001 : Exported IO constraints
RUN-1001 : Exported Inst constraints
RUN-1001 : Exported ChipWatcher
RUN-1002 : start command "route"
RUN-1001 : Open license file F:/ARMChina/license/Anlogic.lic
RUN-1001 : Print Global Property
RUN-1001 : ---------------------------------------------------------------
RUN-1001 :        Parameters        |  Settings  |  Default Values  |  Note  
RUN-1001 : ---------------------------------------------------------------
RUN-1001 :          message         |  standard  |     standard     |        
RUN-1001 :   mixed_pack_place_flow  |     on     |        on        |        
RUN-1001 :        qor_monitor       |    off     |       off        |        
RUN-1001 :        syn_ip_flow       |    off     |       off        |        
RUN-1001 :          thread          |    auto    |       auto       |        
RUN-1001 : ---------------------------------------------------------------
RUN-1001 : Print Route Property
RUN-1001 : -------------------------------------------------------
RUN-1001 :    Parameters    |  Settings  |  Default Values  |  Note  
RUN-1001 : -------------------------------------------------------
RUN-1001 :      effort      |   medium   |      medium      |        
RUN-1001 :     fix_hold     |    off     |       off        |        
RUN-1001 :    opt_timing    |   medium   |      medium      |        
RUN-1001 :   phy_sim_model  |    off     |       off        |        
RUN-1001 :     priority     |   timing   |      timing      |        
RUN-1001 :     swap_pin     |     on     |        on        |        
RUN-1001 : -------------------------------------------------------
PHY-1001 : Route runs in 16 thread(s)
RUN-1001 : There are total 2508 instances
RUN-1001 : 1205 mslices, 1206 lslices, 71 pads, 16 brams, 0 dsps
RUN-1001 : There are total 5564 nets
RUN-1001 : 3513 nets have 2 pins
RUN-1001 : 1494 nets have [3 - 5] pins
RUN-1001 : 397 nets have [6 - 10] pins
RUN-1001 : 113 nets have [11 - 20] pins
RUN-1001 : 38 nets have [21 - 99] pins
RUN-1001 : 9 nets have 100+ pins
RUN-1002 : start command "start_timer -report"
TMR-2505 : Start building timing graph for model sd_bmp_hdmi.
TMR-2506 : Build timing graph completely. Port num: 9, tpin num: 20942, tnet num: 5562, tinst num: 2506, tnode num: 27189, tedge num: 35978.
TMR-2508 : Levelizing timing graph completed, there are 29 levels in total.
TMR-2501 : Timing graph initialized successfully.
PHY-1001 : 1205 mslices, 1206 lslices, 71 pads, 16 brams, 0 dsps
TMR-2503 : Start to update net delay, extr mode = 3.
TMR-2504 : Update delay of 5562 nets completely.
TMR-2502 : Annotate delay completely, extr mode = 3.
TMR-3001 : Initiate 0 clocks from SDC.
TMR-3004 : Map sdc constraints, there are 8 constraints in total.
TMR-3003 : Constraints initiated successfully.
TMR-3501 : Forward propagation: start to calculate arrival time...
TMR-3502 : Backward propagation: start to calculate required time...
TMR-3503 : Timing propagation completes.
PHY-1001 : Start global routing, caller is route ...
RUN-1001 : Generating global routing grids ...
PHY-1001 : Generate routing nets ...
PHY-1001 : Global iterations in 16 thread ...
PHY-1002 : len = 252080, over cnt = 602(1%), over = 962, worst = 9
PHY-1002 : len = 256792, over cnt = 279(0%), over = 382, worst = 5
PHY-1002 : len = 260464, over cnt = 75(0%), over = 101, worst = 5
PHY-1002 : len = 261736, over cnt = 0(0%), over = 0, worst = 0
PHY-1001 : End global iterations;  0.685018s wall, 0.468750s user + 0.046875s system = 0.515625s CPU (75.3%)

PHY-1001 : Congestion index: top1 = 39.89, top5 = 32.85, top10 = 29.14, top15 = 26.59.
PHY-1001 : End global routing;  0.830527s wall, 0.578125s user + 0.046875s system = 0.625000s CPU (75.3%)

PHY-1001 : Start detail routing ...
PHY-1001 : Current memory(MB): used = 340, reserve = 308, peak = 343.
PHY-1001 : Detailed router is running in normal mode.
PHY-1001 : Generate detailed routing grids ...
PHY-1001 : Generate nets ...
PHY-1001 : net sys_clk_dup_1 will be routed on clock mesh
PHY-1001 : clock net u_clk_wiz_1/clk0_out will be merged with clock u_clk_wiz_1/clk0_buf
PHY-1001 : net u_ddr3_top/clk_sdram will be routed on clock mesh
PHY-1001 : clock net u_ddr3_top/u_sdram_fifo_ctrl/clk_ref will be merged with clock u_clk_wiz_0/clk0_buf
PHY-1001 : net u_ddr3_top/u_sdram_fifo_ctrl/wrfifo/clkw will be routed on clock mesh
PHY-1001 : net u_hdmi_top/bnr/pclk will be routed on clock mesh
PHY-1001 : clock net config_inst_syn_10 will be merged with clock config_inst_syn_9
PHY-1001 : clock net u_sd_ctrl_top/u_sd_init/div_clk_syn_4 will be merged with clock u_sd_ctrl_top/u_sd_init/div_clk
PHY-1001 : net u_sd_ctrl_top/u_sd_read/clk_ref_180deg will be routed on clock mesh
PHY-1001 : Current memory(MB): used = 591, reserve = 563, peak = 591.
PHY-1001 : End build detailed router design. 3.690593s wall, 2.875000s user + 0.078125s system = 2.953125s CPU (80.0%)

PHY-1001 : Detail Route ...
PHY-1001 : ===== Detail Route Phase 1 =====
PHY-1001 : Clock net routing.....
PHY-1001 : Routed 0% nets.
PHY-1022 : len = 90480, over cnt = 1(0%), over = 1, worst = 1, crit = 0
PHY-1001 : End initial clock net routed; 3.342271s wall, 2.593750s user + 0.015625s system = 2.609375s CPU (78.1%)

PHY-1001 : Ripup-reroute.....
PHY-1001 : ===== DR Iter 1 =====
PHY-1022 : len = 90480, over cnt = 0(0%), over = 0, worst = 0, crit = 0
PHY-1001 : End DR Iter 1; 0.444228s wall, 0.359375s user + 0.000000s system = 0.359375s CPU (80.9%)

PHY-1001 : Current memory(MB): used = 625, reserve = 598, peak = 625.
PHY-1001 : End phase 1; 3.795611s wall, 2.968750s user + 0.015625s system = 2.984375s CPU (78.6%)

PHY-1001 : ===== Detail Route Phase 2 =====
PHY-1001 : Initial routing.....
PHY-1001 : Routed 36% nets.
PHY-1001 : Routed 43% nets.
PHY-1001 : Routed 53% nets.
PHY-1001 : Routed 65% nets.
PHY-1001 : Routed 86% nets.
PHY-1022 : len = 681992, over cnt = 137(0%), over = 137, worst = 1, crit = 0
PHY-1001 : Current memory(MB): used = 627, reserve = 600, peak = 627.
PHY-1001 : End initial routed; 14.534788s wall, 11.734375s user + 0.078125s system = 11.812500s CPU (81.3%)

PHY-1001 : Update timing.....
PHY-1001 : 0/4826(0%) critical/total net(s).
RUN-1001 : ------------------------------------------
RUN-1001 :   Type   |    WNS(ns)    |  TNS(ns)  |  FEP  
RUN-1001 : ------------------------------------------
RUN-1001 :   Setup  |    998.530    |   0.000   |   0   
RUN-1001 :   Hold   |  2147483.647  |   0.000   |   0   
RUN-1001 : ------------------------------------------
PHY-1001 : End update timing; 0.970735s wall, 0.765625s user + 0.000000s system = 0.765625s CPU (78.9%)

PHY-1001 : Current memory(MB): used = 631, reserve = 603, peak = 631.
PHY-1001 : End phase 2; 15.505665s wall, 12.500000s user + 0.078125s system = 12.578125s CPU (81.1%)

PHY-1001 : ===== Detail Route Phase 3 =====
PHY-1001 : Optimize timing.....
PHY-1022 : len = 681992, over cnt = 137(0%), over = 137, worst = 1, crit = 0
PHY-1001 : End optimize timing; 0.021944s wall, 0.015625s user + 0.000000s system = 0.015625s CPU (71.2%)

PHY-1001 : Ripup-reroute.....
PHY-1001 : ===== DR Iter 1 =====
PHY-1022 : len = 680912, over cnt = 54(0%), over = 54, worst = 1, crit = 0
PHY-1001 : End DR Iter 1; 0.099337s wall, 0.078125s user + 0.000000s system = 0.078125s CPU (78.6%)

PHY-1001 : ===== DR Iter 2 =====
PHY-1022 : len = 680576, over cnt = 5(0%), over = 5, worst = 1, crit = 0
PHY-1001 : End DR Iter 2; 0.109969s wall, 0.140625s user + 0.000000s system = 0.140625s CPU (127.9%)

PHY-1001 : ===== DR Iter 3 =====
PHY-1022 : len = 680568, over cnt = 0(0%), over = 0, worst = 0, crit = 0
PHY-1001 : End DR Iter 3; 0.057645s wall, 0.031250s user + 0.000000s system = 0.031250s CPU (54.2%)

PHY-1001 : Update timing.....
PHY-1001 : 0/4826(0%) critical/total net(s).
RUN-1001 : ------------------------------------------
RUN-1001 :   Type   |    WNS(ns)    |  TNS(ns)  |  FEP  
RUN-1001 : ------------------------------------------
RUN-1001 :   Setup  |    998.530    |   0.000   |   0   
RUN-1001 :   Hold   |  2147483.647  |   0.000   |   0   
RUN-1001 : ------------------------------------------
PHY-1001 : End update timing; 0.997996s wall, 0.859375s user + 0.000000s system = 0.859375s CPU (86.1%)

PHY-1001 : Commit to database.....
PHY-1001 : 35 feed throughs used by 26 nets
PHY-1001 : End commit to database; 0.548738s wall, 0.531250s user + 0.000000s system = 0.531250s CPU (96.8%)

PHY-1001 : Current memory(MB): used = 663, reserve = 636, peak = 663.
PHY-1001 : End phase 3; 1.986770s wall, 1.796875s user + 0.000000s system = 1.796875s CPU (90.4%)

PHY-1003 : Routed, final wirelength = 680568
PHY-1001 : Current memory(MB): used = 664, reserve = 638, peak = 664.
PHY-1001 : End export database. 0.019804s wall, 0.031250s user + 0.000000s system = 0.031250s CPU (157.8%)

PHY-1001 : End detail routing;  25.241060s wall, 20.390625s user + 0.187500s system = 20.578125s CPU (81.5%)

RUN-1003 : finish command "route" in  26.989192s wall, 21.750000s user + 0.234375s system = 21.984375s CPU (81.5%)

RUN-1004 : used memory is 632 MB, reserved memory is 607 MB, peak memory is 664 MB
RUN-1002 : start command "report_area -io_info -file SD-SDRAM-ISP-HDMI_phy.area"
RUN-1001 : standard
***Report Model: sd_bmp_hdmi Device: EG4S20BG256***

IO Statistics
#IO                        12
  #input                    5
  #output                   7
  #inout                    0

Utilization Statistics
#lut                     3482   out of  19600   17.77%
#reg                     2824   out of  19600   14.41%
#le                      4679
  #lut only              1855   out of   4679   39.65%
  #reg only              1197   out of   4679   25.58%
  #lut&reg               1627   out of   4679   34.77%
#dsp                        0   out of     29    0.00%
#bram                       6   out of     64    9.38%
  #bram9k                   6
  #fifo9k                   0
#bram32k                   10   out of     16   62.50%
#pad                       16   out of    188    8.51%
  #ireg                     0
  #oreg                     4
  #treg                     0
#pll                        2   out of      4   50.00%
#gclk                       4   out of     16   25.00%

Clock Resource Statistics
Index     ClockNet                                    Type               DriverType         Driver                                                                                Fanout
#1        u_hdmi_top/bnr/pclk                         GCLK               pll                u_clk_wiz_1/pll_inst.clkc1                                                            974
#2        u_clk_wiz_0/clk0_buf                        GCLK               pll                u_clk_wiz_0/pll_inst.clkc0                                                            174
#3        u_ddr3_top/u_sdram_fifo_ctrl/wrfifo/clkw    GCLK               pll                u_clk_wiz_0/pll_inst.clkc3                                                            159
#4        config_inst_syn_9                           GCLK               config             config_inst.jtck                                                                      117
#5        sys_clk_dup_1                               GCLK               io                 sys_clk_syn_2.di                                                                      70
#6        u_sd_ctrl_top/u_sd_init/div_clk             GCLK               mslice             u_hdmi_top/u3_hdmi_tx/Inst_DVITransmitter/Inst_TMDSEncoder_red/n1_d_b[1]_syn_14.q0    63
#7        u_clk_wiz_1/clk0_buf                        GCLK               pll                u_clk_wiz_1/pll_inst.clkc0                                                            39
#8        u_sd_ctrl_top/u_sd_read/clk_ref_180deg      GCLK               pll                u_clk_wiz_0/pll_inst.clkc4                                                            24
#9        u_ddr3_top/clk_sdram                        GCLK               pll                u_clk_wiz_0/pll_inst.clkc1                                                            0


Detailed IO Report

        Name           Direction    Location    IOStandard    DriveStrength    PullType    PackReg  
       sd_miso           INPUT        D14        LVCMOS33          N/A          PULLUP      NONE    
   switch_video[1]       INPUT        B10        LVCMOS33          N/A          PULLUP      NONE    
   switch_video[0]       INPUT        A10        LVCMOS33          N/A          PULLUP      NONE    
       sys_clk           INPUT         R7        LVCMOS33          N/A          PULLUP      NONE    
      sys_rst_n          INPUT         A9        LVCMOS33          N/A          PULLUP      NONE    
       sd_clk           OUTPUT        F15        LVCMOS33           8            NONE       NONE    
        sd_cs           OUTPUT        F13        LVCMOS33           8            NONE       NONE    
       sd_mosi          OUTPUT        F14        LVCMOS33           8            NONE       NONE    
     tmds_clk_p         OUTPUT         P1         LVDS33           NA            NONE      ODDRX1   
    tmds_clk_p(n)       OUTPUT         R1         LVDS33           NA            NONE      ODDRX1   
   tmds_data_p[2]       OUTPUT         J3         LVDS33           NA            NONE      ODDRX1   
  tmds_data_p[2](n)     OUTPUT         J4         LVDS33           NA            NONE      ODDRX1   
   tmds_data_p[1]       OUTPUT         P4         LVDS33           NA            NONE      ODDRX1   
  tmds_data_p[1](n)     OUTPUT         N4         LVDS33           NA            NONE      ODDRX1   
   tmds_data_p[0]       OUTPUT         N1         LVDS33           NA            NONE      ODDRX1   
  tmds_data_p[0](n)     OUTPUT         M1         LVDS33           NA            NONE      ODDRX1   
       dq[23]            INPUT        S31        LVCMOS25           8           PULLUP      NONE    
       dq[22]            INPUT        S32        LVCMOS25           8           PULLUP      NONE    
       dq[21]            INPUT        S35        LVCMOS25           8           PULLUP      NONE    
       dq[20]            INPUT        S36        LVCMOS25           8           PULLUP      NONE    
       dq[19]            INPUT        S37        LVCMOS25           8           PULLUP      NONE    
       dq[18]            INPUT        S38        LVCMOS25           8           PULLUP      NONE    
       dq[17]            INPUT        S41        LVCMOS25           8           PULLUP      NONE    
       dq[16]            INPUT        S42        LVCMOS25           8           PULLUP      NONE    
       dq[31]            INPUT        S48        LVCMOS25           8           PULLUP      NONE    
       dq[30]            INPUT        S49        LVCMOS25           8           PULLUP      NONE    
       dq[29]            INPUT        S52        LVCMOS25           8           PULLUP      NONE    
       dq[28]            INPUT        S53        LVCMOS25           8           PULLUP      NONE    
       dq[27]            INPUT        S54        LVCMOS25           8           PULLUP      NONE    
       dq[26]            INPUT        S55        LVCMOS25           8           PULLUP      NONE    
       dq[25]            INPUT        S58        LVCMOS25           8           PULLUP      NONE    
       dq[24]            INPUT        S59        LVCMOS25           8           PULLUP      NONE    
         dm0            OUTPUT        S14        LVCMOS25           8            NONE       NONE    
         cke            OUTPUT        S18        LVCMOS25           8            NONE       OREG    
        we_n            OUTPUT        S19        LVCMOS25           8            NONE       OREG    
        cas_n           OUTPUT        S20        LVCMOS25           8            NONE       OREG    
        ras_n           OUTPUT        S21        LVCMOS25           8            NONE       OREG    
        cs_n            OUTPUT        S22        LVCMOS25           8            NONE       OREG    
       addr[9]          OUTPUT        S23        LVCMOS25           8            NONE       OREG    
       addr[8]          OUTPUT        S24        LVCMOS25           8            NONE       OREG    
       addr[7]          OUTPUT        S25        LVCMOS25           8            NONE       OREG    
       addr[6]          OUTPUT        S26        LVCMOS25           8            NONE       OREG    
       addr[5]          OUTPUT        S27        LVCMOS25           8            NONE       OREG    
       addr[4]          OUTPUT        S28        LVCMOS25           8            NONE       OREG    
         dm2            OUTPUT        S29        LVCMOS25           8            NONE       NONE    
         dm3            OUTPUT        S61        LVCMOS25           8            NONE       NONE    
       addr[3]          OUTPUT        S64        LVCMOS25           8            NONE       OREG    
       addr[2]          OUTPUT        S65        LVCMOS25           8            NONE       OREG    
       addr[1]          OUTPUT        S66        LVCMOS25           8            NONE       OREG    
       addr[0]          OUTPUT        S67        LVCMOS25           8            NONE       OREG    
      addr[10]          OUTPUT        S68        LVCMOS25           8            NONE       OREG    
        ba[0]           OUTPUT        S69        LVCMOS25           8            NONE       OREG    
        ba[1]           OUTPUT        S70        LVCMOS25           8            NONE       OREG    
         clk            OUTPUT        S73        LVCMOS25           8            NONE       NONE    
         dm1            OUTPUT        S76        LVCMOS25           8            NONE       NONE    
        dq[0]            INOUT         S1        LVCMOS25           8           PULLUP      IREG    
        dq[6]            INOUT        S11        LVCMOS25           8           PULLUP      IREG    
        dq[7]            INOUT        S12        LVCMOS25           8           PULLUP      IREG    
        dq[1]            INOUT         S2        LVCMOS25           8           PULLUP      IREG    
        dq[2]            INOUT         S5        LVCMOS25           8           PULLUP      IREG    
        dq[3]            INOUT         S6        LVCMOS25           8           PULLUP      IREG    
        dq[4]            INOUT         S7        LVCMOS25           8           PULLUP      IREG    
        dq[8]            INOUT        S78        LVCMOS25           8           PULLUP      IREG    
        dq[9]            INOUT        S79        LVCMOS25           8           PULLUP      IREG    
        dq[5]            INOUT         S8        LVCMOS25           8           PULLUP      IREG    
       dq[10]            INOUT        S82        LVCMOS25           8           PULLUP      IREG    
       dq[11]            INOUT        S83        LVCMOS25           8           PULLUP      IREG    
       dq[12]            INOUT        S84        LVCMOS25           8           PULLUP      IREG    
       dq[13]            INOUT        S85        LVCMOS25           8           PULLUP      IREG    
       dq[14]            INOUT        S88        LVCMOS25           8           PULLUP      IREG    
       dq[15]            INOUT        S89        LVCMOS25           8           PULLUP      IREG    

Report Hierarchy Area:
+-------------------------------------------------------------------------------------------------------------------------------------+
|Instance                            |Module                                     |le     |lut     |ripple  |seq     |bram    |dsp     |
+-------------------------------------------------------------------------------------------------------------------------------------+
|top                                 |sd_bmp_hdmi                                |4679   |2613    |869     |2828    |16      |0       |
|  u_clk_wiz_0                       |PLL                                        |0      |0       |0       |0       |0       |0       |
|  u_clk_wiz_1                       |PLL_hdmi                                   |0      |0       |0       |0       |0       |0       |
|  u_ddr3_top                        |ddr3_top1                                  |593    |369     |100     |353     |2       |0       |
|    physica_sdram                   |SDRAM                                      |0      |0       |0       |0       |0       |0       |
|    u_sdram_controller              |sdram_controller                           |213    |155     |40      |83      |0       |0       |
|      u_sdram_cmd                   |sdram_cmd                                  |41     |41      |0       |14      |0       |0       |
|      u_sdram_ctrl                  |sdram_ctrl                                 |155    |109     |40      |52      |0       |0       |
|      u_sdram_data                  |sdram_data                                 |17     |5       |0       |17      |0       |0       |
|    u_sdram_fifo_ctrl               |sdram_fifo_ctrl                            |380    |214     |60      |270     |2       |0       |
|      rdfifo                        |SOFTFIFO                                   |149    |80      |18      |122     |1       |0       |
|        ram_inst                    |ram_infer_SOFTFIFO                         |13     |0       |0       |13      |1       |0       |
|        rd_to_wr_cross_inst         |fifo_cross_domain_addr_process_al_SOFTFIFO |44     |26      |0       |44      |0       |0       |
|        wr_to_rd_cross_inst         |fifo_cross_domain_addr_process_al_SOFTFIFO |32     |28      |0       |32      |0       |0       |
|      wrfifo                        |SOFTFIFO                                   |147    |74      |18      |115     |1       |0       |
|        ram_inst                    |ram_infer_SOFTFIFO                         |15     |0       |0       |15      |1       |0       |
|        rd_to_wr_cross_inst         |fifo_cross_domain_addr_process_al_SOFTFIFO |37     |20      |0       |37      |0       |0       |
|        wr_to_rd_cross_inst         |fifo_cross_domain_addr_process_al_SOFTFIFO |34     |21      |0       |34      |0       |0       |
|  u_hdmi_top                        |hdmi_top1                                  |2934   |1472    |567     |1786    |8       |0       |
|    bnr                             |isp_bnr                                    |592    |116     |63      |483     |4       |0       |
|      linebuffer                    |shift_register                             |61     |29      |16      |30      |4       |0       |
|        gen_ram_inst[0]$u_ram       |simple_dp_ram                              |0      |0       |0       |0       |1       |0       |
|        gen_ram_inst[1]$u_ram       |simple_dp_ram                              |0      |0       |0       |0       |1       |0       |
|        gen_ram_inst[2]$u_ram       |simple_dp_ram                              |0      |0       |0       |0       |1       |0       |
|        gen_ram_inst[3]$u_ram       |simple_dp_ram                              |2      |2       |0       |1       |1       |0       |
|    dpc                             |isp_dpc                                    |1923   |1048    |407     |1102    |4       |0       |
|      linebuffer                    |shift_register                             |59     |31      |16      |27      |4       |0       |
|        gen_ram_inst[0]$u_ram       |simple_dp_ram                              |0      |0       |0       |0       |1       |0       |
|        gen_ram_inst[1]$u_ram       |simple_dp_ram                              |0      |0       |0       |0       |1       |0       |
|        gen_ram_inst[2]$u_ram       |simple_dp_ram                              |0      |0       |0       |0       |1       |0       |
|        gen_ram_inst[3]$u_ram       |simple_dp_ram                              |0      |0       |0       |0       |1       |0       |
|    u3_hdmi_tx                      |hdmi_tx                                    |269    |219     |36      |173     |0       |0       |
|      Inst_DVITransmitter           |DVITransmitter                             |269    |219     |36      |173     |0       |0       |
|        Inst_TMDSEncoder_blue       |TMDSEncoder                                |77     |64      |12      |42      |0       |0       |
|        Inst_TMDSEncoder_green      |TMDSEncoder                                |64     |52      |12      |41      |0       |0       |
|        Inst_TMDSEncoder_red        |TMDSEncoder                                |81     |69      |12      |44      |0       |0       |
|        Inst_blue_serializer_10_1   |Serial_N_1_lvds_dat                        |13     |11      |0       |13      |0       |0       |
|        Inst_clk_serializer_10_1    |Serial_N_1_lvds                            |6      |3       |0       |6       |0       |0       |
|        Inst_green_serializer_10_1  |Serial_N_1_lvds_dat                        |14     |10      |0       |13      |0       |0       |
|        Inst_red_serializer_10_1    |Serial_N_1_lvds_dat                        |14     |10      |0       |14      |0       |0       |
|    u_video_driver                  |video_driver                               |150    |89      |61      |28      |0       |0       |
|  u_sd_ctrl_top                     |sd_ctrl_top                                |362    |253     |45      |216     |0       |0       |
|    u_sd_init                       |sd_init                                    |218    |161     |30      |109     |0       |0       |
|    u_sd_read                       |sd_read                                    |144    |92      |15      |107     |0       |0       |
|  u_sd_read_photo                   |read_rawdata                               |308    |228     |72      |157     |0       |0       |
|  cw_top                            |CW_TOP_WRAPPER                             |478    |287     |85      |310     |0       |0       |
|    wrapper_cwc_top                 |cwc_top                                    |478    |287     |85      |310     |0       |0       |
|      cfg_int_inst                  |cwc_cfg_int                                |201    |104     |0       |192     |0       |0       |
|        reg_inst                    |register                                   |199    |102     |0       |190     |0       |0       |
|        tap_inst                    |tap                                        |2      |2       |0       |2       |0       |0       |
|      trigger_inst                  |trigger                                    |277    |183     |85      |118     |0       |0       |
|        bus_inst                    |bus_top                                    |73     |47      |24      |31      |0       |0       |
|          BUS_DETECTOR[0]$bus_nodes |bus_det                                    |1      |0       |0       |1       |0       |0       |
|          BUS_DETECTOR[1]$bus_nodes |bus_det                                    |2      |2       |0       |2       |0       |0       |
|          BUS_DETECTOR[2]$bus_nodes |bus_det                                    |2      |2       |0       |2       |0       |0       |
|          BUS_DETECTOR[3]$bus_nodes |bus_det                                    |2      |2       |0       |2       |0       |0       |
|          BUS_DETECTOR[4]$bus_nodes |bus_det                                    |50     |31      |18      |16      |0       |0       |
|          BUS_DETECTOR[5]$bus_nodes |bus_det                                    |16     |10      |6       |8       |0       |0       |
|        emb_ctrl_inst               |emb_ctrl                                   |110    |81      |29      |54      |0       |0       |
+-------------------------------------------------------------------------------------------------------------------------------------+


DataNet Average Fanout:

   Index     Fanout     Nets  
    #1          1       3500  
    #2          2       970   
    #3          3       375   
    #4          4       149   
    #5        5-10      410   
    #6        11-50     130   
    #7       51-100      4    
    #8       101-500     2    
    #9        >500       1    
  Average     2.48            

RUN-1002 : start command "export_db SD-SDRAM-ISP-HDMI_pr.db"
RUN-1001 : Exported /
RUN-1001 : Exported flow parameters
RUN-1001 : Exported libs
RUN-1001 : Exported entities
RUN-1001 : Exported ports
RUN-1001 : Exported pins
RUN-1001 : Exported instances
RUN-1001 : Exported nets
RUN-1001 : Exported buses
RUN-1001 : Exported models
RUN-1001 : Exported congestions
RUN-1001 : Exported violations
RUN-1001 : Exported timing constraints
RUN-1001 : Exported IO constraints
RUN-1001 : Exported Inst constraints
RUN-1001 : Exported ChipWatcher
RUN-1002 : start command "start_timer"
TMR-2505 : Start building timing graph for model sd_bmp_hdmi.
TMR-2506 : Build timing graph completely. Port num: 9, tpin num: 20942, tnet num: 5562, tinst num: 2506, tnode num: 27189, tedge num: 35978.
TMR-2508 : Levelizing timing graph completed, there are 29 levels in total.
TMR-2501 : Timing graph initialized successfully.
RUN-1002 : start command "report_timing -mode FINAL -net_info -rpt_autogen true -file SD-SDRAM-ISP-HDMI_phy.timing"
TMR-2503 : Start to update net delay, extr mode = 6.
TMR-2504 : Update delay of 5562 nets completely.
TMR-2502 : Annotate delay completely, extr mode = 6.
TMR-3001 : Initiate 0 clocks from SDC.
TMR-3004 : Map sdc constraints, there are 8 constraints in total.
TMR-3003 : Constraints initiated successfully.
TMR-3501 : Forward propagation: start to calculate arrival time...
TMR-3502 : Backward propagation: start to calculate required time...
TMR-3503 : Timing propagation completes.
TMR-3506 : Start to generate timing report.
TMR-1502 : Number of clock constraints = 0. Number of clock nets = 9 (9 unconstrainted).
TMR-5009 WARNING: No clock constraint on 9 clock net(s): 
		config_inst_syn_10
		sys_clk_dup_1
		u_clk_wiz_1/clk0_out
		u_ddr3_top/clk_sdram
		u_ddr3_top/u_sdram_fifo_ctrl/clk_ref
		u_ddr3_top/u_sdram_fifo_ctrl/wrfifo/clkw
		u_hdmi_top/bnr/pclk
		u_sd_ctrl_top/u_sd_init/div_clk_syn_4
		u_sd_ctrl_top/u_sd_read/clk_ref_180deg
USR-6122 CRITICAL-WARNING: No clock constraint on PLL u_clk_wiz_0/pll_inst
USR-6122 CRITICAL-WARNING: No clock constraint on PLL u_clk_wiz_1/pll_inst
TMR-3508 : Export timing summary.
TMR-3507 : Timing report generated successfully in SD-SDRAM-ISP-HDMI_phy.timing, timing summary in SD-SDRAM-ISP-HDMI_phy.tsm.
RUN-1002 : start command "export_bid SD-SDRAM-ISP-HDMI_inst.bid"
PRG-1000 : <!-- HMAC is: 484c792a741660ca46cb6eb6d8e03f40f070c3f37fdc9f099ce0e0f63923d326 -->
RUN-1002 : start command "bitgen -bit SD-SDRAM-ISP-HDMI.bit"
BIT-1003 : Start to generate bitstream. 
BIT-1002 : Init instances with 16 threads.
BIT-1002 : Init instances completely, inst num: 2506
BIT-1002 : Init pips with 16 threads.
BIT-1002 : Init pips completely, net num: 5564, pip num: 48465
BIT-1002 : Init feedthrough with 16 threads.
BIT-1002 : Init feedthrough completely, num: 35
BIT-1003 : Multithreading accelaration with 16 threads.
BIT-1003 : Generate bitstream completely, there are 2276 valid insts, and 142565 bits set as '1'.
BIT-1004 : the usercode register value: 00000000100011001000011001101001
BIT-1004 : PLL setting string = 0110
BIT-1004 : Generate bits file SD-SDRAM-ISP-HDMI.bit.
RUN-1003 : finish command "bitgen -bit SD-SDRAM-ISP-HDMI.bit" in  4.591881s wall, 24.984375s user + 0.281250s system = 25.265625s CPU (550.2%)

RUN-1004 : used memory is 647 MB, reserved memory is 627 MB, peak memory is 818 MB
RUN-1002 : start command "backup_run_log run.log ../.logs/phy_1/td_20240704_150448.log"
