============================================================
   Tang Dynasty, V5.6.71036
      Copyright (c) 2012-2023 Anlogic Inc.
   Executable = F:/ARMChina/bin/td.exe
   Built at =   20:34:38 Mar 21 2023
   Run by =     Illyasvial Von Einzb
   Run Date =   Fri Jul  5 01:46:54 2024

   Run on =     LAPTOP-4S5LNBPI
============================================================
RUN-1002 : start command "open_project SD-SDRAM-ISP-HDMI.prj"
RUN-1001 : Print Global Property
RUN-1001 : ---------------------------------------------------------------
RUN-1001 :        Parameters        |  Settings  |  Default Values  |  Note  
RUN-1001 : ---------------------------------------------------------------
RUN-1001 :          message         |  standard  |     standard     |        
RUN-1001 :   mixed_pack_place_flow  |     on     |        on        |        
RUN-1001 :        qor_monitor       |    off     |       off        |        
RUN-1001 :        syn_ip_flow       |    off     |       off        |        
RUN-1001 :          thread          |    auto    |       auto       |        
RUN-1001 : ---------------------------------------------------------------
RUN-1001 : Print Design Property
RUN-1001 : --------------------------------------------------------------
RUN-1001 :        Parameters       |  Settings  |  Default Values  |  Note  
RUN-1001 : --------------------------------------------------------------
RUN-1001 :   default_reg_initial   |    auto    |       auto       |        
RUN-1001 :        infer_add        |     on     |        on        |        
RUN-1001 :        infer_fsm        |    off     |       off        |        
RUN-1001 :        infer_mult       |     on     |        on        |        
RUN-1001 :        infer_ram        |     on     |        on        |        
RUN-1001 :        infer_reg        |     on     |        on        |        
RUN-1001 :   infer_reg_init_value  |     on     |        on        |        
RUN-1001 :        infer_rom        |     on     |        on        |        
RUN-1001 :      infer_shifter      |     on     |        on        |        
RUN-1001 : --------------------------------------------------------------
RUN-1001 : Print Rtl Property
RUN-1001 : --------------------------------------------------------------
RUN-1001 :        Parameters       |  Settings  |  Default Values  |  Note  
RUN-1001 : --------------------------------------------------------------
RUN-1001 :       compress_add      |   ripple   |      ripple      |        
RUN-1001 :        elf_sload        |    off     |       off        |        
RUN-1001 :       fix_undriven      |     0      |        0         |        
RUN-1001 :         flatten         |    off     |       off        |        
RUN-1001 :       gate_sharing      |     on     |        on        |        
RUN-1001 :    hdl_warning_level    |   normal   |      normal      |        
RUN-1001 :   impl_internal_tribuf  |     on     |        on        |        
RUN-1001 :      impl_set_reset     |     on     |        on        |        
RUN-1001 :        infer_gsr        |    off     |       off        |        
RUN-1001 :      keep_hierarchy     |    auto    |       auto       |        
RUN-1001 :        max_fanout       |    9999    |       9999       |        
RUN-1001 :      max_oh2bin_len     |     10     |        10        |        
RUN-1001 :       merge_equal       |     on     |        on        |        
RUN-1001 :       merge_equiv       |     on     |        on        |        
RUN-1001 :        merge_mux        |    off     |       off        |        
RUN-1001 :     min_control_set     |     8      |        8         |        
RUN-1001 :      min_ripple_len     |    auto    |       auto       |        
RUN-1001 :       oh2bin_ratio      |    0.08    |       0.08       |        
RUN-1001 :     opt_adder_fanout    |     on     |        on        |        
RUN-1001 :        opt_arith        |     on     |        on        |        
RUN-1001 :       opt_big_gate      |    off     |       off        |        
RUN-1001 :        opt_const        |     on     |        on        |        
RUN-1001 :      opt_const_mult     |     on     |        on        |        
RUN-1001 :       opt_lessthan      |     on     |        on        |        
RUN-1001 :         opt_mux         |    off     |       off        |        
RUN-1001 :         opt_ram         |    high    |       high       |        
RUN-1001 :      rtl_sim_model      |    off     |       off        |        
RUN-1001 :         seq_syn         |     on     |        on        |        
RUN-1001 : --------------------------------------------------------------
HDL-1007 : analyze verilog file ../../import/ddr3-al_ip/SOFTFIFO.v
HDL-1007 : analyze verilog file ../../import/ddr3-al_ip/SDRAM.v
HDL-1007 : analyze verilog file ../../al_ip/PLL.v
HDL-1007 : undeclared symbol 'open', assumed default net type 'wire' in ../../al_ip/PLL.v(92)
HDL-1007 : analyze verilog file ../../al_ip/PLL_hdmi.v
HDL-1007 : undeclared symbol 'open', assumed default net type 'wire' in ../../al_ip/PLL_hdmi.v(70)
HDL-1007 : analyze VHDL file ../../import/hdmi-rtl/enc_file/SerializerN_1_lvds.enc.vhd
Copyright (c) 1998-2019 The OpenSSL Project.  All rights reserved.
This product includes software developed by the OpenSSL Project
for use in the OpenSSL Toolkit (http://www.openssl.org/)
Copyright (C) 1995-1998 Eric Young (eay@cryptsoft.com)
All rights reserved.
This product includes cryptographic software written by Eric Young (eay@cryptsoft.com)
HDL-1007 : analyze entity ** in encrypted_text(0)
HDL-1007 : analyze architecture ** in encrypted_text(0)
HDL-1007 : analyze VHDL file ../../import/hdmi-rtl/enc_file/SerializerN_1_lvds_dat.enc.vhd
HDL-1007 : analyze entity ** in encrypted_text(0)
HDL-1007 : analyze architecture ** in encrypted_text(0)
HDL-1007 : analyze VHDL file ../../import/hdmi-rtl/enc_file/TMDSEncoder.enc.vhd
HDL-1007 : analyze entity ** in encrypted_text(0)
HDL-1007 : analyze architecture ** in encrypted_text(0)
HDL-1007 : analyze verilog file ../../import/hdmi-rtl/enc_file/video_tpg_1024768.enc.v
HDL-5007 WARNING: literal value ** truncated to fit in ** bits in encrypted_text(0)
HDL-1007 : back to file '../../import/hdmi-rtl/enc_file/video_tpg_1024768.enc.v' in ../../import/hdmi-rtl/enc_file/video_tpg_1024768.enc.v(216)
HDL-1007 : analyze verilog file ../../import/hdmi-rtl/enc_file/video_tpg_1080p.enc.v
HDL-1007 : back to file '../../import/hdmi-rtl/enc_file/video_tpg_1080p.enc.v' in ../../import/hdmi-rtl/enc_file/video_tpg_1080p.enc.v(208)
HDL-1007 : analyze verilog file ../../import/hdmi-rtl/enc_file/video_tpg_12801024p.enc.v
HDL-1007 : back to file '../../import/hdmi-rtl/enc_file/video_tpg_12801024p.enc.v' in ../../import/hdmi-rtl/enc_file/video_tpg_12801024p.enc.v(207)
HDL-1007 : analyze verilog file ../../import/hdmi-rtl/enc_file/video_tpg_1280800.enc.v
HDL-5007 WARNING: literal value ** truncated to fit in ** bits in encrypted_text(0)
HDL-1007 : back to file '../../import/hdmi-rtl/enc_file/video_tpg_1280800.enc.v' in ../../import/hdmi-rtl/enc_file/video_tpg_1280800.enc.v(216)
HDL-1007 : analyze verilog file ../../import/hdmi-rtl/enc_file/video_tpg_16801050p.enc.v
HDL-1007 : back to file '../../import/hdmi-rtl/enc_file/video_tpg_16801050p.enc.v' in ../../import/hdmi-rtl/enc_file/video_tpg_16801050p.enc.v(209)
HDL-1007 : analyze verilog file ../../import/hdmi-rtl/enc_file/video_tpg_800600.enc.v
HDL-1007 : back to file '../../import/hdmi-rtl/enc_file/video_tpg_800600.enc.v' in ../../import/hdmi-rtl/enc_file/video_tpg_800600.enc.v(211)
HDL-1007 : analyze verilog file ../../import/hdmi_top/hdmi_top.v
HDL-1007 : analyze verilog file ../../import/hdmi_top/video_driver.v
HDL-1007 : analyze verilog file ../../import/sd_bmp_hdmi.v
HDL-1007 : undeclared symbol 'rd_vsync', assumed default net type 'wire' in ../../import/sd_bmp_hdmi.v(200)
HDL-1007 : analyze verilog file ../../import/sd_ctrl_top/sd_ctrl_top.v
HDL-1007 : analyze verilog file ../../import/sd_ctrl_top/sd_init.v
HDL-1007 : analyze verilog file ../../import/sd_ctrl_top/sd_read.v
HDL-1007 : analyze verilog file ../../import/sd_ctrl_top/sd_write.v
HDL-1007 : analyze VHDL file ../../import/hdmi-rtl/enc_file/DVITransmitter.enc.vhd
HDL-1007 : analyze entity dvitransmitter in ../../import/hdmi-rtl/enc_file/DVITransmitter.enc.vhd(13)
HDL-1007 : analyze architecture ** in encrypted_text(0)
HDL-1007 : analyze VHDL file ../../import/hdmi-rtl/hdmi_tx.vhd
HDL-1007 : analyze entity hdmi_tx in ../../import/hdmi-rtl/hdmi_tx.vhd(11)
HDL-1007 : analyze architecture behavioral in ../../import/hdmi-rtl/hdmi_tx.vhd(33)
HDL-1007 : analyze verilog file ../../import/DDR3-rtl/sdram_cmd.v
HDL-1007 : analyze included file ../../import/DDR3-rtl/sdram_para.v in ../../import/DDR3-rtl/sdram_cmd.v(46)
HDL-1007 : back to file '../../import/DDR3-rtl/sdram_cmd.v' in ../../import/DDR3-rtl/sdram_cmd.v(46)
HDL-1007 : analyze verilog file ../../import/DDR3-rtl/sdram_controller.v
HDL-1007 : analyze verilog file ../../import/DDR3-rtl/sdram_ctrl.v
HDL-1007 : analyze included file ../../import/DDR3-rtl/sdram_para.v in ../../import/DDR3-rtl/sdram_ctrl.v(19)
HDL-1007 : back to file '../../import/DDR3-rtl/sdram_ctrl.v' in ../../import/DDR3-rtl/sdram_ctrl.v(19)
HDL-1007 : analyze verilog file ../../import/DDR3-rtl/sdram_data.v
HDL-1007 : analyze included file ../../import/DDR3-rtl/sdram_para.v in ../../import/DDR3-rtl/sdram_data.v(13)
HDL-1007 : back to file '../../import/DDR3-rtl/sdram_data.v' in ../../import/DDR3-rtl/sdram_data.v(13)
HDL-1007 : analyze verilog file ../../import/DDR3-rtl/sdram_fifo_ctrl.v
HDL-1007 : analyze verilog file ../../import/DDR3-rtl/sdram_top.v
HDL-1007 : analyze verilog file ../../import/read_rawdata.v
HDL-1007 : analyze verilog file ../../import/hdmi_top/ISP_include.v
HDL-1007 : analyze verilog file ../../import/hdmi_top/ISP_debayer_l.v
HDL-1007 : analyze verilog file ../../import/hdmi_top/ISP_awb_top.v
HDL-1007 : undeclared symbol 'video_de', assumed default net type 'wire' in ../../import/hdmi_top/ISP_awb_top.v(93)
HDL-1007 : analyze verilog file ../../import/hdmi_top/ISP_cal_awb.v
HDL-1007 : analyze verilog file ../../import/hdmi_top/ISP_static_awb.v
HDL-1007 : analyze verilog file ../../import/hdmi_top/ISP_wb.v
RUN-1001 : Project manager successfully analyzed 36 source files.
RUN-1002 : start command "import_device eagle_s20.db -package EG4S20BG256"
ARC-1001 : Device Initialization.
ARC-1001 : ------------------------------------------------------------------
ARC-1001 :            OPTION            |          IO          |   SETTING   
ARC-1001 : ------------------------------------------------------------------
ARC-1001 :   cso_b/cclk/mosi/miso/dout  |  T3/R11/T10/P10/S11  |    gpio    
ARC-1001 :             done             |         P13          |    gpio    
ARC-1001 :           program_b          |          T2          |  dedicate  
ARC-1001 :        tdi/tms/tck/tdo       |   C12/A15/C14/E14    |  dedicate  
ARC-1001 : ------------------------------------------------------------------
ARC-1004 : Device setting, marked 5 dedicate IOs in total.
RUN-1002 : start command "import_db ../syn_1/SD-SDRAM-ISP-HDMI_gate.db"
RUN-1001 : Importing database generated by Tang Dynasty, V5.6.71036.
RUN-1001 : Database version number 46146.
RUN-1001 : Import flow parameters
RUN-1001 : Import timing constraints
RUN-1001 : Import IO constraints
RUN-1001 : Import Inst constraints
RUN-1001 : Import design success TD_VERSION=5.6.71036 , DB_VERSION=46146
RUN-1002 : start command "read_sdc -ip SOFTFIFO ../../import/ddr3-al_ip/SOFTFIFO.tcl"
RUN-1002 : start command "get_ports clkw"
RUN-1002 : start command "get_nets  clkw  "
RUN-1002 : start command "get_clocks -nowarn -of nets 9663676416000"
RUN-1002 : start command "get_ports clkr"
RUN-1002 : start command "get_nets  clkr  "
RUN-1002 : start command "get_clocks -nowarn -of nets 11063835754496"
RUN-1002 : start command "get_property -nowarn -max PERIOD "
RUN-1002 : start command "get_property -nowarn -max PERIOD "
RUN-1002 : start command "get_regs rd_to_wr_cross_inst/primary_addr_gray_reg[*]"
RUN-1002 : start command "get_regs rd_to_wr_cross_inst/sync_r1[*]"
RUN-1002 : start command "set_max_delay -from  -to  999.70000000000005 -datapath_only"
RUN-1002 : start command "get_regs rd_to_wr_cross_inst/primary_addr_gray_reg[*]"
RUN-1002 : start command "get_regs rd_to_wr_cross_inst/sync_r1[*]"
RUN-1002 : start command "set_false_path -from  -to  -hold 999.70000000000005"
USR-1002 : set_false_path -help -setup -hold -from <list> -rise_from <list> -fall_from <list> -to <list> -rise_to <list> -fall_to <list> -through <list>
RUN-1002 : start command "get_regs wr_to_rd_cross_inst/primary_addr_gray_reg[*]"
RUN-1002 : start command "get_regs wr_to_rd_cross_inst/sync_r1[*]"
RUN-1002 : start command "set_max_delay -from  -to  999.70000000000005 -datapath_only"
RUN-1002 : start command "get_regs wr_to_rd_cross_inst/primary_addr_gray_reg[*]"
RUN-1002 : start command "get_regs wr_to_rd_cross_inst/sync_r1[*]"
RUN-1002 : start command "set_false_path -from  -to  -hold 999.70000000000005"
USR-1002 : set_false_path -help -setup -hold -from <list> -rise_from <list> -fall_from <list> -to <list> -rise_to <list> -fall_to <list> -through <list>
RUN-1002 : start command "get_ports clkw"
RUN-1002 : start command "get_nets  clkw  "
RUN-1002 : start command "get_clocks -nowarn -of nets 17514876633088"
RUN-1002 : start command "get_ports clkr"
RUN-1002 : start command "get_nets  clkr  "
RUN-1002 : start command "get_clocks -nowarn -of nets 9663676416000"
RUN-1002 : start command "get_property -nowarn -max PERIOD "
RUN-1002 : start command "get_property -nowarn -max PERIOD "
RUN-1002 : start command "get_regs rd_to_wr_cross_inst/primary_addr_gray_reg[*]"
RUN-1002 : start command "get_regs rd_to_wr_cross_inst/sync_r1[*]"
RUN-1002 : start command "set_max_delay -from  -to  999.70000000000005 -datapath_only"
RUN-1002 : start command "get_regs rd_to_wr_cross_inst/primary_addr_gray_reg[*]"
RUN-1002 : start command "get_regs rd_to_wr_cross_inst/sync_r1[*]"
RUN-1002 : start command "set_false_path -from  -to  -hold 999.70000000000005"
USR-1002 : set_false_path -help -setup -hold -from <list> -rise_from <list> -fall_from <list> -to <list> -rise_to <list> -fall_to <list> -through <list>
RUN-1002 : start command "get_regs wr_to_rd_cross_inst/primary_addr_gray_reg[*]"
RUN-1002 : start command "get_regs wr_to_rd_cross_inst/sync_r1[*]"
RUN-1002 : start command "set_max_delay -from  -to  999.70000000000005 -datapath_only"
RUN-1002 : start command "get_regs wr_to_rd_cross_inst/primary_addr_gray_reg[*]"
RUN-1002 : start command "get_regs wr_to_rd_cross_inst/sync_r1[*]"
RUN-1002 : start command "set_false_path -from  -to  -hold 999.70000000000005"
USR-1002 : set_false_path -help -setup -hold -from <list> -rise_from <list> -fall_from <list> -to <list> -rise_to <list> -fall_to <list> -through <list>
RUN-1002 : start command "config_chipwatcher ../../sd_HDMI.cwc -dir "
RUN-1002 : start command "legalize_phy_inst"
SYN-1011 : Flatten model sd_bmp_hdmi
KIT-1004 : ChipWatcher: import watcher inst auto_chipwatcher_0 completed, there are 5 view nodes, 8 trigger nets, 8 data nets.
KIT-1004 : Chipwatcher code = 0101000110101001
RUN-1002 : start command "compile_watcher"
RUN-1002 : start command "read_verilog -no_sch -dir F:/ARMChina/cw/ -file SD-SDRAM-ISP-HDMI_watcherInst.sv -lib cw -top CW_TOP_WRAPPER"
HDL-1007 : analyze verilog file F:/ARMChina/cw\bus_det.v
HDL-1007 : analyze verilog file F:/ARMChina/cw\bus_top.sv
HDL-1007 : analyze verilog file F:/ARMChina/cw\cfg_int.v
HDL-1007 : analyze verilog file F:/ARMChina/cw\cwc_cfg_int.v
HDL-1007 : analyze verilog file F:/ARMChina/cw\cwc_top.sv
HDL-1007 : analyze verilog file F:/ARMChina/cw\detect_bus.v
HDL-1007 : analyze verilog file F:/ARMChina/cw\detect_non_bus.v
HDL-1007 : analyze verilog file F:/ARMChina/cw\emb_ctrl.v
HDL-1007 : analyze verilog file F:/ARMChina/cw\register.v
HDL-1007 : analyze verilog file F:/ARMChina/cw\tap.v
HDL-1007 : analyze verilog file F:/ARMChina/cw\trigger.sv
HDL-1007 : analyze verilog file SD-SDRAM-ISP-HDMI_watcherInst.sv
HDL-1007 : elaborate module CW_TOP_WRAPPER in SD-SDRAM-ISP-HDMI_watcherInst.sv(1)
HDL-1007 : elaborate module cwc_top(BUS_NUM=5,BUS_CTRL_NUM=36,BUS_WIDTH='{32'sb01,32'sb01,32'sb01,32'sb01,32'sb0100},BUS_DIN_POS='{32'sb0,32'sb01,32'sb010,32'sb011,32'sb0100},BUS_CTRL_POS='{32'sb0,32'sb0110,32'sb01100,32'sb010010,32'sb011000}) in F:/ARMChina/cw\cwc_top.sv(21)
HDL-1007 : elaborate module cwc_cfg_int(CTRL_REG_LEN=58) in F:/ARMChina/cw\cwc_cfg_int.v(21)
HDL-1007 : elaborate module register(CTRL_REG_LEN=58) in F:/ARMChina/cw\register.v(21)
HDL-1007 : elaborate module tap in F:/ARMChina/cw\tap.v(21)
HDL-1007 : elaborate module trigger(BUS_NUM=5,BUS_CTRL_NUM=36,BUS_WIDTH='{32'sb01,32'sb01,32'sb01,32'sb01,32'sb0100},BUS_DIN_POS='{32'sb0,32'sb01,32'sb010,32'sb011,32'sb0100},BUS_CTRL_POS='{32'sb0,32'sb0110,32'sb01100,32'sb010010,32'sb011000}) in F:/ARMChina/cw\trigger.sv(21)
HDL-1007 : elaborate module bus_top(BUS_NODE_NUM=5,BUS_CTRL_NUM=36,BUS_WIDTH='{32'sb01,32'sb01,32'sb01,32'sb01,32'sb0100},BUS_DIN_POS='{32'sb0,32'sb01,32'sb010,32'sb011,32'sb0100},BUS_CTRL_POS='{32'sb0,32'sb0110,32'sb01100,32'sb010010,32'sb011000}) in F:/ARMChina/cw\bus_top.sv(22)
HDL-1007 : elaborate module bus_det(BUS_WIDTH=32'sb01) in F:/ARMChina/cw\bus_det.v(21)
HDL-1007 : elaborate module bus_det(BUS_WIDTH=32'sb0100) in F:/ARMChina/cw\bus_det.v(21)
HDL-1007 : elaborate module emb_ctrl in F:/ARMChina/cw\emb_ctrl.v(21)
HDL-1200 : Current top model is CW_TOP_WRAPPER
HDL-1100 : Inferred 0 RAMs.
RUN-1002 : start command "force_keep -a auto_chipwatcher_0_logicbram"
RUN-1002 : start command "optimize_rtl -no_sch"
RUN-1001 : Open license file F:/ARMChina/license/Anlogic.lic
RUN-1001 : Print Global Property
RUN-1001 : ---------------------------------------------------------------
RUN-1001 :        Parameters        |  Settings  |  Default Values  |  Note  
RUN-1001 : ---------------------------------------------------------------
RUN-1001 :          message         |  standard  |     standard     |        
RUN-1001 :   mixed_pack_place_flow  |     on     |        on        |        
RUN-1001 :        qor_monitor       |    off     |       off        |        
RUN-1001 :        syn_ip_flow       |    off     |       off        |        
RUN-1001 :          thread          |    auto    |       auto       |        
RUN-1001 : ---------------------------------------------------------------
RUN-1001 : Print Rtl Property
RUN-1001 : --------------------------------------------------------------
RUN-1001 :        Parameters       |  Settings  |  Default Values  |  Note  
RUN-1001 : --------------------------------------------------------------
RUN-1001 :       compress_add      |   ripple   |      ripple      |        
RUN-1001 :        elf_sload        |    off     |       off        |        
RUN-1001 :       fix_undriven      |     0      |        0         |        
RUN-1001 :         flatten         |    off     |       off        |        
RUN-1001 :       gate_sharing      |     on     |        on        |        
RUN-1001 :    hdl_warning_level    |   normal   |      normal      |        
RUN-1001 :   impl_internal_tribuf  |     on     |        on        |        
RUN-1001 :      impl_set_reset     |     on     |        on        |        
RUN-1001 :        infer_gsr        |    off     |       off        |        
RUN-1001 :      keep_hierarchy     |    auto    |       auto       |        
RUN-1001 :        max_fanout       |    9999    |       9999       |        
RUN-1001 :      max_oh2bin_len     |     10     |        10        |        
RUN-1001 :       merge_equal       |     on     |        on        |        
RUN-1001 :       merge_equiv       |     on     |        on        |        
RUN-1001 :        merge_mux        |    off     |       off        |        
RUN-1001 :     min_control_set     |     8      |        8         |        
RUN-1001 :      min_ripple_len     |    auto    |       auto       |        
RUN-1001 :       oh2bin_ratio      |    0.08    |       0.08       |        
RUN-1001 :     opt_adder_fanout    |     on     |        on        |        
RUN-1001 :        opt_arith        |     on     |        on        |        
RUN-1001 :       opt_big_gate      |    off     |       off        |        
RUN-1001 :        opt_const        |     on     |        on        |        
RUN-1001 :      opt_const_mult     |     on     |        on        |        
RUN-1001 :       opt_lessthan      |     on     |        on        |        
RUN-1001 :         opt_mux         |    off     |       off        |        
RUN-1001 :         opt_ram         |    high    |       high       |        
RUN-1001 :      rtl_sim_model      |    off     |       off        |        
RUN-1001 :         seq_syn         |     on     |        on        |        
RUN-1001 : --------------------------------------------------------------
SYN-1012 : SanityCheck: Model "sd_bmp_hdmi"
SYN-1012 : SanityCheck: Model "CW_TOP_WRAPPER"
SYN-1012 : SanityCheck: Model "cwc_top(BUS_NUM=5,BUS_CTRL_NUM=36,BUS_WIDTH='{32'sb01,32'sb01,32'sb01,32'sb01,32'sb0100},BUS_DIN_POS='{32'sb0,32'sb01,32'sb010,32'sb011,32'sb0100},BUS_CTRL_POS='{32'sb0,32'sb0110,32'sb01100,32'sb010010,32'sb011000})"
SYN-1012 : SanityCheck: Model "cwc_cfg_int(CTRL_REG_LEN=58)"
SYN-1012 : SanityCheck: Model "register(CTRL_REG_LEN=58)"
SYN-1012 : SanityCheck: Model "tap"
SYN-1012 : SanityCheck: Model "trigger(BUS_NUM=5,BUS_CTRL_NUM=36,BUS_WIDTH='{32'sb01,32'sb01,32'sb01,32'sb01,32'sb0100},BUS_DIN_POS='{32'sb0,32'sb01,32'sb010,32'sb011,32'sb0100},BUS_CTRL_POS='{32'sb0,32'sb0110,32'sb01100,32'sb010010,32'sb011000})"
SYN-1012 : SanityCheck: Model "bus_top(BUS_NODE_NUM=5,BUS_CTRL_NUM=36,BUS_WIDTH='{32'sb01,32'sb01,32'sb01,32'sb01,32'sb0100},BUS_DIN_POS='{32'sb0,32'sb01,32'sb010,32'sb011,32'sb0100},BUS_CTRL_POS='{32'sb0,32'sb0110,32'sb01100,32'sb010010,32'sb011000})"
SYN-1012 : SanityCheck: Model "bus_det(BUS_WIDTH=32'sb01)"
SYN-1012 : SanityCheck: Model "bus_det(BUS_WIDTH=32'sb0100)"
SYN-1012 : SanityCheck: Model "emb_ctrl"
SYN-1011 : Flatten model sd_bmp_hdmi
SYN-1032 : 5684/19 useful/useless nets, 4380/14 useful/useless insts
SYN-1016 : Merged 28 instances.
SYN-1032 : 5505/8 useful/useless nets, 4649/8 useful/useless insts
SYN-1014 : Optimize round 1
SYN-1032 : 5489/16 useful/useless nets, 4637/12 useful/useless insts
SYN-1021 : Optimized 1 onehot mux instances.
SYN-1020 : Optimized 1 distributor mux.
SYN-1019 : Optimized 1 mux instances.
SYN-1015 : Optimize round 1, 252 better
SYN-1014 : Optimize round 2
SYN-1032 : 5341/15 useful/useless nets, 4489/16 useful/useless insts
SYN-1015 : Optimize round 2, 32 better
SYN-1014 : Optimize round 1
SYN-1015 : Optimize round 1, 0 better
RUN-1002 : start command "optimize_gate -no_sch"
RUN-1001 : Open license file F:/ARMChina/license/Anlogic.lic
RUN-1001 : Print Global Property
RUN-1001 : ---------------------------------------------------------------
RUN-1001 :        Parameters        |  Settings  |  Default Values  |  Note  
RUN-1001 : ---------------------------------------------------------------
RUN-1001 :          message         |  standard  |     standard     |        
RUN-1001 :   mixed_pack_place_flow  |     on     |        on        |        
RUN-1001 :        qor_monitor       |    off     |       off        |        
RUN-1001 :        syn_ip_flow       |    off     |       off        |        
RUN-1001 :          thread          |    auto    |       auto       |        
RUN-1001 : ---------------------------------------------------------------
RUN-1001 : Print Gate Property
RUN-1001 : ------------------------------------------------------------------
RUN-1001 :          Parameters         |  Settings  |  Default Values  |  Note  
RUN-1001 : ------------------------------------------------------------------
RUN-1001 :         cascade_dsp         |    off     |       off        |        
RUN-1001 :         cascade_eram        |    off     |       off        |        
RUN-1001 :        gate_sim_model       |    off     |       off        |        
RUN-1001 :        map_sim_model        |    off     |       off        |        
RUN-1001 :         map_strategy        |     1      |        1         |        
RUN-1001 :           opt_area          |   medium   |      medium      |        
RUN-1001 :          opt_timing         |    auto    |       auto       |        
RUN-1001 :         pack_effort         |   medium   |      medium      |        
RUN-1001 :      pack_lslice_ripple     |     on     |        on        |        
RUN-1001 :   pack_lslice_ripple_ratio  |    0.5     |       0.5        |        
RUN-1001 :        pack_seq_in_io       |    auto    |       auto       |        
RUN-1001 :        ph1_mux_ratio        |    1.0     |       1.0        |        
RUN-1001 :            report           |  standard  |     standard     |        
RUN-1001 :           retiming          |    off     |       off        |        
RUN-1001 : ------------------------------------------------------------------
SYN-2001 : Map 12 IOs to PADs
RUN-1002 : start command "update_pll_param -module sd_bmp_hdmi"
SYN-2501 : Processed 0 LOGIC_BUF instances.
SYN-2512 : LOGIC BRAM "auto_chipwatcher_0_logicbram"
SYN-2571 : Optimize after map_dsp, round 1
SYN-2571 : Optimize after map_dsp, round 1, 0 better
SYN-1001 : Throwback 3 control mux instances
SYN-2501 : Optimize round 1
SYN-1016 : Merged 4 instances.
SYN-2501 : Optimize round 1, 10 better
SYN-2501 : Optimize round 2
SYN-2501 : Optimize round 2, 0 better
SYN-2501 : Map 12 macro adder
SYN-1019 : Optimized 5 mux instances.
SYN-1016 : Merged 9 instances.
SYN-1032 : 5651/2 useful/useless nets, 4800/1 useful/useless insts
RUN-1002 : start command "start_timer -prepack"
TMR-2505 : Start building timing graph for model sd_bmp_hdmi.
TMR-2506 : Build timing graph completely. Port num: 9, tpin num: 21289, tnet num: 5651, tinst num: 4799, tnode num: 27641, tedge num: 34220.
TMR-2508 : Levelizing timing graph completed, there are 51 levels in total.
TMR-2501 : Timing graph initialized successfully.
TMR-2503 : Start to update net delay, extr mode = 2.
TMR-2504 : Update delay of 5651 nets completely.
TMR-2502 : Annotate delay completely, extr mode = 2.
TMR-3001 : Initiate 0 clocks from SDC.
TMR-3004 : Map sdc constraints, there are 8 constraints in total.
TMR-3003 : Constraints initiated successfully.
TMR-3501 : Forward propagation: start to calculate arrival time...
TMR-3502 : Backward propagation: start to calculate required time...
TMR-3503 : Timing propagation completes.
SYN-3001 : Running gate level optimization.
SYN-2581 : Mapping with K=5, #lut = 129 (4.02), #lev = 6 (2.34)
SYN-2551 : Post LUT mapping optimization.
SYN-2581 : Mapping with K=5, #lut = 125 (4.13), #lev = 6 (2.31)
SYN-3001 : Logic optimization runtime opt =   0.02 sec, map =   0.00 sec
SYN-3001 : Mapper mapped 370 instances into 125 LUTs, name keeping = 79%.
SYN-1001 : Packing model "sd_bmp_hdmi" ...
SYN-4010 : Pack lib has 58 rtl pack models with 25 top pack blocks
SYN-1014 : Optimize round 1
SYN-1015 : Optimize round 1, 0 better
SYN-4002 : Packing 221 DFF/LATCH to SEQ ...
SYN-4009 : Pack 6 carry chain into lslice
SYN-4007 : Packing 81 adder to BLE ...
SYN-4008 : Packed 81 adder and 0 SEQ to BLE.
SYN-4007 : Packing 0 gate4 to BLE ...
SYN-4008 : Packed 0 gate4 and 0 SEQ to BLE.
SYN-4012 : Packed 0 FxMUX
RUN-1003 : finish command "optimize_gate -no_sch" in  1.150161s wall, 0.890625s user + 0.015625s system = 0.906250s CPU (78.8%)

RUN-1004 : used memory is 185 MB, reserved memory is 155 MB, peak memory is 215 MB
RUN-1002 : start command "legalize_phy_inst"
SYN-1011 : Flatten model sd_bmp_hdmi
KIT-1004 : Compile Chipwatcher: Clear obsolete physical data.
RUN-1003 : finish command "compile_watcher" in  1.988892s wall, 1.625000s user + 0.015625s system = 1.640625s CPU (82.5%)

RUN-1004 : used memory is 185 MB, reserved memory is 155 MB, peak memory is 215 MB
RUN-1002 : start command "place"
RUN-1001 : Open license file F:/ARMChina/license/Anlogic.lic
RUN-1001 : Print Global Property
RUN-1001 : ---------------------------------------------------------------
RUN-1001 :        Parameters        |  Settings  |  Default Values  |  Note  
RUN-1001 : ---------------------------------------------------------------
RUN-1001 :          message         |  standard  |     standard     |        
RUN-1001 :   mixed_pack_place_flow  |     on     |        on        |        
RUN-1001 :        qor_monitor       |    off     |       off        |        
RUN-1001 :        syn_ip_flow       |    off     |       off        |        
RUN-1001 :          thread          |    auto    |       auto       |        
RUN-1001 : ---------------------------------------------------------------
RUN-1001 : Print Place Property
RUN-1001 : --------------------------------------------------------------
RUN-1001 :        Parameters       |  Settings  |  Default Values  |  Note  
RUN-1001 : --------------------------------------------------------------
RUN-1001 :      detailed_place     |     on     |        on        |        
RUN-1001 :          effort         |   medium   |      medium      |        
RUN-1001 :         fix_hold        |    off     |       off        |        
RUN-1001 :       legalization      |    ori     |       ori        |        
RUN-1001 :      new_spreading      |     on     |        on        |        
RUN-1001 :        opt_timing       |   medium   |      medium      |        
RUN-1001 :   post_clock_route_opt  |    off     |       off        |        
RUN-1001 :       pr_strategy       |     1      |        1         |        
RUN-1001 :        relaxation       |    1.00    |       1.00       |        
RUN-1001 :         retiming        |    off     |       off        |        
RUN-1001 : --------------------------------------------------------------
PHY-3001 : Placer runs in 16 thread(s).
RUN-1002 : start command "legalize_phy_inst"
SYN-1011 : Flatten model sd_bmp_hdmi
RUN-1002 : start command "phys_opt -simplify_lut"
SYN-4016 : Net u_ddr3_top/u_sdram_fifo_ctrl/clk_ref driven by BUFG (271 clock/control pins, 1 other pins).
SYN-4016 : Net u_clk_wiz_1/clk0_out driven by BUFG (58 clock/control pins, 1 other pins).
SYN-4016 : Net config_inst_syn_10 driven by BUFG (133 clock/control pins, 0 other pins).
SYN-4027 : Net u_ddr3_top/clk_sdram is clkc1 of pll u_clk_wiz_0/pll_inst.
SYN-4027 : Net u_ddr3_top/u_sdram_fifo_ctrl/wrfifo/clkw is clkc3 of pll u_clk_wiz_0/pll_inst.
SYN-4027 : Net u_sd_ctrl_top/u_sd_read/clk_ref_180deg is clkc4 of pll u_clk_wiz_0/pll_inst.
SYN-4019 : Net sys_clk_dup_1 is refclk of pll u_clk_wiz_0/pll_inst.
SYN-4020 : Net sys_clk_dup_1 is fbclk of pll u_clk_wiz_0/pll_inst.
SYN-4027 : Net u_ddr3_top/u_sdram_fifo_ctrl/rdfifo/clkr is clkc1 of pll u_clk_wiz_1/pll_inst.
SYN-4019 : Net sys_clk_dup_1 is refclk of pll u_clk_wiz_1/pll_inst.
SYN-4020 : Net sys_clk_dup_1 is fbclk of pll u_clk_wiz_1/pll_inst.
SYN-4024 : Net "u_sd_ctrl_top/u_sd_init/div_clk" drives clk pins.
SYN-4025 : Tag rtl::Net config_inst_syn_10 as clock net
SYN-4025 : Tag rtl::Net sys_clk_dup_1 as clock net
SYN-4025 : Tag rtl::Net u_clk_wiz_1/clk0_out as clock net
SYN-4025 : Tag rtl::Net u_ddr3_top/clk_sdram as clock net
SYN-4025 : Tag rtl::Net u_ddr3_top/u_sdram_fifo_ctrl/clk_ref as clock net
SYN-4025 : Tag rtl::Net u_ddr3_top/u_sdram_fifo_ctrl/rdfifo/clkr as clock net
SYN-4025 : Tag rtl::Net u_ddr3_top/u_sdram_fifo_ctrl/wrfifo/clkw as clock net
SYN-4025 : Tag rtl::Net u_sd_ctrl_top/u_sd_init/div_clk as clock net
SYN-4025 : Tag rtl::Net u_sd_ctrl_top/u_sd_read/clk_ref_180deg as clock net
SYN-4026 : Tagged 9 rtl::Net as clock net
SYN-4015 : Create BUFG instance for clk Net u_sd_ctrl_top/u_sd_init/div_clk to drive 101 clock pins.
PHY-1001 : Populate physical database on model sd_bmp_hdmi.
RUN-1001 : There are total 4284 instances
RUN-0007 : 1777 luts, 1858 seqs, 362 mslices, 197 lslices, 71 pads, 8 brams, 2 dsps
RUN-1001 : There are total 5135 nets
RUN-1001 : 3459 nets have 2 pins
RUN-1001 : 1257 nets have [3 - 5] pins
RUN-1001 : 298 nets have [6 - 10] pins
RUN-1001 : 66 nets have [11 - 20] pins
RUN-1001 : 39 nets have [21 - 99] pins
RUN-1001 : 16 nets have 100+ pins
RUN-1001 : Report Control nets information:
RUN-1001 : DFF Distribution
RUN-1001 : ----------------------------------
RUN-1001 :   CE   |  SSR  |  ASR  |  DFF Count  
RUN-1001 : ----------------------------------
RUN-1001 :   No   |  No   |  No   |     123     
RUN-1001 :   No   |  No   |  Yes  |     774     
RUN-1001 :   No   |  Yes  |  No   |     64      
RUN-1001 :   Yes  |  No   |  No   |     204     
RUN-1001 :   Yes  |  No   |  Yes  |     693     
RUN-1001 :   Yes  |  Yes  |  No   |      0      
RUN-1001 : ----------------------------------
RUN-0007 : Control Group Statistic
RUN-0007 : ---------------------------
RUN-0007 :   #CLK  |  #CE  |  #SSR/ASR  
RUN-0007 : ---------------------------
RUN-0007 :    9    |  26   |     14     
RUN-0007 : ---------------------------
RUN-0007 : Control Set = 48
PHY-3001 : Initial placement ...
PHY-3001 : design contains 4282 instances, 1777 luts, 1858 seqs, 559 slices, 100 macros(559 instances: 362 mslices 197 lslices)
PHY-0007 : Cell area utilization is 14%
PHY-3001 : Start timing update ...
RUN-1002 : start command "start_timer -report"
TMR-2505 : Start building timing graph for model sd_bmp_hdmi.
TMR-2506 : Build timing graph completely. Port num: 9, tpin num: 20167, tnet num: 5133, tinst num: 4282, tnode num: 26420, tedge num: 33106.
TMR-2508 : Levelizing timing graph completed, there are 41 levels in total.
TMR-2501 : Timing graph initialized successfully.
TMR-2503 : Start to update net delay, extr mode = 2.
TMR-2504 : Update delay of 5133 nets completely.
TMR-2502 : Annotate delay completely, extr mode = 2.
TMR-3001 : Initiate 0 clocks from SDC.
TMR-3004 : Map sdc constraints, there are 8 constraints in total.
TMR-3003 : Constraints initiated successfully.
TMR-3501 : Forward propagation: start to calculate arrival time...
TMR-3502 : Backward propagation: start to calculate required time...
TMR-3503 : Timing propagation completes.
PHY-3001 : End timing update;  0.608401s wall, 0.328125s user + 0.000000s system = 0.328125s CPU (53.9%)

PHY-3001 : Global placement ...
PHY-3001 : Initial: Len = 1.09446e+06
PHY-3001 : Clustering ...
PHY-3001 : Level 0 #clusters 4282.
PHY-3001 : End clustering;  0.000048s wall, 0.000000s user + 0.000000s system = 0.000000s CPU (n/a%)

PHY-3001 : Run with size of 4
PHY-3001 : Cell area utilization is 14%
PHY-3001 : :::0::: Try harder cell spreading with beta_ = 0
PHY-3002 : Step(1): len = 1.08716e+06, overlap = 27
PHY-3002 : Step(2): len = 721766, overlap = 27
PHY-3002 : Step(3): len = 603069, overlap = 22.5
PHY-3002 : Step(4): len = 381451, overlap = 20.25
PHY-3002 : Step(5): len = 346739, overlap = 25.5
PHY-3002 : Step(6): len = 296173, overlap = 29.3125
PHY-3002 : Step(7): len = 261823, overlap = 30.0625
PHY-3002 : Step(8): len = 241460, overlap = 28.3125
PHY-3002 : Step(9): len = 215836, overlap = 30.3125
PHY-3002 : Step(10): len = 195818, overlap = 28.5
PHY-3002 : Step(11): len = 181642, overlap = 32.6875
PHY-3002 : Step(12): len = 174146, overlap = 35
PHY-3002 : Step(13): len = 162539, overlap = 36.4062
PHY-3002 : Step(14): len = 149925, overlap = 34.5
PHY-3002 : Step(15): len = 148040, overlap = 35.1875
PHY-3002 : Step(16): len = 137994, overlap = 37.25
PHY-3002 : Step(17): len = 131406, overlap = 38.5938
PHY-3002 : Step(18): len = 130022, overlap = 38.5938
PHY-3001 : :::1::: Try harder cell spreading with beta_ = 0.000148589
PHY-3002 : Step(19): len = 130926, overlap = 38.4062
PHY-3002 : Step(20): len = 132040, overlap = 33.8125
PHY-3002 : Step(21): len = 132051, overlap = 31.4688
PHY-3002 : Step(22): len = 134891, overlap = 31.4375
PHY-3002 : Step(23): len = 135778, overlap = 29.375
PHY-3002 : Step(24): len = 135382, overlap = 26.7812
PHY-3002 : Step(25): len = 134577, overlap = 29.0312
PHY-3002 : Step(26): len = 130200, overlap = 35.9688
PHY-3002 : Step(27): len = 129678, overlap = 38.2188
PHY-3002 : Step(28): len = 129163, overlap = 38.125
PHY-3001 : :::2::: Try harder cell spreading with beta_ = 0.000297178
PHY-3002 : Step(29): len = 129783, overlap = 38.125
PHY-3002 : Step(30): len = 129945, overlap = 38.125
PHY-3002 : Step(31): len = 129870, overlap = 37.8438
PHY-3001 : :::3::: Try harder cell spreading with beta_ = 0.000594357
PHY-3002 : Step(32): len = 129508, overlap = 37.8438
PHY-3002 : Step(33): len = 129303, overlap = 37.7188
PHY-3001 : Legalization ...
PHY-3001 : End legalization;  0.018686s wall, 0.000000s user + 0.015625s system = 0.015625s CPU (83.6%)

PHY-3001 : Run with size of 4
PHY-3001 : Cell area utilization is 18%
PHY-3001 : Update timing in Manhattan mode ...
TMR-2503 : Start to update net delay, extr mode = 3.
TMR-2504 : Update delay of 5133 nets completely.
TMR-2502 : Annotate delay completely, extr mode = 3.
TMR-3501 : Forward propagation: start to calculate arrival time...
TMR-3502 : Backward propagation: start to calculate required time...
TMR-3503 : Timing propagation completes.
PHY-3001 : End timing update;  0.099684s wall, 0.031250s user + 0.000000s system = 0.031250s CPU (31.3%)

PHY-3001 : :::0::: Try harder cell spreading with beta_ = 0.000110654
PHY-3002 : Step(34): len = 129188, overlap = 37.0938
PHY-3002 : Step(35): len = 130053, overlap = 38.25
PHY-3002 : Step(36): len = 123090, overlap = 39.5938
PHY-3002 : Step(37): len = 122149, overlap = 40.125
PHY-3002 : Step(38): len = 116645, overlap = 43.8438
PHY-3002 : Step(39): len = 115860, overlap = 45.4688
PHY-3002 : Step(40): len = 115374, overlap = 46.625
PHY-3001 : :::1::: Try harder cell spreading with beta_ = 0.000221309
PHY-3002 : Step(41): len = 112807, overlap = 45.9062
PHY-3002 : Step(42): len = 112704, overlap = 45.6875
PHY-3002 : Step(43): len = 112416, overlap = 47
PHY-3002 : Step(44): len = 111094, overlap = 47.2812
PHY-3002 : Step(45): len = 110849, overlap = 47.4688
PHY-3002 : Step(46): len = 110548, overlap = 47.5938
PHY-3001 : :::2::: Try harder cell spreading with beta_ = 0.000442617
PHY-3002 : Step(47): len = 109775, overlap = 48.7812
PHY-3002 : Step(48): len = 109733, overlap = 49.125
PHY-3002 : Step(49): len = 109598, overlap = 49.625
PHY-3001 : Run with size of 2
PHY-3001 : Cell area utilization is 18%
PHY-3001 : Update timing in Manhattan mode ...
TMR-2503 : Start to update net delay, extr mode = 3.
TMR-2504 : Update delay of 5133 nets completely.
TMR-2502 : Annotate delay completely, extr mode = 3.
TMR-3501 : Forward propagation: start to calculate arrival time...
TMR-3502 : Backward propagation: start to calculate required time...
TMR-3503 : Timing propagation completes.
PHY-3001 : End timing update;  0.097249s wall, 0.046875s user + 0.000000s system = 0.046875s CPU (48.2%)

PHY-3001 : :::0::: Try harder cell spreading with beta_ = 4.00074e-05
PHY-3002 : Step(50): len = 110858, overlap = 159.125
PHY-3002 : Step(51): len = 111431, overlap = 153.125
PHY-3002 : Step(52): len = 116703, overlap = 138.781
PHY-3002 : Step(53): len = 112485, overlap = 139.594
PHY-3002 : Step(54): len = 112485, overlap = 139.594
PHY-3002 : Step(55): len = 111729, overlap = 140.25
PHY-3002 : Step(56): len = 111666, overlap = 139.25
PHY-3002 : Step(57): len = 111511, overlap = 138.531
PHY-3001 : :::1::: Try harder cell spreading with beta_ = 8.00147e-05
PHY-3002 : Step(58): len = 112594, overlap = 136.344
PHY-3002 : Step(59): len = 112594, overlap = 136.344
PHY-3002 : Step(60): len = 112883, overlap = 133.469
PHY-3002 : Step(61): len = 112883, overlap = 133.469
PHY-3002 : Step(62): len = 112789, overlap = 132.125
PHY-3001 : :::2::: Try harder cell spreading with beta_ = 0.000160029
PHY-3002 : Step(63): len = 116537, overlap = 118.938
PHY-3002 : Step(64): len = 117140, overlap = 116.531
PHY-3002 : Step(65): len = 117909, overlap = 103.906
PHY-3002 : Step(66): len = 118022, overlap = 100.625
PHY-3002 : Step(67): len = 115759, overlap = 97.625
PHY-3002 : Step(68): len = 115787, overlap = 100.281
PHY-3002 : Step(69): len = 114268, overlap = 91.0625
PHY-3002 : Step(70): len = 114490, overlap = 89.7812
PHY-3002 : Step(71): len = 114619, overlap = 93.9688
PHY-3002 : Step(72): len = 113251, overlap = 89.875
PHY-3002 : Step(73): len = 113576, overlap = 92.25
PHY-3002 : Step(74): len = 110298, overlap = 96.3438
PHY-3002 : Step(75): len = 109988, overlap = 95.75
PHY-3002 : Step(76): len = 109163, overlap = 97.3125
PHY-3002 : Step(77): len = 107910, overlap = 98
PHY-3002 : Step(78): len = 107881, overlap = 93.375
PHY-3002 : Step(79): len = 107887, overlap = 98.3438
PHY-3001 : :::3::: Try harder cell spreading with beta_ = 0.000320059
PHY-3002 : Step(80): len = 108371, overlap = 93.75
PHY-3002 : Step(81): len = 108798, overlap = 90.6562
PHY-3001 : :::4::: Try harder cell spreading with beta_ = 0.000640118
PHY-3002 : Step(82): len = 109752, overlap = 89.375
PHY-3002 : Step(83): len = 109881, overlap = 89.9375
PHY-3001 : :::5::: Try harder cell spreading with beta_ = 0.00128024
PHY-3002 : Step(84): len = 110367, overlap = 89.2812
PHY-3002 : Step(85): len = 110563, overlap = 89.1875
PHY-3001 : :::6::: Try harder cell spreading with beta_ = 0.00247769
PHY-3002 : Step(86): len = 110895, overlap = 89.9062
PHY-3002 : Step(87): len = 111101, overlap = 89.9375
PHY-3001 : :::7::: Try harder cell spreading with beta_ = 0.00451267
PHY-3002 : Step(88): len = 111297, overlap = 90.0938
PHY-3002 : Step(89): len = 111385, overlap = 89.0312
PHY-3001 : :::8::: Try harder cell spreading with beta_ = 0.00744071
PHY-3002 : Step(90): len = 111437, overlap = 88.1562
PHY-3002 : Step(91): len = 111452, overlap = 87.7812
PHY-3001 : :::9::: Try harder cell spreading with beta_ = 0.0124402
PHY-3002 : Step(92): len = 111487, overlap = 87.5312
PHY-3002 : Step(93): len = 111539, overlap = 87.2188
PHY-3001 : :::10::: Try harder cell spreading with beta_ = 0.0248804
PHY-3002 : Step(94): len = 111558, overlap = 87
PHY-3002 : Step(95): len = 111583, overlap = 87.0625
PHY-3001 : :::11::: Try harder cell spreading with beta_ = 0.0402565
PHY-3002 : Step(96): len = 111568, overlap = 87.9062
PHY-3002 : Step(97): len = 111568, overlap = 87.9062
PHY-3001 : :::12::: Try harder cell spreading with beta_ = 0.065135
PHY-3002 : Step(98): len = 111587, overlap = 86.9375
PHY-3002 : Step(99): len = 111587, overlap = 86.9375
OPT-1001 : Start physical optimization ...
RUN-1002 : start command "start_timer -report"
TMR-2505 : Start building timing graph for model sd_bmp_hdmi.
TMR-2506 : Build timing graph completely. Port num: 9, tpin num: 20167, tnet num: 5133, tinst num: 4282, tnode num: 26420, tedge num: 33106.
TMR-2508 : Levelizing timing graph completed, there are 41 levels in total.
TMR-2501 : Timing graph initialized successfully.
OPT-1001 : Total overflow 281.22 peak overflow 4.44
OPT-1001 : Start high-fanout net optimization ...
OPT-1001 : Update timing in global mode
PHY-1001 : Start incremental global routing, caller is place ...
RUN-1001 : Generating global routing grids ...
RUN-1001 : Building simple global routing graph ...
PHY-1001 : Generate routing nets ...
PHY-1001 : Reuse net number 0/5135.
PHY-1001 : Global iterations in 16 thread ...
PHY-1002 : len = 121504, over cnt = 530(1%), over = 1875, worst = 18
PHY-1001 : End global iterations;  0.200187s wall, 0.078125s user + 0.000000s system = 0.078125s CPU (39.0%)

PHY-1001 : Congestion index: top1 = 44.33, top5 = 32.00, top10 = 25.28, top15 = 20.82.
PHY-1001 : End incremental global routing;  0.282722s wall, 0.109375s user + 0.000000s system = 0.109375s CPU (38.7%)

TMR-2503 : Start to update net delay, extr mode = 5.
TMR-2504 : Update delay of 5133 nets completely.
TMR-2502 : Annotate delay completely, extr mode = 5.
TMR-3001 : Initiate 0 clocks from SDC.
TMR-3004 : Map sdc constraints, there are 8 constraints in total.
TMR-3003 : Constraints initiated successfully.
TMR-3501 : Forward propagation: start to calculate arrival time...
TMR-3502 : Backward propagation: start to calculate required time...
TMR-3503 : Timing propagation completes.
OPT-1001 : End timing update;  0.120874s wall, 0.093750s user + 0.000000s system = 0.093750s CPU (77.6%)

OPT-1001 : 0 high-fanout net processed.
OPT-1001 : End high-fanout net optimization;  0.499045s wall, 0.265625s user + 0.000000s system = 0.265625s CPU (53.2%)

OPT-1001 : Current memory(MB): used = 266, reserve = 230, peak = 266.
OPT-1001 : Start global optimization ...
OPT-1001 : Start congestion update ...
RUN-1001 : Generating global routing grids ...
PHY-1001 : Generate routing nets ...
PHY-1001 : Reuse net number 3451/5135.
PHY-1001 : Global iterations in 16 thread ...
PHY-1002 : len = 121504, over cnt = 530(1%), over = 1875, worst = 18
PHY-1002 : len = 132256, over cnt = 350(0%), over = 851, worst = 12
PHY-1002 : len = 138448, over cnt = 140(0%), over = 294, worst = 11
PHY-1002 : len = 140712, over cnt = 60(0%), over = 136, worst = 11
PHY-1002 : len = 142856, over cnt = 0(0%), over = 0, worst = 0
PHY-1001 : End global iterations;  0.247333s wall, 0.093750s user + 0.000000s system = 0.093750s CPU (37.9%)

PHY-1001 : Congestion index: top1 = 40.17, top5 = 31.50, top10 = 26.20, top15 = 22.17.
OPT-1001 : End congestion update;  0.329827s wall, 0.156250s user + 0.000000s system = 0.156250s CPU (47.4%)

OPT-1001 : Update timing in Manhattan mode
TMR-2503 : Start to update net delay, extr mode = 3.
TMR-2504 : Update delay of 5133 nets completely.
TMR-2502 : Annotate delay completely, extr mode = 3.
TMR-3501 : Forward propagation: start to calculate arrival time...
TMR-3502 : Backward propagation: start to calculate required time...
TMR-3503 : Timing propagation completes.
OPT-1001 : End timing update;  0.094971s wall, 0.093750s user + 0.000000s system = 0.093750s CPU (98.7%)

OPT-0007 : Start: WNS 999170 TNS 0 NUM_FEPS 0
OPT-1001 : End global optimization;  0.424980s wall, 0.250000s user + 0.000000s system = 0.250000s CPU (58.8%)

OPT-1001 : Current memory(MB): used = 270, reserve = 235, peak = 270.
OPT-1001 : End physical optimization;  1.509137s wall, 1.062500s user + 0.000000s system = 1.062500s CPU (70.4%)

PHY-3001 : Start packing ...
SYN-4007 : Packing 0 MUX to BLE ...
SYN-4008 : Packed 0 MUX and 0 SEQ to BLE.
SYN-4007 : Packing 1777 LUT to BLE ...
SYN-4008 : Packed 1777 LUT and 1113 SEQ to BLE.
SYN-4003 : Packing 745 remaining SEQ's ...
SYN-4005 : Packed 365 SEQ with LUT/SLICE
SYN-4006 : 374 single LUT's are left
SYN-4006 : 380 single SEQ's are left
SYN-4011 : Packing model "sd_bmp_hdmi" (AL_USER_NORMAL) with 2157/2966 primitive instances ...
PHY-3001 : End packing;  0.167119s wall, 0.125000s user + 0.000000s system = 0.125000s CPU (74.8%)

PHY-1001 : Populate physical database on model sd_bmp_hdmi.
RUN-1001 : There are total 1799 instances
RUN-1001 : 854 mslices, 855 lslices, 71 pads, 8 brams, 2 dsps
RUN-1001 : There are total 4146 nets
RUN-1001 : 2525 nets have 2 pins
RUN-1001 : 1186 nets have [3 - 5] pins
RUN-1001 : 320 nets have [6 - 10] pins
RUN-1001 : 62 nets have [11 - 20] pins
RUN-1001 : 41 nets have [21 - 99] pins
RUN-1001 : 12 nets have 100+ pins
PHY-3001 : design contains 1797 instances, 1709 slices, 100 macros(559 instances: 362 mslices 197 lslices)
PHY-3001 : Cell area utilization is 21%
PHY-3001 : After packing: Len = 113283, Over = 118.25
PHY-3001 : Run with size of 2
PHY-3001 : Cell area utilization is 21%
PHY-3001 : Update timing in Manhattan mode ...
RUN-1002 : start command "start_timer -report"
TMR-2505 : Start building timing graph for model sd_bmp_hdmi.
TMR-2506 : Build timing graph completely. Port num: 9, tpin num: 16373, tnet num: 4144, tinst num: 1797, tnode num: 20757, tedge num: 28643.
TMR-2508 : Levelizing timing graph completed, there are 39 levels in total.
TMR-2501 : Timing graph initialized successfully.
TMR-2503 : Start to update net delay, extr mode = 3.
TMR-2504 : Update delay of 4144 nets completely.
TMR-2502 : Annotate delay completely, extr mode = 3.
TMR-3001 : Initiate 0 clocks from SDC.
TMR-3004 : Map sdc constraints, there are 8 constraints in total.
TMR-3003 : Constraints initiated successfully.
TMR-3501 : Forward propagation: start to calculate arrival time...
TMR-3502 : Backward propagation: start to calculate required time...
TMR-3503 : Timing propagation completes.
PHY-3001 : End timing update;  0.703152s wall, 0.468750s user + 0.031250s system = 0.500000s CPU (71.1%)

PHY-3001 : :::0::: Try harder cell spreading with beta_ = 2.7211e-05
PHY-3002 : Step(100): len = 111817, overlap = 121.5
PHY-3002 : Step(101): len = 111134, overlap = 119.75
PHY-3002 : Step(102): len = 110288, overlap = 119.5
PHY-3002 : Step(103): len = 108850, overlap = 117.5
PHY-3002 : Step(104): len = 108331, overlap = 116.75
PHY-3002 : Step(105): len = 107673, overlap = 122.25
PHY-3001 : :::1::: Try harder cell spreading with beta_ = 5.4422e-05
PHY-3002 : Step(106): len = 108689, overlap = 114
PHY-3002 : Step(107): len = 109561, overlap = 109.25
PHY-3002 : Step(108): len = 111661, overlap = 100.25
PHY-3001 : :::2::: Try harder cell spreading with beta_ = 0.000108844
PHY-3002 : Step(109): len = 113453, overlap = 96.5
PHY-3002 : Step(110): len = 115239, overlap = 89.75
PHY-3002 : Step(111): len = 118570, overlap = 84.5
PHY-3002 : Step(112): len = 117748, overlap = 82.25
PHY-3002 : Step(113): len = 117659, overlap = 81.25
PHY-3002 : Step(114): len = 116396, overlap = 81
PHY-3001 : Legalization ...
PHY-3001 : End legalization;  0.583832s wall, 0.046875s user + 0.156250s system = 0.203125s CPU (34.8%)

PHY-3001 : Trial Legalized: Len = 143450
PHY-3001 : Run with size of 2
PHY-3001 : Cell area utilization is 21%
PHY-3001 : Update timing in Manhattan mode ...
TMR-2503 : Start to update net delay, extr mode = 3.
TMR-2504 : Update delay of 4144 nets completely.
TMR-2502 : Annotate delay completely, extr mode = 3.
TMR-3501 : Forward propagation: start to calculate arrival time...
TMR-3502 : Backward propagation: start to calculate required time...
TMR-3503 : Timing propagation completes.
PHY-3001 : End timing update;  0.100849s wall, 0.093750s user + 0.000000s system = 0.093750s CPU (93.0%)

PHY-3001 : :::0::: Try harder cell spreading with beta_ = 0.000228655
PHY-3002 : Step(115): len = 134049, overlap = 9.25
PHY-3002 : Step(116): len = 126400, overlap = 26.75
PHY-3002 : Step(117): len = 123309, overlap = 30.25
PHY-3002 : Step(118): len = 121534, overlap = 35
PHY-3002 : Step(119): len = 120414, overlap = 41.75
PHY-3002 : Step(120): len = 119918, overlap = 43.25
PHY-3002 : Step(121): len = 119799, overlap = 44.5
PHY-3001 : :::1::: Try harder cell spreading with beta_ = 0.00045731
PHY-3002 : Step(122): len = 121055, overlap = 42.75
PHY-3002 : Step(123): len = 121614, overlap = 42.25
PHY-3002 : Step(124): len = 121682, overlap = 43.5
PHY-3001 : :::2::: Try harder cell spreading with beta_ = 0.000914619
PHY-3002 : Step(125): len = 122162, overlap = 42.5
PHY-3002 : Step(126): len = 122289, overlap = 41.75
PHY-3001 : Legalization ...
PHY-3001 : End legalization;  0.006923s wall, 0.000000s user + 0.000000s system = 0.000000s CPU (n/a%)

PHY-3001 : Legalized: Len = 133250, Over = 0
PHY-3001 : Spreading special nets. 38 overflows in 2952 tiles.
PHY-3001 : End spreading;  0.017129s wall, 0.015625s user + 0.000000s system = 0.015625s CPU (91.2%)

PHY-3001 : 50 instances has been re-located, deltaX = 33, deltaY = 20, maxDist = 2.
PHY-3001 : Final: Len = 134524, Over = 0
PHY-3001 : BANK 6 DIFFRESISTOR:NONE VOD:350M VCM:1.2
OPT-1001 : Start physical optimization ...
RUN-1002 : start command "start_timer -report"
TMR-2505 : Start building timing graph for model sd_bmp_hdmi.
TMR-2506 : Build timing graph completely. Port num: 9, tpin num: 16373, tnet num: 4144, tinst num: 1798, tnode num: 20757, tedge num: 28643.
TMR-2508 : Levelizing timing graph completed, there are 39 levels in total.
TMR-2501 : Timing graph initialized successfully.
OPT-1001 : Total overflow 0.00 peak overflow 0.00
OPT-1001 : Start high-fanout net optimization ...
OPT-1001 : Update timing in global mode
PHY-1001 : Start incremental global routing, caller is place ...
RUN-1001 : Generating global routing grids ...
PHY-1001 : Generate routing nets ...
PHY-1001 : Reuse net number 136/4146.
PHY-1001 : Global iterations in 16 thread ...
PHY-1002 : len = 155184, over cnt = 376(1%), over = 639, worst = 8
PHY-1002 : len = 158056, over cnt = 198(0%), over = 269, worst = 5
PHY-1002 : len = 159968, over cnt = 86(0%), over = 120, worst = 4
PHY-1002 : len = 161376, over cnt = 12(0%), over = 15, worst = 3
PHY-1002 : len = 161536, over cnt = 0(0%), over = 0, worst = 0
PHY-1001 : End global iterations;  0.400550s wall, 0.187500s user + 0.000000s system = 0.187500s CPU (46.8%)

PHY-1001 : Congestion index: top1 = 32.54, top5 = 26.69, top10 = 23.17, top15 = 20.75.
PHY-1001 : End incremental global routing;  0.499392s wall, 0.250000s user + 0.000000s system = 0.250000s CPU (50.1%)

TMR-2503 : Start to update net delay, extr mode = 5.
TMR-2504 : Update delay of 4144 nets completely.
TMR-2502 : Annotate delay completely, extr mode = 5.
TMR-3001 : Initiate 0 clocks from SDC.
TMR-3004 : Map sdc constraints, there are 8 constraints in total.
TMR-3003 : Constraints initiated successfully.
TMR-3501 : Forward propagation: start to calculate arrival time...
TMR-3502 : Backward propagation: start to calculate required time...
TMR-3503 : Timing propagation completes.
OPT-1001 : End timing update;  0.108993s wall, 0.109375s user + 0.000000s system = 0.109375s CPU (100.4%)

OPT-1001 : 0 high-fanout net processed.
OPT-1001 : End high-fanout net optimization;  0.679773s wall, 0.437500s user + 0.000000s system = 0.437500s CPU (64.4%)

OPT-1001 : Current memory(MB): used = 275, reserve = 241, peak = 275.
OPT-1001 : Start path based optimization ...
OPT-1001 : Start congestion update ...
RUN-1001 : Generating global routing grids ...
PHY-1001 : Generate routing nets ...
PHY-1001 : Reuse net number 3588/4146.
PHY-1001 : Global iterations in 16 thread ...
PHY-1002 : len = 161536, over cnt = 0(0%), over = 0, worst = 0
PHY-1001 : End global iterations;  0.016136s wall, 0.015625s user + 0.000000s system = 0.015625s CPU (96.8%)

PHY-1001 : Congestion index: top1 = 32.54, top5 = 26.69, top10 = 23.17, top15 = 20.75.
OPT-1001 : End congestion update;  0.103070s wall, 0.062500s user + 0.000000s system = 0.062500s CPU (60.6%)

OPT-1001 : Update timing in Manhattan mode
TMR-2503 : Start to update net delay, extr mode = 3.
TMR-2504 : Update delay of 4144 nets completely.
TMR-2502 : Annotate delay completely, extr mode = 3.
TMR-3501 : Forward propagation: start to calculate arrival time...
TMR-3502 : Backward propagation: start to calculate required time...
TMR-3503 : Timing propagation completes.
OPT-1001 : End timing update;  0.084155s wall, 0.062500s user + 0.000000s system = 0.062500s CPU (74.3%)

OPT-0007 : Start: WNS 999045 TNS 0 NUM_FEPS 0
OPT-1001 : End path based optimization;  0.187440s wall, 0.125000s user + 0.000000s system = 0.125000s CPU (66.7%)

OPT-1001 : Current memory(MB): used = 277, reserve = 243, peak = 277.
OPT-1001 : Update timing in Manhattan mode
TMR-2503 : Start to update net delay, extr mode = 3.
TMR-2504 : Update delay of 4144 nets completely.
TMR-2502 : Annotate delay completely, extr mode = 3.
TMR-3501 : Forward propagation: start to calculate arrival time...
TMR-3502 : Backward propagation: start to calculate required time...
TMR-3503 : Timing propagation completes.
OPT-1001 : End timing update;  0.079984s wall, 0.078125s user + 0.000000s system = 0.078125s CPU (97.7%)

OPT-1001 : Start pin optimization...
OPT-1001 : skip pin optimization...
RUN-1001 : Generating global routing grids ...
PHY-1001 : Generate routing nets ...
PHY-1001 : Reuse net number 3588/4146.
PHY-1001 : Global iterations in 16 thread ...
PHY-1002 : len = 161536, over cnt = 0(0%), over = 0, worst = 0
PHY-1001 : End global iterations;  0.018383s wall, 0.000000s user + 0.000000s system = 0.000000s CPU (n/a%)

PHY-1001 : Congestion index: top1 = 32.54, top5 = 26.69, top10 = 23.17, top15 = 20.75.
OPT-1001 : Update timing in Manhattan mode
TMR-2503 : Start to update net delay, extr mode = 3.
TMR-2504 : Update delay of 4144 nets completely.
TMR-2502 : Annotate delay completely, extr mode = 3.
TMR-3501 : Forward propagation: start to calculate arrival time...
TMR-3502 : Backward propagation: start to calculate required time...
TMR-3503 : Timing propagation completes.
OPT-1001 : End timing update;  0.079496s wall, 0.078125s user + 0.000000s system = 0.078125s CPU (98.3%)

RUN-1001 : QoR Analysis:
OPT-0007 :   WNS 999045 TNS 0 NUM_FEPS 0
RUN-1001 :   No local congestion issue, and most congested 1% tile average routing util is 32.103448
RUN-1001 :   Top critical paths
OPT-1001 : End physical optimization;  1.752747s wall, 1.140625s user + 0.000000s system = 1.140625s CPU (65.1%)

RUN-1003 : finish command "place" in  10.928903s wall, 5.765625s user + 1.734375s system = 7.500000s CPU (68.6%)

RUN-1004 : used memory is 261 MB, reserved memory is 226 MB, peak memory is 277 MB
RUN-1002 : start command "export_db SD-SDRAM-ISP-HDMI_place.db"
RUN-1001 : Exported /
RUN-1001 : Exported flow parameters
RUN-1001 : Exported libs
RUN-1001 : Exported entities
RUN-1001 : Exported ports
RUN-1001 : Exported pins
RUN-1001 : Exported instances
RUN-1001 : Exported nets
RUN-1001 : Exported buses
RUN-1001 : Exported models
RUN-1001 : Exported congestions
RUN-1001 : Exported violations
RUN-1001 : Exported timing constraints
RUN-1001 : Exported IO constraints
RUN-1001 : Exported Inst constraints
RUN-1001 : Exported ChipWatcher
RUN-1002 : start command "route"
RUN-1001 : Open license file F:/ARMChina/license/Anlogic.lic
RUN-1001 : Print Global Property
RUN-1001 : ---------------------------------------------------------------
RUN-1001 :        Parameters        |  Settings  |  Default Values  |  Note  
RUN-1001 : ---------------------------------------------------------------
RUN-1001 :          message         |  standard  |     standard     |        
RUN-1001 :   mixed_pack_place_flow  |     on     |        on        |        
RUN-1001 :        qor_monitor       |    off     |       off        |        
RUN-1001 :        syn_ip_flow       |    off     |       off        |        
RUN-1001 :          thread          |    auto    |       auto       |        
RUN-1001 : ---------------------------------------------------------------
RUN-1001 : Print Route Property
RUN-1001 : -------------------------------------------------------
RUN-1001 :    Parameters    |  Settings  |  Default Values  |  Note  
RUN-1001 : -------------------------------------------------------
RUN-1001 :      effort      |   medium   |      medium      |        
RUN-1001 :     fix_hold     |    off     |       off        |        
RUN-1001 :    opt_timing    |   medium   |      medium      |        
RUN-1001 :   phy_sim_model  |    off     |       off        |        
RUN-1001 :     priority     |   timing   |      timing      |        
RUN-1001 :     swap_pin     |     on     |        on        |        
RUN-1001 : -------------------------------------------------------
PHY-1001 : Route runs in 16 thread(s)
RUN-1001 : There are total 1800 instances
RUN-1001 : 854 mslices, 855 lslices, 71 pads, 8 brams, 2 dsps
RUN-1001 : There are total 4146 nets
RUN-1001 : 2525 nets have 2 pins
RUN-1001 : 1186 nets have [3 - 5] pins
RUN-1001 : 320 nets have [6 - 10] pins
RUN-1001 : 62 nets have [11 - 20] pins
RUN-1001 : 41 nets have [21 - 99] pins
RUN-1001 : 12 nets have 100+ pins
RUN-1002 : start command "start_timer -report"
TMR-2505 : Start building timing graph for model sd_bmp_hdmi.
TMR-2506 : Build timing graph completely. Port num: 9, tpin num: 16373, tnet num: 4144, tinst num: 1798, tnode num: 20757, tedge num: 28643.
TMR-2508 : Levelizing timing graph completed, there are 39 levels in total.
TMR-2501 : Timing graph initialized successfully.
PHY-1001 : 854 mslices, 855 lslices, 71 pads, 8 brams, 2 dsps
TMR-2503 : Start to update net delay, extr mode = 3.
TMR-2504 : Update delay of 4144 nets completely.
TMR-2502 : Annotate delay completely, extr mode = 3.
TMR-3001 : Initiate 0 clocks from SDC.
TMR-3004 : Map sdc constraints, there are 8 constraints in total.
TMR-3003 : Constraints initiated successfully.
TMR-3501 : Forward propagation: start to calculate arrival time...
TMR-3502 : Backward propagation: start to calculate required time...
TMR-3503 : Timing propagation completes.
PHY-1001 : Start global routing, caller is route ...
RUN-1001 : Generating global routing grids ...
PHY-1001 : Generate routing nets ...
PHY-1001 : Global iterations in 16 thread ...
PHY-1002 : len = 154000, over cnt = 392(1%), over = 673, worst = 8
PHY-1002 : len = 157168, over cnt = 179(0%), over = 250, worst = 7
PHY-1002 : len = 159624, over cnt = 47(0%), over = 60, worst = 3
PHY-1002 : len = 160440, over cnt = 0(0%), over = 0, worst = 0
PHY-1001 : End global iterations;  0.390924s wall, 0.187500s user + 0.000000s system = 0.187500s CPU (48.0%)

PHY-1001 : Congestion index: top1 = 32.22, top5 = 26.64, top10 = 23.11, top15 = 20.67.
PHY-1001 : End global routing;  0.489167s wall, 0.265625s user + 0.000000s system = 0.265625s CPU (54.3%)

PHY-1001 : Start detail routing ...
PHY-1001 : Current memory(MB): used = 307, reserve = 273, peak = 310.
PHY-1001 : Detailed router is running in normal mode.
PHY-1001 : Generate detailed routing grids ...
PHY-1001 : Generate nets ...
PHY-1001 : net sys_clk_dup_1 will be routed on clock mesh
PHY-1001 : clock net u_clk_wiz_1/clk0_out will be merged with clock u_clk_wiz_1/clk0_buf
PHY-1001 : net u_ddr3_top/clk_sdram will be routed on clock mesh
PHY-1001 : clock net u_ddr3_top/u_sdram_fifo_ctrl/clk_ref will be merged with clock u_clk_wiz_0/clk0_buf
PHY-1001 : net u_ddr3_top/u_sdram_fifo_ctrl/rdfifo/clkr will be routed on clock mesh
PHY-1001 : net u_ddr3_top/u_sdram_fifo_ctrl/wrfifo/clkw will be routed on clock mesh
PHY-1001 : clock net config_inst_syn_10 will be merged with clock config_inst_syn_9
PHY-1001 : clock net u_sd_ctrl_top/u_sd_init/div_clk_syn_4 will be merged with clock u_sd_ctrl_top/u_sd_init/div_clk
PHY-1001 : net u_sd_ctrl_top/u_sd_read/clk_ref_180deg will be routed on clock mesh
PHY-1001 : Current memory(MB): used = 560, reserve = 530, peak = 560.
PHY-1001 : End build detailed router design. 3.433083s wall, 2.640625s user + 0.062500s system = 2.703125s CPU (78.7%)

PHY-1001 : Detail Route ...
PHY-1001 : ===== Detail Route Phase 1 =====
PHY-1001 : Clock net routing.....
PHY-1001 : Routed 0% nets.
PHY-1022 : len = 57336, over cnt = 0(0%), over = 0, worst = 0, crit = 0
PHY-1001 : End initial clock net routed; 3.158444s wall, 2.750000s user + 0.015625s system = 2.765625s CPU (87.6%)

PHY-1001 : Current memory(MB): used = 592, reserve = 564, peak = 592.
PHY-1001 : End phase 1; 3.164095s wall, 2.750000s user + 0.015625s system = 2.765625s CPU (87.4%)

PHY-1001 : ===== Detail Route Phase 2 =====
PHY-1001 : Initial routing.....
PHY-1001 : Routed 38% nets.
PHY-1001 : Routed 45% nets.
PHY-1001 : Routed 55% nets.
PHY-1001 : Routed 68% nets.
PHY-1001 : Routed 88% nets.
PHY-1022 : len = 435448, over cnt = 109(0%), over = 109, worst = 1, crit = 0
PHY-1001 : Current memory(MB): used = 594, reserve = 565, peak = 594.
PHY-1001 : End initial routed; 4.746559s wall, 3.265625s user + 0.046875s system = 3.312500s CPU (69.8%)

PHY-1001 : Update timing.....
PHY-1001 : 0/3673(0%) critical/total net(s).
RUN-1001 : ------------------------------------------
RUN-1001 :   Type   |    WNS(ns)    |  TNS(ns)  |  FEP  
RUN-1001 : ------------------------------------------
RUN-1001 :   Setup  |    998.530    |   0.000   |   0   
RUN-1001 :   Hold   |  2147483.647  |   0.000   |   0   
RUN-1001 : ------------------------------------------
PHY-1001 : End update timing; 0.756936s wall, 0.515625s user + 0.000000s system = 0.515625s CPU (68.1%)

PHY-1001 : Current memory(MB): used = 598, reserve = 570, peak = 598.
PHY-1001 : End phase 2; 5.503637s wall, 3.781250s user + 0.046875s system = 3.828125s CPU (69.6%)

PHY-1001 : ===== Detail Route Phase 3 =====
PHY-1001 : Optimize timing.....
PHY-1022 : len = 435448, over cnt = 109(0%), over = 109, worst = 1, crit = 0
PHY-1001 : End optimize timing; 0.019703s wall, 0.015625s user + 0.000000s system = 0.015625s CPU (79.3%)

PHY-1001 : Ripup-reroute.....
PHY-1001 : ===== DR Iter 1 =====
PHY-1022 : len = 434576, over cnt = 30(0%), over = 30, worst = 1, crit = 0
PHY-1001 : End DR Iter 1; 0.120220s wall, 0.093750s user + 0.000000s system = 0.093750s CPU (78.0%)

PHY-1001 : ===== DR Iter 2 =====
PHY-1022 : len = 434712, over cnt = 2(0%), over = 2, worst = 1, crit = 0
PHY-1001 : End DR Iter 2; 0.058084s wall, 0.015625s user + 0.000000s system = 0.015625s CPU (26.9%)

PHY-1001 : ===== DR Iter 3 =====
PHY-1022 : len = 434728, over cnt = 0(0%), over = 0, worst = 0, crit = 0
PHY-1001 : End DR Iter 3; 0.034829s wall, 0.015625s user + 0.000000s system = 0.015625s CPU (44.9%)

PHY-1001 : Update timing.....
PHY-1001 : 0/3673(0%) critical/total net(s).
RUN-1001 : ------------------------------------------
RUN-1001 :   Type   |    WNS(ns)    |  TNS(ns)  |  FEP  
RUN-1001 : ------------------------------------------
RUN-1001 :   Setup  |    998.530    |   0.000   |   0   
RUN-1001 :   Hold   |  2147483.647  |   0.000   |   0   
RUN-1001 : ------------------------------------------
PHY-1001 : End update timing; 0.754114s wall, 0.546875s user + 0.000000s system = 0.546875s CPU (72.5%)

PHY-1001 : Commit to database.....
PHY-1001 : 27 feed throughs used by 24 nets
PHY-1001 : End commit to database; 0.398662s wall, 0.203125s user + 0.000000s system = 0.203125s CPU (51.0%)

PHY-1001 : Current memory(MB): used = 626, reserve = 598, peak = 626.
PHY-1001 : End phase 3; 1.533218s wall, 1.093750s user + 0.000000s system = 1.093750s CPU (71.3%)

PHY-1003 : Routed, final wirelength = 434728
PHY-1001 : Current memory(MB): used = 627, reserve = 599, peak = 627.
PHY-1001 : End export database. 0.016165s wall, 0.015625s user + 0.000000s system = 0.015625s CPU (96.7%)

PHY-1001 : End detail routing;  13.883603s wall, 10.406250s user + 0.125000s system = 10.531250s CPU (75.9%)

RUN-1003 : finish command "route" in  15.177749s wall, 11.281250s user + 0.125000s system = 11.406250s CPU (75.2%)

RUN-1004 : used memory is 597 MB, reserved memory is 570 MB, peak memory is 627 MB
RUN-1002 : start command "report_area -io_info -file SD-SDRAM-ISP-HDMI_phy.area"
RUN-1001 : standard
***Report Model: sd_bmp_hdmi Device: EG4S20BG256***

IO Statistics
#IO                        12
  #input                    5
  #output                   7
  #inout                    0

Utilization Statistics
#lut                     2939   out of  19600   14.99%
#reg                     1873   out of  19600    9.56%
#le                      3318
  #lut only              1445   out of   3318   43.55%
  #reg only               379   out of   3318   11.42%
  #lut&reg               1494   out of   3318   45.03%
#dsp                        2   out of     29    6.90%
#bram                       6   out of     64    9.38%
  #bram9k                   6
  #fifo9k                   0
#bram32k                    2   out of     16   12.50%
#pad                       16   out of    188    8.51%
  #ireg                     0
  #oreg                     4
  #treg                     0
#pll                        2   out of      4   50.00%
#gclk                       4   out of     16   25.00%

Clock Resource Statistics
Index     ClockNet                                    Type               DriverType         Driver                                                     Fanout
#1        u_ddr3_top/u_sdram_fifo_ctrl/rdfifo/clkr    GCLK               pll                u_clk_wiz_1/pll_inst.clkc1                                 534
#2        u_clk_wiz_0/clk0_buf                        GCLK               pll                u_clk_wiz_0/pll_inst.clkc0                                 176
#3        u_ddr3_top/u_sdram_fifo_ctrl/wrfifo/clkw    GCLK               pll                u_clk_wiz_0/pll_inst.clkc3                                 156
#4        config_inst_syn_9                           GCLK               config             config_inst.jtck                                           79
#5        u_sd_ctrl_top/u_sd_init/div_clk             GCLK               lslice             u_hdmi_top/awb/cal_awb/div_rgain/status[0]_syn_12523.q0    64
#6        sys_clk_dup_1                               GCLK               io                 sys_clk_syn_2.di                                           55
#7        u_clk_wiz_1/clk0_buf                        GCLK               pll                u_clk_wiz_1/pll_inst.clkc0                                 37
#8        u_sd_ctrl_top/u_sd_read/clk_ref_180deg      GCLK               pll                u_clk_wiz_0/pll_inst.clkc4                                 25
#9        u_ddr3_top/clk_sdram                        GCLK               pll                u_clk_wiz_0/pll_inst.clkc1                                 0


Detailed IO Report

        Name           Direction    Location    IOStandard    DriveStrength    PullType    PackReg  
       sd_miso           INPUT        D14        LVCMOS33          N/A          PULLUP      NONE    
   switch_video[1]       INPUT        B10        LVCMOS33          N/A          PULLUP      NONE    
   switch_video[0]       INPUT        A10        LVCMOS33          N/A          PULLUP      NONE    
       sys_clk           INPUT         R7        LVCMOS33          N/A          PULLUP      NONE    
      sys_rst_n          INPUT         A9        LVCMOS33          N/A          PULLUP      NONE    
       sd_clk           OUTPUT        F15        LVCMOS33           8            NONE       NONE    
        sd_cs           OUTPUT        F13        LVCMOS33           8            NONE       NONE    
       sd_mosi          OUTPUT        F14        LVCMOS33           8            NONE       NONE    
     tmds_clk_p         OUTPUT         P1         LVDS33           NA            NONE      ODDRX1   
    tmds_clk_p(n)       OUTPUT         R1         LVDS33           NA            NONE      ODDRX1   
   tmds_data_p[2]       OUTPUT         J3         LVDS33           NA            NONE      ODDRX1   
  tmds_data_p[2](n)     OUTPUT         J4         LVDS33           NA            NONE      ODDRX1   
   tmds_data_p[1]       OUTPUT         P4         LVDS33           NA            NONE      ODDRX1   
  tmds_data_p[1](n)     OUTPUT         N4         LVDS33           NA            NONE      ODDRX1   
   tmds_data_p[0]       OUTPUT         N1         LVDS33           NA            NONE      ODDRX1   
  tmds_data_p[0](n)     OUTPUT         M1         LVDS33           NA            NONE      ODDRX1   
       dq[23]            INPUT        S31        LVCMOS25           8           PULLUP      NONE    
       dq[22]            INPUT        S32        LVCMOS25           8           PULLUP      NONE    
       dq[21]            INPUT        S35        LVCMOS25           8           PULLUP      NONE    
       dq[20]            INPUT        S36        LVCMOS25           8           PULLUP      NONE    
       dq[19]            INPUT        S37        LVCMOS25           8           PULLUP      NONE    
       dq[18]            INPUT        S38        LVCMOS25           8           PULLUP      NONE    
       dq[17]            INPUT        S41        LVCMOS25           8           PULLUP      NONE    
       dq[16]            INPUT        S42        LVCMOS25           8           PULLUP      NONE    
       dq[31]            INPUT        S48        LVCMOS25           8           PULLUP      NONE    
       dq[30]            INPUT        S49        LVCMOS25           8           PULLUP      NONE    
       dq[29]            INPUT        S52        LVCMOS25           8           PULLUP      NONE    
       dq[28]            INPUT        S53        LVCMOS25           8           PULLUP      NONE    
       dq[27]            INPUT        S54        LVCMOS25           8           PULLUP      NONE    
       dq[26]            INPUT        S55        LVCMOS25           8           PULLUP      NONE    
       dq[25]            INPUT        S58        LVCMOS25           8           PULLUP      NONE    
       dq[24]            INPUT        S59        LVCMOS25           8           PULLUP      NONE    
         dm0            OUTPUT        S14        LVCMOS25           8            NONE       NONE    
         cke            OUTPUT        S18        LVCMOS25           8            NONE       OREG    
        we_n            OUTPUT        S19        LVCMOS25           8            NONE       OREG    
        cas_n           OUTPUT        S20        LVCMOS25           8            NONE       OREG    
        ras_n           OUTPUT        S21        LVCMOS25           8            NONE       OREG    
        cs_n            OUTPUT        S22        LVCMOS25           8            NONE       OREG    
       addr[9]          OUTPUT        S23        LVCMOS25           8            NONE       OREG    
       addr[8]          OUTPUT        S24        LVCMOS25           8            NONE       OREG    
       addr[7]          OUTPUT        S25        LVCMOS25           8            NONE       OREG    
       addr[6]          OUTPUT        S26        LVCMOS25           8            NONE       OREG    
       addr[5]          OUTPUT        S27        LVCMOS25           8            NONE       OREG    
       addr[4]          OUTPUT        S28        LVCMOS25           8            NONE       OREG    
         dm2            OUTPUT        S29        LVCMOS25           8            NONE       NONE    
         dm3            OUTPUT        S61        LVCMOS25           8            NONE       NONE    
       addr[3]          OUTPUT        S64        LVCMOS25           8            NONE       OREG    
       addr[2]          OUTPUT        S65        LVCMOS25           8            NONE       OREG    
       addr[1]          OUTPUT        S66        LVCMOS25           8            NONE       OREG    
       addr[0]          OUTPUT        S67        LVCMOS25           8            NONE       OREG    
      addr[10]          OUTPUT        S68        LVCMOS25           8            NONE       OREG    
        ba[0]           OUTPUT        S69        LVCMOS25           8            NONE       OREG    
        ba[1]           OUTPUT        S70        LVCMOS25           8            NONE       OREG    
         clk            OUTPUT        S73        LVCMOS25           8            NONE       NONE    
         dm1            OUTPUT        S76        LVCMOS25           8            NONE       NONE    
        dq[0]            INOUT         S1        LVCMOS25           8           PULLUP      IREG    
        dq[6]            INOUT        S11        LVCMOS25           8           PULLUP      IREG    
        dq[7]            INOUT        S12        LVCMOS25           8           PULLUP      IREG    
        dq[1]            INOUT         S2        LVCMOS25           8           PULLUP      IREG    
        dq[2]            INOUT         S5        LVCMOS25           8           PULLUP      IREG    
        dq[3]            INOUT         S6        LVCMOS25           8           PULLUP      IREG    
        dq[4]            INOUT         S7        LVCMOS25           8           PULLUP      IREG    
        dq[8]            INOUT        S78        LVCMOS25           8           PULLUP      IREG    
        dq[9]            INOUT        S79        LVCMOS25           8           PULLUP      IREG    
        dq[5]            INOUT         S8        LVCMOS25           8           PULLUP      IREG    
       dq[10]            INOUT        S82        LVCMOS25           8           PULLUP      IREG    
       dq[11]            INOUT        S83        LVCMOS25           8           PULLUP      IREG    
       dq[12]            INOUT        S84        LVCMOS25           8           PULLUP      IREG    
       dq[13]            INOUT        S85        LVCMOS25           8           PULLUP      IREG    
       dq[14]            INOUT        S88        LVCMOS25           8           PULLUP      IREG    
       dq[15]            INOUT        S89        LVCMOS25           8           PULLUP      IREG    

Report Hierarchy Area:
+-------------------------------------------------------------------------------------------------------------------------------------+
|Instance                            |Module                                     |le     |lut     |ripple  |seq     |bram    |dsp     |
+-------------------------------------------------------------------------------------------------------------------------------------+
|top                                 |sd_bmp_hdmi                                |3318   |2380    |559     |1877    |8       |2       |
|  u_clk_wiz_0                       |PLL                                        |0      |0       |0       |0       |0       |0       |
|  u_clk_wiz_1                       |PLL_hdmi                                   |0      |0       |0       |0       |0       |0       |
|  u_ddr3_top                        |ddr3_top1                                  |587    |381     |103     |347     |2       |0       |
|    physica_sdram                   |SDRAM                                      |0      |0       |0       |0       |0       |0       |
|    u_sdram_controller              |sdram_controller                           |220    |158     |40      |89      |0       |0       |
|      u_sdram_cmd                   |sdram_cmd                                  |29     |29      |0       |17      |0       |0       |
|      u_sdram_ctrl                  |sdram_ctrl                                 |175    |129     |40      |56      |0       |0       |
|      u_sdram_data                  |sdram_data                                 |16     |0       |0       |16      |0       |0       |
|    u_sdram_fifo_ctrl               |sdram_fifo_ctrl                            |367    |223     |63      |258     |2       |0       |
|      rdfifo                        |SOFTFIFO                                   |134    |80      |18      |108     |1       |0       |
|        ram_inst                    |ram_infer_SOFTFIFO                         |8      |0       |0       |8       |1       |0       |
|        rd_to_wr_cross_inst         |fifo_cross_domain_addr_process_al_SOFTFIFO |39     |24      |0       |39      |0       |0       |
|        wr_to_rd_cross_inst         |fifo_cross_domain_addr_process_al_SOFTFIFO |36     |25      |0       |36      |0       |0       |
|      wrfifo                        |SOFTFIFO                                   |152    |88      |21      |119     |1       |0       |
|        ram_inst                    |ram_infer_SOFTFIFO                         |16     |5       |0       |16      |1       |0       |
|        rd_to_wr_cross_inst         |fifo_cross_domain_addr_process_al_SOFTFIFO |38     |22      |0       |38      |0       |0       |
|        wr_to_rd_cross_inst         |fifo_cross_domain_addr_process_al_SOFTFIFO |34     |23      |0       |34      |0       |0       |
|  u_hdmi_top                        |hdmi_top1                                  |1668   |1287    |254     |938     |4       |2       |
|    awb                             |ISP_awb_top                                |938    |787     |91      |602     |0       |2       |
|      cal_awb                       |alg_awb                                    |653    |589     |64      |369     |0       |0       |
|        div_bgain                   |shift_div                                  |318    |297     |21      |192     |0       |0       |
|        div_rgain                   |shift_div                                  |267    |250     |17      |161     |0       |0       |
|      stat                          |isp_stat_awb                               |257    |170     |27      |207     |0       |0       |
|      wb                            |isp_wb                                     |28     |28      |0       |26      |0       |2       |
|    debayer_l                       |isp_demosaic_l                             |220    |120     |48      |132     |4       |0       |
|      linebuffer                    |shift_register                             |55     |39      |16      |23      |4       |0       |
|        gen_ram_inst[0]$u_ram       |simple_dp_ram                              |0      |0       |0       |0       |2       |0       |
|        gen_ram_inst[1]$u_ram       |simple_dp_ram                              |7      |7       |0       |3       |2       |0       |
|    u3_hdmi_tx                      |hdmi_tx                                    |363    |295     |54      |178     |0       |0       |
|      Inst_DVITransmitter           |DVITransmitter                             |363    |295     |54      |178     |0       |0       |
|        Inst_TMDSEncoder_blue       |TMDSEncoder                                |111    |91      |18      |43      |0       |0       |
|        Inst_TMDSEncoder_green      |TMDSEncoder                                |101    |82      |18      |43      |0       |0       |
|        Inst_TMDSEncoder_red        |TMDSEncoder                                |105    |87      |18      |46      |0       |0       |
|        Inst_blue_serializer_10_1   |Serial_N_1_lvds_dat                        |17     |12      |0       |17      |0       |0       |
|        Inst_clk_serializer_10_1    |Serial_N_1_lvds                            |5      |3       |0       |5       |0       |0       |
|        Inst_green_serializer_10_1  |Serial_N_1_lvds_dat                        |13     |10      |0       |13      |0       |0       |
|        Inst_red_serializer_10_1    |Serial_N_1_lvds_dat                        |11     |10      |0       |11      |0       |0       |
|    u_video_driver                  |video_driver                               |147    |85      |61      |26      |0       |0       |
|  u_sd_ctrl_top                     |sd_ctrl_top                                |356    |264     |49      |212     |0       |0       |
|    u_sd_init                       |sd_init                                    |209    |156     |32      |110     |0       |0       |
|    u_sd_read                       |sd_read                                    |147    |108     |17      |102     |0       |0       |
|  u_sd_read_photo                   |read_rawdata                               |318    |214     |82      |151     |0       |0       |
|  cw_top                            |CW_TOP_WRAPPER                             |383    |228     |71      |222     |0       |0       |
|    wrapper_cwc_top                 |cwc_top                                    |383    |228     |71      |222     |0       |0       |
|      cfg_int_inst                  |cwc_cfg_int                                |138    |63      |0       |131     |0       |0       |
|        reg_inst                    |register                                   |136    |61      |0       |129     |0       |0       |
|        tap_inst                    |tap                                        |2      |2       |0       |2       |0       |0       |
|      trigger_inst                  |trigger                                    |245    |165     |71      |91      |0       |0       |
|        bus_inst                    |bus_top                                    |23     |17      |6       |11      |0       |0       |
|          BUS_DETECTOR[0]$bus_nodes |bus_det                                    |2      |2       |0       |2       |0       |0       |
|          BUS_DETECTOR[1]$bus_nodes |bus_det                                    |2      |2       |0       |2       |0       |0       |
|          BUS_DETECTOR[2]$bus_nodes |bus_det                                    |1      |1       |0       |1       |0       |0       |
|          BUS_DETECTOR[3]$bus_nodes |bus_det                                    |2      |2       |0       |2       |0       |0       |
|          BUS_DETECTOR[4]$bus_nodes |bus_det                                    |16     |10      |6       |4       |0       |0       |
|        emb_ctrl_inst               |emb_ctrl                                   |120    |87      |33      |51      |0       |0       |
+-------------------------------------------------------------------------------------------------------------------------------------+


DataNet Average Fanout:

   Index     Fanout     Nets  
    #1          1       2512  
    #2          2       631   
    #3          3       431   
    #4          4       124   
    #5        5-10      333   
    #6        11-50      74   
    #7       51-100      11   
    #8       101-500     7    
  Average     2.69            

RUN-1002 : start command "export_db SD-SDRAM-ISP-HDMI_pr.db"
RUN-1001 : Exported /
RUN-1001 : Exported flow parameters
RUN-1001 : Exported libs
RUN-1001 : Exported entities
RUN-1001 : Exported ports
RUN-1001 : Exported pins
RUN-1001 : Exported instances
RUN-1001 : Exported nets
RUN-1001 : Exported buses
RUN-1001 : Exported models
RUN-1001 : Exported congestions
RUN-1001 : Exported violations
RUN-1001 : Exported timing constraints
RUN-1001 : Exported IO constraints
RUN-1001 : Exported Inst constraints
RUN-1001 : Exported ChipWatcher
RUN-1002 : start command "start_timer"
TMR-2505 : Start building timing graph for model sd_bmp_hdmi.
TMR-2506 : Build timing graph completely. Port num: 9, tpin num: 16373, tnet num: 4144, tinst num: 1798, tnode num: 20757, tedge num: 28643.
TMR-2508 : Levelizing timing graph completed, there are 39 levels in total.
TMR-2501 : Timing graph initialized successfully.
RUN-1002 : start command "report_timing -mode FINAL -net_info -rpt_autogen true -file SD-SDRAM-ISP-HDMI_phy.timing"
TMR-2503 : Start to update net delay, extr mode = 6.
TMR-2504 : Update delay of 4144 nets completely.
TMR-2502 : Annotate delay completely, extr mode = 6.
TMR-3001 : Initiate 0 clocks from SDC.
TMR-3004 : Map sdc constraints, there are 8 constraints in total.
TMR-3003 : Constraints initiated successfully.
TMR-3501 : Forward propagation: start to calculate arrival time...
TMR-3502 : Backward propagation: start to calculate required time...
TMR-3503 : Timing propagation completes.
TMR-3506 : Start to generate timing report.
TMR-1502 : Number of clock constraints = 0. Number of clock nets = 9 (9 unconstrainted).
TMR-5009 WARNING: No clock constraint on 9 clock net(s): 
		config_inst_syn_10
		sys_clk_dup_1
		u_clk_wiz_1/clk0_out
		u_ddr3_top/clk_sdram
		u_ddr3_top/u_sdram_fifo_ctrl/clk_ref
		u_ddr3_top/u_sdram_fifo_ctrl/rdfifo/clkr
		u_ddr3_top/u_sdram_fifo_ctrl/wrfifo/clkw
		u_sd_ctrl_top/u_sd_init/div_clk_syn_4
		u_sd_ctrl_top/u_sd_read/clk_ref_180deg
USR-6122 CRITICAL-WARNING: No clock constraint on PLL u_clk_wiz_0/pll_inst
USR-6122 CRITICAL-WARNING: No clock constraint on PLL u_clk_wiz_1/pll_inst
TMR-3508 : Export timing summary.
TMR-3507 : Timing report generated successfully in SD-SDRAM-ISP-HDMI_phy.timing, timing summary in SD-SDRAM-ISP-HDMI_phy.tsm.
RUN-1002 : start command "export_bid SD-SDRAM-ISP-HDMI_inst.bid"
PRG-1000 : <!-- HMAC is: c720ae8bd701bf4c63a15b5da3ebad0954e01a54b9d1f30bf491f968279277a2 -->
RUN-1002 : start command "bitgen -bit SD-SDRAM-ISP-HDMI.bit"
BIT-1003 : Start to generate bitstream. 
BIT-1002 : Init instances with 16 threads.
BIT-1002 : Init instances completely, inst num: 1798
BIT-1002 : Init pips with 16 threads.
BIT-1002 : Init pips completely, net num: 4146, pip num: 36169
BIT-1002 : Init feedthrough with 16 threads.
BIT-1002 : Init feedthrough completely, num: 27
BIT-1003 : Multithreading accelaration with 16 threads.
BIT-1003 : Generate bitstream completely, there are 1962 valid insts, and 108185 bits set as '1'.
BIT-1004 : the usercode register value: 00000000101100110101000110101001
BIT-1004 : PLL setting string = 0110
BIT-1004 : Generate bits file SD-SDRAM-ISP-HDMI.bit.
RUN-1003 : finish command "bitgen -bit SD-SDRAM-ISP-HDMI.bit" in  3.598408s wall, 15.671875s user + 0.203125s system = 15.875000s CPU (441.2%)

RUN-1004 : used memory is 605 MB, reserved memory is 580 MB, peak memory is 784 MB
RUN-1002 : start command "backup_run_log run.log ../.logs/phy_1/td_20240705_014654.log"
