============================================================
   Tang Dynasty, V5.6.71036
      Copyright (c) 2012-2023 Anlogic Inc.
   Executable = F:/ARMChina/bin/td.exe
   Built at =   20:34:38 Mar 21 2023
   Run by =     Illyasvial Von Einzb
   Run Date =   Wed Jul  3 23:21:33 2024

   Run on =     LAPTOP-4S5LNBPI
============================================================
RUN-1002 : start command "open_project SD-SDRAM-ISP-HDMI.prj"
RUN-1001 : Print Global Property
RUN-1001 : ---------------------------------------------------------------
RUN-1001 :        Parameters        |  Settings  |  Default Values  |  Note  
RUN-1001 : ---------------------------------------------------------------
RUN-1001 :          message         |  standard  |     standard     |        
RUN-1001 :   mixed_pack_place_flow  |     on     |        on        |        
RUN-1001 :        qor_monitor       |    off     |       off        |        
RUN-1001 :        syn_ip_flow       |    off     |       off        |        
RUN-1001 :          thread          |    auto    |       auto       |        
RUN-1001 : ---------------------------------------------------------------
RUN-1001 : Print Design Property
RUN-1001 : --------------------------------------------------------------
RUN-1001 :        Parameters       |  Settings  |  Default Values  |  Note  
RUN-1001 : --------------------------------------------------------------
RUN-1001 :   default_reg_initial   |    auto    |       auto       |        
RUN-1001 :        infer_add        |     on     |        on        |        
RUN-1001 :        infer_fsm        |    off     |       off        |        
RUN-1001 :        infer_mult       |     on     |        on        |        
RUN-1001 :        infer_ram        |     on     |        on        |        
RUN-1001 :        infer_reg        |     on     |        on        |        
RUN-1001 :   infer_reg_init_value  |     on     |        on        |        
RUN-1001 :        infer_rom        |     on     |        on        |        
RUN-1001 :      infer_shifter      |     on     |        on        |        
RUN-1001 : --------------------------------------------------------------
RUN-1001 : Print Rtl Property
RUN-1001 : --------------------------------------------------------------
RUN-1001 :        Parameters       |  Settings  |  Default Values  |  Note  
RUN-1001 : --------------------------------------------------------------
RUN-1001 :       compress_add      |   ripple   |      ripple      |        
RUN-1001 :        elf_sload        |    off     |       off        |        
RUN-1001 :       fix_undriven      |     0      |        0         |        
RUN-1001 :         flatten         |    off     |       off        |        
RUN-1001 :       gate_sharing      |     on     |        on        |        
RUN-1001 :    hdl_warning_level    |   normal   |      normal      |        
RUN-1001 :   impl_internal_tribuf  |     on     |        on        |        
RUN-1001 :      impl_set_reset     |     on     |        on        |        
RUN-1001 :        infer_gsr        |    off     |       off        |        
RUN-1001 :      keep_hierarchy     |    auto    |       auto       |        
RUN-1001 :        max_fanout       |    9999    |       9999       |        
RUN-1001 :      max_oh2bin_len     |     10     |        10        |        
RUN-1001 :       merge_equal       |     on     |        on        |        
RUN-1001 :       merge_equiv       |     on     |        on        |        
RUN-1001 :        merge_mux        |    off     |       off        |        
RUN-1001 :     min_control_set     |     8      |        8         |        
RUN-1001 :      min_ripple_len     |    auto    |       auto       |        
RUN-1001 :       oh2bin_ratio      |    0.08    |       0.08       |        
RUN-1001 :     opt_adder_fanout    |     on     |        on        |        
RUN-1001 :        opt_arith        |     on     |        on        |        
RUN-1001 :       opt_big_gate      |    off     |       off        |        
RUN-1001 :        opt_const        |     on     |        on        |        
RUN-1001 :      opt_const_mult     |     on     |        on        |        
RUN-1001 :       opt_lessthan      |     on     |        on        |        
RUN-1001 :         opt_mux         |    off     |       off        |        
RUN-1001 :         opt_ram         |    high    |       high       |        
RUN-1001 :      rtl_sim_model      |    off     |       off        |        
RUN-1001 :         seq_syn         |     on     |        on        |        
RUN-1001 : --------------------------------------------------------------
HDL-1007 : analyze verilog file ../../import/ddr3-al_ip/SOFTFIFO.v
HDL-1007 : analyze verilog file ../../import/ddr3-al_ip/SDRAM.v
HDL-1007 : analyze verilog file ../../al_ip/PLL.v
HDL-1007 : undeclared symbol 'open', assumed default net type 'wire' in ../../al_ip/PLL.v(92)
HDL-1007 : analyze verilog file ../../al_ip/PLL_hdmi.v
HDL-1007 : undeclared symbol 'open', assumed default net type 'wire' in ../../al_ip/PLL_hdmi.v(70)
HDL-1007 : analyze VHDL file ../../import/hdmi-rtl/enc_file/SerializerN_1_lvds.enc.vhd
Copyright (c) 1998-2019 The OpenSSL Project.  All rights reserved.
This product includes software developed by the OpenSSL Project
for use in the OpenSSL Toolkit (http://www.openssl.org/)
Copyright (C) 1995-1998 Eric Young (eay@cryptsoft.com)
All rights reserved.
This product includes cryptographic software written by Eric Young (eay@cryptsoft.com)
HDL-1007 : analyze entity ** in encrypted_text(0)
HDL-1007 : analyze architecture ** in encrypted_text(0)
HDL-1007 : analyze VHDL file ../../import/hdmi-rtl/enc_file/SerializerN_1_lvds_dat.enc.vhd
HDL-1007 : analyze entity ** in encrypted_text(0)
HDL-1007 : analyze architecture ** in encrypted_text(0)
HDL-1007 : analyze VHDL file ../../import/hdmi-rtl/enc_file/TMDSEncoder.enc.vhd
HDL-1007 : analyze entity ** in encrypted_text(0)
HDL-1007 : analyze architecture ** in encrypted_text(0)
HDL-1007 : analyze verilog file ../../import/hdmi-rtl/enc_file/video_tpg_1024768.enc.v
HDL-5007 WARNING: literal value ** truncated to fit in ** bits in encrypted_text(0)
HDL-1007 : back to file '../../import/hdmi-rtl/enc_file/video_tpg_1024768.enc.v' in ../../import/hdmi-rtl/enc_file/video_tpg_1024768.enc.v(216)
HDL-1007 : analyze verilog file ../../import/hdmi-rtl/enc_file/video_tpg_1080p.enc.v
HDL-1007 : back to file '../../import/hdmi-rtl/enc_file/video_tpg_1080p.enc.v' in ../../import/hdmi-rtl/enc_file/video_tpg_1080p.enc.v(208)
HDL-1007 : analyze verilog file ../../import/hdmi-rtl/enc_file/video_tpg_12801024p.enc.v
HDL-1007 : back to file '../../import/hdmi-rtl/enc_file/video_tpg_12801024p.enc.v' in ../../import/hdmi-rtl/enc_file/video_tpg_12801024p.enc.v(207)
HDL-1007 : analyze verilog file ../../import/hdmi-rtl/enc_file/video_tpg_1280800.enc.v
HDL-5007 WARNING: literal value ** truncated to fit in ** bits in encrypted_text(0)
HDL-1007 : back to file '../../import/hdmi-rtl/enc_file/video_tpg_1280800.enc.v' in ../../import/hdmi-rtl/enc_file/video_tpg_1280800.enc.v(216)
HDL-1007 : analyze verilog file ../../import/hdmi-rtl/enc_file/video_tpg_16801050p.enc.v
HDL-1007 : back to file '../../import/hdmi-rtl/enc_file/video_tpg_16801050p.enc.v' in ../../import/hdmi-rtl/enc_file/video_tpg_16801050p.enc.v(209)
HDL-1007 : analyze verilog file ../../import/hdmi-rtl/enc_file/video_tpg_800600.enc.v
HDL-1007 : back to file '../../import/hdmi-rtl/enc_file/video_tpg_800600.enc.v' in ../../import/hdmi-rtl/enc_file/video_tpg_800600.enc.v(211)
HDL-1007 : analyze verilog file ../../import/hdmi_top/hdmi_top.v
HDL-1007 : analyze verilog file ../../import/hdmi_top/video_driver.v
HDL-1007 : analyze verilog file ../../import/sd_bmp_hdmi.v
HDL-1007 : undeclared symbol 'rd_vsync', assumed default net type 'wire' in ../../import/sd_bmp_hdmi.v(200)
HDL-1007 : analyze verilog file ../../import/sd_ctrl_top/sd_ctrl_top.v
HDL-1007 : analyze verilog file ../../import/sd_ctrl_top/sd_init.v
HDL-1007 : analyze verilog file ../../import/sd_ctrl_top/sd_read.v
HDL-1007 : analyze verilog file ../../import/sd_ctrl_top/sd_write.v
HDL-1007 : analyze VHDL file ../../import/hdmi-rtl/enc_file/DVITransmitter.enc.vhd
HDL-1007 : analyze entity dvitransmitter in ../../import/hdmi-rtl/enc_file/DVITransmitter.enc.vhd(13)
HDL-1007 : analyze architecture ** in encrypted_text(0)
HDL-1007 : analyze VHDL file ../../import/hdmi-rtl/hdmi_tx.vhd
HDL-1007 : analyze entity hdmi_tx in ../../import/hdmi-rtl/hdmi_tx.vhd(11)
HDL-1007 : analyze architecture behavioral in ../../import/hdmi-rtl/hdmi_tx.vhd(33)
HDL-1007 : analyze verilog file ../../import/DDR3-rtl/sdram_cmd.v
HDL-1007 : analyze included file ../../import/DDR3-rtl/sdram_para.v in ../../import/DDR3-rtl/sdram_cmd.v(46)
HDL-1007 : back to file '../../import/DDR3-rtl/sdram_cmd.v' in ../../import/DDR3-rtl/sdram_cmd.v(46)
HDL-1007 : analyze verilog file ../../import/DDR3-rtl/sdram_controller.v
HDL-1007 : analyze verilog file ../../import/DDR3-rtl/sdram_ctrl.v
HDL-1007 : analyze included file ../../import/DDR3-rtl/sdram_para.v in ../../import/DDR3-rtl/sdram_ctrl.v(19)
HDL-1007 : back to file '../../import/DDR3-rtl/sdram_ctrl.v' in ../../import/DDR3-rtl/sdram_ctrl.v(19)
HDL-1007 : analyze verilog file ../../import/DDR3-rtl/sdram_data.v
HDL-1007 : analyze included file ../../import/DDR3-rtl/sdram_para.v in ../../import/DDR3-rtl/sdram_data.v(13)
HDL-1007 : back to file '../../import/DDR3-rtl/sdram_data.v' in ../../import/DDR3-rtl/sdram_data.v(13)
HDL-1007 : analyze verilog file ../../import/DDR3-rtl/sdram_fifo_ctrl.v
HDL-1007 : analyze verilog file ../../import/DDR3-rtl/sdram_top.v
HDL-1007 : analyze verilog file ../../import/read_rawdata.v
HDL-1007 : analyze verilog file ../../import/hdmi_top/ISP_dpc.v
HDL-1007 : analyze verilog file ../../import/hdmi_top/ISP_include.v
HDL-1007 : analyze verilog file ../../import/hdmi_top/ISP_bnr.v
RUN-1001 : Project manager successfully analyzed 33 source files.
RUN-1002 : start command "import_device eagle_s20.db -package EG4S20BG256"
ARC-1001 : Device Initialization.
ARC-1001 : ------------------------------------------------------------------
ARC-1001 :            OPTION            |          IO          |   SETTING   
ARC-1001 : ------------------------------------------------------------------
ARC-1001 :   cso_b/cclk/mosi/miso/dout  |  T3/R11/T10/P10/S11  |    gpio    
ARC-1001 :             done             |         P13          |    gpio    
ARC-1001 :           program_b          |          T2          |  dedicate  
ARC-1001 :        tdi/tms/tck/tdo       |   C12/A15/C14/E14    |  dedicate  
ARC-1001 : ------------------------------------------------------------------
ARC-1004 : Device setting, marked 5 dedicate IOs in total.
RUN-1002 : start command "import_db ../syn_1/SD-SDRAM-ISP-HDMI_gate.db"
RUN-1001 : Importing database generated by Tang Dynasty, V5.6.71036.
RUN-1001 : Database version number 46146.
RUN-1001 : Import flow parameters
RUN-1001 : Import timing constraints
RUN-1001 : Import IO constraints
RUN-1001 : Import Inst constraints
RUN-1001 : Import design success TD_VERSION=5.6.71036 , DB_VERSION=46146
RUN-1002 : start command "read_sdc -ip SOFTFIFO ../../import/ddr3-al_ip/SOFTFIFO.tcl"
RUN-1002 : start command "get_ports clkw"
RUN-1002 : start command "get_nets  clkw  "
RUN-1002 : start command "get_clocks -nowarn -of nets 9663676416000"
RUN-1002 : start command "get_ports clkr"
RUN-1002 : start command "get_nets  clkr  "
RUN-1002 : start command "get_clocks -nowarn -of nets 33161442492416"
RUN-1002 : start command "get_property -nowarn -max PERIOD "
RUN-1002 : start command "get_property -nowarn -max PERIOD "
RUN-1002 : start command "get_regs rd_to_wr_cross_inst/primary_addr_gray_reg[*]"
RUN-1002 : start command "get_regs rd_to_wr_cross_inst/sync_r1[*]"
RUN-1002 : start command "set_max_delay -from  -to  999.70000000000005 -datapath_only"
RUN-1002 : start command "get_regs rd_to_wr_cross_inst/primary_addr_gray_reg[*]"
RUN-1002 : start command "get_regs rd_to_wr_cross_inst/sync_r1[*]"
RUN-1002 : start command "set_false_path -from  -to  -hold 999.70000000000005"
USR-1002 : set_false_path -help -setup -hold -from <list> -rise_from <list> -fall_from <list> -to <list> -rise_to <list> -fall_to <list> -through <list>
RUN-1002 : start command "get_regs wr_to_rd_cross_inst/primary_addr_gray_reg[*]"
RUN-1002 : start command "get_regs wr_to_rd_cross_inst/sync_r1[*]"
RUN-1002 : start command "set_max_delay -from  -to  999.70000000000005 -datapath_only"
RUN-1002 : start command "get_regs wr_to_rd_cross_inst/primary_addr_gray_reg[*]"
RUN-1002 : start command "get_regs wr_to_rd_cross_inst/sync_r1[*]"
RUN-1002 : start command "set_false_path -from  -to  -hold 999.70000000000005"
USR-1002 : set_false_path -help -setup -hold -from <list> -rise_from <list> -fall_from <list> -to <list> -rise_to <list> -fall_to <list> -through <list>
RUN-1002 : start command "get_ports clkw"
RUN-1002 : start command "get_nets  clkw  "
RUN-1002 : start command "get_clocks -nowarn -of nets 17514876633088"
RUN-1002 : start command "get_ports clkr"
RUN-1002 : start command "get_nets  clkr  "
RUN-1002 : start command "get_clocks -nowarn -of nets 9663676416000"
RUN-1002 : start command "get_property -nowarn -max PERIOD "
RUN-1002 : start command "get_property -nowarn -max PERIOD "
RUN-1002 : start command "get_regs rd_to_wr_cross_inst/primary_addr_gray_reg[*]"
RUN-1002 : start command "get_regs rd_to_wr_cross_inst/sync_r1[*]"
RUN-1002 : start command "set_max_delay -from  -to  999.70000000000005 -datapath_only"
RUN-1002 : start command "get_regs rd_to_wr_cross_inst/primary_addr_gray_reg[*]"
RUN-1002 : start command "get_regs rd_to_wr_cross_inst/sync_r1[*]"
RUN-1002 : start command "set_false_path -from  -to  -hold 999.70000000000005"
USR-1002 : set_false_path -help -setup -hold -from <list> -rise_from <list> -fall_from <list> -to <list> -rise_to <list> -fall_to <list> -through <list>
RUN-1002 : start command "get_regs wr_to_rd_cross_inst/primary_addr_gray_reg[*]"
RUN-1002 : start command "get_regs wr_to_rd_cross_inst/sync_r1[*]"
RUN-1002 : start command "set_max_delay -from  -to  999.70000000000005 -datapath_only"
RUN-1002 : start command "get_regs wr_to_rd_cross_inst/primary_addr_gray_reg[*]"
RUN-1002 : start command "get_regs wr_to_rd_cross_inst/sync_r1[*]"
RUN-1002 : start command "set_false_path -from  -to  -hold 999.70000000000005"
USR-1002 : set_false_path -help -setup -hold -from <list> -rise_from <list> -fall_from <list> -to <list> -rise_to <list> -fall_to <list> -through <list>
RUN-1002 : start command "config_chipwatcher ../../sd_HDMI.cwc -dir "
RUN-1002 : start command "legalize_phy_inst"
SYN-1011 : Flatten model sd_bmp_hdmi
KIT-1004 : ChipWatcher: import watcher inst auto_chipwatcher_0 completed, there are 7 view nodes, 40 trigger nets, 40 data nets.
KIT-1004 : Chipwatcher code = 0000100110010011
RUN-1002 : start command "compile_watcher"
RUN-1002 : start command "read_verilog -no_sch -dir F:/ARMChina/cw/ -file SD_HDMI_DAFENQI_watcherInst.sv -lib cw -top CW_TOP_WRAPPER"
HDL-1007 : analyze verilog file F:/ARMChina/cw\bus_det.v
HDL-1007 : analyze verilog file F:/ARMChina/cw\bus_top.sv
HDL-1007 : analyze verilog file F:/ARMChina/cw\cfg_int.v
HDL-1007 : analyze verilog file F:/ARMChina/cw\cwc_cfg_int.v
HDL-1007 : analyze verilog file F:/ARMChina/cw\cwc_top.sv
HDL-1007 : analyze verilog file F:/ARMChina/cw\detect_bus.v
HDL-1007 : analyze verilog file F:/ARMChina/cw\detect_non_bus.v
HDL-1007 : analyze verilog file F:/ARMChina/cw\emb_ctrl.v
HDL-1007 : analyze verilog file F:/ARMChina/cw\register.v
HDL-1007 : analyze verilog file F:/ARMChina/cw\tap.v
HDL-1007 : analyze verilog file F:/ARMChina/cw\trigger.sv
HDL-1007 : analyze verilog file SD_HDMI_DAFENQI_watcherInst.sv
HDL-1007 : elaborate module CW_TOP_WRAPPER in SD_HDMI_DAFENQI_watcherInst.sv(1)
HDL-1007 : elaborate module cwc_top(BUS_NUM=7,BUS_DIN_NUM=40,BUS_CTRL_NUM=108,BUS_WIDTH='{32'sb01,32'sb01,32'sb01,32'sb01,32'sb010000,32'sb010000,32'sb0100},BUS_DIN_POS='{32'sb0,32'sb01,32'sb010,32'sb011,32'sb0100,32'sb010100,32'sb0100100},BUS_CTRL_POS='{32'sb0,32'sb0110,32'sb01100,32'sb010010,32'sb011000,32'sb0111100,32'sb01100000}) in F:/ARMChina/cw\cwc_top.sv(21)
HDL-1007 : elaborate module cwc_cfg_int(CTRL_REG_LEN=130) in F:/ARMChina/cw\cwc_cfg_int.v(21)
HDL-1007 : elaborate module register(CTRL_REG_LEN=130) in F:/ARMChina/cw\register.v(21)
HDL-1007 : elaborate module tap in F:/ARMChina/cw\tap.v(21)
HDL-1007 : elaborate module trigger(BUS_NUM=7,BUS_DIN_NUM=40,BUS_CTRL_NUM=108,BUS_WIDTH='{32'sb01,32'sb01,32'sb01,32'sb01,32'sb010000,32'sb010000,32'sb0100},BUS_DIN_POS='{32'sb0,32'sb01,32'sb010,32'sb011,32'sb0100,32'sb010100,32'sb0100100},BUS_CTRL_POS='{32'sb0,32'sb0110,32'sb01100,32'sb010010,32'sb011000,32'sb0111100,32'sb01100000}) in F:/ARMChina/cw\trigger.sv(21)
HDL-1007 : elaborate module bus_top(BUS_NODE_NUM=7,BUS_DIN_NUM=40,BUS_CTRL_NUM=108,BUS_WIDTH='{32'sb01,32'sb01,32'sb01,32'sb01,32'sb010000,32'sb010000,32'sb0100},BUS_DIN_POS='{32'sb0,32'sb01,32'sb010,32'sb011,32'sb0100,32'sb010100,32'sb0100100},BUS_CTRL_POS='{32'sb0,32'sb0110,32'sb01100,32'sb010010,32'sb011000,32'sb0111100,32'sb01100000}) in F:/ARMChina/cw\bus_top.sv(22)
HDL-1007 : elaborate module bus_det(BUS_WIDTH=32'sb01) in F:/ARMChina/cw\bus_det.v(21)
HDL-1007 : elaborate module bus_det(BUS_WIDTH=32'sb010000) in F:/ARMChina/cw\bus_det.v(21)
HDL-1007 : elaborate module bus_det(BUS_WIDTH=32'sb0100) in F:/ARMChina/cw\bus_det.v(21)
HDL-1007 : elaborate module emb_ctrl in F:/ARMChina/cw\emb_ctrl.v(21)
HDL-1200 : Current top model is CW_TOP_WRAPPER
HDL-1100 : Inferred 0 RAMs.
RUN-1002 : start command "force_keep -a auto_chipwatcher_0_logicbram"
RUN-1002 : start command "optimize_rtl -no_sch"
RUN-1001 : Open license file F:/ARMChina/license/Anlogic.lic
RUN-1001 : Print Global Property
RUN-1001 : ---------------------------------------------------------------
RUN-1001 :        Parameters        |  Settings  |  Default Values  |  Note  
RUN-1001 : ---------------------------------------------------------------
RUN-1001 :          message         |  standard  |     standard     |        
RUN-1001 :   mixed_pack_place_flow  |     on     |        on        |        
RUN-1001 :        qor_monitor       |    off     |       off        |        
RUN-1001 :        syn_ip_flow       |    off     |       off        |        
RUN-1001 :          thread          |    auto    |       auto       |        
RUN-1001 : ---------------------------------------------------------------
RUN-1001 : Print Rtl Property
RUN-1001 : --------------------------------------------------------------
RUN-1001 :        Parameters       |  Settings  |  Default Values  |  Note  
RUN-1001 : --------------------------------------------------------------
RUN-1001 :       compress_add      |   ripple   |      ripple      |        
RUN-1001 :        elf_sload        |    off     |       off        |        
RUN-1001 :       fix_undriven      |     0      |        0         |        
RUN-1001 :         flatten         |    off     |       off        |        
RUN-1001 :       gate_sharing      |     on     |        on        |        
RUN-1001 :    hdl_warning_level    |   normal   |      normal      |        
RUN-1001 :   impl_internal_tribuf  |     on     |        on        |        
RUN-1001 :      impl_set_reset     |     on     |        on        |        
RUN-1001 :        infer_gsr        |    off     |       off        |        
RUN-1001 :      keep_hierarchy     |    auto    |       auto       |        
RUN-1001 :        max_fanout       |    9999    |       9999       |        
RUN-1001 :      max_oh2bin_len     |     10     |        10        |        
RUN-1001 :       merge_equal       |     on     |        on        |        
RUN-1001 :       merge_equiv       |     on     |        on        |        
RUN-1001 :        merge_mux        |    off     |       off        |        
RUN-1001 :     min_control_set     |     8      |        8         |        
RUN-1001 :      min_ripple_len     |    auto    |       auto       |        
RUN-1001 :       oh2bin_ratio      |    0.08    |       0.08       |        
RUN-1001 :     opt_adder_fanout    |     on     |        on        |        
RUN-1001 :        opt_arith        |     on     |        on        |        
RUN-1001 :       opt_big_gate      |    off     |       off        |        
RUN-1001 :        opt_const        |     on     |        on        |        
RUN-1001 :      opt_const_mult     |     on     |        on        |        
RUN-1001 :       opt_lessthan      |     on     |        on        |        
RUN-1001 :         opt_mux         |    off     |       off        |        
RUN-1001 :         opt_ram         |    high    |       high       |        
RUN-1001 :      rtl_sim_model      |    off     |       off        |        
RUN-1001 :         seq_syn         |     on     |        on        |        
RUN-1001 : --------------------------------------------------------------
SYN-1012 : SanityCheck: Model "sd_bmp_hdmi"
SYN-1012 : SanityCheck: Model "CW_TOP_WRAPPER"
SYN-1012 : SanityCheck: Model "cwc_top(BUS_NUM=7,BUS_DIN_NUM=40,BUS_CTRL_NUM=108,BUS_WIDTH='{32'sb01,32'sb01,32'sb01,32'sb01,32'sb010000,32'sb010000,32'sb0100},BUS_DIN_POS='{32'sb0,32'sb01,32'sb010,32'sb011,32'sb0100,32'sb010100,32'sb0100100},BUS_CTRL_POS='{32'sb0,32'sb0110,32'sb01100,32'sb010010,32'sb011000,32'sb0111100,32'sb01100000})"
SYN-1012 : SanityCheck: Model "cwc_cfg_int(CTRL_REG_LEN=130)"
SYN-1012 : SanityCheck: Model "register(CTRL_REG_LEN=130)"
SYN-1012 : SanityCheck: Model "tap"
SYN-1012 : SanityCheck: Model "trigger(BUS_NUM=7,BUS_DIN_NUM=40,BUS_CTRL_NUM=108,BUS_WIDTH='{32'sb01,32'sb01,32'sb01,32'sb01,32'sb010000,32'sb010000,32'sb0100},BUS_DIN_POS='{32'sb0,32'sb01,32'sb010,32'sb011,32'sb0100,32'sb010100,32'sb0100100},BUS_CTRL_POS='{32'sb0,32'sb0110,32'sb01100,32'sb010010,32'sb011000,32'sb0111100,32'sb01100000})"
SYN-1012 : SanityCheck: Model "bus_top(BUS_NODE_NUM=7,BUS_DIN_NUM=40,BUS_CTRL_NUM=108,BUS_WIDTH='{32'sb01,32'sb01,32'sb01,32'sb01,32'sb010000,32'sb010000,32'sb0100},BUS_DIN_POS='{32'sb0,32'sb01,32'sb010,32'sb011,32'sb0100,32'sb010100,32'sb0100100},BUS_CTRL_POS='{32'sb0,32'sb0110,32'sb01100,32'sb010010,32'sb011000,32'sb0111100,32'sb01100000})"
SYN-1012 : SanityCheck: Model "bus_det(BUS_WIDTH=32'sb01)"
SYN-1012 : SanityCheck: Model "bus_det(BUS_WIDTH=32'sb010000)"
SYN-1012 : SanityCheck: Model "bus_det(BUS_WIDTH=32'sb0100)"
SYN-1012 : SanityCheck: Model "emb_ctrl"
SYN-1011 : Flatten model sd_bmp_hdmi
SYN-1032 : 7845/29 useful/useless nets, 5843/18 useful/useless insts
SYN-1016 : Merged 36 instances.
SYN-1032 : 7498/24 useful/useless nets, 6268/20 useful/useless insts
SYN-1014 : Optimize round 1
SYN-1021 : Optimized 3 onehot mux instances.
SYN-1020 : Optimized 1 distributor mux.
SYN-1019 : Optimized 3 mux instances.
SYN-1015 : Optimize round 1, 406 better
SYN-1014 : Optimize round 2
SYN-1032 : 7172/45 useful/useless nets, 5942/48 useful/useless insts
SYN-1015 : Optimize round 2, 96 better
SYN-1014 : Optimize round 1
SYN-1015 : Optimize round 1, 0 better
RUN-1003 : finish command "optimize_rtl -no_sch" in  1.036180s wall, 0.718750s user + 0.078125s system = 0.796875s CPU (76.9%)

RUN-1004 : used memory is 195 MB, reserved memory is 164 MB, peak memory is 197 MB
RUN-1002 : start command "optimize_gate -no_sch"
RUN-1001 : Open license file F:/ARMChina/license/Anlogic.lic
RUN-1001 : Print Global Property
RUN-1001 : ---------------------------------------------------------------
RUN-1001 :        Parameters        |  Settings  |  Default Values  |  Note  
RUN-1001 : ---------------------------------------------------------------
RUN-1001 :          message         |  standard  |     standard     |        
RUN-1001 :   mixed_pack_place_flow  |     on     |        on        |        
RUN-1001 :        qor_monitor       |    off     |       off        |        
RUN-1001 :        syn_ip_flow       |    off     |       off        |        
RUN-1001 :          thread          |    auto    |       auto       |        
RUN-1001 : ---------------------------------------------------------------
RUN-1001 : Print Gate Property
RUN-1001 : ------------------------------------------------------------------
RUN-1001 :          Parameters         |  Settings  |  Default Values  |  Note  
RUN-1001 : ------------------------------------------------------------------
RUN-1001 :         cascade_dsp         |    off     |       off        |        
RUN-1001 :         cascade_eram        |    off     |       off        |        
RUN-1001 :        gate_sim_model       |    off     |       off        |        
RUN-1001 :        map_sim_model        |    off     |       off        |        
RUN-1001 :         map_strategy        |     1      |        1         |        
RUN-1001 :           opt_area          |   medium   |      medium      |        
RUN-1001 :          opt_timing         |    auto    |       auto       |        
RUN-1001 :         pack_effort         |   medium   |      medium      |        
RUN-1001 :      pack_lslice_ripple     |     on     |        on        |        
RUN-1001 :   pack_lslice_ripple_ratio  |    0.5     |       0.5        |        
RUN-1001 :        pack_seq_in_io       |    auto    |       auto       |        
RUN-1001 :        ph1_mux_ratio        |    1.0     |       1.0        |        
RUN-1001 :            report           |  standard  |     standard     |        
RUN-1001 :           retiming          |    off     |       off        |        
RUN-1001 : ------------------------------------------------------------------
SYN-2001 : Map 12 IOs to PADs
RUN-1002 : start command "update_pll_param -module sd_bmp_hdmi"
SYN-2501 : Processed 0 LOGIC_BUF instances.
SYN-2512 : LOGIC BRAM "auto_chipwatcher_0_logicbram"
SYN-2571 : Optimize after map_dsp, round 1
SYN-1032 : 7176/79 useful/useless nets, 5954/43 useful/useless insts
SYN-1016 : Merged 3 instances.
SYN-2571 : Optimize after map_dsp, round 1, 125 better
SYN-2571 : Optimize after map_dsp, round 2
SYN-2571 : Optimize after map_dsp, round 2, 0 better
SYN-1001 : Throwback 3 control mux instances
SYN-2501 : Optimize round 1
SYN-1016 : Merged 36 instances.
SYN-2501 : Optimize round 1, 74 better
SYN-2501 : Optimize round 2
SYN-2501 : Optimize round 2, 0 better
SYN-2501 : Map 16 macro adder
SYN-1019 : Optimized 13 mux instances.
SYN-1016 : Merged 11 instances.
SYN-1032 : 7660/3 useful/useless nets, 6438/2 useful/useless insts
RUN-1002 : start command "start_timer -prepack"
TMR-2505 : Start building timing graph for model sd_bmp_hdmi.
TMR-2506 : Build timing graph completely. Port num: 9, tpin num: 28791, tnet num: 7660, tinst num: 6437, tnode num: 38294, tedge num: 46930.
TMR-2508 : Levelizing timing graph completed, there are 53 levels in total.
TMR-2501 : Timing graph initialized successfully.
TMR-2503 : Start to update net delay, extr mode = 2.
TMR-2504 : Update delay of 7660 nets completely.
TMR-2502 : Annotate delay completely, extr mode = 2.
TMR-3001 : Initiate 0 clocks from SDC.
TMR-3004 : Map sdc constraints, there are 8 constraints in total.
TMR-3003 : Constraints initiated successfully.
TMR-3501 : Forward propagation: start to calculate arrival time...
TMR-3502 : Backward propagation: start to calculate required time...
TMR-3503 : Timing propagation completes.
SYN-3001 : Running gate level optimization.
SYN-2581 : Mapping with K=5, #lut = 234 (3.47), #lev = 7 (1.84)
SYN-2551 : Post LUT mapping optimization.
SYN-2581 : Mapping with K=5, #lut = 226 (3.55), #lev = 7 (1.82)
SYN-3001 : Logic optimization runtime opt =   0.02 sec, map =   0.00 sec
SYN-3001 : Mapper mapped 564 instances into 226 LUTs, name keeping = 75%.
SYN-1001 : Packing model "sd_bmp_hdmi" ...
SYN-4010 : Pack lib has 58 rtl pack models with 25 top pack blocks
SYN-1014 : Optimize round 1
SYN-1015 : Optimize round 1, 0 better
SYN-4002 : Packing 399 DFF/LATCH to SEQ ...
SYN-4009 : Pack 8 carry chain into lslice
SYN-4007 : Packing 120 adder to BLE ...
SYN-4008 : Packed 120 adder and 0 SEQ to BLE.
SYN-4007 : Packing 0 gate4 to BLE ...
SYN-4008 : Packed 0 gate4 and 0 SEQ to BLE.
SYN-4012 : Packed 0 FxMUX
RUN-1003 : finish command "optimize_gate -no_sch" in  1.662968s wall, 1.156250s user + 0.015625s system = 1.171875s CPU (70.5%)

RUN-1004 : used memory is 203 MB, reserved memory is 172 MB, peak memory is 249 MB
RUN-1002 : start command "legalize_phy_inst"
SYN-1011 : Flatten model sd_bmp_hdmi
KIT-1004 : Compile Chipwatcher: Clear obsolete physical data.
RUN-1003 : finish command "compile_watcher" in  2.836314s wall, 1.984375s user + 0.109375s system = 2.093750s CPU (73.8%)

RUN-1004 : used memory is 203 MB, reserved memory is 172 MB, peak memory is 249 MB
RUN-1002 : start command "place"
RUN-1001 : Open license file F:/ARMChina/license/Anlogic.lic
RUN-1001 : Print Global Property
RUN-1001 : ---------------------------------------------------------------
RUN-1001 :        Parameters        |  Settings  |  Default Values  |  Note  
RUN-1001 : ---------------------------------------------------------------
RUN-1001 :          message         |  standard  |     standard     |        
RUN-1001 :   mixed_pack_place_flow  |     on     |        on        |        
RUN-1001 :        qor_monitor       |    off     |       off        |        
RUN-1001 :        syn_ip_flow       |    off     |       off        |        
RUN-1001 :          thread          |    auto    |       auto       |        
RUN-1001 : ---------------------------------------------------------------
RUN-1001 : Print Place Property
RUN-1001 : --------------------------------------------------------------
RUN-1001 :        Parameters       |  Settings  |  Default Values  |  Note  
RUN-1001 : --------------------------------------------------------------
RUN-1001 :      detailed_place     |     on     |        on        |        
RUN-1001 :          effort         |   medium   |      medium      |        
RUN-1001 :         fix_hold        |    off     |       off        |        
RUN-1001 :       legalization      |    ori     |       ori        |        
RUN-1001 :      new_spreading      |     on     |        on        |        
RUN-1001 :        opt_timing       |   medium   |      medium      |        
RUN-1001 :   post_clock_route_opt  |    off     |       off        |        
RUN-1001 :       pr_strategy       |     1      |        1         |        
RUN-1001 :        relaxation       |    1.00    |       1.00       |        
RUN-1001 :         retiming        |    off     |       off        |        
RUN-1001 : --------------------------------------------------------------
PHY-3001 : Placer runs in 16 thread(s).
RUN-1002 : start command "legalize_phy_inst"
SYN-1011 : Flatten model sd_bmp_hdmi
RUN-1002 : start command "phys_opt -simplify_lut"
SYN-4016 : Net u_ddr3_top/u_sdram_fifo_ctrl/clk_ref driven by BUFG (271 clock/control pins, 1 other pins).
SYN-4016 : Net u_clk_wiz_1/clk0_out driven by BUFG (58 clock/control pins, 1 other pins).
SYN-4016 : Net config_inst_syn_10 driven by BUFG (277 clock/control pins, 0 other pins).
SYN-4027 : Net u_ddr3_top/clk_sdram is clkc1 of pll u_clk_wiz_0/pll_inst.
SYN-4027 : Net u_ddr3_top/u_sdram_fifo_ctrl/wrfifo/clkw is clkc3 of pll u_clk_wiz_0/pll_inst.
SYN-4027 : Net u_sd_ctrl_top/u_sd_read/clk_ref_180deg is clkc4 of pll u_clk_wiz_0/pll_inst.
SYN-4019 : Net sys_clk_dup_1 is refclk of pll u_clk_wiz_0/pll_inst.
SYN-4020 : Net sys_clk_dup_1 is fbclk of pll u_clk_wiz_0/pll_inst.
SYN-4027 : Net u_hdmi_top/bnr/pclk is clkc1 of pll u_clk_wiz_1/pll_inst.
SYN-4019 : Net sys_clk_dup_1 is refclk of pll u_clk_wiz_1/pll_inst.
SYN-4020 : Net sys_clk_dup_1 is fbclk of pll u_clk_wiz_1/pll_inst.
SYN-4024 : Net "u_sd_ctrl_top/u_sd_init/div_clk" drives clk pins.
SYN-4025 : Tag rtl::Net config_inst_syn_10 as clock net
SYN-4025 : Tag rtl::Net sys_clk_dup_1 as clock net
SYN-4025 : Tag rtl::Net u_clk_wiz_1/clk0_out as clock net
SYN-4025 : Tag rtl::Net u_ddr3_top/clk_sdram as clock net
SYN-4025 : Tag rtl::Net u_ddr3_top/u_sdram_fifo_ctrl/clk_ref as clock net
SYN-4025 : Tag rtl::Net u_ddr3_top/u_sdram_fifo_ctrl/wrfifo/clkw as clock net
SYN-4025 : Tag rtl::Net u_hdmi_top/bnr/pclk as clock net
SYN-4025 : Tag rtl::Net u_sd_ctrl_top/u_sd_init/div_clk as clock net
SYN-4025 : Tag rtl::Net u_sd_ctrl_top/u_sd_read/clk_ref_180deg as clock net
SYN-4026 : Tagged 9 rtl::Net as clock net
SYN-4015 : Create BUFG instance for clk Net u_sd_ctrl_top/u_sd_init/div_clk to drive 101 clock pins.
PHY-1001 : Populate physical database on model sd_bmp_hdmi.
RUN-1001 : There are total 5785 instances
RUN-0007 : 1744 luts, 2989 seqs, 615 mslices, 338 lslices, 71 pads, 19 brams, 0 dsps
RUN-1001 : There are total 7007 nets
RUN-1001 : 4684 nets have 2 pins
RUN-1001 : 1784 nets have [3 - 5] pins
RUN-1001 : 373 nets have [6 - 10] pins
RUN-1001 : 118 nets have [11 - 20] pins
RUN-1001 : 34 nets have [21 - 99] pins
RUN-1001 : 14 nets have 100+ pins
RUN-1001 : Report Control nets information:
RUN-1001 : DFF Distribution
RUN-1001 : ----------------------------------
RUN-1001 :   CE   |  SSR  |  ASR  |  DFF Count  
RUN-1001 : ----------------------------------
RUN-1001 :   No   |  No   |  No   |     108     
RUN-1001 :   No   |  No   |  Yes  |    2193     
RUN-1001 :   No   |  Yes  |  No   |     53      
RUN-1001 :   Yes  |  No   |  No   |     54      
RUN-1001 :   Yes  |  No   |  Yes  |     581     
RUN-1001 :   Yes  |  Yes  |  No   |      0      
RUN-1001 : ----------------------------------
RUN-0007 : Control Group Statistic
RUN-0007 : ---------------------------
RUN-0007 :   #CLK  |  #CE  |  #SSR/ASR  
RUN-0007 : ---------------------------
RUN-0007 :    9    |  23   |     14     
RUN-0007 : ---------------------------
RUN-0007 : Control Set = 45
PHY-3001 : Initial placement ...
PHY-3001 : design contains 5783 instances, 1744 luts, 2989 seqs, 953 slices, 161 macros(953 instances: 615 mslices 338 lslices)
PHY-3001 : Huge net u_hdmi_top/sys_rst_n with 1852 pins
PHY-0007 : Cell area utilization is 18%
PHY-3001 : Start timing update ...
RUN-1002 : start command "start_timer -report"
TMR-2505 : Start building timing graph for model sd_bmp_hdmi.
TMR-2506 : Build timing graph completely. Port num: 9, tpin num: 27354, tnet num: 7005, tinst num: 5783, tnode num: 36936, tedge num: 45674.
TMR-2508 : Levelizing timing graph completed, there are 29 levels in total.
TMR-2501 : Timing graph initialized successfully.
TMR-2503 : Start to update net delay, extr mode = 2.
TMR-2504 : Update delay of 7005 nets completely.
TMR-2502 : Annotate delay completely, extr mode = 2.
TMR-3001 : Initiate 0 clocks from SDC.
TMR-3004 : Map sdc constraints, there are 8 constraints in total.
TMR-3003 : Constraints initiated successfully.
TMR-3501 : Forward propagation: start to calculate arrival time...
TMR-3502 : Backward propagation: start to calculate required time...
TMR-3503 : Timing propagation completes.
PHY-3001 : End timing update;  0.753677s wall, 0.593750s user + 0.000000s system = 0.593750s CPU (78.8%)

PHY-3001 : Global placement ...
PHY-3001 : Initial: Len = 1.73597e+06
PHY-3001 : Clustering ...
PHY-3001 : Level 0 #clusters 5783.
PHY-3001 : End clustering;  0.000038s wall, 0.000000s user + 0.000000s system = 0.000000s CPU (n/a%)

PHY-3001 : Run with size of 4
PHY-3001 : Cell area utilization is 18%
PHY-3001 : :::0::: Try harder cell spreading with beta_ = 0
PHY-3002 : Step(1): len = 1.20218e+06, overlap = 65.75
PHY-3002 : Step(2): len = 958227, overlap = 66.5
PHY-3002 : Step(3): len = 602602, overlap = 63.625
PHY-3002 : Step(4): len = 515816, overlap = 57.5
PHY-3002 : Step(5): len = 439227, overlap = 68.0312
PHY-3002 : Step(6): len = 393958, overlap = 78.5938
PHY-3002 : Step(7): len = 347643, overlap = 90.2188
PHY-3002 : Step(8): len = 313542, overlap = 104.406
PHY-3002 : Step(9): len = 281385, overlap = 120.969
PHY-3002 : Step(10): len = 253452, overlap = 131.5
PHY-3002 : Step(11): len = 235649, overlap = 137.469
PHY-3002 : Step(12): len = 216317, overlap = 141.406
PHY-3002 : Step(13): len = 206801, overlap = 142.438
PHY-3002 : Step(14): len = 197448, overlap = 142
PHY-3002 : Step(15): len = 191980, overlap = 141.812
PHY-3002 : Step(16): len = 179529, overlap = 145.594
PHY-3002 : Step(17): len = 176541, overlap = 149.688
PHY-3002 : Step(18): len = 165442, overlap = 153.594
PHY-3001 : :::1::: Try harder cell spreading with beta_ = 2.04475e-05
PHY-3002 : Step(19): len = 175714, overlap = 152.719
PHY-3002 : Step(20): len = 180601, overlap = 147.188
PHY-3002 : Step(21): len = 180715, overlap = 142.875
PHY-3002 : Step(22): len = 179309, overlap = 137.594
PHY-3002 : Step(23): len = 174671, overlap = 133.125
PHY-3002 : Step(24): len = 172888, overlap = 136.062
PHY-3002 : Step(25): len = 172883, overlap = 134.438
PHY-3002 : Step(26): len = 173067, overlap = 128.844
PHY-3002 : Step(27): len = 172188, overlap = 121
PHY-3002 : Step(28): len = 172756, overlap = 116.875
PHY-3002 : Step(29): len = 172306, overlap = 114.344
PHY-3002 : Step(30): len = 171464, overlap = 101.812
PHY-3002 : Step(31): len = 170586, overlap = 104.656
PHY-3002 : Step(32): len = 169112, overlap = 103.562
PHY-3002 : Step(33): len = 167654, overlap = 106.812
PHY-3002 : Step(34): len = 167464, overlap = 101.469
PHY-3002 : Step(35): len = 166390, overlap = 101.094
PHY-3002 : Step(36): len = 164781, overlap = 105.312
PHY-3002 : Step(37): len = 162482, overlap = 100.625
PHY-3002 : Step(38): len = 162003, overlap = 95.3125
PHY-3002 : Step(39): len = 161389, overlap = 94.1562
PHY-3002 : Step(40): len = 160548, overlap = 95.2812
PHY-3002 : Step(41): len = 158606, overlap = 95.375
PHY-3002 : Step(42): len = 158105, overlap = 100.656
PHY-3002 : Step(43): len = 157850, overlap = 104.781
PHY-3001 : :::2::: Try harder cell spreading with beta_ = 4.0895e-05
PHY-3002 : Step(44): len = 158878, overlap = 96.875
PHY-3002 : Step(45): len = 159072, overlap = 96.3125
PHY-3002 : Step(46): len = 159875, overlap = 96.2812
PHY-3001 : :::3::: Try harder cell spreading with beta_ = 8.179e-05
PHY-3002 : Step(47): len = 160798, overlap = 95.7188
PHY-3002 : Step(48): len = 160813, overlap = 95.9062
PHY-3002 : Step(49): len = 160972, overlap = 95.6875
PHY-3002 : Step(50): len = 161001, overlap = 95.5938
PHY-3002 : Step(51): len = 161933, overlap = 95.7188
PHY-3002 : Step(52): len = 162223, overlap = 95.7812
PHY-3002 : Step(53): len = 162799, overlap = 96.0938
PHY-3001 : Legalization ...
PHY-3001 : End legalization;  0.019579s wall, 0.000000s user + 0.000000s system = 0.000000s CPU (n/a%)

PHY-3001 : Run with size of 4
PHY-3001 : Cell area utilization is 23%
PHY-3001 : Update timing in Manhattan mode ...
TMR-2503 : Start to update net delay, extr mode = 3.
TMR-2504 : Update delay of 7005 nets completely.
TMR-2502 : Annotate delay completely, extr mode = 3.
TMR-3501 : Forward propagation: start to calculate arrival time...
TMR-3502 : Backward propagation: start to calculate required time...
TMR-3503 : Timing propagation completes.
PHY-3001 : End timing update;  0.146698s wall, 0.109375s user + 0.000000s system = 0.109375s CPU (74.6%)

PHY-3001 : :::0::: Try harder cell spreading with beta_ = 2.76991e-06
PHY-3002 : Step(54): len = 196857, overlap = 194
PHY-3002 : Step(55): len = 196397, overlap = 212.656
PHY-3002 : Step(56): len = 190748, overlap = 193.812
PHY-3002 : Step(57): len = 191208, overlap = 188.469
PHY-3002 : Step(58): len = 187336, overlap = 192
PHY-3002 : Step(59): len = 187086, overlap = 190.562
PHY-3002 : Step(60): len = 185722, overlap = 190.375
PHY-3002 : Step(61): len = 183839, overlap = 191.312
PHY-3002 : Step(62): len = 183782, overlap = 190.906
PHY-3002 : Step(63): len = 181748, overlap = 191.906
PHY-3002 : Step(64): len = 181449, overlap = 191.594
PHY-3002 : Step(65): len = 180076, overlap = 194.281
PHY-3001 : :::1::: Try harder cell spreading with beta_ = 5.53982e-06
PHY-3002 : Step(66): len = 178772, overlap = 196.75
PHY-3002 : Step(67): len = 178770, overlap = 198.188
PHY-3002 : Step(68): len = 178769, overlap = 197.812
PHY-3001 : :::2::: Try harder cell spreading with beta_ = 1.10796e-05
PHY-3002 : Step(69): len = 180979, overlap = 190.344
PHY-3002 : Step(70): len = 181354, overlap = 189.906
PHY-3002 : Step(71): len = 187634, overlap = 164.812
PHY-3002 : Step(72): len = 183887, overlap = 176.938
PHY-3002 : Step(73): len = 183887, overlap = 176.938
PHY-3002 : Step(74): len = 183208, overlap = 178.312
PHY-3001 : :::3::: Try harder cell spreading with beta_ = 2.21593e-05
PHY-3002 : Step(75): len = 187074, overlap = 154.156
PHY-3002 : Step(76): len = 187779, overlap = 154.531
PHY-3002 : Step(77): len = 190164, overlap = 143.531
PHY-3002 : Step(78): len = 190797, overlap = 138.844
PHY-3002 : Step(79): len = 194057, overlap = 107.938
PHY-3002 : Step(80): len = 194183, overlap = 105.656
PHY-3002 : Step(81): len = 194076, overlap = 105.188
PHY-3002 : Step(82): len = 193501, overlap = 100.156
PHY-3001 : :::4::: Try harder cell spreading with beta_ = 4.43185e-05
PHY-3002 : Step(83): len = 192965, overlap = 98.9688
PHY-3002 : Step(84): len = 192941, overlap = 98.3125
PHY-3002 : Step(85): len = 192941, overlap = 98.3125
PHY-3001 : :::5::: Try harder cell spreading with beta_ = 8.86371e-05
PHY-3002 : Step(86): len = 195230, overlap = 93.125
PHY-3002 : Step(87): len = 195230, overlap = 93.125
PHY-3002 : Step(88): len = 194886, overlap = 95.125
PHY-3002 : Step(89): len = 194879, overlap = 95.3438
PHY-3002 : Step(90): len = 194879, overlap = 95.3438
PHY-3001 : Run with size of 2
PHY-3001 : Cell area utilization is 23%
PHY-3001 : Update timing in Manhattan mode ...
TMR-2503 : Start to update net delay, extr mode = 3.
TMR-2504 : Update delay of 7005 nets completely.
TMR-2502 : Annotate delay completely, extr mode = 3.
TMR-3501 : Forward propagation: start to calculate arrival time...
TMR-3502 : Backward propagation: start to calculate required time...
TMR-3503 : Timing propagation completes.
PHY-3001 : End timing update;  0.145842s wall, 0.109375s user + 0.000000s system = 0.109375s CPU (75.0%)

PHY-3001 : :::0::: Try harder cell spreading with beta_ = 2.12288e-05
PHY-3002 : Step(91): len = 196100, overlap = 246.281
PHY-3002 : Step(92): len = 196681, overlap = 236.031
PHY-3002 : Step(93): len = 201368, overlap = 216.531
PHY-3002 : Step(94): len = 198321, overlap = 211.969
PHY-3002 : Step(95): len = 197766, overlap = 211.5
PHY-3002 : Step(96): len = 196585, overlap = 206.625
PHY-3001 : :::1::: Try harder cell spreading with beta_ = 4.24577e-05
PHY-3002 : Step(97): len = 197871, overlap = 198.812
PHY-3002 : Step(98): len = 198199, overlap = 197.312
PHY-3002 : Step(99): len = 198706, overlap = 194.125
PHY-3001 : :::2::: Try harder cell spreading with beta_ = 8.49153e-05
PHY-3002 : Step(100): len = 203230, overlap = 179.781
PHY-3002 : Step(101): len = 204530, overlap = 174.969
PHY-3002 : Step(102): len = 208307, overlap = 153.969
PHY-3002 : Step(103): len = 204652, overlap = 158.688
PHY-3002 : Step(104): len = 203977, overlap = 158.844
PHY-3002 : Step(105): len = 203647, overlap = 158.906
PHY-3001 : :::3::: Try harder cell spreading with beta_ = 0.000155604
PHY-3002 : Step(106): len = 207468, overlap = 147.781
PHY-3002 : Step(107): len = 210337, overlap = 139.531
PHY-3002 : Step(108): len = 212530, overlap = 123
PHY-3002 : Step(109): len = 210181, overlap = 114.375
PHY-3002 : Step(110): len = 209737, overlap = 115.375
PHY-3002 : Step(111): len = 208093, overlap = 112.656
PHY-3002 : Step(112): len = 207417, overlap = 114.25
PHY-3002 : Step(113): len = 207267, overlap = 113.906
OPT-1001 : Start physical optimization ...
RUN-1002 : start command "start_timer -report"
TMR-2505 : Start building timing graph for model sd_bmp_hdmi.
TMR-2506 : Build timing graph completely. Port num: 9, tpin num: 27354, tnet num: 7005, tinst num: 5783, tnode num: 36936, tedge num: 45674.
TMR-2508 : Levelizing timing graph completed, there are 29 levels in total.
TMR-2501 : Timing graph initialized successfully.
OPT-1001 : Total overflow 363.41 peak overflow 5.25
OPT-1001 : Start high-fanout net optimization ...
OPT-1001 : Update timing in global mode
PHY-1001 : Start incremental global routing, caller is place ...
RUN-1001 : Generating global routing grids ...
RUN-1001 : Building simple global routing graph ...
PHY-1001 : Generate routing nets ...
PHY-1001 : Reuse net number 0/7007.
PHY-1001 : Global iterations in 16 thread ...
PHY-1002 : len = 233864, over cnt = 950(2%), over = 3617, worst = 19
PHY-1001 : End global iterations;  0.390397s wall, 0.296875s user + 0.015625s system = 0.312500s CPU (80.0%)

PHY-1001 : Congestion index: top1 = 58.19, top5 = 42.56, top10 = 35.86, top15 = 31.54.
PHY-1001 : End incremental global routing;  0.498038s wall, 0.375000s user + 0.015625s system = 0.390625s CPU (78.4%)

TMR-2503 : Start to update net delay, extr mode = 5.
TMR-2504 : Update delay of 7005 nets completely.
TMR-2502 : Annotate delay completely, extr mode = 5.
TMR-3001 : Initiate 0 clocks from SDC.
TMR-3004 : Map sdc constraints, there are 8 constraints in total.
TMR-3003 : Constraints initiated successfully.
TMR-3501 : Forward propagation: start to calculate arrival time...
TMR-3502 : Backward propagation: start to calculate required time...
TMR-3503 : Timing propagation completes.
OPT-1001 : End timing update;  0.211464s wall, 0.171875s user + 0.000000s system = 0.171875s CPU (81.3%)

OPT-1001 : 0 high-fanout net processed.
OPT-1001 : End high-fanout net optimization;  0.836161s wall, 0.656250s user + 0.015625s system = 0.671875s CPU (80.4%)

OPT-1001 : Current memory(MB): used = 304, reserve = 271, peak = 304.
OPT-1001 : Start global optimization ...
OPT-1001 : Start congestion update ...
RUN-1001 : Generating global routing grids ...
PHY-1001 : Generate routing nets ...
PHY-1001 : Reuse net number 5369/7007.
PHY-1001 : Global iterations in 16 thread ...
PHY-1002 : len = 233864, over cnt = 950(2%), over = 3617, worst = 19
PHY-1002 : len = 253264, over cnt = 664(1%), over = 1631, worst = 18
PHY-1002 : len = 264064, over cnt = 278(0%), over = 687, worst = 18
PHY-1002 : len = 272200, over cnt = 50(0%), over = 122, worst = 13
PHY-1002 : len = 273632, over cnt = 0(0%), over = 0, worst = 0
PHY-1001 : End global iterations;  0.587018s wall, 0.343750s user + 0.000000s system = 0.343750s CPU (58.6%)

PHY-1001 : Congestion index: top1 = 49.01, top5 = 39.97, top10 = 35.28, top15 = 32.03.
OPT-1001 : End congestion update;  0.696440s wall, 0.437500s user + 0.000000s system = 0.437500s CPU (62.8%)

OPT-1001 : Update timing in Manhattan mode
TMR-2503 : Start to update net delay, extr mode = 3.
TMR-2504 : Update delay of 7005 nets completely.
TMR-2502 : Annotate delay completely, extr mode = 3.
TMR-3501 : Forward propagation: start to calculate arrival time...
TMR-3502 : Backward propagation: start to calculate required time...
TMR-3503 : Timing propagation completes.
OPT-1001 : End timing update;  0.149712s wall, 0.140625s user + 0.000000s system = 0.140625s CPU (93.9%)

OPT-0007 : Start: WNS 999120 TNS 0 NUM_FEPS 0
OPT-1001 : End global optimization;  0.846385s wall, 0.578125s user + 0.000000s system = 0.578125s CPU (68.3%)

OPT-1001 : Current memory(MB): used = 308, reserve = 276, peak = 308.
OPT-1001 : End physical optimization;  2.406358s wall, 1.796875s user + 0.015625s system = 1.812500s CPU (75.3%)

PHY-3001 : Start packing ...
SYN-4007 : Packing 0 MUX to BLE ...
SYN-4008 : Packed 0 MUX and 0 SEQ to BLE.
SYN-4007 : Packing 1744 LUT to BLE ...
SYN-4008 : Packed 1744 LUT and 1026 SEQ to BLE.
SYN-4003 : Packing 1963 remaining SEQ's ...
SYN-4005 : Packed 708 SEQ with LUT/SLICE
SYN-4006 : 225 single LUT's are left
SYN-4006 : 1255 single SEQ's are left
SYN-4011 : Packing model "sd_bmp_hdmi" (AL_USER_NORMAL) with 2999/4211 primitive instances ...
PHY-3001 : End packing;  0.273189s wall, 0.218750s user + 0.031250s system = 0.250000s CPU (91.5%)

PHY-1001 : Populate physical database on model sd_bmp_hdmi.
RUN-1001 : There are total 2648 instances
RUN-1001 : 1275 mslices, 1274 lslices, 71 pads, 19 brams, 0 dsps
RUN-1001 : There are total 6091 nets
RUN-1001 : 3830 nets have 2 pins
RUN-1001 : 1706 nets have [3 - 5] pins
RUN-1001 : 396 nets have [6 - 10] pins
RUN-1001 : 113 nets have [11 - 20] pins
RUN-1001 : 37 nets have [21 - 99] pins
RUN-1001 : 9 nets have 100+ pins
PHY-3001 : design contains 2646 instances, 2549 slices, 161 macros(953 instances: 615 mslices 338 lslices)
PHY-3001 : Cell area utilization is 31%
PHY-3001 : After packing: Len = 210708, Over = 181.75
PHY-3001 : Run with size of 2
PHY-3001 : Cell area utilization is 31%
PHY-3001 : Update timing in Manhattan mode ...
RUN-1002 : start command "start_timer -report"
TMR-2505 : Start building timing graph for model sd_bmp_hdmi.
TMR-2506 : Build timing graph completely. Port num: 9, tpin num: 22684, tnet num: 6089, tinst num: 2646, tnode num: 29321, tedge num: 39789.
TMR-2508 : Levelizing timing graph completed, there are 29 levels in total.
TMR-2501 : Timing graph initialized successfully.
TMR-2503 : Start to update net delay, extr mode = 3.
TMR-2504 : Update delay of 6089 nets completely.
TMR-2502 : Annotate delay completely, extr mode = 3.
TMR-3001 : Initiate 0 clocks from SDC.
TMR-3004 : Map sdc constraints, there are 8 constraints in total.
TMR-3003 : Constraints initiated successfully.
TMR-3501 : Forward propagation: start to calculate arrival time...
TMR-3502 : Backward propagation: start to calculate required time...
TMR-3503 : Timing propagation completes.
PHY-3001 : End timing update;  0.838230s wall, 0.671875s user + 0.000000s system = 0.671875s CPU (80.2%)

PHY-3001 : :::0::: Try harder cell spreading with beta_ = 1.71833e-05
PHY-3002 : Step(114): len = 206988, overlap = 175
PHY-3002 : Step(115): len = 205814, overlap = 176.5
PHY-3002 : Step(116): len = 201797, overlap = 179.5
PHY-3002 : Step(117): len = 199108, overlap = 185.25
PHY-3002 : Step(118): len = 198264, overlap = 188.25
PHY-3002 : Step(119): len = 197023, overlap = 187.75
PHY-3001 : :::1::: Try harder cell spreading with beta_ = 3.43665e-05
PHY-3002 : Step(120): len = 197698, overlap = 189.75
PHY-3002 : Step(121): len = 198276, overlap = 187.25
PHY-3002 : Step(122): len = 199840, overlap = 184.25
PHY-3001 : :::2::: Try harder cell spreading with beta_ = 6.8733e-05
PHY-3002 : Step(123): len = 203507, overlap = 176
PHY-3002 : Step(124): len = 206535, overlap = 159.5
PHY-3002 : Step(125): len = 211874, overlap = 142.75
PHY-3002 : Step(126): len = 210209, overlap = 142.5
PHY-3002 : Step(127): len = 210098, overlap = 142.25
PHY-3002 : Step(128): len = 208399, overlap = 141.25
PHY-3002 : Step(129): len = 208075, overlap = 143.25
PHY-3002 : Step(130): len = 208006, overlap = 142
PHY-3001 : :::3::: Try harder cell spreading with beta_ = 0.000112143
PHY-3002 : Step(131): len = 212736, overlap = 135.25
PHY-3002 : Step(132): len = 214412, overlap = 133.25
PHY-3002 : Step(133): len = 216365, overlap = 125
PHY-3001 : :::4::: Try harder cell spreading with beta_ = 0.000224285
PHY-3002 : Step(134): len = 220727, overlap = 113.5
PHY-3002 : Step(135): len = 223156, overlap = 107.75
PHY-3002 : Step(136): len = 224383, overlap = 105.75
PHY-3002 : Step(137): len = 224767, overlap = 105.75
PHY-3002 : Step(138): len = 224830, overlap = 105
PHY-3001 : Legalization ...
PHY-3001 : End legalization;  0.740493s wall, 0.125000s user + 0.328125s system = 0.453125s CPU (61.2%)

PHY-3001 : Trial Legalized: Len = 260236
PHY-3001 : Run with size of 2
PHY-3001 : Cell area utilization is 30%
PHY-3001 : Update timing in Manhattan mode ...
TMR-2503 : Start to update net delay, extr mode = 3.
TMR-2504 : Update delay of 6089 nets completely.
TMR-2502 : Annotate delay completely, extr mode = 3.
TMR-3501 : Forward propagation: start to calculate arrival time...
TMR-3502 : Backward propagation: start to calculate required time...
TMR-3503 : Timing propagation completes.
PHY-3001 : End timing update;  0.140222s wall, 0.078125s user + 0.000000s system = 0.078125s CPU (55.7%)

PHY-3001 : :::0::: Try harder cell spreading with beta_ = 0.000273154
PHY-3002 : Step(139): len = 249311, overlap = 8
PHY-3002 : Step(140): len = 237917, overlap = 31.5
PHY-3002 : Step(141): len = 233967, overlap = 39.5
PHY-3002 : Step(142): len = 231800, overlap = 43
PHY-3002 : Step(143): len = 230568, overlap = 51.75
PHY-3002 : Step(144): len = 229536, overlap = 55
PHY-3002 : Step(145): len = 228646, overlap = 59.25
PHY-3001 : :::1::: Try harder cell spreading with beta_ = 0.000546307
PHY-3002 : Step(146): len = 229501, overlap = 58.5
PHY-3002 : Step(147): len = 229835, overlap = 59
PHY-3002 : Step(148): len = 230082, overlap = 58.25
PHY-3001 : :::2::: Try harder cell spreading with beta_ = 0.00109261
PHY-3002 : Step(149): len = 230403, overlap = 58.25
PHY-3002 : Step(150): len = 230403, overlap = 58.25
PHY-3001 : Legalization ...
PHY-3001 : End legalization;  0.008584s wall, 0.015625s user + 0.000000s system = 0.015625s CPU (182.0%)

PHY-3001 : Legalized: Len = 243738, Over = 0
PHY-3001 : Spreading special nets. 40 overflows in 2952 tiles.
PHY-3001 : End spreading;  0.028471s wall, 0.031250s user + 0.000000s system = 0.031250s CPU (109.8%)

PHY-3001 : 54 instances has been re-located, deltaX = 10, deltaY = 31, maxDist = 1.
PHY-3001 : Final: Len = 244610, Over = 0
PHY-3001 : BANK 6 DIFFRESISTOR:NONE VOD:350M VCM:1.2
OPT-1001 : Start physical optimization ...
RUN-1002 : start command "start_timer -report"
TMR-2505 : Start building timing graph for model sd_bmp_hdmi.
TMR-2506 : Build timing graph completely. Port num: 9, tpin num: 22684, tnet num: 6089, tinst num: 2647, tnode num: 29321, tedge num: 39789.
TMR-2508 : Levelizing timing graph completed, there are 29 levels in total.
TMR-2501 : Timing graph initialized successfully.
OPT-1001 : Total overflow 0.00 peak overflow 0.00
OPT-1001 : Start high-fanout net optimization ...
OPT-1001 : Update timing in global mode
PHY-1001 : Start incremental global routing, caller is place ...
RUN-1001 : Generating global routing grids ...
PHY-1001 : Generate routing nets ...
PHY-1001 : Reuse net number 194/6091.
PHY-1001 : Global iterations in 16 thread ...
PHY-1002 : len = 280592, over cnt = 665(1%), over = 1120, worst = 6
PHY-1002 : len = 285088, over cnt = 401(1%), over = 567, worst = 6
PHY-1002 : len = 289096, over cnt = 172(0%), over = 246, worst = 6
PHY-1002 : len = 290600, over cnt = 84(0%), over = 128, worst = 6
PHY-1002 : len = 292048, over cnt = 0(0%), over = 0, worst = 0
PHY-1001 : End global iterations;  0.726992s wall, 0.484375s user + 0.031250s system = 0.515625s CPU (70.9%)

PHY-1001 : Congestion index: top1 = 40.22, top5 = 33.52, top10 = 30.26, top15 = 27.88.
PHY-1001 : End incremental global routing;  0.883742s wall, 0.578125s user + 0.031250s system = 0.609375s CPU (69.0%)

TMR-2503 : Start to update net delay, extr mode = 5.
TMR-2504 : Update delay of 6089 nets completely.
TMR-2502 : Annotate delay completely, extr mode = 5.
TMR-3001 : Initiate 0 clocks from SDC.
TMR-3004 : Map sdc constraints, there are 8 constraints in total.
TMR-3003 : Constraints initiated successfully.
TMR-3501 : Forward propagation: start to calculate arrival time...
TMR-3502 : Backward propagation: start to calculate required time...
TMR-3503 : Timing propagation completes.
OPT-1001 : End timing update;  0.175430s wall, 0.171875s user + 0.000000s system = 0.171875s CPU (98.0%)

OPT-1001 : 0 high-fanout net processed.
OPT-1001 : End high-fanout net optimization;  1.161934s wall, 0.843750s user + 0.031250s system = 0.875000s CPU (75.3%)

OPT-1001 : Current memory(MB): used = 316, reserve = 285, peak = 316.
OPT-1001 : Start path based optimization ...
OPT-1001 : Start congestion update ...
RUN-1001 : Generating global routing grids ...
PHY-1001 : Generate routing nets ...
PHY-1001 : Reuse net number 5331/6091.
PHY-1001 : Global iterations in 16 thread ...
PHY-1002 : len = 292048, over cnt = 0(0%), over = 0, worst = 0
PHY-1001 : End global iterations;  0.033353s wall, 0.000000s user + 0.000000s system = 0.000000s CPU (n/a%)

PHY-1001 : Congestion index: top1 = 40.22, top5 = 33.52, top10 = 30.26, top15 = 27.88.
OPT-1001 : End congestion update;  0.161619s wall, 0.140625s user + 0.000000s system = 0.140625s CPU (87.0%)

OPT-1001 : Update timing in Manhattan mode
TMR-2503 : Start to update net delay, extr mode = 3.
TMR-2504 : Update delay of 6089 nets completely.
TMR-2502 : Annotate delay completely, extr mode = 3.
TMR-3501 : Forward propagation: start to calculate arrival time...
TMR-3502 : Backward propagation: start to calculate required time...
TMR-3503 : Timing propagation completes.
OPT-1001 : End timing update;  0.119424s wall, 0.109375s user + 0.000000s system = 0.109375s CPU (91.6%)

OPT-0007 : Start: WNS 999045 TNS 0 NUM_FEPS 0
OPT-1001 : End path based optimization;  0.281265s wall, 0.250000s user + 0.000000s system = 0.250000s CPU (88.9%)

OPT-1001 : Current memory(MB): used = 318, reserve = 287, peak = 318.
OPT-1001 : Update timing in Manhattan mode
TMR-2503 : Start to update net delay, extr mode = 3.
TMR-2504 : Update delay of 6089 nets completely.
TMR-2502 : Annotate delay completely, extr mode = 3.
TMR-3501 : Forward propagation: start to calculate arrival time...
TMR-3502 : Backward propagation: start to calculate required time...
TMR-3503 : Timing propagation completes.
OPT-1001 : End timing update;  0.114176s wall, 0.125000s user + 0.000000s system = 0.125000s CPU (109.5%)

OPT-1001 : Start pin optimization...
OPT-1001 : skip pin optimization...
RUN-1001 : Generating global routing grids ...
PHY-1001 : Generate routing nets ...
PHY-1001 : Reuse net number 5331/6091.
PHY-1001 : Global iterations in 16 thread ...
PHY-1002 : len = 292048, over cnt = 0(0%), over = 0, worst = 0
PHY-1001 : End global iterations;  0.037126s wall, 0.031250s user + 0.000000s system = 0.031250s CPU (84.2%)

PHY-1001 : Congestion index: top1 = 40.22, top5 = 33.52, top10 = 30.26, top15 = 27.88.
OPT-1001 : Update timing in Manhattan mode
TMR-2503 : Start to update net delay, extr mode = 3.
TMR-2504 : Update delay of 6089 nets completely.
TMR-2502 : Annotate delay completely, extr mode = 3.
TMR-3501 : Forward propagation: start to calculate arrival time...
TMR-3502 : Backward propagation: start to calculate required time...
TMR-3503 : Timing propagation completes.
OPT-1001 : End timing update;  0.114494s wall, 0.109375s user + 0.000000s system = 0.109375s CPU (95.5%)

RUN-1001 : QoR Analysis:
OPT-0007 :   WNS 999045 TNS 0 NUM_FEPS 0
RUN-1001 :   No local congestion issue, and most congested 1% tile average routing util is 39.655172
RUN-1001 :   Top critical paths
OPT-1001 : End physical optimization;  2.600605s wall, 2.046875s user + 0.031250s system = 2.078125s CPU (79.9%)

RUN-1003 : finish command "place" in  14.584465s wall, 9.250000s user + 2.359375s system = 11.609375s CPU (79.6%)

RUN-1004 : used memory is 298 MB, reserved memory is 267 MB, peak memory is 319 MB
RUN-1002 : start command "export_db SD-SDRAM-ISP-HDMI_place.db"
RUN-1001 : Exported /
RUN-1001 : Exported flow parameters
RUN-1001 : Exported libs
RUN-1001 : Exported entities
RUN-1001 : Exported ports
RUN-1001 : Exported pins
RUN-1001 : Exported instances
RUN-1001 : Exported nets
RUN-1001 : Exported buses
RUN-1001 : Exported models
RUN-1001 : Exported congestions
RUN-1001 : Exported violations
RUN-1001 : Exported timing constraints
RUN-1001 : Exported IO constraints
RUN-1001 : Exported Inst constraints
RUN-1001 : Exported ChipWatcher
RUN-1002 : start command "route"
RUN-1001 : Open license file F:/ARMChina/license/Anlogic.lic
RUN-1001 : Print Global Property
RUN-1001 : ---------------------------------------------------------------
RUN-1001 :        Parameters        |  Settings  |  Default Values  |  Note  
RUN-1001 : ---------------------------------------------------------------
RUN-1001 :          message         |  standard  |     standard     |        
RUN-1001 :   mixed_pack_place_flow  |     on     |        on        |        
RUN-1001 :        qor_monitor       |    off     |       off        |        
RUN-1001 :        syn_ip_flow       |    off     |       off        |        
RUN-1001 :          thread          |    auto    |       auto       |        
RUN-1001 : ---------------------------------------------------------------
RUN-1001 : Print Route Property
RUN-1001 : -------------------------------------------------------
RUN-1001 :    Parameters    |  Settings  |  Default Values  |  Note  
RUN-1001 : -------------------------------------------------------
RUN-1001 :      effort      |   medium   |      medium      |        
RUN-1001 :     fix_hold     |    off     |       off        |        
RUN-1001 :    opt_timing    |   medium   |      medium      |        
RUN-1001 :   phy_sim_model  |    off     |       off        |        
RUN-1001 :     priority     |   timing   |      timing      |        
RUN-1001 :     swap_pin     |     on     |        on        |        
RUN-1001 : -------------------------------------------------------
PHY-1001 : Route runs in 16 thread(s)
RUN-1001 : There are total 2649 instances
RUN-1001 : 1275 mslices, 1274 lslices, 71 pads, 19 brams, 0 dsps
RUN-1001 : There are total 6091 nets
RUN-1001 : 3830 nets have 2 pins
RUN-1001 : 1706 nets have [3 - 5] pins
RUN-1001 : 396 nets have [6 - 10] pins
RUN-1001 : 113 nets have [11 - 20] pins
RUN-1001 : 37 nets have [21 - 99] pins
RUN-1001 : 9 nets have 100+ pins
RUN-1002 : start command "start_timer -report"
TMR-2505 : Start building timing graph for model sd_bmp_hdmi.
TMR-2506 : Build timing graph completely. Port num: 9, tpin num: 22684, tnet num: 6089, tinst num: 2647, tnode num: 29321, tedge num: 39789.
TMR-2508 : Levelizing timing graph completed, there are 29 levels in total.
TMR-2501 : Timing graph initialized successfully.
PHY-1001 : 1275 mslices, 1274 lslices, 71 pads, 19 brams, 0 dsps
TMR-2503 : Start to update net delay, extr mode = 3.
TMR-2504 : Update delay of 6089 nets completely.
TMR-2502 : Annotate delay completely, extr mode = 3.
TMR-3001 : Initiate 0 clocks from SDC.
TMR-3004 : Map sdc constraints, there are 8 constraints in total.
TMR-3003 : Constraints initiated successfully.
TMR-3501 : Forward propagation: start to calculate arrival time...
TMR-3502 : Backward propagation: start to calculate required time...
TMR-3503 : Timing propagation completes.
PHY-1001 : Start global routing, caller is route ...
RUN-1001 : Generating global routing grids ...
PHY-1001 : Generate routing nets ...
PHY-1001 : Global iterations in 16 thread ...
PHY-1002 : len = 279976, over cnt = 680(1%), over = 1149, worst = 7
PHY-1002 : len = 284544, over cnt = 415(1%), over = 594, worst = 7
PHY-1002 : len = 287992, over cnt = 214(0%), over = 310, worst = 6
PHY-1002 : len = 291744, over cnt = 0(0%), over = 0, worst = 0
PHY-1001 : End global iterations;  0.673025s wall, 0.484375s user + 0.000000s system = 0.484375s CPU (72.0%)

PHY-1001 : Congestion index: top1 = 39.66, top5 = 33.42, top10 = 30.20, top15 = 27.92.
PHY-1001 : End global routing;  0.826817s wall, 0.593750s user + 0.000000s system = 0.593750s CPU (71.8%)

PHY-1001 : Start detail routing ...
PHY-1001 : Current memory(MB): used = 348, reserve = 318, peak = 350.
PHY-1001 : Detailed router is running in normal mode.
PHY-1001 : Generate detailed routing grids ...
PHY-1001 : Generate nets ...
PHY-1001 : net sys_clk_dup_1 will be routed on clock mesh
PHY-1001 : clock net u_clk_wiz_1/clk0_out will be merged with clock u_clk_wiz_1/clk0_buf
PHY-1001 : net u_ddr3_top/clk_sdram will be routed on clock mesh
PHY-1001 : clock net u_ddr3_top/u_sdram_fifo_ctrl/clk_ref will be merged with clock u_clk_wiz_0/clk0_buf
PHY-1001 : net u_ddr3_top/u_sdram_fifo_ctrl/wrfifo/clkw will be routed on clock mesh
PHY-1001 : net u_hdmi_top/bnr/pclk will be routed on clock mesh
PHY-1001 : clock net u_sd_ctrl_top/u_sd_init/div_clk_syn_4 will be merged with clock u_sd_ctrl_top/u_sd_init/div_clk
PHY-1001 : net u_sd_ctrl_top/u_sd_read/clk_ref_180deg will be routed on clock mesh
PHY-1001 : clock net config_inst_syn_10 will be merged with clock config_inst_syn_9
PHY-1001 : Current memory(MB): used = 603, reserve = 577, peak = 603.
PHY-1001 : End build detailed router design. 3.512087s wall, 2.968750s user + 0.093750s system = 3.062500s CPU (87.2%)

PHY-1001 : Detail Route ...
PHY-1001 : ===== Detail Route Phase 1 =====
PHY-1001 : Clock net routing.....
PHY-1001 : Routed 0% nets.
PHY-1022 : len = 95512, over cnt = 0(0%), over = 0, worst = 0, crit = 0
PHY-1001 : End initial clock net routed; 3.435570s wall, 2.500000s user + 0.031250s system = 2.531250s CPU (73.7%)

PHY-1001 : Current memory(MB): used = 636, reserve = 611, peak = 636.
PHY-1001 : End phase 1; 3.442029s wall, 2.515625s user + 0.031250s system = 2.546875s CPU (74.0%)

PHY-1001 : ===== Detail Route Phase 2 =====
PHY-1001 : Initial routing.....
PHY-1001 : Routed 37% nets.
PHY-1001 : Routed 43% nets.
PHY-1001 : Routed 51% nets.
PHY-1001 : Routed 65% nets.
PHY-1001 : Routed 86% nets.
PHY-1022 : len = 748616, over cnt = 131(0%), over = 131, worst = 1, crit = 0
PHY-1001 : Current memory(MB): used = 638, reserve = 612, peak = 638.
PHY-1001 : End initial routed; 16.421578s wall, 11.671875s user + 0.078125s system = 11.750000s CPU (71.6%)

PHY-1001 : Update timing.....
PHY-1001 : 0/5285(0%) critical/total net(s).
RUN-1001 : ------------------------------------------
RUN-1001 :   Type   |    WNS(ns)    |  TNS(ns)  |  FEP  
RUN-1001 : ------------------------------------------
RUN-1001 :   Setup  |    998.546    |   0.000   |   0   
RUN-1001 :   Hold   |  2147483.647  |   0.000   |   0   
RUN-1001 : ------------------------------------------
PHY-1001 : End update timing; 1.015546s wall, 0.625000s user + 0.015625s system = 0.640625s CPU (63.1%)

PHY-1001 : Current memory(MB): used = 645, reserve = 619, peak = 645.
PHY-1001 : End phase 2; 17.437277s wall, 12.296875s user + 0.093750s system = 12.390625s CPU (71.1%)

PHY-1001 : ===== Detail Route Phase 3 =====
PHY-1001 : Optimize timing.....
PHY-1022 : len = 748616, over cnt = 131(0%), over = 131, worst = 1, crit = 0
PHY-1001 : End optimize timing; 0.023810s wall, 0.031250s user + 0.000000s system = 0.031250s CPU (131.3%)

PHY-1001 : Ripup-reroute.....
PHY-1001 : ===== DR Iter 1 =====
PHY-1022 : len = 747048, over cnt = 41(0%), over = 41, worst = 1, crit = 0
PHY-1001 : End DR Iter 1; 0.230757s wall, 0.125000s user + 0.015625s system = 0.140625s CPU (60.9%)

PHY-1001 : ===== DR Iter 2 =====
PHY-1022 : len = 747056, over cnt = 4(0%), over = 4, worst = 1, crit = 0
PHY-1001 : End DR Iter 2; 0.176431s wall, 0.109375s user + 0.015625s system = 0.125000s CPU (70.8%)

PHY-1001 : ===== DR Iter 3 =====
PHY-1022 : len = 747088, over cnt = 0(0%), over = 0, worst = 0, crit = 0
PHY-1001 : End DR Iter 3; 0.071440s wall, 0.015625s user + 0.000000s system = 0.015625s CPU (21.9%)

PHY-1001 : Update timing.....
PHY-1001 : 0/5285(0%) critical/total net(s).
RUN-1001 : ------------------------------------------
RUN-1001 :   Type   |    WNS(ns)    |  TNS(ns)  |  FEP  
RUN-1001 : ------------------------------------------
RUN-1001 :   Setup  |    998.546    |   0.000   |   0   
RUN-1001 :   Hold   |  2147483.647  |   0.000   |   0   
RUN-1001 : ------------------------------------------
PHY-1001 : End update timing; 1.028088s wall, 0.593750s user + 0.000000s system = 0.593750s CPU (57.8%)

PHY-1001 : Commit to database.....
PHY-1001 : 31 feed throughs used by 27 nets
PHY-1001 : End commit to database; 0.618156s wall, 0.531250s user + 0.000000s system = 0.531250s CPU (85.9%)

PHY-1001 : Current memory(MB): used = 677, reserve = 652, peak = 677.
PHY-1001 : End phase 3; 2.324291s wall, 1.468750s user + 0.031250s system = 1.500000s CPU (64.5%)

PHY-1003 : Routed, final wirelength = 747088
PHY-1001 : Current memory(MB): used = 678, reserve = 653, peak = 678.
PHY-1001 : End export database. 0.022107s wall, 0.015625s user + 0.000000s system = 0.015625s CPU (70.7%)

PHY-1001 : End detail routing;  26.982872s wall, 19.421875s user + 0.265625s system = 19.687500s CPU (73.0%)

RUN-1003 : finish command "route" in  28.801153s wall, 20.796875s user + 0.265625s system = 21.062500s CPU (73.1%)

RUN-1004 : used memory is 678 MB, reserved memory is 653 MB, peak memory is 678 MB
RUN-1002 : start command "report_area -io_info -file SD-SDRAM-ISP-HDMI_phy.area"
RUN-1001 : standard
***Report Model: sd_bmp_hdmi Device: EG4S20BG256***

IO Statistics
#IO                        12
  #input                    5
  #output                   7
  #inout                    0

Utilization Statistics
#lut                     3704   out of  19600   18.90%
#reg                     2994   out of  19600   15.28%
#le                      4959
  #lut only              1965   out of   4959   39.62%
  #reg only              1255   out of   4959   25.31%
  #lut&reg               1739   out of   4959   35.07%
#dsp                        0   out of     29    0.00%
#bram                       9   out of     64   14.06%
  #bram9k                   9
  #fifo9k                   0
#bram32k                   10   out of     16   62.50%
#pad                       16   out of    188    8.51%
  #ireg                     0
  #oreg                     4
  #treg                     0
#pll                        2   out of      4   50.00%
#gclk                       4   out of     16   25.00%

Clock Resource Statistics
Index     ClockNet                                    Type               DriverType         Driver                                          Fanout
#1        u_hdmi_top/bnr/pclk                         GCLK               pll                u_clk_wiz_1/pll_inst.clkc1                      1011
#2        u_clk_wiz_0/clk0_buf                        GCLK               pll                u_clk_wiz_0/pll_inst.clkc0                      172
#3        config_inst_syn_9                           GCLK               config             config_inst.jtck                                162
#4        u_ddr3_top/u_sdram_fifo_ctrl/wrfifo/clkw    GCLK               pll                u_clk_wiz_0/pll_inst.clkc3                      153
#5        sys_clk_dup_1                               GCLK               io                 sys_clk_syn_2.di                                80
#6        u_sd_ctrl_top/u_sd_init/div_clk             GCLK               lslice             u_sd_ctrl_top/u_sd_init/div_clk_reg_syn_9.q0    63
#7        u_clk_wiz_1/clk0_buf                        GCLK               pll                u_clk_wiz_1/pll_inst.clkc0                      36
#8        u_sd_ctrl_top/u_sd_read/clk_ref_180deg      GCLK               pll                u_clk_wiz_0/pll_inst.clkc4                      24
#9        u_ddr3_top/clk_sdram                        GCLK               pll                u_clk_wiz_0/pll_inst.clkc1                      0


Detailed IO Report

        Name           Direction    Location    IOStandard    DriveStrength    PullType    PackReg  
       sd_miso           INPUT        D14        LVCMOS33          N/A          PULLUP      NONE    
   switch_video[1]       INPUT        B10        LVCMOS33          N/A          PULLUP      NONE    
   switch_video[0]       INPUT        A10        LVCMOS33          N/A          PULLUP      NONE    
       sys_clk           INPUT         R7        LVCMOS33          N/A          PULLUP      NONE    
      sys_rst_n          INPUT         A9        LVCMOS33          N/A          PULLUP      NONE    
       sd_clk           OUTPUT        F15        LVCMOS33           8            NONE       NONE    
        sd_cs           OUTPUT        F13        LVCMOS33           8            NONE       NONE    
       sd_mosi          OUTPUT        F14        LVCMOS33           8            NONE       NONE    
     tmds_clk_p         OUTPUT         P1         LVDS33           NA            NONE      ODDRX1   
    tmds_clk_p(n)       OUTPUT         R1         LVDS33           NA            NONE      ODDRX1   
   tmds_data_p[2]       OUTPUT         J3         LVDS33           NA            NONE      ODDRX1   
  tmds_data_p[2](n)     OUTPUT         J4         LVDS33           NA            NONE      ODDRX1   
   tmds_data_p[1]       OUTPUT         P4         LVDS33           NA            NONE      ODDRX1   
  tmds_data_p[1](n)     OUTPUT         N4         LVDS33           NA            NONE      ODDRX1   
   tmds_data_p[0]       OUTPUT         N1         LVDS33           NA            NONE      ODDRX1   
  tmds_data_p[0](n)     OUTPUT         M1         LVDS33           NA            NONE      ODDRX1   
       dq[23]            INPUT        S31        LVCMOS25           8           PULLUP      NONE    
       dq[22]            INPUT        S32        LVCMOS25           8           PULLUP      NONE    
       dq[21]            INPUT        S35        LVCMOS25           8           PULLUP      NONE    
       dq[20]            INPUT        S36        LVCMOS25           8           PULLUP      NONE    
       dq[19]            INPUT        S37        LVCMOS25           8           PULLUP      NONE    
       dq[18]            INPUT        S38        LVCMOS25           8           PULLUP      NONE    
       dq[17]            INPUT        S41        LVCMOS25           8           PULLUP      NONE    
       dq[16]            INPUT        S42        LVCMOS25           8           PULLUP      NONE    
       dq[31]            INPUT        S48        LVCMOS25           8           PULLUP      NONE    
       dq[30]            INPUT        S49        LVCMOS25           8           PULLUP      NONE    
       dq[29]            INPUT        S52        LVCMOS25           8           PULLUP      NONE    
       dq[28]            INPUT        S53        LVCMOS25           8           PULLUP      NONE    
       dq[27]            INPUT        S54        LVCMOS25           8           PULLUP      NONE    
       dq[26]            INPUT        S55        LVCMOS25           8           PULLUP      NONE    
       dq[25]            INPUT        S58        LVCMOS25           8           PULLUP      NONE    
       dq[24]            INPUT        S59        LVCMOS25           8           PULLUP      NONE    
         dm0            OUTPUT        S14        LVCMOS25           8            NONE       NONE    
         cke            OUTPUT        S18        LVCMOS25           8            NONE       OREG    
        we_n            OUTPUT        S19        LVCMOS25           8            NONE       OREG    
        cas_n           OUTPUT        S20        LVCMOS25           8            NONE       OREG    
        ras_n           OUTPUT        S21        LVCMOS25           8            NONE       OREG    
        cs_n            OUTPUT        S22        LVCMOS25           8            NONE       OREG    
       addr[9]          OUTPUT        S23        LVCMOS25           8            NONE       OREG    
       addr[8]          OUTPUT        S24        LVCMOS25           8            NONE       OREG    
       addr[7]          OUTPUT        S25        LVCMOS25           8            NONE       OREG    
       addr[6]          OUTPUT        S26        LVCMOS25           8            NONE       OREG    
       addr[5]          OUTPUT        S27        LVCMOS25           8            NONE       OREG    
       addr[4]          OUTPUT        S28        LVCMOS25           8            NONE       OREG    
         dm2            OUTPUT        S29        LVCMOS25           8            NONE       NONE    
         dm3            OUTPUT        S61        LVCMOS25           8            NONE       NONE    
       addr[3]          OUTPUT        S64        LVCMOS25           8            NONE       OREG    
       addr[2]          OUTPUT        S65        LVCMOS25           8            NONE       OREG    
       addr[1]          OUTPUT        S66        LVCMOS25           8            NONE       OREG    
       addr[0]          OUTPUT        S67        LVCMOS25           8            NONE       OREG    
      addr[10]          OUTPUT        S68        LVCMOS25           8            NONE       OREG    
        ba[0]           OUTPUT        S69        LVCMOS25           8            NONE       OREG    
        ba[1]           OUTPUT        S70        LVCMOS25           8            NONE       OREG    
         clk            OUTPUT        S73        LVCMOS25           8            NONE       NONE    
         dm1            OUTPUT        S76        LVCMOS25           8            NONE       NONE    
        dq[0]            INOUT         S1        LVCMOS25           8           PULLUP      IREG    
        dq[6]            INOUT        S11        LVCMOS25           8           PULLUP      IREG    
        dq[7]            INOUT        S12        LVCMOS25           8           PULLUP      IREG    
        dq[1]            INOUT         S2        LVCMOS25           8           PULLUP      IREG    
        dq[2]            INOUT         S5        LVCMOS25           8           PULLUP      IREG    
        dq[3]            INOUT         S6        LVCMOS25           8           PULLUP      IREG    
        dq[4]            INOUT         S7        LVCMOS25           8           PULLUP      IREG    
        dq[8]            INOUT        S78        LVCMOS25           8           PULLUP      IREG    
        dq[9]            INOUT        S79        LVCMOS25           8           PULLUP      IREG    
        dq[5]            INOUT         S8        LVCMOS25           8           PULLUP      IREG    
       dq[10]            INOUT        S82        LVCMOS25           8           PULLUP      IREG    
       dq[11]            INOUT        S83        LVCMOS25           8           PULLUP      IREG    
       dq[12]            INOUT        S84        LVCMOS25           8           PULLUP      IREG    
       dq[13]            INOUT        S85        LVCMOS25           8           PULLUP      IREG    
       dq[14]            INOUT        S88        LVCMOS25           8           PULLUP      IREG    
       dq[15]            INOUT        S89        LVCMOS25           8           PULLUP      IREG    

Report Hierarchy Area:
+-------------------------------------------------------------------------------------------------------------------------------------+
|Instance                            |Module                                     |le     |lut     |ripple  |seq     |bram    |dsp     |
+-------------------------------------------------------------------------------------------------------------------------------------+
|top                                 |sd_bmp_hdmi                                |4959   |2751    |953     |2998    |19      |0       |
|  u_clk_wiz_0                       |PLL                                        |0      |0       |0       |0       |0       |0       |
|  u_clk_wiz_1                       |PLL_hdmi                                   |0      |0       |0       |0       |0       |0       |
|  u_ddr3_top                        |ddr3_top1                                  |577    |344     |100     |353     |2       |0       |
|    physica_sdram                   |SDRAM                                      |0      |0       |0       |0       |0       |0       |
|    u_sdram_controller              |sdram_controller                           |207    |146     |40      |86      |0       |0       |
|      u_sdram_cmd                   |sdram_cmd                                  |40     |40      |0       |16      |0       |0       |
|      u_sdram_ctrl                  |sdram_ctrl                                 |151    |105     |40      |54      |0       |0       |
|      u_sdram_data                  |sdram_data                                 |16     |1       |0       |16      |0       |0       |
|    u_sdram_fifo_ctrl               |sdram_fifo_ctrl                            |370    |198     |60      |267     |2       |0       |
|      rdfifo                        |SOFTFIFO                                   |146    |59      |18      |121     |1       |0       |
|        ram_inst                    |ram_infer_SOFTFIFO                         |12     |0       |0       |12      |1       |0       |
|        rd_to_wr_cross_inst         |fifo_cross_domain_addr_process_al_SOFTFIFO |41     |19      |0       |41      |0       |0       |
|        wr_to_rd_cross_inst         |fifo_cross_domain_addr_process_al_SOFTFIFO |34     |18      |0       |34      |0       |0       |
|      wrfifo                        |SOFTFIFO                                   |142    |86      |18      |116     |1       |0       |
|        ram_inst                    |ram_infer_SOFTFIFO                         |13     |3       |0       |13      |1       |0       |
|        rd_to_wr_cross_inst         |fifo_cross_domain_addr_process_al_SOFTFIFO |43     |24      |0       |43      |0       |0       |
|        wr_to_rd_cross_inst         |fifo_cross_domain_addr_process_al_SOFTFIFO |31     |25      |0       |31      |0       |0       |
|  u_hdmi_top                        |hdmi_top1                                  |3138   |1578    |637     |1877    |8       |0       |
|    bnr                             |isp_bnr                                    |807    |189     |133     |587     |4       |0       |
|      linebuffer                    |shift_register                             |53     |27      |16      |27      |4       |0       |
|        gen_ram_inst[0]$u_ram       |simple_dp_ram                              |0      |0       |0       |0       |1       |0       |
|        gen_ram_inst[1]$u_ram       |simple_dp_ram                              |0      |0       |0       |0       |1       |0       |
|        gen_ram_inst[2]$u_ram       |simple_dp_ram                              |0      |0       |0       |0       |1       |0       |
|        gen_ram_inst[3]$u_ram       |simple_dp_ram                              |0      |0       |0       |0       |1       |0       |
|    dpc                             |isp_dpc                                    |1886   |1064    |407     |1106    |4       |0       |
|      linebuffer                    |shift_register                             |61     |33      |16      |32      |4       |0       |
|        gen_ram_inst[0]$u_ram       |simple_dp_ram                              |0      |0       |0       |0       |1       |0       |
|        gen_ram_inst[1]$u_ram       |simple_dp_ram                              |0      |0       |0       |0       |1       |0       |
|        gen_ram_inst[2]$u_ram       |simple_dp_ram                              |0      |0       |0       |0       |1       |0       |
|        gen_ram_inst[3]$u_ram       |simple_dp_ram                              |2      |2       |0       |1       |1       |0       |
|    u3_hdmi_tx                      |hdmi_tx                                    |300    |241     |36      |148     |0       |0       |
|      Inst_DVITransmitter           |DVITransmitter                             |300    |241     |36      |148     |0       |0       |
|        Inst_TMDSEncoder_blue       |TMDSEncoder                                |85     |71      |12      |31      |0       |0       |
|        Inst_TMDSEncoder_green      |TMDSEncoder                                |87     |71      |12      |36      |0       |0       |
|        Inst_TMDSEncoder_red        |TMDSEncoder                                |80     |63      |12      |33      |0       |0       |
|        Inst_blue_serializer_10_1   |Serial_N_1_lvds_dat                        |19     |17      |0       |19      |0       |0       |
|        Inst_clk_serializer_10_1    |Serial_N_1_lvds                            |7      |4       |0       |7       |0       |0       |
|        Inst_green_serializer_10_1  |Serial_N_1_lvds_dat                        |11     |7       |0       |11      |0       |0       |
|        Inst_red_serializer_10_1    |Serial_N_1_lvds_dat                        |11     |8       |0       |11      |0       |0       |
|    u_video_driver                  |video_driver                               |145    |84      |61      |36      |0       |0       |
|  u_sd_ctrl_top                     |sd_ctrl_top                                |358    |262     |45      |210     |0       |0       |
|    u_sd_init                       |sd_init                                    |212    |153     |30      |101     |0       |0       |
|    u_sd_read                       |sd_read                                    |146    |109     |15      |109     |0       |0       |
|  u_sd_read_photo                   |read_rawdata                               |292    |210     |72      |161     |0       |0       |
|  cw_top                            |CW_TOP_WRAPPER                             |592    |355     |99      |392     |0       |0       |
|    wrapper_cwc_top                 |cwc_top                                    |592    |355     |99      |392     |0       |0       |
|      cfg_int_inst                  |cwc_cfg_int                                |274    |147     |0       |259     |0       |0       |
|        reg_inst                    |register                                   |272    |145     |0       |257     |0       |0       |
|        tap_inst                    |tap                                        |2      |2       |0       |2       |0       |0       |
|      trigger_inst                  |trigger                                    |318    |208     |99      |133     |0       |0       |
|        bus_inst                    |bus_top                                    |109    |67      |42      |36      |0       |0       |
|          BUS_DETECTOR[2]$bus_nodes |bus_det                                    |2      |2       |0       |2       |0       |0       |
|          BUS_DETECTOR[4]$bus_nodes |bus_det                                    |47     |29      |18      |15      |0       |0       |
|          BUS_DETECTOR[5]$bus_nodes |bus_det                                    |47     |29      |18      |14      |0       |0       |
|          BUS_DETECTOR[6]$bus_nodes |bus_det                                    |13     |7       |6       |5       |0       |0       |
|        emb_ctrl_inst               |emb_ctrl                                   |114    |85      |29      |58      |0       |0       |
+-------------------------------------------------------------------------------------------------------------------------------------+


DataNet Average Fanout:

   Index     Fanout     Nets  
    #1          1       3817  
    #2          2       1041  
    #3          3       447   
    #4          4       218   
    #5        5-10      405   
    #6        11-50     132   
    #7       51-100      5    
    #8       101-500     2    
    #9        >500       1    
  Average     2.45            

RUN-1002 : start command "export_db SD-SDRAM-ISP-HDMI_pr.db"
RUN-1001 : Exported /
RUN-1001 : Exported flow parameters
RUN-1001 : Exported libs
RUN-1001 : Exported entities
RUN-1001 : Exported ports
RUN-1001 : Exported pins
RUN-1001 : Exported instances
RUN-1001 : Exported nets
RUN-1001 : Exported buses
RUN-1001 : Exported models
RUN-1001 : Exported congestions
RUN-1001 : Exported violations
RUN-1001 : Exported timing constraints
RUN-1001 : Exported IO constraints
RUN-1001 : Exported Inst constraints
RUN-1001 : Exported ChipWatcher
RUN-1002 : start command "start_timer"
TMR-2505 : Start building timing graph for model sd_bmp_hdmi.
TMR-2506 : Build timing graph completely. Port num: 9, tpin num: 22684, tnet num: 6089, tinst num: 2647, tnode num: 29321, tedge num: 39789.
TMR-2508 : Levelizing timing graph completed, there are 29 levels in total.
TMR-2501 : Timing graph initialized successfully.
RUN-1002 : start command "report_timing -mode FINAL -net_info -rpt_autogen true -file SD-SDRAM-ISP-HDMI_phy.timing"
TMR-2503 : Start to update net delay, extr mode = 6.
TMR-2504 : Update delay of 6089 nets completely.
TMR-2502 : Annotate delay completely, extr mode = 6.
TMR-3001 : Initiate 0 clocks from SDC.
TMR-3004 : Map sdc constraints, there are 8 constraints in total.
TMR-3003 : Constraints initiated successfully.
TMR-3501 : Forward propagation: start to calculate arrival time...
TMR-3502 : Backward propagation: start to calculate required time...
TMR-3503 : Timing propagation completes.
TMR-3506 : Start to generate timing report.
TMR-1502 : Number of clock constraints = 0. Number of clock nets = 9 (9 unconstrainted).
TMR-5009 WARNING: No clock constraint on 9 clock net(s): 
		config_inst_syn_10
		sys_clk_dup_1
		u_clk_wiz_1/clk0_out
		u_ddr3_top/clk_sdram
		u_ddr3_top/u_sdram_fifo_ctrl/clk_ref
		u_ddr3_top/u_sdram_fifo_ctrl/wrfifo/clkw
		u_hdmi_top/bnr/pclk
		u_sd_ctrl_top/u_sd_init/div_clk_syn_4
		u_sd_ctrl_top/u_sd_read/clk_ref_180deg
USR-6122 CRITICAL-WARNING: No clock constraint on PLL u_clk_wiz_0/pll_inst
USR-6122 CRITICAL-WARNING: No clock constraint on PLL u_clk_wiz_1/pll_inst
TMR-3508 : Export timing summary.
TMR-3507 : Timing report generated successfully in SD-SDRAM-ISP-HDMI_phy.timing, timing summary in SD-SDRAM-ISP-HDMI_phy.tsm.
RUN-1002 : start command "export_bid SD-SDRAM-ISP-HDMI_inst.bid"
PRG-1000 : <!-- HMAC is: c9a8ec57b5731660ecb435825e720b35765bc1943dc0a2185b524f937127ee2f -->
RUN-1002 : start command "bitgen -bit SD-SDRAM-ISP-HDMI.bit"
BIT-1003 : Start to generate bitstream. 
BIT-1002 : Init instances with 16 threads.
BIT-1002 : Init instances completely, inst num: 2647
BIT-1002 : Init pips with 16 threads.
BIT-1002 : Init pips completely, net num: 6091, pip num: 53121
BIT-1002 : Init feedthrough with 16 threads.
BIT-1002 : Init feedthrough completely, num: 31
BIT-1003 : Multithreading accelaration with 16 threads.
BIT-1003 : Generate bitstream completely, there are 2420 valid insts, and 154782 bits set as '1'.
BIT-1004 : the usercode register value: 00000000011100000000100110010011
BIT-1004 : PLL setting string = 0110
BIT-1004 : Generate bits file SD-SDRAM-ISP-HDMI.bit.
RUN-1003 : finish command "bitgen -bit SD-SDRAM-ISP-HDMI.bit" in  4.792308s wall, 26.281250s user + 0.281250s system = 26.562500s CPU (554.3%)

RUN-1004 : used memory is 667 MB, reserved memory is 650 MB, peak memory is 861 MB
RUN-1002 : start command "backup_run_log run.log ../.logs/phy_1/td_20240703_232133.log"
