============================================================
   Tang Dynasty, V5.6.71036
      Copyright (c) 2012-2023 Anlogic Inc.
   Executable = F:/ARMChina/bin/td.exe
   Built at =   20:34:38 Mar 21 2023
   Run by =     Illyasvial Von Einzb
   Run Date =   Thu Jul  4 11:05:51 2024

   Run on =     LAPTOP-4S5LNBPI
============================================================
RUN-1002 : start command "open_project SD-SDRAM-ISP-HDMI.prj"
RUN-1001 : Print Global Property
RUN-1001 : ---------------------------------------------------------------
RUN-1001 :        Parameters        |  Settings  |  Default Values  |  Note  
RUN-1001 : ---------------------------------------------------------------
RUN-1001 :          message         |  standard  |     standard     |        
RUN-1001 :   mixed_pack_place_flow  |     on     |        on        |        
RUN-1001 :        qor_monitor       |    off     |       off        |        
RUN-1001 :        syn_ip_flow       |    off     |       off        |        
RUN-1001 :          thread          |    auto    |       auto       |        
RUN-1001 : ---------------------------------------------------------------
RUN-1001 : Print Design Property
RUN-1001 : --------------------------------------------------------------
RUN-1001 :        Parameters       |  Settings  |  Default Values  |  Note  
RUN-1001 : --------------------------------------------------------------
RUN-1001 :   default_reg_initial   |    auto    |       auto       |        
RUN-1001 :        infer_add        |     on     |        on        |        
RUN-1001 :        infer_fsm        |    off     |       off        |        
RUN-1001 :        infer_mult       |     on     |        on        |        
RUN-1001 :        infer_ram        |     on     |        on        |        
RUN-1001 :        infer_reg        |     on     |        on        |        
RUN-1001 :   infer_reg_init_value  |     on     |        on        |        
RUN-1001 :        infer_rom        |     on     |        on        |        
RUN-1001 :      infer_shifter      |     on     |        on        |        
RUN-1001 : --------------------------------------------------------------
RUN-1001 : Print Rtl Property
RUN-1001 : --------------------------------------------------------------
RUN-1001 :        Parameters       |  Settings  |  Default Values  |  Note  
RUN-1001 : --------------------------------------------------------------
RUN-1001 :       compress_add      |   ripple   |      ripple      |        
RUN-1001 :        elf_sload        |    off     |       off        |        
RUN-1001 :       fix_undriven      |     0      |        0         |        
RUN-1001 :         flatten         |    off     |       off        |        
RUN-1001 :       gate_sharing      |     on     |        on        |        
RUN-1001 :    hdl_warning_level    |   normal   |      normal      |        
RUN-1001 :   impl_internal_tribuf  |     on     |        on        |        
RUN-1001 :      impl_set_reset     |     on     |        on        |        
RUN-1001 :        infer_gsr        |    off     |       off        |        
RUN-1001 :      keep_hierarchy     |    auto    |       auto       |        
RUN-1001 :        max_fanout       |    9999    |       9999       |        
RUN-1001 :      max_oh2bin_len     |     10     |        10        |        
RUN-1001 :       merge_equal       |     on     |        on        |        
RUN-1001 :       merge_equiv       |     on     |        on        |        
RUN-1001 :        merge_mux        |    off     |       off        |        
RUN-1001 :     min_control_set     |     8      |        8         |        
RUN-1001 :      min_ripple_len     |    auto    |       auto       |        
RUN-1001 :       oh2bin_ratio      |    0.08    |       0.08       |        
RUN-1001 :     opt_adder_fanout    |     on     |        on        |        
RUN-1001 :        opt_arith        |     on     |        on        |        
RUN-1001 :       opt_big_gate      |    off     |       off        |        
RUN-1001 :        opt_const        |     on     |        on        |        
RUN-1001 :      opt_const_mult     |     on     |        on        |        
RUN-1001 :       opt_lessthan      |     on     |        on        |        
RUN-1001 :         opt_mux         |    off     |       off        |        
RUN-1001 :         opt_ram         |    high    |       high       |        
RUN-1001 :      rtl_sim_model      |    off     |       off        |        
RUN-1001 :         seq_syn         |     on     |        on        |        
RUN-1001 : --------------------------------------------------------------
HDL-1007 : analyze verilog file ../../import/ddr3-al_ip/SOFTFIFO.v
HDL-1007 : analyze verilog file ../../import/ddr3-al_ip/SDRAM.v
HDL-1007 : analyze verilog file ../../al_ip/PLL.v
HDL-1007 : undeclared symbol 'open', assumed default net type 'wire' in ../../al_ip/PLL.v(92)
HDL-1007 : analyze verilog file ../../al_ip/PLL_hdmi.v
HDL-1007 : undeclared symbol 'open', assumed default net type 'wire' in ../../al_ip/PLL_hdmi.v(70)
HDL-1007 : analyze VHDL file ../../import/hdmi-rtl/enc_file/SerializerN_1_lvds.enc.vhd
Copyright (c) 1998-2019 The OpenSSL Project.  All rights reserved.
This product includes software developed by the OpenSSL Project
for use in the OpenSSL Toolkit (http://www.openssl.org/)
Copyright (C) 1995-1998 Eric Young (eay@cryptsoft.com)
All rights reserved.
This product includes cryptographic software written by Eric Young (eay@cryptsoft.com)
HDL-1007 : analyze entity ** in encrypted_text(0)
HDL-1007 : analyze architecture ** in encrypted_text(0)
HDL-1007 : analyze VHDL file ../../import/hdmi-rtl/enc_file/SerializerN_1_lvds_dat.enc.vhd
HDL-1007 : analyze entity ** in encrypted_text(0)
HDL-1007 : analyze architecture ** in encrypted_text(0)
HDL-1007 : analyze VHDL file ../../import/hdmi-rtl/enc_file/TMDSEncoder.enc.vhd
HDL-1007 : analyze entity ** in encrypted_text(0)
HDL-1007 : analyze architecture ** in encrypted_text(0)
HDL-1007 : analyze verilog file ../../import/hdmi-rtl/enc_file/video_tpg_1024768.enc.v
HDL-5007 WARNING: literal value ** truncated to fit in ** bits in encrypted_text(0)
HDL-1007 : back to file '../../import/hdmi-rtl/enc_file/video_tpg_1024768.enc.v' in ../../import/hdmi-rtl/enc_file/video_tpg_1024768.enc.v(216)
HDL-1007 : analyze verilog file ../../import/hdmi-rtl/enc_file/video_tpg_1080p.enc.v
HDL-1007 : back to file '../../import/hdmi-rtl/enc_file/video_tpg_1080p.enc.v' in ../../import/hdmi-rtl/enc_file/video_tpg_1080p.enc.v(208)
HDL-1007 : analyze verilog file ../../import/hdmi-rtl/enc_file/video_tpg_12801024p.enc.v
HDL-1007 : back to file '../../import/hdmi-rtl/enc_file/video_tpg_12801024p.enc.v' in ../../import/hdmi-rtl/enc_file/video_tpg_12801024p.enc.v(207)
HDL-1007 : analyze verilog file ../../import/hdmi-rtl/enc_file/video_tpg_1280800.enc.v
HDL-5007 WARNING: literal value ** truncated to fit in ** bits in encrypted_text(0)
HDL-1007 : back to file '../../import/hdmi-rtl/enc_file/video_tpg_1280800.enc.v' in ../../import/hdmi-rtl/enc_file/video_tpg_1280800.enc.v(216)
HDL-1007 : analyze verilog file ../../import/hdmi-rtl/enc_file/video_tpg_16801050p.enc.v
HDL-1007 : back to file '../../import/hdmi-rtl/enc_file/video_tpg_16801050p.enc.v' in ../../import/hdmi-rtl/enc_file/video_tpg_16801050p.enc.v(209)
HDL-1007 : analyze verilog file ../../import/hdmi-rtl/enc_file/video_tpg_800600.enc.v
HDL-1007 : back to file '../../import/hdmi-rtl/enc_file/video_tpg_800600.enc.v' in ../../import/hdmi-rtl/enc_file/video_tpg_800600.enc.v(211)
HDL-1007 : analyze verilog file ../../import/hdmi_top/hdmi_top.v
HDL-1007 : analyze verilog file ../../import/hdmi_top/video_driver.v
HDL-1007 : analyze verilog file ../../import/sd_bmp_hdmi.v
HDL-1007 : undeclared symbol 'rd_vsync', assumed default net type 'wire' in ../../import/sd_bmp_hdmi.v(200)
HDL-1007 : analyze verilog file ../../import/sd_ctrl_top/sd_ctrl_top.v
HDL-1007 : analyze verilog file ../../import/sd_ctrl_top/sd_init.v
HDL-1007 : analyze verilog file ../../import/sd_ctrl_top/sd_read.v
HDL-1007 : analyze verilog file ../../import/sd_ctrl_top/sd_write.v
HDL-1007 : analyze VHDL file ../../import/hdmi-rtl/enc_file/DVITransmitter.enc.vhd
HDL-1007 : analyze entity dvitransmitter in ../../import/hdmi-rtl/enc_file/DVITransmitter.enc.vhd(13)
HDL-1007 : analyze architecture ** in encrypted_text(0)
HDL-1007 : analyze VHDL file ../../import/hdmi-rtl/hdmi_tx.vhd
HDL-1007 : analyze entity hdmi_tx in ../../import/hdmi-rtl/hdmi_tx.vhd(11)
HDL-1007 : analyze architecture behavioral in ../../import/hdmi-rtl/hdmi_tx.vhd(33)
HDL-1007 : analyze verilog file ../../import/DDR3-rtl/sdram_cmd.v
HDL-1007 : analyze included file ../../import/DDR3-rtl/sdram_para.v in ../../import/DDR3-rtl/sdram_cmd.v(46)
HDL-1007 : back to file '../../import/DDR3-rtl/sdram_cmd.v' in ../../import/DDR3-rtl/sdram_cmd.v(46)
HDL-1007 : analyze verilog file ../../import/DDR3-rtl/sdram_controller.v
HDL-1007 : analyze verilog file ../../import/DDR3-rtl/sdram_ctrl.v
HDL-1007 : analyze included file ../../import/DDR3-rtl/sdram_para.v in ../../import/DDR3-rtl/sdram_ctrl.v(19)
HDL-1007 : back to file '../../import/DDR3-rtl/sdram_ctrl.v' in ../../import/DDR3-rtl/sdram_ctrl.v(19)
HDL-1007 : analyze verilog file ../../import/DDR3-rtl/sdram_data.v
HDL-1007 : analyze included file ../../import/DDR3-rtl/sdram_para.v in ../../import/DDR3-rtl/sdram_data.v(13)
HDL-1007 : back to file '../../import/DDR3-rtl/sdram_data.v' in ../../import/DDR3-rtl/sdram_data.v(13)
HDL-1007 : analyze verilog file ../../import/DDR3-rtl/sdram_fifo_ctrl.v
HDL-1007 : analyze verilog file ../../import/DDR3-rtl/sdram_top.v
HDL-1007 : analyze verilog file ../../import/read_rawdata.v
HDL-1007 : analyze verilog file ../../import/hdmi_top/ISP_dpc.v
HDL-1007 : analyze verilog file ../../import/hdmi_top/ISP_include.v
HDL-1007 : analyze verilog file ../../import/hdmi_top/ISP_bnr.v
RUN-1001 : Project manager successfully analyzed 33 source files.
RUN-1002 : start command "import_device eagle_s20.db -package EG4S20BG256"
ARC-1001 : Device Initialization.
ARC-1001 : ------------------------------------------------------------------
ARC-1001 :            OPTION            |          IO          |   SETTING   
ARC-1001 : ------------------------------------------------------------------
ARC-1001 :   cso_b/cclk/mosi/miso/dout  |  T3/R11/T10/P10/S11  |    gpio    
ARC-1001 :             done             |         P13          |    gpio    
ARC-1001 :           program_b          |          T2          |  dedicate  
ARC-1001 :        tdi/tms/tck/tdo       |   C12/A15/C14/E14    |  dedicate  
ARC-1001 : ------------------------------------------------------------------
ARC-1004 : Device setting, marked 5 dedicate IOs in total.
RUN-1002 : start command "import_db ../syn_1/SD-SDRAM-ISP-HDMI_gate.db"
RUN-1001 : Importing database generated by Tang Dynasty, V5.6.71036.
RUN-1001 : Database version number 46146.
RUN-1001 : Import flow parameters
RUN-1001 : Import timing constraints
RUN-1001 : Import IO constraints
RUN-1001 : Import Inst constraints
RUN-1001 : Import design success TD_VERSION=5.6.71036 , DB_VERSION=46146
RUN-1002 : start command "read_sdc -ip SOFTFIFO ../../import/ddr3-al_ip/SOFTFIFO.tcl"
RUN-1002 : start command "get_ports clkw"
RUN-1002 : start command "get_nets  clkw  "
RUN-1002 : start command "get_clocks -nowarn -of nets 9663676416000"
RUN-1002 : start command "get_ports clkr"
RUN-1002 : start command "get_nets  clkr  "
RUN-1002 : start command "get_clocks -nowarn -of nets 33217277067264"
RUN-1002 : start command "get_property -nowarn -max PERIOD "
RUN-1002 : start command "get_property -nowarn -max PERIOD "
RUN-1002 : start command "get_regs rd_to_wr_cross_inst/primary_addr_gray_reg[*]"
RUN-1002 : start command "get_regs rd_to_wr_cross_inst/sync_r1[*]"
RUN-1002 : start command "set_max_delay -from  -to  999.70000000000005 -datapath_only"
RUN-1002 : start command "get_regs rd_to_wr_cross_inst/primary_addr_gray_reg[*]"
RUN-1002 : start command "get_regs rd_to_wr_cross_inst/sync_r1[*]"
RUN-1002 : start command "set_false_path -from  -to  -hold 999.70000000000005"
USR-1002 : set_false_path -help -setup -hold -from <list> -rise_from <list> -fall_from <list> -to <list> -rise_to <list> -fall_to <list> -through <list>
RUN-1002 : start command "get_regs wr_to_rd_cross_inst/primary_addr_gray_reg[*]"
RUN-1002 : start command "get_regs wr_to_rd_cross_inst/sync_r1[*]"
RUN-1002 : start command "set_max_delay -from  -to  999.70000000000005 -datapath_only"
RUN-1002 : start command "get_regs wr_to_rd_cross_inst/primary_addr_gray_reg[*]"
RUN-1002 : start command "get_regs wr_to_rd_cross_inst/sync_r1[*]"
RUN-1002 : start command "set_false_path -from  -to  -hold 999.70000000000005"
USR-1002 : set_false_path -help -setup -hold -from <list> -rise_from <list> -fall_from <list> -to <list> -rise_to <list> -fall_to <list> -through <list>
RUN-1002 : start command "get_ports clkw"
RUN-1002 : start command "get_nets  clkw  "
RUN-1002 : start command "get_clocks -nowarn -of nets 17514876633088"
RUN-1002 : start command "get_ports clkr"
RUN-1002 : start command "get_nets  clkr  "
RUN-1002 : start command "get_clocks -nowarn -of nets 9663676416000"
RUN-1002 : start command "get_property -nowarn -max PERIOD "
RUN-1002 : start command "get_property -nowarn -max PERIOD "
RUN-1002 : start command "get_regs rd_to_wr_cross_inst/primary_addr_gray_reg[*]"
RUN-1002 : start command "get_regs rd_to_wr_cross_inst/sync_r1[*]"
RUN-1002 : start command "set_max_delay -from  -to  999.70000000000005 -datapath_only"
RUN-1002 : start command "get_regs rd_to_wr_cross_inst/primary_addr_gray_reg[*]"
RUN-1002 : start command "get_regs rd_to_wr_cross_inst/sync_r1[*]"
RUN-1002 : start command "set_false_path -from  -to  -hold 999.70000000000005"
USR-1002 : set_false_path -help -setup -hold -from <list> -rise_from <list> -fall_from <list> -to <list> -rise_to <list> -fall_to <list> -through <list>
RUN-1002 : start command "get_regs wr_to_rd_cross_inst/primary_addr_gray_reg[*]"
RUN-1002 : start command "get_regs wr_to_rd_cross_inst/sync_r1[*]"
RUN-1002 : start command "set_max_delay -from  -to  999.70000000000005 -datapath_only"
RUN-1002 : start command "get_regs wr_to_rd_cross_inst/primary_addr_gray_reg[*]"
RUN-1002 : start command "get_regs wr_to_rd_cross_inst/sync_r1[*]"
RUN-1002 : start command "set_false_path -from  -to  -hold 999.70000000000005"
USR-1002 : set_false_path -help -setup -hold -from <list> -rise_from <list> -fall_from <list> -to <list> -rise_to <list> -fall_to <list> -through <list>
RUN-1002 : start command "config_chipwatcher ../../sd_HDMI.cwc -dir "
RUN-1002 : start command "legalize_phy_inst"
SYN-1011 : Flatten model sd_bmp_hdmi
KIT-1004 : ChipWatcher: import watcher inst auto_chipwatcher_0 completed, there are 12 view nodes, 30 trigger nets, 30 data nets.
KIT-1004 : Chipwatcher code = 1101011000101001
RUN-1002 : start command "compile_watcher"
RUN-1002 : start command "read_verilog -no_sch -dir F:/ARMChina/cw/ -file SD-SDRAM-ISP-HDMI_watcherInst.sv -lib cw -top CW_TOP_WRAPPER"
HDL-1007 : analyze verilog file F:/ARMChina/cw\bus_det.v
HDL-1007 : analyze verilog file F:/ARMChina/cw\bus_top.sv
HDL-1007 : analyze verilog file F:/ARMChina/cw\cfg_int.v
HDL-1007 : analyze verilog file F:/ARMChina/cw\cwc_cfg_int.v
HDL-1007 : analyze verilog file F:/ARMChina/cw\cwc_top.sv
HDL-1007 : analyze verilog file F:/ARMChina/cw\detect_bus.v
HDL-1007 : analyze verilog file F:/ARMChina/cw\detect_non_bus.v
HDL-1007 : analyze verilog file F:/ARMChina/cw\emb_ctrl.v
HDL-1007 : analyze verilog file F:/ARMChina/cw\register.v
HDL-1007 : analyze verilog file F:/ARMChina/cw\tap.v
HDL-1007 : analyze verilog file F:/ARMChina/cw\trigger.sv
HDL-1007 : analyze verilog file SD-SDRAM-ISP-HDMI_watcherInst.sv
HDL-1007 : elaborate module CW_TOP_WRAPPER in SD-SDRAM-ISP-HDMI_watcherInst.sv(1)
HDL-1007 : elaborate module cwc_top(BUS_NUM=12,BUS_DIN_NUM=30,BUS_CTRL_NUM=108,BUS_WIDTH='{32'sb01,32'sb01,32'sb01,32'sb01,32'sb01,32'sb01,32'sb01,32'sb01,32'sb01,32'sb01,32'sb010000,32'sb0100},BUS_DIN_POS='{32'sb0,32'sb01,32'sb010,32'sb011,32'sb0100,32'sb0101,32'sb0110,32'sb0111,32'sb01000,32'sb01001,32'sb01010,32'sb011010},BUS_CTRL_POS='{32'sb0,32'sb0110,32'sb01100,32'sb010010,32'sb011000,32'sb011110,32'sb0100100,32'sb0101010,32'sb0110000,32'sb0110110,32'sb0111100,32'sb01100000}) in F:/ARMChina/cw\cwc_top.sv(21)
HDL-1007 : elaborate module cwc_cfg_int(CTRL_REG_LEN=130) in F:/ARMChina/cw\cwc_cfg_int.v(21)
HDL-1007 : elaborate module register(CTRL_REG_LEN=130) in F:/ARMChina/cw\register.v(21)
HDL-1007 : elaborate module tap in F:/ARMChina/cw\tap.v(21)
HDL-1007 : elaborate module trigger(BUS_NUM=12,BUS_DIN_NUM=30,BUS_CTRL_NUM=108,BUS_WIDTH='{32'sb01,32'sb01,32'sb01,32'sb01,32'sb01,32'sb01,32'sb01,32'sb01,32'sb01,32'sb01,32'sb010000,32'sb0100},BUS_DIN_POS='{32'sb0,32'sb01,32'sb010,32'sb011,32'sb0100,32'sb0101,32'sb0110,32'sb0111,32'sb01000,32'sb01001,32'sb01010,32'sb011010},BUS_CTRL_POS='{32'sb0,32'sb0110,32'sb01100,32'sb010010,32'sb011000,32'sb011110,32'sb0100100,32'sb0101010,32'sb0110000,32'sb0110110,32'sb0111100,32'sb01100000}) in F:/ARMChina/cw\trigger.sv(21)
HDL-1007 : elaborate module bus_top(BUS_NODE_NUM=12,BUS_DIN_NUM=30,BUS_CTRL_NUM=108,BUS_WIDTH='{32'sb01,32'sb01,32'sb01,32'sb01,32'sb01,32'sb01,32'sb01,32'sb01,32'sb01,32'sb01,32'sb010000,32'sb0100},BUS_DIN_POS='{32'sb0,32'sb01,32'sb010,32'sb011,32'sb0100,32'sb0101,32'sb0110,32'sb0111,32'sb01000,32'sb01001,32'sb01010,32'sb011010},BUS_CTRL_POS='{32'sb0,32'sb0110,32'sb01100,32'sb010010,32'sb011000,32'sb011110,32'sb0100100,32'sb0101010,32'sb0110000,32'sb0110110,32'sb0111100,32'sb01100000}) in F:/ARMChina/cw\bus_top.sv(22)
HDL-1007 : elaborate module bus_det(BUS_WIDTH=32'sb01) in F:/ARMChina/cw\bus_det.v(21)
HDL-1007 : elaborate module bus_det(BUS_WIDTH=32'sb010000) in F:/ARMChina/cw\bus_det.v(21)
HDL-1007 : elaborate module bus_det(BUS_WIDTH=32'sb0100) in F:/ARMChina/cw\bus_det.v(21)
HDL-1007 : elaborate module emb_ctrl in F:/ARMChina/cw\emb_ctrl.v(21)
HDL-1200 : Current top model is CW_TOP_WRAPPER
HDL-1100 : Inferred 0 RAMs.
RUN-1002 : start command "force_keep -a auto_chipwatcher_0_logicbram"
RUN-1002 : start command "optimize_rtl -no_sch"
RUN-1001 : Open license file F:/ARMChina/license/Anlogic.lic
RUN-1001 : Print Global Property
RUN-1001 : ---------------------------------------------------------------
RUN-1001 :        Parameters        |  Settings  |  Default Values  |  Note  
RUN-1001 : ---------------------------------------------------------------
RUN-1001 :          message         |  standard  |     standard     |        
RUN-1001 :   mixed_pack_place_flow  |     on     |        on        |        
RUN-1001 :        qor_monitor       |    off     |       off        |        
RUN-1001 :        syn_ip_flow       |    off     |       off        |        
RUN-1001 :          thread          |    auto    |       auto       |        
RUN-1001 : ---------------------------------------------------------------
RUN-1001 : Print Rtl Property
RUN-1001 : --------------------------------------------------------------
RUN-1001 :        Parameters       |  Settings  |  Default Values  |  Note  
RUN-1001 : --------------------------------------------------------------
RUN-1001 :       compress_add      |   ripple   |      ripple      |        
RUN-1001 :        elf_sload        |    off     |       off        |        
RUN-1001 :       fix_undriven      |     0      |        0         |        
RUN-1001 :         flatten         |    off     |       off        |        
RUN-1001 :       gate_sharing      |     on     |        on        |        
RUN-1001 :    hdl_warning_level    |   normal   |      normal      |        
RUN-1001 :   impl_internal_tribuf  |     on     |        on        |        
RUN-1001 :      impl_set_reset     |     on     |        on        |        
RUN-1001 :        infer_gsr        |    off     |       off        |        
RUN-1001 :      keep_hierarchy     |    auto    |       auto       |        
RUN-1001 :        max_fanout       |    9999    |       9999       |        
RUN-1001 :      max_oh2bin_len     |     10     |        10        |        
RUN-1001 :       merge_equal       |     on     |        on        |        
RUN-1001 :       merge_equiv       |     on     |        on        |        
RUN-1001 :        merge_mux        |    off     |       off        |        
RUN-1001 :     min_control_set     |     8      |        8         |        
RUN-1001 :      min_ripple_len     |    auto    |       auto       |        
RUN-1001 :       oh2bin_ratio      |    0.08    |       0.08       |        
RUN-1001 :     opt_adder_fanout    |     on     |        on        |        
RUN-1001 :        opt_arith        |     on     |        on        |        
RUN-1001 :       opt_big_gate      |    off     |       off        |        
RUN-1001 :        opt_const        |     on     |        on        |        
RUN-1001 :      opt_const_mult     |     on     |        on        |        
RUN-1001 :       opt_lessthan      |     on     |        on        |        
RUN-1001 :         opt_mux         |    off     |       off        |        
RUN-1001 :         opt_ram         |    high    |       high       |        
RUN-1001 :      rtl_sim_model      |    off     |       off        |        
RUN-1001 :         seq_syn         |     on     |        on        |        
RUN-1001 : --------------------------------------------------------------
SYN-1012 : SanityCheck: Model "sd_bmp_hdmi"
SYN-1012 : SanityCheck: Model "CW_TOP_WRAPPER"
SYN-1012 : SanityCheck: Model "cwc_top(BUS_NUM=12,BUS_DIN_NUM=30,BUS_CTRL_NUM=108,BUS_WIDTH='{32'sb01,32'sb01,32'sb01,32'sb01,32'sb01,32'sb01,32'sb01,32'sb01,32'sb01,32'sb01,32'sb010000,32'sb0100},BUS_DIN_POS='{32'sb0,32'sb01,32'sb010,32'sb011,32'sb0100,32'sb0101,32'sb0110,32'sb0111,32'sb01000,32'sb01001,32'sb01010,32'sb011010},BUS_CTRL_POS='{32'sb0,32'sb0110,32'sb01100,32'sb010010,32'sb011000,32'sb011110,32'sb0100100,32'sb0101010,32'sb0110000,32'sb0110110,32'sb0111100,32'sb01100000})"
SYN-1012 : SanityCheck: Model "cwc_cfg_int(CTRL_REG_LEN=130)"
SYN-1012 : SanityCheck: Model "register(CTRL_REG_LEN=130)"
SYN-1012 : SanityCheck: Model "tap"
SYN-1012 : SanityCheck: Model "trigger(BUS_NUM=12,BUS_DIN_NUM=30,BUS_CTRL_NUM=108,BUS_WIDTH='{32'sb01,32'sb01,32'sb01,32'sb01,32'sb01,32'sb01,32'sb01,32'sb01,32'sb01,32'sb01,32'sb010000,32'sb0100},BUS_DIN_POS='{32'sb0,32'sb01,32'sb010,32'sb011,32'sb0100,32'sb0101,32'sb0110,32'sb0111,32'sb01000,32'sb01001,32'sb01010,32'sb011010},BUS_CTRL_POS='{32'sb0,32'sb0110,32'sb01100,32'sb010010,32'sb011000,32'sb011110,32'sb0100100,32'sb0101010,32'sb0110000,32'sb0110110,32'sb0111100,32'sb01100000})"
SYN-1012 : SanityCheck: Model "bus_top(BUS_NODE_NUM=12,BUS_DIN_NUM=30,BUS_CTRL_NUM=108,BUS_WIDTH='{32'sb01,32'sb01,32'sb01,32'sb01,32'sb01,32'sb01,32'sb01,32'sb01,32'sb01,32'sb01,32'sb010000,32'sb0100},BUS_DIN_POS='{32'sb0,32'sb01,32'sb010,32'sb011,32'sb0100,32'sb0101,32'sb0110,32'sb0111,32'sb01000,32'sb01001,32'sb01010,32'sb011010},BUS_CTRL_POS='{32'sb0,32'sb0110,32'sb01100,32'sb010010,32'sb011000,32'sb011110,32'sb0100100,32'sb0101010,32'sb0110000,32'sb0110110,32'sb0111100,32'sb01100000})"
SYN-1012 : SanityCheck: Model "bus_det(BUS_WIDTH=32'sb01)"
SYN-1012 : SanityCheck: Model "bus_det(BUS_WIDTH=32'sb010000)"
SYN-1012 : SanityCheck: Model "bus_det(BUS_WIDTH=32'sb0100)"
SYN-1012 : SanityCheck: Model "emb_ctrl"
SYN-1011 : Flatten model sd_bmp_hdmi
SYN-1032 : 7539/42 useful/useless nets, 5773/34 useful/useless insts
SYN-1016 : Merged 56 instances.
SYN-1032 : 7172/36 useful/useless nets, 6168/32 useful/useless insts
SYN-1014 : Optimize round 1
SYN-1021 : Optimized 2 onehot mux instances.
SYN-1020 : Optimized 1 distributor mux.
SYN-1019 : Optimized 2 mux instances.
SYN-1015 : Optimize round 1, 399 better
SYN-1014 : Optimize round 2
SYN-1032 : 6869/30 useful/useless nets, 5865/32 useful/useless insts
SYN-1015 : Optimize round 2, 64 better
SYN-1014 : Optimize round 1
SYN-1015 : Optimize round 1, 0 better
RUN-1003 : finish command "optimize_rtl -no_sch" in  1.036345s wall, 0.765625s user + 0.093750s system = 0.859375s CPU (82.9%)

RUN-1004 : used memory is 191 MB, reserved memory is 160 MB, peak memory is 193 MB
RUN-1002 : start command "optimize_gate -no_sch"
RUN-1001 : Open license file F:/ARMChina/license/Anlogic.lic
RUN-1001 : Print Global Property
RUN-1001 : ---------------------------------------------------------------
RUN-1001 :        Parameters        |  Settings  |  Default Values  |  Note  
RUN-1001 : ---------------------------------------------------------------
RUN-1001 :          message         |  standard  |     standard     |        
RUN-1001 :   mixed_pack_place_flow  |     on     |        on        |        
RUN-1001 :        qor_monitor       |    off     |       off        |        
RUN-1001 :        syn_ip_flow       |    off     |       off        |        
RUN-1001 :          thread          |    auto    |       auto       |        
RUN-1001 : ---------------------------------------------------------------
RUN-1001 : Print Gate Property
RUN-1001 : ------------------------------------------------------------------
RUN-1001 :          Parameters         |  Settings  |  Default Values  |  Note  
RUN-1001 : ------------------------------------------------------------------
RUN-1001 :         cascade_dsp         |    off     |       off        |        
RUN-1001 :         cascade_eram        |    off     |       off        |        
RUN-1001 :        gate_sim_model       |    off     |       off        |        
RUN-1001 :        map_sim_model        |    off     |       off        |        
RUN-1001 :         map_strategy        |     1      |        1         |        
RUN-1001 :           opt_area          |   medium   |      medium      |        
RUN-1001 :          opt_timing         |    auto    |       auto       |        
RUN-1001 :         pack_effort         |   medium   |      medium      |        
RUN-1001 :      pack_lslice_ripple     |     on     |        on        |        
RUN-1001 :   pack_lslice_ripple_ratio  |    0.5     |       0.5        |        
RUN-1001 :        pack_seq_in_io       |    auto    |       auto       |        
RUN-1001 :        ph1_mux_ratio        |    1.0     |       1.0        |        
RUN-1001 :            report           |  standard  |     standard     |        
RUN-1001 :           retiming          |    off     |       off        |        
RUN-1001 : ------------------------------------------------------------------
SYN-2001 : Map 12 IOs to PADs
RUN-1002 : start command "update_pll_param -module sd_bmp_hdmi"
SYN-2501 : Processed 0 LOGIC_BUF instances.
SYN-2512 : LOGIC BRAM "auto_chipwatcher_0_logicbram"
SYN-2571 : Optimize after map_dsp, round 1
SYN-1032 : 6872/60 useful/useless nets, 5874/33 useful/useless insts
SYN-1016 : Merged 2 instances.
SYN-2571 : Optimize after map_dsp, round 1, 95 better
SYN-2571 : Optimize after map_dsp, round 2
SYN-2571 : Optimize after map_dsp, round 2, 0 better
SYN-1001 : Throwback 3 control mux instances
SYN-2501 : Optimize round 1
SYN-1016 : Merged 20 instances.
SYN-2501 : Optimize round 1, 42 better
SYN-2501 : Optimize round 2
SYN-2501 : Optimize round 2, 0 better
SYN-2501 : Map 14 macro adder
SYN-1019 : Optimized 9 mux instances.
SYN-1016 : Merged 10 instances.
SYN-1032 : 7304/3 useful/useless nets, 6306/2 useful/useless insts
RUN-1002 : start command "start_timer -prepack"
TMR-2505 : Start building timing graph for model sd_bmp_hdmi.
TMR-2506 : Build timing graph completely. Port num: 9, tpin num: 27658, tnet num: 7304, tinst num: 6305, tnode num: 36917, tedge num: 44102.
TMR-2508 : Levelizing timing graph completed, there are 53 levels in total.
TMR-2501 : Timing graph initialized successfully.
TMR-2503 : Start to update net delay, extr mode = 2.
TMR-2504 : Update delay of 7304 nets completely.
TMR-2502 : Annotate delay completely, extr mode = 2.
TMR-3001 : Initiate 0 clocks from SDC.
TMR-3004 : Map sdc constraints, there are 8 constraints in total.
TMR-3003 : Constraints initiated successfully.
TMR-3501 : Forward propagation: start to calculate arrival time...
TMR-3502 : Backward propagation: start to calculate required time...
TMR-3503 : Timing propagation completes.
SYN-3001 : Running gate level optimization.
SYN-2581 : Mapping with K=5, #lut = 210 (3.71), #lev = 7 (2.08)
SYN-2551 : Post LUT mapping optimization.
SYN-2581 : Mapping with K=5, #lut = 200 (3.86), #lev = 7 (2.00)
SYN-3001 : Logic optimization runtime opt =   0.03 sec, map =   0.00 sec
SYN-3001 : Mapper mapped 617 instances into 200 LUTs, name keeping = 75%.
SYN-1001 : Packing model "sd_bmp_hdmi" ...
SYN-4010 : Pack lib has 58 rtl pack models with 25 top pack blocks
SYN-1014 : Optimize round 1
SYN-1015 : Optimize round 1, 0 better
SYN-4002 : Packing 394 DFF/LATCH to SEQ ...
SYN-4009 : Pack 7 carry chain into lslice
SYN-4007 : Packing 100 adder to BLE ...
SYN-4008 : Packed 100 adder and 0 SEQ to BLE.
SYN-4007 : Packing 0 gate4 to BLE ...
SYN-4008 : Packed 0 gate4 and 0 SEQ to BLE.
SYN-4012 : Packed 0 FxMUX
RUN-1003 : finish command "optimize_gate -no_sch" in  1.605740s wall, 1.375000s user + 0.015625s system = 1.390625s CPU (86.6%)

RUN-1004 : used memory is 197 MB, reserved memory is 170 MB, peak memory is 243 MB
RUN-1002 : start command "legalize_phy_inst"
SYN-1011 : Flatten model sd_bmp_hdmi
KIT-1004 : Compile Chipwatcher: Clear obsolete physical data.
RUN-1003 : finish command "compile_watcher" in  2.787393s wall, 2.281250s user + 0.109375s system = 2.390625s CPU (85.8%)

RUN-1004 : used memory is 198 MB, reserved memory is 170 MB, peak memory is 243 MB
RUN-1002 : start command "place"
RUN-1001 : Open license file F:/ARMChina/license/Anlogic.lic
RUN-1001 : Print Global Property
RUN-1001 : ---------------------------------------------------------------
RUN-1001 :        Parameters        |  Settings  |  Default Values  |  Note  
RUN-1001 : ---------------------------------------------------------------
RUN-1001 :          message         |  standard  |     standard     |        
RUN-1001 :   mixed_pack_place_flow  |     on     |        on        |        
RUN-1001 :        qor_monitor       |    off     |       off        |        
RUN-1001 :        syn_ip_flow       |    off     |       off        |        
RUN-1001 :          thread          |    auto    |       auto       |        
RUN-1001 : ---------------------------------------------------------------
RUN-1001 : Print Place Property
RUN-1001 : --------------------------------------------------------------
RUN-1001 :        Parameters       |  Settings  |  Default Values  |  Note  
RUN-1001 : --------------------------------------------------------------
RUN-1001 :      detailed_place     |     on     |        on        |        
RUN-1001 :          effort         |   medium   |      medium      |        
RUN-1001 :         fix_hold        |    off     |       off        |        
RUN-1001 :       legalization      |    ori     |       ori        |        
RUN-1001 :      new_spreading      |     on     |        on        |        
RUN-1001 :        opt_timing       |   medium   |      medium      |        
RUN-1001 :   post_clock_route_opt  |    off     |       off        |        
RUN-1001 :       pr_strategy       |     1      |        1         |        
RUN-1001 :        relaxation       |    1.00    |       1.00       |        
RUN-1001 :         retiming        |    off     |       off        |        
RUN-1001 : --------------------------------------------------------------
PHY-3001 : Placer runs in 16 thread(s).
RUN-1002 : start command "legalize_phy_inst"
SYN-1011 : Flatten model sd_bmp_hdmi
RUN-1002 : start command "phys_opt -simplify_lut"
SYN-4016 : Net u_ddr3_top/u_sdram_fifo_ctrl/clk_ref driven by BUFG (271 clock/control pins, 1 other pins).
SYN-4016 : Net u_clk_wiz_1/clk0_out driven by BUFG (58 clock/control pins, 1 other pins).
SYN-4016 : Net config_inst_syn_10 driven by BUFG (271 clock/control pins, 0 other pins).
SYN-4027 : Net u_ddr3_top/clk_sdram is clkc1 of pll u_clk_wiz_0/pll_inst.
SYN-4027 : Net u_ddr3_top/u_sdram_fifo_ctrl/wrfifo/clkw is clkc3 of pll u_clk_wiz_0/pll_inst.
SYN-4027 : Net u_sd_ctrl_top/u_sd_read/clk_ref_180deg is clkc4 of pll u_clk_wiz_0/pll_inst.
SYN-4019 : Net sys_clk_dup_1 is refclk of pll u_clk_wiz_0/pll_inst.
SYN-4020 : Net sys_clk_dup_1 is fbclk of pll u_clk_wiz_0/pll_inst.
SYN-4027 : Net u_hdmi_top/bnr/pclk is clkc1 of pll u_clk_wiz_1/pll_inst.
SYN-4019 : Net sys_clk_dup_1 is refclk of pll u_clk_wiz_1/pll_inst.
SYN-4020 : Net sys_clk_dup_1 is fbclk of pll u_clk_wiz_1/pll_inst.
SYN-4024 : Net "u_sd_ctrl_top/u_sd_init/div_clk" drives clk pins.
SYN-4025 : Tag rtl::Net config_inst_syn_10 as clock net
SYN-4025 : Tag rtl::Net sys_clk_dup_1 as clock net
SYN-4025 : Tag rtl::Net u_clk_wiz_1/clk0_out as clock net
SYN-4025 : Tag rtl::Net u_ddr3_top/clk_sdram as clock net
SYN-4025 : Tag rtl::Net u_ddr3_top/u_sdram_fifo_ctrl/clk_ref as clock net
SYN-4025 : Tag rtl::Net u_ddr3_top/u_sdram_fifo_ctrl/wrfifo/clkw as clock net
SYN-4025 : Tag rtl::Net u_hdmi_top/bnr/pclk as clock net
SYN-4025 : Tag rtl::Net u_sd_ctrl_top/u_sd_init/div_clk as clock net
SYN-4025 : Tag rtl::Net u_sd_ctrl_top/u_sd_read/clk_ref_180deg as clock net
SYN-4026 : Tagged 9 rtl::Net as clock net
SYN-4015 : Create BUFG instance for clk Net u_sd_ctrl_top/u_sd_init/div_clk to drive 101 clock pins.
PHY-1001 : Populate physical database on model sd_bmp_hdmi.
RUN-1001 : There are total 5596 instances
RUN-0007 : 1718 luts, 2912 seqs, 605 mslices, 264 lslices, 71 pads, 17 brams, 0 dsps
RUN-1001 : There are total 6594 nets
RUN-1001 : 4414 nets have 2 pins
RUN-1001 : 1639 nets have [3 - 5] pins
RUN-1001 : 374 nets have [6 - 10] pins
RUN-1001 : 119 nets have [11 - 20] pins
RUN-1001 : 34 nets have [21 - 99] pins
RUN-1001 : 14 nets have 100+ pins
RUN-1001 : Report Control nets information:
RUN-1001 : DFF Distribution
RUN-1001 : ----------------------------------
RUN-1001 :   CE   |  SSR  |  ASR  |  DFF Count  
RUN-1001 : ----------------------------------
RUN-1001 :   No   |  No   |  No   |     108     
RUN-1001 :   No   |  No   |  Yes  |    2122     
RUN-1001 :   No   |  Yes  |  No   |     53      
RUN-1001 :   Yes  |  No   |  No   |     54      
RUN-1001 :   Yes  |  No   |  Yes  |     575     
RUN-1001 :   Yes  |  Yes  |  No   |      0      
RUN-1001 : ----------------------------------
RUN-0007 : Control Group Statistic
RUN-0007 : ---------------------------
RUN-0007 :   #CLK  |  #CE  |  #SSR/ASR  
RUN-0007 : ---------------------------
RUN-0007 :    9    |  23   |     14     
RUN-0007 : ---------------------------
RUN-0007 : Control Set = 45
PHY-3001 : Initial placement ...
PHY-3001 : design contains 5594 instances, 1718 luts, 2912 seqs, 869 slices, 145 macros(869 instances: 605 mslices 264 lslices)
PHY-3001 : Huge net u_hdmi_top/sys_rst_n with 1780 pins
PHY-0007 : Cell area utilization is 17%
PHY-3001 : Start timing update ...
RUN-1002 : start command "start_timer -report"
TMR-2505 : Start building timing graph for model sd_bmp_hdmi.
TMR-2506 : Build timing graph completely. Port num: 9, tpin num: 26035, tnet num: 6592, tinst num: 5594, tnode num: 35368, tedge num: 42566.
TMR-2508 : Levelizing timing graph completed, there are 29 levels in total.
TMR-2501 : Timing graph initialized successfully.
TMR-2503 : Start to update net delay, extr mode = 2.
TMR-2504 : Update delay of 6592 nets completely.
TMR-2502 : Annotate delay completely, extr mode = 2.
TMR-3001 : Initiate 0 clocks from SDC.
TMR-3004 : Map sdc constraints, there are 8 constraints in total.
TMR-3003 : Constraints initiated successfully.
TMR-3501 : Forward propagation: start to calculate arrival time...
TMR-3502 : Backward propagation: start to calculate required time...
TMR-3503 : Timing propagation completes.
PHY-3001 : End timing update;  0.724558s wall, 0.562500s user + 0.000000s system = 0.562500s CPU (77.6%)

PHY-3001 : Global placement ...
PHY-3001 : Initial: Len = 1.60032e+06
PHY-3001 : Clustering ...
PHY-3001 : Level 0 #clusters 5594.
PHY-3001 : End clustering;  0.000040s wall, 0.000000s user + 0.000000s system = 0.000000s CPU (n/a%)

PHY-3001 : Run with size of 4
PHY-3001 : Cell area utilization is 17%
PHY-3001 : :::0::: Try harder cell spreading with beta_ = 0
PHY-3002 : Step(1): len = 1.07656e+06, overlap = 61.75
PHY-3002 : Step(2): len = 891327, overlap = 55.8125
PHY-3002 : Step(3): len = 544551, overlap = 49.3125
PHY-3002 : Step(4): len = 479175, overlap = 57
PHY-3002 : Step(5): len = 400044, overlap = 65.25
PHY-3002 : Step(6): len = 359633, overlap = 69.1562
PHY-3002 : Step(7): len = 316994, overlap = 73.9688
PHY-3002 : Step(8): len = 291939, overlap = 92.4062
PHY-3002 : Step(9): len = 255732, overlap = 97.4375
PHY-3002 : Step(10): len = 240106, overlap = 107.688
PHY-3002 : Step(11): len = 225508, overlap = 110.875
PHY-3002 : Step(12): len = 210729, overlap = 110.469
PHY-3002 : Step(13): len = 202031, overlap = 115.406
PHY-3002 : Step(14): len = 188480, overlap = 118.531
PHY-3002 : Step(15): len = 181407, overlap = 121.938
PHY-3002 : Step(16): len = 174491, overlap = 124.656
PHY-3001 : :::1::: Try harder cell spreading with beta_ = 2.79972e-05
PHY-3002 : Step(17): len = 185482, overlap = 121.781
PHY-3002 : Step(18): len = 190412, overlap = 113.562
PHY-3002 : Step(19): len = 192802, overlap = 116.938
PHY-3002 : Step(20): len = 196000, overlap = 107.906
PHY-3002 : Step(21): len = 191233, overlap = 106.125
PHY-3002 : Step(22): len = 189089, overlap = 95.5625
PHY-3002 : Step(23): len = 185728, overlap = 99.9375
PHY-3002 : Step(24): len = 180745, overlap = 92.375
PHY-3002 : Step(25): len = 181791, overlap = 95.9375
PHY-3002 : Step(26): len = 181722, overlap = 90.2188
PHY-3002 : Step(27): len = 181592, overlap = 89.6562
PHY-3002 : Step(28): len = 180934, overlap = 80.4688
PHY-3001 : :::2::: Try harder cell spreading with beta_ = 5.59944e-05
PHY-3002 : Step(29): len = 181192, overlap = 85.0938
PHY-3002 : Step(30): len = 181124, overlap = 85.2812
PHY-3002 : Step(31): len = 182003, overlap = 85.6875
PHY-3002 : Step(32): len = 182275, overlap = 85.6562
PHY-3002 : Step(33): len = 182397, overlap = 85.5938
PHY-3002 : Step(34): len = 182352, overlap = 85.4688
PHY-3002 : Step(35): len = 181300, overlap = 85.8125
PHY-3002 : Step(36): len = 181146, overlap = 86.0312
PHY-3002 : Step(37): len = 181176, overlap = 85.7812
PHY-3001 : :::3::: Try harder cell spreading with beta_ = 0.000111989
PHY-3002 : Step(38): len = 182578, overlap = 85.4688
PHY-3002 : Step(39): len = 182564, overlap = 85.3438
PHY-3002 : Step(40): len = 182679, overlap = 85.75
PHY-3002 : Step(41): len = 182619, overlap = 86.3125
PHY-3002 : Step(42): len = 183573, overlap = 82
PHY-3002 : Step(43): len = 183577, overlap = 82
PHY-3002 : Step(44): len = 183795, overlap = 82.125
PHY-3002 : Step(45): len = 183797, overlap = 82.25
PHY-3002 : Step(46): len = 183929, overlap = 81.8438
PHY-3001 : Legalization ...
PHY-3001 : End legalization;  0.025628s wall, 0.000000s user + 0.046875s system = 0.046875s CPU (182.9%)

PHY-3001 : Run with size of 4
PHY-3001 : Cell area utilization is 22%
PHY-3001 : Update timing in Manhattan mode ...
TMR-2503 : Start to update net delay, extr mode = 3.
TMR-2504 : Update delay of 6592 nets completely.
TMR-2502 : Annotate delay completely, extr mode = 3.
TMR-3501 : Forward propagation: start to calculate arrival time...
TMR-3502 : Backward propagation: start to calculate required time...
TMR-3503 : Timing propagation completes.
PHY-3001 : End timing update;  0.138082s wall, 0.062500s user + 0.000000s system = 0.062500s CPU (45.3%)

PHY-3001 : :::0::: Try harder cell spreading with beta_ = 5.5421e-06
PHY-3002 : Step(47): len = 204825, overlap = 135.906
PHY-3002 : Step(48): len = 202932, overlap = 152.469
PHY-3002 : Step(49): len = 196125, overlap = 147.438
PHY-3002 : Step(50): len = 196692, overlap = 139.938
PHY-3002 : Step(51): len = 189556, overlap = 144.625
PHY-3002 : Step(52): len = 189979, overlap = 147.062
PHY-3002 : Step(53): len = 186865, overlap = 144.25
PHY-3002 : Step(54): len = 186432, overlap = 142.344
PHY-3002 : Step(55): len = 184508, overlap = 135.031
PHY-3002 : Step(56): len = 182164, overlap = 134.406
PHY-3002 : Step(57): len = 181738, overlap = 133.406
PHY-3002 : Step(58): len = 180514, overlap = 131.312
PHY-3002 : Step(59): len = 179984, overlap = 128.062
PHY-3002 : Step(60): len = 176257, overlap = 123.969
PHY-3002 : Step(61): len = 176178, overlap = 124.938
PHY-3002 : Step(62): len = 174797, overlap = 130.469
PHY-3002 : Step(63): len = 174661, overlap = 129.906
PHY-3002 : Step(64): len = 173073, overlap = 123.156
PHY-3002 : Step(65): len = 171880, overlap = 128.5
PHY-3002 : Step(66): len = 169891, overlap = 125.188
PHY-3002 : Step(67): len = 169593, overlap = 126.5
PHY-3002 : Step(68): len = 168613, overlap = 129.188
PHY-3002 : Step(69): len = 168561, overlap = 127.094
PHY-3002 : Step(70): len = 167359, overlap = 134.344
PHY-3002 : Step(71): len = 166879, overlap = 134.406
PHY-3002 : Step(72): len = 165869, overlap = 135.969
PHY-3002 : Step(73): len = 165712, overlap = 135.438
PHY-3002 : Step(74): len = 165515, overlap = 134
PHY-3001 : :::1::: Try harder cell spreading with beta_ = 1.10842e-05
PHY-3002 : Step(75): len = 165105, overlap = 132.438
PHY-3002 : Step(76): len = 165105, overlap = 132.438
PHY-3002 : Step(77): len = 165305, overlap = 132.219
PHY-3001 : :::2::: Try harder cell spreading with beta_ = 2.09302e-05
PHY-3002 : Step(78): len = 168932, overlap = 120.062
PHY-3002 : Step(79): len = 169671, overlap = 118.25
PHY-3002 : Step(80): len = 171693, overlap = 111.188
PHY-3002 : Step(81): len = 172361, overlap = 103.594
PHY-3002 : Step(82): len = 173345, overlap = 99.9375
PHY-3001 : Run with size of 2
PHY-3001 : Cell area utilization is 22%
PHY-3001 : Update timing in Manhattan mode ...
TMR-2503 : Start to update net delay, extr mode = 3.
TMR-2504 : Update delay of 6592 nets completely.
TMR-2502 : Annotate delay completely, extr mode = 3.
TMR-3501 : Forward propagation: start to calculate arrival time...
TMR-3502 : Backward propagation: start to calculate required time...
TMR-3503 : Timing propagation completes.
PHY-3001 : End timing update;  0.142325s wall, 0.140625s user + 0.000000s system = 0.140625s CPU (98.8%)

PHY-3001 : :::0::: Try harder cell spreading with beta_ = 1.36854e-05
PHY-3002 : Step(83): len = 173041, overlap = 263.75
PHY-3002 : Step(84): len = 173041, overlap = 263.75
PHY-3002 : Step(85): len = 172891, overlap = 261.5
PHY-3002 : Step(86): len = 172991, overlap = 262.281
PHY-3002 : Step(87): len = 173283, overlap = 254.781
PHY-3001 : :::1::: Try harder cell spreading with beta_ = 2.73709e-05
PHY-3002 : Step(88): len = 174241, overlap = 241.438
PHY-3002 : Step(89): len = 174533, overlap = 237.656
PHY-3002 : Step(90): len = 178941, overlap = 183.656
PHY-3002 : Step(91): len = 181301, overlap = 165.188
PHY-3002 : Step(92): len = 179147, overlap = 167.75
PHY-3002 : Step(93): len = 179017, overlap = 169.312
PHY-3002 : Step(94): len = 178761, overlap = 172.25
PHY-3001 : :::2::: Try harder cell spreading with beta_ = 5.47417e-05
PHY-3002 : Step(95): len = 180276, overlap = 161.562
PHY-3002 : Step(96): len = 180434, overlap = 160.969
PHY-3002 : Step(97): len = 182607, overlap = 154.781
PHY-3002 : Step(98): len = 183017, overlap = 153.906
PHY-3002 : Step(99): len = 185000, overlap = 132.75
PHY-3002 : Step(100): len = 184427, overlap = 138.312
PHY-3002 : Step(101): len = 184398, overlap = 142.094
PHY-3001 : :::3::: Try harder cell spreading with beta_ = 0.000109483
PHY-3002 : Step(102): len = 185539, overlap = 128.812
PHY-3002 : Step(103): len = 185539, overlap = 128.812
PHY-3002 : Step(104): len = 185784, overlap = 128.719
PHY-3001 : :::4::: Try harder cell spreading with beta_ = 0.000187627
PHY-3002 : Step(105): len = 187917, overlap = 117.844
PHY-3002 : Step(106): len = 190062, overlap = 115.781
PHY-3002 : Step(107): len = 193317, overlap = 106.688
PHY-3002 : Step(108): len = 193873, overlap = 102.219
PHY-3002 : Step(109): len = 193268, overlap = 97.7812
PHY-3002 : Step(110): len = 192870, overlap = 95.9375
OPT-1001 : Start physical optimization ...
RUN-1002 : start command "start_timer -report"
TMR-2505 : Start building timing graph for model sd_bmp_hdmi.
TMR-2506 : Build timing graph completely. Port num: 9, tpin num: 26035, tnet num: 6592, tinst num: 5594, tnode num: 35368, tedge num: 42566.
TMR-2508 : Levelizing timing graph completed, there are 29 levels in total.
TMR-2501 : Timing graph initialized successfully.
OPT-1001 : Total overflow 333.75 peak overflow 4.31
OPT-1001 : Start high-fanout net optimization ...
OPT-1001 : Update timing in global mode
PHY-1001 : Start incremental global routing, caller is place ...
RUN-1001 : Generating global routing grids ...
RUN-1001 : Building simple global routing graph ...
PHY-1001 : Generate routing nets ...
PHY-1001 : Reuse net number 0/6594.
PHY-1001 : Global iterations in 16 thread ...
PHY-1002 : len = 216632, over cnt = 858(2%), over = 3461, worst = 27
PHY-1001 : End global iterations;  0.354504s wall, 0.265625s user + 0.000000s system = 0.265625s CPU (74.9%)

PHY-1001 : Congestion index: top1 = 54.12, top5 = 41.04, top10 = 34.32, top15 = 29.94.
PHY-1001 : End incremental global routing;  0.452549s wall, 0.359375s user + 0.000000s system = 0.359375s CPU (79.4%)

TMR-2503 : Start to update net delay, extr mode = 5.
TMR-2504 : Update delay of 6592 nets completely.
TMR-2502 : Annotate delay completely, extr mode = 5.
TMR-3001 : Initiate 0 clocks from SDC.
TMR-3004 : Map sdc constraints, there are 8 constraints in total.
TMR-3003 : Constraints initiated successfully.
TMR-3501 : Forward propagation: start to calculate arrival time...
TMR-3502 : Backward propagation: start to calculate required time...
TMR-3503 : Timing propagation completes.
OPT-1001 : End timing update;  0.167129s wall, 0.125000s user + 0.000000s system = 0.125000s CPU (74.8%)

OPT-1001 : 0 high-fanout net processed.
OPT-1001 : End high-fanout net optimization;  0.716285s wall, 0.562500s user + 0.000000s system = 0.562500s CPU (78.5%)

OPT-1001 : Current memory(MB): used = 298, reserve = 265, peak = 298.
OPT-1001 : Start global optimization ...
OPT-1001 : Start congestion update ...
RUN-1001 : Generating global routing grids ...
PHY-1001 : Generate routing nets ...
PHY-1001 : Reuse net number 5106/6594.
PHY-1001 : Global iterations in 16 thread ...
PHY-1002 : len = 216632, over cnt = 858(2%), over = 3461, worst = 27
PHY-1002 : len = 235688, over cnt = 610(1%), over = 1584, worst = 27
PHY-1002 : len = 246640, over cnt = 270(0%), over = 597, worst = 14
PHY-1002 : len = 253184, over cnt = 10(0%), over = 38, worst = 8
PHY-1002 : len = 253320, over cnt = 0(0%), over = 0, worst = 0
PHY-1001 : End global iterations;  0.496300s wall, 0.281250s user + 0.000000s system = 0.281250s CPU (56.7%)

PHY-1001 : Congestion index: top1 = 48.51, top5 = 39.26, top10 = 33.97, top15 = 30.40.
OPT-1001 : End congestion update;  0.597627s wall, 0.359375s user + 0.000000s system = 0.359375s CPU (60.1%)

OPT-1001 : Update timing in Manhattan mode
TMR-2503 : Start to update net delay, extr mode = 3.
TMR-2504 : Update delay of 6592 nets completely.
TMR-2502 : Annotate delay completely, extr mode = 3.
TMR-3501 : Forward propagation: start to calculate arrival time...
TMR-3502 : Backward propagation: start to calculate required time...
TMR-3503 : Timing propagation completes.
OPT-1001 : End timing update;  0.169533s wall, 0.140625s user + 0.000000s system = 0.140625s CPU (82.9%)

OPT-0007 : Start: WNS 999120 TNS 0 NUM_FEPS 0
OPT-1001 : End global optimization;  0.767386s wall, 0.500000s user + 0.000000s system = 0.500000s CPU (65.2%)

OPT-1001 : Current memory(MB): used = 302, reserve = 270, peak = 302.
OPT-1001 : End physical optimization;  2.181458s wall, 1.640625s user + 0.015625s system = 1.656250s CPU (75.9%)

PHY-3001 : Start packing ...
SYN-4007 : Packing 0 MUX to BLE ...
SYN-4008 : Packed 0 MUX and 0 SEQ to BLE.
SYN-4007 : Packing 1718 LUT to BLE ...
SYN-4008 : Packed 1718 LUT and 1031 SEQ to BLE.
SYN-4003 : Packing 1881 remaining SEQ's ...
SYN-4005 : Packed 592 SEQ with LUT/SLICE
SYN-4006 : 277 single LUT's are left
SYN-4006 : 1289 single SEQ's are left
SYN-4011 : Packing model "sd_bmp_hdmi" (AL_USER_NORMAL) with 3007/4133 primitive instances ...
PHY-3001 : End packing;  0.287561s wall, 0.203125s user + 0.000000s system = 0.203125s CPU (70.6%)

PHY-1001 : Populate physical database on model sd_bmp_hdmi.
RUN-1001 : There are total 2568 instances
RUN-1001 : 1235 mslices, 1236 lslices, 71 pads, 17 brams, 0 dsps
RUN-1001 : There are total 5673 nets
RUN-1001 : 3539 nets have 2 pins
RUN-1001 : 1577 nets have [3 - 5] pins
RUN-1001 : 397 nets have [6 - 10] pins
RUN-1001 : 113 nets have [11 - 20] pins
RUN-1001 : 38 nets have [21 - 99] pins
RUN-1001 : 9 nets have 100+ pins
PHY-3001 : design contains 2566 instances, 2471 slices, 145 macros(869 instances: 605 mslices 264 lslices)
PHY-3001 : Cell area utilization is 31%
PHY-3001 : After packing: Len = 196145, Over = 163
PHY-3001 : Run with size of 2
PHY-3001 : Cell area utilization is 31%
PHY-3001 : Update timing in Manhattan mode ...
RUN-1002 : start command "start_timer -report"
TMR-2505 : Start building timing graph for model sd_bmp_hdmi.
TMR-2506 : Build timing graph completely. Port num: 9, tpin num: 21470, tnet num: 5671, tinst num: 2566, tnode num: 27961, tedge num: 36856.
TMR-2508 : Levelizing timing graph completed, there are 29 levels in total.
TMR-2501 : Timing graph initialized successfully.
TMR-2503 : Start to update net delay, extr mode = 3.
TMR-2504 : Update delay of 5671 nets completely.
TMR-2502 : Annotate delay completely, extr mode = 3.
TMR-3001 : Initiate 0 clocks from SDC.
TMR-3004 : Map sdc constraints, there are 8 constraints in total.
TMR-3003 : Constraints initiated successfully.
TMR-3501 : Forward propagation: start to calculate arrival time...
TMR-3502 : Backward propagation: start to calculate required time...
TMR-3503 : Timing propagation completes.
PHY-3001 : End timing update;  0.773793s wall, 0.640625s user + 0.000000s system = 0.640625s CPU (82.8%)

PHY-3001 : :::0::: Try harder cell spreading with beta_ = 1.83864e-05
PHY-3002 : Step(111): len = 193974, overlap = 162.5
PHY-3002 : Step(112): len = 193091, overlap = 164.5
PHY-3002 : Step(113): len = 190672, overlap = 159.75
PHY-3002 : Step(114): len = 188114, overlap = 165.5
PHY-3002 : Step(115): len = 187085, overlap = 167.25
PHY-3002 : Step(116): len = 185378, overlap = 166.25
PHY-3001 : :::1::: Try harder cell spreading with beta_ = 3.67728e-05
PHY-3002 : Step(117): len = 186108, overlap = 163
PHY-3002 : Step(118): len = 186599, overlap = 160.75
PHY-3002 : Step(119): len = 189053, overlap = 152.25
PHY-3002 : Step(120): len = 190502, overlap = 143.75
PHY-3002 : Step(121): len = 189406, overlap = 142.75
PHY-3001 : :::2::: Try harder cell spreading with beta_ = 7.35455e-05
PHY-3002 : Step(122): len = 194655, overlap = 130
PHY-3002 : Step(123): len = 196094, overlap = 131.25
PHY-3002 : Step(124): len = 197074, overlap = 124.5
PHY-3002 : Step(125): len = 197510, overlap = 122.5
PHY-3002 : Step(126): len = 198075, overlap = 116.75
PHY-3001 : Legalization ...
PHY-3001 : End legalization;  0.606543s wall, 0.046875s user + 0.203125s system = 0.250000s CPU (41.2%)

PHY-3001 : Trial Legalized: Len = 232390
PHY-3001 : Run with size of 2
PHY-3001 : Cell area utilization is 30%
PHY-3001 : Update timing in Manhattan mode ...
TMR-2503 : Start to update net delay, extr mode = 3.
TMR-2504 : Update delay of 5671 nets completely.
TMR-2502 : Annotate delay completely, extr mode = 3.
TMR-3501 : Forward propagation: start to calculate arrival time...
TMR-3502 : Backward propagation: start to calculate required time...
TMR-3503 : Timing propagation completes.
PHY-3001 : End timing update;  0.107544s wall, 0.093750s user + 0.000000s system = 0.093750s CPU (87.2%)

PHY-3001 : :::0::: Try harder cell spreading with beta_ = 0.000115535
PHY-3002 : Step(127): len = 219539, overlap = 14
PHY-3002 : Step(128): len = 211680, overlap = 37.5
PHY-3002 : Step(129): len = 209157, overlap = 41.75
PHY-3002 : Step(130): len = 208152, overlap = 44
PHY-3002 : Step(131): len = 207096, overlap = 48.5
PHY-3002 : Step(132): len = 206295, overlap = 51
PHY-3002 : Step(133): len = 206029, overlap = 52.25
PHY-3002 : Step(134): len = 205585, overlap = 52.5
PHY-3001 : :::1::: Try harder cell spreading with beta_ = 0.000231069
PHY-3002 : Step(135): len = 207682, overlap = 52.25
PHY-3002 : Step(136): len = 209042, overlap = 51
PHY-3002 : Step(137): len = 210785, overlap = 48.25
PHY-3001 : :::2::: Try harder cell spreading with beta_ = 0.000462138
PHY-3002 : Step(138): len = 212238, overlap = 49.25
PHY-3002 : Step(139): len = 213407, overlap = 49
PHY-3002 : Step(140): len = 214945, overlap = 50
PHY-3002 : Step(141): len = 215365, overlap = 50.5
PHY-3002 : Step(142): len = 215457, overlap = 49.75
PHY-3001 : Legalization ...
PHY-3001 : End legalization;  0.007931s wall, 0.000000s user + 0.000000s system = 0.000000s CPU (n/a%)

PHY-3001 : Legalized: Len = 224885, Over = 0
PHY-3001 : Spreading special nets. 42 overflows in 2952 tiles.
PHY-3001 : End spreading;  0.022703s wall, 0.015625s user + 0.000000s system = 0.015625s CPU (68.8%)

PHY-3001 : 63 instances has been re-located, deltaX = 21, deltaY = 33, maxDist = 2.
PHY-3001 : Final: Len = 225894, Over = 0
PHY-3001 : BANK 6 DIFFRESISTOR:NONE VOD:350M VCM:1.2
OPT-1001 : Start physical optimization ...
RUN-1002 : start command "start_timer -report"
TMR-2505 : Start building timing graph for model sd_bmp_hdmi.
TMR-2506 : Build timing graph completely. Port num: 9, tpin num: 21470, tnet num: 5671, tinst num: 2567, tnode num: 27961, tedge num: 36856.
TMR-2508 : Levelizing timing graph completed, there are 29 levels in total.
TMR-2501 : Timing graph initialized successfully.
OPT-1001 : Total overflow 0.00 peak overflow 0.00
OPT-1001 : Start high-fanout net optimization ...
OPT-1001 : Update timing in global mode
PHY-1001 : Start incremental global routing, caller is place ...
RUN-1001 : Generating global routing grids ...
PHY-1001 : Generate routing nets ...
PHY-1001 : Reuse net number 265/5673.
PHY-1001 : Global iterations in 16 thread ...
PHY-1002 : len = 259664, over cnt = 606(1%), over = 953, worst = 6
PHY-1002 : len = 262832, over cnt = 366(1%), over = 529, worst = 6
PHY-1002 : len = 264504, over cnt = 268(0%), over = 397, worst = 6
PHY-1002 : len = 268360, over cnt = 60(0%), over = 82, worst = 4
PHY-1002 : len = 269520, over cnt = 1(0%), over = 1, worst = 1
PHY-1001 : End global iterations;  0.671249s wall, 0.421875s user + 0.015625s system = 0.437500s CPU (65.2%)

PHY-1001 : Congestion index: top1 = 39.68, top5 = 33.61, top10 = 29.79, top15 = 27.12.
PHY-1001 : End incremental global routing;  0.799979s wall, 0.500000s user + 0.015625s system = 0.515625s CPU (64.5%)

TMR-2503 : Start to update net delay, extr mode = 5.
TMR-2504 : Update delay of 5671 nets completely.
TMR-2502 : Annotate delay completely, extr mode = 5.
TMR-3001 : Initiate 0 clocks from SDC.
TMR-3004 : Map sdc constraints, there are 8 constraints in total.
TMR-3003 : Constraints initiated successfully.
TMR-3501 : Forward propagation: start to calculate arrival time...
TMR-3502 : Backward propagation: start to calculate required time...
TMR-3503 : Timing propagation completes.
OPT-1001 : End timing update;  0.155291s wall, 0.078125s user + 0.000000s system = 0.078125s CPU (50.3%)

OPT-1001 : 0 high-fanout net processed.
OPT-1001 : End high-fanout net optimization;  1.059732s wall, 0.609375s user + 0.015625s system = 0.625000s CPU (59.0%)

OPT-1001 : Current memory(MB): used = 310, reserve = 279, peak = 310.
OPT-1001 : Start path based optimization ...
OPT-1001 : Start congestion update ...
RUN-1001 : Generating global routing grids ...
PHY-1001 : Generate routing nets ...
PHY-1001 : Reuse net number 4966/5673.
PHY-1001 : Global iterations in 16 thread ...
PHY-1002 : len = 269520, over cnt = 1(0%), over = 1, worst = 1
PHY-1002 : len = 269528, over cnt = 0(0%), over = 0, worst = 0
PHY-1001 : End global iterations;  0.058548s wall, 0.031250s user + 0.000000s system = 0.031250s CPU (53.4%)

PHY-1001 : Congestion index: top1 = 39.68, top5 = 33.61, top10 = 29.79, top15 = 27.12.
OPT-1001 : End congestion update;  0.171689s wall, 0.156250s user + 0.000000s system = 0.156250s CPU (91.0%)

OPT-1001 : Update timing in Manhattan mode
TMR-2503 : Start to update net delay, extr mode = 3.
TMR-2504 : Update delay of 5671 nets completely.
TMR-2502 : Annotate delay completely, extr mode = 3.
TMR-3501 : Forward propagation: start to calculate arrival time...
TMR-3502 : Backward propagation: start to calculate required time...
TMR-3503 : Timing propagation completes.
OPT-1001 : End timing update;  0.109015s wall, 0.109375s user + 0.000000s system = 0.109375s CPU (100.3%)

OPT-0007 : Start: WNS 999045 TNS 0 NUM_FEPS 0
OPT-1001 : End path based optimization;  0.280889s wall, 0.265625s user + 0.000000s system = 0.265625s CPU (94.6%)

OPT-1001 : Current memory(MB): used = 313, reserve = 281, peak = 313.
OPT-1001 : Update timing in Manhattan mode
TMR-2503 : Start to update net delay, extr mode = 3.
TMR-2504 : Update delay of 5671 nets completely.
TMR-2502 : Annotate delay completely, extr mode = 3.
TMR-3501 : Forward propagation: start to calculate arrival time...
TMR-3502 : Backward propagation: start to calculate required time...
TMR-3503 : Timing propagation completes.
OPT-1001 : End timing update;  0.109318s wall, 0.078125s user + 0.000000s system = 0.078125s CPU (71.5%)

OPT-1001 : Start pin optimization...
OPT-1001 : skip pin optimization...
RUN-1001 : Generating global routing grids ...
PHY-1001 : Generate routing nets ...
PHY-1001 : Reuse net number 4966/5673.
PHY-1001 : Global iterations in 16 thread ...
PHY-1002 : len = 269528, over cnt = 0(0%), over = 0, worst = 0
PHY-1001 : End global iterations;  0.027525s wall, 0.031250s user + 0.000000s system = 0.031250s CPU (113.5%)

PHY-1001 : Congestion index: top1 = 39.68, top5 = 33.61, top10 = 29.79, top15 = 27.12.
OPT-1001 : Update timing in Manhattan mode
TMR-2503 : Start to update net delay, extr mode = 3.
TMR-2504 : Update delay of 5671 nets completely.
TMR-2502 : Annotate delay completely, extr mode = 3.
TMR-3501 : Forward propagation: start to calculate arrival time...
TMR-3502 : Backward propagation: start to calculate required time...
TMR-3503 : Timing propagation completes.
OPT-1001 : End timing update;  0.108296s wall, 0.093750s user + 0.000000s system = 0.093750s CPU (86.6%)

RUN-1001 : QoR Analysis:
OPT-0007 :   WNS 999045 TNS 0 NUM_FEPS 0
RUN-1001 :   No local congestion issue, and most congested 1% tile average routing util is 39.241379
RUN-1001 :   Top critical paths
OPT-1001 : End physical optimization;  2.441971s wall, 1.734375s user + 0.015625s system = 1.750000s CPU (71.7%)

RUN-1003 : finish command "place" in  13.571201s wall, 8.265625s user + 2.031250s system = 10.296875s CPU (75.9%)

RUN-1004 : used memory is 295 MB, reserved memory is 264 MB, peak memory is 313 MB
RUN-1002 : start command "export_db SD-SDRAM-ISP-HDMI_place.db"
RUN-1001 : Exported /
RUN-1001 : Exported flow parameters
RUN-1001 : Exported libs
RUN-1001 : Exported entities
RUN-1001 : Exported ports
RUN-1001 : Exported pins
RUN-1001 : Exported instances
RUN-1001 : Exported nets
RUN-1001 : Exported buses
RUN-1001 : Exported models
RUN-1001 : Exported congestions
RUN-1001 : Exported violations
RUN-1001 : Exported timing constraints
RUN-1001 : Exported IO constraints
RUN-1001 : Exported Inst constraints
RUN-1001 : Exported ChipWatcher
RUN-1002 : start command "route"
RUN-1001 : Open license file F:/ARMChina/license/Anlogic.lic
RUN-1001 : Print Global Property
RUN-1001 : ---------------------------------------------------------------
RUN-1001 :        Parameters        |  Settings  |  Default Values  |  Note  
RUN-1001 : ---------------------------------------------------------------
RUN-1001 :          message         |  standard  |     standard     |        
RUN-1001 :   mixed_pack_place_flow  |     on     |        on        |        
RUN-1001 :        qor_monitor       |    off     |       off        |        
RUN-1001 :        syn_ip_flow       |    off     |       off        |        
RUN-1001 :          thread          |    auto    |       auto       |        
RUN-1001 : ---------------------------------------------------------------
RUN-1001 : Print Route Property
RUN-1001 : -------------------------------------------------------
RUN-1001 :    Parameters    |  Settings  |  Default Values  |  Note  
RUN-1001 : -------------------------------------------------------
RUN-1001 :      effort      |   medium   |      medium      |        
RUN-1001 :     fix_hold     |    off     |       off        |        
RUN-1001 :    opt_timing    |   medium   |      medium      |        
RUN-1001 :   phy_sim_model  |    off     |       off        |        
RUN-1001 :     priority     |   timing   |      timing      |        
RUN-1001 :     swap_pin     |     on     |        on        |        
RUN-1001 : -------------------------------------------------------
PHY-1001 : Route runs in 16 thread(s)
RUN-1001 : There are total 2569 instances
RUN-1001 : 1235 mslices, 1236 lslices, 71 pads, 17 brams, 0 dsps
RUN-1001 : There are total 5673 nets
RUN-1001 : 3539 nets have 2 pins
RUN-1001 : 1577 nets have [3 - 5] pins
RUN-1001 : 397 nets have [6 - 10] pins
RUN-1001 : 113 nets have [11 - 20] pins
RUN-1001 : 38 nets have [21 - 99] pins
RUN-1001 : 9 nets have 100+ pins
RUN-1002 : start command "start_timer -report"
TMR-2505 : Start building timing graph for model sd_bmp_hdmi.
TMR-2506 : Build timing graph completely. Port num: 9, tpin num: 21470, tnet num: 5671, tinst num: 2567, tnode num: 27961, tedge num: 36856.
TMR-2508 : Levelizing timing graph completed, there are 29 levels in total.
TMR-2501 : Timing graph initialized successfully.
PHY-1001 : 1235 mslices, 1236 lslices, 71 pads, 17 brams, 0 dsps
TMR-2503 : Start to update net delay, extr mode = 3.
TMR-2504 : Update delay of 5671 nets completely.
TMR-2502 : Annotate delay completely, extr mode = 3.
TMR-3001 : Initiate 0 clocks from SDC.
TMR-3004 : Map sdc constraints, there are 8 constraints in total.
TMR-3003 : Constraints initiated successfully.
TMR-3501 : Forward propagation: start to calculate arrival time...
TMR-3502 : Backward propagation: start to calculate required time...
TMR-3503 : Timing propagation completes.
PHY-1001 : Start global routing, caller is route ...
RUN-1001 : Generating global routing grids ...
PHY-1001 : Generate routing nets ...
PHY-1001 : Global iterations in 16 thread ...
PHY-1002 : len = 257840, over cnt = 604(1%), over = 960, worst = 6
PHY-1002 : len = 261272, over cnt = 358(1%), over = 524, worst = 6
PHY-1002 : len = 263688, over cnt = 221(0%), over = 339, worst = 6
PHY-1002 : len = 267776, over cnt = 0(0%), over = 0, worst = 0
PHY-1001 : End global iterations;  0.624918s wall, 0.359375s user + 0.046875s system = 0.406250s CPU (65.0%)

PHY-1001 : Congestion index: top1 = 40.04, top5 = 33.30, top10 = 29.54, top15 = 26.92.
PHY-1001 : End global routing;  0.741332s wall, 0.468750s user + 0.046875s system = 0.515625s CPU (69.6%)

PHY-1001 : Start detail routing ...
PHY-1001 : Current memory(MB): used = 343, reserve = 313, peak = 347.
PHY-1001 : Detailed router is running in normal mode.
PHY-1001 : Generate detailed routing grids ...
PHY-1001 : Generate nets ...
PHY-1001 : net sys_clk_dup_1 will be routed on clock mesh
PHY-1001 : clock net u_clk_wiz_1/clk0_out will be merged with clock u_clk_wiz_1/clk0_buf
PHY-1001 : net u_ddr3_top/clk_sdram will be routed on clock mesh
PHY-1001 : clock net u_ddr3_top/u_sdram_fifo_ctrl/clk_ref will be merged with clock u_clk_wiz_0/clk0_buf
PHY-1001 : net u_ddr3_top/u_sdram_fifo_ctrl/wrfifo/clkw will be routed on clock mesh
PHY-1001 : net u_hdmi_top/bnr/pclk will be routed on clock mesh
PHY-1001 : clock net u_sd_ctrl_top/u_sd_init/div_clk_syn_4 will be merged with clock u_sd_ctrl_top/u_sd_init/div_clk
PHY-1001 : clock net config_inst_syn_10 will be merged with clock config_inst_syn_9
PHY-1001 : net u_sd_ctrl_top/u_sd_read/clk_ref_180deg will be routed on clock mesh
PHY-1001 : Current memory(MB): used = 596, reserve = 569, peak = 596.
PHY-1001 : End build detailed router design. 3.593991s wall, 2.921875s user + 0.078125s system = 3.000000s CPU (83.5%)

PHY-1001 : Detail Route ...
PHY-1001 : ===== Detail Route Phase 1 =====
PHY-1001 : Clock net routing.....
PHY-1001 : Routed 0% nets.
PHY-1022 : len = 92512, over cnt = 1(0%), over = 1, worst = 1, crit = 0
PHY-1001 : End initial clock net routed; 3.112593s wall, 2.687500s user + 0.000000s system = 2.687500s CPU (86.3%)

PHY-1001 : Ripup-reroute.....
PHY-1001 : ===== DR Iter 1 =====
PHY-1022 : len = 92528, over cnt = 0(0%), over = 0, worst = 0, crit = 0
PHY-1001 : End DR Iter 1; 0.406094s wall, 0.375000s user + 0.000000s system = 0.375000s CPU (92.3%)

PHY-1001 : Current memory(MB): used = 630, reserve = 604, peak = 630.
PHY-1001 : End phase 1; 3.527164s wall, 3.062500s user + 0.000000s system = 3.062500s CPU (86.8%)

PHY-1001 : ===== Detail Route Phase 2 =====
PHY-1001 : Initial routing.....
PHY-1001 : Routed 36% nets.
PHY-1001 : Routed 42% nets.
PHY-1001 : Routed 52% nets.
PHY-1001 : Routed 66% nets.
PHY-1001 : Routed 86% nets.
PHY-1022 : len = 683088, over cnt = 138(0%), over = 138, worst = 1, crit = 0
PHY-1001 : Current memory(MB): used = 632, reserve = 605, peak = 632.
PHY-1001 : End initial routed; 12.284131s wall, 9.640625s user + 0.078125s system = 9.718750s CPU (79.1%)

PHY-1001 : Update timing.....
PHY-1001 : 0/4935(0%) critical/total net(s).
RUN-1001 : ------------------------------------------
RUN-1001 :   Type   |    WNS(ns)    |  TNS(ns)  |  FEP  
RUN-1001 : ------------------------------------------
RUN-1001 :   Setup  |    998.546    |   0.000   |   0   
RUN-1001 :   Hold   |  2147483.647  |   0.000   |   0   
RUN-1001 : ------------------------------------------
PHY-1001 : End update timing; 1.021387s wall, 0.906250s user + 0.000000s system = 0.906250s CPU (88.7%)

PHY-1001 : Current memory(MB): used = 637, reserve = 611, peak = 637.
PHY-1001 : End phase 2; 13.305660s wall, 10.546875s user + 0.078125s system = 10.625000s CPU (79.9%)

PHY-1001 : ===== Detail Route Phase 3 =====
PHY-1001 : Optimize timing.....
PHY-1022 : len = 683088, over cnt = 138(0%), over = 138, worst = 1, crit = 0
PHY-1001 : End optimize timing; 0.023524s wall, 0.015625s user + 0.000000s system = 0.015625s CPU (66.4%)

PHY-1001 : Ripup-reroute.....
PHY-1001 : ===== DR Iter 1 =====
PHY-1022 : len = 681640, over cnt = 41(0%), over = 41, worst = 1, crit = 0
PHY-1001 : End DR Iter 1; 0.197038s wall, 0.140625s user + 0.000000s system = 0.140625s CPU (71.4%)

PHY-1001 : ===== DR Iter 2 =====
PHY-1022 : len = 681088, over cnt = 1(0%), over = 1, worst = 1, crit = 0
PHY-1001 : End DR Iter 2; 0.168085s wall, 0.093750s user + 0.000000s system = 0.093750s CPU (55.8%)

PHY-1001 : ===== DR Iter 3 =====
PHY-1022 : len = 681088, over cnt = 0(0%), over = 0, worst = 0, crit = 0
PHY-1001 : End DR Iter 3; 0.051175s wall, 0.046875s user + 0.000000s system = 0.046875s CPU (91.6%)

PHY-1001 : Update timing.....
PHY-1001 : 0/4935(0%) critical/total net(s).
RUN-1001 : ------------------------------------------
RUN-1001 :   Type   |    WNS(ns)    |  TNS(ns)  |  FEP  
RUN-1001 : ------------------------------------------
RUN-1001 :   Setup  |    998.546    |   0.000   |   0   
RUN-1001 :   Hold   |  2147483.647  |   0.000   |   0   
RUN-1001 : ------------------------------------------
PHY-1001 : End update timing; 0.986025s wall, 0.796875s user + 0.000000s system = 0.796875s CPU (80.8%)

PHY-1001 : Commit to database.....
PHY-1001 : 39 feed throughs used by 23 nets
PHY-1001 : End commit to database; 0.579355s wall, 0.437500s user + 0.000000s system = 0.437500s CPU (75.5%)

PHY-1001 : Current memory(MB): used = 669, reserve = 644, peak = 669.
PHY-1001 : End phase 3; 2.165231s wall, 1.687500s user + 0.000000s system = 1.687500s CPU (77.9%)

PHY-1003 : Routed, final wirelength = 681088
PHY-1001 : Current memory(MB): used = 671, reserve = 646, peak = 671.
PHY-1001 : End export database. 0.019880s wall, 0.015625s user + 0.000000s system = 0.015625s CPU (78.6%)

PHY-1001 : End detail routing;  22.854716s wall, 18.437500s user + 0.156250s system = 18.593750s CPU (81.4%)

RUN-1003 : finish command "route" in  24.476581s wall, 19.734375s user + 0.203125s system = 19.937500s CPU (81.5%)

RUN-1004 : used memory is 628 MB, reserved memory is 603 MB, peak memory is 671 MB
RUN-1002 : start command "report_area -io_info -file SD-SDRAM-ISP-HDMI_phy.area"
RUN-1001 : standard
***Report Model: sd_bmp_hdmi Device: EG4S20BG256***

IO Statistics
#IO                        12
  #input                    5
  #output                   7
  #inout                    0

Utilization Statistics
#lut                     3513   out of  19600   17.92%
#reg                     2917   out of  19600   14.88%
#le                      4801
  #lut only              1884   out of   4801   39.24%
  #reg only              1288   out of   4801   26.83%
  #lut&reg               1629   out of   4801   33.93%
#dsp                        0   out of     29    0.00%
#bram                       7   out of     64   10.94%
  #bram9k                   7
  #fifo9k                   0
#bram32k                   10   out of     16   62.50%
#pad                       16   out of    188    8.51%
  #ireg                     0
  #oreg                     4
  #treg                     0
#pll                        2   out of      4   50.00%
#gclk                       4   out of     16   25.00%

Clock Resource Statistics
Index     ClockNet                                    Type               DriverType         Driver                                          Fanout
#1        u_hdmi_top/bnr/pclk                         GCLK               pll                u_clk_wiz_1/pll_inst.clkc1                      976
#2        u_clk_wiz_0/clk0_buf                        GCLK               pll                u_clk_wiz_0/pll_inst.clkc0                      173
#3        u_ddr3_top/u_sdram_fifo_ctrl/wrfifo/clkw    GCLK               pll                u_clk_wiz_0/pll_inst.clkc3                      160
#4        config_inst_syn_9                           GCLK               config             config_inst.jtck                                156
#5        sys_clk_dup_1                               GCLK               io                 sys_clk_syn_2.di                                82
#6        u_sd_ctrl_top/u_sd_init/div_clk             GCLK               mslice             u_sd_ctrl_top/u_sd_init/div_clk_reg_syn_9.q0    65
#7        u_clk_wiz_1/clk0_buf                        GCLK               pll                u_clk_wiz_1/pll_inst.clkc0                      34
#8        u_sd_ctrl_top/u_sd_read/clk_ref_180deg      GCLK               pll                u_clk_wiz_0/pll_inst.clkc4                      25
#9        u_ddr3_top/clk_sdram                        GCLK               pll                u_clk_wiz_0/pll_inst.clkc1                      0


Detailed IO Report

        Name           Direction    Location    IOStandard    DriveStrength    PullType    PackReg  
       sd_miso           INPUT        D14        LVCMOS33          N/A          PULLUP      NONE    
   switch_video[1]       INPUT        B10        LVCMOS33          N/A          PULLUP      NONE    
   switch_video[0]       INPUT        A10        LVCMOS33          N/A          PULLUP      NONE    
       sys_clk           INPUT         R7        LVCMOS33          N/A          PULLUP      NONE    
      sys_rst_n          INPUT         A9        LVCMOS33          N/A          PULLUP      NONE    
       sd_clk           OUTPUT        F15        LVCMOS33           8            NONE       NONE    
        sd_cs           OUTPUT        F13        LVCMOS33           8            NONE       NONE    
       sd_mosi          OUTPUT        F14        LVCMOS33           8            NONE       NONE    
     tmds_clk_p         OUTPUT         P1         LVDS33           NA            NONE      ODDRX1   
    tmds_clk_p(n)       OUTPUT         R1         LVDS33           NA            NONE      ODDRX1   
   tmds_data_p[2]       OUTPUT         J3         LVDS33           NA            NONE      ODDRX1   
  tmds_data_p[2](n)     OUTPUT         J4         LVDS33           NA            NONE      ODDRX1   
   tmds_data_p[1]       OUTPUT         P4         LVDS33           NA            NONE      ODDRX1   
  tmds_data_p[1](n)     OUTPUT         N4         LVDS33           NA            NONE      ODDRX1   
   tmds_data_p[0]       OUTPUT         N1         LVDS33           NA            NONE      ODDRX1   
  tmds_data_p[0](n)     OUTPUT         M1         LVDS33           NA            NONE      ODDRX1   
       dq[23]            INPUT        S31        LVCMOS25           8           PULLUP      NONE    
       dq[22]            INPUT        S32        LVCMOS25           8           PULLUP      NONE    
       dq[21]            INPUT        S35        LVCMOS25           8           PULLUP      NONE    
       dq[20]            INPUT        S36        LVCMOS25           8           PULLUP      NONE    
       dq[19]            INPUT        S37        LVCMOS25           8           PULLUP      NONE    
       dq[18]            INPUT        S38        LVCMOS25           8           PULLUP      NONE    
       dq[17]            INPUT        S41        LVCMOS25           8           PULLUP      NONE    
       dq[16]            INPUT        S42        LVCMOS25           8           PULLUP      NONE    
       dq[31]            INPUT        S48        LVCMOS25           8           PULLUP      NONE    
       dq[30]            INPUT        S49        LVCMOS25           8           PULLUP      NONE    
       dq[29]            INPUT        S52        LVCMOS25           8           PULLUP      NONE    
       dq[28]            INPUT        S53        LVCMOS25           8           PULLUP      NONE    
       dq[27]            INPUT        S54        LVCMOS25           8           PULLUP      NONE    
       dq[26]            INPUT        S55        LVCMOS25           8           PULLUP      NONE    
       dq[25]            INPUT        S58        LVCMOS25           8           PULLUP      NONE    
       dq[24]            INPUT        S59        LVCMOS25           8           PULLUP      NONE    
         dm0            OUTPUT        S14        LVCMOS25           8            NONE       NONE    
         cke            OUTPUT        S18        LVCMOS25           8            NONE       OREG    
        we_n            OUTPUT        S19        LVCMOS25           8            NONE       OREG    
        cas_n           OUTPUT        S20        LVCMOS25           8            NONE       OREG    
        ras_n           OUTPUT        S21        LVCMOS25           8            NONE       OREG    
        cs_n            OUTPUT        S22        LVCMOS25           8            NONE       OREG    
       addr[9]          OUTPUT        S23        LVCMOS25           8            NONE       OREG    
       addr[8]          OUTPUT        S24        LVCMOS25           8            NONE       OREG    
       addr[7]          OUTPUT        S25        LVCMOS25           8            NONE       OREG    
       addr[6]          OUTPUT        S26        LVCMOS25           8            NONE       OREG    
       addr[5]          OUTPUT        S27        LVCMOS25           8            NONE       OREG    
       addr[4]          OUTPUT        S28        LVCMOS25           8            NONE       OREG    
         dm2            OUTPUT        S29        LVCMOS25           8            NONE       NONE    
         dm3            OUTPUT        S61        LVCMOS25           8            NONE       NONE    
       addr[3]          OUTPUT        S64        LVCMOS25           8            NONE       OREG    
       addr[2]          OUTPUT        S65        LVCMOS25           8            NONE       OREG    
       addr[1]          OUTPUT        S66        LVCMOS25           8            NONE       OREG    
       addr[0]          OUTPUT        S67        LVCMOS25           8            NONE       OREG    
      addr[10]          OUTPUT        S68        LVCMOS25           8            NONE       OREG    
        ba[0]           OUTPUT        S69        LVCMOS25           8            NONE       OREG    
        ba[1]           OUTPUT        S70        LVCMOS25           8            NONE       OREG    
         clk            OUTPUT        S73        LVCMOS25           8            NONE       NONE    
         dm1            OUTPUT        S76        LVCMOS25           8            NONE       NONE    
        dq[0]            INOUT         S1        LVCMOS25           8           PULLUP      IREG    
        dq[6]            INOUT        S11        LVCMOS25           8           PULLUP      IREG    
        dq[7]            INOUT        S12        LVCMOS25           8           PULLUP      IREG    
        dq[1]            INOUT         S2        LVCMOS25           8           PULLUP      IREG    
        dq[2]            INOUT         S5        LVCMOS25           8           PULLUP      IREG    
        dq[3]            INOUT         S6        LVCMOS25           8           PULLUP      IREG    
        dq[4]            INOUT         S7        LVCMOS25           8           PULLUP      IREG    
        dq[8]            INOUT        S78        LVCMOS25           8           PULLUP      IREG    
        dq[9]            INOUT        S79        LVCMOS25           8           PULLUP      IREG    
        dq[5]            INOUT         S8        LVCMOS25           8           PULLUP      IREG    
       dq[10]            INOUT        S82        LVCMOS25           8           PULLUP      IREG    
       dq[11]            INOUT        S83        LVCMOS25           8           PULLUP      IREG    
       dq[12]            INOUT        S84        LVCMOS25           8           PULLUP      IREG    
       dq[13]            INOUT        S85        LVCMOS25           8           PULLUP      IREG    
       dq[14]            INOUT        S88        LVCMOS25           8           PULLUP      IREG    
       dq[15]            INOUT        S89        LVCMOS25           8           PULLUP      IREG    

Report Hierarchy Area:
+--------------------------------------------------------------------------------------------------------------------------------------+
|Instance                             |Module                                     |le     |lut     |ripple  |seq     |bram    |dsp     |
+--------------------------------------------------------------------------------------------------------------------------------------+
|top                                  |sd_bmp_hdmi                                |4801   |2644    |869     |2921    |17      |0       |
|  u_clk_wiz_0                        |PLL                                        |0      |0       |0       |0       |0       |0       |
|  u_clk_wiz_1                        |PLL_hdmi                                   |0      |0       |0       |0       |0       |0       |
|  u_ddr3_top                         |ddr3_top1                                  |586    |352     |100     |368     |2       |0       |
|    physica_sdram                    |SDRAM                                      |0      |0       |0       |0       |0       |0       |
|    u_sdram_controller               |sdram_controller                           |216    |154     |40      |99      |0       |0       |
|      u_sdram_cmd                    |sdram_cmd                                  |34     |34      |0       |18      |0       |0       |
|      u_sdram_ctrl                   |sdram_ctrl                                 |165    |119     |40      |64      |0       |0       |
|      u_sdram_data                   |sdram_data                                 |17     |1       |0       |17      |0       |0       |
|    u_sdram_fifo_ctrl                |sdram_fifo_ctrl                            |370    |198     |60      |269     |2       |0       |
|      rdfifo                         |SOFTFIFO                                   |146    |72      |18      |120     |1       |0       |
|        ram_inst                     |ram_infer_SOFTFIFO                         |14     |0       |0       |14      |1       |0       |
|        rd_to_wr_cross_inst          |fifo_cross_domain_addr_process_al_SOFTFIFO |37     |20      |0       |37      |0       |0       |
|        wr_to_rd_cross_inst          |fifo_cross_domain_addr_process_al_SOFTFIFO |38     |31      |0       |38      |0       |0       |
|      wrfifo                         |SOFTFIFO                                   |145    |71      |18      |120     |1       |0       |
|        ram_inst                     |ram_infer_SOFTFIFO                         |16     |0       |0       |16      |1       |0       |
|        rd_to_wr_cross_inst          |fifo_cross_domain_addr_process_al_SOFTFIFO |39     |21      |0       |39      |0       |0       |
|        wr_to_rd_cross_inst          |fifo_cross_domain_addr_process_al_SOFTFIFO |33     |21      |0       |33      |0       |0       |
|  u_hdmi_top                         |hdmi_top1                                  |2988   |1489    |567     |1778    |8       |0       |
|    bnr                              |isp_bnr                                    |600    |118     |63      |482     |4       |0       |
|      linebuffer                     |shift_register                             |67     |35      |16      |27      |4       |0       |
|        gen_ram_inst[0]$u_ram        |simple_dp_ram                              |0      |0       |0       |0       |1       |0       |
|        gen_ram_inst[1]$u_ram        |simple_dp_ram                              |0      |0       |0       |0       |1       |0       |
|        gen_ram_inst[2]$u_ram        |simple_dp_ram                              |0      |0       |0       |0       |1       |0       |
|        gen_ram_inst[3]$u_ram        |simple_dp_ram                              |11     |11      |0       |3       |1       |0       |
|    dpc                              |isp_dpc                                    |1938   |1049    |407     |1123    |4       |0       |
|      linebuffer                     |shift_register                             |59     |27      |16      |33      |4       |0       |
|        gen_ram_inst[0]$u_ram        |simple_dp_ram                              |0      |0       |0       |0       |1       |0       |
|        gen_ram_inst[1]$u_ram        |simple_dp_ram                              |0      |0       |0       |0       |1       |0       |
|        gen_ram_inst[2]$u_ram        |simple_dp_ram                              |0      |0       |0       |0       |1       |0       |
|        gen_ram_inst[3]$u_ram        |simple_dp_ram                              |0      |0       |0       |0       |1       |0       |
|    u3_hdmi_tx                       |hdmi_tx                                    |300    |233     |36      |149     |0       |0       |
|      Inst_DVITransmitter            |DVITransmitter                             |300    |233     |36      |149     |0       |0       |
|        Inst_TMDSEncoder_blue        |TMDSEncoder                                |91     |69      |12      |35      |0       |0       |
|        Inst_TMDSEncoder_green       |TMDSEncoder                                |86     |70      |12      |36      |0       |0       |
|        Inst_TMDSEncoder_red         |TMDSEncoder                                |72     |60      |12      |27      |0       |0       |
|        Inst_blue_serializer_10_1    |Serial_N_1_lvds_dat                        |19     |13      |0       |19      |0       |0       |
|        Inst_clk_serializer_10_1     |Serial_N_1_lvds                            |7      |4       |0       |7       |0       |0       |
|        Inst_green_serializer_10_1   |Serial_N_1_lvds_dat                        |12     |8       |0       |12      |0       |0       |
|        Inst_red_serializer_10_1     |Serial_N_1_lvds_dat                        |13     |9       |0       |13      |0       |0       |
|    u_video_driver                   |video_driver                               |150    |89      |61      |24      |0       |0       |
|  u_sd_ctrl_top                      |sd_ctrl_top                                |360    |270     |45      |214     |0       |0       |
|    u_sd_init                        |sd_init                                    |215    |155     |30      |112     |0       |0       |
|    u_sd_read                        |sd_read                                    |145    |115     |15      |102     |0       |0       |
|  u_sd_read_photo                    |read_rawdata                               |299    |217     |72      |164     |0       |0       |
|  cw_top                             |CW_TOP_WRAPPER                             |564    |312     |85      |392     |0       |0       |
|    wrapper_cwc_top                  |cwc_top                                    |564    |312     |85      |392     |0       |0       |
|      cfg_int_inst                   |cwc_cfg_int                                |279    |129     |0       |262     |0       |0       |
|        reg_inst                     |register                                   |276    |126     |0       |259     |0       |0       |
|        tap_inst                     |tap                                        |3      |3       |0       |3       |0       |0       |
|      trigger_inst                   |trigger                                    |285    |183     |85      |130     |0       |0       |
|        bus_inst                     |bus_top                                    |79     |51      |24      |38      |0       |0       |
|          BUS_DETECTOR[0]$bus_nodes  |bus_det                                    |2      |2       |0       |2       |0       |0       |
|          BUS_DETECTOR[10]$bus_nodes |bus_det                                    |46     |28      |18      |14      |0       |0       |
|          BUS_DETECTOR[11]$bus_nodes |bus_det                                    |16     |6       |6       |7       |0       |0       |
|          BUS_DETECTOR[1]$bus_nodes  |bus_det                                    |4      |4       |0       |4       |0       |0       |
|          BUS_DETECTOR[3]$bus_nodes  |bus_det                                    |2      |2       |0       |2       |0       |0       |
|          BUS_DETECTOR[4]$bus_nodes  |bus_det                                    |2      |2       |0       |2       |0       |0       |
|          BUS_DETECTOR[6]$bus_nodes  |bus_det                                    |2      |2       |0       |2       |0       |0       |
|          BUS_DETECTOR[7]$bus_nodes  |bus_det                                    |3      |3       |0       |3       |0       |0       |
|          BUS_DETECTOR[9]$bus_nodes  |bus_det                                    |2      |2       |0       |2       |0       |0       |
|        emb_ctrl_inst                |emb_ctrl                                   |106    |77      |29      |55      |0       |0       |
+--------------------------------------------------------------------------------------------------------------------------------------+


DataNet Average Fanout:

   Index     Fanout     Nets  
    #1          1       3526  
    #2          2       1042  
    #3          3       357   
    #4          4       178   
    #5        5-10      408   
    #6        11-50     131   
    #7       51-100      5    
    #8       101-500     2    
    #9        >500       1    
  Average     2.50            

RUN-1002 : start command "export_db SD-SDRAM-ISP-HDMI_pr.db"
RUN-1001 : Exported /
RUN-1001 : Exported flow parameters
RUN-1001 : Exported libs
RUN-1001 : Exported entities
RUN-1001 : Exported ports
RUN-1001 : Exported pins
RUN-1001 : Exported instances
RUN-1001 : Exported nets
RUN-1001 : Exported buses
RUN-1001 : Exported models
RUN-1001 : Exported congestions
RUN-1001 : Exported violations
RUN-1001 : Exported timing constraints
RUN-1001 : Exported IO constraints
RUN-1001 : Exported Inst constraints
RUN-1001 : Exported ChipWatcher
RUN-1002 : start command "start_timer"
TMR-2505 : Start building timing graph for model sd_bmp_hdmi.
TMR-2506 : Build timing graph completely. Port num: 9, tpin num: 21470, tnet num: 5671, tinst num: 2567, tnode num: 27961, tedge num: 36856.
TMR-2508 : Levelizing timing graph completed, there are 29 levels in total.
TMR-2501 : Timing graph initialized successfully.
RUN-1002 : start command "report_timing -mode FINAL -net_info -rpt_autogen true -file SD-SDRAM-ISP-HDMI_phy.timing"
TMR-2503 : Start to update net delay, extr mode = 6.
TMR-2504 : Update delay of 5671 nets completely.
TMR-2502 : Annotate delay completely, extr mode = 6.
TMR-3001 : Initiate 0 clocks from SDC.
TMR-3004 : Map sdc constraints, there are 8 constraints in total.
TMR-3003 : Constraints initiated successfully.
TMR-3501 : Forward propagation: start to calculate arrival time...
TMR-3502 : Backward propagation: start to calculate required time...
TMR-3503 : Timing propagation completes.
TMR-3506 : Start to generate timing report.
TMR-1502 : Number of clock constraints = 0. Number of clock nets = 9 (9 unconstrainted).
TMR-5009 WARNING: No clock constraint on 9 clock net(s): 
		config_inst_syn_10
		sys_clk_dup_1
		u_clk_wiz_1/clk0_out
		u_ddr3_top/clk_sdram
		u_ddr3_top/u_sdram_fifo_ctrl/clk_ref
		u_ddr3_top/u_sdram_fifo_ctrl/wrfifo/clkw
		u_hdmi_top/bnr/pclk
		u_sd_ctrl_top/u_sd_init/div_clk_syn_4
		u_sd_ctrl_top/u_sd_read/clk_ref_180deg
USR-6122 CRITICAL-WARNING: No clock constraint on PLL u_clk_wiz_0/pll_inst
USR-6122 CRITICAL-WARNING: No clock constraint on PLL u_clk_wiz_1/pll_inst
TMR-3508 : Export timing summary.
TMR-3507 : Timing report generated successfully in SD-SDRAM-ISP-HDMI_phy.timing, timing summary in SD-SDRAM-ISP-HDMI_phy.tsm.
RUN-1002 : start command "export_bid SD-SDRAM-ISP-HDMI_inst.bid"
PRG-1000 : <!-- HMAC is: f31100a4eab2d6ee565c1a428bab10ba7fce64024ef6900f852c5105e0470966 -->
RUN-1002 : start command "bitgen -bit SD-SDRAM-ISP-HDMI.bit"
BIT-1003 : Start to generate bitstream. 
BIT-1002 : Init instances with 16 threads.
BIT-1002 : Init instances completely, inst num: 2567
BIT-1002 : Init pips with 16 threads.
BIT-1002 : Init pips completely, net num: 5673, pip num: 49483
BIT-1002 : Init feedthrough with 16 threads.
BIT-1002 : Init feedthrough completely, num: 39
BIT-1003 : Multithreading accelaration with 16 threads.
BIT-1003 : Generate bitstream completely, there are 2293 valid insts, and 144733 bits set as '1'.
BIT-1004 : the usercode register value: 00000000000110101101011000101001
BIT-1004 : PLL setting string = 0110
BIT-1004 : Generate bits file SD-SDRAM-ISP-HDMI.bit.
RUN-1003 : finish command "bitgen -bit SD-SDRAM-ISP-HDMI.bit" in  4.764742s wall, 24.281250s user + 0.437500s system = 24.718750s CPU (518.8%)

RUN-1004 : used memory is 655 MB, reserved memory is 632 MB, peak memory is 820 MB
RUN-1002 : start command "backup_run_log run.log ../.logs/phy_1/td_20240704_110551.log"
