============================================================
   Tang Dynasty, V5.6.71036
      Copyright (c) 2012-2023 Anlogic Inc.
   Executable = F:/ARMChina/bin/td.exe
   Built at =   20:34:38 Mar 21 2023
   Run by =     Illyasvial Von Einzb
   Run Date =   Fri Jul  5 02:02:28 2024

   Run on =     LAPTOP-4S5LNBPI
============================================================
RUN-1002 : start command "open_project SD-SDRAM-ISP-HDMI.prj"
RUN-1001 : Print Global Property
RUN-1001 : ---------------------------------------------------------------
RUN-1001 :        Parameters        |  Settings  |  Default Values  |  Note  
RUN-1001 : ---------------------------------------------------------------
RUN-1001 :          message         |  standard  |     standard     |        
RUN-1001 :   mixed_pack_place_flow  |     on     |        on        |        
RUN-1001 :        qor_monitor       |    off     |       off        |        
RUN-1001 :        syn_ip_flow       |    off     |       off        |        
RUN-1001 :          thread          |    auto    |       auto       |        
RUN-1001 : ---------------------------------------------------------------
RUN-1001 : Print Design Property
RUN-1001 : --------------------------------------------------------------
RUN-1001 :        Parameters       |  Settings  |  Default Values  |  Note  
RUN-1001 : --------------------------------------------------------------
RUN-1001 :   default_reg_initial   |    auto    |       auto       |        
RUN-1001 :        infer_add        |     on     |        on        |        
RUN-1001 :        infer_fsm        |    off     |       off        |        
RUN-1001 :        infer_mult       |     on     |        on        |        
RUN-1001 :        infer_ram        |     on     |        on        |        
RUN-1001 :        infer_reg        |     on     |        on        |        
RUN-1001 :   infer_reg_init_value  |     on     |        on        |        
RUN-1001 :        infer_rom        |     on     |        on        |        
RUN-1001 :      infer_shifter      |     on     |        on        |        
RUN-1001 : --------------------------------------------------------------
RUN-1001 : Print Rtl Property
RUN-1001 : --------------------------------------------------------------
RUN-1001 :        Parameters       |  Settings  |  Default Values  |  Note  
RUN-1001 : --------------------------------------------------------------
RUN-1001 :       compress_add      |   ripple   |      ripple      |        
RUN-1001 :        elf_sload        |    off     |       off        |        
RUN-1001 :       fix_undriven      |     0      |        0         |        
RUN-1001 :         flatten         |    off     |       off        |        
RUN-1001 :       gate_sharing      |     on     |        on        |        
RUN-1001 :    hdl_warning_level    |   normal   |      normal      |        
RUN-1001 :   impl_internal_tribuf  |     on     |        on        |        
RUN-1001 :      impl_set_reset     |     on     |        on        |        
RUN-1001 :        infer_gsr        |    off     |       off        |        
RUN-1001 :      keep_hierarchy     |    auto    |       auto       |        
RUN-1001 :        max_fanout       |    9999    |       9999       |        
RUN-1001 :      max_oh2bin_len     |     10     |        10        |        
RUN-1001 :       merge_equal       |     on     |        on        |        
RUN-1001 :       merge_equiv       |     on     |        on        |        
RUN-1001 :        merge_mux        |    off     |       off        |        
RUN-1001 :     min_control_set     |     8      |        8         |        
RUN-1001 :      min_ripple_len     |    auto    |       auto       |        
RUN-1001 :       oh2bin_ratio      |    0.08    |       0.08       |        
RUN-1001 :     opt_adder_fanout    |     on     |        on        |        
RUN-1001 :        opt_arith        |     on     |        on        |        
RUN-1001 :       opt_big_gate      |    off     |       off        |        
RUN-1001 :        opt_const        |     on     |        on        |        
RUN-1001 :      opt_const_mult     |     on     |        on        |        
RUN-1001 :       opt_lessthan      |     on     |        on        |        
RUN-1001 :         opt_mux         |    off     |       off        |        
RUN-1001 :         opt_ram         |    high    |       high       |        
RUN-1001 :      rtl_sim_model      |    off     |       off        |        
RUN-1001 :         seq_syn         |     on     |        on        |        
RUN-1001 : --------------------------------------------------------------
HDL-1007 : analyze verilog file ../../import/ddr3-al_ip/SOFTFIFO.v
HDL-1007 : analyze verilog file ../../import/ddr3-al_ip/SDRAM.v
HDL-1007 : analyze verilog file ../../al_ip/PLL.v
HDL-1007 : undeclared symbol 'open', assumed default net type 'wire' in ../../al_ip/PLL.v(92)
HDL-1007 : analyze verilog file ../../al_ip/PLL_hdmi.v
HDL-1007 : undeclared symbol 'open', assumed default net type 'wire' in ../../al_ip/PLL_hdmi.v(70)
HDL-1007 : analyze VHDL file ../../import/hdmi-rtl/enc_file/SerializerN_1_lvds.enc.vhd
Copyright (c) 1998-2019 The OpenSSL Project.  All rights reserved.
This product includes software developed by the OpenSSL Project
for use in the OpenSSL Toolkit (http://www.openssl.org/)
Copyright (C) 1995-1998 Eric Young (eay@cryptsoft.com)
All rights reserved.
This product includes cryptographic software written by Eric Young (eay@cryptsoft.com)
HDL-1007 : analyze entity ** in encrypted_text(0)
HDL-1007 : analyze architecture ** in encrypted_text(0)
HDL-1007 : analyze VHDL file ../../import/hdmi-rtl/enc_file/SerializerN_1_lvds_dat.enc.vhd
HDL-1007 : analyze entity ** in encrypted_text(0)
HDL-1007 : analyze architecture ** in encrypted_text(0)
HDL-1007 : analyze VHDL file ../../import/hdmi-rtl/enc_file/TMDSEncoder.enc.vhd
HDL-1007 : analyze entity ** in encrypted_text(0)
HDL-1007 : analyze architecture ** in encrypted_text(0)
HDL-1007 : analyze verilog file ../../import/hdmi-rtl/enc_file/video_tpg_1024768.enc.v
HDL-5007 WARNING: literal value ** truncated to fit in ** bits in encrypted_text(0)
HDL-1007 : back to file '../../import/hdmi-rtl/enc_file/video_tpg_1024768.enc.v' in ../../import/hdmi-rtl/enc_file/video_tpg_1024768.enc.v(216)
HDL-1007 : analyze verilog file ../../import/hdmi-rtl/enc_file/video_tpg_1080p.enc.v
HDL-1007 : back to file '../../import/hdmi-rtl/enc_file/video_tpg_1080p.enc.v' in ../../import/hdmi-rtl/enc_file/video_tpg_1080p.enc.v(208)
HDL-1007 : analyze verilog file ../../import/hdmi-rtl/enc_file/video_tpg_12801024p.enc.v
HDL-1007 : back to file '../../import/hdmi-rtl/enc_file/video_tpg_12801024p.enc.v' in ../../import/hdmi-rtl/enc_file/video_tpg_12801024p.enc.v(207)
HDL-1007 : analyze verilog file ../../import/hdmi-rtl/enc_file/video_tpg_1280800.enc.v
HDL-5007 WARNING: literal value ** truncated to fit in ** bits in encrypted_text(0)
HDL-1007 : back to file '../../import/hdmi-rtl/enc_file/video_tpg_1280800.enc.v' in ../../import/hdmi-rtl/enc_file/video_tpg_1280800.enc.v(216)
HDL-1007 : analyze verilog file ../../import/hdmi-rtl/enc_file/video_tpg_16801050p.enc.v
HDL-1007 : back to file '../../import/hdmi-rtl/enc_file/video_tpg_16801050p.enc.v' in ../../import/hdmi-rtl/enc_file/video_tpg_16801050p.enc.v(209)
HDL-1007 : analyze verilog file ../../import/hdmi-rtl/enc_file/video_tpg_800600.enc.v
HDL-1007 : back to file '../../import/hdmi-rtl/enc_file/video_tpg_800600.enc.v' in ../../import/hdmi-rtl/enc_file/video_tpg_800600.enc.v(211)
HDL-1007 : analyze verilog file ../../import/hdmi_top/hdmi_top.v
HDL-1007 : analyze verilog file ../../import/hdmi_top/video_driver.v
HDL-1007 : analyze verilog file ../../import/sd_bmp_hdmi.v
HDL-1007 : undeclared symbol 'rd_vsync', assumed default net type 'wire' in ../../import/sd_bmp_hdmi.v(200)
HDL-1007 : analyze verilog file ../../import/sd_ctrl_top/sd_ctrl_top.v
HDL-1007 : analyze verilog file ../../import/sd_ctrl_top/sd_init.v
HDL-1007 : analyze verilog file ../../import/sd_ctrl_top/sd_read.v
HDL-1007 : analyze verilog file ../../import/sd_ctrl_top/sd_write.v
HDL-1007 : analyze VHDL file ../../import/hdmi-rtl/enc_file/DVITransmitter.enc.vhd
HDL-1007 : analyze entity dvitransmitter in ../../import/hdmi-rtl/enc_file/DVITransmitter.enc.vhd(13)
HDL-1007 : analyze architecture ** in encrypted_text(0)
HDL-1007 : analyze VHDL file ../../import/hdmi-rtl/hdmi_tx.vhd
HDL-1007 : analyze entity hdmi_tx in ../../import/hdmi-rtl/hdmi_tx.vhd(11)
HDL-1007 : analyze architecture behavioral in ../../import/hdmi-rtl/hdmi_tx.vhd(33)
HDL-1007 : analyze verilog file ../../import/DDR3-rtl/sdram_cmd.v
HDL-1007 : analyze included file ../../import/DDR3-rtl/sdram_para.v in ../../import/DDR3-rtl/sdram_cmd.v(46)
HDL-1007 : back to file '../../import/DDR3-rtl/sdram_cmd.v' in ../../import/DDR3-rtl/sdram_cmd.v(46)
HDL-1007 : analyze verilog file ../../import/DDR3-rtl/sdram_controller.v
HDL-1007 : analyze verilog file ../../import/DDR3-rtl/sdram_ctrl.v
HDL-1007 : analyze included file ../../import/DDR3-rtl/sdram_para.v in ../../import/DDR3-rtl/sdram_ctrl.v(19)
HDL-1007 : back to file '../../import/DDR3-rtl/sdram_ctrl.v' in ../../import/DDR3-rtl/sdram_ctrl.v(19)
HDL-1007 : analyze verilog file ../../import/DDR3-rtl/sdram_data.v
HDL-1007 : analyze included file ../../import/DDR3-rtl/sdram_para.v in ../../import/DDR3-rtl/sdram_data.v(13)
HDL-1007 : back to file '../../import/DDR3-rtl/sdram_data.v' in ../../import/DDR3-rtl/sdram_data.v(13)
HDL-1007 : analyze verilog file ../../import/DDR3-rtl/sdram_fifo_ctrl.v
HDL-1007 : analyze verilog file ../../import/DDR3-rtl/sdram_top.v
HDL-1007 : analyze verilog file ../../import/read_rawdata.v
HDL-1007 : analyze verilog file ../../import/hdmi_top/ISP_include.v
HDL-1007 : analyze verilog file ../../import/hdmi_top/ISP_debayer_l.v
HDL-1007 : analyze verilog file ../../import/hdmi_top/ISP_awb_top.v
HDL-1007 : undeclared symbol 'video_de', assumed default net type 'wire' in ../../import/hdmi_top/ISP_awb_top.v(93)
HDL-1007 : analyze verilog file ../../import/hdmi_top/ISP_cal_awb.v
HDL-1007 : analyze verilog file ../../import/hdmi_top/ISP_static_awb.v
HDL-1007 : analyze verilog file ../../import/hdmi_top/ISP_wb.v
RUN-1001 : Project manager successfully analyzed 36 source files.
RUN-1002 : start command "import_device eagle_s20.db -package EG4S20BG256"
ARC-1001 : Device Initialization.
ARC-1001 : ------------------------------------------------------------------
ARC-1001 :            OPTION            |          IO          |   SETTING   
ARC-1001 : ------------------------------------------------------------------
ARC-1001 :   cso_b/cclk/mosi/miso/dout  |  T3/R11/T10/P10/S11  |    gpio    
ARC-1001 :             done             |         P13          |    gpio    
ARC-1001 :           program_b          |          T2          |  dedicate  
ARC-1001 :        tdi/tms/tck/tdo       |   C12/A15/C14/E14    |  dedicate  
ARC-1001 : ------------------------------------------------------------------
ARC-1004 : Device setting, marked 5 dedicate IOs in total.
RUN-1002 : start command "import_db ../syn_1/SD-SDRAM-ISP-HDMI_gate.db"
RUN-1001 : Importing database generated by Tang Dynasty, V5.6.71036.
RUN-1001 : Database version number 46146.
RUN-1001 : Import flow parameters
RUN-1001 : Import timing constraints
RUN-1001 : Import IO constraints
RUN-1001 : Import Inst constraints
RUN-1001 : Import design success TD_VERSION=5.6.71036 , DB_VERSION=46146
RUN-1002 : start command "read_sdc -ip SOFTFIFO ../../import/ddr3-al_ip/SOFTFIFO.tcl"
RUN-1002 : start command "get_ports clkw"
RUN-1002 : start command "get_nets  clkw  "
RUN-1002 : start command "get_clocks -nowarn -of nets 9663676416000"
RUN-1002 : start command "get_ports clkr"
RUN-1002 : start command "get_nets  clkr  "
RUN-1002 : start command "get_clocks -nowarn -of nets 11063835754496"
RUN-1002 : start command "get_property -nowarn -max PERIOD "
RUN-1002 : start command "get_property -nowarn -max PERIOD "
RUN-1002 : start command "get_regs rd_to_wr_cross_inst/primary_addr_gray_reg[*]"
RUN-1002 : start command "get_regs rd_to_wr_cross_inst/sync_r1[*]"
RUN-1002 : start command "set_max_delay -from  -to  999.70000000000005 -datapath_only"
RUN-1002 : start command "get_regs rd_to_wr_cross_inst/primary_addr_gray_reg[*]"
RUN-1002 : start command "get_regs rd_to_wr_cross_inst/sync_r1[*]"
RUN-1002 : start command "set_false_path -from  -to  -hold 999.70000000000005"
USR-1002 : set_false_path -help -setup -hold -from <list> -rise_from <list> -fall_from <list> -to <list> -rise_to <list> -fall_to <list> -through <list>
RUN-1002 : start command "get_regs wr_to_rd_cross_inst/primary_addr_gray_reg[*]"
RUN-1002 : start command "get_regs wr_to_rd_cross_inst/sync_r1[*]"
RUN-1002 : start command "set_max_delay -from  -to  999.70000000000005 -datapath_only"
RUN-1002 : start command "get_regs wr_to_rd_cross_inst/primary_addr_gray_reg[*]"
RUN-1002 : start command "get_regs wr_to_rd_cross_inst/sync_r1[*]"
RUN-1002 : start command "set_false_path -from  -to  -hold 999.70000000000005"
USR-1002 : set_false_path -help -setup -hold -from <list> -rise_from <list> -fall_from <list> -to <list> -rise_to <list> -fall_to <list> -through <list>
RUN-1002 : start command "get_ports clkw"
RUN-1002 : start command "get_nets  clkw  "
RUN-1002 : start command "get_clocks -nowarn -of nets 17514876633088"
RUN-1002 : start command "get_ports clkr"
RUN-1002 : start command "get_nets  clkr  "
RUN-1002 : start command "get_clocks -nowarn -of nets 9663676416000"
RUN-1002 : start command "get_property -nowarn -max PERIOD "
RUN-1002 : start command "get_property -nowarn -max PERIOD "
RUN-1002 : start command "get_regs rd_to_wr_cross_inst/primary_addr_gray_reg[*]"
RUN-1002 : start command "get_regs rd_to_wr_cross_inst/sync_r1[*]"
RUN-1002 : start command "set_max_delay -from  -to  999.70000000000005 -datapath_only"
RUN-1002 : start command "get_regs rd_to_wr_cross_inst/primary_addr_gray_reg[*]"
RUN-1002 : start command "get_regs rd_to_wr_cross_inst/sync_r1[*]"
RUN-1002 : start command "set_false_path -from  -to  -hold 999.70000000000005"
USR-1002 : set_false_path -help -setup -hold -from <list> -rise_from <list> -fall_from <list> -to <list> -rise_to <list> -fall_to <list> -through <list>
RUN-1002 : start command "get_regs wr_to_rd_cross_inst/primary_addr_gray_reg[*]"
RUN-1002 : start command "get_regs wr_to_rd_cross_inst/sync_r1[*]"
RUN-1002 : start command "set_max_delay -from  -to  999.70000000000005 -datapath_only"
RUN-1002 : start command "get_regs wr_to_rd_cross_inst/primary_addr_gray_reg[*]"
RUN-1002 : start command "get_regs wr_to_rd_cross_inst/sync_r1[*]"
RUN-1002 : start command "set_false_path -from  -to  -hold 999.70000000000005"
USR-1002 : set_false_path -help -setup -hold -from <list> -rise_from <list> -fall_from <list> -to <list> -rise_to <list> -fall_to <list> -through <list>
RUN-1002 : start command "config_chipwatcher ../../sd_HDMI.cwc -dir "
RUN-1002 : start command "legalize_phy_inst"
SYN-1011 : Flatten model sd_bmp_hdmi
KIT-1004 : ChipWatcher: import watcher inst auto_chipwatcher_0 completed, there are 7 view nodes, 24 trigger nets, 24 data nets.
KIT-1004 : Chipwatcher code = 0011110010101001
RUN-1002 : start command "compile_watcher"
RUN-1002 : start command "read_verilog -no_sch -dir F:/ARMChina/cw/ -file SD-SDRAM-ISP-HDMI_watcherInst.sv -lib cw -top CW_TOP_WRAPPER"
HDL-1007 : analyze verilog file F:/ARMChina/cw\bus_det.v
HDL-1007 : analyze verilog file F:/ARMChina/cw\bus_top.sv
HDL-1007 : analyze verilog file F:/ARMChina/cw\cfg_int.v
HDL-1007 : analyze verilog file F:/ARMChina/cw\cwc_cfg_int.v
HDL-1007 : analyze verilog file F:/ARMChina/cw\cwc_top.sv
HDL-1007 : analyze verilog file F:/ARMChina/cw\detect_bus.v
HDL-1007 : analyze verilog file F:/ARMChina/cw\detect_non_bus.v
HDL-1007 : analyze verilog file F:/ARMChina/cw\emb_ctrl.v
HDL-1007 : analyze verilog file F:/ARMChina/cw\register.v
HDL-1007 : analyze verilog file F:/ARMChina/cw\tap.v
HDL-1007 : analyze verilog file F:/ARMChina/cw\trigger.sv
HDL-1007 : analyze verilog file SD-SDRAM-ISP-HDMI_watcherInst.sv
HDL-1007 : elaborate module CW_TOP_WRAPPER in SD-SDRAM-ISP-HDMI_watcherInst.sv(1)
HDL-1007 : elaborate module cwc_top(BUS_NUM=7,BUS_DIN_NUM=24,BUS_CTRL_NUM=76,BUS_WIDTH='{32'sb01,32'sb01,32'sb01,32'sb01,32'sb01000,32'sb01000,32'sb0100},BUS_DIN_POS='{32'sb0,32'sb01,32'sb010,32'sb011,32'sb0100,32'sb01100,32'sb010100},BUS_CTRL_POS='{32'sb0,32'sb0110,32'sb01100,32'sb010010,32'sb011000,32'sb0101100,32'sb01000000}) in F:/ARMChina/cw\cwc_top.sv(21)
HDL-1007 : elaborate module cwc_cfg_int(CTRL_REG_LEN=98) in F:/ARMChina/cw\cwc_cfg_int.v(21)
HDL-1007 : elaborate module register(CTRL_REG_LEN=98) in F:/ARMChina/cw\register.v(21)
HDL-1007 : elaborate module tap in F:/ARMChina/cw\tap.v(21)
HDL-1007 : elaborate module trigger(BUS_NUM=7,BUS_DIN_NUM=24,BUS_CTRL_NUM=76,BUS_WIDTH='{32'sb01,32'sb01,32'sb01,32'sb01,32'sb01000,32'sb01000,32'sb0100},BUS_DIN_POS='{32'sb0,32'sb01,32'sb010,32'sb011,32'sb0100,32'sb01100,32'sb010100},BUS_CTRL_POS='{32'sb0,32'sb0110,32'sb01100,32'sb010010,32'sb011000,32'sb0101100,32'sb01000000}) in F:/ARMChina/cw\trigger.sv(21)
HDL-1007 : elaborate module bus_top(BUS_NODE_NUM=7,BUS_DIN_NUM=24,BUS_CTRL_NUM=76,BUS_WIDTH='{32'sb01,32'sb01,32'sb01,32'sb01,32'sb01000,32'sb01000,32'sb0100},BUS_DIN_POS='{32'sb0,32'sb01,32'sb010,32'sb011,32'sb0100,32'sb01100,32'sb010100},BUS_CTRL_POS='{32'sb0,32'sb0110,32'sb01100,32'sb010010,32'sb011000,32'sb0101100,32'sb01000000}) in F:/ARMChina/cw\bus_top.sv(22)
HDL-1007 : elaborate module bus_det(BUS_WIDTH=32'sb01) in F:/ARMChina/cw\bus_det.v(21)
HDL-1007 : elaborate module bus_det(BUS_WIDTH=32'sb01000) in F:/ARMChina/cw\bus_det.v(21)
HDL-1007 : elaborate module bus_det(BUS_WIDTH=32'sb0100) in F:/ARMChina/cw\bus_det.v(21)
HDL-1007 : elaborate module emb_ctrl in F:/ARMChina/cw\emb_ctrl.v(21)
HDL-1200 : Current top model is CW_TOP_WRAPPER
HDL-1100 : Inferred 0 RAMs.
RUN-1002 : start command "force_keep -a auto_chipwatcher_0_logicbram"
RUN-1002 : start command "optimize_rtl -no_sch"
RUN-1001 : Open license file F:/ARMChina/license/Anlogic.lic
RUN-1001 : Print Global Property
RUN-1001 : ---------------------------------------------------------------
RUN-1001 :        Parameters        |  Settings  |  Default Values  |  Note  
RUN-1001 : ---------------------------------------------------------------
RUN-1001 :          message         |  standard  |     standard     |        
RUN-1001 :   mixed_pack_place_flow  |     on     |        on        |        
RUN-1001 :        qor_monitor       |    off     |       off        |        
RUN-1001 :        syn_ip_flow       |    off     |       off        |        
RUN-1001 :          thread          |    auto    |       auto       |        
RUN-1001 : ---------------------------------------------------------------
RUN-1001 : Print Rtl Property
RUN-1001 : --------------------------------------------------------------
RUN-1001 :        Parameters       |  Settings  |  Default Values  |  Note  
RUN-1001 : --------------------------------------------------------------
RUN-1001 :       compress_add      |   ripple   |      ripple      |        
RUN-1001 :        elf_sload        |    off     |       off        |        
RUN-1001 :       fix_undriven      |     0      |        0         |        
RUN-1001 :         flatten         |    off     |       off        |        
RUN-1001 :       gate_sharing      |     on     |        on        |        
RUN-1001 :    hdl_warning_level    |   normal   |      normal      |        
RUN-1001 :   impl_internal_tribuf  |     on     |        on        |        
RUN-1001 :      impl_set_reset     |     on     |        on        |        
RUN-1001 :        infer_gsr        |    off     |       off        |        
RUN-1001 :      keep_hierarchy     |    auto    |       auto       |        
RUN-1001 :        max_fanout       |    9999    |       9999       |        
RUN-1001 :      max_oh2bin_len     |     10     |        10        |        
RUN-1001 :       merge_equal       |     on     |        on        |        
RUN-1001 :       merge_equiv       |     on     |        on        |        
RUN-1001 :        merge_mux        |    off     |       off        |        
RUN-1001 :     min_control_set     |     8      |        8         |        
RUN-1001 :      min_ripple_len     |    auto    |       auto       |        
RUN-1001 :       oh2bin_ratio      |    0.08    |       0.08       |        
RUN-1001 :     opt_adder_fanout    |     on     |        on        |        
RUN-1001 :        opt_arith        |     on     |        on        |        
RUN-1001 :       opt_big_gate      |    off     |       off        |        
RUN-1001 :        opt_const        |     on     |        on        |        
RUN-1001 :      opt_const_mult     |     on     |        on        |        
RUN-1001 :       opt_lessthan      |     on     |        on        |        
RUN-1001 :         opt_mux         |    off     |       off        |        
RUN-1001 :         opt_ram         |    high    |       high       |        
RUN-1001 :      rtl_sim_model      |    off     |       off        |        
RUN-1001 :         seq_syn         |     on     |        on        |        
RUN-1001 : --------------------------------------------------------------
SYN-1012 : SanityCheck: Model "sd_bmp_hdmi"
SYN-1012 : SanityCheck: Model "CW_TOP_WRAPPER"
SYN-1012 : SanityCheck: Model "cwc_top(BUS_NUM=7,BUS_DIN_NUM=24,BUS_CTRL_NUM=76,BUS_WIDTH='{32'sb01,32'sb01,32'sb01,32'sb01,32'sb01000,32'sb01000,32'sb0100},BUS_DIN_POS='{32'sb0,32'sb01,32'sb010,32'sb011,32'sb0100,32'sb01100,32'sb010100},BUS_CTRL_POS='{32'sb0,32'sb0110,32'sb01100,32'sb010010,32'sb011000,32'sb0101100,32'sb01000000})"
SYN-1012 : SanityCheck: Model "cwc_cfg_int(CTRL_REG_LEN=98)"
SYN-1012 : SanityCheck: Model "register(CTRL_REG_LEN=98)"
SYN-1012 : SanityCheck: Model "tap"
SYN-1012 : SanityCheck: Model "trigger(BUS_NUM=7,BUS_DIN_NUM=24,BUS_CTRL_NUM=76,BUS_WIDTH='{32'sb01,32'sb01,32'sb01,32'sb01,32'sb01000,32'sb01000,32'sb0100},BUS_DIN_POS='{32'sb0,32'sb01,32'sb010,32'sb011,32'sb0100,32'sb01100,32'sb010100},BUS_CTRL_POS='{32'sb0,32'sb0110,32'sb01100,32'sb010010,32'sb011000,32'sb0101100,32'sb01000000})"
SYN-1012 : SanityCheck: Model "bus_top(BUS_NODE_NUM=7,BUS_DIN_NUM=24,BUS_CTRL_NUM=76,BUS_WIDTH='{32'sb01,32'sb01,32'sb01,32'sb01,32'sb01000,32'sb01000,32'sb0100},BUS_DIN_POS='{32'sb0,32'sb01,32'sb010,32'sb011,32'sb0100,32'sb01100,32'sb010100},BUS_CTRL_POS='{32'sb0,32'sb0110,32'sb01100,32'sb010010,32'sb011000,32'sb0101100,32'sb01000000})"
SYN-1012 : SanityCheck: Model "bus_det(BUS_WIDTH=32'sb01)"
SYN-1012 : SanityCheck: Model "bus_det(BUS_WIDTH=32'sb01000)"
SYN-1012 : SanityCheck: Model "bus_det(BUS_WIDTH=32'sb0100)"
SYN-1012 : SanityCheck: Model "emb_ctrl"
SYN-1011 : Flatten model sd_bmp_hdmi
SYN-1032 : 6005/29 useful/useless nets, 4529/18 useful/useless insts
SYN-1016 : Merged 36 instances.
SYN-1032 : 5738/8 useful/useless nets, 4886/8 useful/useless insts
SYN-1014 : Optimize round 1
SYN-1032 : 5722/16 useful/useless nets, 4874/12 useful/useless insts
SYN-1021 : Optimized 3 onehot mux instances.
SYN-1020 : Optimized 1 distributor mux.
SYN-1019 : Optimized 3 mux instances.
SYN-1015 : Optimize round 1, 354 better
SYN-1014 : Optimize round 2
SYN-1032 : 5460/45 useful/useless nets, 4612/48 useful/useless insts
SYN-1015 : Optimize round 2, 96 better
SYN-1014 : Optimize round 1
SYN-1015 : Optimize round 1, 0 better
RUN-1002 : start command "optimize_gate -no_sch"
RUN-1001 : Open license file F:/ARMChina/license/Anlogic.lic
RUN-1001 : Print Global Property
RUN-1001 : ---------------------------------------------------------------
RUN-1001 :        Parameters        |  Settings  |  Default Values  |  Note  
RUN-1001 : ---------------------------------------------------------------
RUN-1001 :          message         |  standard  |     standard     |        
RUN-1001 :   mixed_pack_place_flow  |     on     |        on        |        
RUN-1001 :        qor_monitor       |    off     |       off        |        
RUN-1001 :        syn_ip_flow       |    off     |       off        |        
RUN-1001 :          thread          |    auto    |       auto       |        
RUN-1001 : ---------------------------------------------------------------
RUN-1001 : Print Gate Property
RUN-1001 : ------------------------------------------------------------------
RUN-1001 :          Parameters         |  Settings  |  Default Values  |  Note  
RUN-1001 : ------------------------------------------------------------------
RUN-1001 :         cascade_dsp         |    off     |       off        |        
RUN-1001 :         cascade_eram        |    off     |       off        |        
RUN-1001 :        gate_sim_model       |    off     |       off        |        
RUN-1001 :        map_sim_model        |    off     |       off        |        
RUN-1001 :         map_strategy        |     1      |        1         |        
RUN-1001 :           opt_area          |   medium   |      medium      |        
RUN-1001 :          opt_timing         |    auto    |       auto       |        
RUN-1001 :         pack_effort         |   medium   |      medium      |        
RUN-1001 :      pack_lslice_ripple     |     on     |        on        |        
RUN-1001 :   pack_lslice_ripple_ratio  |    0.5     |       0.5        |        
RUN-1001 :        pack_seq_in_io       |    auto    |       auto       |        
RUN-1001 :        ph1_mux_ratio        |    1.0     |       1.0        |        
RUN-1001 :            report           |  standard  |     standard     |        
RUN-1001 :           retiming          |    off     |       off        |        
RUN-1001 : ------------------------------------------------------------------
SYN-2001 : Map 12 IOs to PADs
RUN-1002 : start command "update_pll_param -module sd_bmp_hdmi"
SYN-2501 : Processed 0 LOGIC_BUF instances.
SYN-2512 : LOGIC BRAM "auto_chipwatcher_0_logicbram"
SYN-2571 : Optimize after map_dsp, round 1
SYN-2571 : Optimize after map_dsp, round 1, 0 better
SYN-1001 : Throwback 3 control mux instances
SYN-2501 : Optimize round 1
SYN-1016 : Merged 20 instances.
SYN-2501 : Optimize round 1, 42 better
SYN-2501 : Optimize round 2
SYN-2501 : Optimize round 2, 0 better
SYN-2501 : Map 16 macro adder
SYN-1019 : Optimized 13 mux instances.
SYN-1016 : Merged 11 instances.
SYN-1032 : 5868/2 useful/useless nets, 5025/1 useful/useless insts
RUN-1002 : start command "start_timer -prepack"
TMR-2505 : Start building timing graph for model sd_bmp_hdmi.
TMR-2506 : Build timing graph completely. Port num: 9, tpin num: 22197, tnet num: 5868, tinst num: 5024, tnode num: 28815, tedge num: 35488.
TMR-2508 : Levelizing timing graph completed, there are 51 levels in total.
TMR-2501 : Timing graph initialized successfully.
TMR-2503 : Start to update net delay, extr mode = 2.
TMR-2504 : Update delay of 5868 nets completely.
TMR-2502 : Annotate delay completely, extr mode = 2.
TMR-3001 : Initiate 0 clocks from SDC.
TMR-3004 : Map sdc constraints, there are 8 constraints in total.
TMR-3003 : Constraints initiated successfully.
TMR-3501 : Forward propagation: start to calculate arrival time...
TMR-3502 : Backward propagation: start to calculate required time...
TMR-3503 : Timing propagation completes.
SYN-3001 : Running gate level optimization.
SYN-2581 : Mapping with K=5, #lut = 186 (3.67), #lev = 6 (2.05)
SYN-2551 : Post LUT mapping optimization.
SYN-2581 : Mapping with K=5, #lut = 186 (3.67), #lev = 6 (2.05)
SYN-3001 : Logic optimization runtime opt =   0.02 sec, map =   0.00 sec
SYN-3001 : Mapper mapped 484 instances into 186 LUTs, name keeping = 75%.
SYN-1001 : Packing model "sd_bmp_hdmi" ...
SYN-4010 : Pack lib has 58 rtl pack models with 25 top pack blocks
SYN-1014 : Optimize round 1
SYN-1015 : Optimize round 1, 0 better
SYN-4002 : Packing 319 DFF/LATCH to SEQ ...
SYN-4009 : Pack 7 carry chain into lslice
SYN-4007 : Packing 104 adder to BLE ...
SYN-4008 : Packed 104 adder and 0 SEQ to BLE.
SYN-4007 : Packing 0 gate4 to BLE ...
SYN-4008 : Packed 0 gate4 and 0 SEQ to BLE.
SYN-4012 : Packed 0 FxMUX
RUN-1003 : finish command "optimize_gate -no_sch" in  1.198304s wall, 1.000000s user + 0.000000s system = 1.000000s CPU (83.5%)

RUN-1004 : used memory is 185 MB, reserved memory is 152 MB, peak memory is 219 MB
RUN-1002 : start command "legalize_phy_inst"
SYN-1011 : Flatten model sd_bmp_hdmi
KIT-1004 : Compile Chipwatcher: Clear obsolete physical data.
RUN-1003 : finish command "compile_watcher" in  2.139521s wall, 1.656250s user + 0.015625s system = 1.671875s CPU (78.1%)

RUN-1004 : used memory is 186 MB, reserved memory is 152 MB, peak memory is 219 MB
RUN-1002 : start command "place"
RUN-1001 : Open license file F:/ARMChina/license/Anlogic.lic
RUN-1001 : Print Global Property
RUN-1001 : ---------------------------------------------------------------
RUN-1001 :        Parameters        |  Settings  |  Default Values  |  Note  
RUN-1001 : ---------------------------------------------------------------
RUN-1001 :          message         |  standard  |     standard     |        
RUN-1001 :   mixed_pack_place_flow  |     on     |        on        |        
RUN-1001 :        qor_monitor       |    off     |       off        |        
RUN-1001 :        syn_ip_flow       |    off     |       off        |        
RUN-1001 :          thread          |    auto    |       auto       |        
RUN-1001 : ---------------------------------------------------------------
RUN-1001 : Print Place Property
RUN-1001 : --------------------------------------------------------------
RUN-1001 :        Parameters       |  Settings  |  Default Values  |  Note  
RUN-1001 : --------------------------------------------------------------
RUN-1001 :      detailed_place     |     on     |        on        |        
RUN-1001 :          effort         |   medium   |      medium      |        
RUN-1001 :         fix_hold        |    off     |       off        |        
RUN-1001 :       legalization      |    ori     |       ori        |        
RUN-1001 :      new_spreading      |     on     |        on        |        
RUN-1001 :        opt_timing       |   medium   |      medium      |        
RUN-1001 :   post_clock_route_opt  |    off     |       off        |        
RUN-1001 :       pr_strategy       |     1      |        1         |        
RUN-1001 :        relaxation       |    1.00    |       1.00       |        
RUN-1001 :         retiming        |    off     |       off        |        
RUN-1001 : --------------------------------------------------------------
PHY-3001 : Placer runs in 16 thread(s).
RUN-1002 : start command "legalize_phy_inst"
SYN-1011 : Flatten model sd_bmp_hdmi
RUN-1002 : start command "phys_opt -simplify_lut"
SYN-4016 : Net u_ddr3_top/u_sdram_fifo_ctrl/clk_ref driven by BUFG (271 clock/control pins, 1 other pins).
SYN-4016 : Net u_clk_wiz_1/clk0_out driven by BUFG (58 clock/control pins, 1 other pins).
SYN-4016 : Net config_inst_syn_10 driven by BUFG (213 clock/control pins, 0 other pins).
SYN-4027 : Net u_ddr3_top/clk_sdram is clkc1 of pll u_clk_wiz_0/pll_inst.
SYN-4027 : Net u_ddr3_top/u_sdram_fifo_ctrl/wrfifo/clkw is clkc3 of pll u_clk_wiz_0/pll_inst.
SYN-4027 : Net u_sd_ctrl_top/u_sd_read/clk_ref_180deg is clkc4 of pll u_clk_wiz_0/pll_inst.
SYN-4019 : Net sys_clk_dup_1 is refclk of pll u_clk_wiz_0/pll_inst.
SYN-4020 : Net sys_clk_dup_1 is fbclk of pll u_clk_wiz_0/pll_inst.
SYN-4027 : Net u_ddr3_top/u_sdram_fifo_ctrl/rdfifo/clkr is clkc1 of pll u_clk_wiz_1/pll_inst.
SYN-4019 : Net sys_clk_dup_1 is refclk of pll u_clk_wiz_1/pll_inst.
SYN-4020 : Net sys_clk_dup_1 is fbclk of pll u_clk_wiz_1/pll_inst.
SYN-4024 : Net "u_sd_ctrl_top/u_sd_init/div_clk" drives clk pins.
SYN-4025 : Tag rtl::Net config_inst_syn_10 as clock net
SYN-4025 : Tag rtl::Net sys_clk_dup_1 as clock net
SYN-4025 : Tag rtl::Net u_clk_wiz_1/clk0_out as clock net
SYN-4025 : Tag rtl::Net u_ddr3_top/clk_sdram as clock net
SYN-4025 : Tag rtl::Net u_ddr3_top/u_sdram_fifo_ctrl/clk_ref as clock net
SYN-4025 : Tag rtl::Net u_ddr3_top/u_sdram_fifo_ctrl/rdfifo/clkr as clock net
SYN-4025 : Tag rtl::Net u_ddr3_top/u_sdram_fifo_ctrl/wrfifo/clkw as clock net
SYN-4025 : Tag rtl::Net u_sd_ctrl_top/u_sd_init/div_clk as clock net
SYN-4025 : Tag rtl::Net u_sd_ctrl_top/u_sd_read/clk_ref_180deg as clock net
SYN-4026 : Tagged 9 rtl::Net as clock net
SYN-4015 : Create BUFG instance for clk Net u_sd_ctrl_top/u_sd_init/div_clk to drive 101 clock pins.
PHY-1001 : Populate physical database on model sd_bmp_hdmi.
RUN-1001 : There are total 4432 instances
RUN-0007 : 1818 luts, 1945 seqs, 373 mslices, 202 lslices, 71 pads, 12 brams, 2 dsps
RUN-1001 : There are total 5275 nets
RUN-1001 : 3505 nets have 2 pins
RUN-1001 : 1348 nets have [3 - 5] pins
RUN-1001 : 290 nets have [6 - 10] pins
RUN-1001 : 76 nets have [11 - 20] pins
RUN-1001 : 37 nets have [21 - 99] pins
RUN-1001 : 19 nets have 100+ pins
RUN-1001 : Report Control nets information:
RUN-1001 : DFF Distribution
RUN-1001 : ----------------------------------
RUN-1001 :   CE   |  SSR  |  ASR  |  DFF Count  
RUN-1001 : ----------------------------------
RUN-1001 :   No   |  No   |  No   |     120     
RUN-1001 :   No   |  No   |  Yes  |     789     
RUN-1001 :   No   |  Yes  |  No   |     59      
RUN-1001 :   Yes  |  No   |  No   |     204     
RUN-1001 :   Yes  |  No   |  Yes  |     773     
RUN-1001 :   Yes  |  Yes  |  No   |      0      
RUN-1001 : ----------------------------------
RUN-0007 : Control Group Statistic
RUN-0007 : ---------------------------
RUN-0007 :   #CLK  |  #CE  |  #SSR/ASR  
RUN-0007 : ---------------------------
RUN-0007 :    9    |  26   |     14     
RUN-0007 : ---------------------------
RUN-0007 : Control Set = 48
PHY-3001 : Initial placement ...
PHY-3001 : design contains 4430 instances, 1818 luts, 1945 seqs, 575 slices, 104 macros(575 instances: 373 mslices 202 lslices)
PHY-0007 : Cell area utilization is 15%
PHY-3001 : Start timing update ...
RUN-1002 : start command "start_timer -report"
TMR-2505 : Start building timing graph for model sd_bmp_hdmi.
TMR-2506 : Build timing graph completely. Port num: 9, tpin num: 20897, tnet num: 5273, tinst num: 4430, tnode num: 27514, tedge num: 34289.
TMR-2508 : Levelizing timing graph completed, there are 41 levels in total.
TMR-2501 : Timing graph initialized successfully.
TMR-2503 : Start to update net delay, extr mode = 2.
TMR-2504 : Update delay of 5273 nets completely.
TMR-2502 : Annotate delay completely, extr mode = 2.
TMR-3001 : Initiate 0 clocks from SDC.
TMR-3004 : Map sdc constraints, there are 8 constraints in total.
TMR-3003 : Constraints initiated successfully.
TMR-3501 : Forward propagation: start to calculate arrival time...
TMR-3502 : Backward propagation: start to calculate required time...
TMR-3503 : Timing propagation completes.
PHY-3001 : End timing update;  0.609268s wall, 0.531250s user + 0.000000s system = 0.531250s CPU (87.2%)

PHY-3001 : Global placement ...
PHY-3001 : Initial: Len = 1.20428e+06
PHY-3001 : Clustering ...
PHY-3001 : Level 0 #clusters 4430.
PHY-3001 : End clustering;  0.000036s wall, 0.000000s user + 0.000000s system = 0.000000s CPU (n/a%)

PHY-3001 : Run with size of 4
PHY-3001 : Cell area utilization is 15%
PHY-3001 : :::0::: Try harder cell spreading with beta_ = 0
PHY-3002 : Step(1): len = 760208, overlap = 36
PHY-3002 : Step(2): len = 622062, overlap = 33.75
PHY-3002 : Step(3): len = 382626, overlap = 27
PHY-3002 : Step(4): len = 356235, overlap = 31.5
PHY-3002 : Step(5): len = 282022, overlap = 31.5625
PHY-3002 : Step(6): len = 257063, overlap = 33.75
PHY-3002 : Step(7): len = 233997, overlap = 29.25
PHY-3002 : Step(8): len = 215230, overlap = 34.2812
PHY-3002 : Step(9): len = 191362, overlap = 30.3438
PHY-3002 : Step(10): len = 172299, overlap = 31.5938
PHY-3002 : Step(11): len = 159984, overlap = 38.6562
PHY-3002 : Step(12): len = 147614, overlap = 39.0625
PHY-3002 : Step(13): len = 141424, overlap = 43.5625
PHY-3002 : Step(14): len = 134300, overlap = 39.8438
PHY-3002 : Step(15): len = 128391, overlap = 44
PHY-3002 : Step(16): len = 126583, overlap = 47.0312
PHY-3001 : :::1::: Try harder cell spreading with beta_ = 0.000173765
PHY-3002 : Step(17): len = 126200, overlap = 46.5312
PHY-3002 : Step(18): len = 125766, overlap = 46.7188
PHY-3002 : Step(19): len = 125738, overlap = 48.9688
PHY-3002 : Step(20): len = 125056, overlap = 37.6875
PHY-3002 : Step(21): len = 124232, overlap = 42.2188
PHY-3002 : Step(22): len = 123970, overlap = 42.2188
PHY-3002 : Step(23): len = 123280, overlap = 44.5
PHY-3001 : :::2::: Try harder cell spreading with beta_ = 0.00034753
PHY-3002 : Step(24): len = 123357, overlap = 44.4688
PHY-3002 : Step(25): len = 123248, overlap = 42.1562
PHY-3001 : :::3::: Try harder cell spreading with beta_ = 0.00069506
PHY-3002 : Step(26): len = 123012, overlap = 42.0312
PHY-3002 : Step(27): len = 122783, overlap = 42
PHY-3001 : :::4::: Try harder cell spreading with beta_ = 0.00139012
PHY-3002 : Step(28): len = 122674, overlap = 37.5
PHY-3002 : Step(29): len = 122543, overlap = 37.5
PHY-3001 : :::5::: Try harder cell spreading with beta_ = 0.00278024
PHY-3002 : Step(30): len = 131825, overlap = 41.8438
PHY-3002 : Step(31): len = 131971, overlap = 44.0938
PHY-3002 : Step(32): len = 132084, overlap = 37.3438
PHY-3002 : Step(33): len = 132436, overlap = 35.0312
PHY-3002 : Step(34): len = 132098, overlap = 30.6562
PHY-3002 : Step(35): len = 131663, overlap = 30.5625
PHY-3002 : Step(36): len = 131514, overlap = 30.5625
PHY-3001 : :::6::: Try harder cell spreading with beta_ = 0.00556048
PHY-3002 : Step(37): len = 131477, overlap = 30.5312
PHY-3002 : Step(38): len = 131385, overlap = 30.5312
PHY-3001 : :::7::: Try harder cell spreading with beta_ = 0.011121
PHY-3002 : Step(39): len = 130988, overlap = 30.4688
PHY-3002 : Step(40): len = 130799, overlap = 30.4688
PHY-3001 : :::8::: Try harder cell spreading with beta_ = 0.0222419
PHY-3002 : Step(41): len = 130716, overlap = 30.4062
PHY-3002 : Step(42): len = 130616, overlap = 30.4062
PHY-3001 : Legalization ...
PHY-3001 : End legalization;  0.024951s wall, 0.015625s user + 0.000000s system = 0.015625s CPU (62.6%)

PHY-3001 : Run with size of 4
PHY-3001 : Cell area utilization is 19%
PHY-3001 : Update timing in Manhattan mode ...
TMR-2503 : Start to update net delay, extr mode = 3.
TMR-2504 : Update delay of 5273 nets completely.
TMR-2502 : Annotate delay completely, extr mode = 3.
TMR-3501 : Forward propagation: start to calculate arrival time...
TMR-3502 : Backward propagation: start to calculate required time...
TMR-3503 : Timing propagation completes.
PHY-3001 : End timing update;  0.103799s wall, 0.078125s user + 0.000000s system = 0.078125s CPU (75.3%)

PHY-3001 : :::0::: Try harder cell spreading with beta_ = 2.78079e-05
PHY-3002 : Step(43): len = 126362, overlap = 53.25
PHY-3002 : Step(44): len = 127862, overlap = 51.7812
PHY-3002 : Step(45): len = 119708, overlap = 57.25
PHY-3002 : Step(46): len = 119686, overlap = 56.8125
PHY-3002 : Step(47): len = 116439, overlap = 58.375
PHY-3002 : Step(48): len = 115902, overlap = 58.2812
PHY-3002 : Step(49): len = 114519, overlap = 59.2188
PHY-3001 : :::1::: Try harder cell spreading with beta_ = 5.56158e-05
PHY-3002 : Step(50): len = 113291, overlap = 59.75
PHY-3002 : Step(51): len = 113229, overlap = 59.2188
PHY-3002 : Step(52): len = 113154, overlap = 59.2812
PHY-3001 : :::2::: Try harder cell spreading with beta_ = 0.000111232
PHY-3002 : Step(53): len = 113291, overlap = 59.8438
PHY-3002 : Step(54): len = 113427, overlap = 62.3438
PHY-3002 : Step(55): len = 115054, overlap = 61.2188
PHY-3002 : Step(56): len = 117286, overlap = 61.3125
PHY-3002 : Step(57): len = 114785, overlap = 63.4062
PHY-3002 : Step(58): len = 114478, overlap = 63.5312
PHY-3002 : Step(59): len = 113808, overlap = 64.6562
PHY-3001 : Run with size of 2
PHY-3001 : Cell area utilization is 19%
PHY-3001 : Update timing in Manhattan mode ...
TMR-2503 : Start to update net delay, extr mode = 3.
TMR-2504 : Update delay of 5273 nets completely.
TMR-2502 : Annotate delay completely, extr mode = 3.
TMR-3501 : Forward propagation: start to calculate arrival time...
TMR-3502 : Backward propagation: start to calculate required time...
TMR-3503 : Timing propagation completes.
PHY-3001 : End timing update;  0.101011s wall, 0.078125s user + 0.000000s system = 0.078125s CPU (77.3%)

PHY-3001 : :::0::: Try harder cell spreading with beta_ = 3.18857e-05
PHY-3002 : Step(60): len = 114094, overlap = 178
PHY-3002 : Step(61): len = 114267, overlap = 178.094
PHY-3002 : Step(62): len = 117643, overlap = 157.531
PHY-3002 : Step(63): len = 118807, overlap = 152.062
PHY-3002 : Step(64): len = 120548, overlap = 144.312
PHY-3002 : Step(65): len = 116263, overlap = 148.438
PHY-3002 : Step(66): len = 116114, overlap = 150.375
PHY-3002 : Step(67): len = 114885, overlap = 153.656
PHY-3002 : Step(68): len = 113415, overlap = 150.406
PHY-3002 : Step(69): len = 113425, overlap = 150.094
PHY-3002 : Step(70): len = 112440, overlap = 149.594
PHY-3002 : Step(71): len = 112409, overlap = 148.5
PHY-3002 : Step(72): len = 112355, overlap = 146.312
PHY-3001 : :::1::: Try harder cell spreading with beta_ = 6.37714e-05
PHY-3002 : Step(73): len = 111987, overlap = 143.844
PHY-3002 : Step(74): len = 112074, overlap = 143.281
PHY-3002 : Step(75): len = 112439, overlap = 142.156
PHY-3001 : :::2::: Try harder cell spreading with beta_ = 0.000127543
PHY-3002 : Step(76): len = 114911, overlap = 127.938
PHY-3002 : Step(77): len = 115267, overlap = 127.625
PHY-3002 : Step(78): len = 118053, overlap = 115.344
PHY-3002 : Step(79): len = 116134, overlap = 117.094
PHY-3002 : Step(80): len = 115891, overlap = 116.969
PHY-3001 : :::3::: Try harder cell spreading with beta_ = 0.000255086
PHY-3002 : Step(81): len = 118924, overlap = 105.875
PHY-3002 : Step(82): len = 118924, overlap = 105.875
PHY-3002 : Step(83): len = 118231, overlap = 107.969
PHY-3001 : :::4::: Try harder cell spreading with beta_ = 0.000510171
PHY-3002 : Step(84): len = 120344, overlap = 98.2812
PHY-3002 : Step(85): len = 121726, overlap = 93.5625
PHY-3002 : Step(86): len = 122165, overlap = 89.3438
PHY-3001 : :::5::: Try harder cell spreading with beta_ = 0.00102034
PHY-3002 : Step(87): len = 120906, overlap = 85.125
PHY-3002 : Step(88): len = 120749, overlap = 84.8125
PHY-3001 : :::6::: Try harder cell spreading with beta_ = 0.00184705
PHY-3002 : Step(89): len = 121661, overlap = 84.2188
PHY-3002 : Step(90): len = 122111, overlap = 84.875
PHY-3001 : :::7::: Try harder cell spreading with beta_ = 0.0036941
PHY-3002 : Step(91): len = 122128, overlap = 82.875
PHY-3002 : Step(92): len = 122128, overlap = 82.875
PHY-3001 : :::8::: Try harder cell spreading with beta_ = 0.00610105
PHY-3002 : Step(93): len = 122220, overlap = 82.2812
PHY-3002 : Step(94): len = 122153, overlap = 81.3438
OPT-1001 : Start physical optimization ...
RUN-1002 : start command "start_timer -report"
TMR-2505 : Start building timing graph for model sd_bmp_hdmi.
TMR-2506 : Build timing graph completely. Port num: 9, tpin num: 20897, tnet num: 5273, tinst num: 4430, tnode num: 27514, tedge num: 34289.
TMR-2508 : Levelizing timing graph completed, there are 41 levels in total.
TMR-2501 : Timing graph initialized successfully.
OPT-1001 : Total overflow 278.62 peak overflow 5.03
OPT-1001 : Start high-fanout net optimization ...
OPT-1001 : Update timing in global mode
PHY-1001 : Start incremental global routing, caller is place ...
RUN-1001 : Generating global routing grids ...
RUN-1001 : Building simple global routing graph ...
PHY-1001 : Generate routing nets ...
PHY-1001 : Reuse net number 0/5275.
PHY-1001 : Global iterations in 16 thread ...
PHY-1002 : len = 135496, over cnt = 601(1%), over = 2102, worst = 16
PHY-1001 : End global iterations;  0.216775s wall, 0.140625s user + 0.000000s system = 0.140625s CPU (64.9%)

PHY-1001 : Congestion index: top1 = 47.13, top5 = 33.54, top10 = 26.94, top15 = 22.77.
PHY-1001 : End incremental global routing;  0.303896s wall, 0.171875s user + 0.000000s system = 0.171875s CPU (56.6%)

TMR-2503 : Start to update net delay, extr mode = 5.
TMR-2504 : Update delay of 5273 nets completely.
TMR-2502 : Annotate delay completely, extr mode = 5.
TMR-3001 : Initiate 0 clocks from SDC.
TMR-3004 : Map sdc constraints, there are 8 constraints in total.
TMR-3003 : Constraints initiated successfully.
TMR-3501 : Forward propagation: start to calculate arrival time...
TMR-3502 : Backward propagation: start to calculate required time...
TMR-3503 : Timing propagation completes.
OPT-1001 : End timing update;  0.135295s wall, 0.140625s user + 0.000000s system = 0.140625s CPU (103.9%)

OPT-1001 : 0 high-fanout net processed.
OPT-1001 : End high-fanout net optimization;  0.524736s wall, 0.390625s user + 0.015625s system = 0.406250s CPU (77.4%)

OPT-1001 : Current memory(MB): used = 270, reserve = 235, peak = 270.
OPT-1001 : Start global optimization ...
OPT-1001 : Start congestion update ...
RUN-1001 : Generating global routing grids ...
PHY-1001 : Generate routing nets ...
PHY-1001 : Reuse net number 3710/5275.
PHY-1001 : Global iterations in 16 thread ...
PHY-1002 : len = 135496, over cnt = 601(1%), over = 2102, worst = 16
PHY-1002 : len = 146656, over cnt = 360(1%), over = 1001, worst = 15
PHY-1002 : len = 154648, over cnt = 140(0%), over = 397, worst = 15
PHY-1002 : len = 159752, over cnt = 11(0%), over = 14, worst = 3
PHY-1002 : len = 159816, over cnt = 0(0%), over = 0, worst = 0
PHY-1001 : End global iterations;  0.266112s wall, 0.093750s user + 0.000000s system = 0.093750s CPU (35.2%)

PHY-1001 : Congestion index: top1 = 40.65, top5 = 32.16, top10 = 27.17, top15 = 23.72.
OPT-1001 : End congestion update;  0.351763s wall, 0.156250s user + 0.000000s system = 0.156250s CPU (44.4%)

OPT-1001 : Update timing in Manhattan mode
TMR-2503 : Start to update net delay, extr mode = 3.
TMR-2504 : Update delay of 5273 nets completely.
TMR-2502 : Annotate delay completely, extr mode = 3.
TMR-3501 : Forward propagation: start to calculate arrival time...
TMR-3502 : Backward propagation: start to calculate required time...
TMR-3503 : Timing propagation completes.
OPT-1001 : End timing update;  0.118359s wall, 0.078125s user + 0.000000s system = 0.078125s CPU (66.0%)

OPT-0007 : Start: WNS 999170 TNS 0 NUM_FEPS 0
OPT-1001 : End global optimization;  0.470333s wall, 0.234375s user + 0.000000s system = 0.234375s CPU (49.8%)

OPT-1001 : Current memory(MB): used = 274, reserve = 239, peak = 274.
OPT-1001 : End physical optimization;  1.607684s wall, 0.953125s user + 0.015625s system = 0.968750s CPU (60.3%)

PHY-3001 : Start packing ...
SYN-4007 : Packing 0 MUX to BLE ...
SYN-4008 : Packed 0 MUX and 0 SEQ to BLE.
SYN-4007 : Packing 1818 LUT to BLE ...
SYN-4008 : Packed 1818 LUT and 1102 SEQ to BLE.
SYN-4003 : Packing 843 remaining SEQ's ...
SYN-4005 : Packed 421 SEQ with LUT/SLICE
SYN-4006 : 392 single LUT's are left
SYN-4006 : 422 single SEQ's are left
SYN-4011 : Packing model "sd_bmp_hdmi" (AL_USER_NORMAL) with 2240/3069 primitive instances ...
PHY-3001 : End packing;  0.185373s wall, 0.140625s user + 0.000000s system = 0.140625s CPU (75.9%)

PHY-1001 : Populate physical database on model sd_bmp_hdmi.
RUN-1001 : There are total 1861 instances
RUN-1001 : 883 mslices, 884 lslices, 71 pads, 12 brams, 2 dsps
RUN-1001 : There are total 4293 nets
RUN-1001 : 2603 nets have 2 pins
RUN-1001 : 1256 nets have [3 - 5] pins
RUN-1001 : 309 nets have [6 - 10] pins
RUN-1001 : 72 nets have [11 - 20] pins
RUN-1001 : 39 nets have [21 - 99] pins
RUN-1001 : 14 nets have 100+ pins
PHY-3001 : design contains 1859 instances, 1767 slices, 104 macros(575 instances: 373 mslices 202 lslices)
PHY-3001 : Cell area utilization is 22%
PHY-3001 : After packing: Len = 121770, Over = 118
PHY-3001 : Run with size of 2
PHY-3001 : Cell area utilization is 22%
PHY-3001 : Update timing in Manhattan mode ...
RUN-1002 : start command "start_timer -report"
TMR-2505 : Start building timing graph for model sd_bmp_hdmi.
TMR-2506 : Build timing graph completely. Port num: 9, tpin num: 16995, tnet num: 4291, tinst num: 1859, tnode num: 21637, tedge num: 29590.
TMR-2508 : Levelizing timing graph completed, there are 39 levels in total.
TMR-2501 : Timing graph initialized successfully.
TMR-2503 : Start to update net delay, extr mode = 3.
TMR-2504 : Update delay of 4291 nets completely.
TMR-2502 : Annotate delay completely, extr mode = 3.
TMR-3001 : Initiate 0 clocks from SDC.
TMR-3004 : Map sdc constraints, there are 8 constraints in total.
TMR-3003 : Constraints initiated successfully.
TMR-3501 : Forward propagation: start to calculate arrival time...
TMR-3502 : Backward propagation: start to calculate required time...
TMR-3503 : Timing propagation completes.
PHY-3001 : End timing update;  0.673187s wall, 0.484375s user + 0.000000s system = 0.484375s CPU (72.0%)

PHY-3001 : :::0::: Try harder cell spreading with beta_ = 2.17077e-05
PHY-3002 : Step(95): len = 120224, overlap = 119
PHY-3002 : Step(96): len = 119649, overlap = 121
PHY-3002 : Step(97): len = 118436, overlap = 126
PHY-3002 : Step(98): len = 116668, overlap = 126.75
PHY-3002 : Step(99): len = 116132, overlap = 128.75
PHY-3002 : Step(100): len = 115033, overlap = 127.5
PHY-3001 : :::1::: Try harder cell spreading with beta_ = 4.34154e-05
PHY-3002 : Step(101): len = 116704, overlap = 122
PHY-3002 : Step(102): len = 117195, overlap = 121.75
PHY-3002 : Step(103): len = 119490, overlap = 114.75
PHY-3002 : Step(104): len = 120508, overlap = 113
PHY-3002 : Step(105): len = 121781, overlap = 107.25
PHY-3001 : :::2::: Try harder cell spreading with beta_ = 8.68308e-05
PHY-3002 : Step(106): len = 123177, overlap = 101.75
PHY-3002 : Step(107): len = 123553, overlap = 101.5
PHY-3002 : Step(108): len = 125103, overlap = 94.75
PHY-3002 : Step(109): len = 125806, overlap = 94.25
PHY-3002 : Step(110): len = 126332, overlap = 88.5
PHY-3001 : Legalization ...
PHY-3001 : End legalization;  0.566888s wall, 0.031250s user + 0.062500s system = 0.093750s CPU (16.5%)

PHY-3001 : Trial Legalized: Len = 154217
PHY-3001 : Run with size of 2
PHY-3001 : Cell area utilization is 22%
PHY-3001 : Update timing in Manhattan mode ...
TMR-2503 : Start to update net delay, extr mode = 3.
TMR-2504 : Update delay of 4291 nets completely.
TMR-2502 : Annotate delay completely, extr mode = 3.
TMR-3501 : Forward propagation: start to calculate arrival time...
TMR-3502 : Backward propagation: start to calculate required time...
TMR-3503 : Timing propagation completes.
PHY-3001 : End timing update;  0.082685s wall, 0.078125s user + 0.000000s system = 0.078125s CPU (94.5%)

PHY-3001 : :::0::: Try harder cell spreading with beta_ = 0.00020714
PHY-3002 : Step(111): len = 144180, overlap = 6.5
PHY-3002 : Step(112): len = 136553, overlap = 31.75
PHY-3002 : Step(113): len = 133176, overlap = 39.5
PHY-3002 : Step(114): len = 131018, overlap = 45.25
PHY-3002 : Step(115): len = 129991, overlap = 49.5
PHY-3002 : Step(116): len = 129450, overlap = 50
PHY-3002 : Step(117): len = 129354, overlap = 50.5
PHY-3002 : Step(118): len = 129078, overlap = 52
PHY-3001 : :::1::: Try harder cell spreading with beta_ = 0.000414281
PHY-3002 : Step(119): len = 130300, overlap = 52.5
PHY-3002 : Step(120): len = 131063, overlap = 54.25
PHY-3002 : Step(121): len = 131337, overlap = 53.5
PHY-3001 : :::2::: Try harder cell spreading with beta_ = 0.000828562
PHY-3002 : Step(122): len = 132276, overlap = 51.5
PHY-3002 : Step(123): len = 132515, overlap = 50.25
PHY-3001 : Legalization ...
PHY-3001 : End legalization;  0.006787s wall, 0.000000s user + 0.000000s system = 0.000000s CPU (n/a%)

PHY-3001 : Legalized: Len = 144207, Over = 0
PHY-3001 : Spreading special nets. 61 overflows in 2952 tiles.
PHY-3001 : End spreading;  0.018244s wall, 0.000000s user + 0.000000s system = 0.000000s CPU (n/a%)

PHY-3001 : 85 instances has been re-located, deltaX = 39, deltaY = 48, maxDist = 2.
PHY-3001 : Final: Len = 146377, Over = 0
PHY-3001 : BANK 6 DIFFRESISTOR:NONE VOD:350M VCM:1.2
OPT-1001 : Start physical optimization ...
RUN-1002 : start command "start_timer -report"
TMR-2505 : Start building timing graph for model sd_bmp_hdmi.
TMR-2506 : Build timing graph completely. Port num: 9, tpin num: 16995, tnet num: 4291, tinst num: 1860, tnode num: 21637, tedge num: 29590.
TMR-2508 : Levelizing timing graph completed, there are 39 levels in total.
TMR-2501 : Timing graph initialized successfully.
OPT-1001 : Total overflow 0.00 peak overflow 0.00
OPT-1001 : Start high-fanout net optimization ...
OPT-1001 : Update timing in global mode
PHY-1001 : Start incremental global routing, caller is place ...
RUN-1001 : Generating global routing grids ...
PHY-1001 : Generate routing nets ...
PHY-1001 : Reuse net number 113/4293.
PHY-1001 : Global iterations in 16 thread ...
PHY-1002 : len = 167720, over cnt = 390(1%), over = 662, worst = 7
PHY-1002 : len = 170848, over cnt = 189(0%), over = 243, worst = 4
PHY-1002 : len = 172744, over cnt = 79(0%), over = 99, worst = 4
PHY-1002 : len = 173632, over cnt = 28(0%), over = 31, worst = 3
PHY-1002 : len = 173944, over cnt = 0(0%), over = 0, worst = 0
PHY-1001 : End global iterations;  0.405507s wall, 0.187500s user + 0.015625s system = 0.203125s CPU (50.1%)

PHY-1001 : Congestion index: top1 = 32.03, top5 = 26.46, top10 = 23.38, top15 = 21.25.
PHY-1001 : End incremental global routing;  0.511474s wall, 0.281250s user + 0.015625s system = 0.296875s CPU (58.0%)

TMR-2503 : Start to update net delay, extr mode = 5.
TMR-2504 : Update delay of 4291 nets completely.
TMR-2502 : Annotate delay completely, extr mode = 5.
TMR-3001 : Initiate 0 clocks from SDC.
TMR-3004 : Map sdc constraints, there are 8 constraints in total.
TMR-3003 : Constraints initiated successfully.
TMR-3501 : Forward propagation: start to calculate arrival time...
TMR-3502 : Backward propagation: start to calculate required time...
TMR-3503 : Timing propagation completes.
OPT-1001 : End timing update;  0.108276s wall, 0.046875s user + 0.000000s system = 0.046875s CPU (43.3%)

OPT-1001 : 0 high-fanout net processed.
OPT-1001 : End high-fanout net optimization;  0.697706s wall, 0.375000s user + 0.015625s system = 0.390625s CPU (56.0%)

OPT-1001 : Current memory(MB): used = 278, reserve = 244, peak = 278.
OPT-1001 : Start path based optimization ...
OPT-1001 : Start congestion update ...
RUN-1001 : Generating global routing grids ...
PHY-1001 : Generate routing nets ...
PHY-1001 : Reuse net number 3724/4293.
PHY-1001 : Global iterations in 16 thread ...
PHY-1002 : len = 173944, over cnt = 0(0%), over = 0, worst = 0
PHY-1001 : End global iterations;  0.019340s wall, 0.015625s user + 0.000000s system = 0.015625s CPU (80.8%)

PHY-1001 : Congestion index: top1 = 32.03, top5 = 26.46, top10 = 23.38, top15 = 21.25.
OPT-1001 : End congestion update;  0.111549s wall, 0.109375s user + 0.000000s system = 0.109375s CPU (98.1%)

OPT-1001 : Update timing in Manhattan mode
TMR-2503 : Start to update net delay, extr mode = 3.
TMR-2504 : Update delay of 4291 nets completely.
TMR-2502 : Annotate delay completely, extr mode = 3.
TMR-3501 : Forward propagation: start to calculate arrival time...
TMR-3502 : Backward propagation: start to calculate required time...
TMR-3503 : Timing propagation completes.
OPT-1001 : End timing update;  0.084699s wall, 0.078125s user + 0.000000s system = 0.078125s CPU (92.2%)

OPT-0007 : Start: WNS 999045 TNS 0 NUM_FEPS 0
OPT-1001 : End path based optimization;  0.196444s wall, 0.187500s user + 0.000000s system = 0.187500s CPU (95.4%)

OPT-1001 : Current memory(MB): used = 280, reserve = 245, peak = 280.
OPT-1001 : Update timing in Manhattan mode
TMR-2503 : Start to update net delay, extr mode = 3.
TMR-2504 : Update delay of 4291 nets completely.
TMR-2502 : Annotate delay completely, extr mode = 3.
TMR-3501 : Forward propagation: start to calculate arrival time...
TMR-3502 : Backward propagation: start to calculate required time...
TMR-3503 : Timing propagation completes.
OPT-1001 : End timing update;  0.081219s wall, 0.046875s user + 0.000000s system = 0.046875s CPU (57.7%)

OPT-1001 : Start pin optimization...
OPT-1001 : skip pin optimization...
RUN-1001 : Generating global routing grids ...
PHY-1001 : Generate routing nets ...
PHY-1001 : Reuse net number 3724/4293.
PHY-1001 : Global iterations in 16 thread ...
PHY-1002 : len = 173944, over cnt = 0(0%), over = 0, worst = 0
PHY-1001 : End global iterations;  0.025333s wall, 0.031250s user + 0.000000s system = 0.031250s CPU (123.4%)

PHY-1001 : Congestion index: top1 = 32.03, top5 = 26.46, top10 = 23.38, top15 = 21.25.
OPT-1001 : Update timing in Manhattan mode
TMR-2503 : Start to update net delay, extr mode = 3.
TMR-2504 : Update delay of 4291 nets completely.
TMR-2502 : Annotate delay completely, extr mode = 3.
TMR-3501 : Forward propagation: start to calculate arrival time...
TMR-3502 : Backward propagation: start to calculate required time...
TMR-3503 : Timing propagation completes.
OPT-1001 : End timing update;  0.086963s wall, 0.031250s user + 0.000000s system = 0.031250s CPU (35.9%)

RUN-1001 : QoR Analysis:
OPT-0007 :   WNS 999045 TNS 0 NUM_FEPS 0
RUN-1001 :   No local congestion issue, and most congested 1% tile average routing util is 31.586207
RUN-1001 :   Top critical paths
OPT-1001 : End physical optimization;  1.811055s wall, 1.250000s user + 0.015625s system = 1.265625s CPU (69.9%)

RUN-1003 : finish command "place" in  11.020976s wall, 5.984375s user + 1.609375s system = 7.593750s CPU (68.9%)

RUN-1004 : used memory is 264 MB, reserved memory is 229 MB, peak memory is 280 MB
RUN-1002 : start command "export_db SD-SDRAM-ISP-HDMI_place.db"
RUN-1001 : Exported /
RUN-1001 : Exported flow parameters
RUN-1001 : Exported libs
RUN-1001 : Exported entities
RUN-1001 : Exported ports
RUN-1001 : Exported pins
RUN-1001 : Exported instances
RUN-1001 : Exported nets
RUN-1001 : Exported buses
RUN-1001 : Exported models
RUN-1001 : Exported congestions
RUN-1001 : Exported violations
RUN-1001 : Exported timing constraints
RUN-1001 : Exported IO constraints
RUN-1001 : Exported Inst constraints
RUN-1001 : Exported ChipWatcher
RUN-1002 : start command "route"
RUN-1001 : Open license file F:/ARMChina/license/Anlogic.lic
RUN-1001 : Print Global Property
RUN-1001 : ---------------------------------------------------------------
RUN-1001 :        Parameters        |  Settings  |  Default Values  |  Note  
RUN-1001 : ---------------------------------------------------------------
RUN-1001 :          message         |  standard  |     standard     |        
RUN-1001 :   mixed_pack_place_flow  |     on     |        on        |        
RUN-1001 :        qor_monitor       |    off     |       off        |        
RUN-1001 :        syn_ip_flow       |    off     |       off        |        
RUN-1001 :          thread          |    auto    |       auto       |        
RUN-1001 : ---------------------------------------------------------------
RUN-1001 : Print Route Property
RUN-1001 : -------------------------------------------------------
RUN-1001 :    Parameters    |  Settings  |  Default Values  |  Note  
RUN-1001 : -------------------------------------------------------
RUN-1001 :      effort      |   medium   |      medium      |        
RUN-1001 :     fix_hold     |    off     |       off        |        
RUN-1001 :    opt_timing    |   medium   |      medium      |        
RUN-1001 :   phy_sim_model  |    off     |       off        |        
RUN-1001 :     priority     |   timing   |      timing      |        
RUN-1001 :     swap_pin     |     on     |        on        |        
RUN-1001 : -------------------------------------------------------
PHY-1001 : Route runs in 16 thread(s)
RUN-1001 : There are total 1862 instances
RUN-1001 : 883 mslices, 884 lslices, 71 pads, 12 brams, 2 dsps
RUN-1001 : There are total 4293 nets
RUN-1001 : 2603 nets have 2 pins
RUN-1001 : 1256 nets have [3 - 5] pins
RUN-1001 : 309 nets have [6 - 10] pins
RUN-1001 : 72 nets have [11 - 20] pins
RUN-1001 : 39 nets have [21 - 99] pins
RUN-1001 : 14 nets have 100+ pins
RUN-1002 : start command "start_timer -report"
TMR-2505 : Start building timing graph for model sd_bmp_hdmi.
TMR-2506 : Build timing graph completely. Port num: 9, tpin num: 16995, tnet num: 4291, tinst num: 1860, tnode num: 21637, tedge num: 29590.
TMR-2508 : Levelizing timing graph completed, there are 39 levels in total.
TMR-2501 : Timing graph initialized successfully.
PHY-1001 : 883 mslices, 884 lslices, 71 pads, 12 brams, 2 dsps
TMR-2503 : Start to update net delay, extr mode = 3.
TMR-2504 : Update delay of 4291 nets completely.
TMR-2502 : Annotate delay completely, extr mode = 3.
TMR-3001 : Initiate 0 clocks from SDC.
TMR-3004 : Map sdc constraints, there are 8 constraints in total.
TMR-3003 : Constraints initiated successfully.
TMR-3501 : Forward propagation: start to calculate arrival time...
TMR-3502 : Backward propagation: start to calculate required time...
TMR-3503 : Timing propagation completes.
PHY-1001 : Start global routing, caller is route ...
RUN-1001 : Generating global routing grids ...
PHY-1001 : Generate routing nets ...
PHY-1001 : Global iterations in 16 thread ...
PHY-1002 : len = 167168, over cnt = 393(1%), over = 664, worst = 6
PHY-1002 : len = 170344, over cnt = 198(0%), over = 252, worst = 4
PHY-1002 : len = 172696, over cnt = 59(0%), over = 67, worst = 3
PHY-1002 : len = 173576, over cnt = 0(0%), over = 0, worst = 0
PHY-1001 : End global iterations;  0.400724s wall, 0.218750s user + 0.000000s system = 0.218750s CPU (54.6%)

PHY-1001 : Congestion index: top1 = 31.96, top5 = 26.48, top10 = 23.36, top15 = 21.21.
PHY-1001 : End global routing;  0.501243s wall, 0.234375s user + 0.000000s system = 0.234375s CPU (46.8%)

PHY-1001 : Start detail routing ...
PHY-1001 : Current memory(MB): used = 313, reserve = 279, peak = 313.
PHY-1001 : Detailed router is running in normal mode.
PHY-1001 : Generate detailed routing grids ...
PHY-1001 : Generate nets ...
PHY-1001 : net sys_clk_dup_1 will be routed on clock mesh
PHY-1001 : clock net u_clk_wiz_1/clk0_out will be merged with clock u_clk_wiz_1/clk0_buf
PHY-1001 : net u_ddr3_top/clk_sdram will be routed on clock mesh
PHY-1001 : clock net u_ddr3_top/u_sdram_fifo_ctrl/clk_ref will be merged with clock u_clk_wiz_0/clk0_buf
PHY-1001 : net u_ddr3_top/u_sdram_fifo_ctrl/rdfifo/clkr will be routed on clock mesh
PHY-1001 : net u_ddr3_top/u_sdram_fifo_ctrl/wrfifo/clkw will be routed on clock mesh
PHY-1001 : clock net config_inst_syn_10 will be merged with clock config_inst_syn_9
PHY-1001 : clock net u_sd_ctrl_top/u_sd_init/div_clk_syn_4 will be merged with clock u_sd_ctrl_top/u_sd_init/div_clk
PHY-1001 : net u_sd_ctrl_top/u_sd_read/clk_ref_180deg will be routed on clock mesh
PHY-1001 : Current memory(MB): used = 566, reserve = 537, peak = 566.
PHY-1001 : End build detailed router design. 3.471782s wall, 2.390625s user + 0.031250s system = 2.421875s CPU (69.8%)

PHY-1001 : Detail Route ...
PHY-1001 : ===== Detail Route Phase 1 =====
PHY-1001 : Clock net routing.....
PHY-1001 : Routed 0% nets.
PHY-1022 : len = 58096, over cnt = 0(0%), over = 0, worst = 0, crit = 0
PHY-1001 : End initial clock net routed; 3.265044s wall, 2.531250s user + 0.000000s system = 2.531250s CPU (77.5%)

PHY-1001 : Current memory(MB): used = 599, reserve = 570, peak = 599.
PHY-1001 : End phase 1; 3.270559s wall, 2.546875s user + 0.000000s system = 2.546875s CPU (77.9%)

PHY-1001 : ===== Detail Route Phase 2 =====
PHY-1001 : Initial routing.....
PHY-1001 : Routed 36% nets.
PHY-1001 : Routed 45% nets.
PHY-1001 : Routed 56% nets.
PHY-1001 : Routed 69% nets.
PHY-1001 : Routed 88% nets.
PHY-1022 : len = 474904, over cnt = 105(0%), over = 105, worst = 1, crit = 0
PHY-1001 : Current memory(MB): used = 600, reserve = 572, peak = 601.
PHY-1001 : End initial routed; 6.118800s wall, 3.859375s user + 0.015625s system = 3.875000s CPU (63.3%)

PHY-1001 : Update timing.....
PHY-1001 : 0/3808(0%) critical/total net(s).
RUN-1001 : ------------------------------------------
RUN-1001 :   Type   |    WNS(ns)    |  TNS(ns)  |  FEP  
RUN-1001 : ------------------------------------------
RUN-1001 :   Setup  |    998.546    |   0.000   |   0   
RUN-1001 :   Hold   |  2147483.647  |   0.000   |   0   
RUN-1001 : ------------------------------------------
PHY-1001 : End update timing; 0.879438s wall, 0.750000s user + 0.000000s system = 0.750000s CPU (85.3%)

PHY-1001 : Current memory(MB): used = 606, reserve = 577, peak = 606.
PHY-1001 : End phase 2; 6.998485s wall, 4.609375s user + 0.015625s system = 4.625000s CPU (66.1%)

PHY-1001 : ===== Detail Route Phase 3 =====
PHY-1001 : Optimize timing.....
PHY-1022 : len = 474904, over cnt = 105(0%), over = 105, worst = 1, crit = 0
PHY-1001 : End optimize timing; 0.020559s wall, 0.000000s user + 0.000000s system = 0.000000s CPU (n/a%)

PHY-1001 : Ripup-reroute.....
PHY-1001 : ===== DR Iter 1 =====
PHY-1022 : len = 473808, over cnt = 25(0%), over = 25, worst = 1, crit = 0
PHY-1001 : End DR Iter 1; 0.110559s wall, 0.031250s user + 0.000000s system = 0.031250s CPU (28.3%)

PHY-1001 : ===== DR Iter 2 =====
PHY-1022 : len = 473720, over cnt = 4(0%), over = 4, worst = 1, crit = 0
PHY-1001 : End DR Iter 2; 0.070652s wall, 0.062500s user + 0.000000s system = 0.062500s CPU (88.5%)

PHY-1001 : ===== DR Iter 3 =====
PHY-1022 : len = 473664, over cnt = 0(0%), over = 0, worst = 0, crit = 0
PHY-1001 : End DR Iter 3; 0.073643s wall, 0.046875s user + 0.000000s system = 0.046875s CPU (63.7%)

PHY-1001 : Update timing.....
PHY-1001 : 0/3808(0%) critical/total net(s).
RUN-1001 : ------------------------------------------
RUN-1001 :   Type   |    WNS(ns)    |  TNS(ns)  |  FEP  
RUN-1001 : ------------------------------------------
RUN-1001 :   Setup  |    998.546    |   0.000   |   0   
RUN-1001 :   Hold   |  2147483.647  |   0.000   |   0   
RUN-1001 : ------------------------------------------
PHY-1001 : End update timing; 0.958591s wall, 0.625000s user + 0.000000s system = 0.625000s CPU (65.2%)

PHY-1001 : Commit to database.....
PHY-1001 : 21 feed throughs used by 19 nets
PHY-1001 : End commit to database; 0.507631s wall, 0.281250s user + 0.000000s system = 0.281250s CPU (55.4%)

PHY-1001 : Current memory(MB): used = 633, reserve = 606, peak = 633.
PHY-1001 : End phase 3; 1.908600s wall, 1.171875s user + 0.000000s system = 1.171875s CPU (61.4%)

PHY-1003 : Routed, final wirelength = 473664
PHY-1001 : Current memory(MB): used = 635, reserve = 607, peak = 635.
PHY-1001 : End export database. 0.016854s wall, 0.000000s user + 0.000000s system = 0.000000s CPU (n/a%)

PHY-1001 : End detail routing;  15.905395s wall, 10.890625s user + 0.078125s system = 10.968750s CPU (69.0%)

RUN-1003 : finish command "route" in  17.164294s wall, 11.500000s user + 0.078125s system = 11.578125s CPU (67.5%)

RUN-1004 : used memory is 635 MB, reserved memory is 607 MB, peak memory is 635 MB
RUN-1002 : start command "report_area -io_info -file SD-SDRAM-ISP-HDMI_phy.area"
RUN-1001 : standard
***Report Model: sd_bmp_hdmi Device: EG4S20BG256***

IO Statistics
#IO                        12
  #input                    5
  #output                   7
  #inout                    0

Utilization Statistics
#lut                     3007   out of  19600   15.34%
#reg                     1960   out of  19600   10.00%
#le                      3429
  #lut only              1469   out of   3429   42.84%
  #reg only               422   out of   3429   12.31%
  #lut&reg               1538   out of   3429   44.85%
#dsp                        2   out of     29    6.90%
#bram                      10   out of     64   15.62%
  #bram9k                  10
  #fifo9k                   0
#bram32k                    2   out of     16   12.50%
#pad                       16   out of    188    8.51%
  #ireg                     0
  #oreg                     4
  #treg                     0
#pll                        2   out of      4   50.00%
#gclk                       4   out of     16   25.00%

Clock Resource Statistics
Index     ClockNet                                    Type               DriverType         Driver                                          Fanout
#1        u_ddr3_top/u_sdram_fifo_ctrl/rdfifo/clkr    GCLK               pll                u_clk_wiz_1/pll_inst.clkc1                      536
#2        u_clk_wiz_0/clk0_buf                        GCLK               pll                u_clk_wiz_0/pll_inst.clkc0                      175
#3        u_ddr3_top/u_sdram_fifo_ctrl/wrfifo/clkw    GCLK               pll                u_clk_wiz_0/pll_inst.clkc3                      160
#4        config_inst_syn_9                           GCLK               config             config_inst.jtck                                122
#5        sys_clk_dup_1                               GCLK               io                 sys_clk_syn_2.di                                65
#6        u_sd_ctrl_top/u_sd_init/div_clk             GCLK               mslice             u_sd_ctrl_top/u_sd_init/div_clk_reg_syn_9.q0    64
#7        u_clk_wiz_1/clk0_buf                        GCLK               pll                u_clk_wiz_1/pll_inst.clkc0                      37
#8        u_sd_ctrl_top/u_sd_read/clk_ref_180deg      GCLK               pll                u_clk_wiz_0/pll_inst.clkc4                      25
#9        u_ddr3_top/clk_sdram                        GCLK               pll                u_clk_wiz_0/pll_inst.clkc1                      0


Detailed IO Report

        Name           Direction    Location    IOStandard    DriveStrength    PullType    PackReg  
       sd_miso           INPUT        D14        LVCMOS33          N/A          PULLUP      NONE    
   switch_video[1]       INPUT        B10        LVCMOS33          N/A          PULLUP      NONE    
   switch_video[0]       INPUT        A10        LVCMOS33          N/A          PULLUP      NONE    
       sys_clk           INPUT         R7        LVCMOS33          N/A          PULLUP      NONE    
      sys_rst_n          INPUT         A9        LVCMOS33          N/A          PULLUP      NONE    
       sd_clk           OUTPUT        F15        LVCMOS33           8            NONE       NONE    
        sd_cs           OUTPUT        F13        LVCMOS33           8            NONE       NONE    
       sd_mosi          OUTPUT        F14        LVCMOS33           8            NONE       NONE    
     tmds_clk_p         OUTPUT         P1         LVDS33           NA            NONE      ODDRX1   
    tmds_clk_p(n)       OUTPUT         R1         LVDS33           NA            NONE      ODDRX1   
   tmds_data_p[2]       OUTPUT         J3         LVDS33           NA            NONE      ODDRX1   
  tmds_data_p[2](n)     OUTPUT         J4         LVDS33           NA            NONE      ODDRX1   
   tmds_data_p[1]       OUTPUT         P4         LVDS33           NA            NONE      ODDRX1   
  tmds_data_p[1](n)     OUTPUT         N4         LVDS33           NA            NONE      ODDRX1   
   tmds_data_p[0]       OUTPUT         N1         LVDS33           NA            NONE      ODDRX1   
  tmds_data_p[0](n)     OUTPUT         M1         LVDS33           NA            NONE      ODDRX1   
       dq[23]            INPUT        S31        LVCMOS25           8           PULLUP      NONE    
       dq[22]            INPUT        S32        LVCMOS25           8           PULLUP      NONE    
       dq[21]            INPUT        S35        LVCMOS25           8           PULLUP      NONE    
       dq[20]            INPUT        S36        LVCMOS25           8           PULLUP      NONE    
       dq[19]            INPUT        S37        LVCMOS25           8           PULLUP      NONE    
       dq[18]            INPUT        S38        LVCMOS25           8           PULLUP      NONE    
       dq[17]            INPUT        S41        LVCMOS25           8           PULLUP      NONE    
       dq[16]            INPUT        S42        LVCMOS25           8           PULLUP      NONE    
       dq[31]            INPUT        S48        LVCMOS25           8           PULLUP      NONE    
       dq[30]            INPUT        S49        LVCMOS25           8           PULLUP      NONE    
       dq[29]            INPUT        S52        LVCMOS25           8           PULLUP      NONE    
       dq[28]            INPUT        S53        LVCMOS25           8           PULLUP      NONE    
       dq[27]            INPUT        S54        LVCMOS25           8           PULLUP      NONE    
       dq[26]            INPUT        S55        LVCMOS25           8           PULLUP      NONE    
       dq[25]            INPUT        S58        LVCMOS25           8           PULLUP      NONE    
       dq[24]            INPUT        S59        LVCMOS25           8           PULLUP      NONE    
         dm0            OUTPUT        S14        LVCMOS25           8            NONE       NONE    
         cke            OUTPUT        S18        LVCMOS25           8            NONE       OREG    
        we_n            OUTPUT        S19        LVCMOS25           8            NONE       OREG    
        cas_n           OUTPUT        S20        LVCMOS25           8            NONE       OREG    
        ras_n           OUTPUT        S21        LVCMOS25           8            NONE       OREG    
        cs_n            OUTPUT        S22        LVCMOS25           8            NONE       OREG    
       addr[9]          OUTPUT        S23        LVCMOS25           8            NONE       OREG    
       addr[8]          OUTPUT        S24        LVCMOS25           8            NONE       OREG    
       addr[7]          OUTPUT        S25        LVCMOS25           8            NONE       OREG    
       addr[6]          OUTPUT        S26        LVCMOS25           8            NONE       OREG    
       addr[5]          OUTPUT        S27        LVCMOS25           8            NONE       OREG    
       addr[4]          OUTPUT        S28        LVCMOS25           8            NONE       OREG    
         dm2            OUTPUT        S29        LVCMOS25           8            NONE       NONE    
         dm3            OUTPUT        S61        LVCMOS25           8            NONE       NONE    
       addr[3]          OUTPUT        S64        LVCMOS25           8            NONE       OREG    
       addr[2]          OUTPUT        S65        LVCMOS25           8            NONE       OREG    
       addr[1]          OUTPUT        S66        LVCMOS25           8            NONE       OREG    
       addr[0]          OUTPUT        S67        LVCMOS25           8            NONE       OREG    
      addr[10]          OUTPUT        S68        LVCMOS25           8            NONE       OREG    
        ba[0]           OUTPUT        S69        LVCMOS25           8            NONE       OREG    
        ba[1]           OUTPUT        S70        LVCMOS25           8            NONE       OREG    
         clk            OUTPUT        S73        LVCMOS25           8            NONE       NONE    
         dm1            OUTPUT        S76        LVCMOS25           8            NONE       NONE    
        dq[0]            INOUT         S1        LVCMOS25           8           PULLUP      IREG    
        dq[6]            INOUT        S11        LVCMOS25           8           PULLUP      IREG    
        dq[7]            INOUT        S12        LVCMOS25           8           PULLUP      IREG    
        dq[1]            INOUT         S2        LVCMOS25           8           PULLUP      IREG    
        dq[2]            INOUT         S5        LVCMOS25           8           PULLUP      IREG    
        dq[3]            INOUT         S6        LVCMOS25           8           PULLUP      IREG    
        dq[4]            INOUT         S7        LVCMOS25           8           PULLUP      IREG    
        dq[8]            INOUT        S78        LVCMOS25           8           PULLUP      IREG    
        dq[9]            INOUT        S79        LVCMOS25           8           PULLUP      IREG    
        dq[5]            INOUT         S8        LVCMOS25           8           PULLUP      IREG    
       dq[10]            INOUT        S82        LVCMOS25           8           PULLUP      IREG    
       dq[11]            INOUT        S83        LVCMOS25           8           PULLUP      IREG    
       dq[12]            INOUT        S84        LVCMOS25           8           PULLUP      IREG    
       dq[13]            INOUT        S85        LVCMOS25           8           PULLUP      IREG    
       dq[14]            INOUT        S88        LVCMOS25           8           PULLUP      IREG    
       dq[15]            INOUT        S89        LVCMOS25           8           PULLUP      IREG    

Report Hierarchy Area:
+-------------------------------------------------------------------------------------------------------------------------------------+
|Instance                            |Module                                     |le     |lut     |ripple  |seq     |bram    |dsp     |
+-------------------------------------------------------------------------------------------------------------------------------------+
|top                                 |sd_bmp_hdmi                                |3429   |2432    |575     |1964    |12      |2       |
|  u_clk_wiz_0                       |PLL                                        |0      |0       |0       |0       |0       |0       |
|  u_clk_wiz_1                       |PLL_hdmi                                   |0      |0       |0       |0       |0       |0       |
|  u_ddr3_top                        |ddr3_top1                                  |567    |359     |103     |346     |2       |0       |
|    physica_sdram                   |SDRAM                                      |0      |0       |0       |0       |0       |0       |
|    u_sdram_controller              |sdram_controller                           |213    |152     |40      |96      |0       |0       |
|      u_sdram_cmd                   |sdram_cmd                                  |24     |24      |0       |16      |0       |0       |
|      u_sdram_ctrl                  |sdram_ctrl                                 |173    |128     |40      |64      |0       |0       |
|      u_sdram_data                  |sdram_data                                 |16     |0       |0       |16      |0       |0       |
|    u_sdram_fifo_ctrl               |sdram_fifo_ctrl                            |354    |207     |63      |250     |2       |0       |
|      rdfifo                        |SOFTFIFO                                   |138    |80      |18      |112     |1       |0       |
|        ram_inst                    |ram_infer_SOFTFIFO                         |8      |1       |0       |8       |1       |0       |
|        rd_to_wr_cross_inst         |fifo_cross_domain_addr_process_al_SOFTFIFO |40     |20      |0       |40      |0       |0       |
|        wr_to_rd_cross_inst         |fifo_cross_domain_addr_process_al_SOFTFIFO |35     |29      |0       |35      |0       |0       |
|      wrfifo                        |SOFTFIFO                                   |139    |77      |21      |107     |1       |0       |
|        ram_inst                    |ram_infer_SOFTFIFO                         |12     |5       |0       |12      |1       |0       |
|        rd_to_wr_cross_inst         |fifo_cross_domain_addr_process_al_SOFTFIFO |40     |24      |0       |40      |0       |0       |
|        wr_to_rd_cross_inst         |fifo_cross_domain_addr_process_al_SOFTFIFO |31     |20      |0       |31      |0       |0       |
|  u_hdmi_top                        |hdmi_top1                                  |1685   |1287    |254     |934     |4       |2       |
|    awb                             |ISP_awb_top                                |963    |799     |91      |596     |0       |2       |
|      cal_awb                       |alg_awb                                    |683    |619     |64      |366     |0       |0       |
|        div_bgain                   |shift_div                                  |336    |315     |21      |193     |0       |0       |
|        div_rgain                   |shift_div                                  |279    |262     |17      |157     |0       |0       |
|      stat                          |isp_stat_awb                               |258    |162     |27      |210     |0       |0       |
|      wb                            |isp_wb                                     |22     |18      |0       |20      |0       |2       |
|    debayer_l                       |isp_demosaic_l                             |223    |118     |48      |130     |4       |0       |
|      linebuffer                    |shift_register                             |59     |43      |16      |19      |4       |0       |
|        gen_ram_inst[0]$u_ram       |simple_dp_ram                              |0      |0       |0       |0       |2       |0       |
|        gen_ram_inst[1]$u_ram       |simple_dp_ram                              |9      |9       |0       |1       |2       |0       |
|    u3_hdmi_tx                      |hdmi_tx                                    |348    |281     |54      |175     |0       |0       |
|      Inst_DVITransmitter           |DVITransmitter                             |348    |281     |54      |175     |0       |0       |
|        Inst_TMDSEncoder_blue       |TMDSEncoder                                |114    |96      |18      |45      |0       |0       |
|        Inst_TMDSEncoder_green      |TMDSEncoder                                |82     |64      |18      |38      |0       |0       |
|        Inst_TMDSEncoder_red        |TMDSEncoder                                |105    |87      |18      |45      |0       |0       |
|        Inst_blue_serializer_10_1   |Serial_N_1_lvds_dat                        |21     |17      |0       |21      |0       |0       |
|        Inst_clk_serializer_10_1    |Serial_N_1_lvds                            |6      |4       |0       |6       |0       |0       |
|        Inst_green_serializer_10_1  |Serial_N_1_lvds_dat                        |10     |6       |0       |10      |0       |0       |
|        Inst_red_serializer_10_1    |Serial_N_1_lvds_dat                        |10     |7       |0       |10      |0       |0       |
|    u_video_driver                  |video_driver                               |151    |89      |61      |33      |0       |0       |
|  u_sd_ctrl_top                     |sd_ctrl_top                                |370    |265     |49      |212     |0       |0       |
|    u_sd_init                       |sd_init                                    |217    |152     |32      |106     |0       |0       |
|    u_sd_read                       |sd_read                                    |153    |113     |17      |106     |0       |0       |
|  u_sd_read_photo                   |read_rawdata                               |317    |221     |82      |146     |0       |0       |
|  cw_top                            |CW_TOP_WRAPPER                             |483    |293     |87      |319     |0       |0       |
|    wrapper_cwc_top                 |cwc_top                                    |483    |293     |87      |319     |0       |0       |
|      cfg_int_inst                  |cwc_cfg_int                                |212    |123     |0       |198     |0       |0       |
|        reg_inst                    |register                                   |209    |120     |0       |195     |0       |0       |
|        tap_inst                    |tap                                        |3      |3       |0       |3       |0       |0       |
|      trigger_inst                  |trigger                                    |271    |170     |87      |121     |0       |0       |
|        bus_inst                    |bus_top                                    |74     |44      |26      |33      |0       |0       |
|          BUS_DETECTOR[0]$bus_nodes |bus_det                                    |2      |2       |0       |2       |0       |0       |
|          BUS_DETECTOR[1]$bus_nodes |bus_det                                    |2      |2       |0       |2       |0       |0       |
|          BUS_DETECTOR[3]$bus_nodes |bus_det                                    |2      |2       |0       |2       |0       |0       |
|          BUS_DETECTOR[4]$bus_nodes |bus_det                                    |28     |14      |10      |11      |0       |0       |
|          BUS_DETECTOR[5]$bus_nodes |bus_det                                    |28     |18      |10      |12      |0       |0       |
|          BUS_DETECTOR[6]$bus_nodes |bus_det                                    |12     |6       |6       |4       |0       |0       |
|        emb_ctrl_inst               |emb_ctrl                                   |110    |81      |29      |59      |0       |0       |
+-------------------------------------------------------------------------------------------------------------------------------------+


DataNet Average Fanout:

   Index     Fanout     Nets  
    #1          1       2590  
    #2          2       652   
    #3          3       479   
    #4          4       125   
    #5        5-10      320   
    #6        11-50      83   
    #7       51-100      13   
    #8       101-500     8    
  Average     2.69            

RUN-1002 : start command "export_db SD-SDRAM-ISP-HDMI_pr.db"
RUN-1001 : Exported /
RUN-1001 : Exported flow parameters
RUN-1001 : Exported libs
RUN-1001 : Exported entities
RUN-1001 : Exported ports
RUN-1001 : Exported pins
RUN-1001 : Exported instances
RUN-1001 : Exported nets
RUN-1001 : Exported buses
RUN-1001 : Exported models
RUN-1001 : Exported congestions
RUN-1001 : Exported violations
RUN-1001 : Exported timing constraints
RUN-1001 : Exported IO constraints
RUN-1001 : Exported Inst constraints
RUN-1001 : Exported ChipWatcher
RUN-1002 : start command "start_timer"
TMR-2505 : Start building timing graph for model sd_bmp_hdmi.
TMR-2506 : Build timing graph completely. Port num: 9, tpin num: 16995, tnet num: 4291, tinst num: 1860, tnode num: 21637, tedge num: 29590.
TMR-2508 : Levelizing timing graph completed, there are 39 levels in total.
TMR-2501 : Timing graph initialized successfully.
RUN-1002 : start command "report_timing -mode FINAL -net_info -rpt_autogen true -file SD-SDRAM-ISP-HDMI_phy.timing"
TMR-2503 : Start to update net delay, extr mode = 6.
TMR-2504 : Update delay of 4291 nets completely.
TMR-2502 : Annotate delay completely, extr mode = 6.
TMR-3001 : Initiate 0 clocks from SDC.
TMR-3004 : Map sdc constraints, there are 8 constraints in total.
TMR-3003 : Constraints initiated successfully.
TMR-3501 : Forward propagation: start to calculate arrival time...
TMR-3502 : Backward propagation: start to calculate required time...
TMR-3503 : Timing propagation completes.
TMR-3506 : Start to generate timing report.
TMR-1502 : Number of clock constraints = 0. Number of clock nets = 9 (9 unconstrainted).
TMR-5009 WARNING: No clock constraint on 9 clock net(s): 
		config_inst_syn_10
		sys_clk_dup_1
		u_clk_wiz_1/clk0_out
		u_ddr3_top/clk_sdram
		u_ddr3_top/u_sdram_fifo_ctrl/clk_ref
		u_ddr3_top/u_sdram_fifo_ctrl/rdfifo/clkr
		u_ddr3_top/u_sdram_fifo_ctrl/wrfifo/clkw
		u_sd_ctrl_top/u_sd_init/div_clk_syn_4
		u_sd_ctrl_top/u_sd_read/clk_ref_180deg
USR-6122 CRITICAL-WARNING: No clock constraint on PLL u_clk_wiz_0/pll_inst
USR-6122 CRITICAL-WARNING: No clock constraint on PLL u_clk_wiz_1/pll_inst
TMR-3508 : Export timing summary.
TMR-3507 : Timing report generated successfully in SD-SDRAM-ISP-HDMI_phy.timing, timing summary in SD-SDRAM-ISP-HDMI_phy.tsm.
RUN-1002 : start command "export_bid SD-SDRAM-ISP-HDMI_inst.bid"
PRG-1000 : <!-- HMAC is: 1c3571b6562400ebf710be5971df44a902cec733ff1b49471e3f35ed4a40e2a0 -->
RUN-1002 : start command "bitgen -bit SD-SDRAM-ISP-HDMI.bit"
BIT-1003 : Start to generate bitstream. 
BIT-1002 : Init instances with 16 threads.
BIT-1002 : Init instances completely, inst num: 1860
BIT-1002 : Init pips with 16 threads.
BIT-1002 : Init pips completely, net num: 4293, pip num: 38373
BIT-1002 : Init feedthrough with 16 threads.
BIT-1002 : Init feedthrough completely, num: 21
BIT-1003 : Multithreading accelaration with 16 threads.
BIT-1003 : Generate bitstream completely, there are 1959 valid insts, and 113168 bits set as '1'.
BIT-1004 : the usercode register value: 00000000111101110011110010101001
BIT-1004 : PLL setting string = 0110
BIT-1004 : Generate bits file SD-SDRAM-ISP-HDMI.bit.
RUN-1003 : finish command "bitgen -bit SD-SDRAM-ISP-HDMI.bit" in  3.892151s wall, 15.453125s user + 0.375000s system = 15.828125s CPU (406.7%)

RUN-1004 : used memory is 644 MB, reserved memory is 615 MB, peak memory is 814 MB
RUN-1002 : start command "backup_run_log run.log ../.logs/phy_1/td_20240705_020228.log"
