============================================================
   Tang Dynasty, V5.6.71036
      Copyright (c) 2012-2023 Anlogic Inc.
   Executable = F:/ARMChina/bin/td.exe
   Built at =   20:34:38 Mar 21 2023
   Run by =     Illyasvial Von Einzb
   Run Date =   Wed Jul  3 21:12:02 2024

   Run on =     LAPTOP-4S5LNBPI
============================================================
RUN-1002 : start command "open_project SD-SDRAM-ISP-HDMI.prj"
RUN-1001 : Print Global Property
RUN-1001 : ---------------------------------------------------------------
RUN-1001 :        Parameters        |  Settings  |  Default Values  |  Note  
RUN-1001 : ---------------------------------------------------------------
RUN-1001 :          message         |  standard  |     standard     |        
RUN-1001 :   mixed_pack_place_flow  |     on     |        on        |        
RUN-1001 :        qor_monitor       |    off     |       off        |        
RUN-1001 :        syn_ip_flow       |    off     |       off        |        
RUN-1001 :          thread          |    auto    |       auto       |        
RUN-1001 : ---------------------------------------------------------------
RUN-1001 : Print Design Property
RUN-1001 : --------------------------------------------------------------
RUN-1001 :        Parameters       |  Settings  |  Default Values  |  Note  
RUN-1001 : --------------------------------------------------------------
RUN-1001 :   default_reg_initial   |    auto    |       auto       |        
RUN-1001 :        infer_add        |     on     |        on        |        
RUN-1001 :        infer_fsm        |    off     |       off        |        
RUN-1001 :        infer_mult       |     on     |        on        |        
RUN-1001 :        infer_ram        |     on     |        on        |        
RUN-1001 :        infer_reg        |     on     |        on        |        
RUN-1001 :   infer_reg_init_value  |     on     |        on        |        
RUN-1001 :        infer_rom        |     on     |        on        |        
RUN-1001 :      infer_shifter      |     on     |        on        |        
RUN-1001 : --------------------------------------------------------------
RUN-1001 : Print Rtl Property
RUN-1001 : --------------------------------------------------------------
RUN-1001 :        Parameters       |  Settings  |  Default Values  |  Note  
RUN-1001 : --------------------------------------------------------------
RUN-1001 :       compress_add      |   ripple   |      ripple      |        
RUN-1001 :        elf_sload        |    off     |       off        |        
RUN-1001 :       fix_undriven      |     0      |        0         |        
RUN-1001 :         flatten         |    off     |       off        |        
RUN-1001 :       gate_sharing      |     on     |        on        |        
RUN-1001 :    hdl_warning_level    |   normal   |      normal      |        
RUN-1001 :   impl_internal_tribuf  |     on     |        on        |        
RUN-1001 :      impl_set_reset     |     on     |        on        |        
RUN-1001 :        infer_gsr        |    off     |       off        |        
RUN-1001 :      keep_hierarchy     |    auto    |       auto       |        
RUN-1001 :        max_fanout       |    9999    |       9999       |        
RUN-1001 :      max_oh2bin_len     |     10     |        10        |        
RUN-1001 :       merge_equal       |     on     |        on        |        
RUN-1001 :       merge_equiv       |     on     |        on        |        
RUN-1001 :        merge_mux        |    off     |       off        |        
RUN-1001 :     min_control_set     |     8      |        8         |        
RUN-1001 :      min_ripple_len     |    auto    |       auto       |        
RUN-1001 :       oh2bin_ratio      |    0.08    |       0.08       |        
RUN-1001 :     opt_adder_fanout    |     on     |        on        |        
RUN-1001 :        opt_arith        |     on     |        on        |        
RUN-1001 :       opt_big_gate      |    off     |       off        |        
RUN-1001 :        opt_const        |     on     |        on        |        
RUN-1001 :      opt_const_mult     |     on     |        on        |        
RUN-1001 :       opt_lessthan      |     on     |        on        |        
RUN-1001 :         opt_mux         |    off     |       off        |        
RUN-1001 :         opt_ram         |    high    |       high       |        
RUN-1001 :      rtl_sim_model      |    off     |       off        |        
RUN-1001 :         seq_syn         |     on     |        on        |        
RUN-1001 : --------------------------------------------------------------
HDL-1007 : analyze verilog file ../../import/ddr3-al_ip/SOFTFIFO.v
HDL-1007 : analyze verilog file ../../import/ddr3-al_ip/SDRAM.v
HDL-1007 : analyze verilog file ../../al_ip/PLL.v
HDL-1007 : undeclared symbol 'open', assumed default net type 'wire' in ../../al_ip/PLL.v(92)
HDL-1007 : analyze verilog file ../../al_ip/PLL_hdmi.v
HDL-1007 : undeclared symbol 'open', assumed default net type 'wire' in ../../al_ip/PLL_hdmi.v(70)
HDL-1007 : analyze VHDL file ../../import/hdmi-rtl/enc_file/SerializerN_1_lvds.enc.vhd
Copyright (c) 1998-2019 The OpenSSL Project.  All rights reserved.
This product includes software developed by the OpenSSL Project
for use in the OpenSSL Toolkit (http://www.openssl.org/)
Copyright (C) 1995-1998 Eric Young (eay@cryptsoft.com)
All rights reserved.
This product includes cryptographic software written by Eric Young (eay@cryptsoft.com)
HDL-1007 : analyze entity ** in encrypted_text(0)
HDL-1007 : analyze architecture ** in encrypted_text(0)
HDL-1007 : analyze VHDL file ../../import/hdmi-rtl/enc_file/SerializerN_1_lvds_dat.enc.vhd
HDL-1007 : analyze entity ** in encrypted_text(0)
HDL-1007 : analyze architecture ** in encrypted_text(0)
HDL-1007 : analyze VHDL file ../../import/hdmi-rtl/enc_file/TMDSEncoder.enc.vhd
HDL-1007 : analyze entity ** in encrypted_text(0)
HDL-1007 : analyze architecture ** in encrypted_text(0)
HDL-1007 : analyze verilog file ../../import/hdmi-rtl/enc_file/video_tpg_1024768.enc.v
HDL-5007 WARNING: literal value ** truncated to fit in ** bits in encrypted_text(0)
HDL-1007 : back to file '../../import/hdmi-rtl/enc_file/video_tpg_1024768.enc.v' in ../../import/hdmi-rtl/enc_file/video_tpg_1024768.enc.v(216)
HDL-1007 : analyze verilog file ../../import/hdmi-rtl/enc_file/video_tpg_1080p.enc.v
HDL-1007 : back to file '../../import/hdmi-rtl/enc_file/video_tpg_1080p.enc.v' in ../../import/hdmi-rtl/enc_file/video_tpg_1080p.enc.v(208)
HDL-1007 : analyze verilog file ../../import/hdmi-rtl/enc_file/video_tpg_12801024p.enc.v
HDL-1007 : back to file '../../import/hdmi-rtl/enc_file/video_tpg_12801024p.enc.v' in ../../import/hdmi-rtl/enc_file/video_tpg_12801024p.enc.v(207)
HDL-1007 : analyze verilog file ../../import/hdmi-rtl/enc_file/video_tpg_1280800.enc.v
HDL-5007 WARNING: literal value ** truncated to fit in ** bits in encrypted_text(0)
HDL-1007 : back to file '../../import/hdmi-rtl/enc_file/video_tpg_1280800.enc.v' in ../../import/hdmi-rtl/enc_file/video_tpg_1280800.enc.v(216)
HDL-1007 : analyze verilog file ../../import/hdmi-rtl/enc_file/video_tpg_16801050p.enc.v
HDL-1007 : back to file '../../import/hdmi-rtl/enc_file/video_tpg_16801050p.enc.v' in ../../import/hdmi-rtl/enc_file/video_tpg_16801050p.enc.v(209)
HDL-1007 : analyze verilog file ../../import/hdmi-rtl/enc_file/video_tpg_800600.enc.v
HDL-1007 : back to file '../../import/hdmi-rtl/enc_file/video_tpg_800600.enc.v' in ../../import/hdmi-rtl/enc_file/video_tpg_800600.enc.v(211)
HDL-1007 : analyze verilog file ../../import/hdmi_top/hdmi_top.v
HDL-1007 : analyze verilog file ../../import/hdmi_top/video_driver.v
HDL-1007 : analyze verilog file ../../import/sd_bmp_hdmi.v
HDL-1007 : undeclared symbol 'rd_vsync', assumed default net type 'wire' in ../../import/sd_bmp_hdmi.v(200)
HDL-1007 : analyze verilog file ../../import/sd_ctrl_top/sd_ctrl_top.v
HDL-1007 : analyze verilog file ../../import/sd_ctrl_top/sd_init.v
HDL-1007 : analyze verilog file ../../import/sd_ctrl_top/sd_read.v
HDL-1007 : analyze verilog file ../../import/sd_ctrl_top/sd_write.v
HDL-1007 : analyze VHDL file ../../import/hdmi-rtl/enc_file/DVITransmitter.enc.vhd
HDL-1007 : analyze entity dvitransmitter in ../../import/hdmi-rtl/enc_file/DVITransmitter.enc.vhd(13)
HDL-1007 : analyze architecture ** in encrypted_text(0)
HDL-1007 : analyze VHDL file ../../import/hdmi-rtl/hdmi_tx.vhd
HDL-1007 : analyze entity hdmi_tx in ../../import/hdmi-rtl/hdmi_tx.vhd(11)
HDL-1007 : analyze architecture behavioral in ../../import/hdmi-rtl/hdmi_tx.vhd(33)
HDL-1007 : analyze verilog file ../../import/DDR3-rtl/sdram_cmd.v
HDL-1007 : analyze included file ../../import/DDR3-rtl/sdram_para.v in ../../import/DDR3-rtl/sdram_cmd.v(46)
HDL-1007 : back to file '../../import/DDR3-rtl/sdram_cmd.v' in ../../import/DDR3-rtl/sdram_cmd.v(46)
HDL-1007 : analyze verilog file ../../import/DDR3-rtl/sdram_controller.v
HDL-1007 : analyze verilog file ../../import/DDR3-rtl/sdram_ctrl.v
HDL-1007 : analyze included file ../../import/DDR3-rtl/sdram_para.v in ../../import/DDR3-rtl/sdram_ctrl.v(19)
HDL-1007 : back to file '../../import/DDR3-rtl/sdram_ctrl.v' in ../../import/DDR3-rtl/sdram_ctrl.v(19)
HDL-1007 : analyze verilog file ../../import/DDR3-rtl/sdram_data.v
HDL-1007 : analyze included file ../../import/DDR3-rtl/sdram_para.v in ../../import/DDR3-rtl/sdram_data.v(13)
HDL-1007 : back to file '../../import/DDR3-rtl/sdram_data.v' in ../../import/DDR3-rtl/sdram_data.v(13)
HDL-1007 : analyze verilog file ../../import/DDR3-rtl/sdram_fifo_ctrl.v
HDL-1007 : analyze verilog file ../../import/DDR3-rtl/sdram_top.v
HDL-1007 : analyze verilog file ../../import/read_rawdata.v
HDL-1007 : analyze verilog file ../../import/hdmi_top/ISP_dpc.v
HDL-1007 : analyze verilog file ../../import/hdmi_top/ISP_include.v
RUN-1001 : Project manager successfully analyzed 32 source files.
RUN-1002 : start command "import_device eagle_s20.db -package EG4S20BG256"
ARC-1001 : Device Initialization.
ARC-1001 : ------------------------------------------------------------------
ARC-1001 :            OPTION            |          IO          |   SETTING   
ARC-1001 : ------------------------------------------------------------------
ARC-1001 :   cso_b/cclk/mosi/miso/dout  |  T3/R11/T10/P10/S11  |    gpio    
ARC-1001 :             done             |         P13          |    gpio    
ARC-1001 :           program_b          |          T2          |  dedicate  
ARC-1001 :        tdi/tms/tck/tdo       |   C12/A15/C14/E14    |  dedicate  
ARC-1001 : ------------------------------------------------------------------
ARC-1004 : Device setting, marked 5 dedicate IOs in total.
RUN-1002 : start command "import_db ../syn_1/SD-SDRAM-ISP-HDMI_gate.db"
RUN-1001 : Importing database generated by Tang Dynasty, V5.6.71036.
RUN-1001 : Database version number 46146.
RUN-1001 : Import flow parameters
RUN-1001 : Import timing constraints
RUN-1001 : Import IO constraints
RUN-1001 : Import Inst constraints
RUN-1001 : Import design success TD_VERSION=5.6.71036 , DB_VERSION=46146
RUN-1002 : start command "read_sdc -ip SOFTFIFO ../../import/ddr3-al_ip/SOFTFIFO.tcl"
RUN-1002 : start command "get_ports clkw"
RUN-1002 : start command "get_nets  clkw  "
RUN-1002 : start command "get_clocks -nowarn -of nets 9663676416000"
RUN-1002 : start command "get_ports clkr"
RUN-1002 : start command "get_nets  clkr  "
RUN-1002 : start command "get_clocks -nowarn -of nets 36777804955648"
RUN-1002 : start command "get_property -nowarn -max PERIOD "
RUN-1002 : start command "get_property -nowarn -max PERIOD "
RUN-1002 : start command "get_regs rd_to_wr_cross_inst/primary_addr_gray_reg[*]"
RUN-1002 : start command "get_regs rd_to_wr_cross_inst/sync_r1[*]"
RUN-1002 : start command "set_max_delay -from  -to  999.70000000000005 -datapath_only"
RUN-1002 : start command "get_regs rd_to_wr_cross_inst/primary_addr_gray_reg[*]"
RUN-1002 : start command "get_regs rd_to_wr_cross_inst/sync_r1[*]"
RUN-1002 : start command "set_false_path -from  -to  -hold 999.70000000000005"
USR-1002 : set_false_path -help -setup -hold -from <list> -rise_from <list> -fall_from <list> -to <list> -rise_to <list> -fall_to <list> -through <list>
RUN-1002 : start command "get_regs wr_to_rd_cross_inst/primary_addr_gray_reg[*]"
RUN-1002 : start command "get_regs wr_to_rd_cross_inst/sync_r1[*]"
RUN-1002 : start command "set_max_delay -from  -to  999.70000000000005 -datapath_only"
RUN-1002 : start command "get_regs wr_to_rd_cross_inst/primary_addr_gray_reg[*]"
RUN-1002 : start command "get_regs wr_to_rd_cross_inst/sync_r1[*]"
RUN-1002 : start command "set_false_path -from  -to  -hold 999.70000000000005"
USR-1002 : set_false_path -help -setup -hold -from <list> -rise_from <list> -fall_from <list> -to <list> -rise_to <list> -fall_to <list> -through <list>
RUN-1002 : start command "get_ports clkw"
RUN-1002 : start command "get_nets  clkw  "
RUN-1002 : start command "get_clocks -nowarn -of nets 17514876633088"
RUN-1002 : start command "get_ports clkr"
RUN-1002 : start command "get_nets  clkr  "
RUN-1002 : start command "get_clocks -nowarn -of nets 9663676416000"
RUN-1002 : start command "get_property -nowarn -max PERIOD "
RUN-1002 : start command "get_property -nowarn -max PERIOD "
RUN-1002 : start command "get_regs rd_to_wr_cross_inst/primary_addr_gray_reg[*]"
RUN-1002 : start command "get_regs rd_to_wr_cross_inst/sync_r1[*]"
RUN-1002 : start command "set_max_delay -from  -to  999.70000000000005 -datapath_only"
RUN-1002 : start command "get_regs rd_to_wr_cross_inst/primary_addr_gray_reg[*]"
RUN-1002 : start command "get_regs rd_to_wr_cross_inst/sync_r1[*]"
RUN-1002 : start command "set_false_path -from  -to  -hold 999.70000000000005"
USR-1002 : set_false_path -help -setup -hold -from <list> -rise_from <list> -fall_from <list> -to <list> -rise_to <list> -fall_to <list> -through <list>
RUN-1002 : start command "get_regs wr_to_rd_cross_inst/primary_addr_gray_reg[*]"
RUN-1002 : start command "get_regs wr_to_rd_cross_inst/sync_r1[*]"
RUN-1002 : start command "set_max_delay -from  -to  999.70000000000005 -datapath_only"
RUN-1002 : start command "get_regs wr_to_rd_cross_inst/primary_addr_gray_reg[*]"
RUN-1002 : start command "get_regs wr_to_rd_cross_inst/sync_r1[*]"
RUN-1002 : start command "set_false_path -from  -to  -hold 999.70000000000005"
USR-1002 : set_false_path -help -setup -hold -from <list> -rise_from <list> -fall_from <list> -to <list> -rise_to <list> -fall_to <list> -through <list>
RUN-1002 : start command "config_chipwatcher ../../sd_HDMI.cwc -dir "
RUN-1002 : start command "legalize_phy_inst"
SYN-1011 : Flatten model sd_bmp_hdmi
KIT-1004 : ChipWatcher: import watcher inst auto_chipwatcher_0 completed, there are 7 view nodes, 40 trigger nets, 40 data nets.
KIT-1004 : Chipwatcher code = 0000100110010011
RUN-1002 : start command "compile_watcher"
RUN-1002 : start command "read_verilog -no_sch -dir F:/ARMChina/cw/ -file SD_HDMI_DAFENQI_watcherInst.sv -lib cw -top CW_TOP_WRAPPER"
HDL-1007 : analyze verilog file F:/ARMChina/cw\bus_det.v
HDL-1007 : analyze verilog file F:/ARMChina/cw\bus_top.sv
HDL-1007 : analyze verilog file F:/ARMChina/cw\cfg_int.v
HDL-1007 : analyze verilog file F:/ARMChina/cw\cwc_cfg_int.v
HDL-1007 : analyze verilog file F:/ARMChina/cw\cwc_top.sv
HDL-1007 : analyze verilog file F:/ARMChina/cw\detect_bus.v
HDL-1007 : analyze verilog file F:/ARMChina/cw\detect_non_bus.v
HDL-1007 : analyze verilog file F:/ARMChina/cw\emb_ctrl.v
HDL-1007 : analyze verilog file F:/ARMChina/cw\register.v
HDL-1007 : analyze verilog file F:/ARMChina/cw\tap.v
HDL-1007 : analyze verilog file F:/ARMChina/cw\trigger.sv
HDL-1007 : analyze verilog file SD_HDMI_DAFENQI_watcherInst.sv
HDL-1007 : elaborate module CW_TOP_WRAPPER in SD_HDMI_DAFENQI_watcherInst.sv(1)
HDL-1007 : elaborate module cwc_top(BUS_NUM=7,BUS_DIN_NUM=40,BUS_CTRL_NUM=108,BUS_WIDTH='{32'sb01,32'sb01,32'sb01,32'sb01,32'sb010000,32'sb010000,32'sb0100},BUS_DIN_POS='{32'sb0,32'sb01,32'sb010,32'sb011,32'sb0100,32'sb010100,32'sb0100100},BUS_CTRL_POS='{32'sb0,32'sb0110,32'sb01100,32'sb010010,32'sb011000,32'sb0111100,32'sb01100000}) in F:/ARMChina/cw\cwc_top.sv(21)
HDL-1007 : elaborate module cwc_cfg_int(CTRL_REG_LEN=130) in F:/ARMChina/cw\cwc_cfg_int.v(21)
HDL-1007 : elaborate module register(CTRL_REG_LEN=130) in F:/ARMChina/cw\register.v(21)
HDL-1007 : elaborate module tap in F:/ARMChina/cw\tap.v(21)
HDL-1007 : elaborate module trigger(BUS_NUM=7,BUS_DIN_NUM=40,BUS_CTRL_NUM=108,BUS_WIDTH='{32'sb01,32'sb01,32'sb01,32'sb01,32'sb010000,32'sb010000,32'sb0100},BUS_DIN_POS='{32'sb0,32'sb01,32'sb010,32'sb011,32'sb0100,32'sb010100,32'sb0100100},BUS_CTRL_POS='{32'sb0,32'sb0110,32'sb01100,32'sb010010,32'sb011000,32'sb0111100,32'sb01100000}) in F:/ARMChina/cw\trigger.sv(21)
HDL-1007 : elaborate module bus_top(BUS_NODE_NUM=7,BUS_DIN_NUM=40,BUS_CTRL_NUM=108,BUS_WIDTH='{32'sb01,32'sb01,32'sb01,32'sb01,32'sb010000,32'sb010000,32'sb0100},BUS_DIN_POS='{32'sb0,32'sb01,32'sb010,32'sb011,32'sb0100,32'sb010100,32'sb0100100},BUS_CTRL_POS='{32'sb0,32'sb0110,32'sb01100,32'sb010010,32'sb011000,32'sb0111100,32'sb01100000}) in F:/ARMChina/cw\bus_top.sv(22)
HDL-1007 : elaborate module bus_det(BUS_WIDTH=32'sb01) in F:/ARMChina/cw\bus_det.v(21)
HDL-1007 : elaborate module bus_det(BUS_WIDTH=32'sb010000) in F:/ARMChina/cw\bus_det.v(21)
HDL-1007 : elaborate module bus_det(BUS_WIDTH=32'sb0100) in F:/ARMChina/cw\bus_det.v(21)
HDL-1007 : elaborate module emb_ctrl in F:/ARMChina/cw\emb_ctrl.v(21)
HDL-1200 : Current top model is CW_TOP_WRAPPER
HDL-1100 : Inferred 0 RAMs.
RUN-1002 : start command "force_keep -a auto_chipwatcher_0_logicbram"
RUN-1002 : start command "optimize_rtl -no_sch"
RUN-1001 : Open license file F:/ARMChina/license/Anlogic.lic
RUN-1001 : Print Global Property
RUN-1001 : ---------------------------------------------------------------
RUN-1001 :        Parameters        |  Settings  |  Default Values  |  Note  
RUN-1001 : ---------------------------------------------------------------
RUN-1001 :          message         |  standard  |     standard     |        
RUN-1001 :   mixed_pack_place_flow  |     on     |        on        |        
RUN-1001 :        qor_monitor       |    off     |       off        |        
RUN-1001 :        syn_ip_flow       |    off     |       off        |        
RUN-1001 :          thread          |    auto    |       auto       |        
RUN-1001 : ---------------------------------------------------------------
RUN-1001 : Print Rtl Property
RUN-1001 : --------------------------------------------------------------
RUN-1001 :        Parameters       |  Settings  |  Default Values  |  Note  
RUN-1001 : --------------------------------------------------------------
RUN-1001 :       compress_add      |   ripple   |      ripple      |        
RUN-1001 :        elf_sload        |    off     |       off        |        
RUN-1001 :       fix_undriven      |     0      |        0         |        
RUN-1001 :         flatten         |    off     |       off        |        
RUN-1001 :       gate_sharing      |     on     |        on        |        
RUN-1001 :    hdl_warning_level    |   normal   |      normal      |        
RUN-1001 :   impl_internal_tribuf  |     on     |        on        |        
RUN-1001 :      impl_set_reset     |     on     |        on        |        
RUN-1001 :        infer_gsr        |    off     |       off        |        
RUN-1001 :      keep_hierarchy     |    auto    |       auto       |        
RUN-1001 :        max_fanout       |    9999    |       9999       |        
RUN-1001 :      max_oh2bin_len     |     10     |        10        |        
RUN-1001 :       merge_equal       |     on     |        on        |        
RUN-1001 :       merge_equiv       |     on     |        on        |        
RUN-1001 :        merge_mux        |    off     |       off        |        
RUN-1001 :     min_control_set     |     8      |        8         |        
RUN-1001 :      min_ripple_len     |    auto    |       auto       |        
RUN-1001 :       oh2bin_ratio      |    0.08    |       0.08       |        
RUN-1001 :     opt_adder_fanout    |     on     |        on        |        
RUN-1001 :        opt_arith        |     on     |        on        |        
RUN-1001 :       opt_big_gate      |    off     |       off        |        
RUN-1001 :        opt_const        |     on     |        on        |        
RUN-1001 :      opt_const_mult     |     on     |        on        |        
RUN-1001 :       opt_lessthan      |     on     |        on        |        
RUN-1001 :         opt_mux         |    off     |       off        |        
RUN-1001 :         opt_ram         |    high    |       high       |        
RUN-1001 :      rtl_sim_model      |    off     |       off        |        
RUN-1001 :         seq_syn         |     on     |        on        |        
RUN-1001 : --------------------------------------------------------------
SYN-1012 : SanityCheck: Model "sd_bmp_hdmi"
SYN-1012 : SanityCheck: Model "CW_TOP_WRAPPER"
SYN-1012 : SanityCheck: Model "cwc_top(BUS_NUM=7,BUS_DIN_NUM=40,BUS_CTRL_NUM=108,BUS_WIDTH='{32'sb01,32'sb01,32'sb01,32'sb01,32'sb010000,32'sb010000,32'sb0100},BUS_DIN_POS='{32'sb0,32'sb01,32'sb010,32'sb011,32'sb0100,32'sb010100,32'sb0100100},BUS_CTRL_POS='{32'sb0,32'sb0110,32'sb01100,32'sb010010,32'sb011000,32'sb0111100,32'sb01100000})"
SYN-1012 : SanityCheck: Model "cwc_cfg_int(CTRL_REG_LEN=130)"
SYN-1012 : SanityCheck: Model "register(CTRL_REG_LEN=130)"
SYN-1012 : SanityCheck: Model "tap"
SYN-1012 : SanityCheck: Model "trigger(BUS_NUM=7,BUS_DIN_NUM=40,BUS_CTRL_NUM=108,BUS_WIDTH='{32'sb01,32'sb01,32'sb01,32'sb01,32'sb010000,32'sb010000,32'sb0100},BUS_DIN_POS='{32'sb0,32'sb01,32'sb010,32'sb011,32'sb0100,32'sb010100,32'sb0100100},BUS_CTRL_POS='{32'sb0,32'sb0110,32'sb01100,32'sb010010,32'sb011000,32'sb0111100,32'sb01100000})"
SYN-1012 : SanityCheck: Model "bus_top(BUS_NODE_NUM=7,BUS_DIN_NUM=40,BUS_CTRL_NUM=108,BUS_WIDTH='{32'sb01,32'sb01,32'sb01,32'sb01,32'sb010000,32'sb010000,32'sb0100},BUS_DIN_POS='{32'sb0,32'sb01,32'sb010,32'sb011,32'sb0100,32'sb010100,32'sb0100100},BUS_CTRL_POS='{32'sb0,32'sb0110,32'sb01100,32'sb010010,32'sb011000,32'sb0111100,32'sb01100000})"
SYN-1012 : SanityCheck: Model "bus_det(BUS_WIDTH=32'sb01)"
SYN-1012 : SanityCheck: Model "bus_det(BUS_WIDTH=32'sb010000)"
SYN-1012 : SanityCheck: Model "bus_det(BUS_WIDTH=32'sb0100)"
SYN-1012 : SanityCheck: Model "emb_ctrl"
SYN-1011 : Flatten model sd_bmp_hdmi
SYN-1032 : 6507/29 useful/useless nets, 4953/18 useful/useless insts
SYN-1016 : Merged 36 instances.
SYN-1032 : 6176/8 useful/useless nets, 5390/8 useful/useless insts
SYN-1014 : Optimize round 1
SYN-1032 : 6160/16 useful/useless nets, 5378/12 useful/useless insts
SYN-1021 : Optimized 3 onehot mux instances.
SYN-1020 : Optimized 1 distributor mux.
SYN-1019 : Optimized 3 mux instances.
SYN-1015 : Optimize round 1, 434 better
SYN-1014 : Optimize round 2
SYN-1032 : 5834/45 useful/useless nets, 5052/48 useful/useless insts
SYN-1015 : Optimize round 2, 96 better
SYN-1014 : Optimize round 1
SYN-1015 : Optimize round 1, 0 better
RUN-1002 : start command "optimize_gate -no_sch"
RUN-1001 : Open license file F:/ARMChina/license/Anlogic.lic
RUN-1001 : Print Global Property
RUN-1001 : ---------------------------------------------------------------
RUN-1001 :        Parameters        |  Settings  |  Default Values  |  Note  
RUN-1001 : ---------------------------------------------------------------
RUN-1001 :          message         |  standard  |     standard     |        
RUN-1001 :   mixed_pack_place_flow  |     on     |        on        |        
RUN-1001 :        qor_monitor       |    off     |       off        |        
RUN-1001 :        syn_ip_flow       |    off     |       off        |        
RUN-1001 :          thread          |    auto    |       auto       |        
RUN-1001 : ---------------------------------------------------------------
RUN-1001 : Print Gate Property
RUN-1001 : ------------------------------------------------------------------
RUN-1001 :          Parameters         |  Settings  |  Default Values  |  Note  
RUN-1001 : ------------------------------------------------------------------
RUN-1001 :         cascade_dsp         |    off     |       off        |        
RUN-1001 :         cascade_eram        |    off     |       off        |        
RUN-1001 :        gate_sim_model       |    off     |       off        |        
RUN-1001 :        map_sim_model        |    off     |       off        |        
RUN-1001 :         map_strategy        |     1      |        1         |        
RUN-1001 :           opt_area          |   medium   |      medium      |        
RUN-1001 :          opt_timing         |    auto    |       auto       |        
RUN-1001 :         pack_effort         |   medium   |      medium      |        
RUN-1001 :      pack_lslice_ripple     |     on     |        on        |        
RUN-1001 :   pack_lslice_ripple_ratio  |    0.5     |       0.5        |        
RUN-1001 :        pack_seq_in_io       |    auto    |       auto       |        
RUN-1001 :        ph1_mux_ratio        |    1.0     |       1.0        |        
RUN-1001 :            report           |  standard  |     standard     |        
RUN-1001 :           retiming          |    off     |       off        |        
RUN-1001 : ------------------------------------------------------------------
SYN-2001 : Map 12 IOs to PADs
RUN-1002 : start command "update_pll_param -module sd_bmp_hdmi"
SYN-2501 : Processed 0 LOGIC_BUF instances.
SYN-2512 : LOGIC BRAM "auto_chipwatcher_0_logicbram"
SYN-2571 : Optimize after map_dsp, round 1
SYN-1032 : 5838/79 useful/useless nets, 5064/43 useful/useless insts
SYN-1016 : Merged 3 instances.
SYN-2571 : Optimize after map_dsp, round 1, 125 better
SYN-2571 : Optimize after map_dsp, round 2
SYN-2571 : Optimize after map_dsp, round 2, 0 better
SYN-1001 : Throwback 3 control mux instances
SYN-2501 : Optimize round 1
SYN-1016 : Merged 36 instances.
SYN-2501 : Optimize round 1, 74 better
SYN-2501 : Optimize round 2
SYN-2501 : Optimize round 2, 0 better
SYN-2501 : Map 16 macro adder
SYN-1019 : Optimized 13 mux instances.
SYN-1016 : Merged 11 instances.
SYN-1032 : 6322/3 useful/useless nets, 5548/2 useful/useless insts
RUN-1002 : start command "start_timer -prepack"
TMR-2505 : Start building timing graph for model sd_bmp_hdmi.
TMR-2506 : Build timing graph completely. Port num: 9, tpin num: 24170, tnet num: 6322, tinst num: 5547, tnode num: 31757, tedge num: 38144.
TMR-2508 : Levelizing timing graph completed, there are 53 levels in total.
TMR-2501 : Timing graph initialized successfully.
TMR-2503 : Start to update net delay, extr mode = 2.
TMR-2504 : Update delay of 6322 nets completely.
TMR-2502 : Annotate delay completely, extr mode = 2.
TMR-3001 : Initiate 0 clocks from SDC.
TMR-3004 : Map sdc constraints, there are 8 constraints in total.
TMR-3003 : Constraints initiated successfully.
TMR-3501 : Forward propagation: start to calculate arrival time...
TMR-3502 : Backward propagation: start to calculate required time...
TMR-3503 : Timing propagation completes.
SYN-3001 : Running gate level optimization.
SYN-2581 : Mapping with K=5, #lut = 234 (3.47), #lev = 7 (1.84)
SYN-2551 : Post LUT mapping optimization.
SYN-2581 : Mapping with K=5, #lut = 226 (3.55), #lev = 7 (1.82)
SYN-3001 : Logic optimization runtime opt =   0.02 sec, map =   0.00 sec
SYN-3001 : Mapper mapped 564 instances into 226 LUTs, name keeping = 75%.
SYN-1001 : Packing model "sd_bmp_hdmi" ...
SYN-4010 : Pack lib has 58 rtl pack models with 25 top pack blocks
SYN-1014 : Optimize round 1
SYN-1015 : Optimize round 1, 0 better
SYN-4002 : Packing 399 DFF/LATCH to SEQ ...
SYN-4009 : Pack 8 carry chain into lslice
SYN-4007 : Packing 120 adder to BLE ...
SYN-4008 : Packed 120 adder and 0 SEQ to BLE.
SYN-4007 : Packing 0 gate4 to BLE ...
SYN-4008 : Packed 0 gate4 and 0 SEQ to BLE.
SYN-4012 : Packed 0 FxMUX
RUN-1003 : finish command "optimize_gate -no_sch" in  1.351532s wall, 1.109375s user + 0.031250s system = 1.140625s CPU (84.4%)

RUN-1004 : used memory is 185 MB, reserved memory is 153 MB, peak memory is 226 MB
RUN-1002 : start command "legalize_phy_inst"
SYN-1011 : Flatten model sd_bmp_hdmi
KIT-1004 : Compile Chipwatcher: Clear obsolete physical data.
RUN-1003 : finish command "compile_watcher" in  2.382284s wall, 1.781250s user + 0.109375s system = 1.890625s CPU (79.4%)

RUN-1004 : used memory is 185 MB, reserved memory is 153 MB, peak memory is 226 MB
RUN-1002 : start command "place"
RUN-1001 : Open license file F:/ARMChina/license/Anlogic.lic
RUN-1001 : Print Global Property
RUN-1001 : ---------------------------------------------------------------
RUN-1001 :        Parameters        |  Settings  |  Default Values  |  Note  
RUN-1001 : ---------------------------------------------------------------
RUN-1001 :          message         |  standard  |     standard     |        
RUN-1001 :   mixed_pack_place_flow  |     on     |        on        |        
RUN-1001 :        qor_monitor       |    off     |       off        |        
RUN-1001 :        syn_ip_flow       |    off     |       off        |        
RUN-1001 :          thread          |    auto    |       auto       |        
RUN-1001 : ---------------------------------------------------------------
RUN-1001 : Print Place Property
RUN-1001 : --------------------------------------------------------------
RUN-1001 :        Parameters       |  Settings  |  Default Values  |  Note  
RUN-1001 : --------------------------------------------------------------
RUN-1001 :      detailed_place     |     on     |        on        |        
RUN-1001 :          effort         |   medium   |      medium      |        
RUN-1001 :         fix_hold        |    off     |       off        |        
RUN-1001 :       legalization      |    ori     |       ori        |        
RUN-1001 :      new_spreading      |     on     |        on        |        
RUN-1001 :        opt_timing       |   medium   |      medium      |        
RUN-1001 :   post_clock_route_opt  |    off     |       off        |        
RUN-1001 :       pr_strategy       |     1      |        1         |        
RUN-1001 :        relaxation       |    1.00    |       1.00       |        
RUN-1001 :         retiming        |    off     |       off        |        
RUN-1001 : --------------------------------------------------------------
PHY-3001 : Placer runs in 16 thread(s).
RUN-1002 : start command "legalize_phy_inst"
SYN-1011 : Flatten model sd_bmp_hdmi
RUN-1002 : start command "phys_opt -simplify_lut"
SYN-4016 : Net u_ddr3_top/u_sdram_fifo_ctrl/clk_ref driven by BUFG (271 clock/control pins, 1 other pins).
SYN-4016 : Net u_clk_wiz_1/clk0_out driven by BUFG (56 clock/control pins, 1 other pins).
SYN-4016 : Net config_inst_syn_10 driven by BUFG (277 clock/control pins, 0 other pins).
SYN-4027 : Net u_ddr3_top/clk_sdram is clkc1 of pll u_clk_wiz_0/pll_inst.
SYN-4027 : Net u_ddr3_top/u_sdram_fifo_ctrl/wrfifo/clkw is clkc3 of pll u_clk_wiz_0/pll_inst.
SYN-4027 : Net u_sd_ctrl_top/u_sd_read/clk_ref_180deg is clkc4 of pll u_clk_wiz_0/pll_inst.
SYN-4019 : Net sys_clk_dup_1 is refclk of pll u_clk_wiz_0/pll_inst.
SYN-4020 : Net sys_clk_dup_1 is fbclk of pll u_clk_wiz_0/pll_inst.
SYN-4027 : Net u_hdmi_top/dpc/pclk is clkc1 of pll u_clk_wiz_1/pll_inst.
SYN-4019 : Net sys_clk_dup_1 is refclk of pll u_clk_wiz_1/pll_inst.
SYN-4020 : Net sys_clk_dup_1 is fbclk of pll u_clk_wiz_1/pll_inst.
SYN-4024 : Net "u_sd_ctrl_top/u_sd_init/div_clk" drives clk pins.
SYN-4025 : Tag rtl::Net config_inst_syn_10 as clock net
SYN-4025 : Tag rtl::Net sys_clk_dup_1 as clock net
SYN-4025 : Tag rtl::Net u_clk_wiz_1/clk0_out as clock net
SYN-4025 : Tag rtl::Net u_ddr3_top/clk_sdram as clock net
SYN-4025 : Tag rtl::Net u_ddr3_top/u_sdram_fifo_ctrl/clk_ref as clock net
SYN-4025 : Tag rtl::Net u_ddr3_top/u_sdram_fifo_ctrl/wrfifo/clkw as clock net
SYN-4025 : Tag rtl::Net u_hdmi_top/dpc/pclk as clock net
SYN-4025 : Tag rtl::Net u_sd_ctrl_top/u_sd_init/div_clk as clock net
SYN-4025 : Tag rtl::Net u_sd_ctrl_top/u_sd_read/clk_ref_180deg as clock net
SYN-4026 : Tagged 9 rtl::Net as clock net
SYN-4015 : Create BUFG instance for clk Net u_sd_ctrl_top/u_sd_init/div_clk to drive 101 clock pins.
PHY-1001 : Populate physical database on model sd_bmp_hdmi.
RUN-1001 : There are total 4895 instances
RUN-0007 : 1621 luts, 2359 seqs, 602 mslices, 218 lslices, 71 pads, 15 brams, 0 dsps
RUN-1001 : There are total 5669 nets
RUN-1001 : 3648 nets have 2 pins
RUN-1001 : 1512 nets have [3 - 5] pins
RUN-1001 : 352 nets have [6 - 10] pins
RUN-1001 : 111 nets have [11 - 20] pins
RUN-1001 : 32 nets have [21 - 99] pins
RUN-1001 : 14 nets have 100+ pins
RUN-1001 : Report Control nets information:
RUN-1001 : DFF Distribution
RUN-1001 : ----------------------------------
RUN-1001 :   CE   |  SSR  |  ASR  |  DFF Count  
RUN-1001 : ----------------------------------
RUN-1001 :   No   |  No   |  No   |     106     
RUN-1001 :   No   |  No   |  Yes  |    1614     
RUN-1001 :   No   |  Yes  |  No   |     31      
RUN-1001 :   Yes  |  No   |  No   |     27      
RUN-1001 :   Yes  |  No   |  Yes  |     581     
RUN-1001 :   Yes  |  Yes  |  No   |      0      
RUN-1001 : ----------------------------------
RUN-0007 : Control Group Statistic
RUN-0007 : ---------------------------
RUN-0007 :   #CLK  |  #CE  |  #SSR/ASR  
RUN-0007 : ---------------------------
RUN-0007 :    9    |  22   |     13     
RUN-0007 : ---------------------------
RUN-0007 : Control Set = 43
PHY-3001 : Initial placement ...
PHY-3001 : design contains 4893 instances, 1621 luts, 2359 seqs, 820 slices, 135 macros(820 instances: 602 mslices 218 lslices)
PHY-3001 : Huge net u_hdmi_top/sys_rst_n with 1273 pins
PHY-0007 : Cell area utilization is 16%
PHY-3001 : Start timing update ...
RUN-1002 : start command "start_timer -report"
TMR-2505 : Start building timing graph for model sd_bmp_hdmi.
TMR-2506 : Build timing graph completely. Port num: 9, tpin num: 22733, tnet num: 5667, tinst num: 4893, tnode num: 30399, tedge num: 36888.
TMR-2508 : Levelizing timing graph completed, there are 29 levels in total.
TMR-2501 : Timing graph initialized successfully.
TMR-2503 : Start to update net delay, extr mode = 2.
TMR-2504 : Update delay of 5667 nets completely.
TMR-2502 : Annotate delay completely, extr mode = 2.
TMR-3001 : Initiate 0 clocks from SDC.
TMR-3004 : Map sdc constraints, there are 8 constraints in total.
TMR-3003 : Constraints initiated successfully.
TMR-3501 : Forward propagation: start to calculate arrival time...
TMR-3502 : Backward propagation: start to calculate required time...
TMR-3503 : Timing propagation completes.
PHY-3001 : End timing update;  0.631520s wall, 0.562500s user + 0.000000s system = 0.562500s CPU (89.1%)

PHY-3001 : Global placement ...
PHY-3001 : Initial: Len = 1.30192e+06
PHY-3001 : Clustering ...
PHY-3001 : Level 0 #clusters 4893.
PHY-3001 : End clustering;  0.000046s wall, 0.000000s user + 0.000000s system = 0.000000s CPU (n/a%)

PHY-3001 : Run with size of 4
PHY-3001 : Cell area utilization is 16%
PHY-3001 : :::0::: Try harder cell spreading with beta_ = 0
PHY-3002 : Step(1): len = 905474, overlap = 51.25
PHY-3002 : Step(2): len = 725407, overlap = 42.75
PHY-3002 : Step(3): len = 469477, overlap = 51.875
PHY-3002 : Step(4): len = 426620, overlap = 53.1875
PHY-3002 : Step(5): len = 349536, overlap = 62.0938
PHY-3002 : Step(6): len = 325041, overlap = 68
PHY-3002 : Step(7): len = 291920, overlap = 81.6562
PHY-3002 : Step(8): len = 266741, overlap = 100.938
PHY-3002 : Step(9): len = 238152, overlap = 111.281
PHY-3002 : Step(10): len = 221209, overlap = 113.031
PHY-3002 : Step(11): len = 208123, overlap = 109.906
PHY-3002 : Step(12): len = 192042, overlap = 108.062
PHY-3002 : Step(13): len = 182162, overlap = 109.75
PHY-3002 : Step(14): len = 172951, overlap = 109.031
PHY-3002 : Step(15): len = 167647, overlap = 100.938
PHY-3002 : Step(16): len = 160752, overlap = 104.281
PHY-3002 : Step(17): len = 154491, overlap = 111.719
PHY-3002 : Step(18): len = 147204, overlap = 119.969
PHY-3001 : :::1::: Try harder cell spreading with beta_ = 2.4823e-05
PHY-3002 : Step(19): len = 157104, overlap = 113.375
PHY-3002 : Step(20): len = 161672, overlap = 111.188
PHY-3002 : Step(21): len = 156860, overlap = 111.625
PHY-3002 : Step(22): len = 154331, overlap = 109.031
PHY-3002 : Step(23): len = 154005, overlap = 106.562
PHY-3002 : Step(24): len = 154822, overlap = 92.5
PHY-3002 : Step(25): len = 157272, overlap = 78.9688
PHY-3002 : Step(26): len = 156620, overlap = 75.0625
PHY-3002 : Step(27): len = 154503, overlap = 76.0938
PHY-3002 : Step(28): len = 153067, overlap = 71.2188
PHY-3002 : Step(29): len = 152470, overlap = 70.3125
PHY-3002 : Step(30): len = 152241, overlap = 70.6875
PHY-3002 : Step(31): len = 150495, overlap = 71.2812
PHY-3002 : Step(32): len = 150056, overlap = 75.3438
PHY-3002 : Step(33): len = 147366, overlap = 76.9375
PHY-3002 : Step(34): len = 145126, overlap = 78.1875
PHY-3002 : Step(35): len = 142786, overlap = 74.6875
PHY-3002 : Step(36): len = 142904, overlap = 75.7812
PHY-3002 : Step(37): len = 141835, overlap = 71.4062
PHY-3002 : Step(38): len = 141704, overlap = 71
PHY-3002 : Step(39): len = 141061, overlap = 80
PHY-3001 : :::2::: Try harder cell spreading with beta_ = 4.96461e-05
PHY-3002 : Step(40): len = 142289, overlap = 75.625
PHY-3002 : Step(41): len = 142455, overlap = 75.5625
PHY-3002 : Step(42): len = 142707, overlap = 75.8125
PHY-3001 : :::3::: Try harder cell spreading with beta_ = 9.92922e-05
PHY-3002 : Step(43): len = 143132, overlap = 70.625
PHY-3002 : Step(44): len = 143082, overlap = 70.4688
PHY-3002 : Step(45): len = 143517, overlap = 70.2188
PHY-3002 : Step(46): len = 143540, overlap = 69.9688
PHY-3002 : Step(47): len = 144095, overlap = 70.0312
PHY-3002 : Step(48): len = 144018, overlap = 69.9375
PHY-3002 : Step(49): len = 143970, overlap = 70.0312
PHY-3001 : Legalization ...
PHY-3001 : End legalization;  0.014452s wall, 0.015625s user + 0.000000s system = 0.015625s CPU (108.1%)

PHY-3001 : Run with size of 4
PHY-3001 : Cell area utilization is 21%
PHY-3001 : Update timing in Manhattan mode ...
TMR-2503 : Start to update net delay, extr mode = 3.
TMR-2504 : Update delay of 5667 nets completely.
TMR-2502 : Annotate delay completely, extr mode = 3.
TMR-3501 : Forward propagation: start to calculate arrival time...
TMR-3502 : Backward propagation: start to calculate required time...
TMR-3503 : Timing propagation completes.
PHY-3001 : End timing update;  0.119595s wall, 0.078125s user + 0.000000s system = 0.078125s CPU (65.3%)

PHY-3001 : :::0::: Try harder cell spreading with beta_ = 3.99139e-06
PHY-3002 : Step(50): len = 155681, overlap = 117.125
PHY-3002 : Step(51): len = 155484, overlap = 120.188
PHY-3002 : Step(52): len = 150616, overlap = 125.781
PHY-3002 : Step(53): len = 150633, overlap = 128.344
PHY-3002 : Step(54): len = 148945, overlap = 128.062
PHY-3002 : Step(55): len = 148865, overlap = 128.062
PHY-3002 : Step(56): len = 148429, overlap = 132.812
PHY-3002 : Step(57): len = 149016, overlap = 136.719
PHY-3002 : Step(58): len = 144693, overlap = 136.906
PHY-3002 : Step(59): len = 144572, overlap = 137.219
PHY-3002 : Step(60): len = 144281, overlap = 139.938
PHY-3001 : :::1::: Try harder cell spreading with beta_ = 7.98278e-06
PHY-3002 : Step(61): len = 143385, overlap = 138.344
PHY-3002 : Step(62): len = 143428, overlap = 138.438
PHY-3002 : Step(63): len = 144038, overlap = 137.812
PHY-3001 : :::2::: Try harder cell spreading with beta_ = 1.59656e-05
PHY-3002 : Step(64): len = 145343, overlap = 128.031
PHY-3002 : Step(65): len = 145630, overlap = 128.312
PHY-3002 : Step(66): len = 147570, overlap = 112.219
PHY-3002 : Step(67): len = 148084, overlap = 110.469
PHY-3002 : Step(68): len = 149201, overlap = 103.531
PHY-3002 : Step(69): len = 148568, overlap = 92.9375
PHY-3002 : Step(70): len = 148473, overlap = 90.5312
PHY-3002 : Step(71): len = 146700, overlap = 88.5
PHY-3002 : Step(72): len = 146153, overlap = 91.4375
PHY-3002 : Step(73): len = 143849, overlap = 93.0938
PHY-3002 : Step(74): len = 142541, overlap = 96.1562
PHY-3002 : Step(75): len = 142305, overlap = 93.875
PHY-3002 : Step(76): len = 141528, overlap = 88.8438
PHY-3002 : Step(77): len = 141391, overlap = 88.7188
PHY-3002 : Step(78): len = 140523, overlap = 95.0312
PHY-3002 : Step(79): len = 139773, overlap = 101.062
PHY-3002 : Step(80): len = 139290, overlap = 100.812
PHY-3002 : Step(81): len = 137944, overlap = 102.062
PHY-3002 : Step(82): len = 136814, overlap = 102.375
PHY-3002 : Step(83): len = 135499, overlap = 105.812
PHY-3002 : Step(84): len = 134873, overlap = 103.625
PHY-3002 : Step(85): len = 134390, overlap = 106.219
PHY-3001 : :::3::: Try harder cell spreading with beta_ = 3.19311e-05
PHY-3002 : Step(86): len = 134684, overlap = 100.656
PHY-3002 : Step(87): len = 134765, overlap = 100
PHY-3002 : Step(88): len = 135852, overlap = 97.7812
PHY-3001 : :::4::: Try harder cell spreading with beta_ = 6.38623e-05
PHY-3002 : Step(89): len = 136752, overlap = 90.2188
PHY-3002 : Step(90): len = 137027, overlap = 88.3438
PHY-3002 : Step(91): len = 137519, overlap = 82.375
PHY-3001 : :::5::: Try harder cell spreading with beta_ = 0.000127725
PHY-3002 : Step(92): len = 139958, overlap = 75.6562
PHY-3002 : Step(93): len = 140279, overlap = 73.4688
PHY-3002 : Step(94): len = 142734, overlap = 62.8438
PHY-3002 : Step(95): len = 140254, overlap = 66.0938
PHY-3002 : Step(96): len = 140254, overlap = 66.0938
PHY-3002 : Step(97): len = 139465, overlap = 63.625
PHY-3001 : Run with size of 2
PHY-3001 : Cell area utilization is 21%
PHY-3001 : Update timing in Manhattan mode ...
TMR-2503 : Start to update net delay, extr mode = 3.
TMR-2504 : Update delay of 5667 nets completely.
TMR-2502 : Annotate delay completely, extr mode = 3.
TMR-3501 : Forward propagation: start to calculate arrival time...
TMR-3502 : Backward propagation: start to calculate required time...
TMR-3503 : Timing propagation completes.
PHY-3001 : End timing update;  0.126949s wall, 0.062500s user + 0.000000s system = 0.062500s CPU (49.2%)

PHY-3001 : :::0::: Try harder cell spreading with beta_ = 2.36632e-05
PHY-3002 : Step(98): len = 139644, overlap = 185.156
PHY-3002 : Step(99): len = 139698, overlap = 184.75
PHY-3002 : Step(100): len = 138809, overlap = 174.062
PHY-3002 : Step(101): len = 138782, overlap = 173.531
PHY-3002 : Step(102): len = 138624, overlap = 174.406
PHY-3001 : :::1::: Try harder cell spreading with beta_ = 4.73264e-05
PHY-3002 : Step(103): len = 139256, overlap = 172
PHY-3002 : Step(104): len = 139362, overlap = 170.812
PHY-3002 : Step(105): len = 141331, overlap = 146.125
PHY-3002 : Step(106): len = 142428, overlap = 135.844
PHY-3002 : Step(107): len = 140188, overlap = 143.906
PHY-3002 : Step(108): len = 139671, overlap = 146.531
PHY-3002 : Step(109): len = 140095, overlap = 142.844
PHY-3001 : :::2::: Try harder cell spreading with beta_ = 9.46527e-05
PHY-3002 : Step(110): len = 143237, overlap = 124.781
PHY-3002 : Step(111): len = 144002, overlap = 122.875
PHY-3002 : Step(112): len = 145930, overlap = 111.656
PHY-3001 : :::3::: Try harder cell spreading with beta_ = 0.000189305
PHY-3002 : Step(113): len = 146223, overlap = 106.188
PHY-3002 : Step(114): len = 146514, overlap = 105.469
PHY-3002 : Step(115): len = 148461, overlap = 96.625
PHY-3002 : Step(116): len = 150154, overlap = 89.375
PHY-3002 : Step(117): len = 147961, overlap = 97.875
PHY-3002 : Step(118): len = 147287, overlap = 98.7188
PHY-3001 : :::4::: Try harder cell spreading with beta_ = 0.000378611
PHY-3002 : Step(119): len = 148609, overlap = 93.2812
PHY-3002 : Step(120): len = 149676, overlap = 92.3125
PHY-3002 : Step(121): len = 150476, overlap = 90.3125
PHY-3001 : :::5::: Try harder cell spreading with beta_ = 0.000757222
PHY-3002 : Step(122): len = 151140, overlap = 90.0938
PHY-3002 : Step(123): len = 151704, overlap = 87.1875
OPT-1001 : Start physical optimization ...
RUN-1002 : start command "start_timer -report"
TMR-2505 : Start building timing graph for model sd_bmp_hdmi.
TMR-2506 : Build timing graph completely. Port num: 9, tpin num: 22733, tnet num: 5667, tinst num: 4893, tnode num: 30399, tedge num: 36888.
TMR-2508 : Levelizing timing graph completed, there are 29 levels in total.
TMR-2501 : Timing graph initialized successfully.
OPT-1001 : Total overflow 323.91 peak overflow 3.81
OPT-1001 : Start high-fanout net optimization ...
OPT-1001 : Update timing in global mode
PHY-1001 : Start incremental global routing, caller is place ...
RUN-1001 : Generating global routing grids ...
RUN-1001 : Building simple global routing graph ...
PHY-1001 : Generate routing nets ...
PHY-1001 : Reuse net number 0/5669.
PHY-1001 : Global iterations in 16 thread ...
PHY-1002 : len = 176528, over cnt = 736(2%), over = 2689, worst = 20
PHY-1001 : End global iterations;  0.288176s wall, 0.187500s user + 0.031250s system = 0.218750s CPU (75.9%)

PHY-1001 : Congestion index: top1 = 50.30, top5 = 37.70, top10 = 30.93, top15 = 26.45.
PHY-1001 : End incremental global routing;  0.384216s wall, 0.281250s user + 0.031250s system = 0.312500s CPU (81.3%)

TMR-2503 : Start to update net delay, extr mode = 5.
TMR-2504 : Update delay of 5667 nets completely.
TMR-2502 : Annotate delay completely, extr mode = 5.
TMR-3001 : Initiate 0 clocks from SDC.
TMR-3004 : Map sdc constraints, there are 8 constraints in total.
TMR-3003 : Constraints initiated successfully.
TMR-3501 : Forward propagation: start to calculate arrival time...
TMR-3502 : Backward propagation: start to calculate required time...
TMR-3503 : Timing propagation completes.
OPT-1001 : End timing update;  0.142481s wall, 0.140625s user + 0.000000s system = 0.140625s CPU (98.7%)

OPT-1001 : 0 high-fanout net processed.
OPT-1001 : End high-fanout net optimization;  0.611714s wall, 0.500000s user + 0.031250s system = 0.531250s CPU (86.8%)

OPT-1001 : Current memory(MB): used = 277, reserve = 244, peak = 277.
OPT-1001 : Start global optimization ...
OPT-1001 : Start congestion update ...
RUN-1001 : Generating global routing grids ...
PHY-1001 : Generate routing nets ...
PHY-1001 : Reuse net number 4250/5669.
PHY-1001 : Global iterations in 16 thread ...
PHY-1002 : len = 176528, over cnt = 736(2%), over = 2689, worst = 20
PHY-1002 : len = 187592, over cnt = 546(1%), over = 1554, worst = 20
PHY-1002 : len = 195024, over cnt = 274(0%), over = 846, worst = 20
PHY-1002 : len = 203184, over cnt = 76(0%), over = 209, worst = 11
PHY-1002 : len = 205104, over cnt = 0(0%), over = 0, worst = 0
PHY-1001 : End global iterations;  0.381385s wall, 0.250000s user + 0.000000s system = 0.250000s CPU (65.6%)

PHY-1001 : Congestion index: top1 = 43.77, top5 = 35.23, top10 = 30.24, top15 = 26.81.
OPT-1001 : End congestion update;  0.491513s wall, 0.343750s user + 0.000000s system = 0.343750s CPU (69.9%)

OPT-1001 : Update timing in Manhattan mode
TMR-2503 : Start to update net delay, extr mode = 3.
TMR-2504 : Update delay of 5667 nets completely.
TMR-2502 : Annotate delay completely, extr mode = 3.
TMR-3501 : Forward propagation: start to calculate arrival time...
TMR-3502 : Backward propagation: start to calculate required time...
TMR-3503 : Timing propagation completes.
OPT-1001 : End timing update;  0.147143s wall, 0.109375s user + 0.031250s system = 0.140625s CPU (95.6%)

OPT-0007 : Start: WNS 999120 TNS 0 NUM_FEPS 0
OPT-1001 : End global optimization;  0.638886s wall, 0.453125s user + 0.031250s system = 0.484375s CPU (75.8%)

OPT-1001 : Current memory(MB): used = 281, reserve = 248, peak = 281.
OPT-1001 : End physical optimization;  1.943976s wall, 1.500000s user + 0.093750s system = 1.593750s CPU (82.0%)

PHY-3001 : Start packing ...
SYN-4007 : Packing 0 MUX to BLE ...
SYN-4008 : Packed 0 MUX and 0 SEQ to BLE.
SYN-4007 : Packing 1621 LUT to BLE ...
SYN-4008 : Packed 1621 LUT and 963 SEQ to BLE.
SYN-4003 : Packing 1396 remaining SEQ's ...
SYN-4005 : Packed 570 SEQ with LUT/SLICE
SYN-4006 : 234 single LUT's are left
SYN-4006 : 826 single SEQ's are left
SYN-4011 : Packing model "sd_bmp_hdmi" (AL_USER_NORMAL) with 2447/3522 primitive instances ...
PHY-3001 : End packing;  0.247452s wall, 0.218750s user + 0.000000s system = 0.218750s CPU (88.4%)

PHY-1001 : Populate physical database on model sd_bmp_hdmi.
RUN-1001 : There are total 2218 instances
RUN-1001 : 1061 mslices, 1062 lslices, 71 pads, 15 brams, 0 dsps
RUN-1001 : There are total 4798 nets
RUN-1001 : 2832 nets have 2 pins
RUN-1001 : 1443 nets have [3 - 5] pins
RUN-1001 : 372 nets have [6 - 10] pins
RUN-1001 : 106 nets have [11 - 20] pins
RUN-1001 : 36 nets have [21 - 99] pins
RUN-1001 : 9 nets have 100+ pins
PHY-3001 : design contains 2216 instances, 2123 slices, 135 macros(820 instances: 602 mslices 218 lslices)
PHY-3001 : Cell area utilization is 26%
PHY-3001 : After packing: Len = 154660, Over = 134.25
PHY-3001 : Run with size of 2
PHY-3001 : Cell area utilization is 26%
PHY-3001 : Update timing in Manhattan mode ...
RUN-1002 : start command "start_timer -report"
TMR-2505 : Start building timing graph for model sd_bmp_hdmi.
TMR-2506 : Build timing graph completely. Port num: 9, tpin num: 18706, tnet num: 4796, tinst num: 2216, tnode num: 24022, tedge num: 31890.
TMR-2508 : Levelizing timing graph completed, there are 29 levels in total.
TMR-2501 : Timing graph initialized successfully.
TMR-2503 : Start to update net delay, extr mode = 3.
TMR-2504 : Update delay of 4796 nets completely.
TMR-2502 : Annotate delay completely, extr mode = 3.
TMR-3001 : Initiate 0 clocks from SDC.
TMR-3004 : Map sdc constraints, there are 8 constraints in total.
TMR-3003 : Constraints initiated successfully.
TMR-3501 : Forward propagation: start to calculate arrival time...
TMR-3502 : Backward propagation: start to calculate required time...
TMR-3503 : Timing propagation completes.
PHY-3001 : End timing update;  0.742259s wall, 0.703125s user + 0.000000s system = 0.703125s CPU (94.7%)

PHY-3001 : :::0::: Try harder cell spreading with beta_ = 1.9086e-05
PHY-3002 : Step(124): len = 152445, overlap = 138
PHY-3002 : Step(125): len = 151920, overlap = 137
PHY-3002 : Step(126): len = 148854, overlap = 143.5
PHY-3002 : Step(127): len = 146808, overlap = 142.25
PHY-3002 : Step(128): len = 145462, overlap = 142.5
PHY-3002 : Step(129): len = 143974, overlap = 146.5
PHY-3002 : Step(130): len = 142584, overlap = 151.25
PHY-3002 : Step(131): len = 142332, overlap = 152.75
PHY-3002 : Step(132): len = 141283, overlap = 156
PHY-3001 : :::1::: Try harder cell spreading with beta_ = 3.81721e-05
PHY-3002 : Step(133): len = 142473, overlap = 149.5
PHY-3002 : Step(134): len = 143018, overlap = 144.5
PHY-3002 : Step(135): len = 145595, overlap = 133
PHY-3002 : Step(136): len = 146738, overlap = 127.75
PHY-3002 : Step(137): len = 147033, overlap = 126.5
PHY-3002 : Step(138): len = 147210, overlap = 121.25
PHY-3001 : :::2::: Try harder cell spreading with beta_ = 7.63441e-05
PHY-3002 : Step(139): len = 149185, overlap = 119.5
PHY-3002 : Step(140): len = 149710, overlap = 118
PHY-3002 : Step(141): len = 151691, overlap = 112
PHY-3002 : Step(142): len = 152079, overlap = 109.5
PHY-3002 : Step(143): len = 152422, overlap = 110
PHY-3002 : Step(144): len = 152544, overlap = 110.75
PHY-3002 : Step(145): len = 152648, overlap = 109.75
PHY-3001 : Legalization ...
PHY-3001 : End legalization;  0.572222s wall, 0.046875s user + 0.093750s system = 0.140625s CPU (24.6%)

PHY-3001 : Trial Legalized: Len = 186832
PHY-3001 : Run with size of 2
PHY-3001 : Cell area utilization is 26%
PHY-3001 : Update timing in Manhattan mode ...
TMR-2503 : Start to update net delay, extr mode = 3.
TMR-2504 : Update delay of 4796 nets completely.
TMR-2502 : Annotate delay completely, extr mode = 3.
TMR-3501 : Forward propagation: start to calculate arrival time...
TMR-3502 : Backward propagation: start to calculate required time...
TMR-3503 : Timing propagation completes.
PHY-3001 : End timing update;  0.099866s wall, 0.093750s user + 0.000000s system = 0.093750s CPU (93.9%)

PHY-3001 : :::0::: Try harder cell spreading with beta_ = 0.000150935
PHY-3002 : Step(146): len = 176679, overlap = 8.5
PHY-3002 : Step(147): len = 167190, overlap = 32.75
PHY-3002 : Step(148): len = 163816, overlap = 37
PHY-3002 : Step(149): len = 162357, overlap = 40.25
PHY-3002 : Step(150): len = 161183, overlap = 44
PHY-3002 : Step(151): len = 160511, overlap = 46
PHY-3002 : Step(152): len = 160246, overlap = 47.25
PHY-3001 : :::1::: Try harder cell spreading with beta_ = 0.000301869
PHY-3002 : Step(153): len = 161232, overlap = 43
PHY-3002 : Step(154): len = 161641, overlap = 43.5
PHY-3002 : Step(155): len = 162626, overlap = 43
PHY-3001 : :::2::: Try harder cell spreading with beta_ = 0.000603739
PHY-3002 : Step(156): len = 163840, overlap = 41.5
PHY-3002 : Step(157): len = 164729, overlap = 42.5
PHY-3002 : Step(158): len = 166251, overlap = 41
PHY-3002 : Step(159): len = 165857, overlap = 41.5
PHY-3002 : Step(160): len = 165767, overlap = 41.25
PHY-3001 : Legalization ...
PHY-3001 : End legalization;  0.010878s wall, 0.000000s user + 0.000000s system = 0.000000s CPU (n/a%)

PHY-3001 : Legalized: Len = 176960, Over = 0
PHY-3001 : Spreading special nets. 55 overflows in 2952 tiles.
PHY-3001 : End spreading;  0.024313s wall, 0.015625s user + 0.000000s system = 0.015625s CPU (64.3%)

PHY-3001 : 75 instances has been re-located, deltaX = 31, deltaY = 46, maxDist = 2.
PHY-3001 : Final: Len = 178742, Over = 0
PHY-3001 : BANK 6 DIFFRESISTOR:NONE VOD:350M VCM:1.2
OPT-1001 : Start physical optimization ...
RUN-1002 : start command "start_timer -report"
TMR-2505 : Start building timing graph for model sd_bmp_hdmi.
TMR-2506 : Build timing graph completely. Port num: 9, tpin num: 18706, tnet num: 4796, tinst num: 2217, tnode num: 24022, tedge num: 31890.
TMR-2508 : Levelizing timing graph completed, there are 29 levels in total.
TMR-2501 : Timing graph initialized successfully.
OPT-1001 : Total overflow 0.00 peak overflow 0.00
OPT-1001 : Start high-fanout net optimization ...
OPT-1001 : Update timing in global mode
PHY-1001 : Start incremental global routing, caller is place ...
RUN-1001 : Generating global routing grids ...
PHY-1001 : Generate routing nets ...
PHY-1001 : Reuse net number 151/4798.
PHY-1001 : Global iterations in 16 thread ...
PHY-1002 : len = 211624, over cnt = 601(1%), over = 1032, worst = 8
PHY-1002 : len = 214664, over cnt = 390(1%), over = 642, worst = 7
PHY-1002 : len = 220480, over cnt = 101(0%), over = 148, worst = 7
PHY-1002 : len = 221608, over cnt = 39(0%), over = 56, worst = 4
PHY-1002 : len = 222248, over cnt = 0(0%), over = 0, worst = 0
PHY-1001 : End global iterations;  0.648773s wall, 0.296875s user + 0.046875s system = 0.343750s CPU (53.0%)

PHY-1001 : Congestion index: top1 = 39.78, top5 = 32.67, top10 = 28.59, top15 = 25.71.
PHY-1001 : End incremental global routing;  0.776342s wall, 0.390625s user + 0.046875s system = 0.437500s CPU (56.4%)

TMR-2503 : Start to update net delay, extr mode = 5.
TMR-2504 : Update delay of 4796 nets completely.
TMR-2502 : Annotate delay completely, extr mode = 5.
TMR-3001 : Initiate 0 clocks from SDC.
TMR-3004 : Map sdc constraints, there are 8 constraints in total.
TMR-3003 : Constraints initiated successfully.
TMR-3501 : Forward propagation: start to calculate arrival time...
TMR-3502 : Backward propagation: start to calculate required time...
TMR-3503 : Timing propagation completes.
OPT-1001 : End timing update;  0.191089s wall, 0.156250s user + 0.000000s system = 0.156250s CPU (81.8%)

OPT-1001 : 0 high-fanout net processed.
OPT-1001 : End high-fanout net optimization;  1.063155s wall, 0.640625s user + 0.046875s system = 0.687500s CPU (64.7%)

OPT-1001 : Current memory(MB): used = 284, reserve = 252, peak = 284.
OPT-1001 : Start path based optimization ...
OPT-1001 : Start congestion update ...
RUN-1001 : Generating global routing grids ...
PHY-1001 : Generate routing nets ...
PHY-1001 : Reuse net number 4124/4798.
PHY-1001 : Global iterations in 16 thread ...
PHY-1002 : len = 222248, over cnt = 0(0%), over = 0, worst = 0
PHY-1001 : End global iterations;  0.025978s wall, 0.015625s user + 0.000000s system = 0.015625s CPU (60.1%)

PHY-1001 : Congestion index: top1 = 39.78, top5 = 32.67, top10 = 28.59, top15 = 25.71.
OPT-1001 : End congestion update;  0.136532s wall, 0.109375s user + 0.000000s system = 0.109375s CPU (80.1%)

OPT-1001 : Update timing in Manhattan mode
TMR-2503 : Start to update net delay, extr mode = 3.
TMR-2504 : Update delay of 4796 nets completely.
TMR-2502 : Annotate delay completely, extr mode = 3.
TMR-3501 : Forward propagation: start to calculate arrival time...
TMR-3502 : Backward propagation: start to calculate required time...
TMR-3503 : Timing propagation completes.
OPT-1001 : End timing update;  0.116010s wall, 0.109375s user + 0.000000s system = 0.109375s CPU (94.3%)

OPT-0007 : Start: WNS 998995 TNS 0 NUM_FEPS 0
OPT-1001 : End path based optimization;  0.252782s wall, 0.218750s user + 0.000000s system = 0.218750s CPU (86.5%)

OPT-1001 : Current memory(MB): used = 286, reserve = 254, peak = 286.
OPT-1001 : Update timing in Manhattan mode
TMR-2503 : Start to update net delay, extr mode = 3.
TMR-2504 : Update delay of 4796 nets completely.
TMR-2502 : Annotate delay completely, extr mode = 3.
TMR-3501 : Forward propagation: start to calculate arrival time...
TMR-3502 : Backward propagation: start to calculate required time...
TMR-3503 : Timing propagation completes.
OPT-1001 : End timing update;  0.112327s wall, 0.062500s user + 0.000000s system = 0.062500s CPU (55.6%)

OPT-1001 : Start pin optimization...
OPT-1001 : skip pin optimization...
RUN-1001 : Generating global routing grids ...
PHY-1001 : Generate routing nets ...
PHY-1001 : Reuse net number 4124/4798.
PHY-1001 : Global iterations in 16 thread ...
PHY-1002 : len = 222248, over cnt = 0(0%), over = 0, worst = 0
PHY-1001 : End global iterations;  0.025571s wall, 0.015625s user + 0.000000s system = 0.015625s CPU (61.1%)

PHY-1001 : Congestion index: top1 = 39.78, top5 = 32.67, top10 = 28.59, top15 = 25.71.
OPT-1001 : Update timing in Manhattan mode
TMR-2503 : Start to update net delay, extr mode = 3.
TMR-2504 : Update delay of 4796 nets completely.
TMR-2502 : Annotate delay completely, extr mode = 3.
TMR-3501 : Forward propagation: start to calculate arrival time...
TMR-3502 : Backward propagation: start to calculate required time...
TMR-3503 : Timing propagation completes.
OPT-1001 : End timing update;  0.106085s wall, 0.093750s user + 0.000000s system = 0.093750s CPU (88.4%)

RUN-1001 : QoR Analysis:
OPT-0007 :   WNS 998995 TNS 0 NUM_FEPS 0
RUN-1001 :   No local congestion issue, and most congested 1% tile average routing util is 39.344828
RUN-1001 :   Top critical paths
OPT-1001 : End physical optimization;  2.415080s wall, 1.750000s user + 0.046875s system = 1.796875s CPU (74.4%)

RUN-1003 : finish command "place" in  13.818111s wall, 8.562500s user + 2.375000s system = 10.937500s CPU (79.2%)

RUN-1004 : used memory is 270 MB, reserved memory is 237 MB, peak memory is 287 MB
RUN-1002 : start command "export_db SD-SDRAM-ISP-HDMI_place.db"
RUN-1001 : Exported /
RUN-1001 : Exported flow parameters
RUN-1001 : Exported libs
RUN-1001 : Exported entities
RUN-1001 : Exported ports
RUN-1001 : Exported pins
RUN-1001 : Exported instances
RUN-1001 : Exported nets
RUN-1001 : Exported buses
RUN-1001 : Exported models
RUN-1001 : Exported congestions
RUN-1001 : Exported violations
RUN-1001 : Exported timing constraints
RUN-1001 : Exported IO constraints
RUN-1001 : Exported Inst constraints
RUN-1001 : Exported ChipWatcher
RUN-1002 : start command "route"
RUN-1001 : Open license file F:/ARMChina/license/Anlogic.lic
RUN-1001 : Print Global Property
RUN-1001 : ---------------------------------------------------------------
RUN-1001 :        Parameters        |  Settings  |  Default Values  |  Note  
RUN-1001 : ---------------------------------------------------------------
RUN-1001 :          message         |  standard  |     standard     |        
RUN-1001 :   mixed_pack_place_flow  |     on     |        on        |        
RUN-1001 :        qor_monitor       |    off     |       off        |        
RUN-1001 :        syn_ip_flow       |    off     |       off        |        
RUN-1001 :          thread          |    auto    |       auto       |        
RUN-1001 : ---------------------------------------------------------------
RUN-1001 : Print Route Property
RUN-1001 : -------------------------------------------------------
RUN-1001 :    Parameters    |  Settings  |  Default Values  |  Note  
RUN-1001 : -------------------------------------------------------
RUN-1001 :      effort      |   medium   |      medium      |        
RUN-1001 :     fix_hold     |    off     |       off        |        
RUN-1001 :    opt_timing    |   medium   |      medium      |        
RUN-1001 :   phy_sim_model  |    off     |       off        |        
RUN-1001 :     priority     |   timing   |      timing      |        
RUN-1001 :     swap_pin     |     on     |        on        |        
RUN-1001 : -------------------------------------------------------
PHY-1001 : Route runs in 16 thread(s)
RUN-1001 : There are total 2219 instances
RUN-1001 : 1061 mslices, 1062 lslices, 71 pads, 15 brams, 0 dsps
RUN-1001 : There are total 4798 nets
RUN-1001 : 2832 nets have 2 pins
RUN-1001 : 1443 nets have [3 - 5] pins
RUN-1001 : 372 nets have [6 - 10] pins
RUN-1001 : 106 nets have [11 - 20] pins
RUN-1001 : 36 nets have [21 - 99] pins
RUN-1001 : 9 nets have 100+ pins
RUN-1002 : start command "start_timer -report"
TMR-2505 : Start building timing graph for model sd_bmp_hdmi.
TMR-2506 : Build timing graph completely. Port num: 9, tpin num: 18706, tnet num: 4796, tinst num: 2217, tnode num: 24022, tedge num: 31890.
TMR-2508 : Levelizing timing graph completed, there are 29 levels in total.
TMR-2501 : Timing graph initialized successfully.
PHY-1001 : 1061 mslices, 1062 lslices, 71 pads, 15 brams, 0 dsps
TMR-2503 : Start to update net delay, extr mode = 3.
TMR-2504 : Update delay of 4796 nets completely.
TMR-2502 : Annotate delay completely, extr mode = 3.
TMR-3001 : Initiate 0 clocks from SDC.
TMR-3004 : Map sdc constraints, there are 8 constraints in total.
TMR-3003 : Constraints initiated successfully.
TMR-3501 : Forward propagation: start to calculate arrival time...
TMR-3502 : Backward propagation: start to calculate required time...
TMR-3503 : Timing propagation completes.
PHY-1001 : Start global routing, caller is route ...
RUN-1001 : Generating global routing grids ...
PHY-1001 : Generate routing nets ...
PHY-1001 : Global iterations in 16 thread ...
PHY-1002 : len = 210000, over cnt = 598(1%), over = 1037, worst = 8
PHY-1002 : len = 212832, over cnt = 417(1%), over = 677, worst = 7
PHY-1002 : len = 219808, over cnt = 75(0%), over = 108, worst = 7
PHY-1002 : len = 221080, over cnt = 0(0%), over = 0, worst = 0
PHY-1001 : End global iterations;  0.604419s wall, 0.312500s user + 0.031250s system = 0.343750s CPU (56.9%)

PHY-1001 : Congestion index: top1 = 38.56, top5 = 32.57, top10 = 28.51, top15 = 25.68.
PHY-1001 : End global routing;  0.719911s wall, 0.390625s user + 0.031250s system = 0.421875s CPU (58.6%)

PHY-1001 : Start detail routing ...
PHY-1001 : Current memory(MB): used = 321, reserve = 289, peak = 321.
PHY-1001 : Detailed router is running in normal mode.
PHY-1001 : Generate detailed routing grids ...
PHY-1001 : Generate nets ...
PHY-1001 : net sys_clk_dup_1 will be routed on clock mesh
PHY-1001 : clock net u_clk_wiz_1/clk0_out will be merged with clock u_clk_wiz_1/clk0_buf
PHY-1001 : net u_ddr3_top/clk_sdram will be routed on clock mesh
PHY-1001 : clock net u_ddr3_top/u_sdram_fifo_ctrl/clk_ref will be merged with clock u_clk_wiz_0/clk0_buf
PHY-1001 : net u_ddr3_top/u_sdram_fifo_ctrl/wrfifo/clkw will be routed on clock mesh
PHY-1001 : net u_hdmi_top/dpc/pclk will be routed on clock mesh
PHY-1001 : clock net u_sd_ctrl_top/u_sd_init/div_clk_syn_4 will be merged with clock u_sd_ctrl_top/u_sd_init/div_clk
PHY-1001 : net u_sd_ctrl_top/u_sd_read/clk_ref_180deg will be routed on clock mesh
PHY-1001 : clock net config_inst_syn_10 will be merged with clock config_inst_syn_9
PHY-1001 : Current memory(MB): used = 574, reserve = 546, peak = 574.
PHY-1001 : End build detailed router design. 3.888395s wall, 3.062500s user + 0.046875s system = 3.109375s CPU (80.0%)

PHY-1001 : Detail Route ...
PHY-1001 : ===== Detail Route Phase 1 =====
PHY-1001 : Clock net routing.....
PHY-1001 : Routed 0% nets.
PHY-1022 : len = 67912, over cnt = 0(0%), over = 0, worst = 0, crit = 0
PHY-1001 : End initial clock net routed; 3.182789s wall, 2.437500s user + 0.000000s system = 2.437500s CPU (76.6%)

PHY-1001 : Current memory(MB): used = 608, reserve = 581, peak = 608.
PHY-1001 : End phase 1; 3.188358s wall, 2.437500s user + 0.000000s system = 2.437500s CPU (76.5%)

PHY-1001 : ===== Detail Route Phase 2 =====
PHY-1001 : Initial routing.....
PHY-1001 : Routed 36% nets.
PHY-1001 : Routed 44% nets.
PHY-1001 : Routed 53% nets.
PHY-1001 : Routed 65% nets.
PHY-1001 : Routed 85% nets.
PHY-1022 : len = 585264, over cnt = 161(0%), over = 161, worst = 1, crit = 0
PHY-1001 : Current memory(MB): used = 609, reserve = 582, peak = 609.
PHY-1001 : End initial routed; 11.174445s wall, 8.125000s user + 0.046875s system = 8.171875s CPU (73.1%)

PHY-1001 : Update timing.....
PHY-1001 : 0/4099(0%) critical/total net(s).
RUN-1001 : ------------------------------------------
RUN-1001 :   Type   |    WNS(ns)    |  TNS(ns)  |  FEP  
RUN-1001 : ------------------------------------------
RUN-1001 :   Setup  |    998.546    |   0.000   |   0   
RUN-1001 :   Hold   |  2147483.647  |   0.000   |   0   
RUN-1001 : ------------------------------------------
PHY-1001 : End update timing; 1.036576s wall, 0.781250s user + 0.000000s system = 0.781250s CPU (75.4%)

PHY-1001 : Current memory(MB): used = 613, reserve = 586, peak = 613.
PHY-1001 : End phase 2; 12.211165s wall, 8.906250s user + 0.046875s system = 8.953125s CPU (73.3%)

PHY-1001 : ===== Detail Route Phase 3 =====
PHY-1001 : Optimize timing.....
PHY-1022 : len = 585264, over cnt = 161(0%), over = 161, worst = 1, crit = 0
PHY-1001 : End optimize timing; 0.021798s wall, 0.031250s user + 0.000000s system = 0.031250s CPU (143.4%)

PHY-1001 : Ripup-reroute.....
PHY-1001 : ===== DR Iter 1 =====
PHY-1022 : len = 583672, over cnt = 42(0%), over = 42, worst = 1, crit = 0
PHY-1001 : End DR Iter 1; 0.150011s wall, 0.093750s user + 0.000000s system = 0.093750s CPU (62.5%)

PHY-1001 : ===== DR Iter 2 =====
PHY-1022 : len = 583904, over cnt = 4(0%), over = 4, worst = 1, crit = 0
PHY-1001 : End DR Iter 2; 0.094484s wall, 0.031250s user + 0.000000s system = 0.031250s CPU (33.1%)

PHY-1001 : ===== DR Iter 3 =====
PHY-1022 : len = 583944, over cnt = 0(0%), over = 0, worst = 0, crit = 0
PHY-1001 : End DR Iter 3; 0.053914s wall, 0.031250s user + 0.000000s system = 0.031250s CPU (58.0%)

PHY-1001 : Update timing.....
PHY-1001 : 0/4099(0%) critical/total net(s).
RUN-1001 : ------------------------------------------
RUN-1001 :   Type   |    WNS(ns)    |  TNS(ns)  |  FEP  
RUN-1001 : ------------------------------------------
RUN-1001 :   Setup  |    998.546    |   0.000   |   0   
RUN-1001 :   Hold   |  2147483.647  |   0.000   |   0   
RUN-1001 : ------------------------------------------
PHY-1001 : End update timing; 0.921156s wall, 0.718750s user + 0.000000s system = 0.718750s CPU (78.0%)

PHY-1001 : Commit to database.....
PHY-1001 : 36 feed throughs used by 32 nets
PHY-1001 : End commit to database; 0.482124s wall, 0.453125s user + 0.000000s system = 0.453125s CPU (94.0%)

PHY-1001 : Current memory(MB): used = 642, reserve = 616, peak = 642.
PHY-1001 : End phase 3; 1.887319s wall, 1.531250s user + 0.000000s system = 1.531250s CPU (81.1%)

PHY-1003 : Routed, final wirelength = 583944
PHY-1001 : Current memory(MB): used = 643, reserve = 617, peak = 643.
PHY-1001 : End export database. 0.018430s wall, 0.015625s user + 0.000000s system = 0.015625s CPU (84.8%)

PHY-1001 : End detail routing;  21.436745s wall, 16.171875s user + 0.093750s system = 16.265625s CPU (75.9%)

RUN-1003 : finish command "route" in  23.048326s wall, 17.171875s user + 0.156250s system = 17.328125s CPU (75.2%)

RUN-1004 : used memory is 604 MB, reserved memory is 578 MB, peak memory is 643 MB
RUN-1002 : start command "report_area -io_info -file SD-SDRAM-ISP-HDMI_phy.area"
RUN-1001 : standard
***Report Model: sd_bmp_hdmi Device: EG4S20BG256***

IO Statistics
#IO                        12
  #input                    5
  #output                   7
  #inout                    0

Utilization Statistics
#lut                     3300   out of  19600   16.84%
#reg                     2364   out of  19600   12.06%
#le                      4126
  #lut only              1762   out of   4126   42.70%
  #reg only               826   out of   4126   20.02%
  #lut&reg               1538   out of   4126   37.28%
#dsp                        0   out of     29    0.00%
#bram                       9   out of     64   14.06%
  #bram9k                   9
  #fifo9k                   0
#bram32k                    6   out of     16   37.50%
#pad                       16   out of    188    8.51%
  #ireg                     0
  #oreg                     4
  #treg                     0
#pll                        2   out of      4   50.00%
#gclk                       4   out of     16   25.00%

Clock Resource Statistics
Index     ClockNet                                    Type               DriverType         Driver                                          Fanout
#1        u_hdmi_top/dpc/pclk                         GCLK               pll                u_clk_wiz_1/pll_inst.clkc1                      682
#2        u_clk_wiz_0/clk0_buf                        GCLK               pll                u_clk_wiz_0/pll_inst.clkc0                      170
#3        config_inst_syn_9                           GCLK               config             config_inst.jtck                                159
#4        u_ddr3_top/u_sdram_fifo_ctrl/wrfifo/clkw    GCLK               pll                u_clk_wiz_0/pll_inst.clkc3                      154
#5        sys_clk_dup_1                               GCLK               io                 sys_clk_syn_2.di                                79
#6        u_sd_ctrl_top/u_sd_init/div_clk             GCLK               lslice             u_sd_ctrl_top/u_sd_init/div_clk_reg_syn_9.q0    59
#7        u_clk_wiz_1/clk0_buf                        GCLK               pll                u_clk_wiz_1/pll_inst.clkc0                      36
#8        u_sd_ctrl_top/u_sd_read/clk_ref_180deg      GCLK               pll                u_clk_wiz_0/pll_inst.clkc4                      24
#9        u_ddr3_top/clk_sdram                        GCLK               pll                u_clk_wiz_0/pll_inst.clkc1                      0


Detailed IO Report

        Name           Direction    Location    IOStandard    DriveStrength    PullType    PackReg  
       sd_miso           INPUT        D14        LVCMOS33          N/A          PULLUP      NONE    
   switch_video[1]       INPUT        B10        LVCMOS33          N/A          PULLUP      NONE    
   switch_video[0]       INPUT        A10        LVCMOS33          N/A          PULLUP      NONE    
       sys_clk           INPUT         R7        LVCMOS33          N/A          PULLUP      NONE    
      sys_rst_n          INPUT         A9        LVCMOS33          N/A          PULLUP      NONE    
       sd_clk           OUTPUT        F15        LVCMOS33           8            NONE       NONE    
        sd_cs           OUTPUT        F13        LVCMOS33           8            NONE       NONE    
       sd_mosi          OUTPUT        F14        LVCMOS33           8            NONE       NONE    
     tmds_clk_p         OUTPUT         P1         LVDS33           NA            NONE      ODDRX1   
    tmds_clk_p(n)       OUTPUT         R1         LVDS33           NA            NONE      ODDRX1   
   tmds_data_p[2]       OUTPUT         J3         LVDS33           NA            NONE      ODDRX1   
  tmds_data_p[2](n)     OUTPUT         J4         LVDS33           NA            NONE      ODDRX1   
   tmds_data_p[1]       OUTPUT         P4         LVDS33           NA            NONE      ODDRX1   
  tmds_data_p[1](n)     OUTPUT         N4         LVDS33           NA            NONE      ODDRX1   
   tmds_data_p[0]       OUTPUT         N1         LVDS33           NA            NONE      ODDRX1   
  tmds_data_p[0](n)     OUTPUT         M1         LVDS33           NA            NONE      ODDRX1   
       dq[23]            INPUT        S31        LVCMOS25           8           PULLUP      NONE    
       dq[22]            INPUT        S32        LVCMOS25           8           PULLUP      NONE    
       dq[21]            INPUT        S35        LVCMOS25           8           PULLUP      NONE    
       dq[20]            INPUT        S36        LVCMOS25           8           PULLUP      NONE    
       dq[19]            INPUT        S37        LVCMOS25           8           PULLUP      NONE    
       dq[18]            INPUT        S38        LVCMOS25           8           PULLUP      NONE    
       dq[17]            INPUT        S41        LVCMOS25           8           PULLUP      NONE    
       dq[16]            INPUT        S42        LVCMOS25           8           PULLUP      NONE    
       dq[31]            INPUT        S48        LVCMOS25           8           PULLUP      NONE    
       dq[30]            INPUT        S49        LVCMOS25           8           PULLUP      NONE    
       dq[29]            INPUT        S52        LVCMOS25           8           PULLUP      NONE    
       dq[28]            INPUT        S53        LVCMOS25           8           PULLUP      NONE    
       dq[27]            INPUT        S54        LVCMOS25           8           PULLUP      NONE    
       dq[26]            INPUT        S55        LVCMOS25           8           PULLUP      NONE    
       dq[25]            INPUT        S58        LVCMOS25           8           PULLUP      NONE    
       dq[24]            INPUT        S59        LVCMOS25           8           PULLUP      NONE    
         dm0            OUTPUT        S14        LVCMOS25           8            NONE       NONE    
         cke            OUTPUT        S18        LVCMOS25           8            NONE       OREG    
        we_n            OUTPUT        S19        LVCMOS25           8            NONE       OREG    
        cas_n           OUTPUT        S20        LVCMOS25           8            NONE       OREG    
        ras_n           OUTPUT        S21        LVCMOS25           8            NONE       OREG    
        cs_n            OUTPUT        S22        LVCMOS25           8            NONE       OREG    
       addr[9]          OUTPUT        S23        LVCMOS25           8            NONE       OREG    
       addr[8]          OUTPUT        S24        LVCMOS25           8            NONE       OREG    
       addr[7]          OUTPUT        S25        LVCMOS25           8            NONE       OREG    
       addr[6]          OUTPUT        S26        LVCMOS25           8            NONE       OREG    
       addr[5]          OUTPUT        S27        LVCMOS25           8            NONE       OREG    
       addr[4]          OUTPUT        S28        LVCMOS25           8            NONE       OREG    
         dm2            OUTPUT        S29        LVCMOS25           8            NONE       NONE    
         dm3            OUTPUT        S61        LVCMOS25           8            NONE       NONE    
       addr[3]          OUTPUT        S64        LVCMOS25           8            NONE       OREG    
       addr[2]          OUTPUT        S65        LVCMOS25           8            NONE       OREG    
       addr[1]          OUTPUT        S66        LVCMOS25           8            NONE       OREG    
       addr[0]          OUTPUT        S67        LVCMOS25           8            NONE       OREG    
      addr[10]          OUTPUT        S68        LVCMOS25           8            NONE       OREG    
        ba[0]           OUTPUT        S69        LVCMOS25           8            NONE       OREG    
        ba[1]           OUTPUT        S70        LVCMOS25           8            NONE       OREG    
         clk            OUTPUT        S73        LVCMOS25           8            NONE       NONE    
         dm1            OUTPUT        S76        LVCMOS25           8            NONE       NONE    
        dq[0]            INOUT         S1        LVCMOS25           8           PULLUP      IREG    
        dq[6]            INOUT        S11        LVCMOS25           8           PULLUP      IREG    
        dq[7]            INOUT        S12        LVCMOS25           8           PULLUP      IREG    
        dq[1]            INOUT         S2        LVCMOS25           8           PULLUP      IREG    
        dq[2]            INOUT         S5        LVCMOS25           8           PULLUP      IREG    
        dq[3]            INOUT         S6        LVCMOS25           8           PULLUP      IREG    
        dq[4]            INOUT         S7        LVCMOS25           8           PULLUP      IREG    
        dq[8]            INOUT        S78        LVCMOS25           8           PULLUP      IREG    
        dq[9]            INOUT        S79        LVCMOS25           8           PULLUP      IREG    
        dq[5]            INOUT         S8        LVCMOS25           8           PULLUP      IREG    
       dq[10]            INOUT        S82        LVCMOS25           8           PULLUP      IREG    
       dq[11]            INOUT        S83        LVCMOS25           8           PULLUP      IREG    
       dq[12]            INOUT        S84        LVCMOS25           8           PULLUP      IREG    
       dq[13]            INOUT        S85        LVCMOS25           8           PULLUP      IREG    
       dq[14]            INOUT        S88        LVCMOS25           8           PULLUP      IREG    
       dq[15]            INOUT        S89        LVCMOS25           8           PULLUP      IREG    

Report Hierarchy Area:
+-------------------------------------------------------------------------------------------------------------------------------------+
|Instance                            |Module                                     |le     |lut     |ripple  |seq     |bram    |dsp     |
+-------------------------------------------------------------------------------------------------------------------------------------+
|top                                 |sd_bmp_hdmi                                |4126   |2480    |820     |2368    |15      |0       |
|  u_clk_wiz_0                       |PLL                                        |0      |0       |0       |0       |0       |0       |
|  u_clk_wiz_1                       |PLL_hdmi                                   |0      |0       |0       |0       |0       |0       |
|  u_ddr3_top                        |ddr3_top1                                  |584    |353     |100     |365     |2       |0       |
|    physica_sdram                   |SDRAM                                      |0      |0       |0       |0       |0       |0       |
|    u_sdram_controller              |sdram_controller                           |221    |159     |40      |103     |0       |0       |
|      u_sdram_cmd                   |sdram_cmd                                  |50     |50      |0       |20      |0       |0       |
|      u_sdram_ctrl                  |sdram_ctrl                                 |154    |108     |40      |66      |0       |0       |
|      u_sdram_data                  |sdram_data                                 |17     |1       |0       |17      |0       |0       |
|    u_sdram_fifo_ctrl               |sdram_fifo_ctrl                            |363    |194     |60      |262     |2       |0       |
|      rdfifo                        |SOFTFIFO                                   |149    |61      |18      |122     |1       |0       |
|        ram_inst                    |ram_infer_SOFTFIFO                         |16     |0       |0       |16      |1       |0       |
|        rd_to_wr_cross_inst         |fifo_cross_domain_addr_process_al_SOFTFIFO |37     |19      |0       |37      |0       |0       |
|        wr_to_rd_cross_inst         |fifo_cross_domain_addr_process_al_SOFTFIFO |38     |22      |0       |38      |0       |0       |
|      wrfifo                        |SOFTFIFO                                   |136    |81      |18      |110     |1       |0       |
|        ram_inst                    |ram_infer_SOFTFIFO                         |12     |12      |0       |12      |1       |0       |
|        rd_to_wr_cross_inst         |fifo_cross_domain_addr_process_al_SOFTFIFO |38     |21      |0       |38      |0       |0       |
|        wr_to_rd_cross_inst         |fifo_cross_domain_addr_process_al_SOFTFIFO |34     |28      |0       |34      |0       |0       |
|  u_hdmi_top                        |hdmi_top1                                  |2381   |1344    |544     |1239    |4       |0       |
|    dpc                             |isp_dpc                                    |1900   |1022    |407     |1066    |4       |0       |
|      linebuffer                    |shift_register                             |59     |27      |16      |27      |4       |0       |
|        gen_ram_inst[0]$u_ram       |simple_dp_ram                              |0      |0       |0       |0       |1       |0       |
|        gen_ram_inst[1]$u_ram       |simple_dp_ram                              |0      |0       |0       |0       |1       |0       |
|        gen_ram_inst[2]$u_ram       |simple_dp_ram                              |0      |0       |0       |0       |1       |0       |
|        gen_ram_inst[3]$u_ram       |simple_dp_ram                              |0      |0       |0       |0       |1       |0       |
|    u3_hdmi_tx                      |hdmi_tx                                    |329    |231     |76      |142     |0       |0       |
|      Inst_DVITransmitter           |DVITransmitter                             |329    |231     |76      |142     |0       |0       |
|        Inst_TMDSEncoder_blue       |TMDSEncoder                                |110    |87      |18      |44      |0       |0       |
|        Inst_TMDSEncoder_green      |TMDSEncoder                                |83     |63      |18      |29      |0       |0       |
|        Inst_TMDSEncoder_red        |TMDSEncoder                                |87     |47      |40      |20      |0       |0       |
|        Inst_blue_serializer_10_1   |Serial_N_1_lvds_dat                        |19     |15      |0       |19      |0       |0       |
|        Inst_clk_serializer_10_1    |Serial_N_1_lvds                            |5      |2       |0       |5       |0       |0       |
|        Inst_green_serializer_10_1  |Serial_N_1_lvds_dat                        |13     |9       |0       |13      |0       |0       |
|        Inst_red_serializer_10_1    |Serial_N_1_lvds_dat                        |12     |8       |0       |12      |0       |0       |
|    u_video_driver                  |video_driver                               |152    |91      |61      |31      |0       |0       |
|  u_sd_ctrl_top                     |sd_ctrl_top                                |351    |263     |45      |217     |0       |0       |
|    u_sd_init                       |sd_init                                    |202    |149     |30      |113     |0       |0       |
|    u_sd_read                       |sd_read                                    |149    |114     |15      |104     |0       |0       |
|  u_sd_read_photo                   |read_rawdata                               |208    |165     |32      |145     |0       |0       |
|  cw_top                            |CW_TOP_WRAPPER                             |598    |351     |99      |398     |0       |0       |
|    wrapper_cwc_top                 |cwc_top                                    |598    |351     |99      |398     |0       |0       |
|      cfg_int_inst                  |cwc_cfg_int                                |276    |148     |0       |263     |0       |0       |
|        reg_inst                    |register                                   |273    |145     |0       |260     |0       |0       |
|        tap_inst                    |tap                                        |3      |3       |0       |3       |0       |0       |
|      trigger_inst                  |trigger                                    |322    |203     |99      |135     |0       |0       |
|        bus_inst                    |bus_top                                    |122    |73      |42      |48      |0       |0       |
|          BUS_DETECTOR[0]$bus_nodes |bus_det                                    |3      |2       |0       |3       |0       |0       |
|          BUS_DETECTOR[1]$bus_nodes |bus_det                                    |1      |1       |0       |1       |0       |0       |
|          BUS_DETECTOR[2]$bus_nodes |bus_det                                    |2      |2       |0       |2       |0       |0       |
|          BUS_DETECTOR[3]$bus_nodes |bus_det                                    |4      |4       |0       |4       |0       |0       |
|          BUS_DETECTOR[4]$bus_nodes |bus_det                                    |47     |25      |18      |13      |0       |0       |
|          BUS_DETECTOR[5]$bus_nodes |bus_det                                    |50     |30      |18      |18      |0       |0       |
|          BUS_DETECTOR[6]$bus_nodes |bus_det                                    |15     |9       |6       |7       |0       |0       |
|        emb_ctrl_inst               |emb_ctrl                                   |110    |81      |29      |55      |0       |0       |
+-------------------------------------------------------------------------------------------------------------------------------------+


DataNet Average Fanout:

   Index     Fanout     Nets  
    #1          1       2819  
    #2          2       875   
    #3          3       396   
    #4          4       172   
    #5        5-10      384   
    #6        11-50     121   
    #7       51-100      5    
    #8       101-500     2    
    #9        >500       1    
  Average     2.62            

RUN-1002 : start command "export_db SD-SDRAM-ISP-HDMI_pr.db"
RUN-1001 : Exported /
RUN-1001 : Exported flow parameters
RUN-1001 : Exported libs
RUN-1001 : Exported entities
RUN-1001 : Exported ports
RUN-1001 : Exported pins
RUN-1001 : Exported instances
RUN-1001 : Exported nets
RUN-1001 : Exported buses
RUN-1001 : Exported models
RUN-1001 : Exported congestions
RUN-1001 : Exported violations
RUN-1001 : Exported timing constraints
RUN-1001 : Exported IO constraints
RUN-1001 : Exported Inst constraints
RUN-1001 : Exported ChipWatcher
RUN-1002 : start command "start_timer"
TMR-2505 : Start building timing graph for model sd_bmp_hdmi.
TMR-2506 : Build timing graph completely. Port num: 9, tpin num: 18706, tnet num: 4796, tinst num: 2217, tnode num: 24022, tedge num: 31890.
TMR-2508 : Levelizing timing graph completed, there are 29 levels in total.
TMR-2501 : Timing graph initialized successfully.
RUN-1002 : start command "report_timing -mode FINAL -net_info -rpt_autogen true -file SD-SDRAM-ISP-HDMI_phy.timing"
TMR-2503 : Start to update net delay, extr mode = 6.
TMR-2504 : Update delay of 4796 nets completely.
TMR-2502 : Annotate delay completely, extr mode = 6.
TMR-3001 : Initiate 0 clocks from SDC.
TMR-3004 : Map sdc constraints, there are 8 constraints in total.
TMR-3003 : Constraints initiated successfully.
TMR-3501 : Forward propagation: start to calculate arrival time...
TMR-3502 : Backward propagation: start to calculate required time...
TMR-3503 : Timing propagation completes.
TMR-3506 : Start to generate timing report.
TMR-1502 : Number of clock constraints = 0. Number of clock nets = 9 (9 unconstrainted).
TMR-5009 WARNING: No clock constraint on 9 clock net(s): 
		config_inst_syn_10
		sys_clk_dup_1
		u_clk_wiz_1/clk0_out
		u_ddr3_top/clk_sdram
		u_ddr3_top/u_sdram_fifo_ctrl/clk_ref
		u_ddr3_top/u_sdram_fifo_ctrl/wrfifo/clkw
		u_hdmi_top/dpc/pclk
		u_sd_ctrl_top/u_sd_init/div_clk_syn_4
		u_sd_ctrl_top/u_sd_read/clk_ref_180deg
USR-6122 CRITICAL-WARNING: No clock constraint on PLL u_clk_wiz_0/pll_inst
USR-6122 CRITICAL-WARNING: No clock constraint on PLL u_clk_wiz_1/pll_inst
TMR-3508 : Export timing summary.
TMR-3507 : Timing report generated successfully in SD-SDRAM-ISP-HDMI_phy.timing, timing summary in SD-SDRAM-ISP-HDMI_phy.tsm.
RUN-1002 : start command "export_bid SD-SDRAM-ISP-HDMI_inst.bid"
PRG-1000 : <!-- HMAC is: f34721bc4ad60acd7cc5f657e10ee60e9c0baa79fead2df228e755535a4006e4 -->
RUN-1002 : start command "bitgen -bit SD-SDRAM-ISP-HDMI.bit"
BIT-1003 : Start to generate bitstream. 
BIT-1002 : Init instances with 16 threads.
BIT-1002 : Init instances completely, inst num: 2217
BIT-1002 : Init pips with 16 threads.
BIT-1002 : Init pips completely, net num: 4798, pip num: 43120
BIT-1002 : Init feedthrough with 16 threads.
BIT-1002 : Init feedthrough completely, num: 36
BIT-1003 : Multithreading accelaration with 16 threads.
BIT-1003 : Generate bitstream completely, there are 2154 valid insts, and 127968 bits set as '1'.
BIT-1004 : the usercode register value: 00000000100001100000100110010011
BIT-1004 : PLL setting string = 0110
BIT-1004 : Generate bits file SD-SDRAM-ISP-HDMI.bit.
RUN-1003 : finish command "bitgen -bit SD-SDRAM-ISP-HDMI.bit" in  4.261482s wall, 20.640625s user + 0.250000s system = 20.890625s CPU (490.2%)

RUN-1004 : used memory is 629 MB, reserved memory is 605 MB, peak memory is 791 MB
RUN-1002 : start command "backup_run_log run.log ../.logs/phy_1/td_20240703_211202.log"
