============================================================
   Tang Dynasty, V5.6.71036
      Copyright (c) 2012-2023 Anlogic Inc.
   Executable = F:/ARMChina/bin/td.exe
   Built at =   20:34:38 Mar 21 2023
   Run by =     Illyasvial Von Einzb
   Run Date =   Thu Jul  4 20:41:38 2024

   Run on =     LAPTOP-4S5LNBPI
============================================================
RUN-1002 : start command "open_project SD-SDRAM-ISP-HDMI.prj"
RUN-1001 : Print Global Property
RUN-1001 : ---------------------------------------------------------------
RUN-1001 :        Parameters        |  Settings  |  Default Values  |  Note  
RUN-1001 : ---------------------------------------------------------------
RUN-1001 :          message         |  standard  |     standard     |        
RUN-1001 :   mixed_pack_place_flow  |     on     |        on        |        
RUN-1001 :        qor_monitor       |    off     |       off        |        
RUN-1001 :        syn_ip_flow       |    off     |       off        |        
RUN-1001 :          thread          |    auto    |       auto       |        
RUN-1001 : ---------------------------------------------------------------
RUN-1001 : Print Design Property
RUN-1001 : --------------------------------------------------------------
RUN-1001 :        Parameters       |  Settings  |  Default Values  |  Note  
RUN-1001 : --------------------------------------------------------------
RUN-1001 :   default_reg_initial   |    auto    |       auto       |        
RUN-1001 :        infer_add        |     on     |        on        |        
RUN-1001 :        infer_fsm        |    off     |       off        |        
RUN-1001 :        infer_mult       |     on     |        on        |        
RUN-1001 :        infer_ram        |     on     |        on        |        
RUN-1001 :        infer_reg        |     on     |        on        |        
RUN-1001 :   infer_reg_init_value  |     on     |        on        |        
RUN-1001 :        infer_rom        |     on     |        on        |        
RUN-1001 :      infer_shifter      |     on     |        on        |        
RUN-1001 : --------------------------------------------------------------
RUN-1001 : Print Rtl Property
RUN-1001 : --------------------------------------------------------------
RUN-1001 :        Parameters       |  Settings  |  Default Values  |  Note  
RUN-1001 : --------------------------------------------------------------
RUN-1001 :       compress_add      |   ripple   |      ripple      |        
RUN-1001 :        elf_sload        |    off     |       off        |        
RUN-1001 :       fix_undriven      |     0      |        0         |        
RUN-1001 :         flatten         |    off     |       off        |        
RUN-1001 :       gate_sharing      |     on     |        on        |        
RUN-1001 :    hdl_warning_level    |   normal   |      normal      |        
RUN-1001 :   impl_internal_tribuf  |     on     |        on        |        
RUN-1001 :      impl_set_reset     |     on     |        on        |        
RUN-1001 :        infer_gsr        |    off     |       off        |        
RUN-1001 :      keep_hierarchy     |    auto    |       auto       |        
RUN-1001 :        max_fanout       |    9999    |       9999       |        
RUN-1001 :      max_oh2bin_len     |     10     |        10        |        
RUN-1001 :       merge_equal       |     on     |        on        |        
RUN-1001 :       merge_equiv       |     on     |        on        |        
RUN-1001 :        merge_mux        |    off     |       off        |        
RUN-1001 :     min_control_set     |     8      |        8         |        
RUN-1001 :      min_ripple_len     |    auto    |       auto       |        
RUN-1001 :       oh2bin_ratio      |    0.08    |       0.08       |        
RUN-1001 :     opt_adder_fanout    |     on     |        on        |        
RUN-1001 :        opt_arith        |     on     |        on        |        
RUN-1001 :       opt_big_gate      |    off     |       off        |        
RUN-1001 :        opt_const        |     on     |        on        |        
RUN-1001 :      opt_const_mult     |     on     |        on        |        
RUN-1001 :       opt_lessthan      |     on     |        on        |        
RUN-1001 :         opt_mux         |    off     |       off        |        
RUN-1001 :         opt_ram         |    high    |       high       |        
RUN-1001 :      rtl_sim_model      |    off     |       off        |        
RUN-1001 :         seq_syn         |     on     |        on        |        
RUN-1001 : --------------------------------------------------------------
HDL-1007 : analyze verilog file ../../import/ddr3-al_ip/SOFTFIFO.v
HDL-1007 : analyze verilog file ../../import/ddr3-al_ip/SDRAM.v
HDL-1007 : analyze verilog file ../../al_ip/PLL.v
HDL-1007 : undeclared symbol 'open', assumed default net type 'wire' in ../../al_ip/PLL.v(92)
HDL-1007 : analyze verilog file ../../al_ip/PLL_hdmi.v
HDL-1007 : undeclared symbol 'open', assumed default net type 'wire' in ../../al_ip/PLL_hdmi.v(70)
HDL-1007 : analyze VHDL file ../../import/hdmi-rtl/enc_file/SerializerN_1_lvds.enc.vhd
Copyright (c) 1998-2019 The OpenSSL Project.  All rights reserved.
This product includes software developed by the OpenSSL Project
for use in the OpenSSL Toolkit (http://www.openssl.org/)
Copyright (C) 1995-1998 Eric Young (eay@cryptsoft.com)
All rights reserved.
This product includes cryptographic software written by Eric Young (eay@cryptsoft.com)
HDL-1007 : analyze entity ** in encrypted_text(0)
HDL-1007 : analyze architecture ** in encrypted_text(0)
HDL-1007 : analyze VHDL file ../../import/hdmi-rtl/enc_file/SerializerN_1_lvds_dat.enc.vhd
HDL-1007 : analyze entity ** in encrypted_text(0)
HDL-1007 : analyze architecture ** in encrypted_text(0)
HDL-1007 : analyze VHDL file ../../import/hdmi-rtl/enc_file/TMDSEncoder.enc.vhd
HDL-1007 : analyze entity ** in encrypted_text(0)
HDL-1007 : analyze architecture ** in encrypted_text(0)
HDL-1007 : analyze verilog file ../../import/hdmi-rtl/enc_file/video_tpg_1024768.enc.v
HDL-5007 WARNING: literal value ** truncated to fit in ** bits in encrypted_text(0)
HDL-1007 : back to file '../../import/hdmi-rtl/enc_file/video_tpg_1024768.enc.v' in ../../import/hdmi-rtl/enc_file/video_tpg_1024768.enc.v(216)
HDL-1007 : analyze verilog file ../../import/hdmi-rtl/enc_file/video_tpg_1080p.enc.v
HDL-1007 : back to file '../../import/hdmi-rtl/enc_file/video_tpg_1080p.enc.v' in ../../import/hdmi-rtl/enc_file/video_tpg_1080p.enc.v(208)
HDL-1007 : analyze verilog file ../../import/hdmi-rtl/enc_file/video_tpg_12801024p.enc.v
HDL-1007 : back to file '../../import/hdmi-rtl/enc_file/video_tpg_12801024p.enc.v' in ../../import/hdmi-rtl/enc_file/video_tpg_12801024p.enc.v(207)
HDL-1007 : analyze verilog file ../../import/hdmi-rtl/enc_file/video_tpg_1280800.enc.v
HDL-5007 WARNING: literal value ** truncated to fit in ** bits in encrypted_text(0)
HDL-1007 : back to file '../../import/hdmi-rtl/enc_file/video_tpg_1280800.enc.v' in ../../import/hdmi-rtl/enc_file/video_tpg_1280800.enc.v(216)
HDL-1007 : analyze verilog file ../../import/hdmi-rtl/enc_file/video_tpg_16801050p.enc.v
HDL-1007 : back to file '../../import/hdmi-rtl/enc_file/video_tpg_16801050p.enc.v' in ../../import/hdmi-rtl/enc_file/video_tpg_16801050p.enc.v(209)
HDL-1007 : analyze verilog file ../../import/hdmi-rtl/enc_file/video_tpg_800600.enc.v
HDL-1007 : back to file '../../import/hdmi-rtl/enc_file/video_tpg_800600.enc.v' in ../../import/hdmi-rtl/enc_file/video_tpg_800600.enc.v(211)
HDL-1007 : analyze verilog file ../../import/hdmi_top/hdmi_top.v
HDL-1007 : analyze verilog file ../../import/hdmi_top/video_driver.v
HDL-1007 : analyze verilog file ../../import/sd_bmp_hdmi.v
HDL-1007 : undeclared symbol 'rd_vsync', assumed default net type 'wire' in ../../import/sd_bmp_hdmi.v(200)
HDL-1007 : analyze verilog file ../../import/sd_ctrl_top/sd_ctrl_top.v
HDL-1007 : analyze verilog file ../../import/sd_ctrl_top/sd_init.v
HDL-1007 : analyze verilog file ../../import/sd_ctrl_top/sd_read.v
HDL-1007 : analyze verilog file ../../import/sd_ctrl_top/sd_write.v
HDL-1007 : analyze VHDL file ../../import/hdmi-rtl/enc_file/DVITransmitter.enc.vhd
HDL-1007 : analyze entity dvitransmitter in ../../import/hdmi-rtl/enc_file/DVITransmitter.enc.vhd(13)
HDL-1007 : analyze architecture ** in encrypted_text(0)
HDL-1007 : analyze VHDL file ../../import/hdmi-rtl/hdmi_tx.vhd
HDL-1007 : analyze entity hdmi_tx in ../../import/hdmi-rtl/hdmi_tx.vhd(11)
HDL-1007 : analyze architecture behavioral in ../../import/hdmi-rtl/hdmi_tx.vhd(33)
HDL-1007 : analyze verilog file ../../import/DDR3-rtl/sdram_cmd.v
HDL-1007 : analyze included file ../../import/DDR3-rtl/sdram_para.v in ../../import/DDR3-rtl/sdram_cmd.v(46)
HDL-1007 : back to file '../../import/DDR3-rtl/sdram_cmd.v' in ../../import/DDR3-rtl/sdram_cmd.v(46)
HDL-1007 : analyze verilog file ../../import/DDR3-rtl/sdram_controller.v
HDL-1007 : analyze verilog file ../../import/DDR3-rtl/sdram_ctrl.v
HDL-1007 : analyze included file ../../import/DDR3-rtl/sdram_para.v in ../../import/DDR3-rtl/sdram_ctrl.v(19)
HDL-1007 : back to file '../../import/DDR3-rtl/sdram_ctrl.v' in ../../import/DDR3-rtl/sdram_ctrl.v(19)
HDL-1007 : analyze verilog file ../../import/DDR3-rtl/sdram_data.v
HDL-1007 : analyze included file ../../import/DDR3-rtl/sdram_para.v in ../../import/DDR3-rtl/sdram_data.v(13)
HDL-1007 : back to file '../../import/DDR3-rtl/sdram_data.v' in ../../import/DDR3-rtl/sdram_data.v(13)
HDL-1007 : analyze verilog file ../../import/DDR3-rtl/sdram_fifo_ctrl.v
HDL-1007 : analyze verilog file ../../import/DDR3-rtl/sdram_top.v
HDL-1007 : analyze verilog file ../../import/read_rawdata.v
HDL-1007 : analyze verilog file ../../import/hdmi_top/ISP_include.v
HDL-1007 : analyze verilog file ../../import/hdmi_top/ISP_debayer_h.v
RUN-1001 : Project manager successfully analyzed 32 source files.
RUN-1002 : start command "import_device eagle_s20.db -package EG4S20BG256"
ARC-1001 : Device Initialization.
ARC-1001 : ------------------------------------------------------------------
ARC-1001 :            OPTION            |          IO          |   SETTING   
ARC-1001 : ------------------------------------------------------------------
ARC-1001 :   cso_b/cclk/mosi/miso/dout  |  T3/R11/T10/P10/S11  |    gpio    
ARC-1001 :             done             |         P13          |    gpio    
ARC-1001 :           program_b          |          T2          |  dedicate  
ARC-1001 :        tdi/tms/tck/tdo       |   C12/A15/C14/E14    |  dedicate  
ARC-1001 : ------------------------------------------------------------------
ARC-1004 : Device setting, marked 5 dedicate IOs in total.
RUN-1002 : start command "import_db ../syn_1/SD-SDRAM-ISP-HDMI_gate.db"
RUN-1001 : Importing database generated by Tang Dynasty, V5.6.71036.
RUN-1001 : Database version number 46146.
RUN-1001 : Import flow parameters
RUN-1001 : Import timing constraints
RUN-1001 : Import IO constraints
RUN-1001 : Import Inst constraints
RUN-1001 : Import design success TD_VERSION=5.6.71036 , DB_VERSION=46146
RUN-1002 : start command "read_sdc -ip SOFTFIFO ../../import/ddr3-al_ip/SOFTFIFO.tcl"
RUN-1002 : start command "get_ports clkw"
RUN-1002 : start command "get_nets  clkw  "
RUN-1002 : start command "get_clocks -nowarn -of nets 9663676416000"
RUN-1002 : start command "get_ports clkr"
RUN-1002 : start command "get_nets  clkr  "
RUN-1002 : start command "get_clocks -nowarn -of nets 49920404881408"
RUN-1002 : start command "get_property -nowarn -max PERIOD "
RUN-1002 : start command "get_property -nowarn -max PERIOD "
RUN-1002 : start command "get_regs rd_to_wr_cross_inst/primary_addr_gray_reg[*]"
RUN-1002 : start command "get_regs rd_to_wr_cross_inst/sync_r1[*]"
RUN-1002 : start command "set_max_delay -from  -to  999.70000000000005 -datapath_only"
RUN-1002 : start command "get_regs rd_to_wr_cross_inst/primary_addr_gray_reg[*]"
RUN-1002 : start command "get_regs rd_to_wr_cross_inst/sync_r1[*]"
RUN-1002 : start command "set_false_path -from  -to  -hold 999.70000000000005"
USR-1002 : set_false_path -help -setup -hold -from <list> -rise_from <list> -fall_from <list> -to <list> -rise_to <list> -fall_to <list> -through <list>
RUN-1002 : start command "get_regs wr_to_rd_cross_inst/primary_addr_gray_reg[*]"
RUN-1002 : start command "get_regs wr_to_rd_cross_inst/sync_r1[*]"
RUN-1002 : start command "set_max_delay -from  -to  999.70000000000005 -datapath_only"
RUN-1002 : start command "get_regs wr_to_rd_cross_inst/primary_addr_gray_reg[*]"
RUN-1002 : start command "get_regs wr_to_rd_cross_inst/sync_r1[*]"
RUN-1002 : start command "set_false_path -from  -to  -hold 999.70000000000005"
USR-1002 : set_false_path -help -setup -hold -from <list> -rise_from <list> -fall_from <list> -to <list> -rise_to <list> -fall_to <list> -through <list>
RUN-1002 : start command "get_ports clkw"
RUN-1002 : start command "get_nets  clkw  "
RUN-1002 : start command "get_clocks -nowarn -of nets 17514876633088"
RUN-1002 : start command "get_ports clkr"
RUN-1002 : start command "get_nets  clkr  "
RUN-1002 : start command "get_clocks -nowarn -of nets 9663676416000"
RUN-1002 : start command "get_property -nowarn -max PERIOD "
RUN-1002 : start command "get_property -nowarn -max PERIOD "
RUN-1002 : start command "get_regs rd_to_wr_cross_inst/primary_addr_gray_reg[*]"
RUN-1002 : start command "get_regs rd_to_wr_cross_inst/sync_r1[*]"
RUN-1002 : start command "set_max_delay -from  -to  999.70000000000005 -datapath_only"
RUN-1002 : start command "get_regs rd_to_wr_cross_inst/primary_addr_gray_reg[*]"
RUN-1002 : start command "get_regs rd_to_wr_cross_inst/sync_r1[*]"
RUN-1002 : start command "set_false_path -from  -to  -hold 999.70000000000005"
USR-1002 : set_false_path -help -setup -hold -from <list> -rise_from <list> -fall_from <list> -to <list> -rise_to <list> -fall_to <list> -through <list>
RUN-1002 : start command "get_regs wr_to_rd_cross_inst/primary_addr_gray_reg[*]"
RUN-1002 : start command "get_regs wr_to_rd_cross_inst/sync_r1[*]"
RUN-1002 : start command "set_max_delay -from  -to  999.70000000000005 -datapath_only"
RUN-1002 : start command "get_regs wr_to_rd_cross_inst/primary_addr_gray_reg[*]"
RUN-1002 : start command "get_regs wr_to_rd_cross_inst/sync_r1[*]"
RUN-1002 : start command "set_false_path -from  -to  -hold 999.70000000000005"
USR-1002 : set_false_path -help -setup -hold -from <list> -rise_from <list> -fall_from <list> -to <list> -rise_to <list> -fall_to <list> -through <list>
RUN-1002 : start command "config_chipwatcher ../../sd_HDMI.cwc -dir "
RUN-1002 : start command "legalize_phy_inst"
SYN-1011 : Flatten model sd_bmp_hdmi
KIT-1004 : ChipWatcher: import watcher inst auto_chipwatcher_0 completed, there are 5 view nodes, 8 trigger nets, 8 data nets.
KIT-1004 : Chipwatcher code = 0101000110101001
RUN-1002 : start command "compile_watcher"
RUN-1002 : start command "read_verilog -no_sch -dir F:/ARMChina/cw/ -file SD-SDRAM-ISP-HDMI_watcherInst.sv -lib cw -top CW_TOP_WRAPPER"
HDL-1007 : analyze verilog file F:/ARMChina/cw\bus_det.v
HDL-1007 : analyze verilog file F:/ARMChina/cw\bus_top.sv
HDL-1007 : analyze verilog file F:/ARMChina/cw\cfg_int.v
HDL-1007 : analyze verilog file F:/ARMChina/cw\cwc_cfg_int.v
HDL-1007 : analyze verilog file F:/ARMChina/cw\cwc_top.sv
HDL-1007 : analyze verilog file F:/ARMChina/cw\detect_bus.v
HDL-1007 : analyze verilog file F:/ARMChina/cw\detect_non_bus.v
HDL-1007 : analyze verilog file F:/ARMChina/cw\emb_ctrl.v
HDL-1007 : analyze verilog file F:/ARMChina/cw\register.v
HDL-1007 : analyze verilog file F:/ARMChina/cw\tap.v
HDL-1007 : analyze verilog file F:/ARMChina/cw\trigger.sv
HDL-1007 : analyze verilog file SD-SDRAM-ISP-HDMI_watcherInst.sv
HDL-1007 : elaborate module CW_TOP_WRAPPER in SD-SDRAM-ISP-HDMI_watcherInst.sv(1)
HDL-1007 : elaborate module cwc_top(BUS_NUM=5,BUS_CTRL_NUM=36,BUS_WIDTH='{32'sb01,32'sb01,32'sb01,32'sb01,32'sb0100},BUS_DIN_POS='{32'sb0,32'sb01,32'sb010,32'sb011,32'sb0100},BUS_CTRL_POS='{32'sb0,32'sb0110,32'sb01100,32'sb010010,32'sb011000}) in F:/ARMChina/cw\cwc_top.sv(21)
HDL-1007 : elaborate module cwc_cfg_int(CTRL_REG_LEN=58) in F:/ARMChina/cw\cwc_cfg_int.v(21)
HDL-1007 : elaborate module register(CTRL_REG_LEN=58) in F:/ARMChina/cw\register.v(21)
HDL-1007 : elaborate module tap in F:/ARMChina/cw\tap.v(21)
HDL-1007 : elaborate module trigger(BUS_NUM=5,BUS_CTRL_NUM=36,BUS_WIDTH='{32'sb01,32'sb01,32'sb01,32'sb01,32'sb0100},BUS_DIN_POS='{32'sb0,32'sb01,32'sb010,32'sb011,32'sb0100},BUS_CTRL_POS='{32'sb0,32'sb0110,32'sb01100,32'sb010010,32'sb011000}) in F:/ARMChina/cw\trigger.sv(21)
HDL-1007 : elaborate module bus_top(BUS_NODE_NUM=5,BUS_CTRL_NUM=36,BUS_WIDTH='{32'sb01,32'sb01,32'sb01,32'sb01,32'sb0100},BUS_DIN_POS='{32'sb0,32'sb01,32'sb010,32'sb011,32'sb0100},BUS_CTRL_POS='{32'sb0,32'sb0110,32'sb01100,32'sb010010,32'sb011000}) in F:/ARMChina/cw\bus_top.sv(22)
HDL-1007 : elaborate module bus_det(BUS_WIDTH=32'sb01) in F:/ARMChina/cw\bus_det.v(21)
HDL-1007 : elaborate module bus_det(BUS_WIDTH=32'sb0100) in F:/ARMChina/cw\bus_det.v(21)
HDL-1007 : elaborate module emb_ctrl in F:/ARMChina/cw\emb_ctrl.v(21)
HDL-1200 : Current top model is CW_TOP_WRAPPER
HDL-1100 : Inferred 0 RAMs.
RUN-1002 : start command "force_keep -a auto_chipwatcher_0_logicbram"
RUN-1002 : start command "optimize_rtl -no_sch"
RUN-1001 : Open license file F:/ARMChina/license/Anlogic.lic
RUN-1001 : Print Global Property
RUN-1001 : ---------------------------------------------------------------
RUN-1001 :        Parameters        |  Settings  |  Default Values  |  Note  
RUN-1001 : ---------------------------------------------------------------
RUN-1001 :          message         |  standard  |     standard     |        
RUN-1001 :   mixed_pack_place_flow  |     on     |        on        |        
RUN-1001 :        qor_monitor       |    off     |       off        |        
RUN-1001 :        syn_ip_flow       |    off     |       off        |        
RUN-1001 :          thread          |    auto    |       auto       |        
RUN-1001 : ---------------------------------------------------------------
RUN-1001 : Print Rtl Property
RUN-1001 : --------------------------------------------------------------
RUN-1001 :        Parameters       |  Settings  |  Default Values  |  Note  
RUN-1001 : --------------------------------------------------------------
RUN-1001 :       compress_add      |   ripple   |      ripple      |        
RUN-1001 :        elf_sload        |    off     |       off        |        
RUN-1001 :       fix_undriven      |     0      |        0         |        
RUN-1001 :         flatten         |    off     |       off        |        
RUN-1001 :       gate_sharing      |     on     |        on        |        
RUN-1001 :    hdl_warning_level    |   normal   |      normal      |        
RUN-1001 :   impl_internal_tribuf  |     on     |        on        |        
RUN-1001 :      impl_set_reset     |     on     |        on        |        
RUN-1001 :        infer_gsr        |    off     |       off        |        
RUN-1001 :      keep_hierarchy     |    auto    |       auto       |        
RUN-1001 :        max_fanout       |    9999    |       9999       |        
RUN-1001 :      max_oh2bin_len     |     10     |        10        |        
RUN-1001 :       merge_equal       |     on     |        on        |        
RUN-1001 :       merge_equiv       |     on     |        on        |        
RUN-1001 :        merge_mux        |    off     |       off        |        
RUN-1001 :     min_control_set     |     8      |        8         |        
RUN-1001 :      min_ripple_len     |    auto    |       auto       |        
RUN-1001 :       oh2bin_ratio      |    0.08    |       0.08       |        
RUN-1001 :     opt_adder_fanout    |     on     |        on        |        
RUN-1001 :        opt_arith        |     on     |        on        |        
RUN-1001 :       opt_big_gate      |    off     |       off        |        
RUN-1001 :        opt_const        |     on     |        on        |        
RUN-1001 :      opt_const_mult     |     on     |        on        |        
RUN-1001 :       opt_lessthan      |     on     |        on        |        
RUN-1001 :         opt_mux         |    off     |       off        |        
RUN-1001 :         opt_ram         |    high    |       high       |        
RUN-1001 :      rtl_sim_model      |    off     |       off        |        
RUN-1001 :         seq_syn         |     on     |        on        |        
RUN-1001 : --------------------------------------------------------------
SYN-1012 : SanityCheck: Model "sd_bmp_hdmi"
SYN-1012 : SanityCheck: Model "CW_TOP_WRAPPER"
SYN-1012 : SanityCheck: Model "cwc_top(BUS_NUM=5,BUS_CTRL_NUM=36,BUS_WIDTH='{32'sb01,32'sb01,32'sb01,32'sb01,32'sb0100},BUS_DIN_POS='{32'sb0,32'sb01,32'sb010,32'sb011,32'sb0100},BUS_CTRL_POS='{32'sb0,32'sb0110,32'sb01100,32'sb010010,32'sb011000})"
SYN-1012 : SanityCheck: Model "cwc_cfg_int(CTRL_REG_LEN=58)"
SYN-1012 : SanityCheck: Model "register(CTRL_REG_LEN=58)"
SYN-1012 : SanityCheck: Model "tap"
SYN-1012 : SanityCheck: Model "trigger(BUS_NUM=5,BUS_CTRL_NUM=36,BUS_WIDTH='{32'sb01,32'sb01,32'sb01,32'sb01,32'sb0100},BUS_DIN_POS='{32'sb0,32'sb01,32'sb010,32'sb011,32'sb0100},BUS_CTRL_POS='{32'sb0,32'sb0110,32'sb01100,32'sb010010,32'sb011000})"
SYN-1012 : SanityCheck: Model "bus_top(BUS_NODE_NUM=5,BUS_CTRL_NUM=36,BUS_WIDTH='{32'sb01,32'sb01,32'sb01,32'sb01,32'sb0100},BUS_DIN_POS='{32'sb0,32'sb01,32'sb010,32'sb011,32'sb0100},BUS_CTRL_POS='{32'sb0,32'sb0110,32'sb01100,32'sb010010,32'sb011000})"
SYN-1012 : SanityCheck: Model "bus_det(BUS_WIDTH=32'sb01)"
SYN-1012 : SanityCheck: Model "bus_det(BUS_WIDTH=32'sb0100)"
SYN-1012 : SanityCheck: Model "emb_ctrl"
SYN-1011 : Flatten model sd_bmp_hdmi
SYN-1032 : 8146/19 useful/useless nets, 5792/14 useful/useless insts
SYN-1016 : Merged 28 instances.
SYN-1032 : 7967/8 useful/useless nets, 6061/8 useful/useless insts
SYN-1014 : Optimize round 1
SYN-1032 : 7951/16 useful/useless nets, 6049/12 useful/useless insts
SYN-1021 : Optimized 1 onehot mux instances.
SYN-1020 : Optimized 1 distributor mux.
SYN-1019 : Optimized 1 mux instances.
SYN-1015 : Optimize round 1, 252 better
SYN-1014 : Optimize round 2
SYN-1032 : 7803/15 useful/useless nets, 5901/16 useful/useless insts
SYN-1015 : Optimize round 2, 32 better
SYN-1014 : Optimize round 1
SYN-1015 : Optimize round 1, 0 better
RUN-1002 : start command "optimize_gate -no_sch"
RUN-1001 : Open license file F:/ARMChina/license/Anlogic.lic
RUN-1001 : Print Global Property
RUN-1001 : ---------------------------------------------------------------
RUN-1001 :        Parameters        |  Settings  |  Default Values  |  Note  
RUN-1001 : ---------------------------------------------------------------
RUN-1001 :          message         |  standard  |     standard     |        
RUN-1001 :   mixed_pack_place_flow  |     on     |        on        |        
RUN-1001 :        qor_monitor       |    off     |       off        |        
RUN-1001 :        syn_ip_flow       |    off     |       off        |        
RUN-1001 :          thread          |    auto    |       auto       |        
RUN-1001 : ---------------------------------------------------------------
RUN-1001 : Print Gate Property
RUN-1001 : ------------------------------------------------------------------
RUN-1001 :          Parameters         |  Settings  |  Default Values  |  Note  
RUN-1001 : ------------------------------------------------------------------
RUN-1001 :         cascade_dsp         |    off     |       off        |        
RUN-1001 :         cascade_eram        |    off     |       off        |        
RUN-1001 :        gate_sim_model       |    off     |       off        |        
RUN-1001 :        map_sim_model        |    off     |       off        |        
RUN-1001 :         map_strategy        |     1      |        1         |        
RUN-1001 :           opt_area          |   medium   |      medium      |        
RUN-1001 :          opt_timing         |    auto    |       auto       |        
RUN-1001 :         pack_effort         |   medium   |      medium      |        
RUN-1001 :      pack_lslice_ripple     |     on     |        on        |        
RUN-1001 :   pack_lslice_ripple_ratio  |    0.5     |       0.5        |        
RUN-1001 :        pack_seq_in_io       |    auto    |       auto       |        
RUN-1001 :        ph1_mux_ratio        |    1.0     |       1.0        |        
RUN-1001 :            report           |  standard  |     standard     |        
RUN-1001 :           retiming          |    off     |       off        |        
RUN-1001 : ------------------------------------------------------------------
SYN-2001 : Map 12 IOs to PADs
RUN-1002 : start command "update_pll_param -module sd_bmp_hdmi"
SYN-2501 : Processed 0 LOGIC_BUF instances.
SYN-2512 : LOGIC BRAM "auto_chipwatcher_0_logicbram"
SYN-2571 : Optimize after map_dsp, round 1
SYN-2571 : Optimize after map_dsp, round 1, 0 better
SYN-1001 : Throwback 3 control mux instances
SYN-2501 : Optimize round 1
SYN-1016 : Merged 4 instances.
SYN-2501 : Optimize round 1, 10 better
SYN-2501 : Optimize round 2
SYN-2501 : Optimize round 2, 0 better
SYN-2501 : Map 12 macro adder
SYN-1019 : Optimized 5 mux instances.
SYN-1016 : Merged 9 instances.
SYN-1032 : 8113/2 useful/useless nets, 6212/1 useful/useless insts
RUN-1002 : start command "start_timer -prepack"
TMR-2505 : Start building timing graph for model sd_bmp_hdmi.
TMR-2506 : Build timing graph completely. Port num: 9, tpin num: 28864, tnet num: 8113, tinst num: 6211, tnode num: 36682, tedge num: 49349.
TMR-2508 : Levelizing timing graph completed, there are 51 levels in total.
TMR-2501 : Timing graph initialized successfully.
TMR-2503 : Start to update net delay, extr mode = 2.
TMR-2504 : Update delay of 8113 nets completely.
TMR-2502 : Annotate delay completely, extr mode = 2.
TMR-3001 : Initiate 0 clocks from SDC.
TMR-3004 : Map sdc constraints, there are 8 constraints in total.
TMR-3003 : Constraints initiated successfully.
TMR-3501 : Forward propagation: start to calculate arrival time...
TMR-3502 : Backward propagation: start to calculate required time...
TMR-3503 : Timing propagation completes.
SYN-3001 : Running gate level optimization.
SYN-2581 : Mapping with K=5, #lut = 129 (4.02), #lev = 6 (2.34)
SYN-2551 : Post LUT mapping optimization.
SYN-2581 : Mapping with K=5, #lut = 125 (4.13), #lev = 6 (2.31)
SYN-3001 : Logic optimization runtime opt =   0.02 sec, map =   0.00 sec
SYN-3001 : Mapper mapped 370 instances into 125 LUTs, name keeping = 79%.
SYN-1001 : Packing model "sd_bmp_hdmi" ...
SYN-4010 : Pack lib has 58 rtl pack models with 25 top pack blocks
SYN-1014 : Optimize round 1
SYN-1015 : Optimize round 1, 0 better
SYN-4002 : Packing 221 DFF/LATCH to SEQ ...
SYN-4009 : Pack 6 carry chain into lslice
SYN-4007 : Packing 81 adder to BLE ...
SYN-4008 : Packed 81 adder and 0 SEQ to BLE.
SYN-4007 : Packing 0 gate4 to BLE ...
SYN-4008 : Packed 0 gate4 and 0 SEQ to BLE.
SYN-4012 : Packed 0 FxMUX
RUN-1003 : finish command "optimize_gate -no_sch" in  1.597024s wall, 1.312500s user + 0.015625s system = 1.328125s CPU (83.2%)

RUN-1004 : used memory is 204 MB, reserved memory is 176 MB, peak memory is 249 MB
RUN-1002 : start command "legalize_phy_inst"
SYN-1011 : Flatten model sd_bmp_hdmi
KIT-1004 : Compile Chipwatcher: Clear obsolete physical data.
RUN-1003 : finish command "compile_watcher" in  2.682281s wall, 1.984375s user + 0.062500s system = 2.046875s CPU (76.3%)

RUN-1004 : used memory is 204 MB, reserved memory is 176 MB, peak memory is 249 MB
RUN-1002 : start command "place"
RUN-1001 : Open license file F:/ARMChina/license/Anlogic.lic
RUN-1001 : Print Global Property
RUN-1001 : ---------------------------------------------------------------
RUN-1001 :        Parameters        |  Settings  |  Default Values  |  Note  
RUN-1001 : ---------------------------------------------------------------
RUN-1001 :          message         |  standard  |     standard     |        
RUN-1001 :   mixed_pack_place_flow  |     on     |        on        |        
RUN-1001 :        qor_monitor       |    off     |       off        |        
RUN-1001 :        syn_ip_flow       |    off     |       off        |        
RUN-1001 :          thread          |    auto    |       auto       |        
RUN-1001 : ---------------------------------------------------------------
RUN-1001 : Print Place Property
RUN-1001 : --------------------------------------------------------------
RUN-1001 :        Parameters       |  Settings  |  Default Values  |  Note  
RUN-1001 : --------------------------------------------------------------
RUN-1001 :      detailed_place     |     on     |        on        |        
RUN-1001 :          effort         |   medium   |      medium      |        
RUN-1001 :         fix_hold        |    off     |       off        |        
RUN-1001 :       legalization      |    ori     |       ori        |        
RUN-1001 :      new_spreading      |     on     |        on        |        
RUN-1001 :        opt_timing       |   medium   |      medium      |        
RUN-1001 :   post_clock_route_opt  |    off     |       off        |        
RUN-1001 :       pr_strategy       |     1      |        1         |        
RUN-1001 :        relaxation       |    1.00    |       1.00       |        
RUN-1001 :         retiming        |    off     |       off        |        
RUN-1001 : --------------------------------------------------------------
PHY-3001 : Placer runs in 16 thread(s).
RUN-1002 : start command "legalize_phy_inst"
SYN-1011 : Flatten model sd_bmp_hdmi
RUN-1002 : start command "phys_opt -simplify_lut"
SYN-4016 : Net u_ddr3_top/u_sdram_fifo_ctrl/clk_ref driven by BUFG (271 clock/control pins, 1 other pins).
SYN-4016 : Net u_clk_wiz_1/clk0_out driven by BUFG (58 clock/control pins, 1 other pins).
SYN-4016 : Net config_inst_syn_10 driven by BUFG (133 clock/control pins, 0 other pins).
SYN-4027 : Net u_ddr3_top/clk_sdram is clkc1 of pll u_clk_wiz_0/pll_inst.
SYN-4027 : Net u_ddr3_top/u_sdram_fifo_ctrl/wrfifo/clkw is clkc3 of pll u_clk_wiz_0/pll_inst.
SYN-4027 : Net u_sd_ctrl_top/u_sd_read/clk_ref_180deg is clkc4 of pll u_clk_wiz_0/pll_inst.
SYN-4019 : Net sys_clk_dup_1 is refclk of pll u_clk_wiz_0/pll_inst.
SYN-4020 : Net sys_clk_dup_1 is fbclk of pll u_clk_wiz_0/pll_inst.
SYN-4027 : Net u_hdmi_top/debayer_h/pclk is clkc1 of pll u_clk_wiz_1/pll_inst.
SYN-4019 : Net sys_clk_dup_1 is refclk of pll u_clk_wiz_1/pll_inst.
SYN-4020 : Net sys_clk_dup_1 is fbclk of pll u_clk_wiz_1/pll_inst.
SYN-4024 : Net "u_sd_ctrl_top/u_sd_init/div_clk" drives clk pins.
SYN-4025 : Tag rtl::Net config_inst_syn_10 as clock net
SYN-4025 : Tag rtl::Net sys_clk_dup_1 as clock net
SYN-4025 : Tag rtl::Net u_clk_wiz_1/clk0_out as clock net
SYN-4025 : Tag rtl::Net u_ddr3_top/clk_sdram as clock net
SYN-4025 : Tag rtl::Net u_ddr3_top/u_sdram_fifo_ctrl/clk_ref as clock net
SYN-4025 : Tag rtl::Net u_ddr3_top/u_sdram_fifo_ctrl/wrfifo/clkw as clock net
SYN-4025 : Tag rtl::Net u_hdmi_top/debayer_h/pclk as clock net
SYN-4025 : Tag rtl::Net u_sd_ctrl_top/u_sd_init/div_clk as clock net
SYN-4025 : Tag rtl::Net u_sd_ctrl_top/u_sd_read/clk_ref_180deg as clock net
SYN-4026 : Tagged 9 rtl::Net as clock net
SYN-4015 : Create BUFG instance for clk Net u_sd_ctrl_top/u_sd_init/div_clk to drive 101 clock pins.
PHY-1001 : Populate physical database on model sd_bmp_hdmi.
RUN-1001 : There are total 5696 instances
RUN-0007 : 1947 luts, 2418 seqs, 800 mslices, 435 lslices, 71 pads, 16 brams, 0 dsps
RUN-1001 : There are total 7597 nets
RUN-1001 : 5399 nets have 2 pins
RUN-1001 : 1598 nets have [3 - 5] pins
RUN-1001 : 380 nets have [6 - 10] pins
RUN-1001 : 165 nets have [11 - 20] pins
RUN-1001 : 42 nets have [21 - 99] pins
RUN-1001 : 13 nets have 100+ pins
RUN-1001 : Report Control nets information:
RUN-1001 : DFF Distribution
RUN-1001 : ----------------------------------
RUN-1001 :   CE   |  SSR  |  ASR  |  DFF Count  
RUN-1001 : ----------------------------------
RUN-1001 :   No   |  No   |  No   |     123     
RUN-1001 :   No   |  No   |  Yes  |    1781     
RUN-1001 :   No   |  Yes  |  No   |     64      
RUN-1001 :   Yes  |  No   |  No   |     19      
RUN-1001 :   Yes  |  No   |  Yes  |     431     
RUN-1001 :   Yes  |  Yes  |  No   |      0      
RUN-1001 : ----------------------------------
RUN-0007 : Control Group Statistic
RUN-0007 : ---------------------------
RUN-0007 :   #CLK  |  #CE  |  #SSR/ASR  
RUN-0007 : ---------------------------
RUN-0007 :    9    |  22   |     14     
RUN-0007 : ---------------------------
RUN-0007 : Control Set = 44
PHY-3001 : Initial placement ...
PHY-3001 : design contains 5694 instances, 1947 luts, 2418 seqs, 1235 slices, 288 macros(1235 instances: 800 mslices 435 lslices)
PHY-3001 : Huge net u_hdmi_top/sys_rst_n with 1486 pins
PHY-0007 : Cell area utilization is 22%
PHY-3001 : Start timing update ...
RUN-1002 : start command "start_timer -report"
TMR-2505 : Start building timing graph for model sd_bmp_hdmi.
TMR-2506 : Build timing graph completely. Port num: 9, tpin num: 27742, tnet num: 7595, tinst num: 5694, tnode num: 35461, tedge num: 48235.
TMR-2508 : Levelizing timing graph completed, there are 29 levels in total.
TMR-2501 : Timing graph initialized successfully.
TMR-2503 : Start to update net delay, extr mode = 2.
TMR-2504 : Update delay of 7595 nets completely.
TMR-2502 : Annotate delay completely, extr mode = 2.
TMR-3001 : Initiate 0 clocks from SDC.
TMR-3004 : Map sdc constraints, there are 8 constraints in total.
TMR-3003 : Constraints initiated successfully.
TMR-3501 : Forward propagation: start to calculate arrival time...
TMR-3502 : Backward propagation: start to calculate required time...
TMR-3503 : Timing propagation completes.
PHY-3001 : End timing update;  0.781003s wall, 0.531250s user + 0.031250s system = 0.562500s CPU (72.0%)

PHY-3001 : Global placement ...
PHY-3001 : Initial: Len = 1.8481e+06
PHY-3001 : Clustering ...
PHY-3001 : Level 0 #clusters 5694.
PHY-3001 : End clustering;  0.000039s wall, 0.000000s user + 0.000000s system = 0.000000s CPU (n/a%)

PHY-3001 : Run with size of 4
PHY-3001 : Cell area utilization is 22%
PHY-3001 : :::0::: Try harder cell spreading with beta_ = 0
PHY-3002 : Step(1): len = 1.15925e+06, overlap = 40.75
PHY-3002 : Step(2): len = 939509, overlap = 39.375
PHY-3002 : Step(3): len = 568310, overlap = 46.3438
PHY-3002 : Step(4): len = 484532, overlap = 44.9062
PHY-3002 : Step(5): len = 388623, overlap = 72.75
PHY-3002 : Step(6): len = 340529, overlap = 87.5625
PHY-3002 : Step(7): len = 302516, overlap = 101.281
PHY-3002 : Step(8): len = 271395, overlap = 114.625
PHY-3002 : Step(9): len = 251920, overlap = 129.562
PHY-3002 : Step(10): len = 228642, overlap = 148.75
PHY-3002 : Step(11): len = 212225, overlap = 185.719
PHY-3002 : Step(12): len = 198876, overlap = 208.844
PHY-3002 : Step(13): len = 181933, overlap = 227.031
PHY-3002 : Step(14): len = 175148, overlap = 235.562
PHY-3002 : Step(15): len = 164819, overlap = 240.125
PHY-3002 : Step(16): len = 157879, overlap = 247.688
PHY-3002 : Step(17): len = 153112, overlap = 269.469
PHY-3001 : :::1::: Try harder cell spreading with beta_ = 1.45052e-05
PHY-3002 : Step(18): len = 155731, overlap = 246.781
PHY-3002 : Step(19): len = 160606, overlap = 206.906
PHY-3002 : Step(20): len = 167744, overlap = 184.188
PHY-3002 : Step(21): len = 173434, overlap = 145.375
PHY-3002 : Step(22): len = 175088, overlap = 116.344
PHY-3002 : Step(23): len = 164270, overlap = 121.438
PHY-3002 : Step(24): len = 162303, overlap = 120.531
PHY-3002 : Step(25): len = 157289, overlap = 132.375
PHY-3002 : Step(26): len = 154991, overlap = 135.781
PHY-3002 : Step(27): len = 151560, overlap = 129.094
PHY-3002 : Step(28): len = 151181, overlap = 127.719
PHY-3002 : Step(29): len = 150349, overlap = 129.781
PHY-3001 : :::2::: Try harder cell spreading with beta_ = 2.90104e-05
PHY-3002 : Step(30): len = 151169, overlap = 127.125
PHY-3002 : Step(31): len = 151377, overlap = 125.5
PHY-3002 : Step(32): len = 152397, overlap = 121.875
PHY-3001 : :::3::: Try harder cell spreading with beta_ = 5.80208e-05
PHY-3002 : Step(33): len = 154683, overlap = 121.156
PHY-3002 : Step(34): len = 155376, overlap = 116.906
PHY-3002 : Step(35): len = 159356, overlap = 110.031
PHY-3002 : Step(36): len = 163281, overlap = 106.562
PHY-3002 : Step(37): len = 163991, overlap = 105
PHY-3002 : Step(38): len = 163806, overlap = 104.156
PHY-3002 : Step(39): len = 160754, overlap = 104.438
PHY-3002 : Step(40): len = 159257, overlap = 102.5
PHY-3002 : Step(41): len = 159341, overlap = 98.8125
PHY-3002 : Step(42): len = 159192, overlap = 97.7188
PHY-3002 : Step(43): len = 157858, overlap = 93.75
PHY-3002 : Step(44): len = 155934, overlap = 97.7188
PHY-3002 : Step(45): len = 155522, overlap = 104.438
PHY-3002 : Step(46): len = 155213, overlap = 107.188
PHY-3002 : Step(47): len = 155079, overlap = 107.875
PHY-3002 : Step(48): len = 154140, overlap = 109.125
PHY-3001 : :::4::: Try harder cell spreading with beta_ = 0.000116042
PHY-3002 : Step(49): len = 154314, overlap = 108.469
PHY-3002 : Step(50): len = 154402, overlap = 105.719
PHY-3001 : :::5::: Try harder cell spreading with beta_ = 0.000232083
PHY-3002 : Step(51): len = 154613, overlap = 94.8438
PHY-3002 : Step(52): len = 154700, overlap = 94.9375
PHY-3002 : Step(53): len = 155438, overlap = 94
PHY-3001 : Legalization ...
PHY-3001 : End legalization;  0.042650s wall, 0.000000s user + 0.015625s system = 0.015625s CPU (36.6%)

PHY-3001 : Run with size of 4
PHY-3001 : Cell area utilization is 27%
PHY-3001 : Update timing in Manhattan mode ...
TMR-2503 : Start to update net delay, extr mode = 3.
TMR-2504 : Update delay of 7595 nets completely.
TMR-2502 : Annotate delay completely, extr mode = 3.
TMR-3501 : Forward propagation: start to calculate arrival time...
TMR-3502 : Backward propagation: start to calculate required time...
TMR-3503 : Timing propagation completes.
PHY-3001 : End timing update;  0.157459s wall, 0.156250s user + 0.000000s system = 0.156250s CPU (99.2%)

PHY-3001 : :::0::: Try harder cell spreading with beta_ = 4.20974e-06
PHY-3002 : Step(54): len = 160204, overlap = 211.125
PHY-3002 : Step(55): len = 160049, overlap = 211.688
PHY-3002 : Step(56): len = 153925, overlap = 215.188
PHY-3002 : Step(57): len = 153968, overlap = 213.75
PHY-3002 : Step(58): len = 151410, overlap = 219.562
PHY-3002 : Step(59): len = 151286, overlap = 221.156
PHY-3002 : Step(60): len = 150654, overlap = 226.312
PHY-3002 : Step(61): len = 148140, overlap = 229.719
PHY-3002 : Step(62): len = 147836, overlap = 228.844
PHY-3002 : Step(63): len = 144931, overlap = 220.25
PHY-3002 : Step(64): len = 142655, overlap = 237.875
PHY-3002 : Step(65): len = 142266, overlap = 242.219
PHY-3002 : Step(66): len = 138535, overlap = 247.219
PHY-3002 : Step(67): len = 138100, overlap = 248.25
PHY-3002 : Step(68): len = 137613, overlap = 253.438
PHY-3001 : :::1::: Try harder cell spreading with beta_ = 8.41949e-06
PHY-3002 : Step(69): len = 137649, overlap = 253.25
PHY-3002 : Step(70): len = 137771, overlap = 252.281
PHY-3002 : Step(71): len = 138034, overlap = 251.531
PHY-3001 : :::2::: Try harder cell spreading with beta_ = 1.6839e-05
PHY-3002 : Step(72): len = 143574, overlap = 225.438
PHY-3002 : Step(73): len = 144292, overlap = 219.469
PHY-3002 : Step(74): len = 150867, overlap = 175.938
PHY-3002 : Step(75): len = 153184, overlap = 164.438
PHY-3002 : Step(76): len = 155571, overlap = 161.344
PHY-3001 : :::3::: Try harder cell spreading with beta_ = 3.36779e-05
PHY-3002 : Step(77): len = 154124, overlap = 159.969
PHY-3002 : Step(78): len = 154050, overlap = 160.281
PHY-3002 : Step(79): len = 153614, overlap = 155.219
PHY-3002 : Step(80): len = 154232, overlap = 151.969
PHY-3002 : Step(81): len = 153545, overlap = 155.562
PHY-3002 : Step(82): len = 153673, overlap = 154.438
PHY-3002 : Step(83): len = 153716, overlap = 153.062
PHY-3001 : :::4::: Try harder cell spreading with beta_ = 6.73559e-05
PHY-3002 : Step(84): len = 156616, overlap = 149
PHY-3002 : Step(85): len = 156835, overlap = 148.719
PHY-3002 : Step(86): len = 160321, overlap = 131.969
PHY-3002 : Step(87): len = 161408, overlap = 126.781
PHY-3002 : Step(88): len = 163388, overlap = 123.562
PHY-3001 : :::5::: Try harder cell spreading with beta_ = 0.000134712
PHY-3002 : Step(89): len = 162525, overlap = 117.438
PHY-3002 : Step(90): len = 162525, overlap = 117.344
PHY-3002 : Step(91): len = 162529, overlap = 104.875
PHY-3002 : Step(92): len = 163291, overlap = 106.031
PHY-3002 : Step(93): len = 163477, overlap = 93.9688
PHY-3002 : Step(94): len = 163424, overlap = 92.2812
PHY-3002 : Step(95): len = 161918, overlap = 93.6562
PHY-3002 : Step(96): len = 161806, overlap = 98.25
PHY-3002 : Step(97): len = 160826, overlap = 98.875
PHY-3001 : :::6::: Try harder cell spreading with beta_ = 0.000269424
PHY-3002 : Step(98): len = 160692, overlap = 97.4375
PHY-3002 : Step(99): len = 160834, overlap = 98.6562
PHY-3002 : Step(100): len = 160838, overlap = 98.6875
PHY-3001 : Run with size of 2
PHY-3001 : Cell area utilization is 27%
PHY-3001 : Update timing in Manhattan mode ...
TMR-2503 : Start to update net delay, extr mode = 3.
TMR-2504 : Update delay of 7595 nets completely.
TMR-2502 : Annotate delay completely, extr mode = 3.
TMR-3501 : Forward propagation: start to calculate arrival time...
TMR-3502 : Backward propagation: start to calculate required time...
TMR-3503 : Timing propagation completes.
PHY-3001 : End timing update;  0.174577s wall, 0.125000s user + 0.000000s system = 0.125000s CPU (71.6%)

PHY-3001 : :::0::: Try harder cell spreading with beta_ = 1.8774e-05
PHY-3002 : Step(101): len = 165149, overlap = 279.25
PHY-3002 : Step(102): len = 166222, overlap = 273.656
PHY-3002 : Step(103): len = 167343, overlap = 246.438
PHY-3002 : Step(104): len = 167244, overlap = 235.688
PHY-3002 : Step(105): len = 166682, overlap = 236.969
PHY-3001 : :::1::: Try harder cell spreading with beta_ = 3.75481e-05
PHY-3002 : Step(106): len = 164337, overlap = 227.344
PHY-3002 : Step(107): len = 164195, overlap = 225.938
PHY-3002 : Step(108): len = 163381, overlap = 224.375
PHY-3001 : :::2::: Try harder cell spreading with beta_ = 7.50962e-05
PHY-3002 : Step(109): len = 165848, overlap = 202.875
PHY-3002 : Step(110): len = 166328, overlap = 202.188
PHY-3002 : Step(111): len = 170403, overlap = 173.625
PHY-3002 : Step(112): len = 172816, overlap = 168.281
PHY-3002 : Step(113): len = 167320, overlap = 176.281
PHY-3002 : Step(114): len = 164931, overlap = 174.25
PHY-3002 : Step(115): len = 164243, overlap = 169.906
PHY-3001 : :::3::: Try harder cell spreading with beta_ = 0.000141909
PHY-3002 : Step(116): len = 169024, overlap = 159
PHY-3002 : Step(117): len = 171583, overlap = 149.5
PHY-3002 : Step(118): len = 173355, overlap = 147.969
PHY-3001 : :::4::: Try harder cell spreading with beta_ = 0.000283818
PHY-3002 : Step(119): len = 173235, overlap = 146.094
PHY-3002 : Step(120): len = 173914, overlap = 140.625
PHY-3002 : Step(121): len = 177144, overlap = 132.406
PHY-3002 : Step(122): len = 177646, overlap = 129.594
PHY-3002 : Step(123): len = 177322, overlap = 127.5
PHY-3002 : Step(124): len = 176858, overlap = 131.031
PHY-3001 : :::5::: Try harder cell spreading with beta_ = 0.000567635
PHY-3002 : Step(125): len = 177300, overlap = 129.25
PHY-3002 : Step(126): len = 177553, overlap = 127.5
PHY-3002 : Step(127): len = 178361, overlap = 125
PHY-3001 : :::6::: Try harder cell spreading with beta_ = 0.00104866
PHY-3002 : Step(128): len = 179532, overlap = 119.594
PHY-3002 : Step(129): len = 180521, overlap = 119.875
PHY-3002 : Step(130): len = 180976, overlap = 116.781
PHY-3001 : :::7::: Try harder cell spreading with beta_ = 0.00169682
PHY-3002 : Step(131): len = 181231, overlap = 119.344
PHY-3002 : Step(132): len = 181359, overlap = 118.719
PHY-3002 : Step(133): len = 182579, overlap = 114.562
PHY-3002 : Step(134): len = 183722, overlap = 112.531
PHY-3002 : Step(135): len = 184623, overlap = 109.812
PHY-3001 : :::8::: Try harder cell spreading with beta_ = 0.00339364
PHY-3002 : Step(136): len = 184614, overlap = 109.625
PHY-3002 : Step(137): len = 184597, overlap = 109.5
PHY-3001 : :::9::: Try harder cell spreading with beta_ = 0.00678729
PHY-3002 : Step(138): len = 184905, overlap = 107.5
PHY-3002 : Step(139): len = 185814, overlap = 105.219
OPT-1001 : Start physical optimization ...
RUN-1002 : start command "start_timer -report"
TMR-2505 : Start building timing graph for model sd_bmp_hdmi.
TMR-2506 : Build timing graph completely. Port num: 9, tpin num: 27742, tnet num: 7595, tinst num: 5694, tnode num: 35461, tedge num: 48235.
TMR-2508 : Levelizing timing graph completed, there are 29 levels in total.
TMR-2501 : Timing graph initialized successfully.
OPT-1001 : Total overflow 335.31 peak overflow 3.31
OPT-1001 : Start high-fanout net optimization ...
OPT-1001 : Update timing in global mode
PHY-1001 : Start incremental global routing, caller is place ...
RUN-1001 : Generating global routing grids ...
RUN-1001 : Building simple global routing graph ...
PHY-1001 : Generate routing nets ...
PHY-1001 : Reuse net number 0/7597.
PHY-1001 : Global iterations in 16 thread ...
PHY-1002 : len = 216160, over cnt = 1001(2%), over = 3949, worst = 23
PHY-1001 : End global iterations;  0.404224s wall, 0.234375s user + 0.000000s system = 0.234375s CPU (58.0%)

PHY-1001 : Congestion index: top1 = 52.48, top5 = 41.53, top10 = 35.29, top15 = 31.26.
PHY-1001 : End incremental global routing;  0.535913s wall, 0.328125s user + 0.015625s system = 0.343750s CPU (64.1%)

TMR-2503 : Start to update net delay, extr mode = 5.
TMR-2504 : Update delay of 7595 nets completely.
TMR-2502 : Annotate delay completely, extr mode = 5.
TMR-3001 : Initiate 0 clocks from SDC.
TMR-3004 : Map sdc constraints, there are 8 constraints in total.
TMR-3003 : Constraints initiated successfully.
TMR-3501 : Forward propagation: start to calculate arrival time...
TMR-3502 : Backward propagation: start to calculate required time...
TMR-3503 : Timing propagation completes.
OPT-1001 : End timing update;  0.205869s wall, 0.125000s user + 0.000000s system = 0.125000s CPU (60.7%)

OPT-1001 : 0 high-fanout net processed.
OPT-1001 : End high-fanout net optimization;  0.863471s wall, 0.562500s user + 0.015625s system = 0.578125s CPU (67.0%)

OPT-1001 : Current memory(MB): used = 306, reserve = 272, peak = 306.
OPT-1001 : Start global optimization ...
OPT-1001 : Start congestion update ...
RUN-1001 : Generating global routing grids ...
PHY-1001 : Generate routing nets ...
PHY-1001 : Reuse net number 6068/7597.
PHY-1001 : Global iterations in 16 thread ...
PHY-1002 : len = 216160, over cnt = 1001(2%), over = 3949, worst = 23
PHY-1002 : len = 235024, over cnt = 682(1%), over = 1916, worst = 19
PHY-1002 : len = 251120, over cnt = 250(0%), over = 563, worst = 18
PHY-1002 : len = 258088, over cnt = 36(0%), over = 60, worst = 7
PHY-1002 : len = 259208, over cnt = 0(0%), over = 0, worst = 0
PHY-1001 : End global iterations;  0.573507s wall, 0.265625s user + 0.000000s system = 0.265625s CPU (46.3%)

PHY-1001 : Congestion index: top1 = 46.44, top5 = 38.89, top10 = 34.57, top15 = 31.46.
OPT-1001 : End congestion update;  0.729958s wall, 0.390625s user + 0.000000s system = 0.390625s CPU (53.5%)

OPT-1001 : Update timing in Manhattan mode
TMR-2503 : Start to update net delay, extr mode = 3.
TMR-2504 : Update delay of 7595 nets completely.
TMR-2502 : Annotate delay completely, extr mode = 3.
TMR-3501 : Forward propagation: start to calculate arrival time...
TMR-3502 : Backward propagation: start to calculate required time...
TMR-3503 : Timing propagation completes.
OPT-1001 : End timing update;  0.186650s wall, 0.187500s user + 0.000000s system = 0.187500s CPU (100.5%)

OPT-0007 : Start: WNS 999120 TNS 0 NUM_FEPS 0
OPT-1001 : End global optimization;  0.916867s wall, 0.578125s user + 0.000000s system = 0.578125s CPU (63.1%)

OPT-1001 : Current memory(MB): used = 311, reserve = 278, peak = 311.
OPT-1001 : End physical optimization;  2.679831s wall, 1.859375s user + 0.046875s system = 1.906250s CPU (71.1%)

PHY-3001 : Start packing ...
SYN-4007 : Packing 0 MUX to BLE ...
SYN-4008 : Packed 0 MUX and 0 SEQ to BLE.
SYN-4007 : Packing 1947 LUT to BLE ...
SYN-4008 : Packed 1947 LUT and 1197 SEQ to BLE.
SYN-4003 : Packing 1221 remaining SEQ's ...
SYN-4005 : Packed 641 SEQ with LUT/SLICE
SYN-4006 : 353 single LUT's are left
SYN-4006 : 580 single SEQ's are left
SYN-4011 : Packing model "sd_bmp_hdmi" (AL_USER_NORMAL) with 2527/4018 primitive instances ...
PHY-3001 : End packing;  0.282873s wall, 0.171875s user + 0.000000s system = 0.171875s CPU (60.8%)

PHY-1001 : Populate physical database on model sd_bmp_hdmi.
RUN-1001 : There are total 2697 instances
RUN-1001 : 1301 mslices, 1300 lslices, 71 pads, 16 brams, 0 dsps
RUN-1001 : There are total 6499 nets
RUN-1001 : 4325 nets have 2 pins
RUN-1001 : 1559 nets have [3 - 5] pins
RUN-1001 : 402 nets have [6 - 10] pins
RUN-1001 : 158 nets have [11 - 20] pins
RUN-1001 : 45 nets have [21 - 99] pins
RUN-1001 : 10 nets have 100+ pins
PHY-3001 : design contains 2695 instances, 2601 slices, 288 macros(1235 instances: 800 mslices 435 lslices)
PHY-3001 : Cell area utilization is 32%
PHY-3001 : After packing: Len = 187712, Over = 156.25
PHY-3001 : Run with size of 2
PHY-3001 : Cell area utilization is 32%
PHY-3001 : Update timing in Manhattan mode ...
RUN-1002 : start command "start_timer -report"
TMR-2505 : Start building timing graph for model sd_bmp_hdmi.
TMR-2506 : Build timing graph completely. Port num: 9, tpin num: 23420, tnet num: 6497, tinst num: 2695, tnode num: 28851, tedge num: 43158.
TMR-2508 : Levelizing timing graph completed, there are 29 levels in total.
TMR-2501 : Timing graph initialized successfully.
TMR-2503 : Start to update net delay, extr mode = 3.
TMR-2504 : Update delay of 6497 nets completely.
TMR-2502 : Annotate delay completely, extr mode = 3.
TMR-3001 : Initiate 0 clocks from SDC.
TMR-3004 : Map sdc constraints, there are 8 constraints in total.
TMR-3003 : Constraints initiated successfully.
TMR-3501 : Forward propagation: start to calculate arrival time...
TMR-3502 : Backward propagation: start to calculate required time...
TMR-3503 : Timing propagation completes.
PHY-3001 : End timing update;  0.948619s wall, 0.750000s user + 0.015625s system = 0.765625s CPU (80.7%)

PHY-3001 : :::0::: Try harder cell spreading with beta_ = 2.41861e-05
PHY-3002 : Step(140): len = 183326, overlap = 164.25
PHY-3002 : Step(141): len = 181859, overlap = 164.25
PHY-3002 : Step(142): len = 178492, overlap = 170
PHY-3002 : Step(143): len = 175243, overlap = 174
PHY-3002 : Step(144): len = 173492, overlap = 178.25
PHY-3002 : Step(145): len = 170960, overlap = 173.5
PHY-3002 : Step(146): len = 169783, overlap = 186.75
PHY-3002 : Step(147): len = 168639, overlap = 187.75
PHY-3002 : Step(148): len = 167571, overlap = 188
PHY-3002 : Step(149): len = 167335, overlap = 187.75
PHY-3001 : :::1::: Try harder cell spreading with beta_ = 4.83722e-05
PHY-3002 : Step(150): len = 169590, overlap = 183.25
PHY-3002 : Step(151): len = 170367, overlap = 179.25
PHY-3002 : Step(152): len = 174805, overlap = 159.5
PHY-3002 : Step(153): len = 175398, overlap = 155
PHY-3002 : Step(154): len = 175646, overlap = 155.75
PHY-3001 : :::2::: Try harder cell spreading with beta_ = 9.67444e-05
PHY-3002 : Step(155): len = 180712, overlap = 148
PHY-3002 : Step(156): len = 181609, overlap = 148.25
PHY-3002 : Step(157): len = 183344, overlap = 139.5
PHY-3002 : Step(158): len = 183853, overlap = 138.5
PHY-3002 : Step(159): len = 186667, overlap = 128.75
PHY-3002 : Step(160): len = 188239, overlap = 124
PHY-3002 : Step(161): len = 187836, overlap = 125
PHY-3001 : Legalization ...
PHY-3001 : End legalization;  0.711042s wall, 0.046875s user + 0.171875s system = 0.218750s CPU (30.8%)

PHY-3001 : Trial Legalized: Len = 226780
PHY-3001 : Run with size of 2
PHY-3001 : Cell area utilization is 31%
PHY-3001 : Update timing in Manhattan mode ...
TMR-2503 : Start to update net delay, extr mode = 3.
TMR-2504 : Update delay of 6497 nets completely.
TMR-2502 : Annotate delay completely, extr mode = 3.
TMR-3501 : Forward propagation: start to calculate arrival time...
TMR-3502 : Backward propagation: start to calculate required time...
TMR-3503 : Timing propagation completes.
PHY-3001 : End timing update;  0.149443s wall, 0.093750s user + 0.015625s system = 0.109375s CPU (73.2%)

PHY-3001 : :::0::: Try harder cell spreading with beta_ = 0.000152498
PHY-3002 : Step(162): len = 212247, overlap = 16.5
PHY-3002 : Step(163): len = 205274, overlap = 41
PHY-3002 : Step(164): len = 202366, overlap = 44
PHY-3002 : Step(165): len = 200808, overlap = 49.5
PHY-3002 : Step(166): len = 200283, overlap = 51.25
PHY-3001 : :::1::: Try harder cell spreading with beta_ = 0.000304995
PHY-3002 : Step(167): len = 201319, overlap = 50
PHY-3002 : Step(168): len = 202602, overlap = 50.25
PHY-3002 : Step(169): len = 203811, overlap = 48.75
PHY-3001 : :::2::: Try harder cell spreading with beta_ = 0.000609991
PHY-3002 : Step(170): len = 205295, overlap = 50
PHY-3002 : Step(171): len = 206974, overlap = 49.25
PHY-3002 : Step(172): len = 208912, overlap = 45.25
PHY-3001 : Legalization ...
PHY-3001 : End legalization;  0.007333s wall, 0.015625s user + 0.000000s system = 0.015625s CPU (213.1%)

PHY-3001 : Legalized: Len = 220076, Over = 0
PHY-3001 : Spreading special nets. 31 overflows in 2952 tiles.
PHY-3001 : End spreading;  0.021396s wall, 0.000000s user + 0.000000s system = 0.000000s CPU (n/a%)

PHY-3001 : 46 instances has been re-located, deltaX = 11, deltaY = 26, maxDist = 2.
PHY-3001 : Final: Len = 220936, Over = 0
PHY-3001 : BANK 6 DIFFRESISTOR:NONE VOD:350M VCM:1.2
OPT-1001 : Start physical optimization ...
RUN-1002 : start command "start_timer -report"
TMR-2505 : Start building timing graph for model sd_bmp_hdmi.
TMR-2506 : Build timing graph completely. Port num: 9, tpin num: 23420, tnet num: 6497, tinst num: 2696, tnode num: 28851, tedge num: 43158.
TMR-2508 : Levelizing timing graph completed, there are 29 levels in total.
TMR-2501 : Timing graph initialized successfully.
OPT-1001 : Total overflow 0.00 peak overflow 0.00
OPT-1001 : Start high-fanout net optimization ...
OPT-1001 : Update timing in global mode
PHY-1001 : Start incremental global routing, caller is place ...
RUN-1001 : Generating global routing grids ...
PHY-1001 : Generate routing nets ...
PHY-1001 : Reuse net number 157/6499.
PHY-1001 : Global iterations in 16 thread ...
PHY-1002 : len = 261272, over cnt = 755(2%), over = 1243, worst = 6
PHY-1002 : len = 266096, over cnt = 422(1%), over = 596, worst = 5
PHY-1002 : len = 272048, over cnt = 71(0%), over = 92, worst = 4
PHY-1002 : len = 273400, over cnt = 8(0%), over = 9, worst = 2
PHY-1002 : len = 273512, over cnt = 0(0%), over = 0, worst = 0
PHY-1001 : End global iterations;  0.869894s wall, 0.390625s user + 0.031250s system = 0.421875s CPU (48.5%)

PHY-1001 : Congestion index: top1 = 40.02, top5 = 33.96, top10 = 30.75, top15 = 28.51.
PHY-1001 : End incremental global routing;  1.029805s wall, 0.484375s user + 0.031250s system = 0.515625s CPU (50.1%)

TMR-2503 : Start to update net delay, extr mode = 5.
TMR-2504 : Update delay of 6497 nets completely.
TMR-2502 : Annotate delay completely, extr mode = 5.
TMR-3001 : Initiate 0 clocks from SDC.
TMR-3004 : Map sdc constraints, there are 8 constraints in total.
TMR-3003 : Constraints initiated successfully.
TMR-3501 : Forward propagation: start to calculate arrival time...
TMR-3502 : Backward propagation: start to calculate required time...
TMR-3503 : Timing propagation completes.
OPT-1001 : End timing update;  0.195598s wall, 0.125000s user + 0.000000s system = 0.125000s CPU (63.9%)

OPT-1001 : 0 high-fanout net processed.
OPT-1001 : End high-fanout net optimization;  1.352473s wall, 0.718750s user + 0.031250s system = 0.750000s CPU (55.5%)

OPT-1001 : Current memory(MB): used = 318, reserve = 285, peak = 318.
OPT-1001 : Start path based optimization ...
OPT-1001 : Start congestion update ...
RUN-1001 : Generating global routing grids ...
PHY-1001 : Generate routing nets ...
PHY-1001 : Reuse net number 5703/6499.
PHY-1001 : Global iterations in 16 thread ...
PHY-1002 : len = 273512, over cnt = 0(0%), over = 0, worst = 0
PHY-1001 : End global iterations;  0.031800s wall, 0.031250s user + 0.000000s system = 0.031250s CPU (98.3%)

PHY-1001 : Congestion index: top1 = 40.02, top5 = 33.96, top10 = 30.75, top15 = 28.51.
OPT-1001 : End congestion update;  0.172977s wall, 0.140625s user + 0.000000s system = 0.140625s CPU (81.3%)

OPT-1001 : Update timing in Manhattan mode
TMR-2503 : Start to update net delay, extr mode = 3.
TMR-2504 : Update delay of 6497 nets completely.
TMR-2502 : Annotate delay completely, extr mode = 3.
TMR-3501 : Forward propagation: start to calculate arrival time...
TMR-3502 : Backward propagation: start to calculate required time...
TMR-3503 : Timing propagation completes.
OPT-1001 : End timing update;  0.121037s wall, 0.046875s user + 0.000000s system = 0.046875s CPU (38.7%)

OPT-0007 : Start: WNS 998995 TNS 0 NUM_FEPS 0
OPT-1001 : End path based optimization;  0.294203s wall, 0.187500s user + 0.000000s system = 0.187500s CPU (63.7%)

OPT-1001 : Current memory(MB): used = 320, reserve = 288, peak = 320.
OPT-1001 : Update timing in Manhattan mode
TMR-2503 : Start to update net delay, extr mode = 3.
TMR-2504 : Update delay of 6497 nets completely.
TMR-2502 : Annotate delay completely, extr mode = 3.
TMR-3501 : Forward propagation: start to calculate arrival time...
TMR-3502 : Backward propagation: start to calculate required time...
TMR-3503 : Timing propagation completes.
OPT-1001 : End timing update;  0.119987s wall, 0.093750s user + 0.000000s system = 0.093750s CPU (78.1%)

OPT-1001 : Start pin optimization...
OPT-1001 : skip pin optimization...
RUN-1001 : Generating global routing grids ...
PHY-1001 : Generate routing nets ...
PHY-1001 : Reuse net number 5703/6499.
PHY-1001 : Global iterations in 16 thread ...
PHY-1002 : len = 273512, over cnt = 0(0%), over = 0, worst = 0
PHY-1001 : End global iterations;  0.033468s wall, 0.031250s user + 0.000000s system = 0.031250s CPU (93.4%)

PHY-1001 : Congestion index: top1 = 40.02, top5 = 33.96, top10 = 30.75, top15 = 28.51.
OPT-1001 : Update timing in Manhattan mode
TMR-2503 : Start to update net delay, extr mode = 3.
TMR-2504 : Update delay of 6497 nets completely.
TMR-2502 : Annotate delay completely, extr mode = 3.
TMR-3501 : Forward propagation: start to calculate arrival time...
TMR-3502 : Backward propagation: start to calculate required time...
TMR-3503 : Timing propagation completes.
OPT-1001 : End timing update;  0.153192s wall, 0.093750s user + 0.000000s system = 0.093750s CPU (61.2%)

RUN-1001 : QoR Analysis:
OPT-0007 :   WNS 998995 TNS 0 NUM_FEPS 0
RUN-1001 :   No local congestion issue, and most congested 1% tile average routing util is 39.551724
RUN-1001 :   Top critical paths
OPT-1001 : End physical optimization;  3.094665s wall, 1.875000s user + 0.031250s system = 1.906250s CPU (61.6%)

RUN-1003 : finish command "place" in  18.006214s wall, 9.546875s user + 2.390625s system = 11.937500s CPU (66.3%)

RUN-1004 : used memory is 300 MB, reserved memory is 267 MB, peak memory is 320 MB
RUN-1002 : start command "export_db SD-SDRAM-ISP-HDMI_place.db"
RUN-1001 : Exported /
RUN-1001 : Exported flow parameters
RUN-1001 : Exported libs
RUN-1001 : Exported entities
RUN-1001 : Exported ports
RUN-1001 : Exported pins
RUN-1001 : Exported instances
RUN-1001 : Exported nets
RUN-1001 : Exported buses
RUN-1001 : Exported models
RUN-1001 : Exported congestions
RUN-1001 : Exported violations
RUN-1001 : Exported timing constraints
RUN-1001 : Exported IO constraints
RUN-1001 : Exported Inst constraints
RUN-1001 : Exported ChipWatcher
RUN-1002 : start command "route"
RUN-1001 : Open license file F:/ARMChina/license/Anlogic.lic
RUN-1001 : Print Global Property
RUN-1001 : ---------------------------------------------------------------
RUN-1001 :        Parameters        |  Settings  |  Default Values  |  Note  
RUN-1001 : ---------------------------------------------------------------
RUN-1001 :          message         |  standard  |     standard     |        
RUN-1001 :   mixed_pack_place_flow  |     on     |        on        |        
RUN-1001 :        qor_monitor       |    off     |       off        |        
RUN-1001 :        syn_ip_flow       |    off     |       off        |        
RUN-1001 :          thread          |    auto    |       auto       |        
RUN-1001 : ---------------------------------------------------------------
RUN-1001 : Print Route Property
RUN-1001 : -------------------------------------------------------
RUN-1001 :    Parameters    |  Settings  |  Default Values  |  Note  
RUN-1001 : -------------------------------------------------------
RUN-1001 :      effort      |   medium   |      medium      |        
RUN-1001 :     fix_hold     |    off     |       off        |        
RUN-1001 :    opt_timing    |   medium   |      medium      |        
RUN-1001 :   phy_sim_model  |    off     |       off        |        
RUN-1001 :     priority     |   timing   |      timing      |        
RUN-1001 :     swap_pin     |     on     |        on        |        
RUN-1001 : -------------------------------------------------------
PHY-1001 : Route runs in 16 thread(s)
RUN-1001 : There are total 2698 instances
RUN-1001 : 1301 mslices, 1300 lslices, 71 pads, 16 brams, 0 dsps
RUN-1001 : There are total 6499 nets
RUN-1001 : 4325 nets have 2 pins
RUN-1001 : 1559 nets have [3 - 5] pins
RUN-1001 : 402 nets have [6 - 10] pins
RUN-1001 : 158 nets have [11 - 20] pins
RUN-1001 : 45 nets have [21 - 99] pins
RUN-1001 : 10 nets have 100+ pins
RUN-1002 : start command "start_timer -report"
TMR-2505 : Start building timing graph for model sd_bmp_hdmi.
TMR-2506 : Build timing graph completely. Port num: 9, tpin num: 23420, tnet num: 6497, tinst num: 2696, tnode num: 28851, tedge num: 43158.
TMR-2508 : Levelizing timing graph completed, there are 29 levels in total.
TMR-2501 : Timing graph initialized successfully.
PHY-1001 : 1301 mslices, 1300 lslices, 71 pads, 16 brams, 0 dsps
TMR-2503 : Start to update net delay, extr mode = 3.
TMR-2504 : Update delay of 6497 nets completely.
TMR-2502 : Annotate delay completely, extr mode = 3.
TMR-3001 : Initiate 0 clocks from SDC.
TMR-3004 : Map sdc constraints, there are 8 constraints in total.
TMR-3003 : Constraints initiated successfully.
TMR-3501 : Forward propagation: start to calculate arrival time...
TMR-3502 : Backward propagation: start to calculate required time...
TMR-3503 : Timing propagation completes.
PHY-1001 : Start global routing, caller is route ...
RUN-1001 : Generating global routing grids ...
PHY-1001 : Generate routing nets ...
PHY-1001 : Global iterations in 16 thread ...
PHY-1002 : len = 259864, over cnt = 759(2%), over = 1253, worst = 7
PHY-1002 : len = 265096, over cnt = 432(1%), over = 609, worst = 5
PHY-1002 : len = 269088, over cnt = 178(0%), over = 255, worst = 5
PHY-1002 : len = 272400, over cnt = 0(0%), over = 0, worst = 0
PHY-1001 : End global iterations;  0.799537s wall, 0.468750s user + 0.015625s system = 0.484375s CPU (60.6%)

PHY-1001 : Congestion index: top1 = 39.40, top5 = 33.92, top10 = 30.79, top15 = 28.53.
PHY-1001 : End global routing;  0.972539s wall, 0.625000s user + 0.031250s system = 0.656250s CPU (67.5%)

PHY-1001 : Start detail routing ...
PHY-1001 : Current memory(MB): used = 350, reserve = 319, peak = 352.
PHY-1001 : Detailed router is running in normal mode.
PHY-1001 : Generate detailed routing grids ...
PHY-1001 : Generate nets ...
PHY-1001 : net sys_clk_dup_1 will be routed on clock mesh
PHY-1001 : clock net u_clk_wiz_1/clk0_out will be merged with clock u_clk_wiz_1/clk0_buf
PHY-1001 : net u_ddr3_top/clk_sdram will be routed on clock mesh
PHY-1001 : clock net u_ddr3_top/u_sdram_fifo_ctrl/clk_ref will be merged with clock u_clk_wiz_0/clk0_buf
PHY-1001 : net u_ddr3_top/u_sdram_fifo_ctrl/wrfifo/clkw will be routed on clock mesh
PHY-1001 : clock net config_inst_syn_10 will be merged with clock config_inst_syn_9
PHY-1001 : net u_hdmi_top/debayer_h/pclk will be routed on clock mesh
PHY-1001 : clock net u_sd_ctrl_top/u_sd_init/div_clk_syn_4 will be merged with clock u_sd_ctrl_top/u_sd_init/div_clk
PHY-1001 : net u_sd_ctrl_top/u_sd_read/clk_ref_180deg will be routed on clock mesh
PHY-1001 : Current memory(MB): used = 604, reserve = 576, peak = 604.
PHY-1001 : End build detailed router design. 4.262221s wall, 3.156250s user + 0.046875s system = 3.203125s CPU (75.2%)

PHY-1001 : Detail Route ...
PHY-1001 : ===== Detail Route Phase 1 =====
PHY-1001 : Clock net routing.....
PHY-1001 : Routed 0% nets.
PHY-1022 : len = 85904, over cnt = 1(0%), over = 1, worst = 1, crit = 0
PHY-1001 : End initial clock net routed; 3.773152s wall, 2.781250s user + 0.000000s system = 2.781250s CPU (73.7%)

PHY-1001 : Ripup-reroute.....
PHY-1001 : ===== DR Iter 1 =====
PHY-1022 : len = 85888, over cnt = 0(0%), over = 0, worst = 0, crit = 0
PHY-1001 : End DR Iter 1; 0.526003s wall, 0.359375s user + 0.000000s system = 0.359375s CPU (68.3%)

PHY-1001 : Current memory(MB): used = 637, reserve = 611, peak = 637.
PHY-1001 : End phase 1; 4.310450s wall, 3.140625s user + 0.000000s system = 3.140625s CPU (72.9%)

PHY-1001 : ===== Detail Route Phase 2 =====
PHY-1001 : Initial routing.....
PHY-1001 : Routed 35% nets.
PHY-1001 : Routed 42% nets.
PHY-1001 : Routed 51% nets.
PHY-1001 : Routed 64% nets.
PHY-1001 : Routed 85% nets.
PHY-1022 : len = 699392, over cnt = 152(0%), over = 152, worst = 1, crit = 0
PHY-1001 : Current memory(MB): used = 639, reserve = 612, peak = 639.
PHY-1001 : End initial routed; 8.419697s wall, 5.531250s user + 0.093750s system = 5.625000s CPU (66.8%)

PHY-1001 : Update timing.....
PHY-1001 : 0/5538(0%) critical/total net(s).
RUN-1001 : ------------------------------------------
RUN-1001 :   Type   |    WNS(ns)    |  TNS(ns)  |  FEP  
RUN-1001 : ------------------------------------------
RUN-1001 :   Setup  |    998.546    |   0.000   |   0   
RUN-1001 :   Hold   |  2147483.647  |   0.000   |   0   
RUN-1001 : ------------------------------------------
PHY-1001 : End update timing; 1.230529s wall, 0.906250s user + 0.046875s system = 0.953125s CPU (77.5%)

PHY-1001 : Current memory(MB): used = 645, reserve = 619, peak = 645.
PHY-1001 : End phase 2; 9.650413s wall, 6.437500s user + 0.140625s system = 6.578125s CPU (68.2%)

PHY-1001 : ===== Detail Route Phase 3 =====
PHY-1001 : Optimize timing.....
PHY-1022 : len = 699392, over cnt = 152(0%), over = 152, worst = 1, crit = 0
PHY-1001 : End optimize timing; 0.027625s wall, 0.046875s user + 0.000000s system = 0.046875s CPU (169.7%)

PHY-1001 : Ripup-reroute.....
PHY-1001 : ===== DR Iter 1 =====
PHY-1022 : len = 698232, over cnt = 61(0%), over = 61, worst = 1, crit = 0
PHY-1001 : End DR Iter 1; 0.128973s wall, 0.109375s user + 0.000000s system = 0.109375s CPU (84.8%)

PHY-1001 : ===== DR Iter 2 =====
PHY-1022 : len = 697936, over cnt = 8(0%), over = 8, worst = 1, crit = 0
PHY-1001 : End DR Iter 2; 0.108350s wall, 0.031250s user + 0.000000s system = 0.031250s CPU (28.8%)

PHY-1001 : ===== DR Iter 3 =====
PHY-1022 : len = 697952, over cnt = 2(0%), over = 2, worst = 1, crit = 0
PHY-1001 : End DR Iter 3; 0.077344s wall, 0.046875s user + 0.000000s system = 0.046875s CPU (60.6%)

PHY-1001 : ===== DR Iter 4 =====
PHY-1022 : len = 697968, over cnt = 0(0%), over = 0, worst = 0, crit = 0
PHY-1001 : End DR Iter 4; 0.057377s wall, 0.015625s user + 0.000000s system = 0.015625s CPU (27.2%)

PHY-1001 : Update timing.....
PHY-1001 : 0/5538(0%) critical/total net(s).
RUN-1001 : ------------------------------------------
RUN-1001 :   Type   |    WNS(ns)    |  TNS(ns)  |  FEP  
RUN-1001 : ------------------------------------------
RUN-1001 :   Setup  |    998.546    |   0.000   |   0   
RUN-1001 :   Hold   |  2147483.647  |   0.000   |   0   
RUN-1001 : ------------------------------------------
PHY-1001 : End update timing; 1.207847s wall, 0.921875s user + 0.000000s system = 0.921875s CPU (76.3%)

PHY-1001 : Commit to database.....
PHY-1001 : 40 feed throughs used by 35 nets
PHY-1001 : End commit to database; 0.755885s wall, 0.546875s user + 0.000000s system = 0.546875s CPU (72.3%)

PHY-1001 : Current memory(MB): used = 677, reserve = 652, peak = 677.
PHY-1001 : End phase 3; 2.573102s wall, 1.843750s user + 0.000000s system = 1.843750s CPU (71.7%)

PHY-1003 : Routed, final wirelength = 697968
PHY-1001 : Current memory(MB): used = 679, reserve = 653, peak = 679.
PHY-1001 : End export database. 0.028074s wall, 0.046875s user + 0.000000s system = 0.046875s CPU (167.0%)

PHY-1001 : End detail routing;  21.119180s wall, 14.875000s user + 0.187500s system = 15.062500s CPU (71.3%)

RUN-1003 : finish command "route" in  23.201612s wall, 16.328125s user + 0.250000s system = 16.578125s CPU (71.5%)

RUN-1004 : used memory is 640 MB, reserved memory is 615 MB, peak memory is 679 MB
RUN-1002 : start command "report_area -io_info -file SD-SDRAM-ISP-HDMI_phy.area"
RUN-1001 : standard
***Report Model: sd_bmp_hdmi Device: EG4S20BG256***

IO Statistics
#IO                        12
  #input                    5
  #output                   7
  #inout                    0

Utilization Statistics
#lut                     4482   out of  19600   22.87%
#reg                     2433   out of  19600   12.41%
#le                      5062
  #lut only              2629   out of   5062   51.94%
  #reg only               580   out of   5062   11.46%
  #lut&reg               1853   out of   5062   36.61%
#dsp                        0   out of     29    0.00%
#bram                      14   out of     64   21.88%
  #bram9k                  14
  #fifo9k                   0
#bram32k                    2   out of     16   12.50%
#pad                       16   out of    188    8.51%
  #ireg                     0
  #oreg                     4
  #treg                     0
#pll                        2   out of      4   50.00%
#gclk                       4   out of     16   25.00%

Clock Resource Statistics
Index     ClockNet                                    Type               DriverType         Driver                                          Fanout
#1        u_hdmi_top/debayer_h/pclk                   GCLK               pll                u_clk_wiz_1/pll_inst.clkc1                      833
#2        u_clk_wiz_0/clk0_buf                        GCLK               pll                u_clk_wiz_0/pll_inst.clkc0                      174
#3        u_ddr3_top/u_sdram_fifo_ctrl/wrfifo/clkw    GCLK               pll                u_clk_wiz_0/pll_inst.clkc3                      165
#4        config_inst_syn_9                           GCLK               config             config_inst.jtck                                81
#5        u_sd_ctrl_top/u_sd_init/div_clk             GCLK               mslice             u_sd_ctrl_top/u_sd_init/div_clk_reg_syn_9.q0    60
#6        sys_clk_dup_1                               GCLK               io                 sys_clk_syn_2.di                                52
#7        u_clk_wiz_1/clk0_buf                        GCLK               pll                u_clk_wiz_1/pll_inst.clkc0                      37
#8        u_sd_ctrl_top/u_sd_read/clk_ref_180deg      GCLK               pll                u_clk_wiz_0/pll_inst.clkc4                      25
#9        u_ddr3_top/clk_sdram                        GCLK               pll                u_clk_wiz_0/pll_inst.clkc1                      0


Detailed IO Report

        Name           Direction    Location    IOStandard    DriveStrength    PullType    PackReg  
       sd_miso           INPUT        D14        LVCMOS33          N/A          PULLUP      NONE    
   switch_video[1]       INPUT        B10        LVCMOS33          N/A          PULLUP      NONE    
   switch_video[0]       INPUT        A10        LVCMOS33          N/A          PULLUP      NONE    
       sys_clk           INPUT         R7        LVCMOS33          N/A          PULLUP      NONE    
      sys_rst_n          INPUT         A9        LVCMOS33          N/A          PULLUP      NONE    
       sd_clk           OUTPUT        F15        LVCMOS33           8            NONE       NONE    
        sd_cs           OUTPUT        F13        LVCMOS33           8            NONE       NONE    
       sd_mosi          OUTPUT        F14        LVCMOS33           8            NONE       NONE    
     tmds_clk_p         OUTPUT         P1         LVDS33           NA            NONE      ODDRX1   
    tmds_clk_p(n)       OUTPUT         R1         LVDS33           NA            NONE      ODDRX1   
   tmds_data_p[2]       OUTPUT         J3         LVDS33           NA            NONE      ODDRX1   
  tmds_data_p[2](n)     OUTPUT         J4         LVDS33           NA            NONE      ODDRX1   
   tmds_data_p[1]       OUTPUT         P4         LVDS33           NA            NONE      ODDRX1   
  tmds_data_p[1](n)     OUTPUT         N4         LVDS33           NA            NONE      ODDRX1   
   tmds_data_p[0]       OUTPUT         N1         LVDS33           NA            NONE      ODDRX1   
  tmds_data_p[0](n)     OUTPUT         M1         LVDS33           NA            NONE      ODDRX1   
       dq[23]            INPUT        S31        LVCMOS25           8           PULLUP      NONE    
       dq[22]            INPUT        S32        LVCMOS25           8           PULLUP      NONE    
       dq[21]            INPUT        S35        LVCMOS25           8           PULLUP      NONE    
       dq[20]            INPUT        S36        LVCMOS25           8           PULLUP      NONE    
       dq[19]            INPUT        S37        LVCMOS25           8           PULLUP      NONE    
       dq[18]            INPUT        S38        LVCMOS25           8           PULLUP      NONE    
       dq[17]            INPUT        S41        LVCMOS25           8           PULLUP      NONE    
       dq[16]            INPUT        S42        LVCMOS25           8           PULLUP      NONE    
       dq[31]            INPUT        S48        LVCMOS25           8           PULLUP      NONE    
       dq[30]            INPUT        S49        LVCMOS25           8           PULLUP      NONE    
       dq[29]            INPUT        S52        LVCMOS25           8           PULLUP      NONE    
       dq[28]            INPUT        S53        LVCMOS25           8           PULLUP      NONE    
       dq[27]            INPUT        S54        LVCMOS25           8           PULLUP      NONE    
       dq[26]            INPUT        S55        LVCMOS25           8           PULLUP      NONE    
       dq[25]            INPUT        S58        LVCMOS25           8           PULLUP      NONE    
       dq[24]            INPUT        S59        LVCMOS25           8           PULLUP      NONE    
         dm0            OUTPUT        S14        LVCMOS25           8            NONE       NONE    
         cke            OUTPUT        S18        LVCMOS25           8            NONE       OREG    
        we_n            OUTPUT        S19        LVCMOS25           8            NONE       OREG    
        cas_n           OUTPUT        S20        LVCMOS25           8            NONE       OREG    
        ras_n           OUTPUT        S21        LVCMOS25           8            NONE       OREG    
        cs_n            OUTPUT        S22        LVCMOS25           8            NONE       OREG    
       addr[9]          OUTPUT        S23        LVCMOS25           8            NONE       OREG    
       addr[8]          OUTPUT        S24        LVCMOS25           8            NONE       OREG    
       addr[7]          OUTPUT        S25        LVCMOS25           8            NONE       OREG    
       addr[6]          OUTPUT        S26        LVCMOS25           8            NONE       OREG    
       addr[5]          OUTPUT        S27        LVCMOS25           8            NONE       OREG    
       addr[4]          OUTPUT        S28        LVCMOS25           8            NONE       OREG    
         dm2            OUTPUT        S29        LVCMOS25           8            NONE       NONE    
         dm3            OUTPUT        S61        LVCMOS25           8            NONE       NONE    
       addr[3]          OUTPUT        S64        LVCMOS25           8            NONE       OREG    
       addr[2]          OUTPUT        S65        LVCMOS25           8            NONE       OREG    
       addr[1]          OUTPUT        S66        LVCMOS25           8            NONE       OREG    
       addr[0]          OUTPUT        S67        LVCMOS25           8            NONE       OREG    
      addr[10]          OUTPUT        S68        LVCMOS25           8            NONE       OREG    
        ba[0]           OUTPUT        S69        LVCMOS25           8            NONE       OREG    
        ba[1]           OUTPUT        S70        LVCMOS25           8            NONE       OREG    
         clk            OUTPUT        S73        LVCMOS25           8            NONE       NONE    
         dm1            OUTPUT        S76        LVCMOS25           8            NONE       NONE    
        dq[0]            INOUT         S1        LVCMOS25           8           PULLUP      IREG    
        dq[6]            INOUT        S11        LVCMOS25           8           PULLUP      IREG    
        dq[7]            INOUT        S12        LVCMOS25           8           PULLUP      IREG    
        dq[1]            INOUT         S2        LVCMOS25           8           PULLUP      IREG    
        dq[2]            INOUT         S5        LVCMOS25           8           PULLUP      IREG    
        dq[3]            INOUT         S6        LVCMOS25           8           PULLUP      IREG    
        dq[4]            INOUT         S7        LVCMOS25           8           PULLUP      IREG    
        dq[8]            INOUT        S78        LVCMOS25           8           PULLUP      IREG    
        dq[9]            INOUT        S79        LVCMOS25           8           PULLUP      IREG    
        dq[5]            INOUT         S8        LVCMOS25           8           PULLUP      IREG    
       dq[10]            INOUT        S82        LVCMOS25           8           PULLUP      IREG    
       dq[11]            INOUT        S83        LVCMOS25           8           PULLUP      IREG    
       dq[12]            INOUT        S84        LVCMOS25           8           PULLUP      IREG    
       dq[13]            INOUT        S85        LVCMOS25           8           PULLUP      IREG    
       dq[14]            INOUT        S88        LVCMOS25           8           PULLUP      IREG    
       dq[15]            INOUT        S89        LVCMOS25           8           PULLUP      IREG    

Report Hierarchy Area:
+-------------------------------------------------------------------------------------------------------------------------------------+
|Instance                            |Module                                     |le     |lut     |ripple  |seq     |bram    |dsp     |
+-------------------------------------------------------------------------------------------------------------------------------------+
|top                                 |sd_bmp_hdmi                                |5062   |3247    |1235    |2437    |16      |0       |
|  u_clk_wiz_0                       |PLL                                        |0      |0       |0       |0       |0       |0       |
|  u_clk_wiz_1                       |PLL_hdmi                                   |0      |0       |0       |0       |0       |0       |
|  u_ddr3_top                        |ddr3_top1                                  |561    |361     |100     |329     |2       |0       |
|    physica_sdram                   |SDRAM                                      |0      |0       |0       |0       |0       |0       |
|    u_sdram_controller              |sdram_controller                           |193    |139     |40      |75      |0       |0       |
|      u_sdram_cmd                   |sdram_cmd                                  |38     |38      |0       |16      |0       |0       |
|      u_sdram_ctrl                  |sdram_ctrl                                 |143    |99      |40      |47      |0       |0       |
|      u_sdram_data                  |sdram_data                                 |12     |2       |0       |12      |0       |0       |
|    u_sdram_fifo_ctrl               |sdram_fifo_ctrl                            |368    |222     |60      |254     |2       |0       |
|      rdfifo                        |SOFTFIFO                                   |142    |96      |18      |114     |1       |0       |
|        ram_inst                    |ram_infer_SOFTFIFO                         |4      |0       |0       |4       |1       |0       |
|        rd_to_wr_cross_inst         |fifo_cross_domain_addr_process_al_SOFTFIFO |48     |40      |0       |48      |0       |0       |
|        wr_to_rd_cross_inst         |fifo_cross_domain_addr_process_al_SOFTFIFO |32     |32      |0       |32      |0       |0       |
|      wrfifo                        |SOFTFIFO                                   |142    |66      |18      |110     |1       |0       |
|        ram_inst                    |ram_infer_SOFTFIFO                         |14     |0       |0       |14      |1       |0       |
|        rd_to_wr_cross_inst         |fifo_cross_domain_addr_process_al_SOFTFIFO |35     |19      |0       |35      |0       |0       |
|        wr_to_rd_cross_inst         |fifo_cross_domain_addr_process_al_SOFTFIFO |34     |20      |0       |34      |0       |0       |
|  u_hdmi_top                        |hdmi_top1                                  |3415   |2148    |918     |1507    |12      |0       |
|    debayer_h                       |isp_demosaic                               |2922   |1782    |803     |1297    |12      |0       |
|      linebuffer                    |shift_register                             |58     |42      |16      |20      |12      |0       |
|        gen_ram_inst[0]$u_ram       |simple_dp_ram                              |0      |0       |0       |0       |2       |0       |
|        gen_ram_inst[1]$u_ram       |simple_dp_ram                              |0      |0       |0       |0       |2       |0       |
|        gen_ram_inst[2]$u_ram       |simple_dp_ram                              |0      |0       |0       |0       |2       |0       |
|        gen_ram_inst[3]$u_ram       |simple_dp_ram                              |0      |0       |0       |0       |2       |0       |
|        gen_ram_inst[4]$u_ram       |simple_dp_ram                              |0      |0       |0       |0       |2       |0       |
|        gen_ram_inst[5]$u_ram       |simple_dp_ram                              |8      |8       |0       |0       |2       |0       |
|    u3_hdmi_tx                      |hdmi_tx                                    |344    |278     |54      |182     |0       |0       |
|      Inst_DVITransmitter           |DVITransmitter                             |344    |278     |54      |182     |0       |0       |
|        Inst_TMDSEncoder_blue       |TMDSEncoder                                |88     |70      |18      |55      |0       |0       |
|        Inst_TMDSEncoder_green      |TMDSEncoder                                |103    |85      |18      |38      |0       |0       |
|        Inst_TMDSEncoder_red        |TMDSEncoder                                |106    |88      |18      |42      |0       |0       |
|        Inst_blue_serializer_10_1   |Serial_N_1_lvds_dat                        |20     |17      |0       |20      |0       |0       |
|        Inst_clk_serializer_10_1    |Serial_N_1_lvds                            |4      |2       |0       |4       |0       |0       |
|        Inst_green_serializer_10_1  |Serial_N_1_lvds_dat                        |10     |7       |0       |10      |0       |0       |
|        Inst_red_serializer_10_1    |Serial_N_1_lvds_dat                        |13     |9       |0       |13      |0       |0       |
|    u_video_driver                  |video_driver                               |149    |88      |61      |28      |0       |0       |
|  u_sd_ctrl_top                     |sd_ctrl_top                                |354    |260     |49      |220     |0       |0       |
|    u_sd_init                       |sd_init                                    |210    |152     |32      |114     |0       |0       |
|    u_sd_read                       |sd_read                                    |144    |108     |17      |106     |0       |0       |
|  u_sd_read_photo                   |read_rawdata                               |356    |249     |97      |151     |0       |0       |
|  cw_top                            |CW_TOP_WRAPPER                             |368    |221     |71      |222     |0       |0       |
|    wrapper_cwc_top                 |cwc_top                                    |368    |221     |71      |222     |0       |0       |
|      cfg_int_inst                  |cwc_cfg_int                                |143    |77      |0       |127     |0       |0       |
|        reg_inst                    |register                                   |141    |75      |0       |125     |0       |0       |
|        tap_inst                    |tap                                        |2      |2       |0       |2       |0       |0       |
|      trigger_inst                  |trigger                                    |225    |144     |71      |95      |0       |0       |
|        bus_inst                    |bus_top                                    |20     |14      |6       |11      |0       |0       |
|          BUS_DETECTOR[1]$bus_nodes |bus_det                                    |2      |2       |0       |2       |0       |0       |
|          BUS_DETECTOR[2]$bus_nodes |bus_det                                    |2      |2       |0       |2       |0       |0       |
|          BUS_DETECTOR[4]$bus_nodes |bus_det                                    |16     |10      |6       |7       |0       |0       |
|        emb_ctrl_inst               |emb_ctrl                                   |116    |83      |33      |52      |0       |0       |
+-------------------------------------------------------------------------------------------------------------------------------------+


DataNet Average Fanout:

   Index     Fanout     Nets  
    #1          1       4312  
    #2          2       1036  
    #3          3       270   
    #4          4       253   
    #5        5-10      450   
    #6        11-50     146   
    #7       51-100      4    
    #8       101-500     4    
    #9        >500       1    
  Average     2.39            

RUN-1002 : start command "export_db SD-SDRAM-ISP-HDMI_pr.db"
RUN-1001 : Exported /
RUN-1001 : Exported flow parameters
RUN-1001 : Exported libs
RUN-1001 : Exported entities
RUN-1001 : Exported ports
RUN-1001 : Exported pins
RUN-1001 : Exported instances
RUN-1001 : Exported nets
RUN-1001 : Exported buses
RUN-1001 : Exported models
RUN-1001 : Exported congestions
RUN-1001 : Exported violations
RUN-1001 : Exported timing constraints
RUN-1001 : Exported IO constraints
RUN-1001 : Exported Inst constraints
RUN-1001 : Exported ChipWatcher
RUN-1003 : finish command "export_db SD-SDRAM-ISP-HDMI_pr.db" in  1.021087s wall, 1.265625s user + 0.000000s system = 1.265625s CPU (123.9%)

RUN-1004 : used memory is 641 MB, reserved memory is 616 MB, peak memory is 692 MB
RUN-1002 : start command "start_timer"
TMR-2505 : Start building timing graph for model sd_bmp_hdmi.
TMR-2506 : Build timing graph completely. Port num: 9, tpin num: 23420, tnet num: 6497, tinst num: 2696, tnode num: 28851, tedge num: 43158.
TMR-2508 : Levelizing timing graph completed, there are 29 levels in total.
TMR-2501 : Timing graph initialized successfully.
RUN-1002 : start command "report_timing -mode FINAL -net_info -rpt_autogen true -file SD-SDRAM-ISP-HDMI_phy.timing"
TMR-2503 : Start to update net delay, extr mode = 6.
TMR-2504 : Update delay of 6497 nets completely.
TMR-2502 : Annotate delay completely, extr mode = 6.
TMR-3001 : Initiate 0 clocks from SDC.
TMR-3004 : Map sdc constraints, there are 8 constraints in total.
TMR-3003 : Constraints initiated successfully.
TMR-3501 : Forward propagation: start to calculate arrival time...
TMR-3502 : Backward propagation: start to calculate required time...
TMR-3503 : Timing propagation completes.
TMR-3506 : Start to generate timing report.
TMR-1502 : Number of clock constraints = 0. Number of clock nets = 9 (9 unconstrainted).
TMR-5009 WARNING: No clock constraint on 9 clock net(s): 
		config_inst_syn_10
		sys_clk_dup_1
		u_clk_wiz_1/clk0_out
		u_ddr3_top/clk_sdram
		u_ddr3_top/u_sdram_fifo_ctrl/clk_ref
		u_ddr3_top/u_sdram_fifo_ctrl/wrfifo/clkw
		u_hdmi_top/debayer_h/pclk
		u_sd_ctrl_top/u_sd_init/div_clk_syn_4
		u_sd_ctrl_top/u_sd_read/clk_ref_180deg
USR-6122 CRITICAL-WARNING: No clock constraint on PLL u_clk_wiz_0/pll_inst
USR-6122 CRITICAL-WARNING: No clock constraint on PLL u_clk_wiz_1/pll_inst
TMR-3508 : Export timing summary.
TMR-3507 : Timing report generated successfully in SD-SDRAM-ISP-HDMI_phy.timing, timing summary in SD-SDRAM-ISP-HDMI_phy.tsm.
RUN-1002 : start command "export_bid SD-SDRAM-ISP-HDMI_inst.bid"
PRG-1000 : <!-- HMAC is: 0ede4ca29d746be7116faaf597415356a32fdcb83b7a1f12fba36f9bc997c572 -->
RUN-1002 : start command "bitgen -bit SD-SDRAM-ISP-HDMI.bit"
BIT-1003 : Start to generate bitstream. 
BIT-1002 : Init instances with 16 threads.
BIT-1002 : Init instances completely, inst num: 2696
BIT-1002 : Init pips with 16 threads.
BIT-1002 : Init pips completely, net num: 6499, pip num: 52462
BIT-1002 : Init feedthrough with 16 threads.
BIT-1002 : Init feedthrough completely, num: 40
BIT-1003 : Multithreading accelaration with 16 threads.
BIT-1003 : Generate bitstream completely, there are 2150 valid insts, and 161189 bits set as '1'.
BIT-1004 : the usercode register value: 00000000110011110101000110101001
BIT-1004 : PLL setting string = 0110
BIT-1004 : Generate bits file SD-SDRAM-ISP-HDMI.bit.
RUN-1003 : finish command "bitgen -bit SD-SDRAM-ISP-HDMI.bit" in  4.984200s wall, 17.375000s user + 0.437500s system = 17.812500s CPU (357.4%)

RUN-1004 : used memory is 667 MB, reserved memory is 643 MB, peak memory is 831 MB
RUN-1002 : start command "backup_run_log run.log ../.logs/phy_1/td_20240704_204138.log"
