============================================================
   Tang Dynasty, V5.6.71036
      Copyright (c) 2012-2023 Anlogic Inc.
   Executable = F:/ARMChina/bin/td.exe
   Built at =   20:34:38 Mar 21 2023
   Run by =     Illyasvial Von Einzb
   Run Date =   Thu Jul  4 22:31:59 2024

   Run on =     LAPTOP-4S5LNBPI
============================================================
RUN-1002 : start command "open_project SD-SDRAM-ISP-HDMI.prj"
RUN-1001 : Print Global Property
RUN-1001 : ---------------------------------------------------------------
RUN-1001 :        Parameters        |  Settings  |  Default Values  |  Note  
RUN-1001 : ---------------------------------------------------------------
RUN-1001 :          message         |  standard  |     standard     |        
RUN-1001 :   mixed_pack_place_flow  |     on     |        on        |        
RUN-1001 :        qor_monitor       |    off     |       off        |        
RUN-1001 :        syn_ip_flow       |    off     |       off        |        
RUN-1001 :          thread          |    auto    |       auto       |        
RUN-1001 : ---------------------------------------------------------------
RUN-1001 : Print Design Property
RUN-1001 : --------------------------------------------------------------
RUN-1001 :        Parameters       |  Settings  |  Default Values  |  Note  
RUN-1001 : --------------------------------------------------------------
RUN-1001 :   default_reg_initial   |    auto    |       auto       |        
RUN-1001 :        infer_add        |     on     |        on        |        
RUN-1001 :        infer_fsm        |    off     |       off        |        
RUN-1001 :        infer_mult       |     on     |        on        |        
RUN-1001 :        infer_ram        |     on     |        on        |        
RUN-1001 :        infer_reg        |     on     |        on        |        
RUN-1001 :   infer_reg_init_value  |     on     |        on        |        
RUN-1001 :        infer_rom        |     on     |        on        |        
RUN-1001 :      infer_shifter      |     on     |        on        |        
RUN-1001 : --------------------------------------------------------------
RUN-1001 : Print Rtl Property
RUN-1001 : --------------------------------------------------------------
RUN-1001 :        Parameters       |  Settings  |  Default Values  |  Note  
RUN-1001 : --------------------------------------------------------------
RUN-1001 :       compress_add      |   ripple   |      ripple      |        
RUN-1001 :        elf_sload        |    off     |       off        |        
RUN-1001 :       fix_undriven      |     0      |        0         |        
RUN-1001 :         flatten         |    off     |       off        |        
RUN-1001 :       gate_sharing      |     on     |        on        |        
RUN-1001 :    hdl_warning_level    |   normal   |      normal      |        
RUN-1001 :   impl_internal_tribuf  |     on     |        on        |        
RUN-1001 :      impl_set_reset     |     on     |        on        |        
RUN-1001 :        infer_gsr        |    off     |       off        |        
RUN-1001 :      keep_hierarchy     |    auto    |       auto       |        
RUN-1001 :        max_fanout       |    9999    |       9999       |        
RUN-1001 :      max_oh2bin_len     |     10     |        10        |        
RUN-1001 :       merge_equal       |     on     |        on        |        
RUN-1001 :       merge_equiv       |     on     |        on        |        
RUN-1001 :        merge_mux        |    off     |       off        |        
RUN-1001 :     min_control_set     |     8      |        8         |        
RUN-1001 :      min_ripple_len     |    auto    |       auto       |        
RUN-1001 :       oh2bin_ratio      |    0.08    |       0.08       |        
RUN-1001 :     opt_adder_fanout    |     on     |        on        |        
RUN-1001 :        opt_arith        |     on     |        on        |        
RUN-1001 :       opt_big_gate      |    off     |       off        |        
RUN-1001 :        opt_const        |     on     |        on        |        
RUN-1001 :      opt_const_mult     |     on     |        on        |        
RUN-1001 :       opt_lessthan      |     on     |        on        |        
RUN-1001 :         opt_mux         |    off     |       off        |        
RUN-1001 :         opt_ram         |    high    |       high       |        
RUN-1001 :      rtl_sim_model      |    off     |       off        |        
RUN-1001 :         seq_syn         |     on     |        on        |        
RUN-1001 : --------------------------------------------------------------
HDL-1007 : analyze verilog file ../../import/ddr3-al_ip/SOFTFIFO.v
HDL-1007 : analyze verilog file ../../import/ddr3-al_ip/SDRAM.v
HDL-1007 : analyze verilog file ../../al_ip/PLL.v
HDL-1007 : undeclared symbol 'open', assumed default net type 'wire' in ../../al_ip/PLL.v(92)
HDL-1007 : analyze verilog file ../../al_ip/PLL_hdmi.v
HDL-1007 : undeclared symbol 'open', assumed default net type 'wire' in ../../al_ip/PLL_hdmi.v(70)
HDL-1007 : analyze VHDL file ../../import/hdmi-rtl/enc_file/SerializerN_1_lvds.enc.vhd
Copyright (c) 1998-2019 The OpenSSL Project.  All rights reserved.
This product includes software developed by the OpenSSL Project
for use in the OpenSSL Toolkit (http://www.openssl.org/)
Copyright (C) 1995-1998 Eric Young (eay@cryptsoft.com)
All rights reserved.
This product includes cryptographic software written by Eric Young (eay@cryptsoft.com)
HDL-1007 : analyze entity ** in encrypted_text(0)
HDL-1007 : analyze architecture ** in encrypted_text(0)
HDL-1007 : analyze VHDL file ../../import/hdmi-rtl/enc_file/SerializerN_1_lvds_dat.enc.vhd
HDL-1007 : analyze entity ** in encrypted_text(0)
HDL-1007 : analyze architecture ** in encrypted_text(0)
HDL-1007 : analyze VHDL file ../../import/hdmi-rtl/enc_file/TMDSEncoder.enc.vhd
HDL-1007 : analyze entity ** in encrypted_text(0)
HDL-1007 : analyze architecture ** in encrypted_text(0)
HDL-1007 : analyze verilog file ../../import/hdmi-rtl/enc_file/video_tpg_1024768.enc.v
HDL-5007 WARNING: literal value ** truncated to fit in ** bits in encrypted_text(0)
HDL-1007 : back to file '../../import/hdmi-rtl/enc_file/video_tpg_1024768.enc.v' in ../../import/hdmi-rtl/enc_file/video_tpg_1024768.enc.v(216)
HDL-1007 : analyze verilog file ../../import/hdmi-rtl/enc_file/video_tpg_1080p.enc.v
HDL-1007 : back to file '../../import/hdmi-rtl/enc_file/video_tpg_1080p.enc.v' in ../../import/hdmi-rtl/enc_file/video_tpg_1080p.enc.v(208)
HDL-1007 : analyze verilog file ../../import/hdmi-rtl/enc_file/video_tpg_12801024p.enc.v
HDL-1007 : back to file '../../import/hdmi-rtl/enc_file/video_tpg_12801024p.enc.v' in ../../import/hdmi-rtl/enc_file/video_tpg_12801024p.enc.v(207)
HDL-1007 : analyze verilog file ../../import/hdmi-rtl/enc_file/video_tpg_1280800.enc.v
HDL-5007 WARNING: literal value ** truncated to fit in ** bits in encrypted_text(0)
HDL-1007 : back to file '../../import/hdmi-rtl/enc_file/video_tpg_1280800.enc.v' in ../../import/hdmi-rtl/enc_file/video_tpg_1280800.enc.v(216)
HDL-1007 : analyze verilog file ../../import/hdmi-rtl/enc_file/video_tpg_16801050p.enc.v
HDL-1007 : back to file '../../import/hdmi-rtl/enc_file/video_tpg_16801050p.enc.v' in ../../import/hdmi-rtl/enc_file/video_tpg_16801050p.enc.v(209)
HDL-1007 : analyze verilog file ../../import/hdmi-rtl/enc_file/video_tpg_800600.enc.v
HDL-1007 : back to file '../../import/hdmi-rtl/enc_file/video_tpg_800600.enc.v' in ../../import/hdmi-rtl/enc_file/video_tpg_800600.enc.v(211)
HDL-1007 : analyze verilog file ../../import/hdmi_top/hdmi_top.v
HDL-1007 : analyze verilog file ../../import/hdmi_top/video_driver.v
HDL-1007 : analyze verilog file ../../import/sd_bmp_hdmi.v
HDL-1007 : undeclared symbol 'rd_vsync', assumed default net type 'wire' in ../../import/sd_bmp_hdmi.v(200)
HDL-1007 : analyze verilog file ../../import/sd_ctrl_top/sd_ctrl_top.v
HDL-1007 : analyze verilog file ../../import/sd_ctrl_top/sd_init.v
HDL-1007 : analyze verilog file ../../import/sd_ctrl_top/sd_read.v
HDL-1007 : analyze verilog file ../../import/sd_ctrl_top/sd_write.v
HDL-1007 : analyze VHDL file ../../import/hdmi-rtl/enc_file/DVITransmitter.enc.vhd
HDL-1007 : analyze entity dvitransmitter in ../../import/hdmi-rtl/enc_file/DVITransmitter.enc.vhd(13)
HDL-1007 : analyze architecture ** in encrypted_text(0)
HDL-1007 : analyze VHDL file ../../import/hdmi-rtl/hdmi_tx.vhd
HDL-1007 : analyze entity hdmi_tx in ../../import/hdmi-rtl/hdmi_tx.vhd(11)
HDL-1007 : analyze architecture behavioral in ../../import/hdmi-rtl/hdmi_tx.vhd(33)
HDL-1007 : analyze verilog file ../../import/DDR3-rtl/sdram_cmd.v
HDL-1007 : analyze included file ../../import/DDR3-rtl/sdram_para.v in ../../import/DDR3-rtl/sdram_cmd.v(46)
HDL-1007 : back to file '../../import/DDR3-rtl/sdram_cmd.v' in ../../import/DDR3-rtl/sdram_cmd.v(46)
HDL-1007 : analyze verilog file ../../import/DDR3-rtl/sdram_controller.v
HDL-1007 : analyze verilog file ../../import/DDR3-rtl/sdram_ctrl.v
HDL-1007 : analyze included file ../../import/DDR3-rtl/sdram_para.v in ../../import/DDR3-rtl/sdram_ctrl.v(19)
HDL-1007 : back to file '../../import/DDR3-rtl/sdram_ctrl.v' in ../../import/DDR3-rtl/sdram_ctrl.v(19)
HDL-1007 : analyze verilog file ../../import/DDR3-rtl/sdram_data.v
HDL-1007 : analyze included file ../../import/DDR3-rtl/sdram_para.v in ../../import/DDR3-rtl/sdram_data.v(13)
HDL-1007 : back to file '../../import/DDR3-rtl/sdram_data.v' in ../../import/DDR3-rtl/sdram_data.v(13)
HDL-1007 : analyze verilog file ../../import/DDR3-rtl/sdram_fifo_ctrl.v
HDL-1007 : analyze verilog file ../../import/DDR3-rtl/sdram_top.v
HDL-1007 : analyze verilog file ../../import/read_rawdata.v
HDL-1007 : analyze verilog file ../../import/hdmi_top/ISP_include.v
HDL-1007 : analyze verilog file ../../import/hdmi_top/ISP_debayer_m.v
RUN-1001 : Project manager successfully analyzed 32 source files.
RUN-1002 : start command "import_device eagle_s20.db -package EG4S20BG256"
ARC-1001 : Device Initialization.
ARC-1001 : ------------------------------------------------------------------
ARC-1001 :            OPTION            |          IO          |   SETTING   
ARC-1001 : ------------------------------------------------------------------
ARC-1001 :   cso_b/cclk/mosi/miso/dout  |  T3/R11/T10/P10/S11  |    gpio    
ARC-1001 :             done             |         P13          |    gpio    
ARC-1001 :           program_b          |          T2          |  dedicate  
ARC-1001 :        tdi/tms/tck/tdo       |   C12/A15/C14/E14    |  dedicate  
ARC-1001 : ------------------------------------------------------------------
ARC-1004 : Device setting, marked 5 dedicate IOs in total.
RUN-1002 : start command "import_db ../syn_1/SD-SDRAM-ISP-HDMI_gate.db"
RUN-1001 : Importing database generated by Tang Dynasty, V5.6.71036.
RUN-1001 : Database version number 46146.
RUN-1001 : Import flow parameters
RUN-1001 : Import timing constraints
RUN-1001 : Import IO constraints
RUN-1001 : Import Inst constraints
RUN-1001 : Import design success TD_VERSION=5.6.71036 , DB_VERSION=46146
RUN-1002 : start command "read_sdc -ip SOFTFIFO ../../import/ddr3-al_ip/SOFTFIFO.tcl"
RUN-1002 : start command "get_ports clkw"
RUN-1002 : start command "get_nets  clkw  "
RUN-1002 : start command "get_clocks -nowarn -of nets 9663676416000"
RUN-1002 : start command "get_ports clkr"
RUN-1002 : start command "get_nets  clkr  "
RUN-1002 : start command "get_clocks -nowarn -of nets 35257386532864"
RUN-1002 : start command "get_property -nowarn -max PERIOD "
RUN-1002 : start command "get_property -nowarn -max PERIOD "
RUN-1002 : start command "get_regs rd_to_wr_cross_inst/primary_addr_gray_reg[*]"
RUN-1002 : start command "get_regs rd_to_wr_cross_inst/sync_r1[*]"
RUN-1002 : start command "set_max_delay -from  -to  999.70000000000005 -datapath_only"
RUN-1002 : start command "get_regs rd_to_wr_cross_inst/primary_addr_gray_reg[*]"
RUN-1002 : start command "get_regs rd_to_wr_cross_inst/sync_r1[*]"
RUN-1002 : start command "set_false_path -from  -to  -hold 999.70000000000005"
USR-1002 : set_false_path -help -setup -hold -from <list> -rise_from <list> -fall_from <list> -to <list> -rise_to <list> -fall_to <list> -through <list>
RUN-1002 : start command "get_regs wr_to_rd_cross_inst/primary_addr_gray_reg[*]"
RUN-1002 : start command "get_regs wr_to_rd_cross_inst/sync_r1[*]"
RUN-1002 : start command "set_max_delay -from  -to  999.70000000000005 -datapath_only"
RUN-1002 : start command "get_regs wr_to_rd_cross_inst/primary_addr_gray_reg[*]"
RUN-1002 : start command "get_regs wr_to_rd_cross_inst/sync_r1[*]"
RUN-1002 : start command "set_false_path -from  -to  -hold 999.70000000000005"
USR-1002 : set_false_path -help -setup -hold -from <list> -rise_from <list> -fall_from <list> -to <list> -rise_to <list> -fall_to <list> -through <list>
RUN-1002 : start command "get_ports clkw"
RUN-1002 : start command "get_nets  clkw  "
RUN-1002 : start command "get_clocks -nowarn -of nets 17514876633088"
RUN-1002 : start command "get_ports clkr"
RUN-1002 : start command "get_nets  clkr  "
RUN-1002 : start command "get_clocks -nowarn -of nets 9663676416000"
RUN-1002 : start command "get_property -nowarn -max PERIOD "
RUN-1002 : start command "get_property -nowarn -max PERIOD "
RUN-1002 : start command "get_regs rd_to_wr_cross_inst/primary_addr_gray_reg[*]"
RUN-1002 : start command "get_regs rd_to_wr_cross_inst/sync_r1[*]"
RUN-1002 : start command "set_max_delay -from  -to  999.70000000000005 -datapath_only"
RUN-1002 : start command "get_regs rd_to_wr_cross_inst/primary_addr_gray_reg[*]"
RUN-1002 : start command "get_regs rd_to_wr_cross_inst/sync_r1[*]"
RUN-1002 : start command "set_false_path -from  -to  -hold 999.70000000000005"
USR-1002 : set_false_path -help -setup -hold -from <list> -rise_from <list> -fall_from <list> -to <list> -rise_to <list> -fall_to <list> -through <list>
RUN-1002 : start command "get_regs wr_to_rd_cross_inst/primary_addr_gray_reg[*]"
RUN-1002 : start command "get_regs wr_to_rd_cross_inst/sync_r1[*]"
RUN-1002 : start command "set_max_delay -from  -to  999.70000000000005 -datapath_only"
RUN-1002 : start command "get_regs wr_to_rd_cross_inst/primary_addr_gray_reg[*]"
RUN-1002 : start command "get_regs wr_to_rd_cross_inst/sync_r1[*]"
RUN-1002 : start command "set_false_path -from  -to  -hold 999.70000000000005"
USR-1002 : set_false_path -help -setup -hold -from <list> -rise_from <list> -fall_from <list> -to <list> -rise_to <list> -fall_to <list> -through <list>
RUN-1002 : start command "config_chipwatcher ../../sd_HDMI.cwc -dir "
RUN-1002 : start command "legalize_phy_inst"
SYN-1011 : Flatten model sd_bmp_hdmi
KIT-1004 : ChipWatcher: import watcher inst auto_chipwatcher_0 completed, there are 5 view nodes, 8 trigger nets, 8 data nets.
KIT-1004 : Chipwatcher code = 0101000110101001
RUN-1002 : start command "compile_watcher"
RUN-1002 : start command "read_verilog -no_sch -dir F:/ARMChina/cw/ -file SD-SDRAM-ISP-HDMI_watcherInst.sv -lib cw -top CW_TOP_WRAPPER"
HDL-1007 : analyze verilog file F:/ARMChina/cw\bus_det.v
HDL-1007 : analyze verilog file F:/ARMChina/cw\bus_top.sv
HDL-1007 : analyze verilog file F:/ARMChina/cw\cfg_int.v
HDL-1007 : analyze verilog file F:/ARMChina/cw\cwc_cfg_int.v
HDL-1007 : analyze verilog file F:/ARMChina/cw\cwc_top.sv
HDL-1007 : analyze verilog file F:/ARMChina/cw\detect_bus.v
HDL-1007 : analyze verilog file F:/ARMChina/cw\detect_non_bus.v
HDL-1007 : analyze verilog file F:/ARMChina/cw\emb_ctrl.v
HDL-1007 : analyze verilog file F:/ARMChina/cw\register.v
HDL-1007 : analyze verilog file F:/ARMChina/cw\tap.v
HDL-1007 : analyze verilog file F:/ARMChina/cw\trigger.sv
HDL-1007 : analyze verilog file SD-SDRAM-ISP-HDMI_watcherInst.sv
HDL-1007 : elaborate module CW_TOP_WRAPPER in SD-SDRAM-ISP-HDMI_watcherInst.sv(1)
HDL-1007 : elaborate module cwc_top(BUS_NUM=5,BUS_CTRL_NUM=36,BUS_WIDTH='{32'sb01,32'sb01,32'sb01,32'sb01,32'sb0100},BUS_DIN_POS='{32'sb0,32'sb01,32'sb010,32'sb011,32'sb0100},BUS_CTRL_POS='{32'sb0,32'sb0110,32'sb01100,32'sb010010,32'sb011000}) in F:/ARMChina/cw\cwc_top.sv(21)
HDL-1007 : elaborate module cwc_cfg_int(CTRL_REG_LEN=58) in F:/ARMChina/cw\cwc_cfg_int.v(21)
HDL-1007 : elaborate module register(CTRL_REG_LEN=58) in F:/ARMChina/cw\register.v(21)
HDL-1007 : elaborate module tap in F:/ARMChina/cw\tap.v(21)
HDL-1007 : elaborate module trigger(BUS_NUM=5,BUS_CTRL_NUM=36,BUS_WIDTH='{32'sb01,32'sb01,32'sb01,32'sb01,32'sb0100},BUS_DIN_POS='{32'sb0,32'sb01,32'sb010,32'sb011,32'sb0100},BUS_CTRL_POS='{32'sb0,32'sb0110,32'sb01100,32'sb010010,32'sb011000}) in F:/ARMChina/cw\trigger.sv(21)
HDL-1007 : elaborate module bus_top(BUS_NODE_NUM=5,BUS_CTRL_NUM=36,BUS_WIDTH='{32'sb01,32'sb01,32'sb01,32'sb01,32'sb0100},BUS_DIN_POS='{32'sb0,32'sb01,32'sb010,32'sb011,32'sb0100},BUS_CTRL_POS='{32'sb0,32'sb0110,32'sb01100,32'sb010010,32'sb011000}) in F:/ARMChina/cw\bus_top.sv(22)
HDL-1007 : elaborate module bus_det(BUS_WIDTH=32'sb01) in F:/ARMChina/cw\bus_det.v(21)
HDL-1007 : elaborate module bus_det(BUS_WIDTH=32'sb0100) in F:/ARMChina/cw\bus_det.v(21)
HDL-1007 : elaborate module emb_ctrl in F:/ARMChina/cw\emb_ctrl.v(21)
HDL-1200 : Current top model is CW_TOP_WRAPPER
HDL-1100 : Inferred 0 RAMs.
RUN-1002 : start command "force_keep -a auto_chipwatcher_0_logicbram"
RUN-1002 : start command "optimize_rtl -no_sch"
RUN-1001 : Open license file F:/ARMChina/license/Anlogic.lic
RUN-1001 : Print Global Property
RUN-1001 : ---------------------------------------------------------------
RUN-1001 :        Parameters        |  Settings  |  Default Values  |  Note  
RUN-1001 : ---------------------------------------------------------------
RUN-1001 :          message         |  standard  |     standard     |        
RUN-1001 :   mixed_pack_place_flow  |     on     |        on        |        
RUN-1001 :        qor_monitor       |    off     |       off        |        
RUN-1001 :        syn_ip_flow       |    off     |       off        |        
RUN-1001 :          thread          |    auto    |       auto       |        
RUN-1001 : ---------------------------------------------------------------
RUN-1001 : Print Rtl Property
RUN-1001 : --------------------------------------------------------------
RUN-1001 :        Parameters       |  Settings  |  Default Values  |  Note  
RUN-1001 : --------------------------------------------------------------
RUN-1001 :       compress_add      |   ripple   |      ripple      |        
RUN-1001 :        elf_sload        |    off     |       off        |        
RUN-1001 :       fix_undriven      |     0      |        0         |        
RUN-1001 :         flatten         |    off     |       off        |        
RUN-1001 :       gate_sharing      |     on     |        on        |        
RUN-1001 :    hdl_warning_level    |   normal   |      normal      |        
RUN-1001 :   impl_internal_tribuf  |     on     |        on        |        
RUN-1001 :      impl_set_reset     |     on     |        on        |        
RUN-1001 :        infer_gsr        |    off     |       off        |        
RUN-1001 :      keep_hierarchy     |    auto    |       auto       |        
RUN-1001 :        max_fanout       |    9999    |       9999       |        
RUN-1001 :      max_oh2bin_len     |     10     |        10        |        
RUN-1001 :       merge_equal       |     on     |        on        |        
RUN-1001 :       merge_equiv       |     on     |        on        |        
RUN-1001 :        merge_mux        |    off     |       off        |        
RUN-1001 :     min_control_set     |     8      |        8         |        
RUN-1001 :      min_ripple_len     |    auto    |       auto       |        
RUN-1001 :       oh2bin_ratio      |    0.08    |       0.08       |        
RUN-1001 :     opt_adder_fanout    |     on     |        on        |        
RUN-1001 :        opt_arith        |     on     |        on        |        
RUN-1001 :       opt_big_gate      |    off     |       off        |        
RUN-1001 :        opt_const        |     on     |        on        |        
RUN-1001 :      opt_const_mult     |     on     |        on        |        
RUN-1001 :       opt_lessthan      |     on     |        on        |        
RUN-1001 :         opt_mux         |    off     |       off        |        
RUN-1001 :         opt_ram         |    high    |       high       |        
RUN-1001 :      rtl_sim_model      |    off     |       off        |        
RUN-1001 :         seq_syn         |     on     |        on        |        
RUN-1001 : --------------------------------------------------------------
SYN-1012 : SanityCheck: Model "sd_bmp_hdmi"
SYN-1012 : SanityCheck: Model "CW_TOP_WRAPPER"
SYN-1012 : SanityCheck: Model "cwc_top(BUS_NUM=5,BUS_CTRL_NUM=36,BUS_WIDTH='{32'sb01,32'sb01,32'sb01,32'sb01,32'sb0100},BUS_DIN_POS='{32'sb0,32'sb01,32'sb010,32'sb011,32'sb0100},BUS_CTRL_POS='{32'sb0,32'sb0110,32'sb01100,32'sb010010,32'sb011000})"
SYN-1012 : SanityCheck: Model "cwc_cfg_int(CTRL_REG_LEN=58)"
SYN-1012 : SanityCheck: Model "register(CTRL_REG_LEN=58)"
SYN-1012 : SanityCheck: Model "tap"
SYN-1012 : SanityCheck: Model "trigger(BUS_NUM=5,BUS_CTRL_NUM=36,BUS_WIDTH='{32'sb01,32'sb01,32'sb01,32'sb01,32'sb0100},BUS_DIN_POS='{32'sb0,32'sb01,32'sb010,32'sb011,32'sb0100},BUS_CTRL_POS='{32'sb0,32'sb0110,32'sb01100,32'sb010010,32'sb011000})"
SYN-1012 : SanityCheck: Model "bus_top(BUS_NODE_NUM=5,BUS_CTRL_NUM=36,BUS_WIDTH='{32'sb01,32'sb01,32'sb01,32'sb01,32'sb0100},BUS_DIN_POS='{32'sb0,32'sb01,32'sb010,32'sb011,32'sb0100},BUS_CTRL_POS='{32'sb0,32'sb0110,32'sb01100,32'sb010010,32'sb011000})"
SYN-1012 : SanityCheck: Model "bus_det(BUS_WIDTH=32'sb01)"
SYN-1012 : SanityCheck: Model "bus_det(BUS_WIDTH=32'sb0100)"
SYN-1012 : SanityCheck: Model "emb_ctrl"
SYN-1011 : Flatten model sd_bmp_hdmi
SYN-1032 : 5613/19 useful/useless nets, 4093/14 useful/useless insts
SYN-1016 : Merged 28 instances.
SYN-1032 : 5434/8 useful/useless nets, 4362/8 useful/useless insts
SYN-1014 : Optimize round 1
SYN-1032 : 5418/16 useful/useless nets, 4350/12 useful/useless insts
SYN-1021 : Optimized 1 onehot mux instances.
SYN-1020 : Optimized 1 distributor mux.
SYN-1019 : Optimized 1 mux instances.
SYN-1015 : Optimize round 1, 252 better
SYN-1014 : Optimize round 2
SYN-1032 : 5270/15 useful/useless nets, 4202/16 useful/useless insts
SYN-1015 : Optimize round 2, 32 better
SYN-1014 : Optimize round 1
SYN-1015 : Optimize round 1, 0 better
RUN-1002 : start command "optimize_gate -no_sch"
RUN-1001 : Open license file F:/ARMChina/license/Anlogic.lic
RUN-1001 : Print Global Property
RUN-1001 : ---------------------------------------------------------------
RUN-1001 :        Parameters        |  Settings  |  Default Values  |  Note  
RUN-1001 : ---------------------------------------------------------------
RUN-1001 :          message         |  standard  |     standard     |        
RUN-1001 :   mixed_pack_place_flow  |     on     |        on        |        
RUN-1001 :        qor_monitor       |    off     |       off        |        
RUN-1001 :        syn_ip_flow       |    off     |       off        |        
RUN-1001 :          thread          |    auto    |       auto       |        
RUN-1001 : ---------------------------------------------------------------
RUN-1001 : Print Gate Property
RUN-1001 : ------------------------------------------------------------------
RUN-1001 :          Parameters         |  Settings  |  Default Values  |  Note  
RUN-1001 : ------------------------------------------------------------------
RUN-1001 :         cascade_dsp         |    off     |       off        |        
RUN-1001 :         cascade_eram        |    off     |       off        |        
RUN-1001 :        gate_sim_model       |    off     |       off        |        
RUN-1001 :        map_sim_model        |    off     |       off        |        
RUN-1001 :         map_strategy        |     1      |        1         |        
RUN-1001 :           opt_area          |   medium   |      medium      |        
RUN-1001 :          opt_timing         |    auto    |       auto       |        
RUN-1001 :         pack_effort         |   medium   |      medium      |        
RUN-1001 :      pack_lslice_ripple     |     on     |        on        |        
RUN-1001 :   pack_lslice_ripple_ratio  |    0.5     |       0.5        |        
RUN-1001 :        pack_seq_in_io       |    auto    |       auto       |        
RUN-1001 :        ph1_mux_ratio        |    1.0     |       1.0        |        
RUN-1001 :            report           |  standard  |     standard     |        
RUN-1001 :           retiming          |    off     |       off        |        
RUN-1001 : ------------------------------------------------------------------
SYN-2001 : Map 12 IOs to PADs
RUN-1002 : start command "update_pll_param -module sd_bmp_hdmi"
SYN-2501 : Processed 0 LOGIC_BUF instances.
SYN-2512 : LOGIC BRAM "auto_chipwatcher_0_logicbram"
SYN-2571 : Optimize after map_dsp, round 1
SYN-2571 : Optimize after map_dsp, round 1, 0 better
SYN-1001 : Throwback 3 control mux instances
SYN-2501 : Optimize round 1
SYN-1016 : Merged 4 instances.
SYN-2501 : Optimize round 1, 10 better
SYN-2501 : Optimize round 2
SYN-2501 : Optimize round 2, 0 better
SYN-2501 : Map 12 macro adder
SYN-1019 : Optimized 5 mux instances.
SYN-1016 : Merged 9 instances.
SYN-1032 : 5580/2 useful/useless nets, 4513/1 useful/useless insts
RUN-1002 : start command "start_timer -prepack"
TMR-2505 : Start building timing graph for model sd_bmp_hdmi.
TMR-2506 : Build timing graph completely. Port num: 9, tpin num: 20137, tnet num: 5580, tinst num: 4512, tnode num: 25878, tedge num: 33242.
TMR-2508 : Levelizing timing graph completed, there are 51 levels in total.
TMR-2501 : Timing graph initialized successfully.
TMR-2503 : Start to update net delay, extr mode = 2.
TMR-2504 : Update delay of 5580 nets completely.
TMR-2502 : Annotate delay completely, extr mode = 2.
TMR-3001 : Initiate 0 clocks from SDC.
TMR-3004 : Map sdc constraints, there are 8 constraints in total.
TMR-3003 : Constraints initiated successfully.
TMR-3501 : Forward propagation: start to calculate arrival time...
TMR-3502 : Backward propagation: start to calculate required time...
TMR-3503 : Timing propagation completes.
SYN-3001 : Running gate level optimization.
SYN-2581 : Mapping with K=5, #lut = 129 (4.02), #lev = 6 (2.34)
SYN-2551 : Post LUT mapping optimization.
SYN-2581 : Mapping with K=5, #lut = 125 (4.13), #lev = 6 (2.31)
SYN-3001 : Logic optimization runtime opt =   0.02 sec, map =   0.00 sec
SYN-3001 : Mapper mapped 370 instances into 125 LUTs, name keeping = 79%.
SYN-1001 : Packing model "sd_bmp_hdmi" ...
SYN-4010 : Pack lib has 58 rtl pack models with 25 top pack blocks
SYN-1014 : Optimize round 1
SYN-1015 : Optimize round 1, 0 better
SYN-4002 : Packing 221 DFF/LATCH to SEQ ...
SYN-4009 : Pack 6 carry chain into lslice
SYN-4007 : Packing 81 adder to BLE ...
SYN-4008 : Packed 81 adder and 0 SEQ to BLE.
SYN-4007 : Packing 0 gate4 to BLE ...
SYN-4008 : Packed 0 gate4 and 0 SEQ to BLE.
SYN-4012 : Packed 0 FxMUX
RUN-1003 : finish command "optimize_gate -no_sch" in  1.126085s wall, 0.921875s user + 0.015625s system = 0.937500s CPU (83.3%)

RUN-1004 : used memory is 174 MB, reserved memory is 138 MB, peak memory is 209 MB
RUN-1002 : start command "legalize_phy_inst"
SYN-1011 : Flatten model sd_bmp_hdmi
KIT-1004 : Compile Chipwatcher: Clear obsolete physical data.
RUN-1003 : finish command "compile_watcher" in  1.973415s wall, 1.640625s user + 0.015625s system = 1.656250s CPU (83.9%)

RUN-1004 : used memory is 174 MB, reserved memory is 138 MB, peak memory is 209 MB
RUN-1002 : start command "place"
RUN-1001 : Open license file F:/ARMChina/license/Anlogic.lic
RUN-1001 : Print Global Property
RUN-1001 : ---------------------------------------------------------------
RUN-1001 :        Parameters        |  Settings  |  Default Values  |  Note  
RUN-1001 : ---------------------------------------------------------------
RUN-1001 :          message         |  standard  |     standard     |        
RUN-1001 :   mixed_pack_place_flow  |     on     |        on        |        
RUN-1001 :        qor_monitor       |    off     |       off        |        
RUN-1001 :        syn_ip_flow       |    off     |       off        |        
RUN-1001 :          thread          |    auto    |       auto       |        
RUN-1001 : ---------------------------------------------------------------
RUN-1001 : Print Place Property
RUN-1001 : --------------------------------------------------------------
RUN-1001 :        Parameters       |  Settings  |  Default Values  |  Note  
RUN-1001 : --------------------------------------------------------------
RUN-1001 :      detailed_place     |     on     |        on        |        
RUN-1001 :          effort         |   medium   |      medium      |        
RUN-1001 :         fix_hold        |    off     |       off        |        
RUN-1001 :       legalization      |    ori     |       ori        |        
RUN-1001 :      new_spreading      |     on     |        on        |        
RUN-1001 :        opt_timing       |   medium   |      medium      |        
RUN-1001 :   post_clock_route_opt  |    off     |       off        |        
RUN-1001 :       pr_strategy       |     1      |        1         |        
RUN-1001 :        relaxation       |    1.00    |       1.00       |        
RUN-1001 :         retiming        |    off     |       off        |        
RUN-1001 : --------------------------------------------------------------
PHY-3001 : Placer runs in 16 thread(s).
RUN-1002 : start command "legalize_phy_inst"
SYN-1011 : Flatten model sd_bmp_hdmi
RUN-1002 : start command "phys_opt -simplify_lut"
SYN-4016 : Net u_ddr3_top/u_sdram_fifo_ctrl/clk_ref driven by BUFG (271 clock/control pins, 1 other pins).
SYN-4016 : Net u_clk_wiz_1/clk0_out driven by BUFG (58 clock/control pins, 1 other pins).
SYN-4016 : Net config_inst_syn_10 driven by BUFG (133 clock/control pins, 0 other pins).
SYN-4027 : Net u_ddr3_top/clk_sdram is clkc1 of pll u_clk_wiz_0/pll_inst.
SYN-4027 : Net u_ddr3_top/u_sdram_fifo_ctrl/wrfifo/clkw is clkc3 of pll u_clk_wiz_0/pll_inst.
SYN-4027 : Net u_sd_ctrl_top/u_sd_read/clk_ref_180deg is clkc4 of pll u_clk_wiz_0/pll_inst.
SYN-4019 : Net sys_clk_dup_1 is refclk of pll u_clk_wiz_0/pll_inst.
SYN-4020 : Net sys_clk_dup_1 is fbclk of pll u_clk_wiz_0/pll_inst.
SYN-4027 : Net u_hdmi_top/debayer_m/pclk is clkc1 of pll u_clk_wiz_1/pll_inst.
SYN-4019 : Net sys_clk_dup_1 is refclk of pll u_clk_wiz_1/pll_inst.
SYN-4020 : Net sys_clk_dup_1 is fbclk of pll u_clk_wiz_1/pll_inst.
SYN-4024 : Net "u_sd_ctrl_top/u_sd_init/div_clk" drives clk pins.
SYN-4025 : Tag rtl::Net config_inst_syn_10 as clock net
SYN-4025 : Tag rtl::Net sys_clk_dup_1 as clock net
SYN-4025 : Tag rtl::Net u_clk_wiz_1/clk0_out as clock net
SYN-4025 : Tag rtl::Net u_ddr3_top/clk_sdram as clock net
SYN-4025 : Tag rtl::Net u_ddr3_top/u_sdram_fifo_ctrl/clk_ref as clock net
SYN-4025 : Tag rtl::Net u_ddr3_top/u_sdram_fifo_ctrl/wrfifo/clkw as clock net
SYN-4025 : Tag rtl::Net u_hdmi_top/debayer_m/pclk as clock net
SYN-4025 : Tag rtl::Net u_sd_ctrl_top/u_sd_init/div_clk as clock net
SYN-4025 : Tag rtl::Net u_sd_ctrl_top/u_sd_read/clk_ref_180deg as clock net
SYN-4026 : Tagged 9 rtl::Net as clock net
SYN-4015 : Create BUFG instance for clk Net u_sd_ctrl_top/u_sd_init/div_clk to drive 101 clock pins.
PHY-1001 : Populate physical database on model sd_bmp_hdmi.
RUN-1001 : There are total 3997 instances
RUN-0007 : 1466 luts, 1735 seqs, 452 mslices, 252 lslices, 71 pads, 12 brams, 0 dsps
RUN-1001 : There are total 5064 nets
RUN-1001 : 3393 nets have 2 pins
RUN-1001 : 1297 nets have [3 - 5] pins
RUN-1001 : 224 nets have [6 - 10] pins
RUN-1001 : 109 nets have [11 - 20] pins
RUN-1001 : 30 nets have [21 - 99] pins
RUN-1001 : 11 nets have 100+ pins
RUN-1001 : Report Control nets information:
RUN-1001 : DFF Distribution
RUN-1001 : ----------------------------------
RUN-1001 :   CE   |  SSR  |  ASR  |  DFF Count  
RUN-1001 : ----------------------------------
RUN-1001 :   No   |  No   |  No   |     123     
RUN-1001 :   No   |  No   |  Yes  |    1098     
RUN-1001 :   No   |  Yes  |  No   |     64      
RUN-1001 :   Yes  |  No   |  No   |     19      
RUN-1001 :   Yes  |  No   |  Yes  |     431     
RUN-1001 :   Yes  |  Yes  |  No   |      0      
RUN-1001 : ----------------------------------
RUN-0007 : Control Group Statistic
RUN-0007 : ---------------------------
RUN-0007 :   #CLK  |  #CE  |  #SSR/ASR  
RUN-0007 : ---------------------------
RUN-0007 :    9    |  22   |     14     
RUN-0007 : ---------------------------
RUN-0007 : Control Set = 44
PHY-3001 : Initial placement ...
PHY-3001 : design contains 3995 instances, 1466 luts, 1735 seqs, 704 slices, 163 macros(704 instances: 452 mslices 252 lslices)
PHY-0007 : Cell area utilization is 14%
PHY-3001 : Start timing update ...
RUN-1002 : start command "start_timer -report"
TMR-2505 : Start building timing graph for model sd_bmp_hdmi.
TMR-2506 : Build timing graph completely. Port num: 9, tpin num: 19015, tnet num: 5062, tinst num: 3995, tnode num: 24657, tedge num: 32128.
TMR-2508 : Levelizing timing graph completed, there are 29 levels in total.
TMR-2501 : Timing graph initialized successfully.
TMR-2503 : Start to update net delay, extr mode = 2.
TMR-2504 : Update delay of 5062 nets completely.
TMR-2502 : Annotate delay completely, extr mode = 2.
TMR-3001 : Initiate 0 clocks from SDC.
TMR-3004 : Map sdc constraints, there are 8 constraints in total.
TMR-3003 : Constraints initiated successfully.
TMR-3501 : Forward propagation: start to calculate arrival time...
TMR-3502 : Backward propagation: start to calculate required time...
TMR-3503 : Timing propagation completes.
PHY-3001 : End timing update;  0.691748s wall, 0.515625s user + 0.000000s system = 0.515625s CPU (74.5%)

PHY-3001 : Global placement ...
PHY-3001 : Initial: Len = 1.13622e+06
PHY-3001 : Clustering ...
PHY-3001 : Level 0 #clusters 3995.
PHY-3001 : End clustering;  0.000047s wall, 0.000000s user + 0.000000s system = 0.000000s CPU (n/a%)

PHY-3001 : Run with size of 4
PHY-3001 : Cell area utilization is 14%
PHY-3001 : :::0::: Try harder cell spreading with beta_ = 0
PHY-3002 : Step(1): len = 775205, overlap = 31.5
PHY-3002 : Step(2): len = 616727, overlap = 22.5
PHY-3002 : Step(3): len = 399200, overlap = 24.75
PHY-3002 : Step(4): len = 346251, overlap = 26.1562
PHY-3002 : Step(5): len = 295723, overlap = 39.5312
PHY-3002 : Step(6): len = 260087, overlap = 43.4688
PHY-3002 : Step(7): len = 232950, overlap = 58.875
PHY-3002 : Step(8): len = 207549, overlap = 74.1875
PHY-3002 : Step(9): len = 188021, overlap = 80.6562
PHY-3002 : Step(10): len = 170495, overlap = 89.1562
PHY-3002 : Step(11): len = 159431, overlap = 101.094
PHY-3002 : Step(12): len = 146876, overlap = 107.219
PHY-3002 : Step(13): len = 135185, overlap = 114.438
PHY-3002 : Step(14): len = 131690, overlap = 110.25
PHY-3002 : Step(15): len = 121514, overlap = 114.75
PHY-3002 : Step(16): len = 115383, overlap = 117.844
PHY-3002 : Step(17): len = 111902, overlap = 111.469
PHY-3001 : :::1::: Try harder cell spreading with beta_ = 4.75345e-05
PHY-3002 : Step(18): len = 115524, overlap = 94.2188
PHY-3002 : Step(19): len = 117909, overlap = 85.6562
PHY-3002 : Step(20): len = 120031, overlap = 82.7188
PHY-3002 : Step(21): len = 119693, overlap = 61.625
PHY-3002 : Step(22): len = 122917, overlap = 52.9375
PHY-3002 : Step(23): len = 122664, overlap = 53
PHY-3002 : Step(24): len = 122087, overlap = 53.5938
PHY-3002 : Step(25): len = 117125, overlap = 46.5312
PHY-3002 : Step(26): len = 113290, overlap = 49.5
PHY-3002 : Step(27): len = 109837, overlap = 52.875
PHY-3002 : Step(28): len = 108874, overlap = 52.2812
PHY-3002 : Step(29): len = 107706, overlap = 53.2188
PHY-3002 : Step(30): len = 107238, overlap = 56.1875
PHY-3002 : Step(31): len = 106628, overlap = 54.375
PHY-3002 : Step(32): len = 105998, overlap = 53.0625
PHY-3001 : :::2::: Try harder cell spreading with beta_ = 9.50689e-05
PHY-3002 : Step(33): len = 105701, overlap = 53.0625
PHY-3002 : Step(34): len = 105585, overlap = 47.375
PHY-3002 : Step(35): len = 105454, overlap = 49.2812
PHY-3001 : :::3::: Try harder cell spreading with beta_ = 0.000190138
PHY-3002 : Step(36): len = 105806, overlap = 53.5625
PHY-3002 : Step(37): len = 105992, overlap = 52.0938
PHY-3002 : Step(38): len = 106792, overlap = 47.2812
PHY-3002 : Step(39): len = 111925, overlap = 41.2812
PHY-3002 : Step(40): len = 116065, overlap = 32.1562
PHY-3002 : Step(41): len = 117156, overlap = 30.0312
PHY-3002 : Step(42): len = 117029, overlap = 30.1562
PHY-3002 : Step(43): len = 116908, overlap = 30.3125
PHY-3001 : :::4::: Try harder cell spreading with beta_ = 0.000380276
PHY-3002 : Step(44): len = 116983, overlap = 30.5625
PHY-3002 : Step(45): len = 116948, overlap = 30.625
PHY-3002 : Step(46): len = 116809, overlap = 30.9375
PHY-3001 : :::5::: Try harder cell spreading with beta_ = 0.000760551
PHY-3002 : Step(47): len = 116567, overlap = 31.875
PHY-3002 : Step(48): len = 116391, overlap = 32.3125
PHY-3001 : Legalization ...
PHY-3001 : End legalization;  0.022901s wall, 0.000000s user + 0.031250s system = 0.031250s CPU (136.5%)

PHY-3001 : Run with size of 4
PHY-3001 : Cell area utilization is 18%
PHY-3001 : Update timing in Manhattan mode ...
TMR-2503 : Start to update net delay, extr mode = 3.
TMR-2504 : Update delay of 5062 nets completely.
TMR-2502 : Annotate delay completely, extr mode = 3.
TMR-3501 : Forward propagation: start to calculate arrival time...
TMR-3502 : Backward propagation: start to calculate required time...
TMR-3503 : Timing propagation completes.
PHY-3001 : End timing update;  0.095415s wall, 0.078125s user + 0.000000s system = 0.078125s CPU (81.9%)

PHY-3001 : :::0::: Try harder cell spreading with beta_ = 1.06004e-05
PHY-3002 : Step(49): len = 109177, overlap = 98.75
PHY-3002 : Step(50): len = 109030, overlap = 99.3438
PHY-3002 : Step(51): len = 106950, overlap = 102.219
PHY-3002 : Step(52): len = 106658, overlap = 102.438
PHY-3002 : Step(53): len = 105008, overlap = 97.2812
PHY-3002 : Step(54): len = 105340, overlap = 95.8125
PHY-3002 : Step(55): len = 99867.3, overlap = 96.6875
PHY-3002 : Step(56): len = 99879.1, overlap = 96.8438
PHY-3002 : Step(57): len = 98661.6, overlap = 100.031
PHY-3002 : Step(58): len = 98509.2, overlap = 103
PHY-3002 : Step(59): len = 98347.9, overlap = 103.094
PHY-3001 : :::1::: Try harder cell spreading with beta_ = 2.12009e-05
PHY-3002 : Step(60): len = 98409.1, overlap = 103.375
PHY-3002 : Step(61): len = 98531, overlap = 102.156
PHY-3002 : Step(62): len = 98654.4, overlap = 101.219
PHY-3001 : :::2::: Try harder cell spreading with beta_ = 4.24018e-05
PHY-3002 : Step(63): len = 100579, overlap = 97.6562
PHY-3002 : Step(64): len = 100885, overlap = 99.0625
PHY-3002 : Step(65): len = 103019, overlap = 85.8438
PHY-3002 : Step(66): len = 100558, overlap = 86.8125
PHY-3002 : Step(67): len = 100388, overlap = 86.0625
PHY-3002 : Step(68): len = 99551, overlap = 89.75
PHY-3001 : Run with size of 2
PHY-3001 : Cell area utilization is 18%
PHY-3001 : Update timing in Manhattan mode ...
TMR-2503 : Start to update net delay, extr mode = 3.
TMR-2504 : Update delay of 5062 nets completely.
TMR-2502 : Annotate delay completely, extr mode = 3.
TMR-3501 : Forward propagation: start to calculate arrival time...
TMR-3502 : Backward propagation: start to calculate required time...
TMR-3503 : Timing propagation completes.
PHY-3001 : End timing update;  0.091992s wall, 0.046875s user + 0.000000s system = 0.046875s CPU (51.0%)

PHY-3001 : :::0::: Try harder cell spreading with beta_ = 1.60558e-05
PHY-3002 : Step(69): len = 101752, overlap = 196.375
PHY-3002 : Step(70): len = 102054, overlap = 195.062
PHY-3002 : Step(71): len = 102031, overlap = 180.188
PHY-3002 : Step(72): len = 102065, overlap = 178.719
PHY-3002 : Step(73): len = 102130, overlap = 164.719
PHY-3002 : Step(74): len = 103126, overlap = 157.469
PHY-3002 : Step(75): len = 101724, overlap = 153.312
PHY-3002 : Step(76): len = 101513, overlap = 151.719
PHY-3002 : Step(77): len = 100733, overlap = 150.625
PHY-3001 : :::1::: Try harder cell spreading with beta_ = 3.21115e-05
PHY-3002 : Step(78): len = 100895, overlap = 151.188
PHY-3002 : Step(79): len = 100954, overlap = 151.156
PHY-3002 : Step(80): len = 101150, overlap = 149.156
PHY-3001 : :::2::: Try harder cell spreading with beta_ = 6.4223e-05
PHY-3002 : Step(81): len = 103242, overlap = 142.25
PHY-3002 : Step(82): len = 103840, overlap = 140.656
PHY-3002 : Step(83): len = 105939, overlap = 129.719
PHY-3001 : :::3::: Try harder cell spreading with beta_ = 0.000128446
PHY-3002 : Step(84): len = 106768, overlap = 122.094
PHY-3002 : Step(85): len = 106768, overlap = 122.094
PHY-3002 : Step(86): len = 107038, overlap = 121.625
PHY-3002 : Step(87): len = 107038, overlap = 121.625
PHY-3002 : Step(88): len = 107050, overlap = 114.844
PHY-3001 : :::4::: Try harder cell spreading with beta_ = 0.000256892
PHY-3002 : Step(89): len = 109793, overlap = 105.969
PHY-3002 : Step(90): len = 110928, overlap = 103.406
PHY-3002 : Step(91): len = 112006, overlap = 96.7812
OPT-1001 : Start physical optimization ...
RUN-1002 : start command "start_timer -report"
TMR-2505 : Start building timing graph for model sd_bmp_hdmi.
TMR-2506 : Build timing graph completely. Port num: 9, tpin num: 19015, tnet num: 5062, tinst num: 3995, tnode num: 24657, tedge num: 32128.
TMR-2508 : Levelizing timing graph completed, there are 29 levels in total.
TMR-2501 : Timing graph initialized successfully.
OPT-1001 : Total overflow 298.38 peak overflow 4.06
OPT-1001 : Start high-fanout net optimization ...
OPT-1001 : Update timing in global mode
PHY-1001 : Start incremental global routing, caller is place ...
RUN-1001 : Generating global routing grids ...
RUN-1001 : Building simple global routing graph ...
PHY-1001 : Generate routing nets ...
PHY-1001 : Reuse net number 0/5064.
PHY-1001 : Global iterations in 16 thread ...
PHY-1002 : len = 126784, over cnt = 594(1%), over = 2521, worst = 23
PHY-1001 : End global iterations;  0.262898s wall, 0.140625s user + 0.000000s system = 0.140625s CPU (53.5%)

PHY-1001 : Congestion index: top1 = 53.43, top5 = 37.50, top10 = 29.02, top15 = 23.59.
PHY-1001 : End incremental global routing;  0.359834s wall, 0.156250s user + 0.031250s system = 0.187500s CPU (52.1%)

TMR-2503 : Start to update net delay, extr mode = 5.
TMR-2504 : Update delay of 5062 nets completely.
TMR-2502 : Annotate delay completely, extr mode = 5.
TMR-3001 : Initiate 0 clocks from SDC.
TMR-3004 : Map sdc constraints, there are 8 constraints in total.
TMR-3003 : Constraints initiated successfully.
TMR-3501 : Forward propagation: start to calculate arrival time...
TMR-3502 : Backward propagation: start to calculate required time...
TMR-3503 : Timing propagation completes.
OPT-1001 : End timing update;  0.136803s wall, 0.078125s user + 0.000000s system = 0.078125s CPU (57.1%)

OPT-1001 : 0 high-fanout net processed.
OPT-1001 : End high-fanout net optimization;  0.589410s wall, 0.296875s user + 0.031250s system = 0.328125s CPU (55.7%)

OPT-1001 : Current memory(MB): used = 259, reserve = 223, peak = 259.
OPT-1001 : Start global optimization ...
OPT-1001 : Start congestion update ...
RUN-1001 : Generating global routing grids ...
PHY-1001 : Generate routing nets ...
PHY-1001 : Reuse net number 3652/5064.
PHY-1001 : Global iterations in 16 thread ...
PHY-1002 : len = 126784, over cnt = 594(1%), over = 2521, worst = 23
PHY-1002 : len = 143392, over cnt = 433(1%), over = 1115, worst = 20
PHY-1002 : len = 153232, over cnt = 144(0%), over = 350, worst = 15
PHY-1002 : len = 157576, over cnt = 40(0%), over = 42, worst = 2
PHY-1002 : len = 158480, over cnt = 0(0%), over = 0, worst = 0
PHY-1001 : End global iterations;  0.364838s wall, 0.234375s user + 0.000000s system = 0.234375s CPU (64.2%)

PHY-1001 : Congestion index: top1 = 47.95, top5 = 36.62, top10 = 30.37, top15 = 25.83.
OPT-1001 : End congestion update;  0.459528s wall, 0.296875s user + 0.000000s system = 0.296875s CPU (64.6%)

OPT-1001 : Update timing in Manhattan mode
TMR-2503 : Start to update net delay, extr mode = 3.
TMR-2504 : Update delay of 5062 nets completely.
TMR-2502 : Annotate delay completely, extr mode = 3.
TMR-3501 : Forward propagation: start to calculate arrival time...
TMR-3502 : Backward propagation: start to calculate required time...
TMR-3503 : Timing propagation completes.
OPT-1001 : End timing update;  0.105907s wall, 0.093750s user + 0.015625s system = 0.109375s CPU (103.3%)

OPT-0007 : Start: WNS 999120 TNS 0 NUM_FEPS 0
OPT-1001 : End global optimization;  0.565662s wall, 0.390625s user + 0.015625s system = 0.406250s CPU (71.8%)

OPT-1001 : Current memory(MB): used = 262, reserve = 227, peak = 262.
OPT-1001 : End physical optimization;  1.766005s wall, 1.218750s user + 0.046875s system = 1.265625s CPU (71.7%)

PHY-3001 : Start packing ...
SYN-4007 : Packing 0 MUX to BLE ...
SYN-4008 : Packed 0 MUX and 0 SEQ to BLE.
SYN-4007 : Packing 1466 LUT to BLE ...
SYN-4008 : Packed 1466 LUT and 910 SEQ to BLE.
SYN-4003 : Packing 825 remaining SEQ's ...
SYN-4005 : Packed 444 SEQ with LUT/SLICE
SYN-4006 : 258 single LUT's are left
SYN-4006 : 381 single SEQ's are left
SYN-4011 : Packing model "sd_bmp_hdmi" (AL_USER_NORMAL) with 1847/2803 primitive instances ...
PHY-3001 : End packing;  0.160202s wall, 0.125000s user + 0.000000s system = 0.125000s CPU (78.0%)

PHY-1001 : Populate physical database on model sd_bmp_hdmi.
RUN-1001 : There are total 1791 instances
RUN-1001 : 849 mslices, 850 lslices, 71 pads, 12 brams, 0 dsps
RUN-1001 : There are total 4252 nets
RUN-1001 : 2619 nets have 2 pins
RUN-1001 : 1247 nets have [3 - 5] pins
RUN-1001 : 244 nets have [6 - 10] pins
RUN-1001 : 103 nets have [11 - 20] pins
RUN-1001 : 31 nets have [21 - 99] pins
RUN-1001 : 8 nets have 100+ pins
PHY-3001 : design contains 1789 instances, 1699 slices, 163 macros(704 instances: 452 mslices 252 lslices)
PHY-3001 : Cell area utilization is 21%
PHY-3001 : After packing: Len = 114087, Over = 133.75
PHY-3001 : Run with size of 2
PHY-3001 : Cell area utilization is 21%
PHY-3001 : Update timing in Manhattan mode ...
RUN-1002 : start command "start_timer -report"
TMR-2505 : Start building timing graph for model sd_bmp_hdmi.
TMR-2506 : Build timing graph completely. Port num: 9, tpin num: 15820, tnet num: 4250, tinst num: 1789, tnode num: 19812, tedge num: 28403.
TMR-2508 : Levelizing timing graph completed, there are 29 levels in total.
TMR-2501 : Timing graph initialized successfully.
TMR-2503 : Start to update net delay, extr mode = 3.
TMR-2504 : Update delay of 4250 nets completely.
TMR-2502 : Annotate delay completely, extr mode = 3.
TMR-3001 : Initiate 0 clocks from SDC.
TMR-3004 : Map sdc constraints, there are 8 constraints in total.
TMR-3003 : Constraints initiated successfully.
TMR-3501 : Forward propagation: start to calculate arrival time...
TMR-3502 : Backward propagation: start to calculate required time...
TMR-3503 : Timing propagation completes.
PHY-3001 : End timing update;  0.743028s wall, 0.578125s user + 0.000000s system = 0.578125s CPU (77.8%)

PHY-3001 : :::0::: Try harder cell spreading with beta_ = 1.87407e-05
PHY-3002 : Step(92): len = 112305, overlap = 138.25
PHY-3002 : Step(93): len = 111853, overlap = 137.75
PHY-3002 : Step(94): len = 110158, overlap = 136
PHY-3002 : Step(95): len = 108892, overlap = 135
PHY-3002 : Step(96): len = 108355, overlap = 134.5
PHY-3002 : Step(97): len = 107675, overlap = 133
PHY-3001 : :::1::: Try harder cell spreading with beta_ = 3.74813e-05
PHY-3002 : Step(98): len = 109059, overlap = 128.25
PHY-3002 : Step(99): len = 109595, overlap = 127
PHY-3002 : Step(100): len = 112603, overlap = 118.75
PHY-3002 : Step(101): len = 113760, overlap = 115.75
PHY-3002 : Step(102): len = 113780, overlap = 112.25
PHY-3001 : :::2::: Try harder cell spreading with beta_ = 7.49627e-05
PHY-3002 : Step(103): len = 116451, overlap = 105
PHY-3002 : Step(104): len = 117017, overlap = 104.5
PHY-3002 : Step(105): len = 118194, overlap = 101.75
PHY-3002 : Step(106): len = 118470, overlap = 103.75
PHY-3002 : Step(107): len = 119174, overlap = 98
PHY-3001 : Legalization ...
PHY-3001 : End legalization;  0.483274s wall, 0.015625s user + 0.078125s system = 0.093750s CPU (19.4%)

PHY-3001 : Trial Legalized: Len = 148228
PHY-3001 : Run with size of 2
PHY-3001 : Cell area utilization is 21%
PHY-3001 : Update timing in Manhattan mode ...
TMR-2503 : Start to update net delay, extr mode = 3.
TMR-2504 : Update delay of 4250 nets completely.
TMR-2502 : Annotate delay completely, extr mode = 3.
TMR-3501 : Forward propagation: start to calculate arrival time...
TMR-3502 : Backward propagation: start to calculate required time...
TMR-3503 : Timing propagation completes.
PHY-3001 : End timing update;  0.100901s wall, 0.078125s user + 0.000000s system = 0.078125s CPU (77.4%)

PHY-3001 : :::0::: Try harder cell spreading with beta_ = 0.00018873
PHY-3002 : Step(108): len = 138040, overlap = 9
PHY-3002 : Step(109): len = 131679, overlap = 26.5
PHY-3002 : Step(110): len = 129203, overlap = 31
PHY-3002 : Step(111): len = 128309, overlap = 31
PHY-3002 : Step(112): len = 127228, overlap = 34.75
PHY-3002 : Step(113): len = 126922, overlap = 37
PHY-3002 : Step(114): len = 126689, overlap = 37.75
PHY-3001 : :::1::: Try harder cell spreading with beta_ = 0.000377461
PHY-3002 : Step(115): len = 128085, overlap = 37.25
PHY-3002 : Step(116): len = 128519, overlap = 35.25
PHY-3002 : Step(117): len = 128761, overlap = 35
PHY-3001 : :::2::: Try harder cell spreading with beta_ = 0.000754922
PHY-3002 : Step(118): len = 130122, overlap = 33.75
PHY-3002 : Step(119): len = 130779, overlap = 33
PHY-3002 : Step(120): len = 131598, overlap = 32
PHY-3001 : Legalization ...
PHY-3001 : End legalization;  0.011404s wall, 0.000000s user + 0.000000s system = 0.000000s CPU (n/a%)

PHY-3001 : Legalized: Len = 141085, Over = 0
PHY-3001 : Spreading special nets. 49 overflows in 2952 tiles.
PHY-3001 : End spreading;  0.025723s wall, 0.000000s user + 0.000000s system = 0.000000s CPU (n/a%)

PHY-3001 : 67 instances has been re-located, deltaX = 27, deltaY = 34, maxDist = 3.
PHY-3001 : Final: Len = 142673, Over = 0
PHY-3001 : BANK 6 DIFFRESISTOR:NONE VOD:350M VCM:1.2
OPT-1001 : Start physical optimization ...
RUN-1002 : start command "start_timer -report"
TMR-2505 : Start building timing graph for model sd_bmp_hdmi.
TMR-2506 : Build timing graph completely. Port num: 9, tpin num: 15820, tnet num: 4250, tinst num: 1790, tnode num: 19812, tedge num: 28403.
TMR-2508 : Levelizing timing graph completed, there are 29 levels in total.
TMR-2501 : Timing graph initialized successfully.
OPT-1001 : Total overflow 0.00 peak overflow 0.00
OPT-1001 : Start high-fanout net optimization ...
OPT-1001 : Update timing in global mode
PHY-1001 : Start incremental global routing, caller is place ...
RUN-1001 : Generating global routing grids ...
PHY-1001 : Generate routing nets ...
PHY-1001 : Reuse net number 138/4252.
PHY-1001 : Global iterations in 16 thread ...
PHY-1002 : len = 165976, over cnt = 443(1%), over = 800, worst = 7
PHY-1002 : len = 169808, over cnt = 239(0%), over = 342, worst = 6
PHY-1002 : len = 173744, over cnt = 35(0%), over = 44, worst = 4
PHY-1002 : len = 174272, over cnt = 7(0%), over = 7, worst = 1
PHY-1002 : len = 174392, over cnt = 0(0%), over = 0, worst = 0
PHY-1001 : End global iterations;  0.447729s wall, 0.250000s user + 0.015625s system = 0.265625s CPU (59.3%)

PHY-1001 : Congestion index: top1 = 37.76, top5 = 30.34, top10 = 26.42, top15 = 23.78.
PHY-1001 : End incremental global routing;  0.565193s wall, 0.343750s user + 0.015625s system = 0.359375s CPU (63.6%)

TMR-2503 : Start to update net delay, extr mode = 5.
TMR-2504 : Update delay of 4250 nets completely.
TMR-2502 : Annotate delay completely, extr mode = 5.
TMR-3001 : Initiate 0 clocks from SDC.
TMR-3004 : Map sdc constraints, there are 8 constraints in total.
TMR-3003 : Constraints initiated successfully.
TMR-3501 : Forward propagation: start to calculate arrival time...
TMR-3502 : Backward propagation: start to calculate required time...
TMR-3503 : Timing propagation completes.
OPT-1001 : End timing update;  0.111131s wall, 0.062500s user + 0.000000s system = 0.062500s CPU (56.2%)

OPT-1001 : 0 high-fanout net processed.
OPT-1001 : End high-fanout net optimization;  0.753918s wall, 0.484375s user + 0.015625s system = 0.500000s CPU (66.3%)

OPT-1001 : Current memory(MB): used = 268, reserve = 233, peak = 268.
OPT-1001 : Start path based optimization ...
OPT-1001 : Start congestion update ...
RUN-1001 : Generating global routing grids ...
PHY-1001 : Generate routing nets ...
PHY-1001 : Reuse net number 3669/4252.
PHY-1001 : Global iterations in 16 thread ...
PHY-1002 : len = 174392, over cnt = 0(0%), over = 0, worst = 0
PHY-1001 : End global iterations;  0.023036s wall, 0.015625s user + 0.000000s system = 0.015625s CPU (67.8%)

PHY-1001 : Congestion index: top1 = 37.76, top5 = 30.34, top10 = 26.42, top15 = 23.78.
OPT-1001 : End congestion update;  0.114528s wall, 0.062500s user + 0.000000s system = 0.062500s CPU (54.6%)

OPT-1001 : Update timing in Manhattan mode
TMR-2503 : Start to update net delay, extr mode = 3.
TMR-2504 : Update delay of 4250 nets completely.
TMR-2502 : Annotate delay completely, extr mode = 3.
TMR-3501 : Forward propagation: start to calculate arrival time...
TMR-3502 : Backward propagation: start to calculate required time...
TMR-3503 : Timing propagation completes.
OPT-1001 : End timing update;  0.077953s wall, 0.046875s user + 0.000000s system = 0.046875s CPU (60.1%)

OPT-0007 : Start: WNS 998995 TNS 0 NUM_FEPS 0
OPT-1001 : End path based optimization;  0.192652s wall, 0.109375s user + 0.000000s system = 0.109375s CPU (56.8%)

OPT-1001 : Current memory(MB): used = 269, reserve = 234, peak = 269.
OPT-1001 : Update timing in Manhattan mode
TMR-2503 : Start to update net delay, extr mode = 3.
TMR-2504 : Update delay of 4250 nets completely.
TMR-2502 : Annotate delay completely, extr mode = 3.
TMR-3501 : Forward propagation: start to calculate arrival time...
TMR-3502 : Backward propagation: start to calculate required time...
TMR-3503 : Timing propagation completes.
OPT-1001 : End timing update;  0.077452s wall, 0.046875s user + 0.000000s system = 0.046875s CPU (60.5%)

OPT-1001 : Start pin optimization...
OPT-1001 : skip pin optimization...
RUN-1001 : Generating global routing grids ...
PHY-1001 : Generate routing nets ...
PHY-1001 : Reuse net number 3669/4252.
PHY-1001 : Global iterations in 16 thread ...
PHY-1002 : len = 174392, over cnt = 0(0%), over = 0, worst = 0
PHY-1001 : End global iterations;  0.016766s wall, 0.015625s user + 0.000000s system = 0.015625s CPU (93.2%)

PHY-1001 : Congestion index: top1 = 37.76, top5 = 30.34, top10 = 26.42, top15 = 23.78.
OPT-1001 : Update timing in Manhattan mode
TMR-2503 : Start to update net delay, extr mode = 3.
TMR-2504 : Update delay of 4250 nets completely.
TMR-2502 : Annotate delay completely, extr mode = 3.
TMR-3501 : Forward propagation: start to calculate arrival time...
TMR-3502 : Backward propagation: start to calculate required time...
TMR-3503 : Timing propagation completes.
OPT-1001 : End timing update;  0.078211s wall, 0.078125s user + 0.000000s system = 0.078125s CPU (99.9%)

RUN-1001 : QoR Analysis:
OPT-0007 :   WNS 998995 TNS 0 NUM_FEPS 0
RUN-1001 :   No local congestion issue, and most congested 1% tile average routing util is 37.344828
RUN-1001 :   Top critical paths
OPT-1001 : End physical optimization;  2.142024s wall, 1.578125s user + 0.015625s system = 1.593750s CPU (74.4%)

RUN-1003 : finish command "place" in  11.266760s wall, 5.984375s user + 1.406250s system = 7.390625s CPU (65.6%)

RUN-1004 : used memory is 253 MB, reserved memory is 218 MB, peak memory is 269 MB
RUN-1002 : start command "export_db SD-SDRAM-ISP-HDMI_place.db"
RUN-1001 : Exported /
RUN-1001 : Exported flow parameters
RUN-1001 : Exported libs
RUN-1001 : Exported entities
RUN-1001 : Exported ports
RUN-1001 : Exported pins
RUN-1001 : Exported instances
RUN-1001 : Exported nets
RUN-1001 : Exported buses
RUN-1001 : Exported models
RUN-1001 : Exported congestions
RUN-1001 : Exported violations
RUN-1001 : Exported timing constraints
RUN-1001 : Exported IO constraints
RUN-1001 : Exported Inst constraints
RUN-1001 : Exported ChipWatcher
RUN-1002 : start command "route"
RUN-1001 : Open license file F:/ARMChina/license/Anlogic.lic
RUN-1001 : Print Global Property
RUN-1001 : ---------------------------------------------------------------
RUN-1001 :        Parameters        |  Settings  |  Default Values  |  Note  
RUN-1001 : ---------------------------------------------------------------
RUN-1001 :          message         |  standard  |     standard     |        
RUN-1001 :   mixed_pack_place_flow  |     on     |        on        |        
RUN-1001 :        qor_monitor       |    off     |       off        |        
RUN-1001 :        syn_ip_flow       |    off     |       off        |        
RUN-1001 :          thread          |    auto    |       auto       |        
RUN-1001 : ---------------------------------------------------------------
RUN-1001 : Print Route Property
RUN-1001 : -------------------------------------------------------
RUN-1001 :    Parameters    |  Settings  |  Default Values  |  Note  
RUN-1001 : -------------------------------------------------------
RUN-1001 :      effort      |   medium   |      medium      |        
RUN-1001 :     fix_hold     |    off     |       off        |        
RUN-1001 :    opt_timing    |   medium   |      medium      |        
RUN-1001 :   phy_sim_model  |    off     |       off        |        
RUN-1001 :     priority     |   timing   |      timing      |        
RUN-1001 :     swap_pin     |     on     |        on        |        
RUN-1001 : -------------------------------------------------------
PHY-1001 : Route runs in 16 thread(s)
RUN-1001 : There are total 1792 instances
RUN-1001 : 849 mslices, 850 lslices, 71 pads, 12 brams, 0 dsps
RUN-1001 : There are total 4252 nets
RUN-1001 : 2619 nets have 2 pins
RUN-1001 : 1247 nets have [3 - 5] pins
RUN-1001 : 244 nets have [6 - 10] pins
RUN-1001 : 103 nets have [11 - 20] pins
RUN-1001 : 31 nets have [21 - 99] pins
RUN-1001 : 8 nets have 100+ pins
RUN-1002 : start command "start_timer -report"
TMR-2505 : Start building timing graph for model sd_bmp_hdmi.
TMR-2506 : Build timing graph completely. Port num: 9, tpin num: 15820, tnet num: 4250, tinst num: 1790, tnode num: 19812, tedge num: 28403.
TMR-2508 : Levelizing timing graph completed, there are 29 levels in total.
TMR-2501 : Timing graph initialized successfully.
PHY-1001 : 849 mslices, 850 lslices, 71 pads, 12 brams, 0 dsps
TMR-2503 : Start to update net delay, extr mode = 3.
TMR-2504 : Update delay of 4250 nets completely.
TMR-2502 : Annotate delay completely, extr mode = 3.
TMR-3001 : Initiate 0 clocks from SDC.
TMR-3004 : Map sdc constraints, there are 8 constraints in total.
TMR-3003 : Constraints initiated successfully.
TMR-3501 : Forward propagation: start to calculate arrival time...
TMR-3502 : Backward propagation: start to calculate required time...
TMR-3503 : Timing propagation completes.
PHY-1001 : Start global routing, caller is route ...
RUN-1001 : Generating global routing grids ...
PHY-1001 : Generate routing nets ...
PHY-1001 : Global iterations in 16 thread ...
PHY-1002 : len = 165056, over cnt = 450(1%), over = 816, worst = 7
PHY-1002 : len = 168888, over cnt = 238(0%), over = 357, worst = 7
PHY-1002 : len = 172656, over cnt = 66(0%), over = 81, worst = 4
PHY-1002 : len = 173664, over cnt = 1(0%), over = 1, worst = 1
PHY-1002 : len = 173712, over cnt = 0(0%), over = 0, worst = 0
PHY-1001 : End global iterations;  0.444310s wall, 0.125000s user + 0.000000s system = 0.125000s CPU (28.1%)

PHY-1001 : Congestion index: top1 = 37.82, top5 = 30.57, top10 = 26.56, top15 = 23.83.
PHY-1001 : End global routing;  0.545533s wall, 0.218750s user + 0.000000s system = 0.218750s CPU (40.1%)

PHY-1001 : Start detail routing ...
PHY-1001 : Current memory(MB): used = 285, reserve = 251, peak = 302.
PHY-1001 : Detailed router is running in normal mode.
PHY-1001 : Generate detailed routing grids ...
PHY-1001 : Generate nets ...
PHY-1001 : net sys_clk_dup_1 will be routed on clock mesh
PHY-1001 : clock net u_clk_wiz_1/clk0_out will be merged with clock u_clk_wiz_1/clk0_buf
PHY-1001 : net u_ddr3_top/clk_sdram will be routed on clock mesh
PHY-1001 : clock net u_ddr3_top/u_sdram_fifo_ctrl/clk_ref will be merged with clock u_clk_wiz_0/clk0_buf
PHY-1001 : net u_ddr3_top/u_sdram_fifo_ctrl/wrfifo/clkw will be routed on clock mesh
PHY-1001 : net u_hdmi_top/debayer_m/pclk will be routed on clock mesh
PHY-1001 : clock net config_inst_syn_10 will be merged with clock config_inst_syn_9
PHY-1001 : clock net u_sd_ctrl_top/u_sd_init/div_clk_syn_4 will be merged with clock u_sd_ctrl_top/u_sd_init/div_clk
PHY-1001 : net u_sd_ctrl_top/u_sd_read/clk_ref_180deg will be routed on clock mesh
PHY-1001 : Current memory(MB): used = 555, reserve = 526, peak = 555.
PHY-1001 : End build detailed router design. 3.671116s wall, 3.000000s user + 0.031250s system = 3.031250s CPU (82.6%)

PHY-1001 : Detail Route ...
PHY-1001 : ===== Detail Route Phase 1 =====
PHY-1001 : Clock net routing.....
PHY-1001 : Routed 0% nets.
PHY-1022 : len = 55128, over cnt = 0(0%), over = 0, worst = 0, crit = 0
PHY-1001 : End initial clock net routed; 3.242839s wall, 3.078125s user + 0.031250s system = 3.109375s CPU (95.9%)

PHY-1001 : Current memory(MB): used = 588, reserve = 559, peak = 588.
PHY-1001 : End phase 1; 3.248655s wall, 3.093750s user + 0.031250s system = 3.125000s CPU (96.2%)

PHY-1001 : ===== Detail Route Phase 2 =====
PHY-1001 : Initial routing.....
PHY-1001 : Routed 38% nets.
PHY-1001 : Routed 44% nets.
PHY-1001 : Routed 54% nets.
PHY-1001 : Routed 66% nets.
PHY-1001 : Routed 86% nets.
PHY-1022 : len = 436056, over cnt = 113(0%), over = 113, worst = 1, crit = 0
PHY-1001 : Current memory(MB): used = 589, reserve = 560, peak = 589.
PHY-1001 : End initial routed; 5.474303s wall, 3.203125s user + 0.015625s system = 3.218750s CPU (58.8%)

PHY-1001 : Update timing.....
PHY-1001 : 0/3697(0%) critical/total net(s).
RUN-1001 : ------------------------------------------
RUN-1001 :   Type   |    WNS(ns)    |  TNS(ns)  |  FEP  
RUN-1001 : ------------------------------------------
RUN-1001 :   Setup  |    998.546    |   0.000   |   0   
RUN-1001 :   Hold   |  2147483.647  |   0.000   |   0   
RUN-1001 : ------------------------------------------
PHY-1001 : End update timing; 0.797360s wall, 0.703125s user + 0.000000s system = 0.703125s CPU (88.2%)

PHY-1001 : Current memory(MB): used = 594, reserve = 565, peak = 594.
PHY-1001 : End phase 2; 6.271833s wall, 3.906250s user + 0.015625s system = 3.921875s CPU (62.5%)

PHY-1001 : ===== Detail Route Phase 3 =====
PHY-1001 : Optimize timing.....
PHY-1022 : len = 436056, over cnt = 113(0%), over = 113, worst = 1, crit = 0
PHY-1001 : End optimize timing; 0.018829s wall, 0.015625s user + 0.000000s system = 0.015625s CPU (83.0%)

PHY-1001 : Ripup-reroute.....
PHY-1001 : ===== DR Iter 1 =====
PHY-1022 : len = 435016, over cnt = 39(0%), over = 40, worst = 2, crit = 0
PHY-1001 : End DR Iter 1; 0.108740s wall, 0.078125s user + 0.000000s system = 0.078125s CPU (71.8%)

PHY-1001 : ===== DR Iter 2 =====
PHY-1022 : len = 434808, over cnt = 7(0%), over = 7, worst = 1, crit = 0
PHY-1001 : End DR Iter 2; 0.063257s wall, 0.000000s user + 0.000000s system = 0.000000s CPU (n/a%)

PHY-1001 : ===== DR Iter 3 =====
PHY-1022 : len = 434904, over cnt = 0(0%), over = 0, worst = 0, crit = 0
PHY-1001 : End DR Iter 3; 0.047483s wall, 0.015625s user + 0.000000s system = 0.015625s CPU (32.9%)

PHY-1001 : Update timing.....
PHY-1001 : 0/3697(0%) critical/total net(s).
RUN-1001 : ------------------------------------------
RUN-1001 :   Type   |    WNS(ns)    |  TNS(ns)  |  FEP  
RUN-1001 : ------------------------------------------
RUN-1001 :   Setup  |    998.546    |   0.000   |   0   
RUN-1001 :   Hold   |  2147483.647  |   0.000   |   0   
RUN-1001 : ------------------------------------------
PHY-1001 : End update timing; 0.799982s wall, 0.640625s user + 0.000000s system = 0.640625s CPU (80.1%)

PHY-1001 : Commit to database.....
PHY-1001 : 16 feed throughs used by 15 nets
PHY-1001 : End commit to database; 0.439704s wall, 0.312500s user + 0.000000s system = 0.312500s CPU (71.1%)

PHY-1001 : Current memory(MB): used = 620, reserve = 592, peak = 620.
PHY-1001 : End phase 3; 1.631635s wall, 1.203125s user + 0.000000s system = 1.203125s CPU (73.7%)

PHY-1003 : Routed, final wirelength = 434904
PHY-1001 : Current memory(MB): used = 621, reserve = 593, peak = 621.
PHY-1001 : End export database. 0.016627s wall, 0.015625s user + 0.000000s system = 0.015625s CPU (94.0%)

PHY-1001 : End detail routing;  15.085892s wall, 11.421875s user + 0.093750s system = 11.515625s CPU (76.3%)

RUN-1003 : finish command "route" in  16.402883s wall, 12.218750s user + 0.125000s system = 12.343750s CPU (75.3%)

RUN-1004 : used memory is 592 MB, reserved memory is 563 MB, peak memory is 621 MB
RUN-1002 : start command "report_area -io_info -file SD-SDRAM-ISP-HDMI_phy.area"
RUN-1001 : standard
***Report Model: sd_bmp_hdmi Device: EG4S20BG256***

IO Statistics
#IO                        12
  #input                    5
  #output                   7
  #inout                    0

Utilization Statistics
#lut                     2918   out of  19600   14.89%
#reg                     1750   out of  19600    8.93%
#le                      3299
  #lut only              1549   out of   3299   46.95%
  #reg only               381   out of   3299   11.55%
  #lut&reg               1369   out of   3299   41.50%
#dsp                        0   out of     29    0.00%
#bram                      10   out of     64   15.62%
  #bram9k                  10
  #fifo9k                   0
#bram32k                    2   out of     16   12.50%
#pad                       16   out of    188    8.51%
  #ireg                     0
  #oreg                     4
  #treg                     0
#pll                        2   out of      4   50.00%
#gclk                       4   out of     16   25.00%

Clock Resource Statistics
Index     ClockNet                                    Type               DriverType         Driver                                          Fanout
#1        u_hdmi_top/debayer_m/pclk                   GCLK               pll                u_clk_wiz_1/pll_inst.clkc1                      469
#2        u_clk_wiz_0/clk0_buf                        GCLK               pll                u_clk_wiz_0/pll_inst.clkc0                      173
#3        u_ddr3_top/u_sdram_fifo_ctrl/wrfifo/clkw    GCLK               pll                u_clk_wiz_0/pll_inst.clkc3                      156
#4        config_inst_syn_9                           GCLK               config             config_inst.jtck                                81
#5        u_sd_ctrl_top/u_sd_init/div_clk             GCLK               mslice             u_sd_ctrl_top/u_sd_init/div_clk_reg_syn_9.q0    64
#6        sys_clk_dup_1                               GCLK               io                 sys_clk_syn_2.di                                52
#7        u_clk_wiz_1/clk0_buf                        GCLK               pll                u_clk_wiz_1/pll_inst.clkc0                      37
#8        u_sd_ctrl_top/u_sd_read/clk_ref_180deg      GCLK               pll                u_clk_wiz_0/pll_inst.clkc4                      24
#9        u_ddr3_top/clk_sdram                        GCLK               pll                u_clk_wiz_0/pll_inst.clkc1                      0


Detailed IO Report

        Name           Direction    Location    IOStandard    DriveStrength    PullType    PackReg  
       sd_miso           INPUT        D14        LVCMOS33          N/A          PULLUP      NONE    
   switch_video[1]       INPUT        B10        LVCMOS33          N/A          PULLUP      NONE    
   switch_video[0]       INPUT        A10        LVCMOS33          N/A          PULLUP      NONE    
       sys_clk           INPUT         R7        LVCMOS33          N/A          PULLUP      NONE    
      sys_rst_n          INPUT         A9        LVCMOS33          N/A          PULLUP      NONE    
       sd_clk           OUTPUT        F15        LVCMOS33           8            NONE       NONE    
        sd_cs           OUTPUT        F13        LVCMOS33           8            NONE       NONE    
       sd_mosi          OUTPUT        F14        LVCMOS33           8            NONE       NONE    
     tmds_clk_p         OUTPUT         P1         LVDS33           NA            NONE      ODDRX1   
    tmds_clk_p(n)       OUTPUT         R1         LVDS33           NA            NONE      ODDRX1   
   tmds_data_p[2]       OUTPUT         J3         LVDS33           NA            NONE      ODDRX1   
  tmds_data_p[2](n)     OUTPUT         J4         LVDS33           NA            NONE      ODDRX1   
   tmds_data_p[1]       OUTPUT         P4         LVDS33           NA            NONE      ODDRX1   
  tmds_data_p[1](n)     OUTPUT         N4         LVDS33           NA            NONE      ODDRX1   
   tmds_data_p[0]       OUTPUT         N1         LVDS33           NA            NONE      ODDRX1   
  tmds_data_p[0](n)     OUTPUT         M1         LVDS33           NA            NONE      ODDRX1   
       dq[23]            INPUT        S31        LVCMOS25           8           PULLUP      NONE    
       dq[22]            INPUT        S32        LVCMOS25           8           PULLUP      NONE    
       dq[21]            INPUT        S35        LVCMOS25           8           PULLUP      NONE    
       dq[20]            INPUT        S36        LVCMOS25           8           PULLUP      NONE    
       dq[19]            INPUT        S37        LVCMOS25           8           PULLUP      NONE    
       dq[18]            INPUT        S38        LVCMOS25           8           PULLUP      NONE    
       dq[17]            INPUT        S41        LVCMOS25           8           PULLUP      NONE    
       dq[16]            INPUT        S42        LVCMOS25           8           PULLUP      NONE    
       dq[31]            INPUT        S48        LVCMOS25           8           PULLUP      NONE    
       dq[30]            INPUT        S49        LVCMOS25           8           PULLUP      NONE    
       dq[29]            INPUT        S52        LVCMOS25           8           PULLUP      NONE    
       dq[28]            INPUT        S53        LVCMOS25           8           PULLUP      NONE    
       dq[27]            INPUT        S54        LVCMOS25           8           PULLUP      NONE    
       dq[26]            INPUT        S55        LVCMOS25           8           PULLUP      NONE    
       dq[25]            INPUT        S58        LVCMOS25           8           PULLUP      NONE    
       dq[24]            INPUT        S59        LVCMOS25           8           PULLUP      NONE    
         dm0            OUTPUT        S14        LVCMOS25           8            NONE       NONE    
         cke            OUTPUT        S18        LVCMOS25           8            NONE       OREG    
        we_n            OUTPUT        S19        LVCMOS25           8            NONE       OREG    
        cas_n           OUTPUT        S20        LVCMOS25           8            NONE       OREG    
        ras_n           OUTPUT        S21        LVCMOS25           8            NONE       OREG    
        cs_n            OUTPUT        S22        LVCMOS25           8            NONE       OREG    
       addr[9]          OUTPUT        S23        LVCMOS25           8            NONE       OREG    
       addr[8]          OUTPUT        S24        LVCMOS25           8            NONE       OREG    
       addr[7]          OUTPUT        S25        LVCMOS25           8            NONE       OREG    
       addr[6]          OUTPUT        S26        LVCMOS25           8            NONE       OREG    
       addr[5]          OUTPUT        S27        LVCMOS25           8            NONE       OREG    
       addr[4]          OUTPUT        S28        LVCMOS25           8            NONE       OREG    
         dm2            OUTPUT        S29        LVCMOS25           8            NONE       NONE    
         dm3            OUTPUT        S61        LVCMOS25           8            NONE       NONE    
       addr[3]          OUTPUT        S64        LVCMOS25           8            NONE       OREG    
       addr[2]          OUTPUT        S65        LVCMOS25           8            NONE       OREG    
       addr[1]          OUTPUT        S66        LVCMOS25           8            NONE       OREG    
       addr[0]          OUTPUT        S67        LVCMOS25           8            NONE       OREG    
      addr[10]          OUTPUT        S68        LVCMOS25           8            NONE       OREG    
        ba[0]           OUTPUT        S69        LVCMOS25           8            NONE       OREG    
        ba[1]           OUTPUT        S70        LVCMOS25           8            NONE       OREG    
         clk            OUTPUT        S73        LVCMOS25           8            NONE       NONE    
         dm1            OUTPUT        S76        LVCMOS25           8            NONE       NONE    
        dq[0]            INOUT         S1        LVCMOS25           8           PULLUP      IREG    
        dq[6]            INOUT        S11        LVCMOS25           8           PULLUP      IREG    
        dq[7]            INOUT        S12        LVCMOS25           8           PULLUP      IREG    
        dq[1]            INOUT         S2        LVCMOS25           8           PULLUP      IREG    
        dq[2]            INOUT         S5        LVCMOS25           8           PULLUP      IREG    
        dq[3]            INOUT         S6        LVCMOS25           8           PULLUP      IREG    
        dq[4]            INOUT         S7        LVCMOS25           8           PULLUP      IREG    
        dq[8]            INOUT        S78        LVCMOS25           8           PULLUP      IREG    
        dq[9]            INOUT        S79        LVCMOS25           8           PULLUP      IREG    
        dq[5]            INOUT         S8        LVCMOS25           8           PULLUP      IREG    
       dq[10]            INOUT        S82        LVCMOS25           8           PULLUP      IREG    
       dq[11]            INOUT        S83        LVCMOS25           8           PULLUP      IREG    
       dq[12]            INOUT        S84        LVCMOS25           8           PULLUP      IREG    
       dq[13]            INOUT        S85        LVCMOS25           8           PULLUP      IREG    
       dq[14]            INOUT        S88        LVCMOS25           8           PULLUP      IREG    
       dq[15]            INOUT        S89        LVCMOS25           8           PULLUP      IREG    

Report Hierarchy Area:
+-------------------------------------------------------------------------------------------------------------------------------------+
|Instance                            |Module                                     |le     |lut     |ripple  |seq     |bram    |dsp     |
+-------------------------------------------------------------------------------------------------------------------------------------+
|top                                 |sd_bmp_hdmi                                |3299   |2214    |704     |1754    |12      |0       |
|  u_clk_wiz_0                       |PLL                                        |0      |0       |0       |0       |0       |0       |
|  u_clk_wiz_1                       |PLL_hdmi                                   |0      |0       |0       |0       |0       |0       |
|  u_ddr3_top                        |ddr3_top1                                  |541    |357     |100     |341     |2       |0       |
|    physica_sdram                   |SDRAM                                      |0      |0       |0       |0       |0       |0       |
|    u_sdram_controller              |sdram_controller                           |188    |130     |40      |85      |0       |0       |
|      u_sdram_cmd                   |sdram_cmd                                  |26     |26      |0       |14      |0       |0       |
|      u_sdram_ctrl                  |sdram_ctrl                                 |146    |104     |40      |55      |0       |0       |
|      u_sdram_data                  |sdram_data                                 |16     |0       |0       |16      |0       |0       |
|    u_sdram_fifo_ctrl               |sdram_fifo_ctrl                            |353    |227     |60      |256     |2       |0       |
|      rdfifo                        |SOFTFIFO                                   |137    |88      |18      |110     |1       |0       |
|        ram_inst                    |ram_infer_SOFTFIFO                         |8      |6       |0       |8       |1       |0       |
|        rd_to_wr_cross_inst         |fifo_cross_domain_addr_process_al_SOFTFIFO |41     |29      |0       |41      |0       |0       |
|        wr_to_rd_cross_inst         |fifo_cross_domain_addr_process_al_SOFTFIFO |32     |27      |0       |32      |0       |0       |
|      wrfifo                        |SOFTFIFO                                   |136    |83      |18      |110     |1       |0       |
|        ram_inst                    |ram_infer_SOFTFIFO                         |8      |8       |0       |8       |1       |0       |
|        rd_to_wr_cross_inst         |fifo_cross_domain_addr_process_al_SOFTFIFO |43     |21      |0       |43      |0       |0       |
|        wr_to_rd_cross_inst         |fifo_cross_domain_addr_process_al_SOFTFIFO |30     |18      |0       |30      |0       |0       |
|  u_hdmi_top                        |hdmi_top1                                  |1782   |1181    |452     |822     |8       |0       |
|    debayer_m                       |isp_demosaic_m                             |1275   |805     |337     |618     |8       |0       |
|      linebuffer                    |shift_register                             |47     |29      |16      |15      |8       |0       |
|        gen_ram_inst[0]$u_ram       |simple_dp_ram                              |0      |0       |0       |0       |2       |0       |
|        gen_ram_inst[1]$u_ram       |simple_dp_ram                              |0      |0       |0       |0       |2       |0       |
|        gen_ram_inst[2]$u_ram       |simple_dp_ram                              |0      |0       |0       |0       |2       |0       |
|        gen_ram_inst[3]$u_ram       |simple_dp_ram                              |0      |0       |0       |0       |2       |0       |
|    u3_hdmi_tx                      |hdmi_tx                                    |359    |289     |54      |182     |0       |0       |
|      Inst_DVITransmitter           |DVITransmitter                             |359    |289     |54      |182     |0       |0       |
|        Inst_TMDSEncoder_blue       |TMDSEncoder                                |107    |88      |18      |49      |0       |0       |
|        Inst_TMDSEncoder_green      |TMDSEncoder                                |105    |86      |18      |41      |0       |0       |
|        Inst_TMDSEncoder_red        |TMDSEncoder                                |101    |83      |18      |46      |0       |0       |
|        Inst_blue_serializer_10_1   |Serial_N_1_lvds_dat                        |22     |18      |0       |22      |0       |0       |
|        Inst_clk_serializer_10_1    |Serial_N_1_lvds                            |5      |2       |0       |5       |0       |0       |
|        Inst_green_serializer_10_1  |Serial_N_1_lvds_dat                        |9      |6       |0       |9       |0       |0       |
|        Inst_red_serializer_10_1    |Serial_N_1_lvds_dat                        |10     |6       |0       |10      |0       |0       |
|    u_video_driver                  |video_driver                               |148    |87      |61      |22      |0       |0       |
|  u_sd_ctrl_top                     |sd_ctrl_top                                |376    |278     |49      |216     |0       |0       |
|    u_sd_init                       |sd_init                                    |228    |159     |32      |115     |0       |0       |
|    u_sd_read                       |sd_read                                    |148    |119     |17      |101     |0       |0       |
|  u_sd_read_photo                   |read_rawdata                               |219    |170     |32      |147     |0       |0       |
|  cw_top                            |CW_TOP_WRAPPER                             |375    |222     |71      |223     |0       |0       |
|    wrapper_cwc_top                 |cwc_top                                    |375    |222     |71      |223     |0       |0       |
|      cfg_int_inst                  |cwc_cfg_int                                |144    |68      |0       |127     |0       |0       |
|        reg_inst                    |register                                   |142    |66      |0       |125     |0       |0       |
|        tap_inst                    |tap                                        |2      |2       |0       |2       |0       |0       |
|      trigger_inst                  |trigger                                    |231    |154     |71      |96      |0       |0       |
|        bus_inst                    |bus_top                                    |24     |18      |6       |15      |0       |0       |
|          BUS_DETECTOR[0]$bus_nodes |bus_det                                    |2      |2       |0       |2       |0       |0       |
|          BUS_DETECTOR[2]$bus_nodes |bus_det                                    |4      |4       |0       |4       |0       |0       |
|          BUS_DETECTOR[3]$bus_nodes |bus_det                                    |2      |2       |0       |2       |0       |0       |
|          BUS_DETECTOR[4]$bus_nodes |bus_det                                    |16     |10      |6       |7       |0       |0       |
|        emb_ctrl_inst               |emb_ctrl                                   |113    |80      |33      |55      |0       |0       |
+-------------------------------------------------------------------------------------------------------------------------------------+


DataNet Average Fanout:

   Index     Fanout     Nets  
    #1          1       2606  
    #2          2       749   
    #3          3       304   
    #4          4       194   
    #5        5-10      255   
    #6        11-50     116   
    #7       51-100      2    
    #8       101-500     3    
  Average     2.48            

RUN-1002 : start command "export_db SD-SDRAM-ISP-HDMI_pr.db"
RUN-1001 : Exported /
RUN-1001 : Exported flow parameters
RUN-1001 : Exported libs
RUN-1001 : Exported entities
RUN-1001 : Exported ports
RUN-1001 : Exported pins
RUN-1001 : Exported instances
RUN-1001 : Exported nets
RUN-1001 : Exported buses
RUN-1001 : Exported models
RUN-1001 : Exported congestions
RUN-1001 : Exported violations
RUN-1001 : Exported timing constraints
RUN-1001 : Exported IO constraints
RUN-1001 : Exported Inst constraints
RUN-1001 : Exported ChipWatcher
RUN-1002 : start command "start_timer"
TMR-2505 : Start building timing graph for model sd_bmp_hdmi.
TMR-2506 : Build timing graph completely. Port num: 9, tpin num: 15820, tnet num: 4250, tinst num: 1790, tnode num: 19812, tedge num: 28403.
TMR-2508 : Levelizing timing graph completed, there are 29 levels in total.
TMR-2501 : Timing graph initialized successfully.
RUN-1002 : start command "report_timing -mode FINAL -net_info -rpt_autogen true -file SD-SDRAM-ISP-HDMI_phy.timing"
TMR-2503 : Start to update net delay, extr mode = 6.
TMR-2504 : Update delay of 4250 nets completely.
TMR-2502 : Annotate delay completely, extr mode = 6.
TMR-3001 : Initiate 0 clocks from SDC.
TMR-3004 : Map sdc constraints, there are 8 constraints in total.
TMR-3003 : Constraints initiated successfully.
TMR-3501 : Forward propagation: start to calculate arrival time...
TMR-3502 : Backward propagation: start to calculate required time...
TMR-3503 : Timing propagation completes.
TMR-3506 : Start to generate timing report.
TMR-1502 : Number of clock constraints = 0. Number of clock nets = 9 (9 unconstrainted).
TMR-5009 WARNING: No clock constraint on 9 clock net(s): 
		config_inst_syn_10
		sys_clk_dup_1
		u_clk_wiz_1/clk0_out
		u_ddr3_top/clk_sdram
		u_ddr3_top/u_sdram_fifo_ctrl/clk_ref
		u_ddr3_top/u_sdram_fifo_ctrl/wrfifo/clkw
		u_hdmi_top/debayer_m/pclk
		u_sd_ctrl_top/u_sd_init/div_clk_syn_4
		u_sd_ctrl_top/u_sd_read/clk_ref_180deg
USR-6122 CRITICAL-WARNING: No clock constraint on PLL u_clk_wiz_0/pll_inst
USR-6122 CRITICAL-WARNING: No clock constraint on PLL u_clk_wiz_1/pll_inst
TMR-3508 : Export timing summary.
TMR-3507 : Timing report generated successfully in SD-SDRAM-ISP-HDMI_phy.timing, timing summary in SD-SDRAM-ISP-HDMI_phy.tsm.
RUN-1002 : start command "export_bid SD-SDRAM-ISP-HDMI_inst.bid"
PRG-1000 : <!-- HMAC is: 175b442899c4343ca9cc4fdf878a890774b73a39c692c121a51edf31c82e2c36 -->
RUN-1002 : start command "bitgen -bit SD-SDRAM-ISP-HDMI.bit"
BIT-1003 : Start to generate bitstream. 
BIT-1002 : Init instances with 16 threads.
BIT-1002 : Init instances completely, inst num: 1790
BIT-1002 : Init pips with 16 threads.
BIT-1002 : Init pips completely, net num: 4252, pip num: 35367
BIT-1002 : Init feedthrough with 16 threads.
BIT-1002 : Init feedthrough completely, num: 16
BIT-1003 : Multithreading accelaration with 16 threads.
BIT-1003 : Generate bitstream completely, there are 1822 valid insts, and 107241 bits set as '1'.
BIT-1004 : the usercode register value: 00000000110100010101000110101001
BIT-1004 : PLL setting string = 0110
BIT-1004 : Generate bits file SD-SDRAM-ISP-HDMI.bit.
RUN-1003 : finish command "bitgen -bit SD-SDRAM-ISP-HDMI.bit" in  3.608412s wall, 14.203125s user + 0.265625s system = 14.468750s CPU (401.0%)

RUN-1004 : used memory is 625 MB, reserved memory is 596 MB, peak memory is 776 MB
RUN-1002 : start command "backup_run_log run.log ../.logs/phy_1/td_20240704_223158.log"
