============================================================
   Tang Dynasty, V5.6.71036
      Copyright (c) 2012-2023 Anlogic Inc.
   Executable = F:/ARMChina/bin/td.exe
   Built at =   20:34:38 Mar 21 2023
   Run by =     Illyasvial Von Einzb
   Run Date =   Thu Jul  4 16:57:57 2024

   Run on =     LAPTOP-4S5LNBPI
============================================================
RUN-1002 : start command "open_project SD-SDRAM-ISP-HDMI.prj"
RUN-1001 : Print Global Property
RUN-1001 : ---------------------------------------------------------------
RUN-1001 :        Parameters        |  Settings  |  Default Values  |  Note  
RUN-1001 : ---------------------------------------------------------------
RUN-1001 :          message         |  standard  |     standard     |        
RUN-1001 :   mixed_pack_place_flow  |     on     |        on        |        
RUN-1001 :        qor_monitor       |    off     |       off        |        
RUN-1001 :        syn_ip_flow       |    off     |       off        |        
RUN-1001 :          thread          |    auto    |       auto       |        
RUN-1001 : ---------------------------------------------------------------
RUN-1001 : Print Design Property
RUN-1001 : --------------------------------------------------------------
RUN-1001 :        Parameters       |  Settings  |  Default Values  |  Note  
RUN-1001 : --------------------------------------------------------------
RUN-1001 :   default_reg_initial   |    auto    |       auto       |        
RUN-1001 :        infer_add        |     on     |        on        |        
RUN-1001 :        infer_fsm        |    off     |       off        |        
RUN-1001 :        infer_mult       |     on     |        on        |        
RUN-1001 :        infer_ram        |     on     |        on        |        
RUN-1001 :        infer_reg        |     on     |        on        |        
RUN-1001 :   infer_reg_init_value  |     on     |        on        |        
RUN-1001 :        infer_rom        |     on     |        on        |        
RUN-1001 :      infer_shifter      |     on     |        on        |        
RUN-1001 : --------------------------------------------------------------
RUN-1001 : Print Rtl Property
RUN-1001 : --------------------------------------------------------------
RUN-1001 :        Parameters       |  Settings  |  Default Values  |  Note  
RUN-1001 : --------------------------------------------------------------
RUN-1001 :       compress_add      |   ripple   |      ripple      |        
RUN-1001 :        elf_sload        |    off     |       off        |        
RUN-1001 :       fix_undriven      |     0      |        0         |        
RUN-1001 :         flatten         |    off     |       off        |        
RUN-1001 :       gate_sharing      |     on     |        on        |        
RUN-1001 :    hdl_warning_level    |   normal   |      normal      |        
RUN-1001 :   impl_internal_tribuf  |     on     |        on        |        
RUN-1001 :      impl_set_reset     |     on     |        on        |        
RUN-1001 :        infer_gsr        |    off     |       off        |        
RUN-1001 :      keep_hierarchy     |    auto    |       auto       |        
RUN-1001 :        max_fanout       |    9999    |       9999       |        
RUN-1001 :      max_oh2bin_len     |     10     |        10        |        
RUN-1001 :       merge_equal       |     on     |        on        |        
RUN-1001 :       merge_equiv       |     on     |        on        |        
RUN-1001 :        merge_mux        |    off     |       off        |        
RUN-1001 :     min_control_set     |     8      |        8         |        
RUN-1001 :      min_ripple_len     |    auto    |       auto       |        
RUN-1001 :       oh2bin_ratio      |    0.08    |       0.08       |        
RUN-1001 :     opt_adder_fanout    |     on     |        on        |        
RUN-1001 :        opt_arith        |     on     |        on        |        
RUN-1001 :       opt_big_gate      |    off     |       off        |        
RUN-1001 :        opt_const        |     on     |        on        |        
RUN-1001 :      opt_const_mult     |     on     |        on        |        
RUN-1001 :       opt_lessthan      |     on     |        on        |        
RUN-1001 :         opt_mux         |    off     |       off        |        
RUN-1001 :         opt_ram         |    high    |       high       |        
RUN-1001 :      rtl_sim_model      |    off     |       off        |        
RUN-1001 :         seq_syn         |     on     |        on        |        
RUN-1001 : --------------------------------------------------------------
HDL-1007 : analyze verilog file ../../import/ddr3-al_ip/SOFTFIFO.v
HDL-1007 : analyze verilog file ../../import/ddr3-al_ip/SDRAM.v
HDL-1007 : analyze verilog file ../../al_ip/PLL.v
HDL-1007 : undeclared symbol 'open', assumed default net type 'wire' in ../../al_ip/PLL.v(92)
HDL-1007 : analyze verilog file ../../al_ip/PLL_hdmi.v
HDL-1007 : undeclared symbol 'open', assumed default net type 'wire' in ../../al_ip/PLL_hdmi.v(70)
HDL-1007 : analyze VHDL file ../../import/hdmi-rtl/enc_file/SerializerN_1_lvds.enc.vhd
Copyright (c) 1998-2019 The OpenSSL Project.  All rights reserved.
This product includes software developed by the OpenSSL Project
for use in the OpenSSL Toolkit (http://www.openssl.org/)
Copyright (C) 1995-1998 Eric Young (eay@cryptsoft.com)
All rights reserved.
This product includes cryptographic software written by Eric Young (eay@cryptsoft.com)
HDL-1007 : analyze entity ** in encrypted_text(0)
HDL-1007 : analyze architecture ** in encrypted_text(0)
HDL-1007 : analyze VHDL file ../../import/hdmi-rtl/enc_file/SerializerN_1_lvds_dat.enc.vhd
HDL-1007 : analyze entity ** in encrypted_text(0)
HDL-1007 : analyze architecture ** in encrypted_text(0)
HDL-1007 : analyze VHDL file ../../import/hdmi-rtl/enc_file/TMDSEncoder.enc.vhd
HDL-1007 : analyze entity ** in encrypted_text(0)
HDL-1007 : analyze architecture ** in encrypted_text(0)
HDL-1007 : analyze verilog file ../../import/hdmi-rtl/enc_file/video_tpg_1024768.enc.v
HDL-5007 WARNING: literal value ** truncated to fit in ** bits in encrypted_text(0)
HDL-1007 : back to file '../../import/hdmi-rtl/enc_file/video_tpg_1024768.enc.v' in ../../import/hdmi-rtl/enc_file/video_tpg_1024768.enc.v(216)
HDL-1007 : analyze verilog file ../../import/hdmi-rtl/enc_file/video_tpg_1080p.enc.v
HDL-1007 : back to file '../../import/hdmi-rtl/enc_file/video_tpg_1080p.enc.v' in ../../import/hdmi-rtl/enc_file/video_tpg_1080p.enc.v(208)
HDL-1007 : analyze verilog file ../../import/hdmi-rtl/enc_file/video_tpg_12801024p.enc.v
HDL-1007 : back to file '../../import/hdmi-rtl/enc_file/video_tpg_12801024p.enc.v' in ../../import/hdmi-rtl/enc_file/video_tpg_12801024p.enc.v(207)
HDL-1007 : analyze verilog file ../../import/hdmi-rtl/enc_file/video_tpg_1280800.enc.v
HDL-5007 WARNING: literal value ** truncated to fit in ** bits in encrypted_text(0)
HDL-1007 : back to file '../../import/hdmi-rtl/enc_file/video_tpg_1280800.enc.v' in ../../import/hdmi-rtl/enc_file/video_tpg_1280800.enc.v(216)
HDL-1007 : analyze verilog file ../../import/hdmi-rtl/enc_file/video_tpg_16801050p.enc.v
HDL-1007 : back to file '../../import/hdmi-rtl/enc_file/video_tpg_16801050p.enc.v' in ../../import/hdmi-rtl/enc_file/video_tpg_16801050p.enc.v(209)
HDL-1007 : analyze verilog file ../../import/hdmi-rtl/enc_file/video_tpg_800600.enc.v
HDL-1007 : back to file '../../import/hdmi-rtl/enc_file/video_tpg_800600.enc.v' in ../../import/hdmi-rtl/enc_file/video_tpg_800600.enc.v(211)
HDL-1007 : analyze verilog file ../../import/hdmi_top/hdmi_top.v
HDL-1007 : analyze verilog file ../../import/hdmi_top/video_driver.v
HDL-1007 : analyze verilog file ../../import/sd_bmp_hdmi.v
HDL-1007 : undeclared symbol 'rd_vsync', assumed default net type 'wire' in ../../import/sd_bmp_hdmi.v(200)
HDL-1007 : analyze verilog file ../../import/sd_ctrl_top/sd_ctrl_top.v
HDL-1007 : analyze verilog file ../../import/sd_ctrl_top/sd_init.v
HDL-1007 : analyze verilog file ../../import/sd_ctrl_top/sd_read.v
HDL-1007 : analyze verilog file ../../import/sd_ctrl_top/sd_write.v
HDL-1007 : analyze VHDL file ../../import/hdmi-rtl/enc_file/DVITransmitter.enc.vhd
HDL-1007 : analyze entity dvitransmitter in ../../import/hdmi-rtl/enc_file/DVITransmitter.enc.vhd(13)
HDL-1007 : analyze architecture ** in encrypted_text(0)
HDL-1007 : analyze VHDL file ../../import/hdmi-rtl/hdmi_tx.vhd
HDL-1007 : analyze entity hdmi_tx in ../../import/hdmi-rtl/hdmi_tx.vhd(11)
HDL-1007 : analyze architecture behavioral in ../../import/hdmi-rtl/hdmi_tx.vhd(33)
HDL-1007 : analyze verilog file ../../import/DDR3-rtl/sdram_cmd.v
HDL-1007 : analyze included file ../../import/DDR3-rtl/sdram_para.v in ../../import/DDR3-rtl/sdram_cmd.v(46)
HDL-1007 : back to file '../../import/DDR3-rtl/sdram_cmd.v' in ../../import/DDR3-rtl/sdram_cmd.v(46)
HDL-1007 : analyze verilog file ../../import/DDR3-rtl/sdram_controller.v
HDL-1007 : analyze verilog file ../../import/DDR3-rtl/sdram_ctrl.v
HDL-1007 : analyze included file ../../import/DDR3-rtl/sdram_para.v in ../../import/DDR3-rtl/sdram_ctrl.v(19)
HDL-1007 : back to file '../../import/DDR3-rtl/sdram_ctrl.v' in ../../import/DDR3-rtl/sdram_ctrl.v(19)
HDL-1007 : analyze verilog file ../../import/DDR3-rtl/sdram_data.v
HDL-1007 : analyze included file ../../import/DDR3-rtl/sdram_para.v in ../../import/DDR3-rtl/sdram_data.v(13)
HDL-1007 : back to file '../../import/DDR3-rtl/sdram_data.v' in ../../import/DDR3-rtl/sdram_data.v(13)
HDL-1007 : analyze verilog file ../../import/DDR3-rtl/sdram_fifo_ctrl.v
HDL-1007 : analyze verilog file ../../import/DDR3-rtl/sdram_top.v
HDL-1007 : analyze verilog file ../../import/read_rawdata.v
HDL-1007 : analyze verilog file ../../import/hdmi_top/ISP_dpc.v
HDL-1007 : analyze verilog file ../../import/hdmi_top/ISP_include.v
RUN-1001 : Project manager successfully analyzed 32 source files.
RUN-1002 : start command "import_device eagle_s20.db -package EG4S20BG256"
ARC-1001 : Device Initialization.
ARC-1001 : ------------------------------------------------------------------
ARC-1001 :            OPTION            |          IO          |   SETTING   
ARC-1001 : ------------------------------------------------------------------
ARC-1001 :   cso_b/cclk/mosi/miso/dout  |  T3/R11/T10/P10/S11  |    gpio    
ARC-1001 :             done             |         P13          |    gpio    
ARC-1001 :           program_b          |          T2          |  dedicate  
ARC-1001 :        tdi/tms/tck/tdo       |   C12/A15/C14/E14    |  dedicate  
ARC-1001 : ------------------------------------------------------------------
ARC-1004 : Device setting, marked 5 dedicate IOs in total.
RUN-1002 : start command "import_db ../syn_1/SD-SDRAM-ISP-HDMI_gate.db"
RUN-1001 : Importing database generated by Tang Dynasty, V5.6.71036.
RUN-1001 : Database version number 46146.
RUN-1001 : Import flow parameters
RUN-1001 : Import timing constraints
RUN-1001 : Import IO constraints
RUN-1001 : Import Inst constraints
RUN-1001 : Import design success TD_VERSION=5.6.71036 , DB_VERSION=46146
RUN-1002 : start command "read_sdc -ip SOFTFIFO ../../import/ddr3-al_ip/SOFTFIFO.tcl"
RUN-1002 : start command "get_ports clkw"
RUN-1002 : start command "get_nets  clkw  "
RUN-1002 : start command "get_clocks -nowarn -of nets 9663676416000"
RUN-1002 : start command "get_ports clkr"
RUN-1002 : start command "get_nets  clkr  "
RUN-1002 : start command "get_clocks -nowarn -of nets 36880884170752"
RUN-1002 : start command "get_property -nowarn -max PERIOD "
RUN-1002 : start command "get_property -nowarn -max PERIOD "
RUN-1002 : start command "get_regs rd_to_wr_cross_inst/primary_addr_gray_reg[*]"
RUN-1002 : start command "get_regs rd_to_wr_cross_inst/sync_r1[*]"
RUN-1002 : start command "set_max_delay -from  -to  999.70000000000005 -datapath_only"
RUN-1002 : start command "get_regs rd_to_wr_cross_inst/primary_addr_gray_reg[*]"
RUN-1002 : start command "get_regs rd_to_wr_cross_inst/sync_r1[*]"
RUN-1002 : start command "set_false_path -from  -to  -hold 999.70000000000005"
USR-1002 : set_false_path -help -setup -hold -from <list> -rise_from <list> -fall_from <list> -to <list> -rise_to <list> -fall_to <list> -through <list>
RUN-1002 : start command "get_regs wr_to_rd_cross_inst/primary_addr_gray_reg[*]"
RUN-1002 : start command "get_regs wr_to_rd_cross_inst/sync_r1[*]"
RUN-1002 : start command "set_max_delay -from  -to  999.70000000000005 -datapath_only"
RUN-1002 : start command "get_regs wr_to_rd_cross_inst/primary_addr_gray_reg[*]"
RUN-1002 : start command "get_regs wr_to_rd_cross_inst/sync_r1[*]"
RUN-1002 : start command "set_false_path -from  -to  -hold 999.70000000000005"
USR-1002 : set_false_path -help -setup -hold -from <list> -rise_from <list> -fall_from <list> -to <list> -rise_to <list> -fall_to <list> -through <list>
RUN-1002 : start command "get_ports clkw"
RUN-1002 : start command "get_nets  clkw  "
RUN-1002 : start command "get_clocks -nowarn -of nets 17514876633088"
RUN-1002 : start command "get_ports clkr"
RUN-1002 : start command "get_nets  clkr  "
RUN-1002 : start command "get_clocks -nowarn -of nets 9663676416000"
RUN-1002 : start command "get_property -nowarn -max PERIOD "
RUN-1002 : start command "get_property -nowarn -max PERIOD "
RUN-1002 : start command "get_regs rd_to_wr_cross_inst/primary_addr_gray_reg[*]"
RUN-1002 : start command "get_regs rd_to_wr_cross_inst/sync_r1[*]"
RUN-1002 : start command "set_max_delay -from  -to  999.70000000000005 -datapath_only"
RUN-1002 : start command "get_regs rd_to_wr_cross_inst/primary_addr_gray_reg[*]"
RUN-1002 : start command "get_regs rd_to_wr_cross_inst/sync_r1[*]"
RUN-1002 : start command "set_false_path -from  -to  -hold 999.70000000000005"
USR-1002 : set_false_path -help -setup -hold -from <list> -rise_from <list> -fall_from <list> -to <list> -rise_to <list> -fall_to <list> -through <list>
RUN-1002 : start command "get_regs wr_to_rd_cross_inst/primary_addr_gray_reg[*]"
RUN-1002 : start command "get_regs wr_to_rd_cross_inst/sync_r1[*]"
RUN-1002 : start command "set_max_delay -from  -to  999.70000000000005 -datapath_only"
RUN-1002 : start command "get_regs wr_to_rd_cross_inst/primary_addr_gray_reg[*]"
RUN-1002 : start command "get_regs wr_to_rd_cross_inst/sync_r1[*]"
RUN-1002 : start command "set_false_path -from  -to  -hold 999.70000000000005"
USR-1002 : set_false_path -help -setup -hold -from <list> -rise_from <list> -fall_from <list> -to <list> -rise_to <list> -fall_to <list> -through <list>
RUN-1002 : start command "config_chipwatcher ../../sd_HDMI.cwc -dir "
RUN-1002 : start command "legalize_phy_inst"
SYN-1011 : Flatten model sd_bmp_hdmi
KIT-1004 : ChipWatcher: import watcher inst auto_chipwatcher_0 completed, there are 5 view nodes, 8 trigger nets, 8 data nets.
KIT-1004 : Chipwatcher code = 0101000110101001
RUN-1002 : start command "compile_watcher"
RUN-1002 : start command "read_verilog -no_sch -dir F:/ARMChina/cw/ -file SD-SDRAM-ISP-HDMI_watcherInst.sv -lib cw -top CW_TOP_WRAPPER"
HDL-1007 : analyze verilog file F:/ARMChina/cw\bus_det.v
HDL-1007 : analyze verilog file F:/ARMChina/cw\bus_top.sv
HDL-1007 : analyze verilog file F:/ARMChina/cw\cfg_int.v
HDL-1007 : analyze verilog file F:/ARMChina/cw\cwc_cfg_int.v
HDL-1007 : analyze verilog file F:/ARMChina/cw\cwc_top.sv
HDL-1007 : analyze verilog file F:/ARMChina/cw\detect_bus.v
HDL-1007 : analyze verilog file F:/ARMChina/cw\detect_non_bus.v
HDL-1007 : analyze verilog file F:/ARMChina/cw\emb_ctrl.v
HDL-1007 : analyze verilog file F:/ARMChina/cw\register.v
HDL-1007 : analyze verilog file F:/ARMChina/cw\tap.v
HDL-1007 : analyze verilog file F:/ARMChina/cw\trigger.sv
HDL-1007 : analyze verilog file SD-SDRAM-ISP-HDMI_watcherInst.sv
HDL-1007 : elaborate module CW_TOP_WRAPPER in SD-SDRAM-ISP-HDMI_watcherInst.sv(1)
HDL-1007 : elaborate module cwc_top(BUS_NUM=5,BUS_CTRL_NUM=36,BUS_WIDTH='{32'sb01,32'sb01,32'sb01,32'sb01,32'sb0100},BUS_DIN_POS='{32'sb0,32'sb01,32'sb010,32'sb011,32'sb0100},BUS_CTRL_POS='{32'sb0,32'sb0110,32'sb01100,32'sb010010,32'sb011000}) in F:/ARMChina/cw\cwc_top.sv(21)
HDL-1007 : elaborate module cwc_cfg_int(CTRL_REG_LEN=58) in F:/ARMChina/cw\cwc_cfg_int.v(21)
HDL-1007 : elaborate module register(CTRL_REG_LEN=58) in F:/ARMChina/cw\register.v(21)
HDL-1007 : elaborate module tap in F:/ARMChina/cw\tap.v(21)
HDL-1007 : elaborate module trigger(BUS_NUM=5,BUS_CTRL_NUM=36,BUS_WIDTH='{32'sb01,32'sb01,32'sb01,32'sb01,32'sb0100},BUS_DIN_POS='{32'sb0,32'sb01,32'sb010,32'sb011,32'sb0100},BUS_CTRL_POS='{32'sb0,32'sb0110,32'sb01100,32'sb010010,32'sb011000}) in F:/ARMChina/cw\trigger.sv(21)
HDL-1007 : elaborate module bus_top(BUS_NODE_NUM=5,BUS_CTRL_NUM=36,BUS_WIDTH='{32'sb01,32'sb01,32'sb01,32'sb01,32'sb0100},BUS_DIN_POS='{32'sb0,32'sb01,32'sb010,32'sb011,32'sb0100},BUS_CTRL_POS='{32'sb0,32'sb0110,32'sb01100,32'sb010010,32'sb011000}) in F:/ARMChina/cw\bus_top.sv(22)
HDL-1007 : elaborate module bus_det(BUS_WIDTH=32'sb01) in F:/ARMChina/cw\bus_det.v(21)
HDL-1007 : elaborate module bus_det(BUS_WIDTH=32'sb0100) in F:/ARMChina/cw\bus_det.v(21)
HDL-1007 : elaborate module emb_ctrl in F:/ARMChina/cw\emb_ctrl.v(21)
HDL-1200 : Current top model is CW_TOP_WRAPPER
HDL-1100 : Inferred 0 RAMs.
RUN-1002 : start command "force_keep -a auto_chipwatcher_0_logicbram"
RUN-1002 : start command "optimize_rtl -no_sch"
RUN-1001 : Open license file F:/ARMChina/license/Anlogic.lic
RUN-1001 : Print Global Property
RUN-1001 : ---------------------------------------------------------------
RUN-1001 :        Parameters        |  Settings  |  Default Values  |  Note  
RUN-1001 : ---------------------------------------------------------------
RUN-1001 :          message         |  standard  |     standard     |        
RUN-1001 :   mixed_pack_place_flow  |     on     |        on        |        
RUN-1001 :        qor_monitor       |    off     |       off        |        
RUN-1001 :        syn_ip_flow       |    off     |       off        |        
RUN-1001 :          thread          |    auto    |       auto       |        
RUN-1001 : ---------------------------------------------------------------
RUN-1001 : Print Rtl Property
RUN-1001 : --------------------------------------------------------------
RUN-1001 :        Parameters       |  Settings  |  Default Values  |  Note  
RUN-1001 : --------------------------------------------------------------
RUN-1001 :       compress_add      |   ripple   |      ripple      |        
RUN-1001 :        elf_sload        |    off     |       off        |        
RUN-1001 :       fix_undriven      |     0      |        0         |        
RUN-1001 :         flatten         |    off     |       off        |        
RUN-1001 :       gate_sharing      |     on     |        on        |        
RUN-1001 :    hdl_warning_level    |   normal   |      normal      |        
RUN-1001 :   impl_internal_tribuf  |     on     |        on        |        
RUN-1001 :      impl_set_reset     |     on     |        on        |        
RUN-1001 :        infer_gsr        |    off     |       off        |        
RUN-1001 :      keep_hierarchy     |    auto    |       auto       |        
RUN-1001 :        max_fanout       |    9999    |       9999       |        
RUN-1001 :      max_oh2bin_len     |     10     |        10        |        
RUN-1001 :       merge_equal       |     on     |        on        |        
RUN-1001 :       merge_equiv       |     on     |        on        |        
RUN-1001 :        merge_mux        |    off     |       off        |        
RUN-1001 :     min_control_set     |     8      |        8         |        
RUN-1001 :      min_ripple_len     |    auto    |       auto       |        
RUN-1001 :       oh2bin_ratio      |    0.08    |       0.08       |        
RUN-1001 :     opt_adder_fanout    |     on     |        on        |        
RUN-1001 :        opt_arith        |     on     |        on        |        
RUN-1001 :       opt_big_gate      |    off     |       off        |        
RUN-1001 :        opt_const        |     on     |        on        |        
RUN-1001 :      opt_const_mult     |     on     |        on        |        
RUN-1001 :       opt_lessthan      |     on     |        on        |        
RUN-1001 :         opt_mux         |    off     |       off        |        
RUN-1001 :         opt_ram         |    high    |       high       |        
RUN-1001 :      rtl_sim_model      |    off     |       off        |        
RUN-1001 :         seq_syn         |     on     |        on        |        
RUN-1001 : --------------------------------------------------------------
SYN-1012 : SanityCheck: Model "sd_bmp_hdmi"
SYN-1012 : SanityCheck: Model "CW_TOP_WRAPPER"
SYN-1012 : SanityCheck: Model "cwc_top(BUS_NUM=5,BUS_CTRL_NUM=36,BUS_WIDTH='{32'sb01,32'sb01,32'sb01,32'sb01,32'sb0100},BUS_DIN_POS='{32'sb0,32'sb01,32'sb010,32'sb011,32'sb0100},BUS_CTRL_POS='{32'sb0,32'sb0110,32'sb01100,32'sb010010,32'sb011000})"
SYN-1012 : SanityCheck: Model "cwc_cfg_int(CTRL_REG_LEN=58)"
SYN-1012 : SanityCheck: Model "register(CTRL_REG_LEN=58)"
SYN-1012 : SanityCheck: Model "tap"
SYN-1012 : SanityCheck: Model "trigger(BUS_NUM=5,BUS_CTRL_NUM=36,BUS_WIDTH='{32'sb01,32'sb01,32'sb01,32'sb01,32'sb0100},BUS_DIN_POS='{32'sb0,32'sb01,32'sb010,32'sb011,32'sb0100},BUS_CTRL_POS='{32'sb0,32'sb0110,32'sb01100,32'sb010010,32'sb011000})"
SYN-1012 : SanityCheck: Model "bus_top(BUS_NODE_NUM=5,BUS_CTRL_NUM=36,BUS_WIDTH='{32'sb01,32'sb01,32'sb01,32'sb01,32'sb0100},BUS_DIN_POS='{32'sb0,32'sb01,32'sb010,32'sb011,32'sb0100},BUS_CTRL_POS='{32'sb0,32'sb0110,32'sb01100,32'sb010010,32'sb011000})"
SYN-1012 : SanityCheck: Model "bus_det(BUS_WIDTH=32'sb01)"
SYN-1012 : SanityCheck: Model "bus_det(BUS_WIDTH=32'sb0100)"
SYN-1012 : SanityCheck: Model "emb_ctrl"
SYN-1011 : Flatten model sd_bmp_hdmi
SYN-1032 : 6045/19 useful/useless nets, 4805/14 useful/useless insts
SYN-1016 : Merged 28 instances.
SYN-1032 : 5866/8 useful/useless nets, 5074/8 useful/useless insts
SYN-1014 : Optimize round 1
SYN-1032 : 5850/16 useful/useless nets, 5062/12 useful/useless insts
SYN-1021 : Optimized 1 onehot mux instances.
SYN-1020 : Optimized 1 distributor mux.
SYN-1019 : Optimized 1 mux instances.
SYN-1015 : Optimize round 1, 252 better
SYN-1014 : Optimize round 2
SYN-1032 : 5702/15 useful/useless nets, 4914/16 useful/useless insts
SYN-1015 : Optimize round 2, 32 better
SYN-1014 : Optimize round 1
SYN-1015 : Optimize round 1, 0 better
RUN-1002 : start command "optimize_gate -no_sch"
RUN-1001 : Open license file F:/ARMChina/license/Anlogic.lic
RUN-1001 : Print Global Property
RUN-1001 : ---------------------------------------------------------------
RUN-1001 :        Parameters        |  Settings  |  Default Values  |  Note  
RUN-1001 : ---------------------------------------------------------------
RUN-1001 :          message         |  standard  |     standard     |        
RUN-1001 :   mixed_pack_place_flow  |     on     |        on        |        
RUN-1001 :        qor_monitor       |    off     |       off        |        
RUN-1001 :        syn_ip_flow       |    off     |       off        |        
RUN-1001 :          thread          |    auto    |       auto       |        
RUN-1001 : ---------------------------------------------------------------
RUN-1001 : Print Gate Property
RUN-1001 : ------------------------------------------------------------------
RUN-1001 :          Parameters         |  Settings  |  Default Values  |  Note  
RUN-1001 : ------------------------------------------------------------------
RUN-1001 :         cascade_dsp         |    off     |       off        |        
RUN-1001 :         cascade_eram        |    off     |       off        |        
RUN-1001 :        gate_sim_model       |    off     |       off        |        
RUN-1001 :        map_sim_model        |    off     |       off        |        
RUN-1001 :         map_strategy        |     1      |        1         |        
RUN-1001 :           opt_area          |   medium   |      medium      |        
RUN-1001 :          opt_timing         |    auto    |       auto       |        
RUN-1001 :         pack_effort         |   medium   |      medium      |        
RUN-1001 :      pack_lslice_ripple     |     on     |        on        |        
RUN-1001 :   pack_lslice_ripple_ratio  |    0.5     |       0.5        |        
RUN-1001 :        pack_seq_in_io       |    auto    |       auto       |        
RUN-1001 :        ph1_mux_ratio        |    1.0     |       1.0        |        
RUN-1001 :            report           |  standard  |     standard     |        
RUN-1001 :           retiming          |    off     |       off        |        
RUN-1001 : ------------------------------------------------------------------
SYN-2001 : Map 12 IOs to PADs
RUN-1002 : start command "update_pll_param -module sd_bmp_hdmi"
SYN-2501 : Processed 0 LOGIC_BUF instances.
SYN-2512 : LOGIC BRAM "auto_chipwatcher_0_logicbram"
SYN-2571 : Optimize after map_dsp, round 1
SYN-2571 : Optimize after map_dsp, round 1, 0 better
SYN-1001 : Throwback 3 control mux instances
SYN-2501 : Optimize round 1
SYN-1016 : Merged 4 instances.
SYN-2501 : Optimize round 1, 10 better
SYN-2501 : Optimize round 2
SYN-2501 : Optimize round 2, 0 better
SYN-2501 : Map 12 macro adder
SYN-1019 : Optimized 5 mux instances.
SYN-1016 : Merged 9 instances.
SYN-1032 : 6012/2 useful/useless nets, 5225/1 useful/useless insts
RUN-1002 : start command "start_timer -prepack"
TMR-2505 : Start building timing graph for model sd_bmp_hdmi.
TMR-2506 : Build timing graph completely. Port num: 9, tpin num: 22736, tnet num: 6012, tinst num: 5224, tnode num: 29922, tedge num: 36115.
TMR-2508 : Levelizing timing graph completed, there are 51 levels in total.
TMR-2501 : Timing graph initialized successfully.
TMR-2503 : Start to update net delay, extr mode = 2.
TMR-2504 : Update delay of 6012 nets completely.
TMR-2502 : Annotate delay completely, extr mode = 2.
TMR-3001 : Initiate 0 clocks from SDC.
TMR-3004 : Map sdc constraints, there are 8 constraints in total.
TMR-3003 : Constraints initiated successfully.
TMR-3501 : Forward propagation: start to calculate arrival time...
TMR-3502 : Backward propagation: start to calculate required time...
TMR-3503 : Timing propagation completes.
SYN-3001 : Running gate level optimization.
SYN-2581 : Mapping with K=5, #lut = 129 (4.02), #lev = 6 (2.34)
SYN-2551 : Post LUT mapping optimization.
SYN-2581 : Mapping with K=5, #lut = 125 (4.13), #lev = 6 (2.31)
SYN-3001 : Logic optimization runtime opt =   0.02 sec, map =   0.00 sec
SYN-3001 : Mapper mapped 370 instances into 125 LUTs, name keeping = 79%.
SYN-1001 : Packing model "sd_bmp_hdmi" ...
SYN-4010 : Pack lib has 58 rtl pack models with 25 top pack blocks
SYN-1014 : Optimize round 1
SYN-1015 : Optimize round 1, 0 better
SYN-4002 : Packing 221 DFF/LATCH to SEQ ...
SYN-4009 : Pack 6 carry chain into lslice
SYN-4007 : Packing 81 adder to BLE ...
SYN-4008 : Packed 81 adder and 0 SEQ to BLE.
SYN-4007 : Packing 0 gate4 to BLE ...
SYN-4008 : Packed 0 gate4 and 0 SEQ to BLE.
SYN-4012 : Packed 0 FxMUX
RUN-1003 : finish command "optimize_gate -no_sch" in  1.239505s wall, 0.984375s user + 0.031250s system = 1.015625s CPU (81.9%)

RUN-1004 : used memory is 183 MB, reserved memory is 148 MB, peak memory is 222 MB
RUN-1002 : start command "legalize_phy_inst"
SYN-1011 : Flatten model sd_bmp_hdmi
KIT-1004 : Compile Chipwatcher: Clear obsolete physical data.
RUN-1003 : finish command "compile_watcher" in  2.190282s wall, 1.781250s user + 0.046875s system = 1.828125s CPU (83.5%)

RUN-1004 : used memory is 183 MB, reserved memory is 149 MB, peak memory is 222 MB
RUN-1002 : start command "place"
RUN-1001 : Open license file F:/ARMChina/license/Anlogic.lic
RUN-1001 : Print Global Property
RUN-1001 : ---------------------------------------------------------------
RUN-1001 :        Parameters        |  Settings  |  Default Values  |  Note  
RUN-1001 : ---------------------------------------------------------------
RUN-1001 :          message         |  standard  |     standard     |        
RUN-1001 :   mixed_pack_place_flow  |     on     |        on        |        
RUN-1001 :        qor_monitor       |    off     |       off        |        
RUN-1001 :        syn_ip_flow       |    off     |       off        |        
RUN-1001 :          thread          |    auto    |       auto       |        
RUN-1001 : ---------------------------------------------------------------
RUN-1001 : Print Place Property
RUN-1001 : --------------------------------------------------------------
RUN-1001 :        Parameters       |  Settings  |  Default Values  |  Note  
RUN-1001 : --------------------------------------------------------------
RUN-1001 :      detailed_place     |     on     |        on        |        
RUN-1001 :          effort         |   medium   |      medium      |        
RUN-1001 :         fix_hold        |    off     |       off        |        
RUN-1001 :       legalization      |    ori     |       ori        |        
RUN-1001 :      new_spreading      |     on     |        on        |        
RUN-1001 :        opt_timing       |   medium   |      medium      |        
RUN-1001 :   post_clock_route_opt  |    off     |       off        |        
RUN-1001 :       pr_strategy       |     1      |        1         |        
RUN-1001 :        relaxation       |    1.00    |       1.00       |        
RUN-1001 :         retiming        |    off     |       off        |        
RUN-1001 : --------------------------------------------------------------
PHY-3001 : Placer runs in 16 thread(s).
RUN-1002 : start command "legalize_phy_inst"
SYN-1011 : Flatten model sd_bmp_hdmi
RUN-1002 : start command "phys_opt -simplify_lut"
SYN-4016 : Net u_ddr3_top/u_sdram_fifo_ctrl/clk_ref driven by BUFG (271 clock/control pins, 1 other pins).
SYN-4016 : Net u_clk_wiz_1/clk0_out driven by BUFG (58 clock/control pins, 1 other pins).
SYN-4016 : Net config_inst_syn_10 driven by BUFG (133 clock/control pins, 0 other pins).
SYN-4027 : Net u_ddr3_top/clk_sdram is clkc1 of pll u_clk_wiz_0/pll_inst.
SYN-4027 : Net u_ddr3_top/u_sdram_fifo_ctrl/wrfifo/clkw is clkc3 of pll u_clk_wiz_0/pll_inst.
SYN-4027 : Net u_sd_ctrl_top/u_sd_read/clk_ref_180deg is clkc4 of pll u_clk_wiz_0/pll_inst.
SYN-4019 : Net sys_clk_dup_1 is refclk of pll u_clk_wiz_0/pll_inst.
SYN-4020 : Net sys_clk_dup_1 is fbclk of pll u_clk_wiz_0/pll_inst.
SYN-4027 : Net u_hdmi_top/dpc/pclk is clkc1 of pll u_clk_wiz_1/pll_inst.
SYN-4019 : Net sys_clk_dup_1 is refclk of pll u_clk_wiz_1/pll_inst.
SYN-4020 : Net sys_clk_dup_1 is fbclk of pll u_clk_wiz_1/pll_inst.
SYN-4024 : Net "u_sd_ctrl_top/u_sd_init/div_clk" drives clk pins.
SYN-4025 : Tag rtl::Net config_inst_syn_10 as clock net
SYN-4025 : Tag rtl::Net sys_clk_dup_1 as clock net
SYN-4025 : Tag rtl::Net u_clk_wiz_1/clk0_out as clock net
SYN-4025 : Tag rtl::Net u_ddr3_top/clk_sdram as clock net
SYN-4025 : Tag rtl::Net u_ddr3_top/u_sdram_fifo_ctrl/clk_ref as clock net
SYN-4025 : Tag rtl::Net u_ddr3_top/u_sdram_fifo_ctrl/wrfifo/clkw as clock net
SYN-4025 : Tag rtl::Net u_hdmi_top/dpc/pclk as clock net
SYN-4025 : Tag rtl::Net u_sd_ctrl_top/u_sd_init/div_clk as clock net
SYN-4025 : Tag rtl::Net u_sd_ctrl_top/u_sd_read/clk_ref_180deg as clock net
SYN-4026 : Tagged 9 rtl::Net as clock net
SYN-4015 : Create BUFG instance for clk Net u_sd_ctrl_top/u_sd_init/div_clk to drive 101 clock pins.
PHY-1001 : Populate physical database on model sd_bmp_hdmi.
RUN-1001 : There are total 4709 instances
RUN-0007 : 1600 luts, 2229 seqs, 583 mslices, 209 lslices, 71 pads, 8 brams, 0 dsps
RUN-1001 : There are total 5496 nets
RUN-1001 : 3653 nets have 2 pins
RUN-1001 : 1324 nets have [3 - 5] pins
RUN-1001 : 372 nets have [6 - 10] pins
RUN-1001 : 103 nets have [11 - 20] pins
RUN-1001 : 34 nets have [21 - 99] pins
RUN-1001 : 10 nets have 100+ pins
RUN-1001 : Report Control nets information:
RUN-1001 : DFF Distribution
RUN-1001 : ----------------------------------
RUN-1001 :   CE   |  SSR  |  ASR  |  DFF Count  
RUN-1001 : ----------------------------------
RUN-1001 :   No   |  No   |  No   |     108     
RUN-1001 :   No   |  No   |  Yes  |    1604     
RUN-1001 :   No   |  Yes  |  No   |     53      
RUN-1001 :   Yes  |  No   |  No   |     27      
RUN-1001 :   Yes  |  No   |  Yes  |     437     
RUN-1001 :   Yes  |  Yes  |  No   |      0      
RUN-1001 : ----------------------------------
RUN-0007 : Control Group Statistic
RUN-0007 : ---------------------------
RUN-0007 :   #CLK  |  #CE  |  #SSR/ASR  
RUN-0007 : ---------------------------
RUN-0007 :    9    |  22   |     14     
RUN-0007 : ---------------------------
RUN-0007 : Control Set = 44
PHY-3001 : Initial placement ...
PHY-3001 : design contains 4707 instances, 1600 luts, 2229 seqs, 792 slices, 131 macros(792 instances: 583 mslices 209 lslices)
PHY-3001 : Huge net u_hdmi_top/sys_rst_n with 1297 pins
PHY-0007 : Cell area utilization is 16%
PHY-3001 : Start timing update ...
RUN-1002 : start command "start_timer -report"
TMR-2505 : Start building timing graph for model sd_bmp_hdmi.
TMR-2506 : Build timing graph completely. Port num: 9, tpin num: 21614, tnet num: 5494, tinst num: 4707, tnode num: 28701, tedge num: 35001.
TMR-2508 : Levelizing timing graph completed, there are 29 levels in total.
TMR-2501 : Timing graph initialized successfully.
TMR-2503 : Start to update net delay, extr mode = 2.
TMR-2504 : Update delay of 5494 nets completely.
TMR-2502 : Annotate delay completely, extr mode = 2.
TMR-3001 : Initiate 0 clocks from SDC.
TMR-3004 : Map sdc constraints, there are 8 constraints in total.
TMR-3003 : Constraints initiated successfully.
TMR-3501 : Forward propagation: start to calculate arrival time...
TMR-3502 : Backward propagation: start to calculate required time...
TMR-3503 : Timing propagation completes.
PHY-3001 : End timing update;  0.695179s wall, 0.625000s user + 0.015625s system = 0.640625s CPU (92.2%)

PHY-3001 : Global placement ...
PHY-3001 : Initial: Len = 1.27573e+06
PHY-3001 : Clustering ...
PHY-3001 : Level 0 #clusters 4707.
PHY-3001 : End clustering;  0.000048s wall, 0.000000s user + 0.000000s system = 0.000000s CPU (n/a%)

PHY-3001 : Run with size of 4
PHY-3001 : Cell area utilization is 16%
PHY-3001 : :::0::: Try harder cell spreading with beta_ = 0
PHY-3002 : Step(1): len = 865214, overlap = 31.5
PHY-3002 : Step(2): len = 722265, overlap = 29.25
PHY-3002 : Step(3): len = 474301, overlap = 30.5
PHY-3002 : Step(4): len = 401359, overlap = 26.2188
PHY-3002 : Step(5): len = 348034, overlap = 40.4688
PHY-3002 : Step(6): len = 309545, overlap = 44.1562
PHY-3002 : Step(7): len = 283506, overlap = 45.375
PHY-3002 : Step(8): len = 258780, overlap = 46.6562
PHY-3002 : Step(9): len = 235368, overlap = 60.0312
PHY-3002 : Step(10): len = 215689, overlap = 73.3438
PHY-3002 : Step(11): len = 200709, overlap = 77.2188
PHY-3002 : Step(12): len = 186217, overlap = 96.3438
PHY-3002 : Step(13): len = 176834, overlap = 96.4062
PHY-3002 : Step(14): len = 168292, overlap = 106.719
PHY-3002 : Step(15): len = 161500, overlap = 114.5
PHY-3002 : Step(16): len = 152373, overlap = 112.25
PHY-3002 : Step(17): len = 147667, overlap = 104.844
PHY-3002 : Step(18): len = 140937, overlap = 106.281
PHY-3002 : Step(19): len = 136684, overlap = 106.594
PHY-3002 : Step(20): len = 131429, overlap = 111.656
PHY-3001 : :::1::: Try harder cell spreading with beta_ = 3.54907e-05
PHY-3002 : Step(21): len = 151552, overlap = 105.312
PHY-3002 : Step(22): len = 155296, overlap = 104.812
PHY-3002 : Step(23): len = 161960, overlap = 53.7188
PHY-3002 : Step(24): len = 160712, overlap = 43.75
PHY-3002 : Step(25): len = 155932, overlap = 51.9062
PHY-3002 : Step(26): len = 149576, overlap = 51.0625
PHY-3002 : Step(27): len = 146853, overlap = 49.0312
PHY-3002 : Step(28): len = 146741, overlap = 51.0312
PHY-3002 : Step(29): len = 145831, overlap = 46.9062
PHY-3002 : Step(30): len = 145142, overlap = 47.0312
PHY-3002 : Step(31): len = 142266, overlap = 51.0312
PHY-3002 : Step(32): len = 141586, overlap = 51.4062
PHY-3002 : Step(33): len = 140709, overlap = 51.5938
PHY-3002 : Step(34): len = 140566, overlap = 50.7812
PHY-3002 : Step(35): len = 139912, overlap = 51.6562
PHY-3002 : Step(36): len = 138847, overlap = 51.7812
PHY-3002 : Step(37): len = 134915, overlap = 53.7188
PHY-3002 : Step(38): len = 133612, overlap = 56.125
PHY-3002 : Step(39): len = 132369, overlap = 60.5
PHY-3002 : Step(40): len = 131815, overlap = 60.875
PHY-3002 : Step(41): len = 131715, overlap = 62.1562
PHY-3002 : Step(42): len = 131155, overlap = 67.9688
PHY-3002 : Step(43): len = 131099, overlap = 67.5625
PHY-3002 : Step(44): len = 131515, overlap = 68.0625
PHY-3002 : Step(45): len = 131327, overlap = 67.9375
PHY-3002 : Step(46): len = 131160, overlap = 70.875
PHY-3002 : Step(47): len = 130372, overlap = 71.3125
PHY-3002 : Step(48): len = 129719, overlap = 71.5312
PHY-3002 : Step(49): len = 129436, overlap = 76.6875
PHY-3001 : :::2::: Try harder cell spreading with beta_ = 7.09814e-05
PHY-3002 : Step(50): len = 130937, overlap = 72.5625
PHY-3002 : Step(51): len = 131030, overlap = 72.2812
PHY-3002 : Step(52): len = 131383, overlap = 67.5938
PHY-3001 : :::3::: Try harder cell spreading with beta_ = 0.000141963
PHY-3002 : Step(53): len = 132005, overlap = 58.9062
PHY-3002 : Step(54): len = 132129, overlap = 58.8438
PHY-3001 : Legalization ...
PHY-3001 : End legalization;  0.015329s wall, 0.015625s user + 0.000000s system = 0.015625s CPU (101.9%)

PHY-3001 : Run with size of 4
PHY-3001 : Cell area utilization is 20%
PHY-3001 : Update timing in Manhattan mode ...
TMR-2503 : Start to update net delay, extr mode = 3.
TMR-2504 : Update delay of 5494 nets completely.
TMR-2502 : Annotate delay completely, extr mode = 3.
TMR-3501 : Forward propagation: start to calculate arrival time...
TMR-3502 : Backward propagation: start to calculate required time...
TMR-3503 : Timing propagation completes.
PHY-3001 : End timing update;  0.110928s wall, 0.093750s user + 0.015625s system = 0.109375s CPU (98.6%)

PHY-3001 : :::0::: Try harder cell spreading with beta_ = 3.88296e-06
PHY-3002 : Step(55): len = 142841, overlap = 114.938
PHY-3002 : Step(56): len = 142959, overlap = 116.188
PHY-3002 : Step(57): len = 139490, overlap = 117.938
PHY-3002 : Step(58): len = 139288, overlap = 119.469
PHY-3002 : Step(59): len = 138291, overlap = 122.531
PHY-3002 : Step(60): len = 138306, overlap = 124.188
PHY-3002 : Step(61): len = 138304, overlap = 125
PHY-3001 : :::1::: Try harder cell spreading with beta_ = 7.76592e-06
PHY-3002 : Step(62): len = 136829, overlap = 127.031
PHY-3002 : Step(63): len = 136778, overlap = 127.344
PHY-3002 : Step(64): len = 136744, overlap = 127.875
PHY-3001 : :::2::: Try harder cell spreading with beta_ = 1.55318e-05
PHY-3002 : Step(65): len = 137673, overlap = 127.156
PHY-3002 : Step(66): len = 137974, overlap = 127.75
PHY-3002 : Step(67): len = 138837, overlap = 112.812
PHY-3001 : :::3::: Try harder cell spreading with beta_ = 3.10637e-05
PHY-3002 : Step(68): len = 139983, overlap = 101.5
PHY-3002 : Step(69): len = 140334, overlap = 101.125
PHY-3002 : Step(70): len = 141556, overlap = 98.875
PHY-3001 : :::4::: Try harder cell spreading with beta_ = 6.21273e-05
PHY-3002 : Step(71): len = 143599, overlap = 90.8125
PHY-3002 : Step(72): len = 143947, overlap = 88.4688
PHY-3002 : Step(73): len = 148730, overlap = 67.0938
PHY-3002 : Step(74): len = 149473, overlap = 62.4375
PHY-3002 : Step(75): len = 149689, overlap = 65
PHY-3002 : Step(76): len = 148279, overlap = 58.0312
PHY-3002 : Step(77): len = 148089, overlap = 57.25
PHY-3002 : Step(78): len = 145864, overlap = 49.4375
PHY-3002 : Step(79): len = 144451, overlap = 48.0625
PHY-3002 : Step(80): len = 144154, overlap = 47.5312
PHY-3002 : Step(81): len = 144188, overlap = 48.0938
PHY-3002 : Step(82): len = 144229, overlap = 48.2188
PHY-3001 : :::5::: Try harder cell spreading with beta_ = 0.000124255
PHY-3002 : Step(83): len = 144865, overlap = 44.5
PHY-3002 : Step(84): len = 145060, overlap = 44.5625
PHY-3002 : Step(85): len = 145218, overlap = 44.75
PHY-3001 : :::6::: Try harder cell spreading with beta_ = 0.000248509
PHY-3002 : Step(86): len = 146196, overlap = 43.0312
PHY-3002 : Step(87): len = 146439, overlap = 43.9688
PHY-3002 : Step(88): len = 147082, overlap = 44.7188
PHY-3001 : Run with size of 2
PHY-3001 : Cell area utilization is 20%
PHY-3001 : Update timing in Manhattan mode ...
TMR-2503 : Start to update net delay, extr mode = 3.
TMR-2504 : Update delay of 5494 nets completely.
TMR-2502 : Annotate delay completely, extr mode = 3.
TMR-3501 : Forward propagation: start to calculate arrival time...
TMR-3502 : Backward propagation: start to calculate required time...
TMR-3503 : Timing propagation completes.
PHY-3001 : End timing update;  0.128231s wall, 0.093750s user + 0.000000s system = 0.093750s CPU (73.1%)

PHY-3001 : :::0::: Try harder cell spreading with beta_ = 3.07264e-05
PHY-3002 : Step(89): len = 146748, overlap = 171.594
PHY-3002 : Step(90): len = 146835, overlap = 170.375
PHY-3002 : Step(91): len = 147413, overlap = 156.656
PHY-3002 : Step(92): len = 145495, overlap = 156.594
PHY-3002 : Step(93): len = 145280, overlap = 154.188
PHY-3002 : Step(94): len = 145102, overlap = 154.844
PHY-3001 : :::1::: Try harder cell spreading with beta_ = 6.14527e-05
PHY-3002 : Step(95): len = 146491, overlap = 145.719
PHY-3002 : Step(96): len = 146730, overlap = 143.906
PHY-3002 : Step(97): len = 149054, overlap = 129.062
PHY-3002 : Step(98): len = 147083, overlap = 131.344
PHY-3002 : Step(99): len = 146824, overlap = 131.812
PHY-3002 : Step(100): len = 146211, overlap = 133.75
PHY-3001 : :::2::: Try harder cell spreading with beta_ = 0.000122905
PHY-3002 : Step(101): len = 149083, overlap = 126.469
PHY-3002 : Step(102): len = 151105, overlap = 120
PHY-3002 : Step(103): len = 152589, overlap = 116.312
PHY-3002 : Step(104): len = 152743, overlap = 114.719
PHY-3002 : Step(105): len = 152825, overlap = 117.5
PHY-3002 : Step(106): len = 151951, overlap = 110.906
PHY-3002 : Step(107): len = 151314, overlap = 110.875
PHY-3002 : Step(108): len = 150345, overlap = 113.594
PHY-3001 : :::3::: Try harder cell spreading with beta_ = 0.000245811
PHY-3002 : Step(109): len = 150715, overlap = 110.562
PHY-3002 : Step(110): len = 151157, overlap = 114.375
PHY-3002 : Step(111): len = 151587, overlap = 112.125
PHY-3001 : :::4::: Try harder cell spreading with beta_ = 0.000491622
PHY-3002 : Step(112): len = 152183, overlap = 113.75
PHY-3002 : Step(113): len = 152480, overlap = 111.75
PHY-3002 : Step(114): len = 152975, overlap = 110.875
PHY-3001 : :::5::: Try harder cell spreading with beta_ = 0.000983244
PHY-3002 : Step(115): len = 153574, overlap = 110.719
PHY-3002 : Step(116): len = 153983, overlap = 107.25
PHY-3002 : Step(117): len = 154713, overlap = 104.656
PHY-3001 : :::6::: Try harder cell spreading with beta_ = 0.00165291
PHY-3002 : Step(118): len = 155025, overlap = 102.875
PHY-3002 : Step(119): len = 155346, overlap = 102.656
PHY-3002 : Step(120): len = 156174, overlap = 97.6875
PHY-3001 : :::7::: Try harder cell spreading with beta_ = 0.00278339
PHY-3002 : Step(121): len = 156337, overlap = 98.9062
PHY-3002 : Step(122): len = 156492, overlap = 98.5938
PHY-3002 : Step(123): len = 157260, overlap = 94.0625
PHY-3001 : :::8::: Try harder cell spreading with beta_ = 0.00473531
PHY-3002 : Step(124): len = 157402, overlap = 94.4688
PHY-3002 : Step(125): len = 157473, overlap = 92.6562
PHY-3002 : Step(126): len = 157637, overlap = 92.4062
PHY-3001 : :::9::: Try harder cell spreading with beta_ = 0.00851049
PHY-3002 : Step(127): len = 157777, overlap = 90.0938
PHY-3002 : Step(128): len = 157954, overlap = 89.2188
OPT-1001 : Start physical optimization ...
RUN-1002 : start command "start_timer -report"
TMR-2505 : Start building timing graph for model sd_bmp_hdmi.
TMR-2506 : Build timing graph completely. Port num: 9, tpin num: 21614, tnet num: 5494, tinst num: 4707, tnode num: 28701, tedge num: 35001.
TMR-2508 : Levelizing timing graph completed, there are 29 levels in total.
TMR-2501 : Timing graph initialized successfully.
OPT-1001 : Total overflow 296.59 peak overflow 4.81
OPT-1001 : Start high-fanout net optimization ...
OPT-1001 : Update timing in global mode
PHY-1001 : Start incremental global routing, caller is place ...
RUN-1001 : Generating global routing grids ...
RUN-1001 : Building simple global routing graph ...
PHY-1001 : Generate routing nets ...
PHY-1001 : Reuse net number 0/5496.
PHY-1001 : Global iterations in 16 thread ...
PHY-1002 : len = 179736, over cnt = 690(1%), over = 2612, worst = 19
PHY-1001 : End global iterations;  0.362037s wall, 0.156250s user + 0.000000s system = 0.156250s CPU (43.2%)

PHY-1001 : Congestion index: top1 = 51.53, top5 = 38.74, top10 = 31.58, top15 = 26.94.
PHY-1001 : End incremental global routing;  0.475524s wall, 0.187500s user + 0.015625s system = 0.203125s CPU (42.7%)

TMR-2503 : Start to update net delay, extr mode = 5.
TMR-2504 : Update delay of 5494 nets completely.
TMR-2502 : Annotate delay completely, extr mode = 5.
TMR-3001 : Initiate 0 clocks from SDC.
TMR-3004 : Map sdc constraints, there are 8 constraints in total.
TMR-3003 : Constraints initiated successfully.
TMR-3501 : Forward propagation: start to calculate arrival time...
TMR-3502 : Backward propagation: start to calculate required time...
TMR-3503 : Timing propagation completes.
OPT-1001 : End timing update;  0.158616s wall, 0.093750s user + 0.000000s system = 0.093750s CPU (59.1%)

OPT-1001 : 0 high-fanout net processed.
OPT-1001 : End high-fanout net optimization;  0.745324s wall, 0.390625s user + 0.015625s system = 0.406250s CPU (54.5%)

OPT-1001 : Current memory(MB): used = 273, reserve = 238, peak = 273.
OPT-1001 : Start global optimization ...
OPT-1001 : Start congestion update ...
RUN-1001 : Generating global routing grids ...
PHY-1001 : Generate routing nets ...
PHY-1001 : Reuse net number 4010/5496.
PHY-1001 : Global iterations in 16 thread ...
PHY-1002 : len = 179736, over cnt = 690(1%), over = 2612, worst = 19
PHY-1002 : len = 194968, over cnt = 434(1%), over = 1050, worst = 19
PHY-1002 : len = 199912, over cnt = 202(0%), over = 503, worst = 19
PHY-1002 : len = 204200, over cnt = 58(0%), over = 139, worst = 10
PHY-1002 : len = 205256, over cnt = 0(0%), over = 0, worst = 0
PHY-1001 : End global iterations;  0.419863s wall, 0.171875s user + 0.000000s system = 0.171875s CPU (40.9%)

PHY-1001 : Congestion index: top1 = 42.87, top5 = 35.49, top10 = 30.72, top15 = 27.16.
OPT-1001 : End congestion update;  0.522175s wall, 0.187500s user + 0.000000s system = 0.187500s CPU (35.9%)

OPT-1001 : Update timing in Manhattan mode
TMR-2503 : Start to update net delay, extr mode = 3.
TMR-2504 : Update delay of 5494 nets completely.
TMR-2502 : Annotate delay completely, extr mode = 3.
TMR-3501 : Forward propagation: start to calculate arrival time...
TMR-3502 : Backward propagation: start to calculate required time...
TMR-3503 : Timing propagation completes.
OPT-1001 : End timing update;  0.114681s wall, 0.062500s user + 0.000000s system = 0.062500s CPU (54.5%)

OPT-0007 : Start: WNS 999170 TNS 0 NUM_FEPS 0
OPT-1001 : End global optimization;  0.637117s wall, 0.250000s user + 0.000000s system = 0.250000s CPU (39.2%)

OPT-1001 : Current memory(MB): used = 277, reserve = 242, peak = 277.
OPT-1001 : End physical optimization;  2.212378s wall, 1.250000s user + 0.015625s system = 1.265625s CPU (57.2%)

PHY-3001 : Start packing ...
SYN-4007 : Packing 0 MUX to BLE ...
SYN-4008 : Packed 0 MUX and 0 SEQ to BLE.
SYN-4007 : Packing 1600 LUT to BLE ...
SYN-4008 : Packed 1600 LUT and 978 SEQ to BLE.
SYN-4003 : Packing 1251 remaining SEQ's ...
SYN-4005 : Packed 513 SEQ with LUT/SLICE
SYN-4006 : 236 single LUT's are left
SYN-4006 : 738 single SEQ's are left
SYN-4011 : Packing model "sd_bmp_hdmi" (AL_USER_NORMAL) with 2338/3378 primitive instances ...
PHY-3001 : End packing;  0.215042s wall, 0.062500s user + 0.000000s system = 0.062500s CPU (29.1%)

PHY-1001 : Populate physical database on model sd_bmp_hdmi.
RUN-1001 : There are total 2121 instances
RUN-1001 : 1017 mslices, 1016 lslices, 71 pads, 8 brams, 0 dsps
RUN-1001 : There are total 4613 nets
RUN-1001 : 2836 nets have 2 pins
RUN-1001 : 1250 nets have [3 - 5] pins
RUN-1001 : 387 nets have [6 - 10] pins
RUN-1001 : 96 nets have [11 - 20] pins
RUN-1001 : 37 nets have [21 - 99] pins
RUN-1001 : 7 nets have 100+ pins
PHY-3001 : design contains 2119 instances, 2033 slices, 131 macros(792 instances: 583 mslices 209 lslices)
PHY-3001 : Cell area utilization is 25%
PHY-3001 : After packing: Len = 160722, Over = 130
PHY-3001 : Run with size of 2
PHY-3001 : Cell area utilization is 25%
PHY-3001 : Update timing in Manhattan mode ...
RUN-1002 : start command "start_timer -report"
TMR-2505 : Start building timing graph for model sd_bmp_hdmi.
TMR-2506 : Build timing graph completely. Port num: 9, tpin num: 17692, tnet num: 4611, tinst num: 2119, tnode num: 22617, tedge num: 30157.
TMR-2508 : Levelizing timing graph completed, there are 29 levels in total.
TMR-2501 : Timing graph initialized successfully.
TMR-2503 : Start to update net delay, extr mode = 3.
TMR-2504 : Update delay of 4611 nets completely.
TMR-2502 : Annotate delay completely, extr mode = 3.
TMR-3001 : Initiate 0 clocks from SDC.
TMR-3004 : Map sdc constraints, there are 8 constraints in total.
TMR-3003 : Constraints initiated successfully.
TMR-3501 : Forward propagation: start to calculate arrival time...
TMR-3502 : Backward propagation: start to calculate required time...
TMR-3503 : Timing propagation completes.
PHY-3001 : End timing update;  0.804244s wall, 0.640625s user + 0.000000s system = 0.640625s CPU (79.7%)

PHY-3001 : :::0::: Try harder cell spreading with beta_ = 2.63918e-05
PHY-3002 : Step(129): len = 158043, overlap = 132.5
PHY-3002 : Step(130): len = 157055, overlap = 137.75
PHY-3002 : Step(131): len = 153379, overlap = 145
PHY-3002 : Step(132): len = 150542, overlap = 146.75
PHY-3002 : Step(133): len = 149515, overlap = 147.5
PHY-3002 : Step(134): len = 147357, overlap = 146
PHY-3002 : Step(135): len = 146267, overlap = 146.25
PHY-3002 : Step(136): len = 145494, overlap = 146.75
PHY-3002 : Step(137): len = 144997, overlap = 144.75
PHY-3001 : :::1::: Try harder cell spreading with beta_ = 5.27835e-05
PHY-3002 : Step(138): len = 146001, overlap = 142.25
PHY-3002 : Step(139): len = 146434, overlap = 141.75
PHY-3002 : Step(140): len = 149091, overlap = 136.5
PHY-3002 : Step(141): len = 150491, overlap = 133
PHY-3002 : Step(142): len = 151126, overlap = 127
PHY-3001 : :::2::: Try harder cell spreading with beta_ = 0.000105567
PHY-3002 : Step(143): len = 152519, overlap = 121.5
PHY-3002 : Step(144): len = 153343, overlap = 120.5
PHY-3002 : Step(145): len = 156671, overlap = 109
PHY-3002 : Step(146): len = 156169, overlap = 110.25
PHY-3002 : Step(147): len = 156092, overlap = 110
PHY-3002 : Step(148): len = 156092, overlap = 110
PHY-3001 : Legalization ...
PHY-3001 : End legalization;  0.543291s wall, 0.031250s user + 0.109375s system = 0.140625s CPU (25.9%)

PHY-3001 : Trial Legalized: Len = 187943
PHY-3001 : Run with size of 2
PHY-3001 : Cell area utilization is 25%
PHY-3001 : Update timing in Manhattan mode ...
TMR-2503 : Start to update net delay, extr mode = 3.
TMR-2504 : Update delay of 4611 nets completely.
TMR-2502 : Annotate delay completely, extr mode = 3.
TMR-3501 : Forward propagation: start to calculate arrival time...
TMR-3502 : Backward propagation: start to calculate required time...
TMR-3503 : Timing propagation completes.
PHY-3001 : End timing update;  0.097771s wall, 0.093750s user + 0.000000s system = 0.093750s CPU (95.9%)

PHY-3001 : :::0::: Try harder cell spreading with beta_ = 0.000138355
PHY-3002 : Step(149): len = 176733, overlap = 13.25
PHY-3002 : Step(150): len = 168024, overlap = 34.75
PHY-3002 : Step(151): len = 164668, overlap = 38.5
PHY-3002 : Step(152): len = 162974, overlap = 46.75
PHY-3002 : Step(153): len = 161790, overlap = 51.5
PHY-3002 : Step(154): len = 161069, overlap = 52.25
PHY-3002 : Step(155): len = 160816, overlap = 56.75
PHY-3001 : :::1::: Try harder cell spreading with beta_ = 0.000276709
PHY-3002 : Step(156): len = 161715, overlap = 50.25
PHY-3002 : Step(157): len = 162693, overlap = 51.5
PHY-3002 : Step(158): len = 163646, overlap = 51.25
PHY-3001 : :::2::: Try harder cell spreading with beta_ = 0.000553419
PHY-3002 : Step(159): len = 164643, overlap = 48.5
PHY-3002 : Step(160): len = 165120, overlap = 48.5
PHY-3002 : Step(161): len = 165943, overlap = 48.75
PHY-3002 : Step(162): len = 166316, overlap = 49.5
PHY-3002 : Step(163): len = 166796, overlap = 49.75
PHY-3001 : Legalization ...
PHY-3001 : End legalization;  0.011675s wall, 0.015625s user + 0.000000s system = 0.015625s CPU (133.8%)

PHY-3001 : Legalized: Len = 178107, Over = 0
PHY-3001 : Spreading special nets. 58 overflows in 2952 tiles.
PHY-3001 : End spreading;  0.033261s wall, 0.046875s user + 0.000000s system = 0.046875s CPU (140.9%)

PHY-3001 : 80 instances has been re-located, deltaX = 52, deltaY = 36, maxDist = 2.
PHY-3001 : Final: Len = 179665, Over = 0
PHY-3001 : BANK 6 DIFFRESISTOR:NONE VOD:350M VCM:1.2
OPT-1001 : Start physical optimization ...
RUN-1002 : start command "start_timer -report"
TMR-2505 : Start building timing graph for model sd_bmp_hdmi.
TMR-2506 : Build timing graph completely. Port num: 9, tpin num: 17692, tnet num: 4611, tinst num: 2120, tnode num: 22617, tedge num: 30157.
TMR-2508 : Levelizing timing graph completed, there are 29 levels in total.
TMR-2501 : Timing graph initialized successfully.
OPT-1001 : Total overflow 0.00 peak overflow 0.00
OPT-1001 : Start high-fanout net optimization ...
OPT-1001 : Update timing in global mode
PHY-1001 : Start incremental global routing, caller is place ...
RUN-1001 : Generating global routing grids ...
PHY-1001 : Generate routing nets ...
PHY-1001 : Reuse net number 133/4613.
PHY-1001 : Global iterations in 16 thread ...
PHY-1002 : len = 208872, over cnt = 514(1%), over = 938, worst = 8
PHY-1002 : len = 213592, over cnt = 259(0%), over = 373, worst = 6
PHY-1002 : len = 216528, over cnt = 98(0%), over = 139, worst = 6
PHY-1002 : len = 218256, over cnt = 11(0%), over = 11, worst = 1
PHY-1002 : len = 218464, over cnt = 0(0%), over = 0, worst = 0
PHY-1001 : End global iterations;  0.619621s wall, 0.281250s user + 0.015625s system = 0.296875s CPU (47.9%)

PHY-1001 : Congestion index: top1 = 37.87, top5 = 31.89, top10 = 27.98, top15 = 25.22.
PHY-1001 : End incremental global routing;  0.742619s wall, 0.375000s user + 0.015625s system = 0.390625s CPU (52.6%)

TMR-2503 : Start to update net delay, extr mode = 5.
TMR-2504 : Update delay of 4611 nets completely.
TMR-2502 : Annotate delay completely, extr mode = 5.
TMR-3001 : Initiate 0 clocks from SDC.
TMR-3004 : Map sdc constraints, there are 8 constraints in total.
TMR-3003 : Constraints initiated successfully.
TMR-3501 : Forward propagation: start to calculate arrival time...
TMR-3502 : Backward propagation: start to calculate required time...
TMR-3503 : Timing propagation completes.
OPT-1001 : End timing update;  0.134141s wall, 0.140625s user + 0.000000s system = 0.140625s CPU (104.8%)

OPT-1001 : 0 high-fanout net processed.
OPT-1001 : End high-fanout net optimization;  0.979809s wall, 0.578125s user + 0.015625s system = 0.593750s CPU (60.6%)

OPT-1001 : Current memory(MB): used = 285, reserve = 251, peak = 285.
OPT-1001 : Start path based optimization ...
OPT-1001 : Start congestion update ...
RUN-1001 : Generating global routing grids ...
PHY-1001 : Generate routing nets ...
PHY-1001 : Reuse net number 3968/4613.
PHY-1001 : Global iterations in 16 thread ...
PHY-1002 : len = 218464, over cnt = 0(0%), over = 0, worst = 0
PHY-1001 : End global iterations;  0.032354s wall, 0.031250s user + 0.000000s system = 0.031250s CPU (96.6%)

PHY-1001 : Congestion index: top1 = 37.87, top5 = 31.89, top10 = 27.98, top15 = 25.22.
OPT-1001 : End congestion update;  0.144975s wall, 0.109375s user + 0.000000s system = 0.109375s CPU (75.4%)

OPT-1001 : Update timing in Manhattan mode
TMR-2503 : Start to update net delay, extr mode = 3.
TMR-2504 : Update delay of 4611 nets completely.
TMR-2502 : Annotate delay completely, extr mode = 3.
TMR-3501 : Forward propagation: start to calculate arrival time...
TMR-3502 : Backward propagation: start to calculate required time...
TMR-3503 : Timing propagation completes.
OPT-1001 : End timing update;  0.104073s wall, 0.031250s user + 0.000000s system = 0.031250s CPU (30.0%)

OPT-0007 : Start: WNS 998945 TNS 0 NUM_FEPS 0
OPT-1001 : End path based optimization;  0.249243s wall, 0.140625s user + 0.000000s system = 0.140625s CPU (56.4%)

OPT-1001 : Current memory(MB): used = 286, reserve = 252, peak = 286.
OPT-1001 : Update timing in Manhattan mode
TMR-2503 : Start to update net delay, extr mode = 3.
TMR-2504 : Update delay of 4611 nets completely.
TMR-2502 : Annotate delay completely, extr mode = 3.
TMR-3501 : Forward propagation: start to calculate arrival time...
TMR-3502 : Backward propagation: start to calculate required time...
TMR-3503 : Timing propagation completes.
OPT-1001 : End timing update;  0.099396s wall, 0.093750s user + 0.000000s system = 0.093750s CPU (94.3%)

OPT-1001 : Start pin optimization...
OPT-1001 : skip pin optimization...
RUN-1001 : Generating global routing grids ...
PHY-1001 : Generate routing nets ...
PHY-1001 : Reuse net number 3968/4613.
PHY-1001 : Global iterations in 16 thread ...
PHY-1002 : len = 218464, over cnt = 0(0%), over = 0, worst = 0
PHY-1001 : End global iterations;  0.024659s wall, 0.015625s user + 0.000000s system = 0.015625s CPU (63.4%)

PHY-1001 : Congestion index: top1 = 37.87, top5 = 31.89, top10 = 27.98, top15 = 25.22.
OPT-1001 : Update timing in Manhattan mode
TMR-2503 : Start to update net delay, extr mode = 3.
TMR-2504 : Update delay of 4611 nets completely.
TMR-2502 : Annotate delay completely, extr mode = 3.
TMR-3501 : Forward propagation: start to calculate arrival time...
TMR-3502 : Backward propagation: start to calculate required time...
TMR-3503 : Timing propagation completes.
OPT-1001 : End timing update;  0.108629s wall, 0.062500s user + 0.000000s system = 0.062500s CPU (57.5%)

RUN-1001 : QoR Analysis:
OPT-0007 :   WNS 998945 TNS 0 NUM_FEPS 0
RUN-1001 :   No local congestion issue, and most congested 1% tile average routing util is 37.379310
RUN-1001 :   Top critical paths
OPT-1001 : End physical optimization;  2.354630s wall, 1.343750s user + 0.015625s system = 1.359375s CPU (57.7%)

RUN-1003 : finish command "place" in  14.870770s wall, 7.859375s user + 1.953125s system = 9.812500s CPU (66.0%)

RUN-1004 : used memory is 268 MB, reserved memory is 234 MB, peak memory is 287 MB
RUN-1002 : start command "export_db SD-SDRAM-ISP-HDMI_place.db"
RUN-1001 : Exported /
RUN-1001 : Exported flow parameters
RUN-1001 : Exported libs
RUN-1001 : Exported entities
RUN-1001 : Exported ports
RUN-1001 : Exported pins
RUN-1001 : Exported instances
RUN-1001 : Exported nets
RUN-1001 : Exported buses
RUN-1001 : Exported models
RUN-1001 : Exported congestions
RUN-1001 : Exported violations
RUN-1001 : Exported timing constraints
RUN-1001 : Exported IO constraints
RUN-1001 : Exported Inst constraints
RUN-1001 : Exported ChipWatcher
RUN-1002 : start command "route"
RUN-1001 : Open license file F:/ARMChina/license/Anlogic.lic
RUN-1001 : Print Global Property
RUN-1001 : ---------------------------------------------------------------
RUN-1001 :        Parameters        |  Settings  |  Default Values  |  Note  
RUN-1001 : ---------------------------------------------------------------
RUN-1001 :          message         |  standard  |     standard     |        
RUN-1001 :   mixed_pack_place_flow  |     on     |        on        |        
RUN-1001 :        qor_monitor       |    off     |       off        |        
RUN-1001 :        syn_ip_flow       |    off     |       off        |        
RUN-1001 :          thread          |    auto    |       auto       |        
RUN-1001 : ---------------------------------------------------------------
RUN-1001 : Print Route Property
RUN-1001 : -------------------------------------------------------
RUN-1001 :    Parameters    |  Settings  |  Default Values  |  Note  
RUN-1001 : -------------------------------------------------------
RUN-1001 :      effort      |   medium   |      medium      |        
RUN-1001 :     fix_hold     |    off     |       off        |        
RUN-1001 :    opt_timing    |   medium   |      medium      |        
RUN-1001 :   phy_sim_model  |    off     |       off        |        
RUN-1001 :     priority     |   timing   |      timing      |        
RUN-1001 :     swap_pin     |     on     |        on        |        
RUN-1001 : -------------------------------------------------------
PHY-1001 : Route runs in 16 thread(s)
RUN-1001 : There are total 2122 instances
RUN-1001 : 1017 mslices, 1016 lslices, 71 pads, 8 brams, 0 dsps
RUN-1001 : There are total 4613 nets
RUN-1001 : 2836 nets have 2 pins
RUN-1001 : 1250 nets have [3 - 5] pins
RUN-1001 : 387 nets have [6 - 10] pins
RUN-1001 : 96 nets have [11 - 20] pins
RUN-1001 : 37 nets have [21 - 99] pins
RUN-1001 : 7 nets have 100+ pins
RUN-1002 : start command "start_timer -report"
TMR-2505 : Start building timing graph for model sd_bmp_hdmi.
TMR-2506 : Build timing graph completely. Port num: 9, tpin num: 17692, tnet num: 4611, tinst num: 2120, tnode num: 22617, tedge num: 30157.
TMR-2508 : Levelizing timing graph completed, there are 29 levels in total.
TMR-2501 : Timing graph initialized successfully.
PHY-1001 : 1017 mslices, 1016 lslices, 71 pads, 8 brams, 0 dsps
TMR-2503 : Start to update net delay, extr mode = 3.
TMR-2504 : Update delay of 4611 nets completely.
TMR-2502 : Annotate delay completely, extr mode = 3.
TMR-3001 : Initiate 0 clocks from SDC.
TMR-3004 : Map sdc constraints, there are 8 constraints in total.
TMR-3003 : Constraints initiated successfully.
TMR-3501 : Forward propagation: start to calculate arrival time...
TMR-3502 : Backward propagation: start to calculate required time...
TMR-3503 : Timing propagation completes.
PHY-1001 : Start global routing, caller is route ...
RUN-1001 : Generating global routing grids ...
PHY-1001 : Generate routing nets ...
PHY-1001 : Global iterations in 16 thread ...
PHY-1002 : len = 208208, over cnt = 520(1%), over = 953, worst = 8
PHY-1002 : len = 213216, over cnt = 263(0%), over = 384, worst = 6
PHY-1002 : len = 216568, over cnt = 89(0%), over = 123, worst = 6
PHY-1002 : len = 218184, over cnt = 0(0%), over = 0, worst = 0
PHY-1001 : End global iterations;  0.638420s wall, 0.312500s user + 0.000000s system = 0.312500s CPU (48.9%)

PHY-1001 : Congestion index: top1 = 38.25, top5 = 31.99, top10 = 28.10, top15 = 25.34.
PHY-1001 : End global routing;  0.767038s wall, 0.437500s user + 0.000000s system = 0.437500s CPU (57.0%)

PHY-1001 : Start detail routing ...
PHY-1001 : Current memory(MB): used = 318, reserve = 285, peak = 320.
PHY-1001 : Detailed router is running in normal mode.
PHY-1001 : Generate detailed routing grids ...
PHY-1001 : Generate nets ...
PHY-1001 : net sys_clk_dup_1 will be routed on clock mesh
PHY-1001 : clock net u_clk_wiz_1/clk0_out will be merged with clock u_clk_wiz_1/clk0_buf
PHY-1001 : net u_ddr3_top/clk_sdram will be routed on clock mesh
PHY-1001 : clock net u_ddr3_top/u_sdram_fifo_ctrl/clk_ref will be merged with clock u_clk_wiz_0/clk0_buf
PHY-1001 : net u_ddr3_top/u_sdram_fifo_ctrl/wrfifo/clkw will be routed on clock mesh
PHY-1001 : clock net config_inst_syn_10 will be merged with clock config_inst_syn_9
PHY-1001 : net u_hdmi_top/dpc/pclk will be routed on clock mesh
PHY-1001 : clock net u_sd_ctrl_top/u_sd_init/div_clk_syn_4 will be merged with clock u_sd_ctrl_top/u_sd_init/div_clk
PHY-1001 : net u_sd_ctrl_top/u_sd_read/clk_ref_180deg will be routed on clock mesh
PHY-1001 : Current memory(MB): used = 571, reserve = 542, peak = 571.
PHY-1001 : End build detailed router design. 4.142105s wall, 3.015625s user + 0.031250s system = 3.046875s CPU (73.6%)

PHY-1001 : Detail Route ...
PHY-1001 : ===== Detail Route Phase 1 =====
PHY-1001 : Clock net routing.....
PHY-1001 : Routed 0% nets.
PHY-1022 : len = 64592, over cnt = 1(0%), over = 1, worst = 1, crit = 0
PHY-1001 : End initial clock net routed; 3.834658s wall, 2.625000s user + 0.000000s system = 2.625000s CPU (68.5%)

PHY-1001 : Ripup-reroute.....
PHY-1001 : ===== DR Iter 1 =====
PHY-1022 : len = 64592, over cnt = 0(0%), over = 0, worst = 0, crit = 0
PHY-1001 : End DR Iter 1; 0.509757s wall, 0.312500s user + 0.000000s system = 0.312500s CPU (61.3%)

PHY-1001 : Current memory(MB): used = 604, reserve = 578, peak = 604.
PHY-1001 : End phase 1; 4.353728s wall, 2.937500s user + 0.000000s system = 2.937500s CPU (67.5%)

PHY-1001 : ===== Detail Route Phase 2 =====
PHY-1001 : Initial routing.....
PHY-1001 : Routed 37% nets.
PHY-1001 : Routed 44% nets.
PHY-1001 : Routed 54% nets.
PHY-1001 : Routed 66% nets.
PHY-1001 : Routed 85% nets.
PHY-1022 : len = 537224, over cnt = 138(0%), over = 138, worst = 1, crit = 0
PHY-1001 : Current memory(MB): used = 607, reserve = 579, peak = 607.
PHY-1001 : End initial routed; 8.979268s wall, 5.218750s user + 0.062500s system = 5.281250s CPU (58.8%)

PHY-1001 : Update timing.....
PHY-1001 : 0/3938(0%) critical/total net(s).
RUN-1001 : ------------------------------------------
RUN-1001 :   Type   |    WNS(ns)    |  TNS(ns)  |  FEP  
RUN-1001 : ------------------------------------------
RUN-1001 :   Setup  |    998.546    |   0.000   |   0   
RUN-1001 :   Hold   |  2147483.647  |   0.000   |   0   
RUN-1001 : ------------------------------------------
PHY-1001 : End update timing; 1.012398s wall, 0.781250s user + 0.000000s system = 0.781250s CPU (77.2%)

PHY-1001 : Current memory(MB): used = 610, reserve = 583, peak = 610.
PHY-1001 : End phase 2; 9.991837s wall, 6.000000s user + 0.062500s system = 6.062500s CPU (60.7%)

PHY-1001 : ===== Detail Route Phase 3 =====
PHY-1001 : Optimize timing.....
PHY-1022 : len = 537224, over cnt = 138(0%), over = 138, worst = 1, crit = 0
PHY-1001 : End optimize timing; 0.020058s wall, 0.000000s user + 0.000000s system = 0.000000s CPU (n/a%)

PHY-1001 : Ripup-reroute.....
PHY-1001 : ===== DR Iter 1 =====
PHY-1022 : len = 535840, over cnt = 45(0%), over = 45, worst = 1, crit = 0
PHY-1001 : End DR Iter 1; 0.143059s wall, 0.093750s user + 0.000000s system = 0.093750s CPU (65.5%)

PHY-1001 : ===== DR Iter 2 =====
PHY-1022 : len = 535936, over cnt = 7(0%), over = 7, worst = 1, crit = 0
PHY-1001 : End DR Iter 2; 0.076929s wall, 0.031250s user + 0.000000s system = 0.031250s CPU (40.6%)

PHY-1001 : ===== DR Iter 3 =====
PHY-1022 : len = 535872, over cnt = 0(0%), over = 0, worst = 0, crit = 0
PHY-1001 : End DR Iter 3; 0.061802s wall, 0.031250s user + 0.000000s system = 0.031250s CPU (50.6%)

PHY-1001 : Update timing.....
PHY-1001 : 0/3938(0%) critical/total net(s).
RUN-1001 : ------------------------------------------
RUN-1001 :   Type   |    WNS(ns)    |  TNS(ns)  |  FEP  
RUN-1001 : ------------------------------------------
RUN-1001 :   Setup  |    998.546    |   0.000   |   0   
RUN-1001 :   Hold   |  2147483.647  |   0.000   |   0   
RUN-1001 : ------------------------------------------
PHY-1001 : End update timing; 1.050497s wall, 0.718750s user + 0.000000s system = 0.718750s CPU (68.4%)

PHY-1001 : Commit to database.....
PHY-1001 : 19 feed throughs used by 17 nets
PHY-1001 : End commit to database; 0.562542s wall, 0.312500s user + 0.000000s system = 0.312500s CPU (55.6%)

PHY-1001 : Current memory(MB): used = 640, reserve = 612, peak = 640.
PHY-1001 : End phase 3; 2.088707s wall, 1.343750s user + 0.015625s system = 1.359375s CPU (65.1%)

PHY-1003 : Routed, final wirelength = 535872
PHY-1001 : Current memory(MB): used = 641, reserve = 613, peak = 641.
PHY-1001 : End export database. 0.017606s wall, 0.015625s user + 0.000000s system = 0.015625s CPU (88.7%)

PHY-1001 : End detail routing;  20.886543s wall, 13.453125s user + 0.109375s system = 13.562500s CPU (64.9%)

RUN-1003 : finish command "route" in  22.643429s wall, 14.562500s user + 0.140625s system = 14.703125s CPU (64.9%)

RUN-1004 : used memory is 641 MB, reserved memory is 614 MB, peak memory is 641 MB
RUN-1002 : start command "report_area -io_info -file SD-SDRAM-ISP-HDMI_phy.area"
RUN-1001 : standard
***Report Model: sd_bmp_hdmi Device: EG4S20BG256***

IO Statistics
#IO                        12
  #input                    5
  #output                   7
  #inout                    0

Utilization Statistics
#lut                     3209   out of  19600   16.37%
#reg                     2234   out of  19600   11.40%
#le                      3946
  #lut only              1712   out of   3946   43.39%
  #reg only               737   out of   3946   18.68%
  #lut&reg               1497   out of   3946   37.94%
#dsp                        0   out of     29    0.00%
#bram                       2   out of     64    3.12%
  #bram9k                   2
  #fifo9k                   0
#bram32k                    6   out of     16   37.50%
#pad                       16   out of    188    8.51%
  #ireg                     0
  #oreg                     4
  #treg                     0
#pll                        2   out of      4   50.00%
#gclk                       4   out of     16   25.00%

Clock Resource Statistics
Index     ClockNet                                    Type               DriverType         Driver                                         Fanout
#1        u_hdmi_top/dpc/pclk                         GCLK               pll                u_clk_wiz_1/pll_inst.clkc1                     703
#2        u_clk_wiz_0/clk0_buf                        GCLK               pll                u_clk_wiz_0/pll_inst.clkc0                     172
#3        u_ddr3_top/u_sdram_fifo_ctrl/wrfifo/clkw    GCLK               pll                u_clk_wiz_0/pll_inst.clkc3                     155
#4        config_inst_syn_9                           GCLK               config             config_inst.jtck                               77
#5        u_sd_ctrl_top/u_sd_init/div_clk             GCLK               lslice             u_hdmi_top/dpc/t3_max_of_min_b[15]_syn_8.q0    62
#6        sys_clk_dup_1                               GCLK               io                 sys_clk_syn_2.di                               55
#7        u_clk_wiz_1/clk0_buf                        GCLK               pll                u_clk_wiz_1/pll_inst.clkc0                     39
#8        u_sd_ctrl_top/u_sd_read/clk_ref_180deg      GCLK               pll                u_clk_wiz_0/pll_inst.clkc4                     22
#9        u_ddr3_top/clk_sdram                        GCLK               pll                u_clk_wiz_0/pll_inst.clkc1                     0


Detailed IO Report

        Name           Direction    Location    IOStandard    DriveStrength    PullType    PackReg  
       sd_miso           INPUT        D14        LVCMOS33          N/A          PULLUP      NONE    
   switch_video[1]       INPUT        B10        LVCMOS33          N/A          PULLUP      NONE    
   switch_video[0]       INPUT        A10        LVCMOS33          N/A          PULLUP      NONE    
       sys_clk           INPUT         R7        LVCMOS33          N/A          PULLUP      NONE    
      sys_rst_n          INPUT         A9        LVCMOS33          N/A          PULLUP      NONE    
       sd_clk           OUTPUT        F15        LVCMOS33           8            NONE       NONE    
        sd_cs           OUTPUT        F13        LVCMOS33           8            NONE       NONE    
       sd_mosi          OUTPUT        F14        LVCMOS33           8            NONE       NONE    
     tmds_clk_p         OUTPUT         P1         LVDS33           NA            NONE      ODDRX1   
    tmds_clk_p(n)       OUTPUT         R1         LVDS33           NA            NONE      ODDRX1   
   tmds_data_p[2]       OUTPUT         J3         LVDS33           NA            NONE      ODDRX1   
  tmds_data_p[2](n)     OUTPUT         J4         LVDS33           NA            NONE      ODDRX1   
   tmds_data_p[1]       OUTPUT         P4         LVDS33           NA            NONE      ODDRX1   
  tmds_data_p[1](n)     OUTPUT         N4         LVDS33           NA            NONE      ODDRX1   
   tmds_data_p[0]       OUTPUT         N1         LVDS33           NA            NONE      ODDRX1   
  tmds_data_p[0](n)     OUTPUT         M1         LVDS33           NA            NONE      ODDRX1   
       dq[23]            INPUT        S31        LVCMOS25           8           PULLUP      NONE    
       dq[22]            INPUT        S32        LVCMOS25           8           PULLUP      NONE    
       dq[21]            INPUT        S35        LVCMOS25           8           PULLUP      NONE    
       dq[20]            INPUT        S36        LVCMOS25           8           PULLUP      NONE    
       dq[19]            INPUT        S37        LVCMOS25           8           PULLUP      NONE    
       dq[18]            INPUT        S38        LVCMOS25           8           PULLUP      NONE    
       dq[17]            INPUT        S41        LVCMOS25           8           PULLUP      NONE    
       dq[16]            INPUT        S42        LVCMOS25           8           PULLUP      NONE    
       dq[31]            INPUT        S48        LVCMOS25           8           PULLUP      NONE    
       dq[30]            INPUT        S49        LVCMOS25           8           PULLUP      NONE    
       dq[29]            INPUT        S52        LVCMOS25           8           PULLUP      NONE    
       dq[28]            INPUT        S53        LVCMOS25           8           PULLUP      NONE    
       dq[27]            INPUT        S54        LVCMOS25           8           PULLUP      NONE    
       dq[26]            INPUT        S55        LVCMOS25           8           PULLUP      NONE    
       dq[25]            INPUT        S58        LVCMOS25           8           PULLUP      NONE    
       dq[24]            INPUT        S59        LVCMOS25           8           PULLUP      NONE    
         dm0            OUTPUT        S14        LVCMOS25           8            NONE       NONE    
         cke            OUTPUT        S18        LVCMOS25           8            NONE       OREG    
        we_n            OUTPUT        S19        LVCMOS25           8            NONE       OREG    
        cas_n           OUTPUT        S20        LVCMOS25           8            NONE       OREG    
        ras_n           OUTPUT        S21        LVCMOS25           8            NONE       OREG    
        cs_n            OUTPUT        S22        LVCMOS25           8            NONE       OREG    
       addr[9]          OUTPUT        S23        LVCMOS25           8            NONE       OREG    
       addr[8]          OUTPUT        S24        LVCMOS25           8            NONE       OREG    
       addr[7]          OUTPUT        S25        LVCMOS25           8            NONE       OREG    
       addr[6]          OUTPUT        S26        LVCMOS25           8            NONE       OREG    
       addr[5]          OUTPUT        S27        LVCMOS25           8            NONE       OREG    
       addr[4]          OUTPUT        S28        LVCMOS25           8            NONE       OREG    
         dm2            OUTPUT        S29        LVCMOS25           8            NONE       NONE    
         dm3            OUTPUT        S61        LVCMOS25           8            NONE       NONE    
       addr[3]          OUTPUT        S64        LVCMOS25           8            NONE       OREG    
       addr[2]          OUTPUT        S65        LVCMOS25           8            NONE       OREG    
       addr[1]          OUTPUT        S66        LVCMOS25           8            NONE       OREG    
       addr[0]          OUTPUT        S67        LVCMOS25           8            NONE       OREG    
      addr[10]          OUTPUT        S68        LVCMOS25           8            NONE       OREG    
        ba[0]           OUTPUT        S69        LVCMOS25           8            NONE       OREG    
        ba[1]           OUTPUT        S70        LVCMOS25           8            NONE       OREG    
         clk            OUTPUT        S73        LVCMOS25           8            NONE       NONE    
         dm1            OUTPUT        S76        LVCMOS25           8            NONE       NONE    
        dq[0]            INOUT         S1        LVCMOS25           8           PULLUP      IREG    
        dq[6]            INOUT        S11        LVCMOS25           8           PULLUP      IREG    
        dq[7]            INOUT        S12        LVCMOS25           8           PULLUP      IREG    
        dq[1]            INOUT         S2        LVCMOS25           8           PULLUP      IREG    
        dq[2]            INOUT         S5        LVCMOS25           8           PULLUP      IREG    
        dq[3]            INOUT         S6        LVCMOS25           8           PULLUP      IREG    
        dq[4]            INOUT         S7        LVCMOS25           8           PULLUP      IREG    
        dq[8]            INOUT        S78        LVCMOS25           8           PULLUP      IREG    
        dq[9]            INOUT        S79        LVCMOS25           8           PULLUP      IREG    
        dq[5]            INOUT         S8        LVCMOS25           8           PULLUP      IREG    
       dq[10]            INOUT        S82        LVCMOS25           8           PULLUP      IREG    
       dq[11]            INOUT        S83        LVCMOS25           8           PULLUP      IREG    
       dq[12]            INOUT        S84        LVCMOS25           8           PULLUP      IREG    
       dq[13]            INOUT        S85        LVCMOS25           8           PULLUP      IREG    
       dq[14]            INOUT        S88        LVCMOS25           8           PULLUP      IREG    
       dq[15]            INOUT        S89        LVCMOS25           8           PULLUP      IREG    

Report Hierarchy Area:
+-------------------------------------------------------------------------------------------------------------------------------------+
|Instance                            |Module                                     |le     |lut     |ripple  |seq     |bram    |dsp     |
+-------------------------------------------------------------------------------------------------------------------------------------+
|top                                 |sd_bmp_hdmi                                |3946   |2417    |792     |2238    |8       |0       |
|  u_clk_wiz_0                       |PLL                                        |0      |0       |0       |0       |0       |0       |
|  u_clk_wiz_1                       |PLL_hdmi                                   |0      |0       |0       |0       |0       |0       |
|  u_ddr3_top                        |ddr3_top1                                  |566    |364     |100     |351     |2       |0       |
|    physica_sdram                   |SDRAM                                      |0      |0       |0       |0       |0       |0       |
|    u_sdram_controller              |sdram_controller                           |200    |145     |40      |86      |0       |0       |
|      u_sdram_cmd                   |sdram_cmd                                  |37     |37      |0       |18      |0       |0       |
|      u_sdram_ctrl                  |sdram_ctrl                                 |147    |102     |40      |52      |0       |0       |
|      u_sdram_data                  |sdram_data                                 |16     |6       |0       |16      |0       |0       |
|    u_sdram_fifo_ctrl               |sdram_fifo_ctrl                            |366    |219     |60      |265     |2       |0       |
|      rdfifo                        |SOFTFIFO                                   |143    |89      |18      |116     |1       |0       |
|        ram_inst                    |ram_infer_SOFTFIFO                         |16     |1       |0       |16      |1       |0       |
|        rd_to_wr_cross_inst         |fifo_cross_domain_addr_process_al_SOFTFIFO |39     |30      |0       |38      |0       |0       |
|        wr_to_rd_cross_inst         |fifo_cross_domain_addr_process_al_SOFTFIFO |34     |30      |0       |34      |0       |0       |
|      wrfifo                        |SOFTFIFO                                   |145    |78      |18      |119     |1       |0       |
|        ram_inst                    |ram_infer_SOFTFIFO                         |16     |1       |0       |16      |1       |0       |
|        rd_to_wr_cross_inst         |fifo_cross_domain_addr_process_al_SOFTFIFO |39     |26      |0       |39      |0       |0       |
|        wr_to_rd_cross_inst         |fifo_cross_domain_addr_process_al_SOFTFIFO |34     |20      |0       |34      |0       |0       |
|  u_hdmi_top                        |hdmi_top1                                  |2374   |1358    |504     |1283    |4       |0       |
|    dpc                             |isp_dpc                                    |1925   |1030    |407     |1105    |4       |0       |
|      linebuffer                    |shift_register                             |57     |40      |16      |26      |4       |0       |
|        gen_ram_inst[0]$u_ram       |simple_dp_ram                              |0      |0       |0       |0       |1       |0       |
|        gen_ram_inst[1]$u_ram       |simple_dp_ram                              |0      |0       |0       |0       |1       |0       |
|        gen_ram_inst[2]$u_ram       |simple_dp_ram                              |0      |0       |0       |0       |1       |0       |
|        gen_ram_inst[3]$u_ram       |simple_dp_ram                              |0      |0       |0       |0       |1       |0       |
|    u3_hdmi_tx                      |hdmi_tx                                    |300    |240     |36      |154     |0       |0       |
|      Inst_DVITransmitter           |DVITransmitter                             |300    |240     |36      |154     |0       |0       |
|        Inst_TMDSEncoder_blue       |TMDSEncoder                                |96     |78      |12      |42      |0       |0       |
|        Inst_TMDSEncoder_green      |TMDSEncoder                                |77     |65      |12      |29      |0       |0       |
|        Inst_TMDSEncoder_red        |TMDSEncoder                                |79     |65      |12      |35      |0       |0       |
|        Inst_blue_serializer_10_1   |Serial_N_1_lvds_dat                        |22     |15      |0       |22      |0       |0       |
|        Inst_clk_serializer_10_1    |Serial_N_1_lvds                            |5      |3       |0       |5       |0       |0       |
|        Inst_green_serializer_10_1  |Serial_N_1_lvds_dat                        |10     |6       |0       |10      |0       |0       |
|        Inst_red_serializer_10_1    |Serial_N_1_lvds_dat                        |11     |8       |0       |11      |0       |0       |
|    u_video_driver                  |video_driver                               |149    |88      |61      |24      |0       |0       |
|  u_sd_ctrl_top                     |sd_ctrl_top                                |341    |269     |45      |218     |0       |0       |
|    u_sd_init                       |sd_init                                    |195    |152     |30      |112     |0       |0       |
|    u_sd_read                       |sd_read                                    |146    |117     |15      |106     |0       |0       |
|  u_sd_read_photo                   |read_rawdata                               |300    |217     |72      |163     |0       |0       |
|  cw_top                            |CW_TOP_WRAPPER                             |361    |205     |71      |218     |0       |0       |
|    wrapper_cwc_top                 |cwc_top                                    |361    |205     |71      |218     |0       |0       |
|      cfg_int_inst                  |cwc_cfg_int                                |128    |54      |0       |123     |0       |0       |
|        reg_inst                    |register                                   |126    |52      |0       |121     |0       |0       |
|        tap_inst                    |tap                                        |2      |2       |0       |2       |0       |0       |
|      trigger_inst                  |trigger                                    |233    |151     |71      |95      |0       |0       |
|        bus_inst                    |bus_top                                    |19     |12      |6       |11      |0       |0       |
|          BUS_DETECTOR[0]$bus_nodes |bus_det                                    |1      |1       |0       |1       |0       |0       |
|          BUS_DETECTOR[2]$bus_nodes |bus_det                                    |1      |0       |0       |1       |0       |0       |
|          BUS_DETECTOR[3]$bus_nodes |bus_det                                    |3      |3       |0       |3       |0       |0       |
|          BUS_DETECTOR[4]$bus_nodes |bus_det                                    |14     |8       |6       |6       |0       |0       |
|        emb_ctrl_inst               |emb_ctrl                                   |120    |87      |33      |53      |0       |0       |
+-------------------------------------------------------------------------------------------------------------------------------------+


DataNet Average Fanout:

   Index     Fanout     Nets  
    #1          1       2823  
    #2          2       814   
    #3          3       294   
    #4          4       142   
    #5        5-10      397   
    #6        11-50     115   
    #7       51-100      3    
    #8       101-500     1    
    #9        >500       1    
  Average     2.57            

RUN-1002 : start command "export_db SD-SDRAM-ISP-HDMI_pr.db"
RUN-1001 : Exported /
RUN-1001 : Exported flow parameters
RUN-1001 : Exported libs
RUN-1001 : Exported entities
RUN-1001 : Exported ports
RUN-1001 : Exported pins
RUN-1001 : Exported instances
RUN-1001 : Exported nets
RUN-1001 : Exported buses
RUN-1001 : Exported models
RUN-1001 : Exported congestions
RUN-1001 : Exported violations
RUN-1001 : Exported timing constraints
RUN-1001 : Exported IO constraints
RUN-1001 : Exported Inst constraints
RUN-1001 : Exported ChipWatcher
RUN-1002 : start command "start_timer"
TMR-2505 : Start building timing graph for model sd_bmp_hdmi.
TMR-2506 : Build timing graph completely. Port num: 9, tpin num: 17692, tnet num: 4611, tinst num: 2120, tnode num: 22617, tedge num: 30157.
TMR-2508 : Levelizing timing graph completed, there are 29 levels in total.
TMR-2501 : Timing graph initialized successfully.
RUN-1002 : start command "report_timing -mode FINAL -net_info -rpt_autogen true -file SD-SDRAM-ISP-HDMI_phy.timing"
TMR-2503 : Start to update net delay, extr mode = 6.
TMR-2504 : Update delay of 4611 nets completely.
TMR-2502 : Annotate delay completely, extr mode = 6.
TMR-3001 : Initiate 0 clocks from SDC.
TMR-3004 : Map sdc constraints, there are 8 constraints in total.
TMR-3003 : Constraints initiated successfully.
TMR-3501 : Forward propagation: start to calculate arrival time...
TMR-3502 : Backward propagation: start to calculate required time...
TMR-3503 : Timing propagation completes.
TMR-3506 : Start to generate timing report.
TMR-1502 : Number of clock constraints = 0. Number of clock nets = 9 (9 unconstrainted).
TMR-5009 WARNING: No clock constraint on 9 clock net(s): 
		config_inst_syn_10
		sys_clk_dup_1
		u_clk_wiz_1/clk0_out
		u_ddr3_top/clk_sdram
		u_ddr3_top/u_sdram_fifo_ctrl/clk_ref
		u_ddr3_top/u_sdram_fifo_ctrl/wrfifo/clkw
		u_hdmi_top/dpc/pclk
		u_sd_ctrl_top/u_sd_init/div_clk_syn_4
		u_sd_ctrl_top/u_sd_read/clk_ref_180deg
USR-6122 CRITICAL-WARNING: No clock constraint on PLL u_clk_wiz_0/pll_inst
USR-6122 CRITICAL-WARNING: No clock constraint on PLL u_clk_wiz_1/pll_inst
TMR-3508 : Export timing summary.
TMR-3507 : Timing report generated successfully in SD-SDRAM-ISP-HDMI_phy.timing, timing summary in SD-SDRAM-ISP-HDMI_phy.tsm.
RUN-1002 : start command "export_bid SD-SDRAM-ISP-HDMI_inst.bid"
PRG-1000 : <!-- HMAC is: af07bef4fad32c730ea2c2e324d7eb04ff6060e6b28631c1221d6b2444842036 -->
RUN-1002 : start command "bitgen -bit SD-SDRAM-ISP-HDMI.bit"
BIT-1003 : Start to generate bitstream. 
BIT-1002 : Init instances with 16 threads.
BIT-1002 : Init instances completely, inst num: 2120
BIT-1002 : Init pips with 16 threads.
BIT-1002 : Init pips completely, net num: 4613, pip num: 40468
BIT-1002 : Init feedthrough with 16 threads.
BIT-1002 : Init feedthrough completely, num: 19
BIT-1003 : Multithreading accelaration with 16 threads.
BIT-1003 : Generate bitstream completely, there are 1993 valid insts, and 121951 bits set as '1'.
BIT-1004 : the usercode register value: 00000000000010000101000110101001
BIT-1004 : PLL setting string = 0110
BIT-1004 : Generate bits file SD-SDRAM-ISP-HDMI.bit.
RUN-1003 : finish command "bitgen -bit SD-SDRAM-ISP-HDMI.bit" in  4.215352s wall, 19.000000s user + 0.125000s system = 19.125000s CPU (453.7%)

RUN-1004 : used memory is 624 MB, reserved memory is 596 MB, peak memory is 822 MB
RUN-1002 : start command "backup_run_log run.log ../.logs/phy_1/td_20240704_165757.log"
