============================================================
   Tang Dynasty, V5.6.71036
      Copyright (c) 2012-2023 Anlogic Inc.
   Executable = F:/ARMChina/bin/td.exe
   Built at =   20:34:38 Mar 21 2023
   Run by =     Illyasvial Von Einzb
   Run Date =   Thu Jul  4 15:27:24 2024

   Run on =     LAPTOP-4S5LNBPI
============================================================
RUN-1002 : start command "open_project SD-SDRAM-ISP-HDMI.prj"
RUN-1001 : Print Global Property
RUN-1001 : ---------------------------------------------------------------
RUN-1001 :        Parameters        |  Settings  |  Default Values  |  Note  
RUN-1001 : ---------------------------------------------------------------
RUN-1001 :          message         |  standard  |     standard     |        
RUN-1001 :   mixed_pack_place_flow  |     on     |        on        |        
RUN-1001 :        qor_monitor       |    off     |       off        |        
RUN-1001 :        syn_ip_flow       |    off     |       off        |        
RUN-1001 :          thread          |    auto    |       auto       |        
RUN-1001 : ---------------------------------------------------------------
RUN-1001 : Print Design Property
RUN-1001 : --------------------------------------------------------------
RUN-1001 :        Parameters       |  Settings  |  Default Values  |  Note  
RUN-1001 : --------------------------------------------------------------
RUN-1001 :   default_reg_initial   |    auto    |       auto       |        
RUN-1001 :        infer_add        |     on     |        on        |        
RUN-1001 :        infer_fsm        |    off     |       off        |        
RUN-1001 :        infer_mult       |     on     |        on        |        
RUN-1001 :        infer_ram        |     on     |        on        |        
RUN-1001 :        infer_reg        |     on     |        on        |        
RUN-1001 :   infer_reg_init_value  |     on     |        on        |        
RUN-1001 :        infer_rom        |     on     |        on        |        
RUN-1001 :      infer_shifter      |     on     |        on        |        
RUN-1001 : --------------------------------------------------------------
RUN-1001 : Print Rtl Property
RUN-1001 : --------------------------------------------------------------
RUN-1001 :        Parameters       |  Settings  |  Default Values  |  Note  
RUN-1001 : --------------------------------------------------------------
RUN-1001 :       compress_add      |   ripple   |      ripple      |        
RUN-1001 :        elf_sload        |    off     |       off        |        
RUN-1001 :       fix_undriven      |     0      |        0         |        
RUN-1001 :         flatten         |    off     |       off        |        
RUN-1001 :       gate_sharing      |     on     |        on        |        
RUN-1001 :    hdl_warning_level    |   normal   |      normal      |        
RUN-1001 :   impl_internal_tribuf  |     on     |        on        |        
RUN-1001 :      impl_set_reset     |     on     |        on        |        
RUN-1001 :        infer_gsr        |    off     |       off        |        
RUN-1001 :      keep_hierarchy     |    auto    |       auto       |        
RUN-1001 :        max_fanout       |    9999    |       9999       |        
RUN-1001 :      max_oh2bin_len     |     10     |        10        |        
RUN-1001 :       merge_equal       |     on     |        on        |        
RUN-1001 :       merge_equiv       |     on     |        on        |        
RUN-1001 :        merge_mux        |    off     |       off        |        
RUN-1001 :     min_control_set     |     8      |        8         |        
RUN-1001 :      min_ripple_len     |    auto    |       auto       |        
RUN-1001 :       oh2bin_ratio      |    0.08    |       0.08       |        
RUN-1001 :     opt_adder_fanout    |     on     |        on        |        
RUN-1001 :        opt_arith        |     on     |        on        |        
RUN-1001 :       opt_big_gate      |    off     |       off        |        
RUN-1001 :        opt_const        |     on     |        on        |        
RUN-1001 :      opt_const_mult     |     on     |        on        |        
RUN-1001 :       opt_lessthan      |     on     |        on        |        
RUN-1001 :         opt_mux         |    off     |       off        |        
RUN-1001 :         opt_ram         |    high    |       high       |        
RUN-1001 :      rtl_sim_model      |    off     |       off        |        
RUN-1001 :         seq_syn         |     on     |        on        |        
RUN-1001 : --------------------------------------------------------------
HDL-1007 : analyze verilog file ../../import/ddr3-al_ip/SOFTFIFO.v
HDL-1007 : analyze verilog file ../../import/ddr3-al_ip/SDRAM.v
HDL-1007 : analyze verilog file ../../al_ip/PLL.v
HDL-1007 : undeclared symbol 'open', assumed default net type 'wire' in ../../al_ip/PLL.v(92)
HDL-1007 : analyze verilog file ../../al_ip/PLL_hdmi.v
HDL-1007 : undeclared symbol 'open', assumed default net type 'wire' in ../../al_ip/PLL_hdmi.v(70)
HDL-1007 : analyze VHDL file ../../import/hdmi-rtl/enc_file/SerializerN_1_lvds.enc.vhd
Copyright (c) 1998-2019 The OpenSSL Project.  All rights reserved.
This product includes software developed by the OpenSSL Project
for use in the OpenSSL Toolkit (http://www.openssl.org/)
Copyright (C) 1995-1998 Eric Young (eay@cryptsoft.com)
All rights reserved.
This product includes cryptographic software written by Eric Young (eay@cryptsoft.com)
HDL-1007 : analyze entity ** in encrypted_text(0)
HDL-1007 : analyze architecture ** in encrypted_text(0)
HDL-1007 : analyze VHDL file ../../import/hdmi-rtl/enc_file/SerializerN_1_lvds_dat.enc.vhd
HDL-1007 : analyze entity ** in encrypted_text(0)
HDL-1007 : analyze architecture ** in encrypted_text(0)
HDL-1007 : analyze VHDL file ../../import/hdmi-rtl/enc_file/TMDSEncoder.enc.vhd
HDL-1007 : analyze entity ** in encrypted_text(0)
HDL-1007 : analyze architecture ** in encrypted_text(0)
HDL-1007 : analyze verilog file ../../import/hdmi-rtl/enc_file/video_tpg_1024768.enc.v
HDL-5007 WARNING: literal value ** truncated to fit in ** bits in encrypted_text(0)
HDL-1007 : back to file '../../import/hdmi-rtl/enc_file/video_tpg_1024768.enc.v' in ../../import/hdmi-rtl/enc_file/video_tpg_1024768.enc.v(216)
HDL-1007 : analyze verilog file ../../import/hdmi-rtl/enc_file/video_tpg_1080p.enc.v
HDL-1007 : back to file '../../import/hdmi-rtl/enc_file/video_tpg_1080p.enc.v' in ../../import/hdmi-rtl/enc_file/video_tpg_1080p.enc.v(208)
HDL-1007 : analyze verilog file ../../import/hdmi-rtl/enc_file/video_tpg_12801024p.enc.v
HDL-1007 : back to file '../../import/hdmi-rtl/enc_file/video_tpg_12801024p.enc.v' in ../../import/hdmi-rtl/enc_file/video_tpg_12801024p.enc.v(207)
HDL-1007 : analyze verilog file ../../import/hdmi-rtl/enc_file/video_tpg_1280800.enc.v
HDL-5007 WARNING: literal value ** truncated to fit in ** bits in encrypted_text(0)
HDL-1007 : back to file '../../import/hdmi-rtl/enc_file/video_tpg_1280800.enc.v' in ../../import/hdmi-rtl/enc_file/video_tpg_1280800.enc.v(216)
HDL-1007 : analyze verilog file ../../import/hdmi-rtl/enc_file/video_tpg_16801050p.enc.v
HDL-1007 : back to file '../../import/hdmi-rtl/enc_file/video_tpg_16801050p.enc.v' in ../../import/hdmi-rtl/enc_file/video_tpg_16801050p.enc.v(209)
HDL-1007 : analyze verilog file ../../import/hdmi-rtl/enc_file/video_tpg_800600.enc.v
HDL-1007 : back to file '../../import/hdmi-rtl/enc_file/video_tpg_800600.enc.v' in ../../import/hdmi-rtl/enc_file/video_tpg_800600.enc.v(211)
HDL-1007 : analyze verilog file ../../import/hdmi_top/hdmi_top.v
HDL-1007 : analyze verilog file ../../import/hdmi_top/video_driver.v
HDL-1007 : analyze verilog file ../../import/sd_bmp_hdmi.v
HDL-1007 : undeclared symbol 'rd_vsync', assumed default net type 'wire' in ../../import/sd_bmp_hdmi.v(200)
HDL-1007 : analyze verilog file ../../import/sd_ctrl_top/sd_ctrl_top.v
HDL-1007 : analyze verilog file ../../import/sd_ctrl_top/sd_init.v
HDL-1007 : analyze verilog file ../../import/sd_ctrl_top/sd_read.v
HDL-1007 : analyze verilog file ../../import/sd_ctrl_top/sd_write.v
HDL-1007 : analyze VHDL file ../../import/hdmi-rtl/enc_file/DVITransmitter.enc.vhd
HDL-1007 : analyze entity dvitransmitter in ../../import/hdmi-rtl/enc_file/DVITransmitter.enc.vhd(13)
HDL-1007 : analyze architecture ** in encrypted_text(0)
HDL-1007 : analyze VHDL file ../../import/hdmi-rtl/hdmi_tx.vhd
HDL-1007 : analyze entity hdmi_tx in ../../import/hdmi-rtl/hdmi_tx.vhd(11)
HDL-1007 : analyze architecture behavioral in ../../import/hdmi-rtl/hdmi_tx.vhd(33)
HDL-1007 : analyze verilog file ../../import/DDR3-rtl/sdram_cmd.v
HDL-1007 : analyze included file ../../import/DDR3-rtl/sdram_para.v in ../../import/DDR3-rtl/sdram_cmd.v(46)
HDL-1007 : back to file '../../import/DDR3-rtl/sdram_cmd.v' in ../../import/DDR3-rtl/sdram_cmd.v(46)
HDL-1007 : analyze verilog file ../../import/DDR3-rtl/sdram_controller.v
HDL-1007 : analyze verilog file ../../import/DDR3-rtl/sdram_ctrl.v
HDL-1007 : analyze included file ../../import/DDR3-rtl/sdram_para.v in ../../import/DDR3-rtl/sdram_ctrl.v(19)
HDL-1007 : back to file '../../import/DDR3-rtl/sdram_ctrl.v' in ../../import/DDR3-rtl/sdram_ctrl.v(19)
HDL-1007 : analyze verilog file ../../import/DDR3-rtl/sdram_data.v
HDL-1007 : analyze included file ../../import/DDR3-rtl/sdram_para.v in ../../import/DDR3-rtl/sdram_data.v(13)
HDL-1007 : back to file '../../import/DDR3-rtl/sdram_data.v' in ../../import/DDR3-rtl/sdram_data.v(13)
HDL-1007 : analyze verilog file ../../import/DDR3-rtl/sdram_fifo_ctrl.v
HDL-1007 : analyze verilog file ../../import/DDR3-rtl/sdram_top.v
HDL-1007 : analyze verilog file ../../import/read_rawdata.v
HDL-1007 : analyze verilog file ../../import/hdmi_top/ISP_dpc.v
HDL-1007 : analyze verilog file ../../import/hdmi_top/ISP_include.v
HDL-1007 : analyze verilog file ../../import/hdmi_top/ISP_bnr.v
RUN-1001 : Project manager successfully analyzed 33 source files.
RUN-1002 : start command "import_device eagle_s20.db -package EG4S20BG256"
ARC-1001 : Device Initialization.
ARC-1001 : ------------------------------------------------------------------
ARC-1001 :            OPTION            |          IO          |   SETTING   
ARC-1001 : ------------------------------------------------------------------
ARC-1001 :   cso_b/cclk/mosi/miso/dout  |  T3/R11/T10/P10/S11  |    gpio    
ARC-1001 :             done             |         P13          |    gpio    
ARC-1001 :           program_b          |          T2          |  dedicate  
ARC-1001 :        tdi/tms/tck/tdo       |   C12/A15/C14/E14    |  dedicate  
ARC-1001 : ------------------------------------------------------------------
ARC-1004 : Device setting, marked 5 dedicate IOs in total.
RUN-1002 : start command "import_db ../syn_1/SD-SDRAM-ISP-HDMI_gate.db"
RUN-1001 : Importing database generated by Tang Dynasty, V5.6.71036.
RUN-1001 : Database version number 46146.
RUN-1001 : Import flow parameters
RUN-1001 : Import timing constraints
RUN-1001 : Import IO constraints
RUN-1001 : Import Inst constraints
RUN-1001 : Import design success TD_VERSION=5.6.71036 , DB_VERSION=46146
RUN-1002 : start command "read_sdc -ip SOFTFIFO ../../import/ddr3-al_ip/SOFTFIFO.tcl"
RUN-1002 : start command "get_ports clkw"
RUN-1002 : start command "get_nets  clkw  "
RUN-1002 : start command "get_clocks -nowarn -of nets 9663676416000"
RUN-1002 : start command "get_ports clkr"
RUN-1002 : start command "get_nets  clkr  "
RUN-1002 : start command "get_clocks -nowarn -of nets 33165737459712"
RUN-1002 : start command "get_property -nowarn -max PERIOD "
RUN-1002 : start command "get_property -nowarn -max PERIOD "
RUN-1002 : start command "get_regs rd_to_wr_cross_inst/primary_addr_gray_reg[*]"
RUN-1002 : start command "get_regs rd_to_wr_cross_inst/sync_r1[*]"
RUN-1002 : start command "set_max_delay -from  -to  999.70000000000005 -datapath_only"
RUN-1002 : start command "get_regs rd_to_wr_cross_inst/primary_addr_gray_reg[*]"
RUN-1002 : start command "get_regs rd_to_wr_cross_inst/sync_r1[*]"
RUN-1002 : start command "set_false_path -from  -to  -hold 999.70000000000005"
USR-1002 : set_false_path -help -setup -hold -from <list> -rise_from <list> -fall_from <list> -to <list> -rise_to <list> -fall_to <list> -through <list>
RUN-1002 : start command "get_regs wr_to_rd_cross_inst/primary_addr_gray_reg[*]"
RUN-1002 : start command "get_regs wr_to_rd_cross_inst/sync_r1[*]"
RUN-1002 : start command "set_max_delay -from  -to  999.70000000000005 -datapath_only"
RUN-1002 : start command "get_regs wr_to_rd_cross_inst/primary_addr_gray_reg[*]"
RUN-1002 : start command "get_regs wr_to_rd_cross_inst/sync_r1[*]"
RUN-1002 : start command "set_false_path -from  -to  -hold 999.70000000000005"
USR-1002 : set_false_path -help -setup -hold -from <list> -rise_from <list> -fall_from <list> -to <list> -rise_to <list> -fall_to <list> -through <list>
RUN-1002 : start command "get_ports clkw"
RUN-1002 : start command "get_nets  clkw  "
RUN-1002 : start command "get_clocks -nowarn -of nets 17514876633088"
RUN-1002 : start command "get_ports clkr"
RUN-1002 : start command "get_nets  clkr  "
RUN-1002 : start command "get_clocks -nowarn -of nets 9663676416000"
RUN-1002 : start command "get_property -nowarn -max PERIOD "
RUN-1002 : start command "get_property -nowarn -max PERIOD "
RUN-1002 : start command "get_regs rd_to_wr_cross_inst/primary_addr_gray_reg[*]"
RUN-1002 : start command "get_regs rd_to_wr_cross_inst/sync_r1[*]"
RUN-1002 : start command "set_max_delay -from  -to  999.70000000000005 -datapath_only"
RUN-1002 : start command "get_regs rd_to_wr_cross_inst/primary_addr_gray_reg[*]"
RUN-1002 : start command "get_regs rd_to_wr_cross_inst/sync_r1[*]"
RUN-1002 : start command "set_false_path -from  -to  -hold 999.70000000000005"
USR-1002 : set_false_path -help -setup -hold -from <list> -rise_from <list> -fall_from <list> -to <list> -rise_to <list> -fall_to <list> -through <list>
RUN-1002 : start command "get_regs wr_to_rd_cross_inst/primary_addr_gray_reg[*]"
RUN-1002 : start command "get_regs wr_to_rd_cross_inst/sync_r1[*]"
RUN-1002 : start command "set_max_delay -from  -to  999.70000000000005 -datapath_only"
RUN-1002 : start command "get_regs wr_to_rd_cross_inst/primary_addr_gray_reg[*]"
RUN-1002 : start command "get_regs wr_to_rd_cross_inst/sync_r1[*]"
RUN-1002 : start command "set_false_path -from  -to  -hold 999.70000000000005"
USR-1002 : set_false_path -help -setup -hold -from <list> -rise_from <list> -fall_from <list> -to <list> -rise_to <list> -fall_to <list> -through <list>
RUN-1002 : start command "config_chipwatcher ../../sd_HDMI.cwc -dir "
RUN-1002 : start command "legalize_phy_inst"
SYN-1011 : Flatten model sd_bmp_hdmi
KIT-1004 : ChipWatcher: import watcher inst auto_chipwatcher_0 completed, there are 6 view nodes, 24 trigger nets, 24 data nets.
KIT-1004 : Chipwatcher code = 1000011001101001
RUN-1002 : start command "compile_watcher"
RUN-1002 : start command "read_verilog -no_sch -dir F:/ARMChina/cw/ -file SD-SDRAM-ISP-HDMI_watcherInst.sv -lib cw -top CW_TOP_WRAPPER"
HDL-1007 : analyze verilog file F:/ARMChina/cw\bus_det.v
HDL-1007 : analyze verilog file F:/ARMChina/cw\bus_top.sv
HDL-1007 : analyze verilog file F:/ARMChina/cw\cfg_int.v
HDL-1007 : analyze verilog file F:/ARMChina/cw\cwc_cfg_int.v
HDL-1007 : analyze verilog file F:/ARMChina/cw\cwc_top.sv
HDL-1007 : analyze verilog file F:/ARMChina/cw\detect_bus.v
HDL-1007 : analyze verilog file F:/ARMChina/cw\detect_non_bus.v
HDL-1007 : analyze verilog file F:/ARMChina/cw\emb_ctrl.v
HDL-1007 : analyze verilog file F:/ARMChina/cw\register.v
HDL-1007 : analyze verilog file F:/ARMChina/cw\tap.v
HDL-1007 : analyze verilog file F:/ARMChina/cw\trigger.sv
HDL-1007 : analyze verilog file SD-SDRAM-ISP-HDMI_watcherInst.sv
HDL-1007 : elaborate module CW_TOP_WRAPPER in SD-SDRAM-ISP-HDMI_watcherInst.sv(1)
HDL-1007 : elaborate module cwc_top(BUS_NUM=6,BUS_DIN_NUM=24,BUS_CTRL_NUM=72,BUS_WIDTH='{32'sb01,32'sb01,32'sb01,32'sb01,32'sb010000,32'sb0100},BUS_DIN_POS='{32'sb0,32'sb01,32'sb010,32'sb011,32'sb0100,32'sb010100},BUS_CTRL_POS='{32'sb0,32'sb0110,32'sb01100,32'sb010010,32'sb011000,32'sb0111100}) in F:/ARMChina/cw\cwc_top.sv(21)
HDL-1007 : elaborate module cwc_cfg_int(CTRL_REG_LEN=94) in F:/ARMChina/cw\cwc_cfg_int.v(21)
HDL-1007 : elaborate module register(CTRL_REG_LEN=94) in F:/ARMChina/cw\register.v(21)
HDL-1007 : elaborate module tap in F:/ARMChina/cw\tap.v(21)
HDL-1007 : elaborate module trigger(BUS_NUM=6,BUS_DIN_NUM=24,BUS_CTRL_NUM=72,BUS_WIDTH='{32'sb01,32'sb01,32'sb01,32'sb01,32'sb010000,32'sb0100},BUS_DIN_POS='{32'sb0,32'sb01,32'sb010,32'sb011,32'sb0100,32'sb010100},BUS_CTRL_POS='{32'sb0,32'sb0110,32'sb01100,32'sb010010,32'sb011000,32'sb0111100}) in F:/ARMChina/cw\trigger.sv(21)
HDL-1007 : elaborate module bus_top(BUS_NODE_NUM=6,BUS_DIN_NUM=24,BUS_CTRL_NUM=72,BUS_WIDTH='{32'sb01,32'sb01,32'sb01,32'sb01,32'sb010000,32'sb0100},BUS_DIN_POS='{32'sb0,32'sb01,32'sb010,32'sb011,32'sb0100,32'sb010100},BUS_CTRL_POS='{32'sb0,32'sb0110,32'sb01100,32'sb010010,32'sb011000,32'sb0111100}) in F:/ARMChina/cw\bus_top.sv(22)
HDL-1007 : elaborate module bus_det(BUS_WIDTH=32'sb01) in F:/ARMChina/cw\bus_det.v(21)
HDL-1007 : elaborate module bus_det(BUS_WIDTH=32'sb010000) in F:/ARMChina/cw\bus_det.v(21)
HDL-1007 : elaborate module bus_det(BUS_WIDTH=32'sb0100) in F:/ARMChina/cw\bus_det.v(21)
HDL-1007 : elaborate module emb_ctrl in F:/ARMChina/cw\emb_ctrl.v(21)
HDL-1200 : Current top model is CW_TOP_WRAPPER
HDL-1100 : Inferred 0 RAMs.
RUN-1002 : start command "force_keep -a auto_chipwatcher_0_logicbram"
RUN-1002 : start command "optimize_rtl -no_sch"
RUN-1001 : Open license file F:/ARMChina/license/Anlogic.lic
RUN-1001 : Print Global Property
RUN-1001 : ---------------------------------------------------------------
RUN-1001 :        Parameters        |  Settings  |  Default Values  |  Note  
RUN-1001 : ---------------------------------------------------------------
RUN-1001 :          message         |  standard  |     standard     |        
RUN-1001 :   mixed_pack_place_flow  |     on     |        on        |        
RUN-1001 :        qor_monitor       |    off     |       off        |        
RUN-1001 :        syn_ip_flow       |    off     |       off        |        
RUN-1001 :          thread          |    auto    |       auto       |        
RUN-1001 : ---------------------------------------------------------------
RUN-1001 : Print Rtl Property
RUN-1001 : --------------------------------------------------------------
RUN-1001 :        Parameters       |  Settings  |  Default Values  |  Note  
RUN-1001 : --------------------------------------------------------------
RUN-1001 :       compress_add      |   ripple   |      ripple      |        
RUN-1001 :        elf_sload        |    off     |       off        |        
RUN-1001 :       fix_undriven      |     0      |        0         |        
RUN-1001 :         flatten         |    off     |       off        |        
RUN-1001 :       gate_sharing      |     on     |        on        |        
RUN-1001 :    hdl_warning_level    |   normal   |      normal      |        
RUN-1001 :   impl_internal_tribuf  |     on     |        on        |        
RUN-1001 :      impl_set_reset     |     on     |        on        |        
RUN-1001 :        infer_gsr        |    off     |       off        |        
RUN-1001 :      keep_hierarchy     |    auto    |       auto       |        
RUN-1001 :        max_fanout       |    9999    |       9999       |        
RUN-1001 :      max_oh2bin_len     |     10     |        10        |        
RUN-1001 :       merge_equal       |     on     |        on        |        
RUN-1001 :       merge_equiv       |     on     |        on        |        
RUN-1001 :        merge_mux        |    off     |       off        |        
RUN-1001 :     min_control_set     |     8      |        8         |        
RUN-1001 :      min_ripple_len     |    auto    |       auto       |        
RUN-1001 :       oh2bin_ratio      |    0.08    |       0.08       |        
RUN-1001 :     opt_adder_fanout    |     on     |        on        |        
RUN-1001 :        opt_arith        |     on     |        on        |        
RUN-1001 :       opt_big_gate      |    off     |       off        |        
RUN-1001 :        opt_const        |     on     |        on        |        
RUN-1001 :      opt_const_mult     |     on     |        on        |        
RUN-1001 :       opt_lessthan      |     on     |        on        |        
RUN-1001 :         opt_mux         |    off     |       off        |        
RUN-1001 :         opt_ram         |    high    |       high       |        
RUN-1001 :      rtl_sim_model      |    off     |       off        |        
RUN-1001 :         seq_syn         |     on     |        on        |        
RUN-1001 : --------------------------------------------------------------
SYN-1012 : SanityCheck: Model "sd_bmp_hdmi"
SYN-1012 : SanityCheck: Model "CW_TOP_WRAPPER"
SYN-1012 : SanityCheck: Model "cwc_top(BUS_NUM=6,BUS_DIN_NUM=24,BUS_CTRL_NUM=72,BUS_WIDTH='{32'sb01,32'sb01,32'sb01,32'sb01,32'sb010000,32'sb0100},BUS_DIN_POS='{32'sb0,32'sb01,32'sb010,32'sb011,32'sb0100,32'sb010100},BUS_CTRL_POS='{32'sb0,32'sb0110,32'sb01100,32'sb010010,32'sb011000,32'sb0111100})"
SYN-1012 : SanityCheck: Model "cwc_cfg_int(CTRL_REG_LEN=94)"
SYN-1012 : SanityCheck: Model "register(CTRL_REG_LEN=94)"
SYN-1012 : SanityCheck: Model "tap"
SYN-1012 : SanityCheck: Model "trigger(BUS_NUM=6,BUS_DIN_NUM=24,BUS_CTRL_NUM=72,BUS_WIDTH='{32'sb01,32'sb01,32'sb01,32'sb01,32'sb010000,32'sb0100},BUS_DIN_POS='{32'sb0,32'sb01,32'sb010,32'sb011,32'sb0100,32'sb010100},BUS_CTRL_POS='{32'sb0,32'sb0110,32'sb01100,32'sb010010,32'sb011000,32'sb0111100})"
SYN-1012 : SanityCheck: Model "bus_top(BUS_NODE_NUM=6,BUS_DIN_NUM=24,BUS_CTRL_NUM=72,BUS_WIDTH='{32'sb01,32'sb01,32'sb01,32'sb01,32'sb010000,32'sb0100},BUS_DIN_POS='{32'sb0,32'sb01,32'sb010,32'sb011,32'sb0100,32'sb010100},BUS_CTRL_POS='{32'sb0,32'sb0110,32'sb01100,32'sb010010,32'sb011000,32'sb0111100})"
SYN-1012 : SanityCheck: Model "bus_det(BUS_WIDTH=32'sb01)"
SYN-1012 : SanityCheck: Model "bus_det(BUS_WIDTH=32'sb010000)"
SYN-1012 : SanityCheck: Model "bus_det(BUS_WIDTH=32'sb0100)"
SYN-1012 : SanityCheck: Model "emb_ctrl"
SYN-1011 : Flatten model sd_bmp_hdmi
SYN-1032 : 7158/24 useful/useless nets, 5542/16 useful/useless insts
SYN-1016 : Merged 32 instances.
SYN-1032 : 6887/24 useful/useless nets, 5883/20 useful/useless insts
SYN-1014 : Optimize round 1
SYN-1021 : Optimized 2 onehot mux instances.
SYN-1020 : Optimized 1 distributor mux.
SYN-1019 : Optimized 2 mux instances.
SYN-1015 : Optimize round 1, 315 better
SYN-1014 : Optimize round 2
SYN-1032 : 6650/30 useful/useless nets, 5646/32 useful/useless insts
SYN-1015 : Optimize round 2, 64 better
SYN-1014 : Optimize round 1
SYN-1015 : Optimize round 1, 0 better
RUN-1003 : finish command "optimize_rtl -no_sch" in  1.009265s wall, 0.578125s user + 0.046875s system = 0.625000s CPU (61.9%)

RUN-1004 : used memory is 192 MB, reserved memory is 159 MB, peak memory is 194 MB
RUN-1002 : start command "optimize_gate -no_sch"
RUN-1001 : Open license file F:/ARMChina/license/Anlogic.lic
RUN-1001 : Print Global Property
RUN-1001 : ---------------------------------------------------------------
RUN-1001 :        Parameters        |  Settings  |  Default Values  |  Note  
RUN-1001 : ---------------------------------------------------------------
RUN-1001 :          message         |  standard  |     standard     |        
RUN-1001 :   mixed_pack_place_flow  |     on     |        on        |        
RUN-1001 :        qor_monitor       |    off     |       off        |        
RUN-1001 :        syn_ip_flow       |    off     |       off        |        
RUN-1001 :          thread          |    auto    |       auto       |        
RUN-1001 : ---------------------------------------------------------------
RUN-1001 : Print Gate Property
RUN-1001 : ------------------------------------------------------------------
RUN-1001 :          Parameters         |  Settings  |  Default Values  |  Note  
RUN-1001 : ------------------------------------------------------------------
RUN-1001 :         cascade_dsp         |    off     |       off        |        
RUN-1001 :         cascade_eram        |    off     |       off        |        
RUN-1001 :        gate_sim_model       |    off     |       off        |        
RUN-1001 :        map_sim_model        |    off     |       off        |        
RUN-1001 :         map_strategy        |     1      |        1         |        
RUN-1001 :           opt_area          |   medium   |      medium      |        
RUN-1001 :          opt_timing         |    auto    |       auto       |        
RUN-1001 :         pack_effort         |   medium   |      medium      |        
RUN-1001 :      pack_lslice_ripple     |     on     |        on        |        
RUN-1001 :   pack_lslice_ripple_ratio  |    0.5     |       0.5        |        
RUN-1001 :        pack_seq_in_io       |    auto    |       auto       |        
RUN-1001 :        ph1_mux_ratio        |    1.0     |       1.0        |        
RUN-1001 :            report           |  standard  |     standard     |        
RUN-1001 :           retiming          |    off     |       off        |        
RUN-1001 : ------------------------------------------------------------------
SYN-2001 : Map 12 IOs to PADs
RUN-1002 : start command "update_pll_param -module sd_bmp_hdmi"
SYN-2501 : Processed 0 LOGIC_BUF instances.
SYN-2512 : LOGIC BRAM "auto_chipwatcher_0_logicbram"
SYN-2571 : Optimize after map_dsp, round 1
SYN-2571 : Optimize after map_dsp, round 1, 0 better
SYN-1001 : Throwback 3 control mux instances
SYN-2501 : Optimize round 1
SYN-1016 : Merged 20 instances.
SYN-2501 : Optimize round 1, 42 better
SYN-2501 : Optimize round 2
SYN-2501 : Optimize round 2, 0 better
SYN-2501 : Map 14 macro adder
SYN-1019 : Optimized 9 mux instances.
SYN-1016 : Merged 10 instances.
SYN-1032 : 7049/2 useful/useless nets, 6050/1 useful/useless insts
RUN-1002 : start command "start_timer -prepack"
TMR-2505 : Start building timing graph for model sd_bmp_hdmi.
TMR-2506 : Build timing graph completely. Port num: 9, tpin num: 26643, tnet num: 7049, tinst num: 6049, tnode num: 35594, tedge num: 42669.
TMR-2508 : Levelizing timing graph completed, there are 53 levels in total.
TMR-2501 : Timing graph initialized successfully.
TMR-2503 : Start to update net delay, extr mode = 2.
TMR-2504 : Update delay of 7049 nets completely.
TMR-2502 : Annotate delay completely, extr mode = 2.
TMR-3001 : Initiate 0 clocks from SDC.
TMR-3004 : Map sdc constraints, there are 8 constraints in total.
TMR-3003 : Constraints initiated successfully.
TMR-3501 : Forward propagation: start to calculate arrival time...
TMR-3502 : Backward propagation: start to calculate required time...
TMR-3503 : Timing propagation completes.
SYN-3001 : Running gate level optimization.
SYN-2581 : Mapping with K=5, #lut = 183 (3.65), #lev = 7 (2.02)
SYN-2551 : Post LUT mapping optimization.
SYN-2581 : Mapping with K=5, #lut = 178 (3.73), #lev = 7 (1.98)
SYN-3001 : Logic optimization runtime opt =   0.02 sec, map =   0.00 sec
SYN-3001 : Mapper mapped 467 instances into 178 LUTs, name keeping = 74%.
SYN-1001 : Packing model "sd_bmp_hdmi" ...
SYN-4010 : Pack lib has 58 rtl pack models with 25 top pack blocks
SYN-1014 : Optimize round 1
SYN-1015 : Optimize round 1, 0 better
SYN-4002 : Packing 310 DFF/LATCH to SEQ ...
SYN-4009 : Pack 7 carry chain into lslice
SYN-4007 : Packing 100 adder to BLE ...
SYN-4008 : Packed 100 adder and 0 SEQ to BLE.
SYN-4007 : Packing 0 gate4 to BLE ...
SYN-4008 : Packed 0 gate4 and 0 SEQ to BLE.
SYN-4012 : Packed 0 FxMUX
RUN-1003 : finish command "optimize_gate -no_sch" in  1.522686s wall, 1.031250s user + 0.000000s system = 1.031250s CPU (67.7%)

RUN-1004 : used memory is 197 MB, reserved memory is 165 MB, peak memory is 241 MB
RUN-1002 : start command "legalize_phy_inst"
SYN-1011 : Flatten model sd_bmp_hdmi
KIT-1004 : Compile Chipwatcher: Clear obsolete physical data.
RUN-1003 : finish command "compile_watcher" in  2.668177s wall, 1.718750s user + 0.046875s system = 1.765625s CPU (66.2%)

RUN-1004 : used memory is 197 MB, reserved memory is 165 MB, peak memory is 241 MB
RUN-1002 : start command "place"
RUN-1001 : Open license file F:/ARMChina/license/Anlogic.lic
RUN-1001 : Print Global Property
RUN-1001 : ---------------------------------------------------------------
RUN-1001 :        Parameters        |  Settings  |  Default Values  |  Note  
RUN-1001 : ---------------------------------------------------------------
RUN-1001 :          message         |  standard  |     standard     |        
RUN-1001 :   mixed_pack_place_flow  |     on     |        on        |        
RUN-1001 :        qor_monitor       |    off     |       off        |        
RUN-1001 :        syn_ip_flow       |    off     |       off        |        
RUN-1001 :          thread          |    auto    |       auto       |        
RUN-1001 : ---------------------------------------------------------------
RUN-1001 : Print Place Property
RUN-1001 : --------------------------------------------------------------
RUN-1001 :        Parameters       |  Settings  |  Default Values  |  Note  
RUN-1001 : --------------------------------------------------------------
RUN-1001 :      detailed_place     |     on     |        on        |        
RUN-1001 :          effort         |   medium   |      medium      |        
RUN-1001 :         fix_hold        |    off     |       off        |        
RUN-1001 :       legalization      |    ori     |       ori        |        
RUN-1001 :      new_spreading      |     on     |        on        |        
RUN-1001 :        opt_timing       |   medium   |      medium      |        
RUN-1001 :   post_clock_route_opt  |    off     |       off        |        
RUN-1001 :       pr_strategy       |     1      |        1         |        
RUN-1001 :        relaxation       |    1.00    |       1.00       |        
RUN-1001 :         retiming        |    off     |       off        |        
RUN-1001 : --------------------------------------------------------------
PHY-3001 : Placer runs in 16 thread(s).
RUN-1002 : start command "legalize_phy_inst"
SYN-1011 : Flatten model sd_bmp_hdmi
RUN-1002 : start command "phys_opt -simplify_lut"
SYN-4016 : Net u_ddr3_top/u_sdram_fifo_ctrl/clk_ref driven by BUFG (271 clock/control pins, 1 other pins).
SYN-4016 : Net u_clk_wiz_1/clk0_out driven by BUFG (58 clock/control pins, 1 other pins).
SYN-4016 : Net config_inst_syn_10 driven by BUFG (205 clock/control pins, 0 other pins).
SYN-4027 : Net u_ddr3_top/clk_sdram is clkc1 of pll u_clk_wiz_0/pll_inst.
SYN-4027 : Net u_ddr3_top/u_sdram_fifo_ctrl/wrfifo/clkw is clkc3 of pll u_clk_wiz_0/pll_inst.
SYN-4027 : Net u_sd_ctrl_top/u_sd_read/clk_ref_180deg is clkc4 of pll u_clk_wiz_0/pll_inst.
SYN-4019 : Net sys_clk_dup_1 is refclk of pll u_clk_wiz_0/pll_inst.
SYN-4020 : Net sys_clk_dup_1 is fbclk of pll u_clk_wiz_0/pll_inst.
SYN-4027 : Net u_hdmi_top/bnr/pclk is clkc1 of pll u_clk_wiz_1/pll_inst.
SYN-4019 : Net sys_clk_dup_1 is refclk of pll u_clk_wiz_1/pll_inst.
SYN-4020 : Net sys_clk_dup_1 is fbclk of pll u_clk_wiz_1/pll_inst.
SYN-4024 : Net "u_sd_ctrl_top/u_sd_init/div_clk" drives clk pins.
SYN-4025 : Tag rtl::Net config_inst_syn_10 as clock net
SYN-4025 : Tag rtl::Net sys_clk_dup_1 as clock net
SYN-4025 : Tag rtl::Net u_clk_wiz_1/clk0_out as clock net
SYN-4025 : Tag rtl::Net u_ddr3_top/clk_sdram as clock net
SYN-4025 : Tag rtl::Net u_ddr3_top/u_sdram_fifo_ctrl/clk_ref as clock net
SYN-4025 : Tag rtl::Net u_ddr3_top/u_sdram_fifo_ctrl/wrfifo/clkw as clock net
SYN-4025 : Tag rtl::Net u_hdmi_top/bnr/pclk as clock net
SYN-4025 : Tag rtl::Net u_sd_ctrl_top/u_sd_init/div_clk as clock net
SYN-4025 : Tag rtl::Net u_sd_ctrl_top/u_sd_read/clk_ref_180deg as clock net
SYN-4026 : Tagged 9 rtl::Net as clock net
SYN-4015 : Create BUFG instance for clk Net u_sd_ctrl_top/u_sd_init/div_clk to drive 101 clock pins.
PHY-1001 : Populate physical database on model sd_bmp_hdmi.
RUN-1001 : There are total 5468 instances
RUN-0007 : 1696 luts, 2807 seqs, 605 mslices, 264 lslices, 71 pads, 16 brams, 0 dsps
RUN-1001 : There are total 6467 nets
RUN-1001 : 4357 nets have 2 pins
RUN-1001 : 1571 nets have [3 - 5] pins
RUN-1001 : 373 nets have [6 - 10] pins
RUN-1001 : 118 nets have [11 - 20] pins
RUN-1001 : 36 nets have [21 - 99] pins
RUN-1001 : 12 nets have 100+ pins
RUN-1001 : Report Control nets information:
RUN-1001 : DFF Distribution
RUN-1001 : ----------------------------------
RUN-1001 :   CE   |  SSR  |  ASR  |  DFF Count  
RUN-1001 : ----------------------------------
RUN-1001 :   No   |  No   |  No   |     108     
RUN-1001 :   No   |  No   |  Yes  |    2083     
RUN-1001 :   No   |  Yes  |  No   |     53      
RUN-1001 :   Yes  |  No   |  No   |     54      
RUN-1001 :   Yes  |  No   |  Yes  |     509     
RUN-1001 :   Yes  |  Yes  |  No   |      0      
RUN-1001 : ----------------------------------
RUN-0007 : Control Group Statistic
RUN-0007 : ---------------------------
RUN-0007 :   #CLK  |  #CE  |  #SSR/ASR  
RUN-0007 : ---------------------------
RUN-0007 :    9    |  23   |     14     
RUN-0007 : ---------------------------
RUN-0007 : Control Set = 45
PHY-3001 : Initial placement ...
PHY-3001 : design contains 5466 instances, 1696 luts, 2807 seqs, 869 slices, 145 macros(869 instances: 605 mslices 264 lslices)
PHY-3001 : Huge net u_hdmi_top/sys_rst_n with 1759 pins
PHY-0007 : Cell area utilization is 17%
PHY-3001 : Start timing update ...
RUN-1002 : start command "start_timer -report"
TMR-2505 : Start building timing graph for model sd_bmp_hdmi.
TMR-2506 : Build timing graph completely. Port num: 9, tpin num: 25371, tnet num: 6465, tinst num: 5466, tnode num: 34312, tedge num: 41495.
TMR-2508 : Levelizing timing graph completed, there are 29 levels in total.
TMR-2501 : Timing graph initialized successfully.
TMR-2503 : Start to update net delay, extr mode = 2.
TMR-2504 : Update delay of 6465 nets completely.
TMR-2502 : Annotate delay completely, extr mode = 2.
TMR-3001 : Initiate 0 clocks from SDC.
TMR-3004 : Map sdc constraints, there are 8 constraints in total.
TMR-3003 : Constraints initiated successfully.
TMR-3501 : Forward propagation: start to calculate arrival time...
TMR-3502 : Backward propagation: start to calculate required time...
TMR-3503 : Timing propagation completes.
PHY-3001 : End timing update;  0.713127s wall, 0.562500s user + 0.031250s system = 0.593750s CPU (83.3%)

PHY-3001 : Global placement ...
PHY-3001 : Initial: Len = 1.49906e+06
PHY-3001 : Clustering ...
PHY-3001 : Level 0 #clusters 5466.
PHY-3001 : End clustering;  0.000038s wall, 0.000000s user + 0.000000s system = 0.000000s CPU (n/a%)

PHY-3001 : Run with size of 4
PHY-3001 : Cell area utilization is 17%
PHY-3001 : :::0::: Try harder cell spreading with beta_ = 0
PHY-3002 : Step(1): len = 1.01406e+06, overlap = 59.5
PHY-3002 : Step(2): len = 849913, overlap = 58.75
PHY-3002 : Step(3): len = 525123, overlap = 49
PHY-3002 : Step(4): len = 446932, overlap = 54
PHY-3002 : Step(5): len = 390222, overlap = 62.5938
PHY-3002 : Step(6): len = 350970, overlap = 78.625
PHY-3002 : Step(7): len = 314697, overlap = 86
PHY-3002 : Step(8): len = 282718, overlap = 93.2812
PHY-3002 : Step(9): len = 258334, overlap = 102.25
PHY-3002 : Step(10): len = 233485, overlap = 113.156
PHY-3002 : Step(11): len = 217010, overlap = 127.719
PHY-3002 : Step(12): len = 200665, overlap = 130.562
PHY-3002 : Step(13): len = 189611, overlap = 135.156
PHY-3002 : Step(14): len = 180435, overlap = 137.656
PHY-3002 : Step(15): len = 173665, overlap = 148.781
PHY-3002 : Step(16): len = 166006, overlap = 155.969
PHY-3002 : Step(17): len = 157006, overlap = 159.188
PHY-3002 : Step(18): len = 151570, overlap = 176.25
PHY-3001 : :::1::: Try harder cell spreading with beta_ = 2.37367e-05
PHY-3002 : Step(19): len = 156423, overlap = 175.625
PHY-3002 : Step(20): len = 166612, overlap = 173.031
PHY-3002 : Step(21): len = 169272, overlap = 171.594
PHY-3002 : Step(22): len = 162784, overlap = 171.219
PHY-3002 : Step(23): len = 161169, overlap = 153.938
PHY-3002 : Step(24): len = 159520, overlap = 150.25
PHY-3002 : Step(25): len = 156614, overlap = 146.344
PHY-3002 : Step(26): len = 157814, overlap = 129.75
PHY-3002 : Step(27): len = 162080, overlap = 122.375
PHY-3002 : Step(28): len = 161795, overlap = 117.969
PHY-3002 : Step(29): len = 161086, overlap = 117.5
PHY-3002 : Step(30): len = 159327, overlap = 120.75
PHY-3002 : Step(31): len = 158407, overlap = 123
PHY-3002 : Step(32): len = 157061, overlap = 123.094
PHY-3002 : Step(33): len = 155944, overlap = 121.812
PHY-3002 : Step(34): len = 154463, overlap = 123.562
PHY-3002 : Step(35): len = 154346, overlap = 126.281
PHY-3002 : Step(36): len = 153484, overlap = 122.531
PHY-3002 : Step(37): len = 152264, overlap = 122.438
PHY-3002 : Step(38): len = 150068, overlap = 124.656
PHY-3002 : Step(39): len = 148741, overlap = 124.375
PHY-3002 : Step(40): len = 148436, overlap = 119.312
PHY-3002 : Step(41): len = 148044, overlap = 118.656
PHY-3002 : Step(42): len = 147579, overlap = 122.688
PHY-3001 : :::2::: Try harder cell spreading with beta_ = 4.74735e-05
PHY-3002 : Step(43): len = 147630, overlap = 124.5
PHY-3002 : Step(44): len = 147670, overlap = 124.406
PHY-3002 : Step(45): len = 148612, overlap = 118.188
PHY-3001 : :::3::: Try harder cell spreading with beta_ = 9.49469e-05
PHY-3002 : Step(46): len = 149363, overlap = 117.375
PHY-3002 : Step(47): len = 149510, overlap = 117.219
PHY-3002 : Step(48): len = 150386, overlap = 118.531
PHY-3001 : :::4::: Try harder cell spreading with beta_ = 0.000169791
PHY-3002 : Step(49): len = 150903, overlap = 113.812
PHY-3002 : Step(50): len = 151151, overlap = 113.656
PHY-3002 : Step(51): len = 153444, overlap = 118.188
PHY-3002 : Step(52): len = 156754, overlap = 113.219
PHY-3002 : Step(53): len = 158303, overlap = 111.406
PHY-3002 : Step(54): len = 157195, overlap = 106.312
PHY-3002 : Step(55): len = 156691, overlap = 105.469
PHY-3002 : Step(56): len = 156161, overlap = 110.781
PHY-3001 : Legalization ...
PHY-3001 : End legalization;  0.020941s wall, 0.015625s user + 0.000000s system = 0.015625s CPU (74.6%)

PHY-3001 : Run with size of 4
PHY-3001 : Cell area utilization is 22%
PHY-3001 : Update timing in Manhattan mode ...
TMR-2503 : Start to update net delay, extr mode = 3.
TMR-2504 : Update delay of 6465 nets completely.
TMR-2502 : Annotate delay completely, extr mode = 3.
TMR-3501 : Forward propagation: start to calculate arrival time...
TMR-3502 : Backward propagation: start to calculate required time...
TMR-3503 : Timing propagation completes.
PHY-3001 : End timing update;  0.159265s wall, 0.046875s user + 0.000000s system = 0.046875s CPU (29.4%)

PHY-3001 : :::0::: Try harder cell spreading with beta_ = 3.10194e-06
PHY-3002 : Step(57): len = 186911, overlap = 178.469
PHY-3002 : Step(58): len = 186608, overlap = 178.438
PHY-3002 : Step(59): len = 181120, overlap = 165.938
PHY-3002 : Step(60): len = 181850, overlap = 169.562
PHY-3002 : Step(61): len = 178171, overlap = 172.062
PHY-3002 : Step(62): len = 178020, overlap = 174.469
PHY-3002 : Step(63): len = 178050, overlap = 181.562
PHY-3002 : Step(64): len = 175066, overlap = 176.219
PHY-3002 : Step(65): len = 175063, overlap = 176.719
PHY-3002 : Step(66): len = 175208, overlap = 177.562
PHY-3001 : :::1::: Try harder cell spreading with beta_ = 6.20387e-06
PHY-3002 : Step(67): len = 174908, overlap = 178.938
PHY-3002 : Step(68): len = 174908, overlap = 178.938
PHY-3002 : Step(69): len = 174637, overlap = 178.094
PHY-3002 : Step(70): len = 174704, overlap = 177.781
PHY-3002 : Step(71): len = 174996, overlap = 176.562
PHY-3001 : :::2::: Try harder cell spreading with beta_ = 1.24077e-05
PHY-3002 : Step(72): len = 176021, overlap = 173.281
PHY-3002 : Step(73): len = 176349, overlap = 172.531
PHY-3002 : Step(74): len = 177633, overlap = 167.25
PHY-3001 : :::3::: Try harder cell spreading with beta_ = 2.48155e-05
PHY-3002 : Step(75): len = 179518, overlap = 162.812
PHY-3002 : Step(76): len = 179729, overlap = 155.438
PHY-3002 : Step(77): len = 184646, overlap = 133.656
PHY-3002 : Step(78): len = 185579, overlap = 131.281
PHY-3002 : Step(79): len = 186273, overlap = 120.031
PHY-3002 : Step(80): len = 186876, overlap = 115.125
PHY-3002 : Step(81): len = 188132, overlap = 103.625
PHY-3002 : Step(82): len = 187479, overlap = 93.7188
PHY-3002 : Step(83): len = 186458, overlap = 102.281
PHY-3002 : Step(84): len = 186268, overlap = 102.125
PHY-3001 : :::4::: Try harder cell spreading with beta_ = 4.9631e-05
PHY-3002 : Step(85): len = 185220, overlap = 106.938
PHY-3002 : Step(86): len = 185187, overlap = 106.5
PHY-3002 : Step(87): len = 185131, overlap = 105.75
PHY-3001 : :::5::: Try harder cell spreading with beta_ = 9.9262e-05
PHY-3002 : Step(88): len = 185465, overlap = 97.625
PHY-3002 : Step(89): len = 185557, overlap = 97.125
PHY-3002 : Step(90): len = 187252, overlap = 84.0625
PHY-3001 : Run with size of 2
PHY-3001 : Cell area utilization is 22%
PHY-3001 : Update timing in Manhattan mode ...
TMR-2503 : Start to update net delay, extr mode = 3.
TMR-2504 : Update delay of 6465 nets completely.
TMR-2502 : Annotate delay completely, extr mode = 3.
TMR-3501 : Forward propagation: start to calculate arrival time...
TMR-3502 : Backward propagation: start to calculate required time...
TMR-3503 : Timing propagation completes.
PHY-3001 : End timing update;  0.167131s wall, 0.109375s user + 0.000000s system = 0.109375s CPU (65.4%)

PHY-3001 : :::0::: Try harder cell spreading with beta_ = 2.72344e-05
PHY-3002 : Step(91): len = 187562, overlap = 225.25
PHY-3002 : Step(92): len = 188017, overlap = 213.938
PHY-3002 : Step(93): len = 190382, overlap = 185.344
PHY-3002 : Step(94): len = 191856, overlap = 163.219
PHY-3002 : Step(95): len = 187054, overlap = 163.375
PHY-3002 : Step(96): len = 186792, overlap = 166.25
PHY-3002 : Step(97): len = 186219, overlap = 171.062
PHY-3001 : :::1::: Try harder cell spreading with beta_ = 5.44688e-05
PHY-3002 : Step(98): len = 188911, overlap = 148.094
PHY-3002 : Step(99): len = 190489, overlap = 138.406
PHY-3002 : Step(100): len = 192536, overlap = 132.875
PHY-3002 : Step(101): len = 191966, overlap = 129.594
PHY-3002 : Step(102): len = 191816, overlap = 125.469
PHY-3002 : Step(103): len = 191223, overlap = 123.719
PHY-3002 : Step(104): len = 190867, overlap = 122.562
PHY-3002 : Step(105): len = 189962, overlap = 124.719
PHY-3001 : :::2::: Try harder cell spreading with beta_ = 0.000108938
PHY-3002 : Step(106): len = 190781, overlap = 121.125
PHY-3002 : Step(107): len = 191125, overlap = 118.906
PHY-3002 : Step(108): len = 192028, overlap = 113.188
PHY-3001 : :::3::: Try harder cell spreading with beta_ = 0.000217875
PHY-3002 : Step(109): len = 193522, overlap = 104.531
PHY-3002 : Step(110): len = 194471, overlap = 103.25
PHY-3002 : Step(111): len = 196168, overlap = 90.9062
PHY-3002 : Step(112): len = 196913, overlap = 93.2188
PHY-3002 : Step(113): len = 197212, overlap = 95.0312
OPT-1001 : Start physical optimization ...
RUN-1002 : start command "start_timer -report"
TMR-2505 : Start building timing graph for model sd_bmp_hdmi.
TMR-2506 : Build timing graph completely. Port num: 9, tpin num: 25371, tnet num: 6465, tinst num: 5466, tnode num: 34312, tedge num: 41495.
TMR-2508 : Levelizing timing graph completed, there are 29 levels in total.
TMR-2501 : Timing graph initialized successfully.
OPT-1001 : Total overflow 334.59 peak overflow 3.91
OPT-1001 : Start high-fanout net optimization ...
OPT-1001 : Update timing in global mode
PHY-1001 : Start incremental global routing, caller is place ...
RUN-1001 : Generating global routing grids ...
RUN-1001 : Building simple global routing graph ...
PHY-1001 : Generate routing nets ...
PHY-1001 : Reuse net number 0/6467.
PHY-1001 : Global iterations in 16 thread ...
PHY-1002 : len = 223832, over cnt = 852(2%), over = 3231, worst = 19
PHY-1001 : End global iterations;  0.406217s wall, 0.156250s user + 0.000000s system = 0.156250s CPU (38.5%)

PHY-1001 : Congestion index: top1 = 53.56, top5 = 40.54, top10 = 33.74, top15 = 29.27.
PHY-1001 : End incremental global routing;  0.561182s wall, 0.234375s user + 0.015625s system = 0.250000s CPU (44.5%)

TMR-2503 : Start to update net delay, extr mode = 5.
TMR-2504 : Update delay of 6465 nets completely.
TMR-2502 : Annotate delay completely, extr mode = 5.
TMR-3001 : Initiate 0 clocks from SDC.
TMR-3004 : Map sdc constraints, there are 8 constraints in total.
TMR-3003 : Constraints initiated successfully.
TMR-3501 : Forward propagation: start to calculate arrival time...
TMR-3502 : Backward propagation: start to calculate required time...
TMR-3503 : Timing propagation completes.
OPT-1001 : End timing update;  0.218187s wall, 0.140625s user + 0.000000s system = 0.140625s CPU (64.5%)

OPT-1001 : 0 high-fanout net processed.
OPT-1001 : End high-fanout net optimization;  0.894621s wall, 0.500000s user + 0.015625s system = 0.515625s CPU (57.6%)

OPT-1001 : Current memory(MB): used = 295, reserve = 261, peak = 295.
OPT-1001 : Start global optimization ...
OPT-1001 : Start congestion update ...
RUN-1001 : Generating global routing grids ...
PHY-1001 : Generate routing nets ...
PHY-1001 : Reuse net number 4875/6467.
PHY-1001 : Global iterations in 16 thread ...
PHY-1002 : len = 223832, over cnt = 852(2%), over = 3231, worst = 19
PHY-1002 : len = 241240, over cnt = 571(1%), over = 1338, worst = 19
PHY-1002 : len = 248552, over cnt = 331(0%), over = 709, worst = 14
PHY-1002 : len = 254648, over cnt = 66(0%), over = 140, worst = 11
PHY-1002 : len = 255264, over cnt = 0(0%), over = 0, worst = 0
PHY-1001 : End global iterations;  0.470582s wall, 0.296875s user + 0.000000s system = 0.296875s CPU (63.1%)

PHY-1001 : Congestion index: top1 = 46.08, top5 = 38.07, top10 = 33.04, top15 = 29.48.
OPT-1001 : End congestion update;  0.590988s wall, 0.359375s user + 0.000000s system = 0.359375s CPU (60.8%)

OPT-1001 : Update timing in Manhattan mode
TMR-2503 : Start to update net delay, extr mode = 3.
TMR-2504 : Update delay of 6465 nets completely.
TMR-2502 : Annotate delay completely, extr mode = 3.
TMR-3501 : Forward propagation: start to calculate arrival time...
TMR-3502 : Backward propagation: start to calculate required time...
TMR-3503 : Timing propagation completes.
OPT-1001 : End timing update;  0.159708s wall, 0.171875s user + 0.000000s system = 0.171875s CPU (107.6%)

OPT-0007 : Start: WNS 999170 TNS 0 NUM_FEPS 0
OPT-1001 : End global optimization;  0.750928s wall, 0.531250s user + 0.000000s system = 0.531250s CPU (70.7%)

OPT-1001 : Current memory(MB): used = 299, reserve = 265, peak = 299.
OPT-1001 : End physical optimization;  2.532313s wall, 1.515625s user + 0.046875s system = 1.562500s CPU (61.7%)

PHY-3001 : Start packing ...
SYN-4007 : Packing 0 MUX to BLE ...
SYN-4008 : Packed 0 MUX and 0 SEQ to BLE.
SYN-4007 : Packing 1696 LUT to BLE ...
SYN-4008 : Packed 1696 LUT and 1025 SEQ to BLE.
SYN-4003 : Packing 1782 remaining SEQ's ...
SYN-4005 : Packed 567 SEQ with LUT/SLICE
SYN-4006 : 267 single LUT's are left
SYN-4006 : 1215 single SEQ's are left
SYN-4011 : Packing model "sd_bmp_hdmi" (AL_USER_NORMAL) with 2911/4036 primitive instances ...
PHY-3001 : End packing;  0.300842s wall, 0.234375s user + 0.000000s system = 0.234375s CPU (77.9%)

PHY-1001 : Populate physical database on model sd_bmp_hdmi.
RUN-1001 : There are total 2515 instances
RUN-1001 : 1210 mslices, 1209 lslices, 71 pads, 16 brams, 0 dsps
RUN-1001 : There are total 5552 nets
RUN-1001 : 3504 nets have 2 pins
RUN-1001 : 1494 nets have [3 - 5] pins
RUN-1001 : 395 nets have [6 - 10] pins
RUN-1001 : 112 nets have [11 - 20] pins
RUN-1001 : 38 nets have [21 - 99] pins
RUN-1001 : 9 nets have 100+ pins
PHY-3001 : design contains 2513 instances, 2419 slices, 145 macros(869 instances: 605 mslices 264 lslices)
PHY-3001 : Cell area utilization is 30%
PHY-3001 : After packing: Len = 201294, Over = 151.25
PHY-3001 : Run with size of 2
PHY-3001 : Cell area utilization is 30%
PHY-3001 : Update timing in Manhattan mode ...
RUN-1002 : start command "start_timer -report"
TMR-2505 : Start building timing graph for model sd_bmp_hdmi.
TMR-2506 : Build timing graph completely. Port num: 9, tpin num: 20915, tnet num: 5550, tinst num: 2513, tnode num: 27147, tedge num: 35938.
TMR-2508 : Levelizing timing graph completed, there are 29 levels in total.
TMR-2501 : Timing graph initialized successfully.
TMR-2503 : Start to update net delay, extr mode = 3.
TMR-2504 : Update delay of 5550 nets completely.
TMR-2502 : Annotate delay completely, extr mode = 3.
TMR-3001 : Initiate 0 clocks from SDC.
TMR-3004 : Map sdc constraints, there are 8 constraints in total.
TMR-3003 : Constraints initiated successfully.
TMR-3501 : Forward propagation: start to calculate arrival time...
TMR-3502 : Backward propagation: start to calculate required time...
TMR-3503 : Timing propagation completes.
PHY-3001 : End timing update;  1.100015s wall, 0.531250s user + 0.031250s system = 0.562500s CPU (51.1%)

PHY-3001 : :::0::: Try harder cell spreading with beta_ = 1.98634e-05
PHY-3002 : Step(114): len = 198947, overlap = 151
PHY-3002 : Step(115): len = 198244, overlap = 150
PHY-3002 : Step(116): len = 195194, overlap = 160.25
PHY-3002 : Step(117): len = 192845, overlap = 159.5
PHY-3002 : Step(118): len = 191532, overlap = 160.5
PHY-3002 : Step(119): len = 190253, overlap = 164.5
PHY-3001 : :::1::: Try harder cell spreading with beta_ = 3.97269e-05
PHY-3002 : Step(120): len = 190992, overlap = 160
PHY-3002 : Step(121): len = 191998, overlap = 156.75
PHY-3002 : Step(122): len = 193844, overlap = 150.25
PHY-3001 : :::2::: Try harder cell spreading with beta_ = 7.94538e-05
PHY-3002 : Step(123): len = 196463, overlap = 140.5
PHY-3002 : Step(124): len = 199114, overlap = 136.5
PHY-3002 : Step(125): len = 203968, overlap = 119.5
PHY-3002 : Step(126): len = 203271, overlap = 116.5
PHY-3002 : Step(127): len = 203055, overlap = 116.5
PHY-3002 : Step(128): len = 202644, overlap = 116.5
PHY-3001 : :::3::: Try harder cell spreading with beta_ = 0.000158908
PHY-3002 : Step(129): len = 205529, overlap = 107.5
PHY-3002 : Step(130): len = 206873, overlap = 103.5
PHY-3002 : Step(131): len = 210457, overlap = 102
PHY-3002 : Step(132): len = 210720, overlap = 100.5
PHY-3002 : Step(133): len = 209261, overlap = 93.75
PHY-3002 : Step(134): len = 208631, overlap = 95
PHY-3001 : :::4::: Try harder cell spreading with beta_ = 0.000317815
PHY-3002 : Step(135): len = 210575, overlap = 99.25
PHY-3002 : Step(136): len = 211872, overlap = 97.5
PHY-3002 : Step(137): len = 212849, overlap = 94
PHY-3001 : Legalization ...
PHY-3001 : End legalization;  0.889095s wall, 0.046875s user + 0.218750s system = 0.265625s CPU (29.9%)

PHY-3001 : Trial Legalized: Len = 242522
PHY-3001 : Run with size of 2
PHY-3001 : Cell area utilization is 29%
PHY-3001 : Update timing in Manhattan mode ...
TMR-2503 : Start to update net delay, extr mode = 3.
TMR-2504 : Update delay of 5550 nets completely.
TMR-2502 : Annotate delay completely, extr mode = 3.
TMR-3501 : Forward propagation: start to calculate arrival time...
TMR-3502 : Backward propagation: start to calculate required time...
TMR-3503 : Timing propagation completes.
PHY-3001 : End timing update;  0.143940s wall, 0.078125s user + 0.000000s system = 0.078125s CPU (54.3%)

PHY-3001 : :::0::: Try harder cell spreading with beta_ = 0.000259226
PHY-3002 : Step(138): len = 229953, overlap = 9.5
PHY-3002 : Step(139): len = 221078, overlap = 28.5
PHY-3002 : Step(140): len = 217640, overlap = 37
PHY-3002 : Step(141): len = 215760, overlap = 40.75
PHY-3002 : Step(142): len = 214580, overlap = 45.25
PHY-3002 : Step(143): len = 213929, overlap = 47.25
PHY-3002 : Step(144): len = 213512, overlap = 50.5
PHY-3001 : :::1::: Try harder cell spreading with beta_ = 0.000512546
PHY-3002 : Step(145): len = 214078, overlap = 51.25
PHY-3002 : Step(146): len = 214491, overlap = 51.5
PHY-3002 : Step(147): len = 214969, overlap = 49.75
PHY-3001 : :::2::: Try harder cell spreading with beta_ = 0.00102509
PHY-3002 : Step(148): len = 215252, overlap = 50
PHY-3002 : Step(149): len = 215390, overlap = 49.5
PHY-3001 : Legalization ...
PHY-3001 : End legalization;  0.013011s wall, 0.000000s user + 0.000000s system = 0.000000s CPU (n/a%)

PHY-3001 : Legalized: Len = 227021, Over = 0
PHY-3001 : Spreading special nets. 34 overflows in 2952 tiles.
PHY-3001 : End spreading;  0.028658s wall, 0.000000s user + 0.000000s system = 0.000000s CPU (n/a%)

PHY-3001 : 48 instances has been re-located, deltaX = 17, deltaY = 30, maxDist = 2.
PHY-3001 : Final: Len = 228201, Over = 0
PHY-3001 : BANK 6 DIFFRESISTOR:NONE VOD:350M VCM:1.2
OPT-1001 : Start physical optimization ...
RUN-1002 : start command "start_timer -report"
TMR-2505 : Start building timing graph for model sd_bmp_hdmi.
TMR-2506 : Build timing graph completely. Port num: 9, tpin num: 20915, tnet num: 5550, tinst num: 2514, tnode num: 27147, tedge num: 35938.
TMR-2508 : Levelizing timing graph completed, there are 29 levels in total.
TMR-2501 : Timing graph initialized successfully.
OPT-1001 : Total overflow 0.00 peak overflow 0.00
OPT-1001 : Start high-fanout net optimization ...
OPT-1001 : Update timing in global mode
PHY-1001 : Start incremental global routing, caller is place ...
RUN-1001 : Generating global routing grids ...
PHY-1001 : Generate routing nets ...
PHY-1001 : Reuse net number 232/5552.
PHY-1001 : Global iterations in 16 thread ...
PHY-1002 : len = 264440, over cnt = 596(1%), over = 928, worst = 7
PHY-1002 : len = 268376, over cnt = 312(0%), over = 442, worst = 6
PHY-1002 : len = 272536, over cnt = 92(0%), over = 119, worst = 5
PHY-1002 : len = 274192, over cnt = 2(0%), over = 2, worst = 1
PHY-1002 : len = 274224, over cnt = 0(0%), over = 0, worst = 0
PHY-1001 : End global iterations;  0.840140s wall, 0.437500s user + 0.015625s system = 0.453125s CPU (53.9%)

PHY-1001 : Congestion index: top1 = 38.45, top5 = 32.93, top10 = 29.13, top15 = 26.57.
PHY-1001 : End incremental global routing;  1.011095s wall, 0.500000s user + 0.015625s system = 0.515625s CPU (51.0%)

TMR-2503 : Start to update net delay, extr mode = 5.
TMR-2504 : Update delay of 5550 nets completely.
TMR-2502 : Annotate delay completely, extr mode = 5.
TMR-3001 : Initiate 0 clocks from SDC.
TMR-3004 : Map sdc constraints, there are 8 constraints in total.
TMR-3003 : Constraints initiated successfully.
TMR-3501 : Forward propagation: start to calculate arrival time...
TMR-3502 : Backward propagation: start to calculate required time...
TMR-3503 : Timing propagation completes.
OPT-1001 : End timing update;  0.171654s wall, 0.109375s user + 0.000000s system = 0.109375s CPU (63.7%)

OPT-1001 : 0 high-fanout net processed.
OPT-1001 : End high-fanout net optimization;  1.308906s wall, 0.718750s user + 0.015625s system = 0.734375s CPU (56.1%)

OPT-1001 : Current memory(MB): used = 307, reserve = 274, peak = 307.
OPT-1001 : Start path based optimization ...
OPT-1001 : Start congestion update ...
RUN-1001 : Generating global routing grids ...
PHY-1001 : Generate routing nets ...
PHY-1001 : Reuse net number 4849/5552.
PHY-1001 : Global iterations in 16 thread ...
PHY-1002 : len = 274224, over cnt = 0(0%), over = 0, worst = 0
PHY-1001 : End global iterations;  0.040646s wall, 0.015625s user + 0.000000s system = 0.015625s CPU (38.4%)

PHY-1001 : Congestion index: top1 = 38.45, top5 = 32.93, top10 = 29.13, top15 = 26.57.
OPT-1001 : End congestion update;  0.200334s wall, 0.109375s user + 0.000000s system = 0.109375s CPU (54.6%)

OPT-1001 : Update timing in Manhattan mode
TMR-2503 : Start to update net delay, extr mode = 3.
TMR-2504 : Update delay of 5550 nets completely.
TMR-2502 : Annotate delay completely, extr mode = 3.
TMR-3501 : Forward propagation: start to calculate arrival time...
TMR-3502 : Backward propagation: start to calculate required time...
TMR-3503 : Timing propagation completes.
OPT-1001 : End timing update;  0.143546s wall, 0.031250s user + 0.000000s system = 0.031250s CPU (21.8%)

OPT-0007 : Start: WNS 999045 TNS 0 NUM_FEPS 0
OPT-1001 : End path based optimization;  0.344118s wall, 0.140625s user + 0.000000s system = 0.140625s CPU (40.9%)

OPT-1001 : Current memory(MB): used = 309, reserve = 276, peak = 309.
OPT-1001 : Update timing in Manhattan mode
TMR-2503 : Start to update net delay, extr mode = 3.
TMR-2504 : Update delay of 5550 nets completely.
TMR-2502 : Annotate delay completely, extr mode = 3.
TMR-3501 : Forward propagation: start to calculate arrival time...
TMR-3502 : Backward propagation: start to calculate required time...
TMR-3503 : Timing propagation completes.
OPT-1001 : End timing update;  0.128710s wall, 0.109375s user + 0.000000s system = 0.109375s CPU (85.0%)

OPT-1001 : Start pin optimization...
OPT-1001 : skip pin optimization...
RUN-1001 : Generating global routing grids ...
PHY-1001 : Generate routing nets ...
PHY-1001 : Reuse net number 4849/5552.
PHY-1001 : Global iterations in 16 thread ...
PHY-1002 : len = 274224, over cnt = 0(0%), over = 0, worst = 0
PHY-1001 : End global iterations;  0.042822s wall, 0.015625s user + 0.000000s system = 0.015625s CPU (36.5%)

PHY-1001 : Congestion index: top1 = 38.45, top5 = 32.93, top10 = 29.13, top15 = 26.57.
OPT-1001 : Update timing in Manhattan mode
TMR-2503 : Start to update net delay, extr mode = 3.
TMR-2504 : Update delay of 5550 nets completely.
TMR-2502 : Annotate delay completely, extr mode = 3.
TMR-3501 : Forward propagation: start to calculate arrival time...
TMR-3502 : Backward propagation: start to calculate required time...
TMR-3503 : Timing propagation completes.
OPT-1001 : End timing update;  0.131849s wall, 0.031250s user + 0.000000s system = 0.031250s CPU (23.7%)

RUN-1001 : QoR Analysis:
OPT-0007 :   WNS 999045 TNS 0 NUM_FEPS 0
RUN-1001 :   No local congestion issue, and most congested 1% tile average routing util is 38.034483
RUN-1001 :   Top critical paths
OPT-1001 : End physical optimization;  3.014268s wall, 1.750000s user + 0.015625s system = 1.765625s CPU (58.6%)

RUN-1003 : finish command "place" in  16.634944s wall, 8.687500s user + 1.968750s system = 10.656250s CPU (64.1%)

RUN-1004 : used memory is 291 MB, reserved memory is 258 MB, peak memory is 309 MB
RUN-1002 : start command "export_db SD-SDRAM-ISP-HDMI_place.db"
RUN-1001 : Exported /
RUN-1001 : Exported flow parameters
RUN-1001 : Exported libs
RUN-1001 : Exported entities
RUN-1001 : Exported ports
RUN-1001 : Exported pins
RUN-1001 : Exported instances
RUN-1001 : Exported nets
RUN-1001 : Exported buses
RUN-1001 : Exported models
RUN-1001 : Exported congestions
RUN-1001 : Exported violations
RUN-1001 : Exported timing constraints
RUN-1001 : Exported IO constraints
RUN-1001 : Exported Inst constraints
RUN-1001 : Exported ChipWatcher
RUN-1002 : start command "route"
RUN-1001 : Open license file F:/ARMChina/license/Anlogic.lic
RUN-1001 : Print Global Property
RUN-1001 : ---------------------------------------------------------------
RUN-1001 :        Parameters        |  Settings  |  Default Values  |  Note  
RUN-1001 : ---------------------------------------------------------------
RUN-1001 :          message         |  standard  |     standard     |        
RUN-1001 :   mixed_pack_place_flow  |     on     |        on        |        
RUN-1001 :        qor_monitor       |    off     |       off        |        
RUN-1001 :        syn_ip_flow       |    off     |       off        |        
RUN-1001 :          thread          |    auto    |       auto       |        
RUN-1001 : ---------------------------------------------------------------
RUN-1001 : Print Route Property
RUN-1001 : -------------------------------------------------------
RUN-1001 :    Parameters    |  Settings  |  Default Values  |  Note  
RUN-1001 : -------------------------------------------------------
RUN-1001 :      effort      |   medium   |      medium      |        
RUN-1001 :     fix_hold     |    off     |       off        |        
RUN-1001 :    opt_timing    |   medium   |      medium      |        
RUN-1001 :   phy_sim_model  |    off     |       off        |        
RUN-1001 :     priority     |   timing   |      timing      |        
RUN-1001 :     swap_pin     |     on     |        on        |        
RUN-1001 : -------------------------------------------------------
PHY-1001 : Route runs in 16 thread(s)
RUN-1001 : There are total 2516 instances
RUN-1001 : 1210 mslices, 1209 lslices, 71 pads, 16 brams, 0 dsps
RUN-1001 : There are total 5552 nets
RUN-1001 : 3504 nets have 2 pins
RUN-1001 : 1494 nets have [3 - 5] pins
RUN-1001 : 395 nets have [6 - 10] pins
RUN-1001 : 112 nets have [11 - 20] pins
RUN-1001 : 38 nets have [21 - 99] pins
RUN-1001 : 9 nets have 100+ pins
RUN-1002 : start command "start_timer -report"
TMR-2505 : Start building timing graph for model sd_bmp_hdmi.
TMR-2506 : Build timing graph completely. Port num: 9, tpin num: 20915, tnet num: 5550, tinst num: 2514, tnode num: 27147, tedge num: 35938.
TMR-2508 : Levelizing timing graph completed, there are 29 levels in total.
TMR-2501 : Timing graph initialized successfully.
PHY-1001 : 1210 mslices, 1209 lslices, 71 pads, 16 brams, 0 dsps
TMR-2503 : Start to update net delay, extr mode = 3.
TMR-2504 : Update delay of 5550 nets completely.
TMR-2502 : Annotate delay completely, extr mode = 3.
TMR-3001 : Initiate 0 clocks from SDC.
TMR-3004 : Map sdc constraints, there are 8 constraints in total.
TMR-3003 : Constraints initiated successfully.
TMR-3501 : Forward propagation: start to calculate arrival time...
TMR-3502 : Backward propagation: start to calculate required time...
TMR-3503 : Timing propagation completes.
PHY-1001 : Start global routing, caller is route ...
RUN-1001 : Generating global routing grids ...
PHY-1001 : Generate routing nets ...
PHY-1001 : Global iterations in 16 thread ...
PHY-1002 : len = 262048, over cnt = 590(1%), over = 937, worst = 7
PHY-1002 : len = 265688, over cnt = 357(1%), over = 501, worst = 6
PHY-1002 : len = 269000, over cnt = 176(0%), over = 238, worst = 6
PHY-1002 : len = 272208, over cnt = 0(0%), over = 0, worst = 0
PHY-1001 : End global iterations;  0.717282s wall, 0.390625s user + 0.000000s system = 0.390625s CPU (54.5%)

PHY-1001 : Congestion index: top1 = 38.15, top5 = 32.53, top10 = 28.89, top15 = 26.43.
PHY-1001 : End global routing;  0.859527s wall, 0.500000s user + 0.000000s system = 0.500000s CPU (58.2%)

PHY-1001 : Start detail routing ...
PHY-1001 : Current memory(MB): used = 341, reserve = 309, peak = 343.
PHY-1001 : Detailed router is running in normal mode.
PHY-1001 : Generate detailed routing grids ...
PHY-1001 : Generate nets ...
PHY-1001 : net sys_clk_dup_1 will be routed on clock mesh
PHY-1001 : clock net u_clk_wiz_1/clk0_out will be merged with clock u_clk_wiz_1/clk0_buf
PHY-1001 : net u_ddr3_top/clk_sdram will be routed on clock mesh
PHY-1001 : clock net u_ddr3_top/u_sdram_fifo_ctrl/clk_ref will be merged with clock u_clk_wiz_0/clk0_buf
PHY-1001 : net u_ddr3_top/u_sdram_fifo_ctrl/wrfifo/clkw will be routed on clock mesh
PHY-1001 : net u_hdmi_top/bnr/pclk will be routed on clock mesh
PHY-1001 : clock net config_inst_syn_10 will be merged with clock config_inst_syn_9
PHY-1001 : clock net u_sd_ctrl_top/u_sd_init/div_clk_syn_4 will be merged with clock u_sd_ctrl_top/u_sd_init/div_clk
PHY-1001 : net u_sd_ctrl_top/u_sd_read/clk_ref_180deg will be routed on clock mesh
PHY-1001 : Current memory(MB): used = 592, reserve = 564, peak = 592.
PHY-1001 : End build detailed router design. 4.080663s wall, 2.609375s user + 0.062500s system = 2.671875s CPU (65.5%)

PHY-1001 : Detail Route ...
PHY-1001 : ===== Detail Route Phase 1 =====
PHY-1001 : Clock net routing.....
PHY-1001 : Routed 0% nets.
PHY-1022 : len = 89696, over cnt = 0(0%), over = 0, worst = 0, crit = 0
PHY-1001 : End initial clock net routed; 4.738902s wall, 2.328125s user + 0.000000s system = 2.328125s CPU (49.1%)

PHY-1001 : Current memory(MB): used = 626, reserve = 599, peak = 626.
PHY-1001 : End phase 1; 4.746031s wall, 2.328125s user + 0.000000s system = 2.328125s CPU (49.1%)

PHY-1001 : ===== Detail Route Phase 2 =====
PHY-1001 : Initial routing.....
PHY-1001 : Routed 36% nets.
PHY-1001 : Routed 42% nets.
PHY-1001 : Routed 52% nets.
PHY-1001 : Routed 66% nets.
PHY-1001 : Routed 86% nets.
PHY-1022 : len = 690288, over cnt = 132(0%), over = 132, worst = 1, crit = 0
PHY-1001 : Current memory(MB): used = 628, reserve = 600, peak = 628.
PHY-1001 : End initial routed; 22.228853s wall, 14.875000s user + 0.093750s system = 14.968750s CPU (67.3%)

PHY-1001 : Update timing.....
PHY-1001 : 0/4814(0%) critical/total net(s).
RUN-1001 : ------------------------------------------
RUN-1001 :   Type   |    WNS(ns)    |  TNS(ns)  |  FEP  
RUN-1001 : ------------------------------------------
RUN-1001 :   Setup  |    998.546    |   0.000   |   0   
RUN-1001 :   Hold   |  2147483.647  |   0.000   |   0   
RUN-1001 : ------------------------------------------
PHY-1001 : End update timing; 0.960776s wall, 0.890625s user + 0.015625s system = 0.906250s CPU (94.3%)

PHY-1001 : Current memory(MB): used = 634, reserve = 607, peak = 634.
PHY-1001 : End phase 2; 23.189778s wall, 15.765625s user + 0.109375s system = 15.875000s CPU (68.5%)

PHY-1001 : ===== Detail Route Phase 3 =====
PHY-1001 : Optimize timing.....
PHY-1022 : len = 690288, over cnt = 132(0%), over = 132, worst = 1, crit = 0
PHY-1001 : End optimize timing; 0.022471s wall, 0.015625s user + 0.000000s system = 0.015625s CPU (69.5%)

PHY-1001 : Ripup-reroute.....
PHY-1001 : ===== DR Iter 1 =====
PHY-1022 : len = 688760, over cnt = 38(0%), over = 38, worst = 1, crit = 0
PHY-1001 : End DR Iter 1; 0.292519s wall, 0.171875s user + 0.000000s system = 0.171875s CPU (58.8%)

PHY-1001 : ===== DR Iter 2 =====
PHY-1022 : len = 688184, over cnt = 5(0%), over = 5, worst = 1, crit = 0
PHY-1001 : End DR Iter 2; 0.142460s wall, 0.078125s user + 0.000000s system = 0.078125s CPU (54.8%)

PHY-1001 : ===== DR Iter 3 =====
PHY-1022 : len = 688256, over cnt = 0(0%), over = 0, worst = 0, crit = 0
PHY-1001 : End DR Iter 3; 0.050108s wall, 0.031250s user + 0.000000s system = 0.031250s CPU (62.4%)

PHY-1001 : Update timing.....
PHY-1001 : 0/4814(0%) critical/total net(s).
RUN-1001 : ------------------------------------------
RUN-1001 :   Type   |    WNS(ns)    |  TNS(ns)  |  FEP  
RUN-1001 : ------------------------------------------
RUN-1001 :   Setup  |    998.546    |   0.000   |   0   
RUN-1001 :   Hold   |  2147483.647  |   0.000   |   0   
RUN-1001 : ------------------------------------------
PHY-1001 : End update timing; 0.959337s wall, 0.906250s user + 0.000000s system = 0.906250s CPU (94.5%)

PHY-1001 : Commit to database.....
PHY-1001 : 25 feed throughs used by 17 nets
PHY-1001 : End commit to database; 0.602938s wall, 0.468750s user + 0.015625s system = 0.484375s CPU (80.3%)

PHY-1001 : Current memory(MB): used = 664, reserve = 638, peak = 664.
PHY-1001 : End phase 3; 2.238387s wall, 1.812500s user + 0.015625s system = 1.828125s CPU (81.7%)

PHY-1003 : Routed, final wirelength = 688256
PHY-1001 : Current memory(MB): used = 665, reserve = 639, peak = 665.
PHY-1001 : End export database. 0.023378s wall, 0.015625s user + 0.000000s system = 0.015625s CPU (66.8%)

PHY-1001 : End detail routing;  34.555383s wall, 22.734375s user + 0.218750s system = 22.953125s CPU (66.4%)

RUN-1003 : finish command "route" in  36.431304s wall, 24.015625s user + 0.218750s system = 24.234375s CPU (66.5%)

RUN-1004 : used memory is 625 MB, reserved memory is 599 MB, peak memory is 666 MB
RUN-1002 : start command "report_area -io_info -file SD-SDRAM-ISP-HDMI_phy.area"
RUN-1001 : standard
***Report Model: sd_bmp_hdmi Device: EG4S20BG256***

IO Statistics
#IO                        12
  #input                    5
  #output                   7
  #inout                    0

Utilization Statistics
#lut                     3482   out of  19600   17.77%
#reg                     2812   out of  19600   14.35%
#le                      4697
  #lut only              1885   out of   4697   40.13%
  #reg only              1215   out of   4697   25.87%
  #lut&reg               1597   out of   4697   34.00%
#dsp                        0   out of     29    0.00%
#bram                       6   out of     64    9.38%
  #bram9k                   6
  #fifo9k                   0
#bram32k                   10   out of     16   62.50%
#pad                       16   out of    188    8.51%
  #ireg                     0
  #oreg                     4
  #treg                     0
#pll                        2   out of      4   50.00%
#gclk                       4   out of     16   25.00%

Clock Resource Statistics
Index     ClockNet                                    Type               DriverType         Driver                                          Fanout
#1        u_hdmi_top/bnr/pclk                         GCLK               pll                u_clk_wiz_1/pll_inst.clkc1                      970
#2        u_clk_wiz_0/clk0_buf                        GCLK               pll                u_clk_wiz_0/pll_inst.clkc0                      174
#3        u_ddr3_top/u_sdram_fifo_ctrl/wrfifo/clkw    GCLK               pll                u_clk_wiz_0/pll_inst.clkc3                      159
#4        config_inst_syn_9                           GCLK               config             config_inst.jtck                                119
#5        sys_clk_dup_1                               GCLK               io                 sys_clk_syn_2.di                                68
#6        u_sd_ctrl_top/u_sd_init/div_clk             GCLK               mslice             u_sd_ctrl_top/u_sd_init/div_clk_reg_syn_9.q0    65
#7        u_clk_wiz_1/clk0_buf                        GCLK               pll                u_clk_wiz_1/pll_inst.clkc0                      37
#8        u_sd_ctrl_top/u_sd_read/clk_ref_180deg      GCLK               pll                u_clk_wiz_0/pll_inst.clkc4                      26
#9        u_ddr3_top/clk_sdram                        GCLK               pll                u_clk_wiz_0/pll_inst.clkc1                      0


Detailed IO Report

        Name           Direction    Location    IOStandard    DriveStrength    PullType    PackReg  
       sd_miso           INPUT        D14        LVCMOS33          N/A          PULLUP      NONE    
   switch_video[1]       INPUT        B10        LVCMOS33          N/A          PULLUP      NONE    
   switch_video[0]       INPUT        A10        LVCMOS33          N/A          PULLUP      NONE    
       sys_clk           INPUT         R7        LVCMOS33          N/A          PULLUP      NONE    
      sys_rst_n          INPUT         A9        LVCMOS33          N/A          PULLUP      NONE    
       sd_clk           OUTPUT        F15        LVCMOS33           8            NONE       NONE    
        sd_cs           OUTPUT        F13        LVCMOS33           8            NONE       NONE    
       sd_mosi          OUTPUT        F14        LVCMOS33           8            NONE       NONE    
     tmds_clk_p         OUTPUT         P1         LVDS33           NA            NONE      ODDRX1   
    tmds_clk_p(n)       OUTPUT         R1         LVDS33           NA            NONE      ODDRX1   
   tmds_data_p[2]       OUTPUT         J3         LVDS33           NA            NONE      ODDRX1   
  tmds_data_p[2](n)     OUTPUT         J4         LVDS33           NA            NONE      ODDRX1   
   tmds_data_p[1]       OUTPUT         P4         LVDS33           NA            NONE      ODDRX1   
  tmds_data_p[1](n)     OUTPUT         N4         LVDS33           NA            NONE      ODDRX1   
   tmds_data_p[0]       OUTPUT         N1         LVDS33           NA            NONE      ODDRX1   
  tmds_data_p[0](n)     OUTPUT         M1         LVDS33           NA            NONE      ODDRX1   
       dq[23]            INPUT        S31        LVCMOS25           8           PULLUP      NONE    
       dq[22]            INPUT        S32        LVCMOS25           8           PULLUP      NONE    
       dq[21]            INPUT        S35        LVCMOS25           8           PULLUP      NONE    
       dq[20]            INPUT        S36        LVCMOS25           8           PULLUP      NONE    
       dq[19]            INPUT        S37        LVCMOS25           8           PULLUP      NONE    
       dq[18]            INPUT        S38        LVCMOS25           8           PULLUP      NONE    
       dq[17]            INPUT        S41        LVCMOS25           8           PULLUP      NONE    
       dq[16]            INPUT        S42        LVCMOS25           8           PULLUP      NONE    
       dq[31]            INPUT        S48        LVCMOS25           8           PULLUP      NONE    
       dq[30]            INPUT        S49        LVCMOS25           8           PULLUP      NONE    
       dq[29]            INPUT        S52        LVCMOS25           8           PULLUP      NONE    
       dq[28]            INPUT        S53        LVCMOS25           8           PULLUP      NONE    
       dq[27]            INPUT        S54        LVCMOS25           8           PULLUP      NONE    
       dq[26]            INPUT        S55        LVCMOS25           8           PULLUP      NONE    
       dq[25]            INPUT        S58        LVCMOS25           8           PULLUP      NONE    
       dq[24]            INPUT        S59        LVCMOS25           8           PULLUP      NONE    
         dm0            OUTPUT        S14        LVCMOS25           8            NONE       NONE    
         cke            OUTPUT        S18        LVCMOS25           8            NONE       OREG    
        we_n            OUTPUT        S19        LVCMOS25           8            NONE       OREG    
        cas_n           OUTPUT        S20        LVCMOS25           8            NONE       OREG    
        ras_n           OUTPUT        S21        LVCMOS25           8            NONE       OREG    
        cs_n            OUTPUT        S22        LVCMOS25           8            NONE       OREG    
       addr[9]          OUTPUT        S23        LVCMOS25           8            NONE       OREG    
       addr[8]          OUTPUT        S24        LVCMOS25           8            NONE       OREG    
       addr[7]          OUTPUT        S25        LVCMOS25           8            NONE       OREG    
       addr[6]          OUTPUT        S26        LVCMOS25           8            NONE       OREG    
       addr[5]          OUTPUT        S27        LVCMOS25           8            NONE       OREG    
       addr[4]          OUTPUT        S28        LVCMOS25           8            NONE       OREG    
         dm2            OUTPUT        S29        LVCMOS25           8            NONE       NONE    
         dm3            OUTPUT        S61        LVCMOS25           8            NONE       NONE    
       addr[3]          OUTPUT        S64        LVCMOS25           8            NONE       OREG    
       addr[2]          OUTPUT        S65        LVCMOS25           8            NONE       OREG    
       addr[1]          OUTPUT        S66        LVCMOS25           8            NONE       OREG    
       addr[0]          OUTPUT        S67        LVCMOS25           8            NONE       OREG    
      addr[10]          OUTPUT        S68        LVCMOS25           8            NONE       OREG    
        ba[0]           OUTPUT        S69        LVCMOS25           8            NONE       OREG    
        ba[1]           OUTPUT        S70        LVCMOS25           8            NONE       OREG    
         clk            OUTPUT        S73        LVCMOS25           8            NONE       NONE    
         dm1            OUTPUT        S76        LVCMOS25           8            NONE       NONE    
        dq[0]            INOUT         S1        LVCMOS25           8           PULLUP      IREG    
        dq[6]            INOUT        S11        LVCMOS25           8           PULLUP      IREG    
        dq[7]            INOUT        S12        LVCMOS25           8           PULLUP      IREG    
        dq[1]            INOUT         S2        LVCMOS25           8           PULLUP      IREG    
        dq[2]            INOUT         S5        LVCMOS25           8           PULLUP      IREG    
        dq[3]            INOUT         S6        LVCMOS25           8           PULLUP      IREG    
        dq[4]            INOUT         S7        LVCMOS25           8           PULLUP      IREG    
        dq[8]            INOUT        S78        LVCMOS25           8           PULLUP      IREG    
        dq[9]            INOUT        S79        LVCMOS25           8           PULLUP      IREG    
        dq[5]            INOUT         S8        LVCMOS25           8           PULLUP      IREG    
       dq[10]            INOUT        S82        LVCMOS25           8           PULLUP      IREG    
       dq[11]            INOUT        S83        LVCMOS25           8           PULLUP      IREG    
       dq[12]            INOUT        S84        LVCMOS25           8           PULLUP      IREG    
       dq[13]            INOUT        S85        LVCMOS25           8           PULLUP      IREG    
       dq[14]            INOUT        S88        LVCMOS25           8           PULLUP      IREG    
       dq[15]            INOUT        S89        LVCMOS25           8           PULLUP      IREG    

Report Hierarchy Area:
+-------------------------------------------------------------------------------------------------------------------------------------+
|Instance                            |Module                                     |le     |lut     |ripple  |seq     |bram    |dsp     |
+-------------------------------------------------------------------------------------------------------------------------------------+
|top                                 |sd_bmp_hdmi                                |4697   |2613    |869     |2816    |16      |0       |
|  u_clk_wiz_0                       |PLL                                        |0      |0       |0       |0       |0       |0       |
|  u_clk_wiz_1                       |PLL_hdmi                                   |0      |0       |0       |0       |0       |0       |
|  u_ddr3_top                        |ddr3_top1                                  |586    |360     |100     |352     |2       |0       |
|    physica_sdram                   |SDRAM                                      |0      |0       |0       |0       |0       |0       |
|    u_sdram_controller              |sdram_controller                           |215    |157     |40      |92      |0       |0       |
|      u_sdram_cmd                   |sdram_cmd                                  |42     |42      |0       |16      |0       |0       |
|      u_sdram_ctrl                  |sdram_ctrl                                 |158    |112     |40      |61      |0       |0       |
|      u_sdram_data                  |sdram_data                                 |15     |3       |0       |15      |0       |0       |
|    u_sdram_fifo_ctrl               |sdram_fifo_ctrl                            |371    |203     |60      |260     |2       |0       |
|      rdfifo                        |SOFTFIFO                                   |141    |80      |18      |113     |1       |0       |
|        ram_inst                    |ram_infer_SOFTFIFO                         |11     |0       |0       |11      |1       |0       |
|        rd_to_wr_cross_inst         |fifo_cross_domain_addr_process_al_SOFTFIFO |41     |24      |0       |41      |0       |0       |
|        wr_to_rd_cross_inst         |fifo_cross_domain_addr_process_al_SOFTFIFO |30     |26      |0       |30      |0       |0       |
|      wrfifo                        |SOFTFIFO                                   |147    |65      |18      |116     |1       |0       |
|        ram_inst                    |ram_infer_SOFTFIFO                         |16     |0       |0       |16      |1       |0       |
|        rd_to_wr_cross_inst         |fifo_cross_domain_addr_process_al_SOFTFIFO |38     |17      |0       |38      |0       |0       |
|        wr_to_rd_cross_inst         |fifo_cross_domain_addr_process_al_SOFTFIFO |35     |23      |0       |35      |0       |0       |
|  u_hdmi_top                        |hdmi_top1                                  |2956   |1464    |567     |1778    |8       |0       |
|    bnr                             |isp_bnr                                    |603    |116     |63      |486     |4       |0       |
|      linebuffer                    |shift_register                             |67     |35      |16      |28      |4       |0       |
|        gen_ram_inst[0]$u_ram       |simple_dp_ram                              |0      |0       |0       |0       |1       |0       |
|        gen_ram_inst[1]$u_ram       |simple_dp_ram                              |0      |0       |0       |0       |1       |0       |
|        gen_ram_inst[2]$u_ram       |simple_dp_ram                              |0      |0       |0       |0       |1       |0       |
|        gen_ram_inst[3]$u_ram       |simple_dp_ram                              |9      |9       |0       |2       |1       |0       |
|    dpc                             |isp_dpc                                    |1920   |1028    |407     |1116    |4       |0       |
|      linebuffer                    |shift_register                             |67     |35      |16      |30      |4       |0       |
|        gen_ram_inst[0]$u_ram       |simple_dp_ram                              |0      |0       |0       |0       |1       |0       |
|        gen_ram_inst[1]$u_ram       |simple_dp_ram                              |0      |0       |0       |0       |1       |0       |
|        gen_ram_inst[2]$u_ram       |simple_dp_ram                              |0      |0       |0       |0       |1       |0       |
|        gen_ram_inst[3]$u_ram       |simple_dp_ram                              |10     |10      |0       |5       |1       |0       |
|    u3_hdmi_tx                      |hdmi_tx                                    |288    |236     |36      |144     |0       |0       |
|      Inst_DVITransmitter           |DVITransmitter                             |288    |236     |36      |144     |0       |0       |
|        Inst_TMDSEncoder_blue       |TMDSEncoder                                |83     |70      |12      |28      |0       |0       |
|        Inst_TMDSEncoder_green      |TMDSEncoder                                |78     |66      |12      |36      |0       |0       |
|        Inst_TMDSEncoder_red        |TMDSEncoder                                |79     |67      |12      |32      |0       |0       |
|        Inst_blue_serializer_10_1   |Serial_N_1_lvds_dat                        |23     |19      |0       |23      |0       |0       |
|        Inst_clk_serializer_10_1    |Serial_N_1_lvds                            |6      |2       |0       |6       |0       |0       |
|        Inst_green_serializer_10_1  |Serial_N_1_lvds_dat                        |8      |4       |0       |8       |0       |0       |
|        Inst_red_serializer_10_1    |Serial_N_1_lvds_dat                        |11     |8       |0       |11      |0       |0       |
|    u_video_driver                  |video_driver                               |145    |84      |61      |32      |0       |0       |
|  u_sd_ctrl_top                     |sd_ctrl_top                                |362    |263     |45      |211     |0       |0       |
|    u_sd_init                       |sd_init                                    |210    |157     |30      |107     |0       |0       |
|    u_sd_read                       |sd_read                                    |152    |106     |15      |104     |0       |0       |
|  u_sd_read_photo                   |read_rawdata                               |309    |230     |72      |160     |0       |0       |
|  cw_top                            |CW_TOP_WRAPPER                             |479    |291     |85      |309     |0       |0       |
|    wrapper_cwc_top                 |cwc_top                                    |479    |291     |85      |309     |0       |0       |
|      cfg_int_inst                  |cwc_cfg_int                                |206    |116     |0       |192     |0       |0       |
|        reg_inst                    |register                                   |204    |114     |0       |190     |0       |0       |
|        tap_inst                    |tap                                        |2      |2       |0       |2       |0       |0       |
|      trigger_inst                  |trigger                                    |273    |175     |85      |117     |0       |0       |
|        bus_inst                    |bus_top                                    |69     |42      |24      |27      |0       |0       |
|          BUS_DETECTOR[0]$bus_nodes |bus_det                                    |1      |0       |0       |1       |0       |0       |
|          BUS_DETECTOR[2]$bus_nodes |bus_det                                    |2      |2       |0       |2       |0       |0       |
|          BUS_DETECTOR[4]$bus_nodes |bus_det                                    |50     |30      |18      |16      |0       |0       |
|          BUS_DETECTOR[5]$bus_nodes |bus_det                                    |16     |10      |6       |8       |0       |0       |
|        emb_ctrl_inst               |emb_ctrl                                   |110    |81      |29      |59      |0       |0       |
+-------------------------------------------------------------------------------------------------------------------------------------+


DataNet Average Fanout:

   Index     Fanout     Nets  
    #1          1       3491  
    #2          2       962   
    #3          3       375   
    #4          4       157   
    #5        5-10      405   
    #6        11-50     132   
    #7       51-100      4    
    #8       101-500     2    
    #9        >500       1    
  Average     2.48            

RUN-1002 : start command "export_db SD-SDRAM-ISP-HDMI_pr.db"
RUN-1001 : Exported /
RUN-1001 : Exported flow parameters
RUN-1001 : Exported libs
RUN-1001 : Exported entities
RUN-1001 : Exported ports
RUN-1001 : Exported pins
RUN-1001 : Exported instances
RUN-1001 : Exported nets
RUN-1001 : Exported buses
RUN-1001 : Exported models
RUN-1001 : Exported congestions
RUN-1001 : Exported violations
RUN-1001 : Exported timing constraints
RUN-1001 : Exported IO constraints
RUN-1001 : Exported Inst constraints
RUN-1001 : Exported ChipWatcher
RUN-1002 : start command "start_timer"
TMR-2505 : Start building timing graph for model sd_bmp_hdmi.
TMR-2506 : Build timing graph completely. Port num: 9, tpin num: 20915, tnet num: 5550, tinst num: 2514, tnode num: 27147, tedge num: 35938.
TMR-2508 : Levelizing timing graph completed, there are 29 levels in total.
TMR-2501 : Timing graph initialized successfully.
RUN-1002 : start command "report_timing -mode FINAL -net_info -rpt_autogen true -file SD-SDRAM-ISP-HDMI_phy.timing"
TMR-2503 : Start to update net delay, extr mode = 6.
TMR-2504 : Update delay of 5550 nets completely.
TMR-2502 : Annotate delay completely, extr mode = 6.
TMR-3001 : Initiate 0 clocks from SDC.
TMR-3004 : Map sdc constraints, there are 8 constraints in total.
TMR-3003 : Constraints initiated successfully.
TMR-3501 : Forward propagation: start to calculate arrival time...
TMR-3502 : Backward propagation: start to calculate required time...
TMR-3503 : Timing propagation completes.
TMR-3506 : Start to generate timing report.
TMR-1502 : Number of clock constraints = 0. Number of clock nets = 9 (9 unconstrainted).
TMR-5009 WARNING: No clock constraint on 9 clock net(s): 
		config_inst_syn_10
		sys_clk_dup_1
		u_clk_wiz_1/clk0_out
		u_ddr3_top/clk_sdram
		u_ddr3_top/u_sdram_fifo_ctrl/clk_ref
		u_ddr3_top/u_sdram_fifo_ctrl/wrfifo/clkw
		u_hdmi_top/bnr/pclk
		u_sd_ctrl_top/u_sd_init/div_clk_syn_4
		u_sd_ctrl_top/u_sd_read/clk_ref_180deg
USR-6122 CRITICAL-WARNING: No clock constraint on PLL u_clk_wiz_0/pll_inst
USR-6122 CRITICAL-WARNING: No clock constraint on PLL u_clk_wiz_1/pll_inst
TMR-3508 : Export timing summary.
TMR-3507 : Timing report generated successfully in SD-SDRAM-ISP-HDMI_phy.timing, timing summary in SD-SDRAM-ISP-HDMI_phy.tsm.
RUN-1002 : start command "export_bid SD-SDRAM-ISP-HDMI_inst.bid"
PRG-1000 : <!-- HMAC is: 484c792a741660ca46cb6eb6d8e03f40f070c3f37fdc9f099ce0e0f63923d326 -->
RUN-1002 : start command "bitgen -bit SD-SDRAM-ISP-HDMI.bit"
BIT-1003 : Start to generate bitstream. 
BIT-1002 : Init instances with 16 threads.
BIT-1002 : Init instances completely, inst num: 2514
BIT-1002 : Init pips with 16 threads.
BIT-1002 : Init pips completely, net num: 5552, pip num: 48488
BIT-1002 : Init feedthrough with 16 threads.
BIT-1002 : Init feedthrough completely, num: 25
BIT-1003 : Multithreading accelaration with 16 threads.
BIT-1003 : Generate bitstream completely, there are 2303 valid insts, and 142445 bits set as '1'.
BIT-1004 : the usercode register value: 00000000100011001000011001101001
BIT-1004 : PLL setting string = 0110
BIT-1004 : Generate bits file SD-SDRAM-ISP-HDMI.bit.
RUN-1003 : finish command "bitgen -bit SD-SDRAM-ISP-HDMI.bit" in  4.712697s wall, 24.296875s user + 0.453125s system = 24.750000s CPU (525.2%)

RUN-1004 : used memory is 652 MB, reserved memory is 626 MB, peak memory is 813 MB
RUN-1002 : start command "backup_run_log run.log ../.logs/phy_1/td_20240704_152724.log"
