============================================================
   Tang Dynasty, V5.6.71036
      Copyright (c) 2012-2023 Anlogic Inc.
   Executable = F:/ARMChina/bin/td.exe
   Built at =   20:34:38 Mar 21 2023
   Run by =     Illyasvial Von Einzb
   Run Date =   Fri Jul  5 02:44:12 2024

   Run on =     LAPTOP-4S5LNBPI
============================================================
RUN-1002 : start command "open_project SD-SDRAM-ISP-HDMI.prj"
RUN-1001 : Print Global Property
RUN-1001 : ---------------------------------------------------------------
RUN-1001 :        Parameters        |  Settings  |  Default Values  |  Note  
RUN-1001 : ---------------------------------------------------------------
RUN-1001 :          message         |  standard  |     standard     |        
RUN-1001 :   mixed_pack_place_flow  |     on     |        on        |        
RUN-1001 :        qor_monitor       |    off     |       off        |        
RUN-1001 :        syn_ip_flow       |    off     |       off        |        
RUN-1001 :          thread          |    auto    |       auto       |        
RUN-1001 : ---------------------------------------------------------------
RUN-1001 : Print Design Property
RUN-1001 : --------------------------------------------------------------
RUN-1001 :        Parameters       |  Settings  |  Default Values  |  Note  
RUN-1001 : --------------------------------------------------------------
RUN-1001 :   default_reg_initial   |    auto    |       auto       |        
RUN-1001 :        infer_add        |     on     |        on        |        
RUN-1001 :        infer_fsm        |    off     |       off        |        
RUN-1001 :        infer_mult       |     on     |        on        |        
RUN-1001 :        infer_ram        |     on     |        on        |        
RUN-1001 :        infer_reg        |     on     |        on        |        
RUN-1001 :   infer_reg_init_value  |     on     |        on        |        
RUN-1001 :        infer_rom        |     on     |        on        |        
RUN-1001 :      infer_shifter      |     on     |        on        |        
RUN-1001 : --------------------------------------------------------------
RUN-1001 : Print Rtl Property
RUN-1001 : --------------------------------------------------------------
RUN-1001 :        Parameters       |  Settings  |  Default Values  |  Note  
RUN-1001 : --------------------------------------------------------------
RUN-1001 :       compress_add      |   ripple   |      ripple      |        
RUN-1001 :        elf_sload        |    off     |       off        |        
RUN-1001 :       fix_undriven      |     0      |        0         |        
RUN-1001 :         flatten         |    off     |       off        |        
RUN-1001 :       gate_sharing      |     on     |        on        |        
RUN-1001 :    hdl_warning_level    |   normal   |      normal      |        
RUN-1001 :   impl_internal_tribuf  |     on     |        on        |        
RUN-1001 :      impl_set_reset     |     on     |        on        |        
RUN-1001 :        infer_gsr        |    off     |       off        |        
RUN-1001 :      keep_hierarchy     |    auto    |       auto       |        
RUN-1001 :        max_fanout       |    9999    |       9999       |        
RUN-1001 :      max_oh2bin_len     |     10     |        10        |        
RUN-1001 :       merge_equal       |     on     |        on        |        
RUN-1001 :       merge_equiv       |     on     |        on        |        
RUN-1001 :        merge_mux        |    off     |       off        |        
RUN-1001 :     min_control_set     |     8      |        8         |        
RUN-1001 :      min_ripple_len     |    auto    |       auto       |        
RUN-1001 :       oh2bin_ratio      |    0.08    |       0.08       |        
RUN-1001 :     opt_adder_fanout    |     on     |        on        |        
RUN-1001 :        opt_arith        |     on     |        on        |        
RUN-1001 :       opt_big_gate      |    off     |       off        |        
RUN-1001 :        opt_const        |     on     |        on        |        
RUN-1001 :      opt_const_mult     |     on     |        on        |        
RUN-1001 :       opt_lessthan      |     on     |        on        |        
RUN-1001 :         opt_mux         |    off     |       off        |        
RUN-1001 :         opt_ram         |    high    |       high       |        
RUN-1001 :      rtl_sim_model      |    off     |       off        |        
RUN-1001 :         seq_syn         |     on     |        on        |        
RUN-1001 : --------------------------------------------------------------
HDL-1007 : analyze verilog file ../../import/ddr3-al_ip/SOFTFIFO.v
HDL-1007 : analyze verilog file ../../import/ddr3-al_ip/SDRAM.v
HDL-1007 : analyze verilog file ../../al_ip/PLL.v
HDL-1007 : undeclared symbol 'open', assumed default net type 'wire' in ../../al_ip/PLL.v(92)
HDL-1007 : analyze verilog file ../../al_ip/PLL_hdmi.v
HDL-1007 : undeclared symbol 'open', assumed default net type 'wire' in ../../al_ip/PLL_hdmi.v(70)
HDL-1007 : analyze VHDL file ../../import/hdmi-rtl/enc_file/SerializerN_1_lvds.enc.vhd
Copyright (c) 1998-2019 The OpenSSL Project.  All rights reserved.
This product includes software developed by the OpenSSL Project
for use in the OpenSSL Toolkit (http://www.openssl.org/)
Copyright (C) 1995-1998 Eric Young (eay@cryptsoft.com)
All rights reserved.
This product includes cryptographic software written by Eric Young (eay@cryptsoft.com)
HDL-1007 : analyze entity ** in encrypted_text(0)
HDL-1007 : analyze architecture ** in encrypted_text(0)
HDL-1007 : analyze VHDL file ../../import/hdmi-rtl/enc_file/SerializerN_1_lvds_dat.enc.vhd
HDL-1007 : analyze entity ** in encrypted_text(0)
HDL-1007 : analyze architecture ** in encrypted_text(0)
HDL-1007 : analyze VHDL file ../../import/hdmi-rtl/enc_file/TMDSEncoder.enc.vhd
HDL-1007 : analyze entity ** in encrypted_text(0)
HDL-1007 : analyze architecture ** in encrypted_text(0)
HDL-1007 : analyze verilog file ../../import/hdmi-rtl/enc_file/video_tpg_1024768.enc.v
HDL-5007 WARNING: literal value ** truncated to fit in ** bits in encrypted_text(0)
HDL-1007 : back to file '../../import/hdmi-rtl/enc_file/video_tpg_1024768.enc.v' in ../../import/hdmi-rtl/enc_file/video_tpg_1024768.enc.v(216)
HDL-1007 : analyze verilog file ../../import/hdmi-rtl/enc_file/video_tpg_1080p.enc.v
HDL-1007 : back to file '../../import/hdmi-rtl/enc_file/video_tpg_1080p.enc.v' in ../../import/hdmi-rtl/enc_file/video_tpg_1080p.enc.v(208)
HDL-1007 : analyze verilog file ../../import/hdmi-rtl/enc_file/video_tpg_12801024p.enc.v
HDL-1007 : back to file '../../import/hdmi-rtl/enc_file/video_tpg_12801024p.enc.v' in ../../import/hdmi-rtl/enc_file/video_tpg_12801024p.enc.v(207)
HDL-1007 : analyze verilog file ../../import/hdmi-rtl/enc_file/video_tpg_1280800.enc.v
HDL-5007 WARNING: literal value ** truncated to fit in ** bits in encrypted_text(0)
HDL-1007 : back to file '../../import/hdmi-rtl/enc_file/video_tpg_1280800.enc.v' in ../../import/hdmi-rtl/enc_file/video_tpg_1280800.enc.v(216)
HDL-1007 : analyze verilog file ../../import/hdmi-rtl/enc_file/video_tpg_16801050p.enc.v
HDL-1007 : back to file '../../import/hdmi-rtl/enc_file/video_tpg_16801050p.enc.v' in ../../import/hdmi-rtl/enc_file/video_tpg_16801050p.enc.v(209)
HDL-1007 : analyze verilog file ../../import/hdmi-rtl/enc_file/video_tpg_800600.enc.v
HDL-1007 : back to file '../../import/hdmi-rtl/enc_file/video_tpg_800600.enc.v' in ../../import/hdmi-rtl/enc_file/video_tpg_800600.enc.v(211)
HDL-1007 : analyze verilog file ../../import/hdmi_top/hdmi_top.v
HDL-1007 : analyze verilog file ../../import/hdmi_top/video_driver.v
HDL-1007 : analyze verilog file ../../import/sd_bmp_hdmi.v
HDL-1007 : undeclared symbol 'rd_vsync', assumed default net type 'wire' in ../../import/sd_bmp_hdmi.v(200)
HDL-1007 : analyze verilog file ../../import/sd_ctrl_top/sd_ctrl_top.v
HDL-1007 : analyze verilog file ../../import/sd_ctrl_top/sd_init.v
HDL-1007 : analyze verilog file ../../import/sd_ctrl_top/sd_read.v
HDL-1007 : analyze verilog file ../../import/sd_ctrl_top/sd_write.v
HDL-1007 : analyze VHDL file ../../import/hdmi-rtl/enc_file/DVITransmitter.enc.vhd
HDL-1007 : analyze entity dvitransmitter in ../../import/hdmi-rtl/enc_file/DVITransmitter.enc.vhd(13)
HDL-1007 : analyze architecture ** in encrypted_text(0)
HDL-1007 : analyze VHDL file ../../import/hdmi-rtl/hdmi_tx.vhd
HDL-1007 : analyze entity hdmi_tx in ../../import/hdmi-rtl/hdmi_tx.vhd(11)
HDL-1007 : analyze architecture behavioral in ../../import/hdmi-rtl/hdmi_tx.vhd(33)
HDL-1007 : analyze verilog file ../../import/DDR3-rtl/sdram_cmd.v
HDL-1007 : analyze included file ../../import/DDR3-rtl/sdram_para.v in ../../import/DDR3-rtl/sdram_cmd.v(46)
HDL-1007 : back to file '../../import/DDR3-rtl/sdram_cmd.v' in ../../import/DDR3-rtl/sdram_cmd.v(46)
HDL-1007 : analyze verilog file ../../import/DDR3-rtl/sdram_controller.v
HDL-1007 : analyze verilog file ../../import/DDR3-rtl/sdram_ctrl.v
HDL-1007 : analyze included file ../../import/DDR3-rtl/sdram_para.v in ../../import/DDR3-rtl/sdram_ctrl.v(19)
HDL-1007 : back to file '../../import/DDR3-rtl/sdram_ctrl.v' in ../../import/DDR3-rtl/sdram_ctrl.v(19)
HDL-1007 : analyze verilog file ../../import/DDR3-rtl/sdram_data.v
HDL-1007 : analyze included file ../../import/DDR3-rtl/sdram_para.v in ../../import/DDR3-rtl/sdram_data.v(13)
HDL-1007 : back to file '../../import/DDR3-rtl/sdram_data.v' in ../../import/DDR3-rtl/sdram_data.v(13)
HDL-1007 : analyze verilog file ../../import/DDR3-rtl/sdram_fifo_ctrl.v
HDL-1007 : analyze verilog file ../../import/DDR3-rtl/sdram_top.v
HDL-1007 : analyze verilog file ../../import/read_rawdata.v
HDL-1007 : analyze verilog file ../../import/hdmi_top/ISP_include.v
HDL-1007 : analyze verilog file ../../import/hdmi_top/ISP_debayer_l.v
HDL-1007 : analyze verilog file ../../import/hdmi_top/ISP_awb_top.v
HDL-1007 : undeclared symbol 'video_de', assumed default net type 'wire' in ../../import/hdmi_top/ISP_awb_top.v(93)
HDL-1007 : analyze verilog file ../../import/hdmi_top/ISP_cal_awb.v
HDL-1007 : analyze verilog file ../../import/hdmi_top/ISP_static_awb.v
HDL-1007 : analyze verilog file ../../import/hdmi_top/ISP_wb.v
RUN-1001 : Project manager successfully analyzed 36 source files.
RUN-1002 : start command "import_device eagle_s20.db -package EG4S20BG256"
ARC-1001 : Device Initialization.
ARC-1001 : ------------------------------------------------------------------
ARC-1001 :            OPTION            |          IO          |   SETTING   
ARC-1001 : ------------------------------------------------------------------
ARC-1001 :   cso_b/cclk/mosi/miso/dout  |  T3/R11/T10/P10/S11  |    gpio    
ARC-1001 :             done             |         P13          |    gpio    
ARC-1001 :           program_b          |          T2          |  dedicate  
ARC-1001 :        tdi/tms/tck/tdo       |   C12/A15/C14/E14    |  dedicate  
ARC-1001 : ------------------------------------------------------------------
ARC-1004 : Device setting, marked 5 dedicate IOs in total.
RUN-1002 : start command "import_db ../syn_1/SD-SDRAM-ISP-HDMI_gate.db"
RUN-1001 : Importing database generated by Tang Dynasty, V5.6.71036.
RUN-1001 : Database version number 46146.
RUN-1001 : Import flow parameters
RUN-1001 : Import timing constraints
RUN-1001 : Import IO constraints
RUN-1001 : Import Inst constraints
RUN-1001 : Import design success TD_VERSION=5.6.71036 , DB_VERSION=46146
RUN-1002 : start command "read_sdc -ip SOFTFIFO ../../import/ddr3-al_ip/SOFTFIFO.tcl"
RUN-1002 : start command "get_ports clkw"
RUN-1002 : start command "get_nets  clkw  "
RUN-1002 : start command "get_clocks -nowarn -of nets 9663676416000"
RUN-1002 : start command "get_ports clkr"
RUN-1002 : start command "get_nets  clkr  "
RUN-1002 : start command "get_clocks -nowarn -of nets 11063835754496"
RUN-1002 : start command "get_property -nowarn -max PERIOD "
RUN-1002 : start command "get_property -nowarn -max PERIOD "
RUN-1002 : start command "get_regs rd_to_wr_cross_inst/primary_addr_gray_reg[*]"
RUN-1002 : start command "get_regs rd_to_wr_cross_inst/sync_r1[*]"
RUN-1002 : start command "set_max_delay -from  -to  999.70000000000005 -datapath_only"
RUN-1002 : start command "get_regs rd_to_wr_cross_inst/primary_addr_gray_reg[*]"
RUN-1002 : start command "get_regs rd_to_wr_cross_inst/sync_r1[*]"
RUN-1002 : start command "set_false_path -from  -to  -hold 999.70000000000005"
USR-1002 : set_false_path -help -setup -hold -from <list> -rise_from <list> -fall_from <list> -to <list> -rise_to <list> -fall_to <list> -through <list>
RUN-1002 : start command "get_regs wr_to_rd_cross_inst/primary_addr_gray_reg[*]"
RUN-1002 : start command "get_regs wr_to_rd_cross_inst/sync_r1[*]"
RUN-1002 : start command "set_max_delay -from  -to  999.70000000000005 -datapath_only"
RUN-1002 : start command "get_regs wr_to_rd_cross_inst/primary_addr_gray_reg[*]"
RUN-1002 : start command "get_regs wr_to_rd_cross_inst/sync_r1[*]"
RUN-1002 : start command "set_false_path -from  -to  -hold 999.70000000000005"
USR-1002 : set_false_path -help -setup -hold -from <list> -rise_from <list> -fall_from <list> -to <list> -rise_to <list> -fall_to <list> -through <list>
RUN-1002 : start command "get_ports clkw"
RUN-1002 : start command "get_nets  clkw  "
RUN-1002 : start command "get_clocks -nowarn -of nets 17514876633088"
RUN-1002 : start command "get_ports clkr"
RUN-1002 : start command "get_nets  clkr  "
RUN-1002 : start command "get_clocks -nowarn -of nets 9663676416000"
RUN-1002 : start command "get_property -nowarn -max PERIOD "
RUN-1002 : start command "get_property -nowarn -max PERIOD "
RUN-1002 : start command "get_regs rd_to_wr_cross_inst/primary_addr_gray_reg[*]"
RUN-1002 : start command "get_regs rd_to_wr_cross_inst/sync_r1[*]"
RUN-1002 : start command "set_max_delay -from  -to  999.70000000000005 -datapath_only"
RUN-1002 : start command "get_regs rd_to_wr_cross_inst/primary_addr_gray_reg[*]"
RUN-1002 : start command "get_regs rd_to_wr_cross_inst/sync_r1[*]"
RUN-1002 : start command "set_false_path -from  -to  -hold 999.70000000000005"
USR-1002 : set_false_path -help -setup -hold -from <list> -rise_from <list> -fall_from <list> -to <list> -rise_to <list> -fall_to <list> -through <list>
RUN-1002 : start command "get_regs wr_to_rd_cross_inst/primary_addr_gray_reg[*]"
RUN-1002 : start command "get_regs wr_to_rd_cross_inst/sync_r1[*]"
RUN-1002 : start command "set_max_delay -from  -to  999.70000000000005 -datapath_only"
RUN-1002 : start command "get_regs wr_to_rd_cross_inst/primary_addr_gray_reg[*]"
RUN-1002 : start command "get_regs wr_to_rd_cross_inst/sync_r1[*]"
RUN-1002 : start command "set_false_path -from  -to  -hold 999.70000000000005"
USR-1002 : set_false_path -help -setup -hold -from <list> -rise_from <list> -fall_from <list> -to <list> -rise_to <list> -fall_to <list> -through <list>
RUN-1002 : start command "config_chipwatcher ../../sd_HDMI.cwc -dir "
RUN-1002 : start command "legalize_phy_inst"
SYN-1011 : Flatten model sd_bmp_hdmi
KIT-1004 : ChipWatcher: import watcher inst auto_chipwatcher_0 completed, there are 14 view nodes, 124 trigger nets, 124 data nets.
KIT-1004 : Chipwatcher code = 1111010100100101
RUN-1002 : start command "compile_watcher"
RUN-1002 : start command "read_verilog -no_sch -dir F:/ARMChina/cw/ -file SD-SDRAM-ISP-HDMI_watcherInst.sv -lib cw -top CW_TOP_WRAPPER"
HDL-1007 : analyze verilog file F:/ARMChina/cw\bus_det.v
HDL-1007 : analyze verilog file F:/ARMChina/cw\bus_top.sv
HDL-1007 : analyze verilog file F:/ARMChina/cw\cfg_int.v
HDL-1007 : analyze verilog file F:/ARMChina/cw\cwc_cfg_int.v
HDL-1007 : analyze verilog file F:/ARMChina/cw\cwc_top.sv
HDL-1007 : analyze verilog file F:/ARMChina/cw\detect_bus.v
HDL-1007 : analyze verilog file F:/ARMChina/cw\detect_non_bus.v
HDL-1007 : analyze verilog file F:/ARMChina/cw\emb_ctrl.v
HDL-1007 : analyze verilog file F:/ARMChina/cw\register.v
HDL-1007 : analyze verilog file F:/ARMChina/cw\tap.v
HDL-1007 : analyze verilog file F:/ARMChina/cw\trigger.sv
HDL-1007 : analyze verilog file SD-SDRAM-ISP-HDMI_watcherInst.sv
HDL-1007 : elaborate module CW_TOP_WRAPPER in SD-SDRAM-ISP-HDMI_watcherInst.sv(1)
HDL-1007 : elaborate module cwc_top(BUS_NUM=14,BUS_DIN_NUM=124,BUS_CTRL_NUM=304,BUS_WIDTH='{32'sb01,32'sb01,32'sb01,32'sb01,32'sb0100000,32'sb0100000,32'sb0100000,32'sb01,32'sb01,32'sb01,32'sb01,32'sb01000,32'sb01000,32'sb0100},BUS_DIN_POS='{32'sb0,32'sb01,32'sb010,32'sb011,32'sb0100,32'sb0100100,32'sb01000100,32'sb01100100,32'sb01100101,32'sb01100110,32'sb01100111,32'sb01101000,32'sb01110000,32'sb01111000},BUS_CTRL_POS='{32'sb0,32'sb0110,32'sb01100,32'sb010010,32'sb011000,32'sb01011100,32'sb010100000,32'sb011100100,32'sb011101010,32'sb011110000,32'sb011110110,32'sb011111100,32'sb0100010000,32'sb0100100100}) in F:/ARMChina/cw\cwc_top.sv(21)
HDL-1007 : elaborate module cwc_cfg_int(CTRL_REG_LEN=326) in F:/ARMChina/cw\cwc_cfg_int.v(21)
HDL-1007 : elaborate module register(CTRL_REG_LEN=326) in F:/ARMChina/cw\register.v(21)
HDL-1007 : elaborate module tap in F:/ARMChina/cw\tap.v(21)
HDL-1007 : elaborate module trigger(BUS_NUM=14,BUS_DIN_NUM=124,BUS_CTRL_NUM=304,BUS_WIDTH='{32'sb01,32'sb01,32'sb01,32'sb01,32'sb0100000,32'sb0100000,32'sb0100000,32'sb01,32'sb01,32'sb01,32'sb01,32'sb01000,32'sb01000,32'sb0100},BUS_DIN_POS='{32'sb0,32'sb01,32'sb010,32'sb011,32'sb0100,32'sb0100100,32'sb01000100,32'sb01100100,32'sb01100101,32'sb01100110,32'sb01100111,32'sb01101000,32'sb01110000,32'sb01111000},BUS_CTRL_POS='{32'sb0,32'sb0110,32'sb01100,32'sb010010,32'sb011000,32'sb01011100,32'sb010100000,32'sb011100100,32'sb011101010,32'sb011110000,32'sb011110110,32'sb011111100,32'sb0100010000,32'sb0100100100}) in F:/ARMChina/cw\trigger.sv(21)
HDL-1007 : elaborate module bus_top(BUS_NODE_NUM=14,BUS_DIN_NUM=124,BUS_CTRL_NUM=304,BUS_WIDTH='{32'sb01,32'sb01,32'sb01,32'sb01,32'sb0100000,32'sb0100000,32'sb0100000,32'sb01,32'sb01,32'sb01,32'sb01,32'sb01000,32'sb01000,32'sb0100},BUS_DIN_POS='{32'sb0,32'sb01,32'sb010,32'sb011,32'sb0100,32'sb0100100,32'sb01000100,32'sb01100100,32'sb01100101,32'sb01100110,32'sb01100111,32'sb01101000,32'sb01110000,32'sb01111000},BUS_CTRL_POS='{32'sb0,32'sb0110,32'sb01100,32'sb010010,32'sb011000,32'sb01011100,32'sb010100000,32'sb011100100,32'sb011101010,32'sb011110000,32'sb011110110,32'sb011111100,32'sb0100010000,32'sb0100100100}) in F:/ARMChina/cw\bus_top.sv(22)
HDL-1007 : elaborate module bus_det(BUS_WIDTH=32'sb01) in F:/ARMChina/cw\bus_det.v(21)
HDL-1007 : elaborate module bus_det(BUS_WIDTH=32'sb0100000) in F:/ARMChina/cw\bus_det.v(21)
HDL-1007 : elaborate module bus_det(BUS_WIDTH=32'sb01000) in F:/ARMChina/cw\bus_det.v(21)
HDL-1007 : elaborate module bus_det(BUS_WIDTH=32'sb0100) in F:/ARMChina/cw\bus_det.v(21)
HDL-1007 : elaborate module emb_ctrl in F:/ARMChina/cw\emb_ctrl.v(21)
HDL-1200 : Current top model is CW_TOP_WRAPPER
HDL-1100 : Inferred 0 RAMs.
RUN-1002 : start command "force_keep -a auto_chipwatcher_0_logicbram"
RUN-1002 : start command "optimize_rtl -no_sch"
RUN-1001 : Open license file F:/ARMChina/license/Anlogic.lic
RUN-1001 : Print Global Property
RUN-1001 : ---------------------------------------------------------------
RUN-1001 :        Parameters        |  Settings  |  Default Values  |  Note  
RUN-1001 : ---------------------------------------------------------------
RUN-1001 :          message         |  standard  |     standard     |        
RUN-1001 :   mixed_pack_place_flow  |     on     |        on        |        
RUN-1001 :        qor_monitor       |    off     |       off        |        
RUN-1001 :        syn_ip_flow       |    off     |       off        |        
RUN-1001 :          thread          |    auto    |       auto       |        
RUN-1001 : ---------------------------------------------------------------
RUN-1001 : Print Rtl Property
RUN-1001 : --------------------------------------------------------------
RUN-1001 :        Parameters       |  Settings  |  Default Values  |  Note  
RUN-1001 : --------------------------------------------------------------
RUN-1001 :       compress_add      |   ripple   |      ripple      |        
RUN-1001 :        elf_sload        |    off     |       off        |        
RUN-1001 :       fix_undriven      |     0      |        0         |        
RUN-1001 :         flatten         |    off     |       off        |        
RUN-1001 :       gate_sharing      |     on     |        on        |        
RUN-1001 :    hdl_warning_level    |   normal   |      normal      |        
RUN-1001 :   impl_internal_tribuf  |     on     |        on        |        
RUN-1001 :      impl_set_reset     |     on     |        on        |        
RUN-1001 :        infer_gsr        |    off     |       off        |        
RUN-1001 :      keep_hierarchy     |    auto    |       auto       |        
RUN-1001 :        max_fanout       |    9999    |       9999       |        
RUN-1001 :      max_oh2bin_len     |     10     |        10        |        
RUN-1001 :       merge_equal       |     on     |        on        |        
RUN-1001 :       merge_equiv       |     on     |        on        |        
RUN-1001 :        merge_mux        |    off     |       off        |        
RUN-1001 :     min_control_set     |     8      |        8         |        
RUN-1001 :      min_ripple_len     |    auto    |       auto       |        
RUN-1001 :       oh2bin_ratio      |    0.08    |       0.08       |        
RUN-1001 :     opt_adder_fanout    |     on     |        on        |        
RUN-1001 :        opt_arith        |     on     |        on        |        
RUN-1001 :       opt_big_gate      |    off     |       off        |        
RUN-1001 :        opt_const        |     on     |        on        |        
RUN-1001 :      opt_const_mult     |     on     |        on        |        
RUN-1001 :       opt_lessthan      |     on     |        on        |        
RUN-1001 :         opt_mux         |    off     |       off        |        
RUN-1001 :         opt_ram         |    high    |       high       |        
RUN-1001 :      rtl_sim_model      |    off     |       off        |        
RUN-1001 :         seq_syn         |     on     |        on        |        
RUN-1001 : --------------------------------------------------------------
SYN-1012 : SanityCheck: Model "sd_bmp_hdmi"
SYN-1012 : SanityCheck: Model "CW_TOP_WRAPPER"
SYN-1012 : SanityCheck: Model "cwc_top(BUS_NUM=14,BUS_DIN_NUM=124,BUS_CTRL_NUM=304,BUS_WIDTH='{32'sb01,32'sb01,32'sb01,32'sb01,32'sb0100000,32'sb0100000,32'sb0100000,32'sb01,32'sb01,32'sb01,32'sb01,32'sb01000,32'sb01000,32'sb0100},BUS_DIN_POS='{32'sb0,32'sb01,32'sb010,32'sb011,32'sb0100,32'sb0100100,32'sb01000100,32'sb01100100,32'sb01100101,32'sb01100110,32'sb01100111,32'sb01101000,32'sb01110000,32'sb01111000},BUS_CTRL_POS='{32'sb0,32'sb0110,32'sb01100,32'sb010010,32'sb011000,32'sb01011100,32'sb010100000,32'sb011100100,32'sb011101010,32'sb011110000,32'sb011110110,32'sb011111100,32'sb0100010000,32'sb0100100100})"
SYN-1012 : SanityCheck: Model "cwc_cfg_int(CTRL_REG_LEN=326)"
SYN-1012 : SanityCheck: Model "register(CTRL_REG_LEN=326)"
SYN-1012 : SanityCheck: Model "tap"
SYN-1012 : SanityCheck: Model "trigger(BUS_NUM=14,BUS_DIN_NUM=124,BUS_CTRL_NUM=304,BUS_WIDTH='{32'sb01,32'sb01,32'sb01,32'sb01,32'sb0100000,32'sb0100000,32'sb0100000,32'sb01,32'sb01,32'sb01,32'sb01,32'sb01000,32'sb01000,32'sb0100},BUS_DIN_POS='{32'sb0,32'sb01,32'sb010,32'sb011,32'sb0100,32'sb0100100,32'sb01000100,32'sb01100100,32'sb01100101,32'sb01100110,32'sb01100111,32'sb01101000,32'sb01110000,32'sb01111000},BUS_CTRL_POS='{32'sb0,32'sb0110,32'sb01100,32'sb010010,32'sb011000,32'sb01011100,32'sb010100000,32'sb011100100,32'sb011101010,32'sb011110000,32'sb011110110,32'sb011111100,32'sb0100010000,32'sb0100100100})"
SYN-1012 : SanityCheck: Model "bus_top(BUS_NODE_NUM=14,BUS_DIN_NUM=124,BUS_CTRL_NUM=304,BUS_WIDTH='{32'sb01,32'sb01,32'sb01,32'sb01,32'sb0100000,32'sb0100000,32'sb0100000,32'sb01,32'sb01,32'sb01,32'sb01,32'sb01000,32'sb01000,32'sb0100},BUS_DIN_POS='{32'sb0,32'sb01,32'sb010,32'sb011,32'sb0100,32'sb0100100,32'sb01000100,32'sb01100100,32'sb01100101,32'sb01100110,32'sb01100111,32'sb01101000,32'sb01110000,32'sb01111000},BUS_CTRL_POS='{32'sb0,32'sb0110,32'sb01100,32'sb010010,32'sb011000,32'sb01011100,32'sb010100000,32'sb011100100,32'sb011101010,32'sb011110000,32'sb011110110,32'sb011111100,32'sb0100010000,32'sb0100100100})"
SYN-1012 : SanityCheck: Model "bus_det(BUS_WIDTH=32'sb01)"
SYN-1012 : SanityCheck: Model "bus_det(BUS_WIDTH=32'sb01000)"
SYN-1012 : SanityCheck: Model "bus_det(BUS_WIDTH=32'sb0100)"
SYN-1012 : SanityCheck: Model "bus_det(BUS_WIDTH=32'sb0100000)"
SYN-1012 : SanityCheck: Model "emb_ctrl"
SYN-1011 : Flatten model sd_bmp_hdmi
SYN-1032 : 7203/56 useful/useless nets, 4832/36 useful/useless insts
SYN-1016 : Merged 65 instances.
SYN-1032 : 6444/16 useful/useless nets, 5709/16 useful/useless insts
SYN-1014 : Optimize round 1
SYN-1032 : 6428/16 useful/useless nets, 5697/12 useful/useless insts
SYN-1021 : Optimized 6 onehot mux instances.
SYN-1020 : Optimized 1 distributor mux.
SYN-1019 : Optimized 6 mux instances.
SYN-1015 : Optimize round 1, 915 better
SYN-1014 : Optimize round 2
SYN-1032 : 5663/90 useful/useless nets, 4932/96 useful/useless insts
SYN-1015 : Optimize round 2, 192 better
SYN-1014 : Optimize round 1
SYN-1015 : Optimize round 1, 0 better
RUN-1003 : finish command "optimize_rtl -no_sch" in  1.547416s wall, 1.109375s user + 0.062500s system = 1.171875s CPU (75.7%)

RUN-1004 : used memory is 184 MB, reserved memory is 149 MB, peak memory is 186 MB
RUN-1002 : start command "optimize_gate -no_sch"
RUN-1001 : Open license file F:/ARMChina/license/Anlogic.lic
RUN-1001 : Print Global Property
RUN-1001 : ---------------------------------------------------------------
RUN-1001 :        Parameters        |  Settings  |  Default Values  |  Note  
RUN-1001 : ---------------------------------------------------------------
RUN-1001 :          message         |  standard  |     standard     |        
RUN-1001 :   mixed_pack_place_flow  |     on     |        on        |        
RUN-1001 :        qor_monitor       |    off     |       off        |        
RUN-1001 :        syn_ip_flow       |    off     |       off        |        
RUN-1001 :          thread          |    auto    |       auto       |        
RUN-1001 : ---------------------------------------------------------------
RUN-1001 : Print Gate Property
RUN-1001 : ------------------------------------------------------------------
RUN-1001 :          Parameters         |  Settings  |  Default Values  |  Note  
RUN-1001 : ------------------------------------------------------------------
RUN-1001 :         cascade_dsp         |    off     |       off        |        
RUN-1001 :         cascade_eram        |    off     |       off        |        
RUN-1001 :        gate_sim_model       |    off     |       off        |        
RUN-1001 :        map_sim_model        |    off     |       off        |        
RUN-1001 :         map_strategy        |     1      |        1         |        
RUN-1001 :           opt_area          |   medium   |      medium      |        
RUN-1001 :          opt_timing         |    auto    |       auto       |        
RUN-1001 :         pack_effort         |   medium   |      medium      |        
RUN-1001 :      pack_lslice_ripple     |     on     |        on        |        
RUN-1001 :   pack_lslice_ripple_ratio  |    0.5     |       0.5        |        
RUN-1001 :        pack_seq_in_io       |    auto    |       auto       |        
RUN-1001 :        ph1_mux_ratio        |    1.0     |       1.0        |        
RUN-1001 :            report           |  standard  |     standard     |        
RUN-1001 :           retiming          |    off     |       off        |        
RUN-1001 : ------------------------------------------------------------------
SYN-2001 : Map 12 IOs to PADs
RUN-1002 : start command "update_pll_param -module sd_bmp_hdmi"
SYN-2501 : Processed 0 LOGIC_BUF instances.
SYN-2512 : LOGIC BRAM "auto_chipwatcher_0_logicbram"
SYN-2571 : Optimize after map_dsp, round 1
SYN-1032 : 5676/244 useful/useless nets, 4972/127 useful/useless insts
SYN-1016 : Merged 12 instances.
SYN-2571 : Optimize after map_dsp, round 1, 383 better
SYN-2571 : Optimize after map_dsp, round 2
SYN-2571 : Optimize after map_dsp, round 2, 0 better
SYN-1001 : Throwback 3 control mux instances
SYN-2501 : Optimize round 1
SYN-1016 : Merged 116 instances.
SYN-2501 : Optimize round 1, 234 better
SYN-2501 : Optimize round 2
SYN-2501 : Optimize round 2, 0 better
SYN-2501 : Map 22 macro adder
SYN-1019 : Optimized 25 mux instances.
SYN-1016 : Merged 14 instances.
SYN-1032 : 6602/3 useful/useless nets, 5898/2 useful/useless insts
RUN-1002 : start command "start_timer -prepack"
TMR-2505 : Start building timing graph for model sd_bmp_hdmi.
TMR-2506 : Build timing graph completely. Port num: 9, tpin num: 25490, tnet num: 6602, tinst num: 5897, tnode num: 33095, tedge num: 39508.
TMR-2508 : Levelizing timing graph completed, there are 85 levels in total.
TMR-2501 : Timing graph initialized successfully.
TMR-2503 : Start to update net delay, extr mode = 2.
TMR-2504 : Update delay of 6602 nets completely.
TMR-2502 : Annotate delay completely, extr mode = 2.
TMR-3001 : Initiate 0 clocks from SDC.
TMR-3004 : Map sdc constraints, there are 8 constraints in total.
TMR-3003 : Constraints initiated successfully.
TMR-3501 : Forward propagation: start to calculate arrival time...
TMR-3502 : Backward propagation: start to calculate required time...
TMR-3503 : Timing propagation completes.
SYN-3001 : Running gate level optimization.
SYN-2581 : Mapping with K=5, #lut = 497 (3.16), #lev = 7 (1.49)
SYN-2551 : Post LUT mapping optimization.
SYN-2581 : Mapping with K=5, #lut = 497 (3.16), #lev = 7 (1.49)
SYN-3001 : Logic optimization runtime opt =   0.04 sec, map =   0.00 sec
SYN-3001 : Mapper mapped 1115 instances into 497 LUTs, name keeping = 71%.
SYN-1001 : Packing model "sd_bmp_hdmi" ...
SYN-4010 : Pack lib has 58 rtl pack models with 25 top pack blocks
SYN-1014 : Optimize round 1
SYN-1015 : Optimize round 1, 0 better
SYN-4002 : Packing 874 DFF/LATCH to SEQ ...
SYN-4009 : Pack 8 carry chain into lslice
SYN-4007 : Packing 292 adder to BLE ...
SYN-4008 : Packed 292 adder and 0 SEQ to BLE.
SYN-4007 : Packing 0 gate4 to BLE ...
SYN-4008 : Packed 0 gate4 and 0 SEQ to BLE.
SYN-4012 : Packed 0 FxMUX
RUN-1003 : finish command "optimize_gate -no_sch" in  2.006552s wall, 1.281250s user + 0.031250s system = 1.312500s CPU (65.4%)

RUN-1004 : used memory is 189 MB, reserved memory is 152 MB, peak memory is 229 MB
RUN-1002 : start command "legalize_phy_inst"
SYN-1011 : Flatten model sd_bmp_hdmi
KIT-1004 : Compile Chipwatcher: Clear obsolete physical data.
RUN-1003 : finish command "compile_watcher" in  3.727942s wall, 2.531250s user + 0.093750s system = 2.625000s CPU (70.4%)

RUN-1004 : used memory is 189 MB, reserved memory is 152 MB, peak memory is 229 MB
RUN-1002 : start command "place"
RUN-1001 : Open license file F:/ARMChina/license/Anlogic.lic
RUN-1001 : Print Global Property
RUN-1001 : ---------------------------------------------------------------
RUN-1001 :        Parameters        |  Settings  |  Default Values  |  Note  
RUN-1001 : ---------------------------------------------------------------
RUN-1001 :          message         |  standard  |     standard     |        
RUN-1001 :   mixed_pack_place_flow  |     on     |        on        |        
RUN-1001 :        qor_monitor       |    off     |       off        |        
RUN-1001 :        syn_ip_flow       |    off     |       off        |        
RUN-1001 :          thread          |    auto    |       auto       |        
RUN-1001 : ---------------------------------------------------------------
RUN-1001 : Print Place Property
RUN-1001 : --------------------------------------------------------------
RUN-1001 :        Parameters       |  Settings  |  Default Values  |  Note  
RUN-1001 : --------------------------------------------------------------
RUN-1001 :      detailed_place     |     on     |        on        |        
RUN-1001 :          effort         |   medium   |      medium      |        
RUN-1001 :         fix_hold        |    off     |       off        |        
RUN-1001 :       legalization      |    ori     |       ori        |        
RUN-1001 :      new_spreading      |     on     |        on        |        
RUN-1001 :        opt_timing       |   medium   |      medium      |        
RUN-1001 :   post_clock_route_opt  |    off     |       off        |        
RUN-1001 :       pr_strategy       |     1      |        1         |        
RUN-1001 :        relaxation       |    1.00    |       1.00       |        
RUN-1001 :         retiming        |    off     |       off        |        
RUN-1001 : --------------------------------------------------------------
PHY-3001 : Placer runs in 16 thread(s).
RUN-1002 : start command "legalize_phy_inst"
SYN-1011 : Flatten model sd_bmp_hdmi
RUN-1002 : start command "phys_opt -simplify_lut"
SYN-4016 : Net u_ddr3_top/u_sdram_fifo_ctrl/clk_ref driven by BUFG (271 clock/control pins, 1 other pins).
SYN-4016 : Net u_clk_wiz_1/clk0_out driven by BUFG (58 clock/control pins, 1 other pins).
SYN-4016 : Net config_inst_syn_10 driven by BUFG (665 clock/control pins, 0 other pins).
SYN-4027 : Net u_ddr3_top/clk_sdram is clkc1 of pll u_clk_wiz_0/pll_inst.
SYN-4027 : Net u_ddr3_top/u_sdram_fifo_ctrl/wrfifo/clkw is clkc3 of pll u_clk_wiz_0/pll_inst.
SYN-4027 : Net u_sd_ctrl_top/u_sd_read/clk_ref_180deg is clkc4 of pll u_clk_wiz_0/pll_inst.
SYN-4019 : Net sys_clk_dup_1 is refclk of pll u_clk_wiz_0/pll_inst.
SYN-4020 : Net sys_clk_dup_1 is fbclk of pll u_clk_wiz_0/pll_inst.
SYN-4027 : Net u_ddr3_top/u_sdram_fifo_ctrl/rdfifo/clkr is clkc1 of pll u_clk_wiz_1/pll_inst.
SYN-4019 : Net sys_clk_dup_1 is refclk of pll u_clk_wiz_1/pll_inst.
SYN-4020 : Net sys_clk_dup_1 is fbclk of pll u_clk_wiz_1/pll_inst.
SYN-4024 : Net "u_sd_ctrl_top/u_sd_init/div_clk" drives clk pins.
SYN-4025 : Tag rtl::Net config_inst_syn_10 as clock net
SYN-4025 : Tag rtl::Net sys_clk_dup_1 as clock net
SYN-4025 : Tag rtl::Net u_clk_wiz_1/clk0_out as clock net
SYN-4025 : Tag rtl::Net u_ddr3_top/clk_sdram as clock net
SYN-4025 : Tag rtl::Net u_ddr3_top/u_sdram_fifo_ctrl/clk_ref as clock net
SYN-4025 : Tag rtl::Net u_ddr3_top/u_sdram_fifo_ctrl/rdfifo/clkr as clock net
SYN-4025 : Tag rtl::Net u_ddr3_top/u_sdram_fifo_ctrl/wrfifo/clkw as clock net
SYN-4025 : Tag rtl::Net u_sd_ctrl_top/u_sd_init/div_clk as clock net
SYN-4025 : Tag rtl::Net u_sd_ctrl_top/u_sd_read/clk_ref_180deg as clock net
SYN-4026 : Tagged 9 rtl::Net as clock net
SYN-4015 : Create BUFG instance for clk Net u_sd_ctrl_top/u_sd_init/div_clk to drive 101 clock pins.
PHY-1001 : Populate physical database on model sd_bmp_hdmi.
RUN-1001 : There are total 4879 instances
RUN-0007 : 1869 luts, 2293 seqs, 419 mslices, 182 lslices, 71 pads, 34 brams, 2 dsps
RUN-1001 : There are total 5583 nets
RUN-1001 : 3371 nets have 2 pins
RUN-1001 : 1821 nets have [3 - 5] pins
RUN-1001 : 259 nets have [6 - 10] pins
RUN-1001 : 67 nets have [11 - 20] pins
RUN-1001 : 49 nets have [21 - 99] pins
RUN-1001 : 16 nets have 100+ pins
RUN-1001 : Report Control nets information:
RUN-1001 : DFF Distribution
RUN-1001 : ----------------------------------
RUN-1001 :   CE   |  SSR  |  ASR  |  DFF Count  
RUN-1001 : ----------------------------------
RUN-1001 :   No   |  No   |  No   |     123     
RUN-1001 :   No   |  No   |  Yes  |     854     
RUN-1001 :   No   |  Yes  |  No   |     64      
RUN-1001 :   Yes  |  No   |  No   |     115     
RUN-1001 :   Yes  |  No   |  Yes  |    1137     
RUN-1001 :   Yes  |  Yes  |  No   |      0      
RUN-1001 : ----------------------------------
RUN-0007 : Control Group Statistic
RUN-0007 : ---------------------------
RUN-0007 :   #CLK  |  #CE  |  #SSR/ASR  
RUN-0007 : ---------------------------
RUN-0007 :    9    |  26   |     14     
RUN-0007 : ---------------------------
RUN-0007 : Control Set = 48
PHY-3001 : Initial placement ...
PHY-3001 : design contains 4877 instances, 1869 luts, 2293 seqs, 601 slices, 105 macros(601 instances: 419 mslices 182 lslices)
PHY-0007 : Cell area utilization is 15%
PHY-3001 : Start timing update ...
RUN-1002 : start command "start_timer -report"
TMR-2505 : Start building timing graph for model sd_bmp_hdmi.
TMR-2506 : Build timing graph completely. Port num: 9, tpin num: 23168, tnet num: 5581, tinst num: 4877, tnode num: 31327, tedge num: 37689.
TMR-2508 : Levelizing timing graph completed, there are 45 levels in total.
TMR-2501 : Timing graph initialized successfully.
TMR-2503 : Start to update net delay, extr mode = 2.
TMR-2504 : Update delay of 5581 nets completely.
TMR-2502 : Annotate delay completely, extr mode = 2.
TMR-3001 : Initiate 0 clocks from SDC.
TMR-3004 : Map sdc constraints, there are 8 constraints in total.
TMR-3003 : Constraints initiated successfully.
TMR-3501 : Forward propagation: start to calculate arrival time...
TMR-3502 : Backward propagation: start to calculate required time...
TMR-3503 : Timing propagation completes.
PHY-3001 : End timing update;  0.622020s wall, 0.437500s user + 0.015625s system = 0.453125s CPU (72.8%)

PHY-3001 : Global placement ...
PHY-3001 : Initial: Len = 1.25148e+06
PHY-3001 : Clustering ...
PHY-3001 : Level 0 #clusters 4877.
PHY-3001 : End clustering;  0.000039s wall, 0.000000s user + 0.000000s system = 0.000000s CPU (n/a%)

PHY-3001 : Run with size of 4
PHY-3001 : Cell area utilization is 15%
PHY-3001 : :::0::: Try harder cell spreading with beta_ = 0
PHY-3002 : Step(1): len = 833903, overlap = 85.5
PHY-3002 : Step(2): len = 667096, overlap = 74.25
PHY-3002 : Step(3): len = 408578, overlap = 77.3125
PHY-3002 : Step(4): len = 369630, overlap = 77.9375
PHY-3002 : Step(5): len = 294528, overlap = 80.375
PHY-3002 : Step(6): len = 264167, overlap = 80.875
PHY-3002 : Step(7): len = 241582, overlap = 80.4062
PHY-3002 : Step(8): len = 223332, overlap = 86.5938
PHY-3002 : Step(9): len = 197943, overlap = 91.5625
PHY-3002 : Step(10): len = 184022, overlap = 97
PHY-3002 : Step(11): len = 177068, overlap = 101.031
PHY-3002 : Step(12): len = 163886, overlap = 112.812
PHY-3002 : Step(13): len = 155150, overlap = 108.125
PHY-3002 : Step(14): len = 147874, overlap = 103.844
PHY-3002 : Step(15): len = 141731, overlap = 95.5938
PHY-3002 : Step(16): len = 137034, overlap = 94.5
PHY-3002 : Step(17): len = 132287, overlap = 96.625
PHY-3001 : :::1::: Try harder cell spreading with beta_ = 1.03994e-05
PHY-3002 : Step(18): len = 136034, overlap = 101.375
PHY-3002 : Step(19): len = 138757, overlap = 90.125
PHY-3002 : Step(20): len = 138458, overlap = 89.9375
PHY-3002 : Step(21): len = 133920, overlap = 81.4375
PHY-3002 : Step(22): len = 132471, overlap = 85.9688
PHY-3002 : Step(23): len = 127707, overlap = 84.5312
PHY-3002 : Step(24): len = 126480, overlap = 98.7188
PHY-3002 : Step(25): len = 124182, overlap = 95.625
PHY-3002 : Step(26): len = 119856, overlap = 87.9062
PHY-3002 : Step(27): len = 119703, overlap = 76.75
PHY-3002 : Step(28): len = 119457, overlap = 81.9062
PHY-3002 : Step(29): len = 116998, overlap = 74.8125
PHY-3002 : Step(30): len = 116798, overlap = 65.3438
PHY-3002 : Step(31): len = 116129, overlap = 79.875
PHY-3002 : Step(32): len = 114071, overlap = 81.9375
PHY-3002 : Step(33): len = 113495, overlap = 84.6875
PHY-3002 : Step(34): len = 111493, overlap = 86.3125
PHY-3002 : Step(35): len = 110235, overlap = 86.3125
PHY-3002 : Step(36): len = 109554, overlap = 89.9688
PHY-3002 : Step(37): len = 109116, overlap = 98.0625
PHY-3002 : Step(38): len = 107584, overlap = 102.469
PHY-3002 : Step(39): len = 107343, overlap = 102.406
PHY-3002 : Step(40): len = 104714, overlap = 99.7812
PHY-3002 : Step(41): len = 104714, overlap = 93.2812
PHY-3002 : Step(42): len = 104182, overlap = 85.7188
PHY-3002 : Step(43): len = 103788, overlap = 89.5625
PHY-3002 : Step(44): len = 103950, overlap = 88.6562
PHY-3001 : :::2::: Try harder cell spreading with beta_ = 2.07988e-05
PHY-3002 : Step(45): len = 102998, overlap = 88.5312
PHY-3002 : Step(46): len = 102927, overlap = 88.375
PHY-3002 : Step(47): len = 102936, overlap = 90.2812
PHY-3001 : :::3::: Try harder cell spreading with beta_ = 4.15976e-05
PHY-3002 : Step(48): len = 103380, overlap = 90.2812
PHY-3002 : Step(49): len = 103434, overlap = 90.0938
PHY-3002 : Step(50): len = 103660, overlap = 89.9375
PHY-3001 : Legalization ...
PHY-3001 : End legalization;  0.020828s wall, 0.000000s user + 0.000000s system = 0.000000s CPU (n/a%)

PHY-3001 : Run with size of 4
PHY-3001 : Cell area utilization is 19%
PHY-3001 : Update timing in Manhattan mode ...
TMR-2503 : Start to update net delay, extr mode = 3.
TMR-2504 : Update delay of 5581 nets completely.
TMR-2502 : Annotate delay completely, extr mode = 3.
TMR-3501 : Forward propagation: start to calculate arrival time...
TMR-3502 : Backward propagation: start to calculate required time...
TMR-3503 : Timing propagation completes.
PHY-3001 : End timing update;  0.120161s wall, 0.078125s user + 0.000000s system = 0.078125s CPU (65.0%)

PHY-3001 : :::0::: Try harder cell spreading with beta_ = 3.14929e-06
PHY-3002 : Step(51): len = 121721, overlap = 114.656
PHY-3002 : Step(52): len = 122057, overlap = 111.688
PHY-3002 : Step(53): len = 119671, overlap = 110.969
PHY-3002 : Step(54): len = 119798, overlap = 111.812
PHY-3002 : Step(55): len = 118002, overlap = 113.125
PHY-3002 : Step(56): len = 117802, overlap = 113.625
PHY-3002 : Step(57): len = 116874, overlap = 113.688
PHY-3002 : Step(58): len = 117315, overlap = 114.094
PHY-3002 : Step(59): len = 115415, overlap = 115.5
PHY-3002 : Step(60): len = 115284, overlap = 115.25
PHY-3002 : Step(61): len = 115231, overlap = 115.219
PHY-3001 : :::1::: Try harder cell spreading with beta_ = 6.29858e-06
PHY-3002 : Step(62): len = 114863, overlap = 115.781
PHY-3002 : Step(63): len = 114862, overlap = 116.781
PHY-3001 : :::2::: Try harder cell spreading with beta_ = 1.25972e-05
PHY-3002 : Step(64): len = 114739, overlap = 119.625
PHY-3002 : Step(65): len = 114739, overlap = 119.625
PHY-3001 : :::3::: Try harder cell spreading with beta_ = 2.51943e-05
PHY-3002 : Step(66): len = 115524, overlap = 115.375
PHY-3002 : Step(67): len = 115805, overlap = 116.594
PHY-3002 : Step(68): len = 120192, overlap = 101.25
PHY-3002 : Step(69): len = 117815, overlap = 102.969
PHY-3002 : Step(70): len = 117338, overlap = 102.812
PHY-3001 : :::4::: Try harder cell spreading with beta_ = 5.03886e-05
PHY-3002 : Step(71): len = 116865, overlap = 102.031
PHY-3002 : Step(72): len = 116766, overlap = 102.406
PHY-3001 : :::5::: Try harder cell spreading with beta_ = 0.000100777
PHY-3002 : Step(73): len = 117179, overlap = 97.5938
PHY-3002 : Step(74): len = 117306, overlap = 97.4688
PHY-3001 : :::6::: Try harder cell spreading with beta_ = 0.000201555
PHY-3002 : Step(75): len = 118401, overlap = 89.0312
PHY-3002 : Step(76): len = 118838, overlap = 86.9062
PHY-3002 : Step(77): len = 119560, overlap = 83.8125
PHY-3001 : Run with size of 2
PHY-3001 : Cell area utilization is 19%
PHY-3001 : Update timing in Manhattan mode ...
TMR-2503 : Start to update net delay, extr mode = 3.
TMR-2504 : Update delay of 5581 nets completely.
TMR-2502 : Annotate delay completely, extr mode = 3.
TMR-3501 : Forward propagation: start to calculate arrival time...
TMR-3502 : Backward propagation: start to calculate required time...
TMR-3503 : Timing propagation completes.
PHY-3001 : End timing update;  0.133650s wall, 0.109375s user + 0.000000s system = 0.109375s CPU (81.8%)

PHY-3001 : :::0::: Try harder cell spreading with beta_ = 1.75453e-05
PHY-3002 : Step(78): len = 119093, overlap = 211.406
PHY-3002 : Step(79): len = 119135, overlap = 210.688
PHY-3002 : Step(80): len = 122630, overlap = 181.25
PHY-3002 : Step(81): len = 126692, overlap = 160.812
PHY-3002 : Step(82): len = 122709, overlap = 159.5
PHY-3002 : Step(83): len = 122709, overlap = 159.5
PHY-3002 : Step(84): len = 121286, overlap = 159
PHY-3002 : Step(85): len = 120768, overlap = 158.906
PHY-3002 : Step(86): len = 120612, overlap = 160.312
PHY-3001 : :::1::: Try harder cell spreading with beta_ = 3.50905e-05
PHY-3002 : Step(87): len = 120911, overlap = 155.281
PHY-3002 : Step(88): len = 120911, overlap = 155.281
PHY-3002 : Step(89): len = 121101, overlap = 153.594
PHY-3001 : :::2::: Try harder cell spreading with beta_ = 7.01811e-05
PHY-3002 : Step(90): len = 125435, overlap = 135.75
PHY-3002 : Step(91): len = 126074, overlap = 132.5
PHY-3002 : Step(92): len = 126401, overlap = 122.312
PHY-3002 : Step(93): len = 126477, overlap = 120.031
PHY-3002 : Step(94): len = 126586, overlap = 103.344
PHY-3001 : :::3::: Try harder cell spreading with beta_ = 0.000140362
PHY-3002 : Step(95): len = 126643, overlap = 102.469
PHY-3002 : Step(96): len = 126782, overlap = 103.688
PHY-3002 : Step(97): len = 126838, overlap = 103.625
PHY-3001 : :::4::: Try harder cell spreading with beta_ = 0.000280724
PHY-3002 : Step(98): len = 129319, overlap = 102.656
PHY-3002 : Step(99): len = 129868, overlap = 102.812
PHY-3002 : Step(100): len = 130994, overlap = 100.031
PHY-3001 : :::5::: Try harder cell spreading with beta_ = 0.000561449
PHY-3002 : Step(101): len = 129889, overlap = 97.75
PHY-3002 : Step(102): len = 129802, overlap = 98.25
PHY-3002 : Step(103): len = 129376, overlap = 95.0938
PHY-3001 : :::6::: Try harder cell spreading with beta_ = 0.0011229
PHY-3002 : Step(104): len = 130300, overlap = 93.625
PHY-3002 : Step(105): len = 130446, overlap = 93.4062
PHY-3002 : Step(106): len = 130443, overlap = 93.1875
PHY-3001 : :::7::: Try harder cell spreading with beta_ = 0.00224579
PHY-3002 : Step(107): len = 130118, overlap = 92.6875
PHY-3002 : Step(108): len = 130118, overlap = 92.6875
PHY-3001 : :::8::: Try harder cell spreading with beta_ = 0.00439094
PHY-3002 : Step(109): len = 130540, overlap = 90.6875
PHY-3002 : Step(110): len = 130540, overlap = 90.6875
PHY-3001 : :::9::: Try harder cell spreading with beta_ = 0.00833243
PHY-3002 : Step(111): len = 130725, overlap = 89.8125
PHY-3002 : Step(112): len = 130725, overlap = 89.8125
PHY-3001 : :::10::: Try harder cell spreading with beta_ = 0.0156999
PHY-3002 : Step(113): len = 130809, overlap = 91.1562
PHY-3002 : Step(114): len = 130901, overlap = 91.6562
PHY-3001 : :::11::: Try harder cell spreading with beta_ = 0.0257266
PHY-3002 : Step(115): len = 130861, overlap = 91.5938
PHY-3002 : Step(116): len = 130824, overlap = 91
PHY-3001 : :::12::: Try harder cell spreading with beta_ = 0.0514532
PHY-3002 : Step(117): len = 130747, overlap = 91.2188
PHY-3002 : Step(118): len = 130747, overlap = 91.2188
OPT-1001 : Start physical optimization ...
RUN-1002 : start command "start_timer -report"
TMR-2505 : Start building timing graph for model sd_bmp_hdmi.
TMR-2506 : Build timing graph completely. Port num: 9, tpin num: 23168, tnet num: 5581, tinst num: 4877, tnode num: 31327, tedge num: 37689.
TMR-2508 : Levelizing timing graph completed, there are 45 levels in total.
TMR-2501 : Timing graph initialized successfully.
OPT-1001 : Total overflow 293.81 peak overflow 5.22
OPT-1001 : Start high-fanout net optimization ...
OPT-1001 : Update timing in global mode
PHY-1001 : Start incremental global routing, caller is place ...
RUN-1001 : Generating global routing grids ...
RUN-1001 : Building simple global routing graph ...
PHY-1001 : Generate routing nets ...
PHY-1001 : Reuse net number 0/5583.
PHY-1001 : Global iterations in 16 thread ...
PHY-1002 : len = 153440, over cnt = 688(1%), over = 2450, worst = 17
PHY-1001 : End global iterations;  0.297161s wall, 0.078125s user + 0.000000s system = 0.078125s CPU (26.3%)

PHY-1001 : Congestion index: top1 = 46.29, top5 = 35.50, top10 = 28.85, top15 = 24.60.
PHY-1001 : End incremental global routing;  0.389029s wall, 0.156250s user + 0.000000s system = 0.156250s CPU (40.2%)

TMR-2503 : Start to update net delay, extr mode = 5.
TMR-2504 : Update delay of 5581 nets completely.
TMR-2502 : Annotate delay completely, extr mode = 5.
TMR-3001 : Initiate 0 clocks from SDC.
TMR-3004 : Map sdc constraints, there are 8 constraints in total.
TMR-3003 : Constraints initiated successfully.
TMR-3501 : Forward propagation: start to calculate arrival time...
TMR-3502 : Backward propagation: start to calculate required time...
TMR-3503 : Timing propagation completes.
OPT-1001 : End timing update;  0.181176s wall, 0.031250s user + 0.000000s system = 0.031250s CPU (17.2%)

OPT-1001 : 0 high-fanout net processed.
OPT-1001 : End high-fanout net optimization;  0.665099s wall, 0.296875s user + 0.000000s system = 0.296875s CPU (44.6%)

OPT-1001 : Current memory(MB): used = 280, reserve = 245, peak = 280.
OPT-1001 : Start global optimization ...
OPT-1001 : Start congestion update ...
RUN-1001 : Generating global routing grids ...
PHY-1001 : Generate routing nets ...
PHY-1001 : Reuse net number 4015/5583.
PHY-1001 : Global iterations in 16 thread ...
PHY-1002 : len = 153440, over cnt = 688(1%), over = 2450, worst = 17
PHY-1002 : len = 165712, over cnt = 468(1%), over = 1208, worst = 17
PHY-1002 : len = 176976, over cnt = 153(0%), over = 321, worst = 8
PHY-1002 : len = 181136, over cnt = 17(0%), over = 37, worst = 8
PHY-1002 : len = 181384, over cnt = 0(0%), over = 0, worst = 0
PHY-1001 : End global iterations;  0.350960s wall, 0.171875s user + 0.000000s system = 0.171875s CPU (49.0%)

PHY-1001 : Congestion index: top1 = 41.55, top5 = 33.28, top10 = 28.62, top15 = 25.27.
OPT-1001 : End congestion update;  0.442907s wall, 0.218750s user + 0.000000s system = 0.218750s CPU (49.4%)

OPT-1001 : Update timing in Manhattan mode
TMR-2503 : Start to update net delay, extr mode = 3.
TMR-2504 : Update delay of 5581 nets completely.
TMR-2502 : Annotate delay completely, extr mode = 3.
TMR-3501 : Forward propagation: start to calculate arrival time...
TMR-3502 : Backward propagation: start to calculate required time...
TMR-3503 : Timing propagation completes.
OPT-1001 : End timing update;  0.116285s wall, 0.109375s user + 0.000000s system = 0.109375s CPU (94.1%)

OPT-0007 : Start: WNS 999170 TNS 0 NUM_FEPS 0
OPT-1001 : End global optimization;  0.559432s wall, 0.328125s user + 0.000000s system = 0.328125s CPU (58.7%)

OPT-1001 : Current memory(MB): used = 284, reserve = 249, peak = 284.
OPT-1001 : End physical optimization;  1.855449s wall, 1.156250s user + 0.015625s system = 1.171875s CPU (63.2%)

PHY-3001 : Start packing ...
SYN-4007 : Packing 0 MUX to BLE ...
SYN-4008 : Packed 0 MUX and 0 SEQ to BLE.
SYN-4007 : Packing 1869 LUT to BLE ...
SYN-4008 : Packed 1869 LUT and 930 SEQ to BLE.
SYN-4003 : Packing 1363 remaining SEQ's ...
SYN-4005 : Packed 728 SEQ with LUT/SLICE
SYN-4006 : 304 single LUT's are left
SYN-4006 : 635 single SEQ's are left
SYN-4011 : Packing model "sd_bmp_hdmi" (AL_USER_NORMAL) with 2504/3381 primitive instances ...
PHY-3001 : End packing;  0.214844s wall, 0.140625s user + 0.000000s system = 0.140625s CPU (65.5%)

PHY-1001 : Populate physical database on model sd_bmp_hdmi.
RUN-1001 : There are total 2046 instances
RUN-1001 : 965 mslices, 965 lslices, 71 pads, 34 brams, 2 dsps
RUN-1001 : There are total 4769 nets
RUN-1001 : 2626 nets have 2 pins
RUN-1001 : 1742 nets have [3 - 5] pins
RUN-1001 : 276 nets have [6 - 10] pins
RUN-1001 : 65 nets have [11 - 20] pins
RUN-1001 : 46 nets have [21 - 99] pins
RUN-1001 : 14 nets have 100+ pins
PHY-3001 : design contains 2044 instances, 1930 slices, 105 macros(601 instances: 419 mslices 182 lslices)
PHY-3001 : Cell area utilization is 24%
PHY-3001 : After packing: Len = 133699, Over = 140.75
PHY-3001 : Run with size of 2
PHY-3001 : Cell area utilization is 24%
PHY-3001 : Update timing in Manhattan mode ...
RUN-1002 : start command "start_timer -report"
TMR-2505 : Start building timing graph for model sd_bmp_hdmi.
TMR-2506 : Build timing graph completely. Port num: 9, tpin num: 19002, tnet num: 4767, tinst num: 2044, tnode num: 24642, tedge num: 32321.
TMR-2508 : Levelizing timing graph completed, there are 43 levels in total.
TMR-2501 : Timing graph initialized successfully.
TMR-2503 : Start to update net delay, extr mode = 3.
TMR-2504 : Update delay of 4767 nets completely.
TMR-2502 : Annotate delay completely, extr mode = 3.
TMR-3001 : Initiate 0 clocks from SDC.
TMR-3004 : Map sdc constraints, there are 8 constraints in total.
TMR-3003 : Constraints initiated successfully.
TMR-3501 : Forward propagation: start to calculate arrival time...
TMR-3502 : Backward propagation: start to calculate required time...
TMR-3503 : Timing propagation completes.
PHY-3001 : End timing update;  0.699221s wall, 0.562500s user + 0.000000s system = 0.562500s CPU (80.4%)

PHY-3001 : :::0::: Try harder cell spreading with beta_ = 1.91468e-05
PHY-3002 : Step(119): len = 131244, overlap = 144.5
PHY-3002 : Step(120): len = 130513, overlap = 143.75
PHY-3002 : Step(121): len = 129457, overlap = 147.25
PHY-3002 : Step(122): len = 128125, overlap = 150.25
PHY-3002 : Step(123): len = 127654, overlap = 153
PHY-3002 : Step(124): len = 126517, overlap = 154.75
PHY-3002 : Step(125): len = 126147, overlap = 154.25
PHY-3002 : Step(126): len = 125930, overlap = 149.25
PHY-3002 : Step(127): len = 125739, overlap = 145
PHY-3001 : :::1::: Try harder cell spreading with beta_ = 3.82937e-05
PHY-3002 : Step(128): len = 126481, overlap = 141.25
PHY-3002 : Step(129): len = 127324, overlap = 141.5
PHY-3002 : Step(130): len = 129393, overlap = 134
PHY-3001 : :::2::: Try harder cell spreading with beta_ = 7.65873e-05
PHY-3002 : Step(131): len = 131864, overlap = 123.5
PHY-3002 : Step(132): len = 132954, overlap = 119.5
PHY-3002 : Step(133): len = 136384, overlap = 112
PHY-3002 : Step(134): len = 137378, overlap = 104.75
PHY-3002 : Step(135): len = 137325, overlap = 101.25
PHY-3001 : Legalization ...
PHY-3001 : End legalization;  0.615373s wall, 0.046875s user + 0.140625s system = 0.187500s CPU (30.5%)

PHY-3001 : Trial Legalized: Len = 169933
PHY-3001 : Run with size of 2
PHY-3001 : Cell area utilization is 24%
PHY-3001 : Update timing in Manhattan mode ...
TMR-2503 : Start to update net delay, extr mode = 3.
TMR-2504 : Update delay of 4767 nets completely.
TMR-2502 : Annotate delay completely, extr mode = 3.
TMR-3501 : Forward propagation: start to calculate arrival time...
TMR-3502 : Backward propagation: start to calculate required time...
TMR-3503 : Timing propagation completes.
PHY-3001 : End timing update;  0.096681s wall, 0.031250s user + 0.000000s system = 0.031250s CPU (32.3%)

PHY-3001 : :::0::: Try harder cell spreading with beta_ = 0.000236942
PHY-3002 : Step(136): len = 157432, overlap = 15.25
PHY-3002 : Step(137): len = 150210, overlap = 29.5
PHY-3002 : Step(138): len = 146612, overlap = 38.75
PHY-3002 : Step(139): len = 145140, overlap = 47.25
PHY-3002 : Step(140): len = 144058, overlap = 52
PHY-3002 : Step(141): len = 143877, overlap = 56.25
PHY-3002 : Step(142): len = 143720, overlap = 56.5
PHY-3001 : :::1::: Try harder cell spreading with beta_ = 0.000473885
PHY-3002 : Step(143): len = 144628, overlap = 55
PHY-3002 : Step(144): len = 145053, overlap = 56
PHY-3002 : Step(145): len = 145301, overlap = 55.75
PHY-3001 : :::2::: Try harder cell spreading with beta_ = 0.00094777
PHY-3002 : Step(146): len = 145850, overlap = 54.25
PHY-3002 : Step(147): len = 145850, overlap = 54.25
PHY-3001 : Legalization ...
PHY-3001 : End legalization;  0.007315s wall, 0.000000s user + 0.000000s system = 0.000000s CPU (n/a%)

PHY-3001 : Legalized: Len = 157909, Over = 0
PHY-3001 : Spreading special nets. 66 overflows in 2952 tiles.
PHY-3001 : End spreading;  0.021722s wall, 0.000000s user + 0.000000s system = 0.000000s CPU (n/a%)

PHY-3001 : 94 instances has been re-located, deltaX = 50, deltaY = 56, maxDist = 3.
PHY-3001 : Final: Len = 160479, Over = 0
PHY-3001 : BANK 6 DIFFRESISTOR:NONE VOD:350M VCM:1.2
OPT-1001 : Start physical optimization ...
RUN-1002 : start command "start_timer -report"
TMR-2505 : Start building timing graph for model sd_bmp_hdmi.
TMR-2506 : Build timing graph completely. Port num: 9, tpin num: 19002, tnet num: 4767, tinst num: 2045, tnode num: 24642, tedge num: 32321.
TMR-2508 : Levelizing timing graph completed, there are 43 levels in total.
TMR-2501 : Timing graph initialized successfully.
OPT-1001 : Total overflow 0.00 peak overflow 0.00
OPT-1001 : Start high-fanout net optimization ...
OPT-1001 : Update timing in global mode
PHY-1001 : Start incremental global routing, caller is place ...
RUN-1001 : Generating global routing grids ...
PHY-1001 : Generate routing nets ...
PHY-1001 : Reuse net number 94/4769.
PHY-1001 : Global iterations in 16 thread ...
PHY-1002 : len = 192200, over cnt = 508(1%), over = 835, worst = 6
PHY-1002 : len = 195328, over cnt = 311(0%), over = 427, worst = 5
PHY-1002 : len = 198872, over cnt = 99(0%), over = 130, worst = 4
PHY-1002 : len = 200664, over cnt = 0(0%), over = 0, worst = 0
PHY-1001 : End global iterations;  0.487563s wall, 0.171875s user + 0.000000s system = 0.171875s CPU (35.3%)

PHY-1001 : Congestion index: top1 = 36.49, top5 = 30.37, top10 = 26.85, top15 = 24.36.
PHY-1001 : End incremental global routing;  0.614607s wall, 0.234375s user + 0.000000s system = 0.234375s CPU (38.1%)

TMR-2503 : Start to update net delay, extr mode = 5.
TMR-2504 : Update delay of 4767 nets completely.
TMR-2502 : Annotate delay completely, extr mode = 5.
TMR-3001 : Initiate 0 clocks from SDC.
TMR-3004 : Map sdc constraints, there are 8 constraints in total.
TMR-3003 : Constraints initiated successfully.
TMR-3501 : Forward propagation: start to calculate arrival time...
TMR-3502 : Backward propagation: start to calculate required time...
TMR-3503 : Timing propagation completes.
OPT-1001 : End timing update;  0.149284s wall, 0.125000s user + 0.000000s system = 0.125000s CPU (83.7%)

OPT-1001 : 0 high-fanout net processed.
OPT-1001 : End high-fanout net optimization;  0.859393s wall, 0.406250s user + 0.000000s system = 0.406250s CPU (47.3%)

OPT-1001 : Current memory(MB): used = 289, reserve = 255, peak = 289.
OPT-1001 : Start path based optimization ...
OPT-1001 : Start congestion update ...
RUN-1001 : Generating global routing grids ...
PHY-1001 : Generate routing nets ...
PHY-1001 : Reuse net number 4115/4769.
PHY-1001 : Global iterations in 16 thread ...
PHY-1002 : len = 200664, over cnt = 0(0%), over = 0, worst = 0
PHY-1001 : End global iterations;  0.019900s wall, 0.000000s user + 0.000000s system = 0.000000s CPU (n/a%)

PHY-1001 : Congestion index: top1 = 36.49, top5 = 30.37, top10 = 26.85, top15 = 24.36.
OPT-1001 : End congestion update;  0.118075s wall, 0.078125s user + 0.000000s system = 0.078125s CPU (66.2%)

OPT-1001 : Update timing in Manhattan mode
TMR-2503 : Start to update net delay, extr mode = 3.
TMR-2504 : Update delay of 4767 nets completely.
TMR-2502 : Annotate delay completely, extr mode = 3.
TMR-3501 : Forward propagation: start to calculate arrival time...
TMR-3502 : Backward propagation: start to calculate required time...
TMR-3503 : Timing propagation completes.
OPT-1001 : End timing update;  0.098770s wall, 0.015625s user + 0.000000s system = 0.015625s CPU (15.8%)

OPT-0007 : Start: WNS 999045 TNS 0 NUM_FEPS 0
OPT-1001 : End path based optimization;  0.217045s wall, 0.093750s user + 0.000000s system = 0.093750s CPU (43.2%)

OPT-1001 : Current memory(MB): used = 291, reserve = 257, peak = 291.
OPT-1001 : Update timing in Manhattan mode
TMR-2503 : Start to update net delay, extr mode = 3.
TMR-2504 : Update delay of 4767 nets completely.
TMR-2502 : Annotate delay completely, extr mode = 3.
TMR-3501 : Forward propagation: start to calculate arrival time...
TMR-3502 : Backward propagation: start to calculate required time...
TMR-3503 : Timing propagation completes.
OPT-1001 : End timing update;  0.109209s wall, 0.015625s user + 0.000000s system = 0.015625s CPU (14.3%)

OPT-1001 : Start pin optimization...
OPT-1001 : skip pin optimization...
RUN-1001 : Generating global routing grids ...
PHY-1001 : Generate routing nets ...
PHY-1001 : Reuse net number 4115/4769.
PHY-1001 : Global iterations in 16 thread ...
PHY-1002 : len = 200664, over cnt = 0(0%), over = 0, worst = 0
PHY-1001 : End global iterations;  0.022895s wall, 0.000000s user + 0.000000s system = 0.000000s CPU (n/a%)

PHY-1001 : Congestion index: top1 = 36.49, top5 = 30.37, top10 = 26.85, top15 = 24.36.
OPT-1001 : Update timing in Manhattan mode
TMR-2503 : Start to update net delay, extr mode = 3.
TMR-2504 : Update delay of 4767 nets completely.
TMR-2502 : Annotate delay completely, extr mode = 3.
TMR-3501 : Forward propagation: start to calculate arrival time...
TMR-3502 : Backward propagation: start to calculate required time...
TMR-3503 : Timing propagation completes.
OPT-1001 : End timing update;  0.097253s wall, 0.078125s user + 0.000000s system = 0.078125s CPU (80.3%)

RUN-1001 : QoR Analysis:
OPT-0007 :   WNS 999045 TNS 0 NUM_FEPS 0
RUN-1001 :   No local congestion issue, and most congested 1% tile average routing util is 36.172414
RUN-1001 :   Top critical paths
OPT-1001 : End physical optimization;  2.145223s wall, 1.031250s user + 0.000000s system = 1.031250s CPU (48.1%)

RUN-1003 : finish command "place" in  12.524177s wall, 6.484375s user + 1.921875s system = 8.406250s CPU (67.1%)

RUN-1004 : used memory is 274 MB, reserved memory is 239 MB, peak memory is 291 MB
RUN-1002 : start command "export_db SD-SDRAM-ISP-HDMI_place.db"
RUN-1001 : Exported /
RUN-1001 : Exported flow parameters
RUN-1001 : Exported libs
RUN-1001 : Exported entities
RUN-1001 : Exported ports
RUN-1001 : Exported pins
RUN-1001 : Exported instances
RUN-1001 : Exported nets
RUN-1001 : Exported buses
RUN-1001 : Exported models
RUN-1001 : Exported congestions
RUN-1001 : Exported violations
RUN-1001 : Exported timing constraints
RUN-1001 : Exported IO constraints
RUN-1001 : Exported Inst constraints
RUN-1001 : Exported ChipWatcher
RUN-1002 : start command "route"
RUN-1001 : Open license file F:/ARMChina/license/Anlogic.lic
RUN-1001 : Print Global Property
RUN-1001 : ---------------------------------------------------------------
RUN-1001 :        Parameters        |  Settings  |  Default Values  |  Note  
RUN-1001 : ---------------------------------------------------------------
RUN-1001 :          message         |  standard  |     standard     |        
RUN-1001 :   mixed_pack_place_flow  |     on     |        on        |        
RUN-1001 :        qor_monitor       |    off     |       off        |        
RUN-1001 :        syn_ip_flow       |    off     |       off        |        
RUN-1001 :          thread          |    auto    |       auto       |        
RUN-1001 : ---------------------------------------------------------------
RUN-1001 : Print Route Property
RUN-1001 : -------------------------------------------------------
RUN-1001 :    Parameters    |  Settings  |  Default Values  |  Note  
RUN-1001 : -------------------------------------------------------
RUN-1001 :      effort      |   medium   |      medium      |        
RUN-1001 :     fix_hold     |    off     |       off        |        
RUN-1001 :    opt_timing    |   medium   |      medium      |        
RUN-1001 :   phy_sim_model  |    off     |       off        |        
RUN-1001 :     priority     |   timing   |      timing      |        
RUN-1001 :     swap_pin     |     on     |        on        |        
RUN-1001 : -------------------------------------------------------
PHY-1001 : Route runs in 16 thread(s)
RUN-1001 : There are total 2047 instances
RUN-1001 : 965 mslices, 965 lslices, 71 pads, 34 brams, 2 dsps
RUN-1001 : There are total 4769 nets
RUN-1001 : 2626 nets have 2 pins
RUN-1001 : 1742 nets have [3 - 5] pins
RUN-1001 : 276 nets have [6 - 10] pins
RUN-1001 : 65 nets have [11 - 20] pins
RUN-1001 : 46 nets have [21 - 99] pins
RUN-1001 : 14 nets have 100+ pins
RUN-1002 : start command "start_timer -report"
TMR-2505 : Start building timing graph for model sd_bmp_hdmi.
TMR-2506 : Build timing graph completely. Port num: 9, tpin num: 19002, tnet num: 4767, tinst num: 2045, tnode num: 24642, tedge num: 32321.
TMR-2508 : Levelizing timing graph completed, there are 43 levels in total.
TMR-2501 : Timing graph initialized successfully.
PHY-1001 : 965 mslices, 965 lslices, 71 pads, 34 brams, 2 dsps
TMR-2503 : Start to update net delay, extr mode = 3.
TMR-2504 : Update delay of 4767 nets completely.
TMR-2502 : Annotate delay completely, extr mode = 3.
TMR-3001 : Initiate 0 clocks from SDC.
TMR-3004 : Map sdc constraints, there are 8 constraints in total.
TMR-3003 : Constraints initiated successfully.
TMR-3501 : Forward propagation: start to calculate arrival time...
TMR-3502 : Backward propagation: start to calculate required time...
TMR-3503 : Timing propagation completes.
PHY-1001 : Start global routing, caller is route ...
RUN-1001 : Generating global routing grids ...
PHY-1001 : Generate routing nets ...
PHY-1001 : Global iterations in 16 thread ...
PHY-1002 : len = 190776, over cnt = 523(1%), over = 874, worst = 6
PHY-1002 : len = 193904, over cnt = 325(0%), over = 477, worst = 6
PHY-1002 : len = 197176, over cnt = 160(0%), over = 223, worst = 5
PHY-1002 : len = 199872, over cnt = 0(0%), over = 0, worst = 0
PHY-1001 : End global iterations;  0.452310s wall, 0.234375s user + 0.000000s system = 0.234375s CPU (51.8%)

PHY-1001 : Congestion index: top1 = 36.08, top5 = 30.12, top10 = 26.78, top15 = 24.27.
PHY-1001 : End global routing;  0.557169s wall, 0.312500s user + 0.000000s system = 0.312500s CPU (56.1%)

PHY-1001 : Start detail routing ...
PHY-1001 : Current memory(MB): used = 324, reserve = 290, peak = 324.
PHY-1001 : Detailed router is running in normal mode.
PHY-1001 : Generate detailed routing grids ...
PHY-1001 : Generate nets ...
PHY-1001 : net sys_clk_dup_1 will be routed on clock mesh
PHY-1001 : clock net u_clk_wiz_1/clk0_out will be merged with clock u_clk_wiz_1/clk0_buf
PHY-1001 : net u_ddr3_top/clk_sdram will be routed on clock mesh
PHY-1001 : clock net u_ddr3_top/u_sdram_fifo_ctrl/clk_ref will be merged with clock u_clk_wiz_0/clk0_buf
PHY-1001 : net u_ddr3_top/u_sdram_fifo_ctrl/rdfifo/clkr will be routed on clock mesh
PHY-1001 : net u_ddr3_top/u_sdram_fifo_ctrl/wrfifo/clkw will be routed on clock mesh
PHY-1001 : clock net u_sd_ctrl_top/u_sd_init/div_clk_syn_4 will be merged with clock u_sd_ctrl_top/u_sd_init/div_clk
PHY-1001 : net u_sd_ctrl_top/u_sd_read/clk_ref_180deg will be routed on clock mesh
PHY-1001 : clock net config_inst_syn_10 will be merged with clock config_inst_syn_9
PHY-1001 : Current memory(MB): used = 577, reserve = 548, peak = 577.
PHY-1001 : End build detailed router design. 3.500476s wall, 2.906250s user + 0.046875s system = 2.953125s CPU (84.4%)

PHY-1001 : Detail Route ...
PHY-1001 : ===== Detail Route Phase 1 =====
PHY-1001 : Clock net routing.....
PHY-1001 : Routed 0% nets.
PHY-1022 : len = 73224, over cnt = 0(0%), over = 0, worst = 0, crit = 0
PHY-1001 : End initial clock net routed; 2.898692s wall, 2.562500s user + 0.000000s system = 2.562500s CPU (88.4%)

PHY-1001 : Current memory(MB): used = 610, reserve = 583, peak = 610.
PHY-1001 : End phase 1; 2.904467s wall, 2.562500s user + 0.000000s system = 2.562500s CPU (88.2%)

PHY-1001 : ===== Detail Route Phase 2 =====
PHY-1001 : Initial routing.....
PHY-1001 : Routed 37% nets.
PHY-1001 : Routed 44% nets.
PHY-1001 : Routed 53% nets.
PHY-1001 : Routed 67% nets.
PHY-1001 : Routed 89% nets.
PHY-1022 : len = 593904, over cnt = 143(0%), over = 143, worst = 1, crit = 0
PHY-1001 : Current memory(MB): used = 612, reserve = 584, peak = 612.
PHY-1001 : End initial routed; 5.983786s wall, 4.218750s user + 0.093750s system = 4.312500s CPU (72.1%)

PHY-1001 : Update timing.....
PHY-1001 : 0/4259(0%) critical/total net(s).
RUN-1001 : ------------------------------------------
RUN-1001 :   Type   |    WNS(ns)    |  TNS(ns)  |  FEP  
RUN-1001 : ------------------------------------------
RUN-1001 :   Setup  |    998.546    |   0.000   |   0   
RUN-1001 :   Hold   |  2147483.647  |   0.000   |   0   
RUN-1001 : ------------------------------------------
PHY-1001 : End update timing; 0.825219s wall, 0.609375s user + 0.000000s system = 0.609375s CPU (73.8%)

PHY-1001 : Current memory(MB): used = 617, reserve = 590, peak = 617.
PHY-1001 : End phase 2; 6.809149s wall, 4.828125s user + 0.093750s system = 4.921875s CPU (72.3%)

PHY-1001 : ===== Detail Route Phase 3 =====
PHY-1001 : Optimize timing.....
PHY-1022 : len = 593904, over cnt = 143(0%), over = 143, worst = 1, crit = 0
PHY-1001 : End optimize timing; 0.020280s wall, 0.031250s user + 0.000000s system = 0.031250s CPU (154.1%)

PHY-1001 : Ripup-reroute.....
PHY-1001 : ===== DR Iter 1 =====
PHY-1022 : len = 588368, over cnt = 44(0%), over = 44, worst = 1, crit = 0
PHY-1001 : End DR Iter 1; 0.321591s wall, 0.203125s user + 0.000000s system = 0.203125s CPU (63.2%)

PHY-1001 : ===== DR Iter 2 =====
PHY-1022 : len = 588592, over cnt = 7(0%), over = 7, worst = 1, crit = 0
PHY-1001 : End DR Iter 2; 0.067975s wall, 0.031250s user + 0.000000s system = 0.031250s CPU (46.0%)

PHY-1001 : ===== DR Iter 3 =====
PHY-1022 : len = 588576, over cnt = 2(0%), over = 2, worst = 1, crit = 0
PHY-1001 : End DR Iter 3; 0.050240s wall, 0.000000s user + 0.000000s system = 0.000000s CPU (n/a%)

PHY-1001 : ===== DR Iter 4 =====
PHY-1022 : len = 588616, over cnt = 0(0%), over = 0, worst = 0, crit = 0
PHY-1001 : End DR Iter 4; 0.040581s wall, 0.031250s user + 0.000000s system = 0.031250s CPU (77.0%)

PHY-1001 : Update timing.....
PHY-1001 : 0/4259(0%) critical/total net(s).
RUN-1001 : ------------------------------------------
RUN-1001 :   Type   |    WNS(ns)    |  TNS(ns)  |  FEP  
RUN-1001 : ------------------------------------------
RUN-1001 :   Setup  |    998.546    |   0.000   |   0   
RUN-1001 :   Hold   |  2147483.647  |   0.000   |   0   
RUN-1001 : ------------------------------------------
PHY-1001 : End update timing; 0.853635s wall, 0.609375s user + 0.000000s system = 0.609375s CPU (71.4%)

PHY-1001 : Commit to database.....
PHY-1001 : 47 feed throughs used by 28 nets
PHY-1001 : End commit to database; 0.513864s wall, 0.265625s user + 0.000000s system = 0.265625s CPU (51.7%)

PHY-1001 : Current memory(MB): used = 645, reserve = 618, peak = 645.
PHY-1001 : End phase 3; 2.022336s wall, 1.296875s user + 0.000000s system = 1.296875s CPU (64.1%)

PHY-1003 : Routed, final wirelength = 588616
PHY-1001 : Current memory(MB): used = 646, reserve = 619, peak = 646.
PHY-1001 : End export database. 0.018558s wall, 0.000000s user + 0.000000s system = 0.000000s CPU (n/a%)

PHY-1001 : End detail routing;  15.496461s wall, 11.750000s user + 0.140625s system = 11.890625s CPU (76.7%)

RUN-1003 : finish command "route" in  16.870850s wall, 12.859375s user + 0.140625s system = 13.000000s CPU (77.1%)

RUN-1004 : used memory is 646 MB, reserved memory is 619 MB, peak memory is 646 MB
RUN-1002 : start command "report_area -io_info -file SD-SDRAM-ISP-HDMI_phy.area"
RUN-1001 : standard
***Report Model: sd_bmp_hdmi Device: EG4S20BG256***

IO Statistics
#IO                        12
  #input                    5
  #output                   7
  #inout                    0

Utilization Statistics
#lut                     3095   out of  19600   15.79%
#reg                     2308   out of  19600   11.78%
#le                      3730
  #lut only              1422   out of   3730   38.12%
  #reg only               635   out of   3730   17.02%
  #lut&reg               1673   out of   3730   44.85%
#dsp                        2   out of     29    6.90%
#bram                      32   out of     64   50.00%
  #bram9k                  32
  #fifo9k                   0
#bram32k                    2   out of     16   12.50%
#pad                       16   out of    188    8.51%
  #ireg                     0
  #oreg                     4
  #treg                     0
#pll                        2   out of      4   50.00%
#gclk                       4   out of     16   25.00%

Clock Resource Statistics
Index     ClockNet                                    Type               DriverType         Driver                                         Fanout
#1        u_ddr3_top/u_sdram_fifo_ctrl/rdfifo/clkr    GCLK               pll                u_clk_wiz_1/pll_inst.clkc1                     416
#2        config_inst_syn_9                           GCLK               config             config_inst.jtck                               356
#3        u_clk_wiz_0/clk0_buf                        GCLK               pll                u_clk_wiz_0/pll_inst.clkc0                     170
#4        u_ddr3_top/u_sdram_fifo_ctrl/wrfifo/clkw    GCLK               pll                u_clk_wiz_0/pll_inst.clkc3                     152
#5        sys_clk_dup_1                               GCLK               io                 sys_clk_syn_2.di                               144
#6        u_sd_ctrl_top/u_sd_init/div_clk             GCLK               lslice             u_sd_ctrl_top/u_sd_read/rx_flag_n_syn_20.q0    66
#7        u_clk_wiz_1/clk0_buf                        GCLK               pll                u_clk_wiz_1/pll_inst.clkc0                     34
#8        u_sd_ctrl_top/u_sd_read/clk_ref_180deg      GCLK               pll                u_clk_wiz_0/pll_inst.clkc4                     24
#9        u_ddr3_top/clk_sdram                        GCLK               pll                u_clk_wiz_0/pll_inst.clkc1                     0


Detailed IO Report

        Name           Direction    Location    IOStandard    DriveStrength    PullType    PackReg  
       sd_miso           INPUT        D14        LVCMOS33          N/A          PULLUP      NONE    
   switch_video[1]       INPUT        B10        LVCMOS33          N/A          PULLUP      NONE    
   switch_video[0]       INPUT        A10        LVCMOS33          N/A          PULLUP      NONE    
       sys_clk           INPUT         R7        LVCMOS33          N/A          PULLUP      NONE    
      sys_rst_n          INPUT         A9        LVCMOS33          N/A          PULLUP      NONE    
       sd_clk           OUTPUT        F15        LVCMOS33           8            NONE       NONE    
        sd_cs           OUTPUT        F13        LVCMOS33           8            NONE       NONE    
       sd_mosi          OUTPUT        F14        LVCMOS33           8            NONE       NONE    
     tmds_clk_p         OUTPUT         P1         LVDS33           NA            NONE      ODDRX1   
    tmds_clk_p(n)       OUTPUT         R1         LVDS33           NA            NONE      ODDRX1   
   tmds_data_p[2]       OUTPUT         J3         LVDS33           NA            NONE      ODDRX1   
  tmds_data_p[2](n)     OUTPUT         J4         LVDS33           NA            NONE      ODDRX1   
   tmds_data_p[1]       OUTPUT         P4         LVDS33           NA            NONE      ODDRX1   
  tmds_data_p[1](n)     OUTPUT         N4         LVDS33           NA            NONE      ODDRX1   
   tmds_data_p[0]       OUTPUT         N1         LVDS33           NA            NONE      ODDRX1   
  tmds_data_p[0](n)     OUTPUT         M1         LVDS33           NA            NONE      ODDRX1   
       dq[23]            INPUT        S31        LVCMOS25           8           PULLUP      NONE    
       dq[22]            INPUT        S32        LVCMOS25           8           PULLUP      NONE    
       dq[21]            INPUT        S35        LVCMOS25           8           PULLUP      NONE    
       dq[20]            INPUT        S36        LVCMOS25           8           PULLUP      NONE    
       dq[19]            INPUT        S37        LVCMOS25           8           PULLUP      NONE    
       dq[18]            INPUT        S38        LVCMOS25           8           PULLUP      NONE    
       dq[17]            INPUT        S41        LVCMOS25           8           PULLUP      NONE    
       dq[16]            INPUT        S42        LVCMOS25           8           PULLUP      NONE    
       dq[31]            INPUT        S48        LVCMOS25           8           PULLUP      NONE    
       dq[30]            INPUT        S49        LVCMOS25           8           PULLUP      NONE    
       dq[29]            INPUT        S52        LVCMOS25           8           PULLUP      NONE    
       dq[28]            INPUT        S53        LVCMOS25           8           PULLUP      NONE    
       dq[27]            INPUT        S54        LVCMOS25           8           PULLUP      NONE    
       dq[26]            INPUT        S55        LVCMOS25           8           PULLUP      NONE    
       dq[25]            INPUT        S58        LVCMOS25           8           PULLUP      NONE    
       dq[24]            INPUT        S59        LVCMOS25           8           PULLUP      NONE    
         dm0            OUTPUT        S14        LVCMOS25           8            NONE       NONE    
         cke            OUTPUT        S18        LVCMOS25           8            NONE       OREG    
        we_n            OUTPUT        S19        LVCMOS25           8            NONE       OREG    
        cas_n           OUTPUT        S20        LVCMOS25           8            NONE       OREG    
        ras_n           OUTPUT        S21        LVCMOS25           8            NONE       OREG    
        cs_n            OUTPUT        S22        LVCMOS25           8            NONE       OREG    
       addr[9]          OUTPUT        S23        LVCMOS25           8            NONE       OREG    
       addr[8]          OUTPUT        S24        LVCMOS25           8            NONE       OREG    
       addr[7]          OUTPUT        S25        LVCMOS25           8            NONE       OREG    
       addr[6]          OUTPUT        S26        LVCMOS25           8            NONE       OREG    
       addr[5]          OUTPUT        S27        LVCMOS25           8            NONE       OREG    
       addr[4]          OUTPUT        S28        LVCMOS25           8            NONE       OREG    
         dm2            OUTPUT        S29        LVCMOS25           8            NONE       NONE    
         dm3            OUTPUT        S61        LVCMOS25           8            NONE       NONE    
       addr[3]          OUTPUT        S64        LVCMOS25           8            NONE       OREG    
       addr[2]          OUTPUT        S65        LVCMOS25           8            NONE       OREG    
       addr[1]          OUTPUT        S66        LVCMOS25           8            NONE       OREG    
       addr[0]          OUTPUT        S67        LVCMOS25           8            NONE       OREG    
      addr[10]          OUTPUT        S68        LVCMOS25           8            NONE       OREG    
        ba[0]           OUTPUT        S69        LVCMOS25           8            NONE       OREG    
        ba[1]           OUTPUT        S70        LVCMOS25           8            NONE       OREG    
         clk            OUTPUT        S73        LVCMOS25           8            NONE       NONE    
         dm1            OUTPUT        S76        LVCMOS25           8            NONE       NONE    
        dq[0]            INOUT         S1        LVCMOS25           8           PULLUP      IREG    
        dq[6]            INOUT        S11        LVCMOS25           8           PULLUP      IREG    
        dq[7]            INOUT        S12        LVCMOS25           8           PULLUP      IREG    
        dq[1]            INOUT         S2        LVCMOS25           8           PULLUP      IREG    
        dq[2]            INOUT         S5        LVCMOS25           8           PULLUP      IREG    
        dq[3]            INOUT         S6        LVCMOS25           8           PULLUP      IREG    
        dq[4]            INOUT         S7        LVCMOS25           8           PULLUP      IREG    
        dq[8]            INOUT        S78        LVCMOS25           8           PULLUP      IREG    
        dq[9]            INOUT        S79        LVCMOS25           8           PULLUP      IREG    
        dq[5]            INOUT         S8        LVCMOS25           8           PULLUP      IREG    
       dq[10]            INOUT        S82        LVCMOS25           8           PULLUP      IREG    
       dq[11]            INOUT        S83        LVCMOS25           8           PULLUP      IREG    
       dq[12]            INOUT        S84        LVCMOS25           8           PULLUP      IREG    
       dq[13]            INOUT        S85        LVCMOS25           8           PULLUP      IREG    
       dq[14]            INOUT        S88        LVCMOS25           8           PULLUP      IREG    
       dq[15]            INOUT        S89        LVCMOS25           8           PULLUP      IREG    

Report Hierarchy Area:
+--------------------------------------------------------------------------------------------------------------------------------------+
|Instance                             |Module                                     |le     |lut     |ripple  |seq     |bram    |dsp     |
+--------------------------------------------------------------------------------------------------------------------------------------+
|top                                  |sd_bmp_hdmi                                |3730   |2494    |601     |2312    |34      |2       |
|  u_clk_wiz_0                        |PLL                                        |0      |0       |0       |0       |0       |0       |
|  u_clk_wiz_1                        |PLL_hdmi                                   |0      |0       |0       |0       |0       |0       |
|  u_ddr3_top                         |ddr3_top1                                  |546    |353     |100     |343     |2       |0       |
|    physica_sdram                    |SDRAM                                      |0      |0       |0       |0       |0       |0       |
|    u_sdram_controller               |sdram_controller                           |182    |128     |40      |80      |0       |0       |
|      u_sdram_cmd                    |sdram_cmd                                  |40     |40      |0       |20      |0       |0       |
|      u_sdram_ctrl                   |sdram_ctrl                                 |131    |88      |40      |49      |0       |0       |
|      u_sdram_data                   |sdram_data                                 |11     |0       |0       |11      |0       |0       |
|    u_sdram_fifo_ctrl                |sdram_fifo_ctrl                            |364    |225     |60      |263     |2       |0       |
|      rdfifo                         |SOFTFIFO                                   |140    |101     |18      |110     |1       |0       |
|        ram_inst                     |ram_infer_SOFTFIFO                         |9      |4       |0       |9       |1       |0       |
|        rd_to_wr_cross_inst          |fifo_cross_domain_addr_process_al_SOFTFIFO |42     |35      |0       |42      |0       |0       |
|        wr_to_rd_cross_inst          |fifo_cross_domain_addr_process_al_SOFTFIFO |31     |31      |0       |31      |0       |0       |
|      wrfifo                         |SOFTFIFO                                   |144    |73      |18      |119     |1       |0       |
|        ram_inst                     |ram_infer_SOFTFIFO                         |16     |1       |0       |16      |1       |0       |
|        rd_to_wr_cross_inst          |fifo_cross_domain_addr_process_al_SOFTFIFO |42     |20      |0       |42      |0       |0       |
|        wr_to_rd_cross_inst          |fifo_cross_domain_addr_process_al_SOFTFIFO |31     |24      |0       |31      |0       |0       |
|  u_hdmi_top                         |hdmi_top1                                  |1308   |979     |209     |737     |4       |2       |
|    awb                              |ISP_awb_top                                |589    |476     |52      |383     |0       |2       |
|      cal_awb                        |alg_awb                                    |376    |342     |34      |212     |0       |0       |
|        div_bgain                    |shift_div                                  |342    |321     |21      |204     |0       |0       |
|      stat                           |isp_stat_awb                               |179    |100     |18      |147     |0       |0       |
|      wb                             |isp_wb                                     |26     |26      |0       |24      |0       |2       |
|    debayer_l                        |isp_demosaic_l                             |201    |118     |42      |128     |4       |0       |
|      linebuffer                     |shift_register                             |54     |38      |16      |24      |4       |0       |
|        gen_ram_inst[0]$u_ram        |simple_dp_ram                              |0      |0       |0       |0       |2       |0       |
|        gen_ram_inst[1]$u_ram        |simple_dp_ram                              |4      |4       |0       |2       |2       |0       |
|    u3_hdmi_tx                       |hdmi_tx                                    |370    |298     |54      |198     |0       |0       |
|      Inst_DVITransmitter            |DVITransmitter                             |370    |298     |54      |198     |0       |0       |
|        Inst_TMDSEncoder_blue        |TMDSEncoder                                |106    |88      |18      |53      |0       |0       |
|        Inst_TMDSEncoder_green       |TMDSEncoder                                |105    |87      |18      |46      |0       |0       |
|        Inst_TMDSEncoder_red         |TMDSEncoder                                |106    |88      |18      |46      |0       |0       |
|        Inst_blue_serializer_10_1    |Serial_N_1_lvds_dat                        |19     |12      |0       |19      |0       |0       |
|        Inst_clk_serializer_10_1     |Serial_N_1_lvds                            |6      |2       |0       |6       |0       |0       |
|        Inst_green_serializer_10_1   |Serial_N_1_lvds_dat                        |16     |12      |0       |16      |0       |0       |
|        Inst_red_serializer_10_1     |Serial_N_1_lvds_dat                        |12     |9       |0       |12      |0       |0       |
|    u_video_driver                   |video_driver                               |148    |87      |61      |28      |0       |0       |
|  u_sd_ctrl_top                      |sd_ctrl_top                                |383    |285     |49      |210     |0       |0       |
|    u_sd_init                        |sd_init                                    |228    |169     |32      |105     |0       |0       |
|    u_sd_read                        |sd_read                                    |155    |116     |17      |105     |0       |0       |
|  u_sd_read_photo                    |read_rawdata                               |263    |195     |58      |147     |0       |0       |
|  cw_top                             |CW_TOP_WRAPPER                             |1225   |677     |185     |869     |0       |0       |
|    wrapper_cwc_top                  |cwc_top                                    |1225   |677     |185     |869     |0       |0       |
|      cfg_int_inst                   |cwc_cfg_int                                |650    |318     |0       |650     |0       |0       |
|        reg_inst                     |register                                   |648    |316     |0       |648     |0       |0       |
|        tap_inst                     |tap                                        |2      |2       |0       |2       |0       |0       |
|      trigger_inst                   |trigger                                    |575    |359     |185     |219     |0       |0       |
|        bus_inst                     |bus_top                                    |373    |215     |128     |132     |0       |0       |
|          BUS_DETECTOR[0]$bus_nodes  |bus_det                                    |2      |2       |0       |2       |0       |0       |
|          BUS_DETECTOR[11]$bus_nodes |bus_det                                    |25     |14      |10      |9       |0       |0       |
|          BUS_DETECTOR[12]$bus_nodes |bus_det                                    |20     |10      |10      |4       |0       |0       |
|          BUS_DETECTOR[13]$bus_nodes |bus_det                                    |12     |6       |6       |4       |0       |0       |
|          BUS_DETECTOR[1]$bus_nodes  |bus_det                                    |3      |3       |0       |3       |0       |0       |
|          BUS_DETECTOR[2]$bus_nodes  |bus_det                                    |2      |2       |0       |2       |0       |0       |
|          BUS_DETECTOR[3]$bus_nodes  |bus_det                                    |4      |4       |0       |4       |0       |0       |
|          BUS_DETECTOR[4]$bus_nodes  |bus_det                                    |99     |61      |34      |31      |0       |0       |
|          BUS_DETECTOR[5]$bus_nodes  |bus_det                                    |103    |65      |34      |38      |0       |0       |
|          BUS_DETECTOR[6]$bus_nodes  |bus_det                                    |99     |44      |34      |31      |0       |0       |
|          BUS_DETECTOR[7]$bus_nodes  |bus_det                                    |2      |2       |0       |2       |0       |0       |
|          BUS_DETECTOR[9]$bus_nodes  |bus_det                                    |2      |2       |0       |2       |0       |0       |
|        emb_ctrl_inst                |emb_ctrl                                   |107    |78      |29      |52      |0       |0       |
+--------------------------------------------------------------------------------------------------------------------------------------+


DataNet Average Fanout:

   Index     Fanout     Nets  
    #1          1       2613  
    #2          2       896   
    #3          3       661   
    #4          4       185   
    #5        5-10      288   
    #6        11-50      85   
    #7       51-100      11   
    #8       101-500     7    
  Average     2.71            

RUN-1002 : start command "export_db SD-SDRAM-ISP-HDMI_pr.db"
RUN-1001 : Exported /
RUN-1001 : Exported flow parameters
RUN-1001 : Exported libs
RUN-1001 : Exported entities
RUN-1001 : Exported ports
RUN-1001 : Exported pins
RUN-1001 : Exported instances
RUN-1001 : Exported nets
RUN-1001 : Exported buses
RUN-1001 : Exported models
RUN-1001 : Exported congestions
RUN-1001 : Exported violations
RUN-1001 : Exported timing constraints
RUN-1001 : Exported IO constraints
RUN-1001 : Exported Inst constraints
RUN-1001 : Exported ChipWatcher
RUN-1002 : start command "start_timer"
TMR-2505 : Start building timing graph for model sd_bmp_hdmi.
TMR-2506 : Build timing graph completely. Port num: 9, tpin num: 19002, tnet num: 4767, tinst num: 2045, tnode num: 24642, tedge num: 32321.
TMR-2508 : Levelizing timing graph completed, there are 43 levels in total.
TMR-2501 : Timing graph initialized successfully.
RUN-1002 : start command "report_timing -mode FINAL -net_info -rpt_autogen true -file SD-SDRAM-ISP-HDMI_phy.timing"
TMR-2503 : Start to update net delay, extr mode = 6.
TMR-2504 : Update delay of 4767 nets completely.
TMR-2502 : Annotate delay completely, extr mode = 6.
TMR-3001 : Initiate 0 clocks from SDC.
TMR-3004 : Map sdc constraints, there are 8 constraints in total.
TMR-3003 : Constraints initiated successfully.
TMR-3501 : Forward propagation: start to calculate arrival time...
TMR-3502 : Backward propagation: start to calculate required time...
TMR-3503 : Timing propagation completes.
TMR-3506 : Start to generate timing report.
TMR-1502 : Number of clock constraints = 0. Number of clock nets = 9 (9 unconstrainted).
TMR-5009 WARNING: No clock constraint on 9 clock net(s): 
		config_inst_syn_10
		sys_clk_dup_1
		u_clk_wiz_1/clk0_out
		u_ddr3_top/clk_sdram
		u_ddr3_top/u_sdram_fifo_ctrl/clk_ref
		u_ddr3_top/u_sdram_fifo_ctrl/rdfifo/clkr
		u_ddr3_top/u_sdram_fifo_ctrl/wrfifo/clkw
		u_sd_ctrl_top/u_sd_init/div_clk_syn_4
		u_sd_ctrl_top/u_sd_read/clk_ref_180deg
USR-6122 CRITICAL-WARNING: No clock constraint on PLL u_clk_wiz_0/pll_inst
USR-6122 CRITICAL-WARNING: No clock constraint on PLL u_clk_wiz_1/pll_inst
TMR-3508 : Export timing summary.
TMR-3507 : Timing report generated successfully in SD-SDRAM-ISP-HDMI_phy.timing, timing summary in SD-SDRAM-ISP-HDMI_phy.tsm.
RUN-1002 : start command "export_bid SD-SDRAM-ISP-HDMI_inst.bid"
PRG-1000 : <!-- HMAC is: 18ba426cec7ddbceba106779c8cfe6303d5f29014545eb04183f28a0bca6818c -->
RUN-1002 : start command "bitgen -bit SD-SDRAM-ISP-HDMI.bit"
BIT-1003 : Start to generate bitstream. 
BIT-1002 : Init instances with 16 threads.
BIT-1002 : Init instances completely, inst num: 2045
BIT-1002 : Init pips with 16 threads.
BIT-1002 : Init pips completely, net num: 4769, pip num: 44264
BIT-1002 : Init feedthrough with 16 threads.
BIT-1002 : Init feedthrough completely, num: 47
BIT-1003 : Multithreading accelaration with 16 threads.
BIT-1003 : Generate bitstream completely, there are 2115 valid insts, and 123381 bits set as '1'.
BIT-1004 : the usercode register value: 00000000010110101111010100100101
BIT-1004 : PLL setting string = 0110
BIT-1004 : Generate bits file SD-SDRAM-ISP-HDMI.bit.
RUN-1003 : finish command "bitgen -bit SD-SDRAM-ISP-HDMI.bit" in  4.237003s wall, 19.062500s user + 0.312500s system = 19.375000s CPU (457.3%)

RUN-1004 : used memory is 654 MB, reserved memory is 626 MB, peak memory is 829 MB
RUN-1002 : start command "backup_run_log run.log ../.logs/phy_1/td_20240705_024412.log"
