============================================================
   Tang Dynasty, V5.6.71036
      Copyright (c) 2012-2023 Anlogic Inc.
   Executable = F:/ARMChina/bin/td.exe
   Built at =   20:34:38 Mar 21 2023
   Run by =     Illyasvial Von Einzb
   Run Date =   Thu Jul  4 15:33:08 2024

   Run on =     LAPTOP-4S5LNBPI
============================================================
RUN-1002 : start command "open_project SD-SDRAM-ISP-HDMI.prj"
RUN-1001 : Print Global Property
RUN-1001 : ---------------------------------------------------------------
RUN-1001 :        Parameters        |  Settings  |  Default Values  |  Note  
RUN-1001 : ---------------------------------------------------------------
RUN-1001 :          message         |  standard  |     standard     |        
RUN-1001 :   mixed_pack_place_flow  |     on     |        on        |        
RUN-1001 :        qor_monitor       |    off     |       off        |        
RUN-1001 :        syn_ip_flow       |    off     |       off        |        
RUN-1001 :          thread          |    auto    |       auto       |        
RUN-1001 : ---------------------------------------------------------------
RUN-1001 : Print Design Property
RUN-1001 : --------------------------------------------------------------
RUN-1001 :        Parameters       |  Settings  |  Default Values  |  Note  
RUN-1001 : --------------------------------------------------------------
RUN-1001 :   default_reg_initial   |    auto    |       auto       |        
RUN-1001 :        infer_add        |     on     |        on        |        
RUN-1001 :        infer_fsm        |    off     |       off        |        
RUN-1001 :        infer_mult       |     on     |        on        |        
RUN-1001 :        infer_ram        |     on     |        on        |        
RUN-1001 :        infer_reg        |     on     |        on        |        
RUN-1001 :   infer_reg_init_value  |     on     |        on        |        
RUN-1001 :        infer_rom        |     on     |        on        |        
RUN-1001 :      infer_shifter      |     on     |        on        |        
RUN-1001 : --------------------------------------------------------------
RUN-1001 : Print Rtl Property
RUN-1001 : --------------------------------------------------------------
RUN-1001 :        Parameters       |  Settings  |  Default Values  |  Note  
RUN-1001 : --------------------------------------------------------------
RUN-1001 :       compress_add      |   ripple   |      ripple      |        
RUN-1001 :        elf_sload        |    off     |       off        |        
RUN-1001 :       fix_undriven      |     0      |        0         |        
RUN-1001 :         flatten         |    off     |       off        |        
RUN-1001 :       gate_sharing      |     on     |        on        |        
RUN-1001 :    hdl_warning_level    |   normal   |      normal      |        
RUN-1001 :   impl_internal_tribuf  |     on     |        on        |        
RUN-1001 :      impl_set_reset     |     on     |        on        |        
RUN-1001 :        infer_gsr        |    off     |       off        |        
RUN-1001 :      keep_hierarchy     |    auto    |       auto       |        
RUN-1001 :        max_fanout       |    9999    |       9999       |        
RUN-1001 :      max_oh2bin_len     |     10     |        10        |        
RUN-1001 :       merge_equal       |     on     |        on        |        
RUN-1001 :       merge_equiv       |     on     |        on        |        
RUN-1001 :        merge_mux        |    off     |       off        |        
RUN-1001 :     min_control_set     |     8      |        8         |        
RUN-1001 :      min_ripple_len     |    auto    |       auto       |        
RUN-1001 :       oh2bin_ratio      |    0.08    |       0.08       |        
RUN-1001 :     opt_adder_fanout    |     on     |        on        |        
RUN-1001 :        opt_arith        |     on     |        on        |        
RUN-1001 :       opt_big_gate      |    off     |       off        |        
RUN-1001 :        opt_const        |     on     |        on        |        
RUN-1001 :      opt_const_mult     |     on     |        on        |        
RUN-1001 :       opt_lessthan      |     on     |        on        |        
RUN-1001 :         opt_mux         |    off     |       off        |        
RUN-1001 :         opt_ram         |    high    |       high       |        
RUN-1001 :      rtl_sim_model      |    off     |       off        |        
RUN-1001 :         seq_syn         |     on     |        on        |        
RUN-1001 : --------------------------------------------------------------
HDL-1007 : analyze verilog file ../../import/ddr3-al_ip/SOFTFIFO.v
HDL-1007 : analyze verilog file ../../import/ddr3-al_ip/SDRAM.v
HDL-1007 : analyze verilog file ../../al_ip/PLL.v
HDL-1007 : undeclared symbol 'open', assumed default net type 'wire' in ../../al_ip/PLL.v(92)
HDL-1007 : analyze verilog file ../../al_ip/PLL_hdmi.v
HDL-1007 : undeclared symbol 'open', assumed default net type 'wire' in ../../al_ip/PLL_hdmi.v(70)
HDL-1007 : analyze VHDL file ../../import/hdmi-rtl/enc_file/SerializerN_1_lvds.enc.vhd
Copyright (c) 1998-2019 The OpenSSL Project.  All rights reserved.
This product includes software developed by the OpenSSL Project
for use in the OpenSSL Toolkit (http://www.openssl.org/)
Copyright (C) 1995-1998 Eric Young (eay@cryptsoft.com)
All rights reserved.
This product includes cryptographic software written by Eric Young (eay@cryptsoft.com)
HDL-1007 : analyze entity ** in encrypted_text(0)
HDL-1007 : analyze architecture ** in encrypted_text(0)
HDL-1007 : analyze VHDL file ../../import/hdmi-rtl/enc_file/SerializerN_1_lvds_dat.enc.vhd
HDL-1007 : analyze entity ** in encrypted_text(0)
HDL-1007 : analyze architecture ** in encrypted_text(0)
HDL-1007 : analyze VHDL file ../../import/hdmi-rtl/enc_file/TMDSEncoder.enc.vhd
HDL-1007 : analyze entity ** in encrypted_text(0)
HDL-1007 : analyze architecture ** in encrypted_text(0)
HDL-1007 : analyze verilog file ../../import/hdmi-rtl/enc_file/video_tpg_1024768.enc.v
HDL-5007 WARNING: literal value ** truncated to fit in ** bits in encrypted_text(0)
HDL-1007 : back to file '../../import/hdmi-rtl/enc_file/video_tpg_1024768.enc.v' in ../../import/hdmi-rtl/enc_file/video_tpg_1024768.enc.v(216)
HDL-1007 : analyze verilog file ../../import/hdmi-rtl/enc_file/video_tpg_1080p.enc.v
HDL-1007 : back to file '../../import/hdmi-rtl/enc_file/video_tpg_1080p.enc.v' in ../../import/hdmi-rtl/enc_file/video_tpg_1080p.enc.v(208)
HDL-1007 : analyze verilog file ../../import/hdmi-rtl/enc_file/video_tpg_12801024p.enc.v
HDL-1007 : back to file '../../import/hdmi-rtl/enc_file/video_tpg_12801024p.enc.v' in ../../import/hdmi-rtl/enc_file/video_tpg_12801024p.enc.v(207)
HDL-1007 : analyze verilog file ../../import/hdmi-rtl/enc_file/video_tpg_1280800.enc.v
HDL-5007 WARNING: literal value ** truncated to fit in ** bits in encrypted_text(0)
HDL-1007 : back to file '../../import/hdmi-rtl/enc_file/video_tpg_1280800.enc.v' in ../../import/hdmi-rtl/enc_file/video_tpg_1280800.enc.v(216)
HDL-1007 : analyze verilog file ../../import/hdmi-rtl/enc_file/video_tpg_16801050p.enc.v
HDL-1007 : back to file '../../import/hdmi-rtl/enc_file/video_tpg_16801050p.enc.v' in ../../import/hdmi-rtl/enc_file/video_tpg_16801050p.enc.v(209)
HDL-1007 : analyze verilog file ../../import/hdmi-rtl/enc_file/video_tpg_800600.enc.v
HDL-1007 : back to file '../../import/hdmi-rtl/enc_file/video_tpg_800600.enc.v' in ../../import/hdmi-rtl/enc_file/video_tpg_800600.enc.v(211)
HDL-1007 : analyze verilog file ../../import/hdmi_top/hdmi_top.v
HDL-1007 : analyze verilog file ../../import/hdmi_top/video_driver.v
HDL-1007 : analyze verilog file ../../import/sd_bmp_hdmi.v
HDL-1007 : undeclared symbol 'rd_vsync', assumed default net type 'wire' in ../../import/sd_bmp_hdmi.v(200)
HDL-1007 : analyze verilog file ../../import/sd_ctrl_top/sd_ctrl_top.v
HDL-1007 : analyze verilog file ../../import/sd_ctrl_top/sd_init.v
HDL-1007 : analyze verilog file ../../import/sd_ctrl_top/sd_read.v
HDL-1007 : analyze verilog file ../../import/sd_ctrl_top/sd_write.v
HDL-1007 : analyze VHDL file ../../import/hdmi-rtl/enc_file/DVITransmitter.enc.vhd
HDL-1007 : analyze entity dvitransmitter in ../../import/hdmi-rtl/enc_file/DVITransmitter.enc.vhd(13)
HDL-1007 : analyze architecture ** in encrypted_text(0)
HDL-1007 : analyze VHDL file ../../import/hdmi-rtl/hdmi_tx.vhd
HDL-1007 : analyze entity hdmi_tx in ../../import/hdmi-rtl/hdmi_tx.vhd(11)
HDL-1007 : analyze architecture behavioral in ../../import/hdmi-rtl/hdmi_tx.vhd(33)
HDL-1007 : analyze verilog file ../../import/DDR3-rtl/sdram_cmd.v
HDL-1007 : analyze included file ../../import/DDR3-rtl/sdram_para.v in ../../import/DDR3-rtl/sdram_cmd.v(46)
HDL-1007 : back to file '../../import/DDR3-rtl/sdram_cmd.v' in ../../import/DDR3-rtl/sdram_cmd.v(46)
HDL-1007 : analyze verilog file ../../import/DDR3-rtl/sdram_controller.v
HDL-1007 : analyze verilog file ../../import/DDR3-rtl/sdram_ctrl.v
HDL-1007 : analyze included file ../../import/DDR3-rtl/sdram_para.v in ../../import/DDR3-rtl/sdram_ctrl.v(19)
HDL-1007 : back to file '../../import/DDR3-rtl/sdram_ctrl.v' in ../../import/DDR3-rtl/sdram_ctrl.v(19)
HDL-1007 : analyze verilog file ../../import/DDR3-rtl/sdram_data.v
HDL-1007 : analyze included file ../../import/DDR3-rtl/sdram_para.v in ../../import/DDR3-rtl/sdram_data.v(13)
HDL-1007 : back to file '../../import/DDR3-rtl/sdram_data.v' in ../../import/DDR3-rtl/sdram_data.v(13)
HDL-1007 : analyze verilog file ../../import/DDR3-rtl/sdram_fifo_ctrl.v
HDL-1007 : analyze verilog file ../../import/DDR3-rtl/sdram_top.v
HDL-1007 : analyze verilog file ../../import/read_rawdata.v
HDL-1007 : analyze verilog file ../../import/hdmi_top/ISP_dpc.v
HDL-1007 : analyze verilog file ../../import/hdmi_top/ISP_include.v
HDL-1007 : analyze verilog file ../../import/hdmi_top/ISP_bnr.v
RUN-1001 : Project manager successfully analyzed 33 source files.
RUN-1002 : start command "import_device eagle_s20.db -package EG4S20BG256"
ARC-1001 : Device Initialization.
ARC-1001 : ------------------------------------------------------------------
ARC-1001 :            OPTION            |          IO          |   SETTING   
ARC-1001 : ------------------------------------------------------------------
ARC-1001 :   cso_b/cclk/mosi/miso/dout  |  T3/R11/T10/P10/S11  |    gpio    
ARC-1001 :             done             |         P13          |    gpio    
ARC-1001 :           program_b          |          T2          |  dedicate  
ARC-1001 :        tdi/tms/tck/tdo       |   C12/A15/C14/E14    |  dedicate  
ARC-1001 : ------------------------------------------------------------------
ARC-1004 : Device setting, marked 5 dedicate IOs in total.
RUN-1002 : start command "import_db ../syn_1/SD-SDRAM-ISP-HDMI_gate.db"
RUN-1001 : Importing database generated by Tang Dynasty, V5.6.71036.
RUN-1001 : Database version number 46146.
RUN-1001 : Import flow parameters
RUN-1001 : Import timing constraints
RUN-1001 : Import IO constraints
RUN-1001 : Import Inst constraints
RUN-1001 : Import design success TD_VERSION=5.6.71036 , DB_VERSION=46146
RUN-1002 : start command "read_sdc -ip SOFTFIFO ../../import/ddr3-al_ip/SOFTFIFO.tcl"
RUN-1002 : start command "get_ports clkw"
RUN-1002 : start command "get_nets  clkw  "
RUN-1002 : start command "get_clocks -nowarn -of nets 9663676416000"
RUN-1002 : start command "get_ports clkr"
RUN-1002 : start command "get_nets  clkr  "
RUN-1002 : start command "get_clocks -nowarn -of nets 33165737459712"
RUN-1002 : start command "get_property -nowarn -max PERIOD "
RUN-1002 : start command "get_property -nowarn -max PERIOD "
RUN-1002 : start command "get_regs rd_to_wr_cross_inst/primary_addr_gray_reg[*]"
RUN-1002 : start command "get_regs rd_to_wr_cross_inst/sync_r1[*]"
RUN-1002 : start command "set_max_delay -from  -to  999.70000000000005 -datapath_only"
RUN-1002 : start command "get_regs rd_to_wr_cross_inst/primary_addr_gray_reg[*]"
RUN-1002 : start command "get_regs rd_to_wr_cross_inst/sync_r1[*]"
RUN-1002 : start command "set_false_path -from  -to  -hold 999.70000000000005"
USR-1002 : set_false_path -help -setup -hold -from <list> -rise_from <list> -fall_from <list> -to <list> -rise_to <list> -fall_to <list> -through <list>
RUN-1002 : start command "get_regs wr_to_rd_cross_inst/primary_addr_gray_reg[*]"
RUN-1002 : start command "get_regs wr_to_rd_cross_inst/sync_r1[*]"
RUN-1002 : start command "set_max_delay -from  -to  999.70000000000005 -datapath_only"
RUN-1002 : start command "get_regs wr_to_rd_cross_inst/primary_addr_gray_reg[*]"
RUN-1002 : start command "get_regs wr_to_rd_cross_inst/sync_r1[*]"
RUN-1002 : start command "set_false_path -from  -to  -hold 999.70000000000005"
USR-1002 : set_false_path -help -setup -hold -from <list> -rise_from <list> -fall_from <list> -to <list> -rise_to <list> -fall_to <list> -through <list>
RUN-1002 : start command "get_ports clkw"
RUN-1002 : start command "get_nets  clkw  "
RUN-1002 : start command "get_clocks -nowarn -of nets 17514876633088"
RUN-1002 : start command "get_ports clkr"
RUN-1002 : start command "get_nets  clkr  "
RUN-1002 : start command "get_clocks -nowarn -of nets 9663676416000"
RUN-1002 : start command "get_property -nowarn -max PERIOD "
RUN-1002 : start command "get_property -nowarn -max PERIOD "
RUN-1002 : start command "get_regs rd_to_wr_cross_inst/primary_addr_gray_reg[*]"
RUN-1002 : start command "get_regs rd_to_wr_cross_inst/sync_r1[*]"
RUN-1002 : start command "set_max_delay -from  -to  999.70000000000005 -datapath_only"
RUN-1002 : start command "get_regs rd_to_wr_cross_inst/primary_addr_gray_reg[*]"
RUN-1002 : start command "get_regs rd_to_wr_cross_inst/sync_r1[*]"
RUN-1002 : start command "set_false_path -from  -to  -hold 999.70000000000005"
USR-1002 : set_false_path -help -setup -hold -from <list> -rise_from <list> -fall_from <list> -to <list> -rise_to <list> -fall_to <list> -through <list>
RUN-1002 : start command "get_regs wr_to_rd_cross_inst/primary_addr_gray_reg[*]"
RUN-1002 : start command "get_regs wr_to_rd_cross_inst/sync_r1[*]"
RUN-1002 : start command "set_max_delay -from  -to  999.70000000000005 -datapath_only"
RUN-1002 : start command "get_regs wr_to_rd_cross_inst/primary_addr_gray_reg[*]"
RUN-1002 : start command "get_regs wr_to_rd_cross_inst/sync_r1[*]"
RUN-1002 : start command "set_false_path -from  -to  -hold 999.70000000000005"
USR-1002 : set_false_path -help -setup -hold -from <list> -rise_from <list> -fall_from <list> -to <list> -rise_to <list> -fall_to <list> -through <list>
RUN-1002 : start command "config_chipwatcher ../../sd_HDMI.cwc -dir "
RUN-1002 : start command "legalize_phy_inst"
SYN-1011 : Flatten model sd_bmp_hdmi
KIT-1004 : ChipWatcher: import watcher inst auto_chipwatcher_0 completed, there are 6 view nodes, 24 trigger nets, 24 data nets.
KIT-1004 : Chipwatcher code = 1000011001101001
RUN-1002 : start command "compile_watcher"
RUN-1002 : start command "read_verilog -no_sch -dir F:/ARMChina/cw/ -file SD-SDRAM-ISP-HDMI_watcherInst.sv -lib cw -top CW_TOP_WRAPPER"
HDL-1007 : analyze verilog file F:/ARMChina/cw\bus_det.v
HDL-1007 : analyze verilog file F:/ARMChina/cw\bus_top.sv
HDL-1007 : analyze verilog file F:/ARMChina/cw\cfg_int.v
HDL-1007 : analyze verilog file F:/ARMChina/cw\cwc_cfg_int.v
HDL-1007 : analyze verilog file F:/ARMChina/cw\cwc_top.sv
HDL-1007 : analyze verilog file F:/ARMChina/cw\detect_bus.v
HDL-1007 : analyze verilog file F:/ARMChina/cw\detect_non_bus.v
HDL-1007 : analyze verilog file F:/ARMChina/cw\emb_ctrl.v
HDL-1007 : analyze verilog file F:/ARMChina/cw\register.v
HDL-1007 : analyze verilog file F:/ARMChina/cw\tap.v
HDL-1007 : analyze verilog file F:/ARMChina/cw\trigger.sv
HDL-1007 : analyze verilog file SD-SDRAM-ISP-HDMI_watcherInst.sv
HDL-1007 : elaborate module CW_TOP_WRAPPER in SD-SDRAM-ISP-HDMI_watcherInst.sv(1)
HDL-1007 : elaborate module cwc_top(BUS_NUM=6,BUS_DIN_NUM=24,BUS_CTRL_NUM=72,BUS_WIDTH='{32'sb01,32'sb01,32'sb01,32'sb01,32'sb010000,32'sb0100},BUS_DIN_POS='{32'sb0,32'sb01,32'sb010,32'sb011,32'sb0100,32'sb010100},BUS_CTRL_POS='{32'sb0,32'sb0110,32'sb01100,32'sb010010,32'sb011000,32'sb0111100}) in F:/ARMChina/cw\cwc_top.sv(21)
HDL-1007 : elaborate module cwc_cfg_int(CTRL_REG_LEN=94) in F:/ARMChina/cw\cwc_cfg_int.v(21)
HDL-1007 : elaborate module register(CTRL_REG_LEN=94) in F:/ARMChina/cw\register.v(21)
HDL-1007 : elaborate module tap in F:/ARMChina/cw\tap.v(21)
HDL-1007 : elaborate module trigger(BUS_NUM=6,BUS_DIN_NUM=24,BUS_CTRL_NUM=72,BUS_WIDTH='{32'sb01,32'sb01,32'sb01,32'sb01,32'sb010000,32'sb0100},BUS_DIN_POS='{32'sb0,32'sb01,32'sb010,32'sb011,32'sb0100,32'sb010100},BUS_CTRL_POS='{32'sb0,32'sb0110,32'sb01100,32'sb010010,32'sb011000,32'sb0111100}) in F:/ARMChina/cw\trigger.sv(21)
HDL-1007 : elaborate module bus_top(BUS_NODE_NUM=6,BUS_DIN_NUM=24,BUS_CTRL_NUM=72,BUS_WIDTH='{32'sb01,32'sb01,32'sb01,32'sb01,32'sb010000,32'sb0100},BUS_DIN_POS='{32'sb0,32'sb01,32'sb010,32'sb011,32'sb0100,32'sb010100},BUS_CTRL_POS='{32'sb0,32'sb0110,32'sb01100,32'sb010010,32'sb011000,32'sb0111100}) in F:/ARMChina/cw\bus_top.sv(22)
HDL-1007 : elaborate module bus_det(BUS_WIDTH=32'sb01) in F:/ARMChina/cw\bus_det.v(21)
HDL-1007 : elaborate module bus_det(BUS_WIDTH=32'sb010000) in F:/ARMChina/cw\bus_det.v(21)
HDL-1007 : elaborate module bus_det(BUS_WIDTH=32'sb0100) in F:/ARMChina/cw\bus_det.v(21)
HDL-1007 : elaborate module emb_ctrl in F:/ARMChina/cw\emb_ctrl.v(21)
HDL-1200 : Current top model is CW_TOP_WRAPPER
HDL-1100 : Inferred 0 RAMs.
RUN-1002 : start command "force_keep -a auto_chipwatcher_0_logicbram"
RUN-1002 : start command "optimize_rtl -no_sch"
RUN-1001 : Open license file F:/ARMChina/license/Anlogic.lic
RUN-1001 : Print Global Property
RUN-1001 : ---------------------------------------------------------------
RUN-1001 :        Parameters        |  Settings  |  Default Values  |  Note  
RUN-1001 : ---------------------------------------------------------------
RUN-1001 :          message         |  standard  |     standard     |        
RUN-1001 :   mixed_pack_place_flow  |     on     |        on        |        
RUN-1001 :        qor_monitor       |    off     |       off        |        
RUN-1001 :        syn_ip_flow       |    off     |       off        |        
RUN-1001 :          thread          |    auto    |       auto       |        
RUN-1001 : ---------------------------------------------------------------
RUN-1001 : Print Rtl Property
RUN-1001 : --------------------------------------------------------------
RUN-1001 :        Parameters       |  Settings  |  Default Values  |  Note  
RUN-1001 : --------------------------------------------------------------
RUN-1001 :       compress_add      |   ripple   |      ripple      |        
RUN-1001 :        elf_sload        |    off     |       off        |        
RUN-1001 :       fix_undriven      |     0      |        0         |        
RUN-1001 :         flatten         |    off     |       off        |        
RUN-1001 :       gate_sharing      |     on     |        on        |        
RUN-1001 :    hdl_warning_level    |   normal   |      normal      |        
RUN-1001 :   impl_internal_tribuf  |     on     |        on        |        
RUN-1001 :      impl_set_reset     |     on     |        on        |        
RUN-1001 :        infer_gsr        |    off     |       off        |        
RUN-1001 :      keep_hierarchy     |    auto    |       auto       |        
RUN-1001 :        max_fanout       |    9999    |       9999       |        
RUN-1001 :      max_oh2bin_len     |     10     |        10        |        
RUN-1001 :       merge_equal       |     on     |        on        |        
RUN-1001 :       merge_equiv       |     on     |        on        |        
RUN-1001 :        merge_mux        |    off     |       off        |        
RUN-1001 :     min_control_set     |     8      |        8         |        
RUN-1001 :      min_ripple_len     |    auto    |       auto       |        
RUN-1001 :       oh2bin_ratio      |    0.08    |       0.08       |        
RUN-1001 :     opt_adder_fanout    |     on     |        on        |        
RUN-1001 :        opt_arith        |     on     |        on        |        
RUN-1001 :       opt_big_gate      |    off     |       off        |        
RUN-1001 :        opt_const        |     on     |        on        |        
RUN-1001 :      opt_const_mult     |     on     |        on        |        
RUN-1001 :       opt_lessthan      |     on     |        on        |        
RUN-1001 :         opt_mux         |    off     |       off        |        
RUN-1001 :         opt_ram         |    high    |       high       |        
RUN-1001 :      rtl_sim_model      |    off     |       off        |        
RUN-1001 :         seq_syn         |     on     |        on        |        
RUN-1001 : --------------------------------------------------------------
SYN-1012 : SanityCheck: Model "sd_bmp_hdmi"
SYN-1012 : SanityCheck: Model "CW_TOP_WRAPPER"
SYN-1012 : SanityCheck: Model "cwc_top(BUS_NUM=6,BUS_DIN_NUM=24,BUS_CTRL_NUM=72,BUS_WIDTH='{32'sb01,32'sb01,32'sb01,32'sb01,32'sb010000,32'sb0100},BUS_DIN_POS='{32'sb0,32'sb01,32'sb010,32'sb011,32'sb0100,32'sb010100},BUS_CTRL_POS='{32'sb0,32'sb0110,32'sb01100,32'sb010010,32'sb011000,32'sb0111100})"
SYN-1012 : SanityCheck: Model "cwc_cfg_int(CTRL_REG_LEN=94)"
SYN-1012 : SanityCheck: Model "register(CTRL_REG_LEN=94)"
SYN-1012 : SanityCheck: Model "tap"
SYN-1012 : SanityCheck: Model "trigger(BUS_NUM=6,BUS_DIN_NUM=24,BUS_CTRL_NUM=72,BUS_WIDTH='{32'sb01,32'sb01,32'sb01,32'sb01,32'sb010000,32'sb0100},BUS_DIN_POS='{32'sb0,32'sb01,32'sb010,32'sb011,32'sb0100,32'sb010100},BUS_CTRL_POS='{32'sb0,32'sb0110,32'sb01100,32'sb010010,32'sb011000,32'sb0111100})"
SYN-1012 : SanityCheck: Model "bus_top(BUS_NODE_NUM=6,BUS_DIN_NUM=24,BUS_CTRL_NUM=72,BUS_WIDTH='{32'sb01,32'sb01,32'sb01,32'sb01,32'sb010000,32'sb0100},BUS_DIN_POS='{32'sb0,32'sb01,32'sb010,32'sb011,32'sb0100,32'sb010100},BUS_CTRL_POS='{32'sb0,32'sb0110,32'sb01100,32'sb010010,32'sb011000,32'sb0111100})"
SYN-1012 : SanityCheck: Model "bus_det(BUS_WIDTH=32'sb01)"
SYN-1012 : SanityCheck: Model "bus_det(BUS_WIDTH=32'sb010000)"
SYN-1012 : SanityCheck: Model "bus_det(BUS_WIDTH=32'sb0100)"
SYN-1012 : SanityCheck: Model "emb_ctrl"
SYN-1011 : Flatten model sd_bmp_hdmi
SYN-1032 : 7155/24 useful/useless nets, 5539/16 useful/useless insts
SYN-1016 : Merged 32 instances.
SYN-1032 : 6884/24 useful/useless nets, 5880/20 useful/useless insts
SYN-1014 : Optimize round 1
SYN-1021 : Optimized 2 onehot mux instances.
SYN-1020 : Optimized 1 distributor mux.
SYN-1019 : Optimized 2 mux instances.
SYN-1015 : Optimize round 1, 315 better
SYN-1014 : Optimize round 2
SYN-1032 : 6647/30 useful/useless nets, 5643/32 useful/useless insts
SYN-1015 : Optimize round 2, 64 better
SYN-1014 : Optimize round 1
SYN-1015 : Optimize round 1, 0 better
RUN-1002 : start command "optimize_gate -no_sch"
RUN-1001 : Open license file F:/ARMChina/license/Anlogic.lic
RUN-1001 : Print Global Property
RUN-1001 : ---------------------------------------------------------------
RUN-1001 :        Parameters        |  Settings  |  Default Values  |  Note  
RUN-1001 : ---------------------------------------------------------------
RUN-1001 :          message         |  standard  |     standard     |        
RUN-1001 :   mixed_pack_place_flow  |     on     |        on        |        
RUN-1001 :        qor_monitor       |    off     |       off        |        
RUN-1001 :        syn_ip_flow       |    off     |       off        |        
RUN-1001 :          thread          |    auto    |       auto       |        
RUN-1001 : ---------------------------------------------------------------
RUN-1001 : Print Gate Property
RUN-1001 : ------------------------------------------------------------------
RUN-1001 :          Parameters         |  Settings  |  Default Values  |  Note  
RUN-1001 : ------------------------------------------------------------------
RUN-1001 :         cascade_dsp         |    off     |       off        |        
RUN-1001 :         cascade_eram        |    off     |       off        |        
RUN-1001 :        gate_sim_model       |    off     |       off        |        
RUN-1001 :        map_sim_model        |    off     |       off        |        
RUN-1001 :         map_strategy        |     1      |        1         |        
RUN-1001 :           opt_area          |   medium   |      medium      |        
RUN-1001 :          opt_timing         |    auto    |       auto       |        
RUN-1001 :         pack_effort         |   medium   |      medium      |        
RUN-1001 :      pack_lslice_ripple     |     on     |        on        |        
RUN-1001 :   pack_lslice_ripple_ratio  |    0.5     |       0.5        |        
RUN-1001 :        pack_seq_in_io       |    auto    |       auto       |        
RUN-1001 :        ph1_mux_ratio        |    1.0     |       1.0        |        
RUN-1001 :            report           |  standard  |     standard     |        
RUN-1001 :           retiming          |    off     |       off        |        
RUN-1001 : ------------------------------------------------------------------
SYN-2001 : Map 12 IOs to PADs
RUN-1002 : start command "update_pll_param -module sd_bmp_hdmi"
SYN-2501 : Processed 0 LOGIC_BUF instances.
SYN-2512 : LOGIC BRAM "auto_chipwatcher_0_logicbram"
SYN-2571 : Optimize after map_dsp, round 1
SYN-2571 : Optimize after map_dsp, round 1, 0 better
SYN-1001 : Throwback 3 control mux instances
SYN-2501 : Optimize round 1
SYN-1016 : Merged 20 instances.
SYN-2501 : Optimize round 1, 42 better
SYN-2501 : Optimize round 2
SYN-2501 : Optimize round 2, 0 better
SYN-2501 : Map 14 macro adder
SYN-1019 : Optimized 9 mux instances.
SYN-1016 : Merged 10 instances.
SYN-1032 : 7046/2 useful/useless nets, 6047/1 useful/useless insts
RUN-1002 : start command "start_timer -prepack"
TMR-2505 : Start building timing graph for model sd_bmp_hdmi.
TMR-2506 : Build timing graph completely. Port num: 9, tpin num: 26631, tnet num: 7046, tinst num: 6046, tnode num: 35573, tedge num: 42651.
TMR-2508 : Levelizing timing graph completed, there are 53 levels in total.
TMR-2501 : Timing graph initialized successfully.
TMR-2503 : Start to update net delay, extr mode = 2.
TMR-2504 : Update delay of 7046 nets completely.
TMR-2502 : Annotate delay completely, extr mode = 2.
TMR-3001 : Initiate 0 clocks from SDC.
TMR-3004 : Map sdc constraints, there are 8 constraints in total.
TMR-3003 : Constraints initiated successfully.
TMR-3501 : Forward propagation: start to calculate arrival time...
TMR-3502 : Backward propagation: start to calculate required time...
TMR-3503 : Timing propagation completes.
SYN-3001 : Running gate level optimization.
SYN-2581 : Mapping with K=5, #lut = 183 (3.65), #lev = 7 (2.02)
SYN-2551 : Post LUT mapping optimization.
SYN-2581 : Mapping with K=5, #lut = 178 (3.73), #lev = 7 (1.98)
SYN-3001 : Logic optimization runtime opt =   0.03 sec, map =   0.00 sec
SYN-3001 : Mapper mapped 467 instances into 178 LUTs, name keeping = 74%.
SYN-1001 : Packing model "sd_bmp_hdmi" ...
SYN-4010 : Pack lib has 58 rtl pack models with 25 top pack blocks
SYN-1014 : Optimize round 1
SYN-1015 : Optimize round 1, 0 better
SYN-4002 : Packing 310 DFF/LATCH to SEQ ...
SYN-4009 : Pack 7 carry chain into lslice
SYN-4007 : Packing 100 adder to BLE ...
SYN-4008 : Packed 100 adder and 0 SEQ to BLE.
SYN-4007 : Packing 0 gate4 to BLE ...
SYN-4008 : Packed 0 gate4 and 0 SEQ to BLE.
SYN-4012 : Packed 0 FxMUX
RUN-1003 : finish command "optimize_gate -no_sch" in  1.470127s wall, 1.125000s user + 0.031250s system = 1.156250s CPU (78.6%)

RUN-1004 : used memory is 196 MB, reserved memory is 165 MB, peak memory is 240 MB
RUN-1002 : start command "legalize_phy_inst"
SYN-1011 : Flatten model sd_bmp_hdmi
KIT-1004 : Compile Chipwatcher: Clear obsolete physical data.
RUN-1003 : finish command "compile_watcher" in  2.532677s wall, 1.875000s user + 0.062500s system = 1.937500s CPU (76.5%)

RUN-1004 : used memory is 197 MB, reserved memory is 165 MB, peak memory is 240 MB
RUN-1002 : start command "place"
RUN-1001 : Open license file F:/ARMChina/license/Anlogic.lic
RUN-1001 : Print Global Property
RUN-1001 : ---------------------------------------------------------------
RUN-1001 :        Parameters        |  Settings  |  Default Values  |  Note  
RUN-1001 : ---------------------------------------------------------------
RUN-1001 :          message         |  standard  |     standard     |        
RUN-1001 :   mixed_pack_place_flow  |     on     |        on        |        
RUN-1001 :        qor_monitor       |    off     |       off        |        
RUN-1001 :        syn_ip_flow       |    off     |       off        |        
RUN-1001 :          thread          |    auto    |       auto       |        
RUN-1001 : ---------------------------------------------------------------
RUN-1001 : Print Place Property
RUN-1001 : --------------------------------------------------------------
RUN-1001 :        Parameters       |  Settings  |  Default Values  |  Note  
RUN-1001 : --------------------------------------------------------------
RUN-1001 :      detailed_place     |     on     |        on        |        
RUN-1001 :          effort         |   medium   |      medium      |        
RUN-1001 :         fix_hold        |    off     |       off        |        
RUN-1001 :       legalization      |    ori     |       ori        |        
RUN-1001 :      new_spreading      |     on     |        on        |        
RUN-1001 :        opt_timing       |   medium   |      medium      |        
RUN-1001 :   post_clock_route_opt  |    off     |       off        |        
RUN-1001 :       pr_strategy       |     1      |        1         |        
RUN-1001 :        relaxation       |    1.00    |       1.00       |        
RUN-1001 :         retiming        |    off     |       off        |        
RUN-1001 : --------------------------------------------------------------
PHY-3001 : Placer runs in 16 thread(s).
RUN-1002 : start command "legalize_phy_inst"
SYN-1011 : Flatten model sd_bmp_hdmi
RUN-1002 : start command "phys_opt -simplify_lut"
SYN-4016 : Net u_ddr3_top/u_sdram_fifo_ctrl/clk_ref driven by BUFG (271 clock/control pins, 1 other pins).
SYN-4016 : Net u_clk_wiz_1/clk0_out driven by BUFG (58 clock/control pins, 1 other pins).
SYN-4016 : Net config_inst_syn_10 driven by BUFG (205 clock/control pins, 0 other pins).
SYN-4027 : Net u_ddr3_top/clk_sdram is clkc1 of pll u_clk_wiz_0/pll_inst.
SYN-4027 : Net u_ddr3_top/u_sdram_fifo_ctrl/wrfifo/clkw is clkc3 of pll u_clk_wiz_0/pll_inst.
SYN-4027 : Net u_sd_ctrl_top/u_sd_read/clk_ref_180deg is clkc4 of pll u_clk_wiz_0/pll_inst.
SYN-4019 : Net sys_clk_dup_1 is refclk of pll u_clk_wiz_0/pll_inst.
SYN-4020 : Net sys_clk_dup_1 is fbclk of pll u_clk_wiz_0/pll_inst.
SYN-4027 : Net u_hdmi_top/bnr/pclk is clkc1 of pll u_clk_wiz_1/pll_inst.
SYN-4019 : Net sys_clk_dup_1 is refclk of pll u_clk_wiz_1/pll_inst.
SYN-4020 : Net sys_clk_dup_1 is fbclk of pll u_clk_wiz_1/pll_inst.
SYN-4024 : Net "u_sd_ctrl_top/u_sd_init/div_clk" drives clk pins.
SYN-4025 : Tag rtl::Net config_inst_syn_10 as clock net
SYN-4025 : Tag rtl::Net sys_clk_dup_1 as clock net
SYN-4025 : Tag rtl::Net u_clk_wiz_1/clk0_out as clock net
SYN-4025 : Tag rtl::Net u_ddr3_top/clk_sdram as clock net
SYN-4025 : Tag rtl::Net u_ddr3_top/u_sdram_fifo_ctrl/clk_ref as clock net
SYN-4025 : Tag rtl::Net u_ddr3_top/u_sdram_fifo_ctrl/wrfifo/clkw as clock net
SYN-4025 : Tag rtl::Net u_hdmi_top/bnr/pclk as clock net
SYN-4025 : Tag rtl::Net u_sd_ctrl_top/u_sd_init/div_clk as clock net
SYN-4025 : Tag rtl::Net u_sd_ctrl_top/u_sd_read/clk_ref_180deg as clock net
SYN-4026 : Tagged 9 rtl::Net as clock net
SYN-4015 : Create BUFG instance for clk Net u_sd_ctrl_top/u_sd_init/div_clk to drive 101 clock pins.
PHY-1001 : Populate physical database on model sd_bmp_hdmi.
RUN-1001 : There are total 5465 instances
RUN-0007 : 1696 luts, 2804 seqs, 605 mslices, 264 lslices, 71 pads, 16 brams, 0 dsps
RUN-1001 : There are total 6464 nets
RUN-1001 : 4354 nets have 2 pins
RUN-1001 : 1571 nets have [3 - 5] pins
RUN-1001 : 373 nets have [6 - 10] pins
RUN-1001 : 118 nets have [11 - 20] pins
RUN-1001 : 36 nets have [21 - 99] pins
RUN-1001 : 12 nets have 100+ pins
RUN-1001 : Report Control nets information:
RUN-1001 : DFF Distribution
RUN-1001 : ----------------------------------
RUN-1001 :   CE   |  SSR  |  ASR  |  DFF Count  
RUN-1001 : ----------------------------------
RUN-1001 :   No   |  No   |  No   |     108     
RUN-1001 :   No   |  No   |  Yes  |    2080     
RUN-1001 :   No   |  Yes  |  No   |     53      
RUN-1001 :   Yes  |  No   |  No   |     54      
RUN-1001 :   Yes  |  No   |  Yes  |     509     
RUN-1001 :   Yes  |  Yes  |  No   |      0      
RUN-1001 : ----------------------------------
RUN-0007 : Control Group Statistic
RUN-0007 : ---------------------------
RUN-0007 :   #CLK  |  #CE  |  #SSR/ASR  
RUN-0007 : ---------------------------
RUN-0007 :    9    |  23   |     14     
RUN-0007 : ---------------------------
RUN-0007 : Control Set = 45
PHY-3001 : Initial placement ...
PHY-3001 : design contains 5463 instances, 1696 luts, 2804 seqs, 869 slices, 145 macros(869 instances: 605 mslices 264 lslices)
PHY-3001 : Huge net u_hdmi_top/sys_rst_n with 1756 pins
PHY-0007 : Cell area utilization is 17%
PHY-3001 : Start timing update ...
RUN-1002 : start command "start_timer -report"
TMR-2505 : Start building timing graph for model sd_bmp_hdmi.
TMR-2506 : Build timing graph completely. Port num: 9, tpin num: 25359, tnet num: 6462, tinst num: 5463, tnode num: 34291, tedge num: 41477.
TMR-2508 : Levelizing timing graph completed, there are 29 levels in total.
TMR-2501 : Timing graph initialized successfully.
TMR-2503 : Start to update net delay, extr mode = 2.
TMR-2504 : Update delay of 6462 nets completely.
TMR-2502 : Annotate delay completely, extr mode = 2.
TMR-3001 : Initiate 0 clocks from SDC.
TMR-3004 : Map sdc constraints, there are 8 constraints in total.
TMR-3003 : Constraints initiated successfully.
TMR-3501 : Forward propagation: start to calculate arrival time...
TMR-3502 : Backward propagation: start to calculate required time...
TMR-3503 : Timing propagation completes.
PHY-3001 : End timing update;  0.695224s wall, 0.656250s user + 0.015625s system = 0.671875s CPU (96.6%)

PHY-3001 : Global placement ...
PHY-3001 : Initial: Len = 1.52369e+06
PHY-3001 : Clustering ...
PHY-3001 : Level 0 #clusters 5463.
PHY-3001 : End clustering;  0.000039s wall, 0.000000s user + 0.000000s system = 0.000000s CPU (n/a%)

PHY-3001 : Run with size of 4
PHY-3001 : Cell area utilization is 17%
PHY-3001 : :::0::: Try harder cell spreading with beta_ = 0
PHY-3002 : Step(1): len = 1.03205e+06, overlap = 61.25
PHY-3002 : Step(2): len = 866670, overlap = 56.25
PHY-3002 : Step(3): len = 533639, overlap = 56
PHY-3002 : Step(4): len = 456677, overlap = 49.25
PHY-3002 : Step(5): len = 396860, overlap = 64.625
PHY-3002 : Step(6): len = 358082, overlap = 76.9062
PHY-3002 : Step(7): len = 316225, overlap = 92.9688
PHY-3002 : Step(8): len = 282826, overlap = 95.6875
PHY-3002 : Step(9): len = 251586, overlap = 102.5
PHY-3002 : Step(10): len = 235321, overlap = 112.469
PHY-3002 : Step(11): len = 219992, overlap = 117.75
PHY-3002 : Step(12): len = 208308, overlap = 123.844
PHY-3002 : Step(13): len = 197929, overlap = 128.281
PHY-3002 : Step(14): len = 187351, overlap = 132.281
PHY-3002 : Step(15): len = 176357, overlap = 138.094
PHY-3002 : Step(16): len = 172430, overlap = 142.75
PHY-3002 : Step(17): len = 163805, overlap = 141.281
PHY-3001 : :::1::: Try harder cell spreading with beta_ = 2.79639e-05
PHY-3002 : Step(18): len = 173338, overlap = 139.844
PHY-3002 : Step(19): len = 178612, overlap = 136.469
PHY-3002 : Step(20): len = 180364, overlap = 128.344
PHY-3002 : Step(21): len = 177938, overlap = 93.7812
PHY-3002 : Step(22): len = 179715, overlap = 83.5625
PHY-3002 : Step(23): len = 175733, overlap = 94.5312
PHY-3002 : Step(24): len = 174997, overlap = 87.7812
PHY-3002 : Step(25): len = 173349, overlap = 87.2188
PHY-3002 : Step(26): len = 172534, overlap = 86.7812
PHY-3002 : Step(27): len = 169179, overlap = 89.125
PHY-3002 : Step(28): len = 168460, overlap = 82.3438
PHY-3002 : Step(29): len = 168414, overlap = 81.7812
PHY-3002 : Step(30): len = 168176, overlap = 84.2188
PHY-3002 : Step(31): len = 167448, overlap = 82.875
PHY-3002 : Step(32): len = 167169, overlap = 82.3438
PHY-3001 : :::2::: Try harder cell spreading with beta_ = 5.59278e-05
PHY-3002 : Step(33): len = 168902, overlap = 78
PHY-3002 : Step(34): len = 169438, overlap = 73.4375
PHY-3002 : Step(35): len = 169819, overlap = 74.375
PHY-3001 : :::3::: Try harder cell spreading with beta_ = 0.000111856
PHY-3002 : Step(36): len = 170269, overlap = 75.4062
PHY-3002 : Step(37): len = 170559, overlap = 73.5312
PHY-3002 : Step(38): len = 174713, overlap = 70.8125
PHY-3002 : Step(39): len = 175328, overlap = 71
PHY-3002 : Step(40): len = 173980, overlap = 70.9375
PHY-3002 : Step(41): len = 173761, overlap = 75.5
PHY-3002 : Step(42): len = 173197, overlap = 76.0625
PHY-3002 : Step(43): len = 173105, overlap = 80.6875
PHY-3002 : Step(44): len = 173034, overlap = 81
PHY-3001 : :::4::: Try harder cell spreading with beta_ = 0.000223711
PHY-3002 : Step(45): len = 174111, overlap = 81.0625
PHY-3002 : Step(46): len = 174236, overlap = 81
PHY-3002 : Step(47): len = 174905, overlap = 71.9375
PHY-3002 : Step(48): len = 174915, overlap = 71.9375
PHY-3002 : Step(49): len = 174750, overlap = 76.5625
PHY-3001 : :::5::: Try harder cell spreading with beta_ = 0.000447422
PHY-3002 : Step(50): len = 175455, overlap = 72.25
PHY-3002 : Step(51): len = 175831, overlap = 72.25
PHY-3002 : Step(52): len = 176353, overlap = 64.3438
PHY-3002 : Step(53): len = 176892, overlap = 63.4062
PHY-3002 : Step(54): len = 176587, overlap = 66.0938
PHY-3002 : Step(55): len = 176135, overlap = 65.8125
PHY-3002 : Step(56): len = 176168, overlap = 67.5938
PHY-3001 : Legalization ...
PHY-3001 : End legalization;  0.021260s wall, 0.015625s user + 0.000000s system = 0.015625s CPU (73.5%)

PHY-3001 : Run with size of 4
PHY-3001 : Cell area utilization is 22%
PHY-3001 : Update timing in Manhattan mode ...
TMR-2503 : Start to update net delay, extr mode = 3.
TMR-2504 : Update delay of 6462 nets completely.
TMR-2502 : Annotate delay completely, extr mode = 3.
TMR-3501 : Forward propagation: start to calculate arrival time...
TMR-3502 : Backward propagation: start to calculate required time...
TMR-3503 : Timing propagation completes.
PHY-3001 : End timing update;  0.134309s wall, 0.125000s user + 0.000000s system = 0.125000s CPU (93.1%)

PHY-3001 : :::0::: Try harder cell spreading with beta_ = 5.50109e-06
PHY-3002 : Step(57): len = 203692, overlap = 141.688
PHY-3002 : Step(58): len = 203092, overlap = 139.156
PHY-3002 : Step(59): len = 197184, overlap = 142.344
PHY-3002 : Step(60): len = 198274, overlap = 143.812
PHY-3002 : Step(61): len = 193448, overlap = 143.094
PHY-3002 : Step(62): len = 193400, overlap = 143.406
PHY-3002 : Step(63): len = 192003, overlap = 147.875
PHY-3002 : Step(64): len = 192082, overlap = 148.469
PHY-3002 : Step(65): len = 192136, overlap = 149.094
PHY-3001 : :::1::: Try harder cell spreading with beta_ = 1.10022e-05
PHY-3002 : Step(66): len = 191034, overlap = 150.125
PHY-3002 : Step(67): len = 191110, overlap = 150.25
PHY-3002 : Step(68): len = 191156, overlap = 149.812
PHY-3001 : :::2::: Try harder cell spreading with beta_ = 2.20043e-05
PHY-3002 : Step(69): len = 192366, overlap = 148.938
PHY-3002 : Step(70): len = 192501, overlap = 149.125
PHY-3002 : Step(71): len = 195821, overlap = 135.969
PHY-3002 : Step(72): len = 198253, overlap = 125.5
PHY-3002 : Step(73): len = 198921, overlap = 121.656
PHY-3002 : Step(74): len = 197478, overlap = 121.156
PHY-3002 : Step(75): len = 197343, overlap = 120.469
PHY-3002 : Step(76): len = 196146, overlap = 121.25
PHY-3001 : :::3::: Try harder cell spreading with beta_ = 4.40087e-05
PHY-3002 : Step(77): len = 195099, overlap = 120.594
PHY-3002 : Step(78): len = 195128, overlap = 120.438
PHY-3002 : Step(79): len = 195147, overlap = 120.812
PHY-3001 : :::4::: Try harder cell spreading with beta_ = 8.80174e-05
PHY-3002 : Step(80): len = 196247, overlap = 116.219
PHY-3002 : Step(81): len = 196743, overlap = 112.562
PHY-3002 : Step(82): len = 199714, overlap = 97.625
PHY-3002 : Step(83): len = 201452, overlap = 91.3125
PHY-3002 : Step(84): len = 197202, overlap = 93.2812
PHY-3002 : Step(85): len = 197093, overlap = 93.2812
PHY-3002 : Step(86): len = 195212, overlap = 92.5938
PHY-3001 : Run with size of 2
PHY-3001 : Cell area utilization is 22%
PHY-3001 : Update timing in Manhattan mode ...
TMR-2503 : Start to update net delay, extr mode = 3.
TMR-2504 : Update delay of 6462 nets completely.
TMR-2502 : Annotate delay completely, extr mode = 3.
TMR-3501 : Forward propagation: start to calculate arrival time...
TMR-3502 : Backward propagation: start to calculate required time...
TMR-3503 : Timing propagation completes.
PHY-3001 : End timing update;  0.140048s wall, 0.078125s user + 0.000000s system = 0.078125s CPU (55.8%)

PHY-3001 : :::0::: Try harder cell spreading with beta_ = 2.24791e-05
PHY-3002 : Step(87): len = 196058, overlap = 199.969
PHY-3002 : Step(88): len = 196329, overlap = 198.344
PHY-3002 : Step(89): len = 196481, overlap = 184.125
PHY-3002 : Step(90): len = 196722, overlap = 177.094
PHY-3002 : Step(91): len = 196976, overlap = 170.688
PHY-3001 : :::1::: Try harder cell spreading with beta_ = 4.49583e-05
PHY-3002 : Step(92): len = 196895, overlap = 170.938
PHY-3002 : Step(93): len = 197093, overlap = 171.094
PHY-3002 : Step(94): len = 197570, overlap = 169.188
PHY-3001 : :::2::: Try harder cell spreading with beta_ = 8.99166e-05
PHY-3002 : Step(95): len = 200574, overlap = 150.625
PHY-3002 : Step(96): len = 201313, overlap = 150.406
PHY-3002 : Step(97): len = 205351, overlap = 134.344
PHY-3002 : Step(98): len = 202092, overlap = 137.219
PHY-3002 : Step(99): len = 201764, overlap = 138.219
PHY-3002 : Step(100): len = 201292, overlap = 135.875
PHY-3001 : :::3::: Try harder cell spreading with beta_ = 0.000157082
PHY-3002 : Step(101): len = 204268, overlap = 131.219
PHY-3002 : Step(102): len = 206126, overlap = 125.312
PHY-3002 : Step(103): len = 208300, overlap = 110.5
PHY-3002 : Step(104): len = 206198, overlap = 115.125
PHY-3002 : Step(105): len = 206058, overlap = 115.906
PHY-3002 : Step(106): len = 204357, overlap = 116.219
PHY-3001 : :::4::: Try harder cell spreading with beta_ = 0.000314164
PHY-3002 : Step(107): len = 205958, overlap = 112.688
PHY-3002 : Step(108): len = 207106, overlap = 108.438
PHY-3002 : Step(109): len = 207975, overlap = 112.438
PHY-3001 : :::5::: Try harder cell spreading with beta_ = 0.000628327
PHY-3002 : Step(110): len = 208858, overlap = 100.875
PHY-3002 : Step(111): len = 210661, overlap = 95.375
PHY-3002 : Step(112): len = 211926, overlap = 94.9688
PHY-3001 : :::6::: Try harder cell spreading with beta_ = 0.00125665
PHY-3002 : Step(113): len = 212263, overlap = 96.2188
PHY-3002 : Step(114): len = 212424, overlap = 95.6562
PHY-3001 : :::7::: Try harder cell spreading with beta_ = 0.00213317
PHY-3002 : Step(115): len = 212722, overlap = 91.9688
PHY-3002 : Step(116): len = 212862, overlap = 89.9062
PHY-3002 : Step(117): len = 213955, overlap = 87.8438
PHY-3002 : Step(118): len = 214954, overlap = 86.7188
PHY-3002 : Step(119): len = 214925, overlap = 85.8438
OPT-1001 : Start physical optimization ...
RUN-1002 : start command "start_timer -report"
TMR-2505 : Start building timing graph for model sd_bmp_hdmi.
TMR-2506 : Build timing graph completely. Port num: 9, tpin num: 25359, tnet num: 6462, tinst num: 5463, tnode num: 34291, tedge num: 41477.
TMR-2508 : Levelizing timing graph completed, there are 29 levels in total.
TMR-2501 : Timing graph initialized successfully.
OPT-1001 : Total overflow 330.56 peak overflow 4.16
OPT-1001 : Start high-fanout net optimization ...
OPT-1001 : Update timing in global mode
PHY-1001 : Start incremental global routing, caller is place ...
RUN-1001 : Generating global routing grids ...
RUN-1001 : Building simple global routing graph ...
PHY-1001 : Generate routing nets ...
PHY-1001 : Reuse net number 0/6464.
PHY-1001 : Global iterations in 16 thread ...
PHY-1002 : len = 244392, over cnt = 928(2%), over = 3310, worst = 17
PHY-1001 : End global iterations;  0.362292s wall, 0.187500s user + 0.015625s system = 0.203125s CPU (56.1%)

PHY-1001 : Congestion index: top1 = 57.76, top5 = 42.24, top10 = 35.32, top15 = 30.88.
PHY-1001 : End incremental global routing;  0.466037s wall, 0.234375s user + 0.031250s system = 0.265625s CPU (57.0%)

TMR-2503 : Start to update net delay, extr mode = 5.
TMR-2504 : Update delay of 6462 nets completely.
TMR-2502 : Annotate delay completely, extr mode = 5.
TMR-3001 : Initiate 0 clocks from SDC.
TMR-3004 : Map sdc constraints, there are 8 constraints in total.
TMR-3003 : Constraints initiated successfully.
TMR-3501 : Forward propagation: start to calculate arrival time...
TMR-3502 : Backward propagation: start to calculate required time...
TMR-3503 : Timing propagation completes.
OPT-1001 : End timing update;  0.185653s wall, 0.156250s user + 0.015625s system = 0.171875s CPU (92.6%)

OPT-1001 : 0 high-fanout net processed.
OPT-1001 : End high-fanout net optimization;  0.775250s wall, 0.484375s user + 0.046875s system = 0.531250s CPU (68.5%)

OPT-1001 : Current memory(MB): used = 295, reserve = 261, peak = 295.
OPT-1001 : Start global optimization ...
OPT-1001 : Start congestion update ...
RUN-1001 : Generating global routing grids ...
PHY-1001 : Generate routing nets ...
PHY-1001 : Reuse net number 5075/6464.
PHY-1001 : Global iterations in 16 thread ...
PHY-1002 : len = 244392, over cnt = 928(2%), over = 3310, worst = 17
PHY-1002 : len = 259952, over cnt = 610(1%), over = 1531, worst = 14
PHY-1002 : len = 268200, over cnt = 247(0%), over = 613, worst = 14
PHY-1002 : len = 275912, over cnt = 11(0%), over = 20, worst = 3
PHY-1002 : len = 275952, over cnt = 0(0%), over = 0, worst = 0
PHY-1001 : End global iterations;  0.468892s wall, 0.187500s user + 0.000000s system = 0.187500s CPU (40.0%)

PHY-1001 : Congestion index: top1 = 47.05, top5 = 39.23, top10 = 34.15, top15 = 30.66.
OPT-1001 : End congestion update;  0.583274s wall, 0.234375s user + 0.000000s system = 0.234375s CPU (40.2%)

OPT-1001 : Update timing in Manhattan mode
TMR-2503 : Start to update net delay, extr mode = 3.
TMR-2504 : Update delay of 6462 nets completely.
TMR-2502 : Annotate delay completely, extr mode = 3.
TMR-3501 : Forward propagation: start to calculate arrival time...
TMR-3502 : Backward propagation: start to calculate required time...
TMR-3503 : Timing propagation completes.
OPT-1001 : End timing update;  0.125819s wall, 0.078125s user + 0.000000s system = 0.078125s CPU (62.1%)

OPT-0007 : Start: WNS 999120 TNS 0 NUM_FEPS 0
OPT-1001 : End global optimization;  0.709301s wall, 0.312500s user + 0.000000s system = 0.312500s CPU (44.1%)

OPT-1001 : Current memory(MB): used = 300, reserve = 266, peak = 300.
OPT-1001 : End physical optimization;  2.180934s wall, 1.375000s user + 0.062500s system = 1.437500s CPU (65.9%)

PHY-3001 : Start packing ...
SYN-4007 : Packing 0 MUX to BLE ...
SYN-4008 : Packed 0 MUX and 0 SEQ to BLE.
SYN-4007 : Packing 1696 LUT to BLE ...
SYN-4008 : Packed 1696 LUT and 1025 SEQ to BLE.
SYN-4003 : Packing 1779 remaining SEQ's ...
SYN-4005 : Packed 605 SEQ with LUT/SLICE
SYN-4006 : 232 single LUT's are left
SYN-4006 : 1174 single SEQ's are left
SYN-4011 : Packing model "sd_bmp_hdmi" (AL_USER_NORMAL) with 2870/3995 primitive instances ...
PHY-3001 : End packing;  0.257807s wall, 0.187500s user + 0.000000s system = 0.187500s CPU (72.7%)

PHY-1001 : Populate physical database on model sd_bmp_hdmi.
RUN-1001 : There are total 2497 instances
RUN-1001 : 1200 mslices, 1201 lslices, 71 pads, 16 brams, 0 dsps
RUN-1001 : There are total 5549 nets
RUN-1001 : 3502 nets have 2 pins
RUN-1001 : 1490 nets have [3 - 5] pins
RUN-1001 : 395 nets have [6 - 10] pins
RUN-1001 : 113 nets have [11 - 20] pins
RUN-1001 : 40 nets have [21 - 99] pins
RUN-1001 : 9 nets have 100+ pins
PHY-3001 : design contains 2495 instances, 2401 slices, 145 macros(869 instances: 605 mslices 264 lslices)
PHY-3001 : Cell area utilization is 30%
PHY-3001 : After packing: Len = 217349, Over = 145.25
PHY-3001 : Run with size of 2
PHY-3001 : Cell area utilization is 30%
PHY-3001 : Update timing in Manhattan mode ...
RUN-1002 : start command "start_timer -report"
TMR-2505 : Start building timing graph for model sd_bmp_hdmi.
TMR-2506 : Build timing graph completely. Port num: 9, tpin num: 20930, tnet num: 5547, tinst num: 2495, tnode num: 27164, tedge num: 35971.
TMR-2508 : Levelizing timing graph completed, there are 29 levels in total.
TMR-2501 : Timing graph initialized successfully.
TMR-2503 : Start to update net delay, extr mode = 3.
TMR-2504 : Update delay of 5547 nets completely.
TMR-2502 : Annotate delay completely, extr mode = 3.
TMR-3001 : Initiate 0 clocks from SDC.
TMR-3004 : Map sdc constraints, there are 8 constraints in total.
TMR-3003 : Constraints initiated successfully.
TMR-3501 : Forward propagation: start to calculate arrival time...
TMR-3502 : Backward propagation: start to calculate required time...
TMR-3503 : Timing propagation completes.
PHY-3001 : End timing update;  0.756781s wall, 0.562500s user + 0.000000s system = 0.562500s CPU (74.3%)

PHY-3001 : :::0::: Try harder cell spreading with beta_ = 2.43131e-05
PHY-3002 : Step(120): len = 213561, overlap = 144.75
PHY-3002 : Step(121): len = 212156, overlap = 147.25
PHY-3002 : Step(122): len = 208158, overlap = 156.75
PHY-3002 : Step(123): len = 205231, overlap = 158.25
PHY-3002 : Step(124): len = 203889, overlap = 163
PHY-3002 : Step(125): len = 201345, overlap = 166.25
PHY-3002 : Step(126): len = 199898, overlap = 165.25
PHY-3002 : Step(127): len = 198434, overlap = 167.75
PHY-3002 : Step(128): len = 198081, overlap = 167.5
PHY-3001 : :::1::: Try harder cell spreading with beta_ = 4.86262e-05
PHY-3002 : Step(129): len = 200004, overlap = 163
PHY-3002 : Step(130): len = 200593, overlap = 164.5
PHY-3002 : Step(131): len = 202693, overlap = 159.25
PHY-3002 : Step(132): len = 203631, overlap = 152
PHY-3002 : Step(133): len = 205070, overlap = 147.5
PHY-3001 : :::2::: Try harder cell spreading with beta_ = 9.72524e-05
PHY-3002 : Step(134): len = 208698, overlap = 139
PHY-3002 : Step(135): len = 209939, overlap = 138.25
PHY-3002 : Step(136): len = 212106, overlap = 129.75
PHY-3002 : Step(137): len = 213176, overlap = 119.5
PHY-3002 : Step(138): len = 213591, overlap = 114.75
PHY-3001 : Legalization ...
PHY-3001 : End legalization;  0.611353s wall, 0.093750s user + 0.062500s system = 0.156250s CPU (25.6%)

PHY-3001 : Trial Legalized: Len = 245549
PHY-3001 : Run with size of 2
PHY-3001 : Cell area utilization is 29%
PHY-3001 : Update timing in Manhattan mode ...
TMR-2503 : Start to update net delay, extr mode = 3.
TMR-2504 : Update delay of 5547 nets completely.
TMR-2502 : Annotate delay completely, extr mode = 3.
TMR-3501 : Forward propagation: start to calculate arrival time...
TMR-3502 : Backward propagation: start to calculate required time...
TMR-3503 : Timing propagation completes.
PHY-3001 : End timing update;  0.129744s wall, 0.093750s user + 0.000000s system = 0.093750s CPU (72.3%)

PHY-3001 : :::0::: Try harder cell spreading with beta_ = 0.000151357
PHY-3002 : Step(139): len = 232330, overlap = 14.75
PHY-3002 : Step(140): len = 224696, overlap = 41.25
PHY-3002 : Step(141): len = 221459, overlap = 46
PHY-3002 : Step(142): len = 219763, overlap = 53.25
PHY-3002 : Step(143): len = 219101, overlap = 55
PHY-3001 : :::1::: Try harder cell spreading with beta_ = 0.000302714
PHY-3002 : Step(144): len = 220327, overlap = 54.5
PHY-3002 : Step(145): len = 221122, overlap = 55.5
PHY-3002 : Step(146): len = 221613, overlap = 54.75
PHY-3001 : :::2::: Try harder cell spreading with beta_ = 0.000605427
PHY-3002 : Step(147): len = 222577, overlap = 53.5
PHY-3002 : Step(148): len = 223097, overlap = 51.75
PHY-3002 : Step(149): len = 224049, overlap = 47.75
PHY-3001 : Legalization ...
PHY-3001 : End legalization;  0.008140s wall, 0.015625s user + 0.000000s system = 0.015625s CPU (192.0%)

PHY-3001 : Legalized: Len = 235348, Over = 0
PHY-3001 : Spreading special nets. 33 overflows in 2952 tiles.
PHY-3001 : End spreading;  0.023175s wall, 0.015625s user + 0.000000s system = 0.015625s CPU (67.4%)

PHY-3001 : 49 instances has been re-located, deltaX = 14, deltaY = 23, maxDist = 2.
PHY-3001 : Final: Len = 235808, Over = 0
PHY-3001 : BANK 6 DIFFRESISTOR:NONE VOD:350M VCM:1.2
OPT-1001 : Start physical optimization ...
RUN-1002 : start command "start_timer -report"
TMR-2505 : Start building timing graph for model sd_bmp_hdmi.
TMR-2506 : Build timing graph completely. Port num: 9, tpin num: 20930, tnet num: 5547, tinst num: 2496, tnode num: 27164, tedge num: 35971.
TMR-2508 : Levelizing timing graph completed, there are 29 levels in total.
TMR-2501 : Timing graph initialized successfully.
OPT-1001 : Total overflow 0.00 peak overflow 0.00
OPT-1001 : Start high-fanout net optimization ...
OPT-1001 : Update timing in global mode
PHY-1001 : Start incremental global routing, caller is place ...
RUN-1001 : Generating global routing grids ...
PHY-1001 : Generate routing nets ...
PHY-1001 : Reuse net number 249/5549.
PHY-1001 : Global iterations in 16 thread ...
PHY-1002 : len = 269360, over cnt = 605(1%), over = 974, worst = 8
PHY-1002 : len = 273368, over cnt = 303(0%), over = 415, worst = 6
PHY-1002 : len = 276056, over cnt = 160(0%), over = 207, worst = 4
PHY-1002 : len = 278304, over cnt = 6(0%), over = 6, worst = 1
PHY-1002 : len = 278368, over cnt = 0(0%), over = 0, worst = 0
PHY-1001 : End global iterations;  0.747297s wall, 0.406250s user + 0.015625s system = 0.421875s CPU (56.5%)

PHY-1001 : Congestion index: top1 = 38.90, top5 = 33.45, top10 = 29.45, top15 = 26.96.
PHY-1001 : End incremental global routing;  0.903151s wall, 0.531250s user + 0.015625s system = 0.546875s CPU (60.6%)

TMR-2503 : Start to update net delay, extr mode = 5.
TMR-2504 : Update delay of 5547 nets completely.
TMR-2502 : Annotate delay completely, extr mode = 5.
TMR-3001 : Initiate 0 clocks from SDC.
TMR-3004 : Map sdc constraints, there are 8 constraints in total.
TMR-3003 : Constraints initiated successfully.
TMR-3501 : Forward propagation: start to calculate arrival time...
TMR-3502 : Backward propagation: start to calculate required time...
TMR-3503 : Timing propagation completes.
OPT-1001 : End timing update;  0.148289s wall, 0.093750s user + 0.000000s system = 0.093750s CPU (63.2%)

OPT-1001 : 0 high-fanout net processed.
OPT-1001 : End high-fanout net optimization;  1.150707s wall, 0.671875s user + 0.015625s system = 0.687500s CPU (59.7%)

OPT-1001 : Current memory(MB): used = 306, reserve = 274, peak = 306.
OPT-1001 : Start path based optimization ...
OPT-1001 : Start congestion update ...
RUN-1001 : Generating global routing grids ...
PHY-1001 : Generate routing nets ...
PHY-1001 : Reuse net number 4839/5549.
PHY-1001 : Global iterations in 16 thread ...
PHY-1002 : len = 278368, over cnt = 0(0%), over = 0, worst = 0
PHY-1001 : End global iterations;  0.036021s wall, 0.031250s user + 0.000000s system = 0.031250s CPU (86.8%)

PHY-1001 : Congestion index: top1 = 38.90, top5 = 33.45, top10 = 29.45, top15 = 26.96.
OPT-1001 : End congestion update;  0.172256s wall, 0.140625s user + 0.000000s system = 0.140625s CPU (81.6%)

OPT-1001 : Update timing in Manhattan mode
TMR-2503 : Start to update net delay, extr mode = 3.
TMR-2504 : Update delay of 5547 nets completely.
TMR-2502 : Annotate delay completely, extr mode = 3.
TMR-3501 : Forward propagation: start to calculate arrival time...
TMR-3502 : Backward propagation: start to calculate required time...
TMR-3503 : Timing propagation completes.
OPT-1001 : End timing update;  0.119638s wall, 0.109375s user + 0.000000s system = 0.109375s CPU (91.4%)

OPT-0007 : Start: WNS 998995 TNS 0 NUM_FEPS 0
OPT-1001 : End path based optimization;  0.292145s wall, 0.250000s user + 0.000000s system = 0.250000s CPU (85.6%)

OPT-1001 : Current memory(MB): used = 308, reserve = 276, peak = 308.
OPT-1001 : Update timing in Manhattan mode
TMR-2503 : Start to update net delay, extr mode = 3.
TMR-2504 : Update delay of 5547 nets completely.
TMR-2502 : Annotate delay completely, extr mode = 3.
TMR-3501 : Forward propagation: start to calculate arrival time...
TMR-3502 : Backward propagation: start to calculate required time...
TMR-3503 : Timing propagation completes.
OPT-1001 : End timing update;  0.109814s wall, 0.109375s user + 0.000000s system = 0.109375s CPU (99.6%)

OPT-1001 : Start pin optimization...
OPT-1001 : skip pin optimization...
RUN-1001 : Generating global routing grids ...
PHY-1001 : Generate routing nets ...
PHY-1001 : Reuse net number 4839/5549.
PHY-1001 : Global iterations in 16 thread ...
PHY-1002 : len = 278368, over cnt = 0(0%), over = 0, worst = 0
PHY-1001 : End global iterations;  0.030063s wall, 0.031250s user + 0.000000s system = 0.031250s CPU (103.9%)

PHY-1001 : Congestion index: top1 = 38.90, top5 = 33.45, top10 = 29.45, top15 = 26.96.
OPT-1001 : Update timing in Manhattan mode
TMR-2503 : Start to update net delay, extr mode = 3.
TMR-2504 : Update delay of 5547 nets completely.
TMR-2502 : Annotate delay completely, extr mode = 3.
TMR-3501 : Forward propagation: start to calculate arrival time...
TMR-3502 : Backward propagation: start to calculate required time...
TMR-3503 : Timing propagation completes.
OPT-1001 : End timing update;  0.105525s wall, 0.109375s user + 0.000000s system = 0.109375s CPU (103.6%)

RUN-1001 : QoR Analysis:
OPT-0007 :   WNS 998995 TNS 0 NUM_FEPS 0
RUN-1001 :   No local congestion issue, and most congested 1% tile average routing util is 38.551724
RUN-1001 :   Top critical paths
OPT-1001 : End physical optimization;  2.627204s wall, 1.765625s user + 0.015625s system = 1.781250s CPU (67.8%)

RUN-1003 : finish command "place" in  14.219519s wall, 8.234375s user + 2.046875s system = 10.281250s CPU (72.3%)

RUN-1004 : used memory is 293 MB, reserved memory is 259 MB, peak memory is 309 MB
RUN-1002 : start command "export_db SD-SDRAM-ISP-HDMI_place.db"
RUN-1001 : Exported /
RUN-1001 : Exported flow parameters
RUN-1001 : Exported libs
RUN-1001 : Exported entities
RUN-1001 : Exported ports
RUN-1001 : Exported pins
RUN-1001 : Exported instances
RUN-1001 : Exported nets
RUN-1001 : Exported buses
RUN-1001 : Exported models
RUN-1001 : Exported congestions
RUN-1001 : Exported violations
RUN-1001 : Exported timing constraints
RUN-1001 : Exported IO constraints
RUN-1001 : Exported Inst constraints
RUN-1001 : Exported ChipWatcher
RUN-1002 : start command "route"
RUN-1001 : Open license file F:/ARMChina/license/Anlogic.lic
RUN-1001 : Print Global Property
RUN-1001 : ---------------------------------------------------------------
RUN-1001 :        Parameters        |  Settings  |  Default Values  |  Note  
RUN-1001 : ---------------------------------------------------------------
RUN-1001 :          message         |  standard  |     standard     |        
RUN-1001 :   mixed_pack_place_flow  |     on     |        on        |        
RUN-1001 :        qor_monitor       |    off     |       off        |        
RUN-1001 :        syn_ip_flow       |    off     |       off        |        
RUN-1001 :          thread          |    auto    |       auto       |        
RUN-1001 : ---------------------------------------------------------------
RUN-1001 : Print Route Property
RUN-1001 : -------------------------------------------------------
RUN-1001 :    Parameters    |  Settings  |  Default Values  |  Note  
RUN-1001 : -------------------------------------------------------
RUN-1001 :      effort      |   medium   |      medium      |        
RUN-1001 :     fix_hold     |    off     |       off        |        
RUN-1001 :    opt_timing    |   medium   |      medium      |        
RUN-1001 :   phy_sim_model  |    off     |       off        |        
RUN-1001 :     priority     |   timing   |      timing      |        
RUN-1001 :     swap_pin     |     on     |        on        |        
RUN-1001 : -------------------------------------------------------
PHY-1001 : Route runs in 16 thread(s)
RUN-1001 : There are total 2498 instances
RUN-1001 : 1200 mslices, 1201 lslices, 71 pads, 16 brams, 0 dsps
RUN-1001 : There are total 5549 nets
RUN-1001 : 3502 nets have 2 pins
RUN-1001 : 1490 nets have [3 - 5] pins
RUN-1001 : 395 nets have [6 - 10] pins
RUN-1001 : 113 nets have [11 - 20] pins
RUN-1001 : 40 nets have [21 - 99] pins
RUN-1001 : 9 nets have 100+ pins
RUN-1002 : start command "start_timer -report"
TMR-2505 : Start building timing graph for model sd_bmp_hdmi.
TMR-2506 : Build timing graph completely. Port num: 9, tpin num: 20930, tnet num: 5547, tinst num: 2496, tnode num: 27164, tedge num: 35971.
TMR-2508 : Levelizing timing graph completed, there are 29 levels in total.
TMR-2501 : Timing graph initialized successfully.
PHY-1001 : 1200 mslices, 1201 lslices, 71 pads, 16 brams, 0 dsps
TMR-2503 : Start to update net delay, extr mode = 3.
TMR-2504 : Update delay of 5547 nets completely.
TMR-2502 : Annotate delay completely, extr mode = 3.
TMR-3001 : Initiate 0 clocks from SDC.
TMR-3004 : Map sdc constraints, there are 8 constraints in total.
TMR-3003 : Constraints initiated successfully.
TMR-3501 : Forward propagation: start to calculate arrival time...
TMR-3502 : Backward propagation: start to calculate required time...
TMR-3503 : Timing propagation completes.
PHY-1001 : Start global routing, caller is route ...
RUN-1001 : Generating global routing grids ...
PHY-1001 : Generate routing nets ...
PHY-1001 : Global iterations in 16 thread ...
PHY-1002 : len = 266512, over cnt = 608(1%), over = 987, worst = 6
PHY-1002 : len = 271024, over cnt = 314(0%), over = 425, worst = 6
PHY-1002 : len = 274360, over cnt = 107(0%), over = 143, worst = 5
PHY-1002 : len = 276096, over cnt = 0(0%), over = 0, worst = 0
PHY-1001 : End global iterations;  0.684180s wall, 0.265625s user + 0.000000s system = 0.265625s CPU (38.8%)

PHY-1001 : Congestion index: top1 = 38.92, top5 = 33.20, top10 = 29.38, top15 = 26.83.
PHY-1001 : End global routing;  0.808209s wall, 0.343750s user + 0.000000s system = 0.343750s CPU (42.5%)

PHY-1001 : Start detail routing ...
PHY-1001 : Current memory(MB): used = 340, reserve = 308, peak = 344.
PHY-1001 : Detailed router is running in normal mode.
PHY-1001 : Generate detailed routing grids ...
PHY-1001 : Generate nets ...
PHY-1001 : net sys_clk_dup_1 will be routed on clock mesh
PHY-1001 : clock net u_clk_wiz_1/clk0_out will be merged with clock u_clk_wiz_1/clk0_buf
PHY-1001 : net u_ddr3_top/clk_sdram will be routed on clock mesh
PHY-1001 : clock net u_ddr3_top/u_sdram_fifo_ctrl/clk_ref will be merged with clock u_clk_wiz_0/clk0_buf
PHY-1001 : net u_ddr3_top/u_sdram_fifo_ctrl/wrfifo/clkw will be routed on clock mesh
PHY-1001 : net u_hdmi_top/bnr/pclk will be routed on clock mesh
PHY-1001 : clock net config_inst_syn_10 will be merged with clock config_inst_syn_9
PHY-1001 : clock net u_sd_ctrl_top/u_sd_init/div_clk_syn_4 will be merged with clock u_sd_ctrl_top/u_sd_init/div_clk
PHY-1001 : net u_sd_ctrl_top/u_sd_read/clk_ref_180deg will be routed on clock mesh
PHY-1001 : Current memory(MB): used = 591, reserve = 564, peak = 591.
PHY-1001 : End build detailed router design. 4.405465s wall, 2.859375s user + 0.062500s system = 2.921875s CPU (66.3%)

PHY-1001 : Detail Route ...
PHY-1001 : ===== Detail Route Phase 1 =====
PHY-1001 : Clock net routing.....
PHY-1001 : Routed 0% nets.
PHY-1022 : len = 88808, over cnt = 1(0%), over = 1, worst = 1, crit = 0
PHY-1001 : End initial clock net routed; 4.323686s wall, 3.046875s user + 0.000000s system = 3.046875s CPU (70.5%)

PHY-1001 : Ripup-reroute.....
PHY-1001 : ===== DR Iter 1 =====
PHY-1022 : len = 88808, over cnt = 0(0%), over = 0, worst = 0, crit = 0
PHY-1001 : End DR Iter 1; 0.544885s wall, 0.468750s user + 0.000000s system = 0.468750s CPU (86.0%)

PHY-1001 : Current memory(MB): used = 626, reserve = 599, peak = 626.
PHY-1001 : End phase 1; 4.878063s wall, 3.515625s user + 0.000000s system = 3.515625s CPU (72.1%)

PHY-1001 : ===== Detail Route Phase 2 =====
PHY-1001 : Initial routing.....
PHY-1001 : Routed 36% nets.
PHY-1001 : Routed 44% nets.
PHY-1001 : Routed 53% nets.
PHY-1001 : Routed 66% nets.
PHY-1001 : Routed 86% nets.
PHY-1022 : len = 701200, over cnt = 118(0%), over = 118, worst = 1, crit = 0
PHY-1001 : Current memory(MB): used = 627, reserve = 600, peak = 627.
PHY-1001 : End initial routed; 13.265768s wall, 9.484375s user + 0.078125s system = 9.562500s CPU (72.1%)

PHY-1001 : Update timing.....
PHY-1001 : 0/4811(0%) critical/total net(s).
RUN-1001 : ------------------------------------------
RUN-1001 :   Type   |    WNS(ns)    |  TNS(ns)  |  FEP  
RUN-1001 : ------------------------------------------
RUN-1001 :   Setup  |    998.546    |   0.000   |   0   
RUN-1001 :   Hold   |  2147483.647  |   0.000   |   0   
RUN-1001 : ------------------------------------------
PHY-1001 : End update timing; 0.934308s wall, 0.843750s user + 0.000000s system = 0.843750s CPU (90.3%)

PHY-1001 : Current memory(MB): used = 634, reserve = 607, peak = 634.
PHY-1001 : End phase 2; 14.200281s wall, 10.328125s user + 0.078125s system = 10.406250s CPU (73.3%)

PHY-1001 : ===== Detail Route Phase 3 =====
PHY-1001 : Optimize timing.....
PHY-1022 : len = 701200, over cnt = 118(0%), over = 118, worst = 1, crit = 0
PHY-1001 : End optimize timing; 0.022946s wall, 0.015625s user + 0.000000s system = 0.015625s CPU (68.1%)

PHY-1001 : Ripup-reroute.....
PHY-1001 : ===== DR Iter 1 =====
PHY-1022 : len = 700384, over cnt = 26(0%), over = 26, worst = 1, crit = 0
PHY-1001 : End DR Iter 1; 0.104583s wall, 0.078125s user + 0.015625s system = 0.093750s CPU (89.6%)

PHY-1001 : ===== DR Iter 2 =====
PHY-1022 : len = 700480, over cnt = 11(0%), over = 11, worst = 1, crit = 0
PHY-1001 : End DR Iter 2; 0.053002s wall, 0.031250s user + 0.000000s system = 0.031250s CPU (59.0%)

PHY-1001 : ===== DR Iter 3 =====
PHY-1022 : len = 700432, over cnt = 0(0%), over = 0, worst = 0, crit = 0
PHY-1001 : End DR Iter 3; 0.054784s wall, 0.031250s user + 0.000000s system = 0.031250s CPU (57.0%)

PHY-1001 : Update timing.....
PHY-1001 : 0/4811(0%) critical/total net(s).
RUN-1001 : ------------------------------------------
RUN-1001 :   Type   |    WNS(ns)    |  TNS(ns)  |  FEP  
RUN-1001 : ------------------------------------------
RUN-1001 :   Setup  |    998.546    |   0.000   |   0   
RUN-1001 :   Hold   |  2147483.647  |   0.000   |   0   
RUN-1001 : ------------------------------------------
PHY-1001 : End update timing; 0.978638s wall, 0.812500s user + 0.000000s system = 0.812500s CPU (83.0%)

PHY-1001 : Commit to database.....
PHY-1001 : 16 feed throughs used by 15 nets
PHY-1001 : End commit to database; 0.597918s wall, 0.484375s user + 0.000000s system = 0.484375s CPU (81.0%)

PHY-1001 : Current memory(MB): used = 665, reserve = 639, peak = 665.
PHY-1001 : End phase 3; 1.981605s wall, 1.609375s user + 0.015625s system = 1.625000s CPU (82.0%)

PHY-1003 : Routed, final wirelength = 700432
PHY-1001 : Current memory(MB): used = 666, reserve = 640, peak = 666.
PHY-1001 : End export database. 0.023474s wall, 0.015625s user + 0.000000s system = 0.015625s CPU (66.6%)

PHY-1001 : End detail routing;  25.754633s wall, 18.562500s user + 0.171875s system = 18.734375s CPU (72.7%)

RUN-1003 : finish command "route" in  27.456706s wall, 19.515625s user + 0.187500s system = 19.703125s CPU (71.8%)

RUN-1004 : used memory is 604 MB, reserved memory is 577 MB, peak memory is 666 MB
RUN-1002 : start command "report_area -io_info -file SD-SDRAM-ISP-HDMI_phy.area"
RUN-1001 : standard
***Report Model: sd_bmp_hdmi Device: EG4S20BG256***

IO Statistics
#IO                        12
  #input                    5
  #output                   7
  #inout                    0

Utilization Statistics
#lut                     3486   out of  19600   17.79%
#reg                     2809   out of  19600   14.33%
#le                      4660
  #lut only              1851   out of   4660   39.72%
  #reg only              1174   out of   4660   25.19%
  #lut&reg               1635   out of   4660   35.09%
#dsp                        0   out of     29    0.00%
#bram                       6   out of     64    9.38%
  #bram9k                   6
  #fifo9k                   0
#bram32k                   10   out of     16   62.50%
#pad                       16   out of    188    8.51%
  #ireg                     0
  #oreg                     4
  #treg                     0
#pll                        2   out of      4   50.00%
#gclk                       4   out of     16   25.00%

Clock Resource Statistics
Index     ClockNet                                    Type               DriverType         Driver                                          Fanout
#1        u_hdmi_top/bnr/pclk                         GCLK               pll                u_clk_wiz_1/pll_inst.clkc1                      969
#2        u_clk_wiz_0/clk0_buf                        GCLK               pll                u_clk_wiz_0/pll_inst.clkc0                      173
#3        u_ddr3_top/u_sdram_fifo_ctrl/wrfifo/clkw    GCLK               pll                u_clk_wiz_0/pll_inst.clkc3                      161
#4        config_inst_syn_9                           GCLK               config             config_inst.jtck                                119
#5        sys_clk_dup_1                               GCLK               io                 sys_clk_syn_2.di                                69
#6        u_sd_ctrl_top/u_sd_init/div_clk             GCLK               mslice             u_sd_ctrl_top/u_sd_init/div_clk_reg_syn_9.q0    64
#7        u_clk_wiz_1/clk0_buf                        GCLK               pll                u_clk_wiz_1/pll_inst.clkc0                      38
#8        u_sd_ctrl_top/u_sd_read/clk_ref_180deg      GCLK               pll                u_clk_wiz_0/pll_inst.clkc4                      25
#9        u_ddr3_top/clk_sdram                        GCLK               pll                u_clk_wiz_0/pll_inst.clkc1                      0


Detailed IO Report

        Name           Direction    Location    IOStandard    DriveStrength    PullType    PackReg  
       sd_miso           INPUT        D14        LVCMOS33          N/A          PULLUP      NONE    
   switch_video[1]       INPUT        B10        LVCMOS33          N/A          PULLUP      NONE    
   switch_video[0]       INPUT        A10        LVCMOS33          N/A          PULLUP      NONE    
       sys_clk           INPUT         R7        LVCMOS33          N/A          PULLUP      NONE    
      sys_rst_n          INPUT         A9        LVCMOS33          N/A          PULLUP      NONE    
       sd_clk           OUTPUT        F15        LVCMOS33           8            NONE       NONE    
        sd_cs           OUTPUT        F13        LVCMOS33           8            NONE       NONE    
       sd_mosi          OUTPUT        F14        LVCMOS33           8            NONE       NONE    
     tmds_clk_p         OUTPUT         P1         LVDS33           NA            NONE      ODDRX1   
    tmds_clk_p(n)       OUTPUT         R1         LVDS33           NA            NONE      ODDRX1   
   tmds_data_p[2]       OUTPUT         J3         LVDS33           NA            NONE      ODDRX1   
  tmds_data_p[2](n)     OUTPUT         J4         LVDS33           NA            NONE      ODDRX1   
   tmds_data_p[1]       OUTPUT         P4         LVDS33           NA            NONE      ODDRX1   
  tmds_data_p[1](n)     OUTPUT         N4         LVDS33           NA            NONE      ODDRX1   
   tmds_data_p[0]       OUTPUT         N1         LVDS33           NA            NONE      ODDRX1   
  tmds_data_p[0](n)     OUTPUT         M1         LVDS33           NA            NONE      ODDRX1   
       dq[23]            INPUT        S31        LVCMOS25           8           PULLUP      NONE    
       dq[22]            INPUT        S32        LVCMOS25           8           PULLUP      NONE    
       dq[21]            INPUT        S35        LVCMOS25           8           PULLUP      NONE    
       dq[20]            INPUT        S36        LVCMOS25           8           PULLUP      NONE    
       dq[19]            INPUT        S37        LVCMOS25           8           PULLUP      NONE    
       dq[18]            INPUT        S38        LVCMOS25           8           PULLUP      NONE    
       dq[17]            INPUT        S41        LVCMOS25           8           PULLUP      NONE    
       dq[16]            INPUT        S42        LVCMOS25           8           PULLUP      NONE    
       dq[31]            INPUT        S48        LVCMOS25           8           PULLUP      NONE    
       dq[30]            INPUT        S49        LVCMOS25           8           PULLUP      NONE    
       dq[29]            INPUT        S52        LVCMOS25           8           PULLUP      NONE    
       dq[28]            INPUT        S53        LVCMOS25           8           PULLUP      NONE    
       dq[27]            INPUT        S54        LVCMOS25           8           PULLUP      NONE    
       dq[26]            INPUT        S55        LVCMOS25           8           PULLUP      NONE    
       dq[25]            INPUT        S58        LVCMOS25           8           PULLUP      NONE    
       dq[24]            INPUT        S59        LVCMOS25           8           PULLUP      NONE    
         dm0            OUTPUT        S14        LVCMOS25           8            NONE       NONE    
         cke            OUTPUT        S18        LVCMOS25           8            NONE       OREG    
        we_n            OUTPUT        S19        LVCMOS25           8            NONE       OREG    
        cas_n           OUTPUT        S20        LVCMOS25           8            NONE       OREG    
        ras_n           OUTPUT        S21        LVCMOS25           8            NONE       OREG    
        cs_n            OUTPUT        S22        LVCMOS25           8            NONE       OREG    
       addr[9]          OUTPUT        S23        LVCMOS25           8            NONE       OREG    
       addr[8]          OUTPUT        S24        LVCMOS25           8            NONE       OREG    
       addr[7]          OUTPUT        S25        LVCMOS25           8            NONE       OREG    
       addr[6]          OUTPUT        S26        LVCMOS25           8            NONE       OREG    
       addr[5]          OUTPUT        S27        LVCMOS25           8            NONE       OREG    
       addr[4]          OUTPUT        S28        LVCMOS25           8            NONE       OREG    
         dm2            OUTPUT        S29        LVCMOS25           8            NONE       NONE    
         dm3            OUTPUT        S61        LVCMOS25           8            NONE       NONE    
       addr[3]          OUTPUT        S64        LVCMOS25           8            NONE       OREG    
       addr[2]          OUTPUT        S65        LVCMOS25           8            NONE       OREG    
       addr[1]          OUTPUT        S66        LVCMOS25           8            NONE       OREG    
       addr[0]          OUTPUT        S67        LVCMOS25           8            NONE       OREG    
      addr[10]          OUTPUT        S68        LVCMOS25           8            NONE       OREG    
        ba[0]           OUTPUT        S69        LVCMOS25           8            NONE       OREG    
        ba[1]           OUTPUT        S70        LVCMOS25           8            NONE       OREG    
         clk            OUTPUT        S73        LVCMOS25           8            NONE       NONE    
         dm1            OUTPUT        S76        LVCMOS25           8            NONE       NONE    
        dq[0]            INOUT         S1        LVCMOS25           8           PULLUP      IREG    
        dq[6]            INOUT        S11        LVCMOS25           8           PULLUP      IREG    
        dq[7]            INOUT        S12        LVCMOS25           8           PULLUP      IREG    
        dq[1]            INOUT         S2        LVCMOS25           8           PULLUP      IREG    
        dq[2]            INOUT         S5        LVCMOS25           8           PULLUP      IREG    
        dq[3]            INOUT         S6        LVCMOS25           8           PULLUP      IREG    
        dq[4]            INOUT         S7        LVCMOS25           8           PULLUP      IREG    
        dq[8]            INOUT        S78        LVCMOS25           8           PULLUP      IREG    
        dq[9]            INOUT        S79        LVCMOS25           8           PULLUP      IREG    
        dq[5]            INOUT         S8        LVCMOS25           8           PULLUP      IREG    
       dq[10]            INOUT        S82        LVCMOS25           8           PULLUP      IREG    
       dq[11]            INOUT        S83        LVCMOS25           8           PULLUP      IREG    
       dq[12]            INOUT        S84        LVCMOS25           8           PULLUP      IREG    
       dq[13]            INOUT        S85        LVCMOS25           8           PULLUP      IREG    
       dq[14]            INOUT        S88        LVCMOS25           8           PULLUP      IREG    
       dq[15]            INOUT        S89        LVCMOS25           8           PULLUP      IREG    

Report Hierarchy Area:
+-------------------------------------------------------------------------------------------------------------------------------------+
|Instance                            |Module                                     |le     |lut     |ripple  |seq     |bram    |dsp     |
+-------------------------------------------------------------------------------------------------------------------------------------+
|top                                 |sd_bmp_hdmi                                |4660   |2617    |869     |2813    |16      |0       |
|  u_clk_wiz_0                       |PLL                                        |0      |0       |0       |0       |0       |0       |
|  u_clk_wiz_1                       |PLL_hdmi                                   |0      |0       |0       |0       |0       |0       |
|  u_ddr3_top                        |ddr3_top1                                  |581    |353     |100     |360     |2       |0       |
|    physica_sdram                   |SDRAM                                      |0      |0       |0       |0       |0       |0       |
|    u_sdram_controller              |sdram_controller                           |206    |148     |40      |92      |0       |0       |
|      u_sdram_cmd                   |sdram_cmd                                  |41     |41      |0       |18      |0       |0       |
|      u_sdram_ctrl                  |sdram_ctrl                                 |148    |106     |40      |57      |0       |0       |
|      u_sdram_data                  |sdram_data                                 |17     |1       |0       |17      |0       |0       |
|    u_sdram_fifo_ctrl               |sdram_fifo_ctrl                            |375    |205     |60      |268     |2       |0       |
|      rdfifo                        |SOFTFIFO                                   |142    |77      |18      |115     |1       |0       |
|        ram_inst                    |ram_infer_SOFTFIFO                         |14     |0       |0       |14      |1       |0       |
|        rd_to_wr_cross_inst         |fifo_cross_domain_addr_process_al_SOFTFIFO |36     |20      |0       |36      |0       |0       |
|        wr_to_rd_cross_inst         |fifo_cross_domain_addr_process_al_SOFTFIFO |34     |26      |0       |34      |0       |0       |
|      wrfifo                        |SOFTFIFO                                   |147    |69      |18      |121     |1       |0       |
|        ram_inst                    |ram_infer_SOFTFIFO                         |14     |1       |0       |14      |1       |0       |
|        rd_to_wr_cross_inst         |fifo_cross_domain_addr_process_al_SOFTFIFO |38     |17      |0       |38      |0       |0       |
|        wr_to_rd_cross_inst         |fifo_cross_domain_addr_process_al_SOFTFIFO |40     |20      |0       |40      |0       |0       |
|  u_hdmi_top                        |hdmi_top1                                  |2959   |1491    |567     |1767    |8       |0       |
|    bnr                             |isp_bnr                                    |594    |121     |63      |488     |4       |0       |
|      linebuffer                    |shift_register                             |59     |35      |16      |29      |4       |0       |
|        gen_ram_inst[0]$u_ram       |simple_dp_ram                              |0      |0       |0       |0       |1       |0       |
|        gen_ram_inst[1]$u_ram       |simple_dp_ram                              |0      |0       |0       |0       |1       |0       |
|        gen_ram_inst[2]$u_ram       |simple_dp_ram                              |0      |0       |0       |0       |1       |0       |
|        gen_ram_inst[3]$u_ram       |simple_dp_ram                              |4      |4       |0       |0       |1       |0       |
|    dpc                             |isp_dpc                                    |1906   |1028    |407     |1100    |4       |0       |
|      linebuffer                    |shift_register                             |59     |29      |16      |28      |4       |0       |
|        gen_ram_inst[0]$u_ram       |simple_dp_ram                              |0      |0       |0       |0       |1       |0       |
|        gen_ram_inst[1]$u_ram       |simple_dp_ram                              |0      |0       |0       |0       |1       |0       |
|        gen_ram_inst[2]$u_ram       |simple_dp_ram                              |0      |0       |0       |0       |1       |0       |
|        gen_ram_inst[3]$u_ram       |simple_dp_ram                              |2      |2       |0       |1       |1       |0       |
|    u3_hdmi_tx                      |hdmi_tx                                    |309    |253     |36      |155     |0       |0       |
|      Inst_DVITransmitter           |DVITransmitter                             |309    |253     |36      |155     |0       |0       |
|        Inst_TMDSEncoder_blue       |TMDSEncoder                                |88     |75      |12      |32      |0       |0       |
|        Inst_TMDSEncoder_green      |TMDSEncoder                                |85     |72      |12      |35      |0       |0       |
|        Inst_TMDSEncoder_red        |TMDSEncoder                                |86     |74      |12      |38      |0       |0       |
|        Inst_blue_serializer_10_1   |Serial_N_1_lvds_dat                        |20     |15      |0       |20      |0       |0       |
|        Inst_clk_serializer_10_1    |Serial_N_1_lvds                            |7      |2       |0       |7       |0       |0       |
|        Inst_green_serializer_10_1  |Serial_N_1_lvds_dat                        |9      |5       |0       |9       |0       |0       |
|        Inst_red_serializer_10_1    |Serial_N_1_lvds_dat                        |14     |10      |0       |14      |0       |0       |
|    u_video_driver                  |video_driver                               |150    |89      |61      |24      |0       |0       |
|  u_sd_ctrl_top                     |sd_ctrl_top                                |335    |265     |45      |214     |0       |0       |
|    u_sd_init                       |sd_init                                    |185    |152     |30      |110     |0       |0       |
|    u_sd_read                       |sd_read                                    |150    |113     |15      |104     |0       |0       |
|  u_sd_read_photo                   |read_rawdata                               |302    |222     |72      |160     |0       |0       |
|  cw_top                            |CW_TOP_WRAPPER                             |481    |284     |85      |307     |0       |0       |
|    wrapper_cwc_top                 |cwc_top                                    |481    |284     |85      |307     |0       |0       |
|      cfg_int_inst                  |cwc_cfg_int                                |212    |106     |0       |198     |0       |0       |
|        reg_inst                    |register                                   |209    |103     |0       |195     |0       |0       |
|        tap_inst                    |tap                                        |3      |3       |0       |3       |0       |0       |
|      trigger_inst                  |trigger                                    |269    |178     |85      |109     |0       |0       |
|        bus_inst                    |bus_top                                    |66     |41      |24      |21      |0       |0       |
|          BUS_DETECTOR[1]$bus_nodes |bus_det                                    |2      |2       |0       |2       |0       |0       |
|          BUS_DETECTOR[2]$bus_nodes |bus_det                                    |2      |2       |0       |2       |0       |0       |
|          BUS_DETECTOR[4]$bus_nodes |bus_det                                    |49     |30      |18      |16      |0       |0       |
|          BUS_DETECTOR[5]$bus_nodes |bus_det                                    |13     |7       |6       |1       |0       |0       |
|        emb_ctrl_inst               |emb_ctrl                                   |107    |78      |29      |55      |0       |0       |
+-------------------------------------------------------------------------------------------------------------------------------------+


DataNet Average Fanout:

   Index     Fanout     Nets  
    #1          1       3489  
    #2          2       964   
    #3          3       374   
    #4          4       152   
    #5        5-10      406   
    #6        11-50     134   
    #7       51-100      4    
    #8       101-500     2    
    #9        >500       1    
  Average     2.49            

RUN-1002 : start command "export_db SD-SDRAM-ISP-HDMI_pr.db"
RUN-1001 : Exported /
RUN-1001 : Exported flow parameters
RUN-1001 : Exported libs
RUN-1001 : Exported entities
RUN-1001 : Exported ports
RUN-1001 : Exported pins
RUN-1001 : Exported instances
RUN-1001 : Exported nets
RUN-1001 : Exported buses
RUN-1001 : Exported models
RUN-1001 : Exported congestions
RUN-1001 : Exported violations
RUN-1001 : Exported timing constraints
RUN-1001 : Exported IO constraints
RUN-1001 : Exported Inst constraints
RUN-1001 : Exported ChipWatcher
RUN-1002 : start command "start_timer"
TMR-2505 : Start building timing graph for model sd_bmp_hdmi.
TMR-2506 : Build timing graph completely. Port num: 9, tpin num: 20930, tnet num: 5547, tinst num: 2496, tnode num: 27164, tedge num: 35971.
TMR-2508 : Levelizing timing graph completed, there are 29 levels in total.
TMR-2501 : Timing graph initialized successfully.
RUN-1002 : start command "report_timing -mode FINAL -net_info -rpt_autogen true -file SD-SDRAM-ISP-HDMI_phy.timing"
TMR-2503 : Start to update net delay, extr mode = 6.
TMR-2504 : Update delay of 5547 nets completely.
TMR-2502 : Annotate delay completely, extr mode = 6.
TMR-3001 : Initiate 0 clocks from SDC.
TMR-3004 : Map sdc constraints, there are 8 constraints in total.
TMR-3003 : Constraints initiated successfully.
TMR-3501 : Forward propagation: start to calculate arrival time...
TMR-3502 : Backward propagation: start to calculate required time...
TMR-3503 : Timing propagation completes.
TMR-3506 : Start to generate timing report.
TMR-1502 : Number of clock constraints = 0. Number of clock nets = 9 (9 unconstrainted).
TMR-5009 WARNING: No clock constraint on 9 clock net(s): 
		config_inst_syn_10
		sys_clk_dup_1
		u_clk_wiz_1/clk0_out
		u_ddr3_top/clk_sdram
		u_ddr3_top/u_sdram_fifo_ctrl/clk_ref
		u_ddr3_top/u_sdram_fifo_ctrl/wrfifo/clkw
		u_hdmi_top/bnr/pclk
		u_sd_ctrl_top/u_sd_init/div_clk_syn_4
		u_sd_ctrl_top/u_sd_read/clk_ref_180deg
USR-6122 CRITICAL-WARNING: No clock constraint on PLL u_clk_wiz_0/pll_inst
USR-6122 CRITICAL-WARNING: No clock constraint on PLL u_clk_wiz_1/pll_inst
TMR-3508 : Export timing summary.
TMR-3507 : Timing report generated successfully in SD-SDRAM-ISP-HDMI_phy.timing, timing summary in SD-SDRAM-ISP-HDMI_phy.tsm.
RUN-1002 : start command "export_bid SD-SDRAM-ISP-HDMI_inst.bid"
PRG-1000 : <!-- HMAC is: 484c792a741660ca46cb6eb6d8e03f40f070c3f37fdc9f099ce0e0f63923d326 -->
RUN-1002 : start command "bitgen -bit SD-SDRAM-ISP-HDMI.bit"
BIT-1003 : Start to generate bitstream. 
BIT-1002 : Init instances with 16 threads.
BIT-1002 : Init instances completely, inst num: 2496
BIT-1002 : Init pips with 16 threads.
BIT-1002 : Init pips completely, net num: 5549, pip num: 48870
BIT-1002 : Init feedthrough with 16 threads.
BIT-1002 : Init feedthrough completely, num: 16
BIT-1003 : Multithreading accelaration with 16 threads.
BIT-1003 : Generate bitstream completely, there are 2239 valid insts, and 143277 bits set as '1'.
BIT-1004 : the usercode register value: 00000000100011001000011001101001
BIT-1004 : PLL setting string = 0110
BIT-1004 : Generate bits file SD-SDRAM-ISP-HDMI.bit.
RUN-1003 : finish command "bitgen -bit SD-SDRAM-ISP-HDMI.bit" in  4.654811s wall, 22.140625s user + 0.265625s system = 22.406250s CPU (481.4%)

RUN-1004 : used memory is 651 MB, reserved memory is 633 MB, peak memory is 812 MB
RUN-1002 : start command "backup_run_log run.log ../.logs/phy_1/td_20240704_153308.log"
