============================================================
   Tang Dynasty, V5.6.71036
      Copyright (c) 2012-2023 Anlogic Inc.
   Executable = F:/ARMChina/bin/td.exe
   Built at =   20:34:38 Mar 21 2023
   Run by =     Illyasvial Von Einzb
   Run Date =   Wed Jul  3 23:46:29 2024

   Run on =     LAPTOP-4S5LNBPI
============================================================
RUN-1002 : start command "open_project SD-SDRAM-ISP-HDMI.prj"
RUN-1001 : Print Global Property
RUN-1001 : ---------------------------------------------------------------
RUN-1001 :        Parameters        |  Settings  |  Default Values  |  Note  
RUN-1001 : ---------------------------------------------------------------
RUN-1001 :          message         |  standard  |     standard     |        
RUN-1001 :   mixed_pack_place_flow  |     on     |        on        |        
RUN-1001 :        qor_monitor       |    off     |       off        |        
RUN-1001 :        syn_ip_flow       |    off     |       off        |        
RUN-1001 :          thread          |    auto    |       auto       |        
RUN-1001 : ---------------------------------------------------------------
RUN-1001 : Print Design Property
RUN-1001 : --------------------------------------------------------------
RUN-1001 :        Parameters       |  Settings  |  Default Values  |  Note  
RUN-1001 : --------------------------------------------------------------
RUN-1001 :   default_reg_initial   |    auto    |       auto       |        
RUN-1001 :        infer_add        |     on     |        on        |        
RUN-1001 :        infer_fsm        |    off     |       off        |        
RUN-1001 :        infer_mult       |     on     |        on        |        
RUN-1001 :        infer_ram        |     on     |        on        |        
RUN-1001 :        infer_reg        |     on     |        on        |        
RUN-1001 :   infer_reg_init_value  |     on     |        on        |        
RUN-1001 :        infer_rom        |     on     |        on        |        
RUN-1001 :      infer_shifter      |     on     |        on        |        
RUN-1001 : --------------------------------------------------------------
RUN-1001 : Print Rtl Property
RUN-1001 : --------------------------------------------------------------
RUN-1001 :        Parameters       |  Settings  |  Default Values  |  Note  
RUN-1001 : --------------------------------------------------------------
RUN-1001 :       compress_add      |   ripple   |      ripple      |        
RUN-1001 :        elf_sload        |    off     |       off        |        
RUN-1001 :       fix_undriven      |     0      |        0         |        
RUN-1001 :         flatten         |    off     |       off        |        
RUN-1001 :       gate_sharing      |     on     |        on        |        
RUN-1001 :    hdl_warning_level    |   normal   |      normal      |        
RUN-1001 :   impl_internal_tribuf  |     on     |        on        |        
RUN-1001 :      impl_set_reset     |     on     |        on        |        
RUN-1001 :        infer_gsr        |    off     |       off        |        
RUN-1001 :      keep_hierarchy     |    auto    |       auto       |        
RUN-1001 :        max_fanout       |    9999    |       9999       |        
RUN-1001 :      max_oh2bin_len     |     10     |        10        |        
RUN-1001 :       merge_equal       |     on     |        on        |        
RUN-1001 :       merge_equiv       |     on     |        on        |        
RUN-1001 :        merge_mux        |    off     |       off        |        
RUN-1001 :     min_control_set     |     8      |        8         |        
RUN-1001 :      min_ripple_len     |    auto    |       auto       |        
RUN-1001 :       oh2bin_ratio      |    0.08    |       0.08       |        
RUN-1001 :     opt_adder_fanout    |     on     |        on        |        
RUN-1001 :        opt_arith        |     on     |        on        |        
RUN-1001 :       opt_big_gate      |    off     |       off        |        
RUN-1001 :        opt_const        |     on     |        on        |        
RUN-1001 :      opt_const_mult     |     on     |        on        |        
RUN-1001 :       opt_lessthan      |     on     |        on        |        
RUN-1001 :         opt_mux         |    off     |       off        |        
RUN-1001 :         opt_ram         |    high    |       high       |        
RUN-1001 :      rtl_sim_model      |    off     |       off        |        
RUN-1001 :         seq_syn         |     on     |        on        |        
RUN-1001 : --------------------------------------------------------------
HDL-1007 : analyze verilog file ../../import/ddr3-al_ip/SOFTFIFO.v
HDL-1007 : analyze verilog file ../../import/ddr3-al_ip/SDRAM.v
HDL-1007 : analyze verilog file ../../al_ip/PLL.v
HDL-1007 : undeclared symbol 'open', assumed default net type 'wire' in ../../al_ip/PLL.v(92)
HDL-1007 : analyze verilog file ../../al_ip/PLL_hdmi.v
HDL-1007 : undeclared symbol 'open', assumed default net type 'wire' in ../../al_ip/PLL_hdmi.v(70)
HDL-1007 : analyze VHDL file ../../import/hdmi-rtl/enc_file/SerializerN_1_lvds.enc.vhd
Copyright (c) 1998-2019 The OpenSSL Project.  All rights reserved.
This product includes software developed by the OpenSSL Project
for use in the OpenSSL Toolkit (http://www.openssl.org/)
Copyright (C) 1995-1998 Eric Young (eay@cryptsoft.com)
All rights reserved.
This product includes cryptographic software written by Eric Young (eay@cryptsoft.com)
HDL-1007 : analyze entity ** in encrypted_text(0)
HDL-1007 : analyze architecture ** in encrypted_text(0)
HDL-1007 : analyze VHDL file ../../import/hdmi-rtl/enc_file/SerializerN_1_lvds_dat.enc.vhd
HDL-1007 : analyze entity ** in encrypted_text(0)
HDL-1007 : analyze architecture ** in encrypted_text(0)
HDL-1007 : analyze VHDL file ../../import/hdmi-rtl/enc_file/TMDSEncoder.enc.vhd
HDL-1007 : analyze entity ** in encrypted_text(0)
HDL-1007 : analyze architecture ** in encrypted_text(0)
HDL-1007 : analyze verilog file ../../import/hdmi-rtl/enc_file/video_tpg_1024768.enc.v
HDL-5007 WARNING: literal value ** truncated to fit in ** bits in encrypted_text(0)
HDL-1007 : back to file '../../import/hdmi-rtl/enc_file/video_tpg_1024768.enc.v' in ../../import/hdmi-rtl/enc_file/video_tpg_1024768.enc.v(216)
HDL-1007 : analyze verilog file ../../import/hdmi-rtl/enc_file/video_tpg_1080p.enc.v
HDL-1007 : back to file '../../import/hdmi-rtl/enc_file/video_tpg_1080p.enc.v' in ../../import/hdmi-rtl/enc_file/video_tpg_1080p.enc.v(208)
HDL-1007 : analyze verilog file ../../import/hdmi-rtl/enc_file/video_tpg_12801024p.enc.v
HDL-1007 : back to file '../../import/hdmi-rtl/enc_file/video_tpg_12801024p.enc.v' in ../../import/hdmi-rtl/enc_file/video_tpg_12801024p.enc.v(207)
HDL-1007 : analyze verilog file ../../import/hdmi-rtl/enc_file/video_tpg_1280800.enc.v
HDL-5007 WARNING: literal value ** truncated to fit in ** bits in encrypted_text(0)
HDL-1007 : back to file '../../import/hdmi-rtl/enc_file/video_tpg_1280800.enc.v' in ../../import/hdmi-rtl/enc_file/video_tpg_1280800.enc.v(216)
HDL-1007 : analyze verilog file ../../import/hdmi-rtl/enc_file/video_tpg_16801050p.enc.v
HDL-1007 : back to file '../../import/hdmi-rtl/enc_file/video_tpg_16801050p.enc.v' in ../../import/hdmi-rtl/enc_file/video_tpg_16801050p.enc.v(209)
HDL-1007 : analyze verilog file ../../import/hdmi-rtl/enc_file/video_tpg_800600.enc.v
HDL-1007 : back to file '../../import/hdmi-rtl/enc_file/video_tpg_800600.enc.v' in ../../import/hdmi-rtl/enc_file/video_tpg_800600.enc.v(211)
HDL-1007 : analyze verilog file ../../import/hdmi_top/hdmi_top.v
HDL-1007 : analyze verilog file ../../import/hdmi_top/video_driver.v
HDL-1007 : analyze verilog file ../../import/sd_bmp_hdmi.v
HDL-1007 : undeclared symbol 'rd_vsync', assumed default net type 'wire' in ../../import/sd_bmp_hdmi.v(200)
HDL-1007 : analyze verilog file ../../import/sd_ctrl_top/sd_ctrl_top.v
HDL-1007 : analyze verilog file ../../import/sd_ctrl_top/sd_init.v
HDL-1007 : analyze verilog file ../../import/sd_ctrl_top/sd_read.v
HDL-1007 : analyze verilog file ../../import/sd_ctrl_top/sd_write.v
HDL-1007 : analyze VHDL file ../../import/hdmi-rtl/enc_file/DVITransmitter.enc.vhd
HDL-1007 : analyze entity dvitransmitter in ../../import/hdmi-rtl/enc_file/DVITransmitter.enc.vhd(13)
HDL-1007 : analyze architecture ** in encrypted_text(0)
HDL-1007 : analyze VHDL file ../../import/hdmi-rtl/hdmi_tx.vhd
HDL-1007 : analyze entity hdmi_tx in ../../import/hdmi-rtl/hdmi_tx.vhd(11)
HDL-1007 : analyze architecture behavioral in ../../import/hdmi-rtl/hdmi_tx.vhd(33)
HDL-1007 : analyze verilog file ../../import/DDR3-rtl/sdram_cmd.v
HDL-1007 : analyze included file ../../import/DDR3-rtl/sdram_para.v in ../../import/DDR3-rtl/sdram_cmd.v(46)
HDL-1007 : back to file '../../import/DDR3-rtl/sdram_cmd.v' in ../../import/DDR3-rtl/sdram_cmd.v(46)
HDL-1007 : analyze verilog file ../../import/DDR3-rtl/sdram_controller.v
HDL-1007 : analyze verilog file ../../import/DDR3-rtl/sdram_ctrl.v
HDL-1007 : analyze included file ../../import/DDR3-rtl/sdram_para.v in ../../import/DDR3-rtl/sdram_ctrl.v(19)
HDL-1007 : back to file '../../import/DDR3-rtl/sdram_ctrl.v' in ../../import/DDR3-rtl/sdram_ctrl.v(19)
HDL-1007 : analyze verilog file ../../import/DDR3-rtl/sdram_data.v
HDL-1007 : analyze included file ../../import/DDR3-rtl/sdram_para.v in ../../import/DDR3-rtl/sdram_data.v(13)
HDL-1007 : back to file '../../import/DDR3-rtl/sdram_data.v' in ../../import/DDR3-rtl/sdram_data.v(13)
HDL-1007 : analyze verilog file ../../import/DDR3-rtl/sdram_fifo_ctrl.v
HDL-1007 : analyze verilog file ../../import/DDR3-rtl/sdram_top.v
HDL-1007 : analyze verilog file ../../import/read_rawdata.v
HDL-1007 : analyze verilog file ../../import/hdmi_top/ISP_dpc.v
HDL-1007 : analyze verilog file ../../import/hdmi_top/ISP_include.v
HDL-1007 : analyze verilog file ../../import/hdmi_top/ISP_bnr.v
RUN-1001 : Project manager successfully analyzed 33 source files.
RUN-1002 : start command "import_device eagle_s20.db -package EG4S20BG256"
ARC-1001 : Device Initialization.
ARC-1001 : ------------------------------------------------------------------
ARC-1001 :            OPTION            |          IO          |   SETTING   
ARC-1001 : ------------------------------------------------------------------
ARC-1001 :   cso_b/cclk/mosi/miso/dout  |  T3/R11/T10/P10/S11  |    gpio    
ARC-1001 :             done             |         P13          |    gpio    
ARC-1001 :           program_b          |          T2          |  dedicate  
ARC-1001 :        tdi/tms/tck/tdo       |   C12/A15/C14/E14    |  dedicate  
ARC-1001 : ------------------------------------------------------------------
ARC-1004 : Device setting, marked 5 dedicate IOs in total.
RUN-1002 : start command "import_db ../syn_1/SD-SDRAM-ISP-HDMI_gate.db"
RUN-1001 : Importing database generated by Tang Dynasty, V5.6.71036.
RUN-1001 : Database version number 46146.
RUN-1001 : Import flow parameters
RUN-1001 : Import timing constraints
RUN-1001 : Import IO constraints
RUN-1001 : Import Inst constraints
RUN-1001 : Import design success TD_VERSION=5.6.71036 , DB_VERSION=46146
RUN-1002 : start command "read_sdc -ip SOFTFIFO ../../import/ddr3-al_ip/SOFTFIFO.tcl"
RUN-1002 : start command "get_ports clkw"
RUN-1002 : start command "get_nets  clkw  "
RUN-1002 : start command "get_clocks -nowarn -of nets 9663676416000"
RUN-1002 : start command "get_ports clkr"
RUN-1002 : start command "get_nets  clkr  "
RUN-1002 : start command "get_clocks -nowarn -of nets 33217277067264"
RUN-1002 : start command "get_property -nowarn -max PERIOD "
RUN-1002 : start command "get_property -nowarn -max PERIOD "
RUN-1002 : start command "get_regs rd_to_wr_cross_inst/primary_addr_gray_reg[*]"
RUN-1002 : start command "get_regs rd_to_wr_cross_inst/sync_r1[*]"
RUN-1002 : start command "set_max_delay -from  -to  999.70000000000005 -datapath_only"
RUN-1002 : start command "get_regs rd_to_wr_cross_inst/primary_addr_gray_reg[*]"
RUN-1002 : start command "get_regs rd_to_wr_cross_inst/sync_r1[*]"
RUN-1002 : start command "set_false_path -from  -to  -hold 999.70000000000005"
USR-1002 : set_false_path -help -setup -hold -from <list> -rise_from <list> -fall_from <list> -to <list> -rise_to <list> -fall_to <list> -through <list>
RUN-1002 : start command "get_regs wr_to_rd_cross_inst/primary_addr_gray_reg[*]"
RUN-1002 : start command "get_regs wr_to_rd_cross_inst/sync_r1[*]"
RUN-1002 : start command "set_max_delay -from  -to  999.70000000000005 -datapath_only"
RUN-1002 : start command "get_regs wr_to_rd_cross_inst/primary_addr_gray_reg[*]"
RUN-1002 : start command "get_regs wr_to_rd_cross_inst/sync_r1[*]"
RUN-1002 : start command "set_false_path -from  -to  -hold 999.70000000000005"
USR-1002 : set_false_path -help -setup -hold -from <list> -rise_from <list> -fall_from <list> -to <list> -rise_to <list> -fall_to <list> -through <list>
RUN-1002 : start command "get_ports clkw"
RUN-1002 : start command "get_nets  clkw  "
RUN-1002 : start command "get_clocks -nowarn -of nets 17514876633088"
RUN-1002 : start command "get_ports clkr"
RUN-1002 : start command "get_nets  clkr  "
RUN-1002 : start command "get_clocks -nowarn -of nets 9663676416000"
RUN-1002 : start command "get_property -nowarn -max PERIOD "
RUN-1002 : start command "get_property -nowarn -max PERIOD "
RUN-1002 : start command "get_regs rd_to_wr_cross_inst/primary_addr_gray_reg[*]"
RUN-1002 : start command "get_regs rd_to_wr_cross_inst/sync_r1[*]"
RUN-1002 : start command "set_max_delay -from  -to  999.70000000000005 -datapath_only"
RUN-1002 : start command "get_regs rd_to_wr_cross_inst/primary_addr_gray_reg[*]"
RUN-1002 : start command "get_regs rd_to_wr_cross_inst/sync_r1[*]"
RUN-1002 : start command "set_false_path -from  -to  -hold 999.70000000000005"
USR-1002 : set_false_path -help -setup -hold -from <list> -rise_from <list> -fall_from <list> -to <list> -rise_to <list> -fall_to <list> -through <list>
RUN-1002 : start command "get_regs wr_to_rd_cross_inst/primary_addr_gray_reg[*]"
RUN-1002 : start command "get_regs wr_to_rd_cross_inst/sync_r1[*]"
RUN-1002 : start command "set_max_delay -from  -to  999.70000000000005 -datapath_only"
RUN-1002 : start command "get_regs wr_to_rd_cross_inst/primary_addr_gray_reg[*]"
RUN-1002 : start command "get_regs wr_to_rd_cross_inst/sync_r1[*]"
RUN-1002 : start command "set_false_path -from  -to  -hold 999.70000000000005"
USR-1002 : set_false_path -help -setup -hold -from <list> -rise_from <list> -fall_from <list> -to <list> -rise_to <list> -fall_to <list> -through <list>
RUN-1002 : start command "config_chipwatcher ../../sd_HDMI.cwc -dir "
RUN-1002 : start command "legalize_phy_inst"
SYN-1011 : Flatten model sd_bmp_hdmi
KIT-1004 : ChipWatcher: import watcher inst auto_chipwatcher_0 completed, there are 7 view nodes, 40 trigger nets, 40 data nets.
KIT-1004 : Chipwatcher code = 0000100110010011
RUN-1002 : start command "compile_watcher"
RUN-1002 : start command "read_verilog -no_sch -dir F:/ARMChina/cw/ -file SD_HDMI_DAFENQI_watcherInst.sv -lib cw -top CW_TOP_WRAPPER"
HDL-1007 : analyze verilog file F:/ARMChina/cw\bus_det.v
HDL-1007 : analyze verilog file F:/ARMChina/cw\bus_top.sv
HDL-1007 : analyze verilog file F:/ARMChina/cw\cfg_int.v
HDL-1007 : analyze verilog file F:/ARMChina/cw\cwc_cfg_int.v
HDL-1007 : analyze verilog file F:/ARMChina/cw\cwc_top.sv
HDL-1007 : analyze verilog file F:/ARMChina/cw\detect_bus.v
HDL-1007 : analyze verilog file F:/ARMChina/cw\detect_non_bus.v
HDL-1007 : analyze verilog file F:/ARMChina/cw\emb_ctrl.v
HDL-1007 : analyze verilog file F:/ARMChina/cw\register.v
HDL-1007 : analyze verilog file F:/ARMChina/cw\tap.v
HDL-1007 : analyze verilog file F:/ARMChina/cw\trigger.sv
HDL-1007 : analyze verilog file SD_HDMI_DAFENQI_watcherInst.sv
HDL-1007 : elaborate module CW_TOP_WRAPPER in SD_HDMI_DAFENQI_watcherInst.sv(1)
HDL-1007 : elaborate module cwc_top(BUS_NUM=7,BUS_DIN_NUM=40,BUS_CTRL_NUM=108,BUS_WIDTH='{32'sb01,32'sb01,32'sb01,32'sb01,32'sb010000,32'sb010000,32'sb0100},BUS_DIN_POS='{32'sb0,32'sb01,32'sb010,32'sb011,32'sb0100,32'sb010100,32'sb0100100},BUS_CTRL_POS='{32'sb0,32'sb0110,32'sb01100,32'sb010010,32'sb011000,32'sb0111100,32'sb01100000}) in F:/ARMChina/cw\cwc_top.sv(21)
HDL-1007 : elaborate module cwc_cfg_int(CTRL_REG_LEN=130) in F:/ARMChina/cw\cwc_cfg_int.v(21)
HDL-1007 : elaborate module register(CTRL_REG_LEN=130) in F:/ARMChina/cw\register.v(21)
HDL-1007 : elaborate module tap in F:/ARMChina/cw\tap.v(21)
HDL-1007 : elaborate module trigger(BUS_NUM=7,BUS_DIN_NUM=40,BUS_CTRL_NUM=108,BUS_WIDTH='{32'sb01,32'sb01,32'sb01,32'sb01,32'sb010000,32'sb010000,32'sb0100},BUS_DIN_POS='{32'sb0,32'sb01,32'sb010,32'sb011,32'sb0100,32'sb010100,32'sb0100100},BUS_CTRL_POS='{32'sb0,32'sb0110,32'sb01100,32'sb010010,32'sb011000,32'sb0111100,32'sb01100000}) in F:/ARMChina/cw\trigger.sv(21)
HDL-1007 : elaborate module bus_top(BUS_NODE_NUM=7,BUS_DIN_NUM=40,BUS_CTRL_NUM=108,BUS_WIDTH='{32'sb01,32'sb01,32'sb01,32'sb01,32'sb010000,32'sb010000,32'sb0100},BUS_DIN_POS='{32'sb0,32'sb01,32'sb010,32'sb011,32'sb0100,32'sb010100,32'sb0100100},BUS_CTRL_POS='{32'sb0,32'sb0110,32'sb01100,32'sb010010,32'sb011000,32'sb0111100,32'sb01100000}) in F:/ARMChina/cw\bus_top.sv(22)
HDL-1007 : elaborate module bus_det(BUS_WIDTH=32'sb01) in F:/ARMChina/cw\bus_det.v(21)
HDL-1007 : elaborate module bus_det(BUS_WIDTH=32'sb010000) in F:/ARMChina/cw\bus_det.v(21)
HDL-1007 : elaborate module bus_det(BUS_WIDTH=32'sb0100) in F:/ARMChina/cw\bus_det.v(21)
HDL-1007 : elaborate module emb_ctrl in F:/ARMChina/cw\emb_ctrl.v(21)
HDL-1200 : Current top model is CW_TOP_WRAPPER
HDL-1100 : Inferred 0 RAMs.
RUN-1002 : start command "force_keep -a auto_chipwatcher_0_logicbram"
RUN-1002 : start command "optimize_rtl -no_sch"
RUN-1001 : Open license file F:/ARMChina/license/Anlogic.lic
RUN-1001 : Print Global Property
RUN-1001 : ---------------------------------------------------------------
RUN-1001 :        Parameters        |  Settings  |  Default Values  |  Note  
RUN-1001 : ---------------------------------------------------------------
RUN-1001 :          message         |  standard  |     standard     |        
RUN-1001 :   mixed_pack_place_flow  |     on     |        on        |        
RUN-1001 :        qor_monitor       |    off     |       off        |        
RUN-1001 :        syn_ip_flow       |    off     |       off        |        
RUN-1001 :          thread          |    auto    |       auto       |        
RUN-1001 : ---------------------------------------------------------------
RUN-1001 : Print Rtl Property
RUN-1001 : --------------------------------------------------------------
RUN-1001 :        Parameters       |  Settings  |  Default Values  |  Note  
RUN-1001 : --------------------------------------------------------------
RUN-1001 :       compress_add      |   ripple   |      ripple      |        
RUN-1001 :        elf_sload        |    off     |       off        |        
RUN-1001 :       fix_undriven      |     0      |        0         |        
RUN-1001 :         flatten         |    off     |       off        |        
RUN-1001 :       gate_sharing      |     on     |        on        |        
RUN-1001 :    hdl_warning_level    |   normal   |      normal      |        
RUN-1001 :   impl_internal_tribuf  |     on     |        on        |        
RUN-1001 :      impl_set_reset     |     on     |        on        |        
RUN-1001 :        infer_gsr        |    off     |       off        |        
RUN-1001 :      keep_hierarchy     |    auto    |       auto       |        
RUN-1001 :        max_fanout       |    9999    |       9999       |        
RUN-1001 :      max_oh2bin_len     |     10     |        10        |        
RUN-1001 :       merge_equal       |     on     |        on        |        
RUN-1001 :       merge_equiv       |     on     |        on        |        
RUN-1001 :        merge_mux        |    off     |       off        |        
RUN-1001 :     min_control_set     |     8      |        8         |        
RUN-1001 :      min_ripple_len     |    auto    |       auto       |        
RUN-1001 :       oh2bin_ratio      |    0.08    |       0.08       |        
RUN-1001 :     opt_adder_fanout    |     on     |        on        |        
RUN-1001 :        opt_arith        |     on     |        on        |        
RUN-1001 :       opt_big_gate      |    off     |       off        |        
RUN-1001 :        opt_const        |     on     |        on        |        
RUN-1001 :      opt_const_mult     |     on     |        on        |        
RUN-1001 :       opt_lessthan      |     on     |        on        |        
RUN-1001 :         opt_mux         |    off     |       off        |        
RUN-1001 :         opt_ram         |    high    |       high       |        
RUN-1001 :      rtl_sim_model      |    off     |       off        |        
RUN-1001 :         seq_syn         |     on     |        on        |        
RUN-1001 : --------------------------------------------------------------
SYN-1012 : SanityCheck: Model "sd_bmp_hdmi"
SYN-1012 : SanityCheck: Model "CW_TOP_WRAPPER"
SYN-1012 : SanityCheck: Model "cwc_top(BUS_NUM=7,BUS_DIN_NUM=40,BUS_CTRL_NUM=108,BUS_WIDTH='{32'sb01,32'sb01,32'sb01,32'sb01,32'sb010000,32'sb010000,32'sb0100},BUS_DIN_POS='{32'sb0,32'sb01,32'sb010,32'sb011,32'sb0100,32'sb010100,32'sb0100100},BUS_CTRL_POS='{32'sb0,32'sb0110,32'sb01100,32'sb010010,32'sb011000,32'sb0111100,32'sb01100000})"
SYN-1012 : SanityCheck: Model "cwc_cfg_int(CTRL_REG_LEN=130)"
SYN-1012 : SanityCheck: Model "register(CTRL_REG_LEN=130)"
SYN-1012 : SanityCheck: Model "tap"
SYN-1012 : SanityCheck: Model "trigger(BUS_NUM=7,BUS_DIN_NUM=40,BUS_CTRL_NUM=108,BUS_WIDTH='{32'sb01,32'sb01,32'sb01,32'sb01,32'sb010000,32'sb010000,32'sb0100},BUS_DIN_POS='{32'sb0,32'sb01,32'sb010,32'sb011,32'sb0100,32'sb010100,32'sb0100100},BUS_CTRL_POS='{32'sb0,32'sb0110,32'sb01100,32'sb010010,32'sb011000,32'sb0111100,32'sb01100000})"
SYN-1012 : SanityCheck: Model "bus_top(BUS_NODE_NUM=7,BUS_DIN_NUM=40,BUS_CTRL_NUM=108,BUS_WIDTH='{32'sb01,32'sb01,32'sb01,32'sb01,32'sb010000,32'sb010000,32'sb0100},BUS_DIN_POS='{32'sb0,32'sb01,32'sb010,32'sb011,32'sb0100,32'sb010100,32'sb0100100},BUS_CTRL_POS='{32'sb0,32'sb0110,32'sb01100,32'sb010010,32'sb011000,32'sb0111100,32'sb01100000})"
SYN-1012 : SanityCheck: Model "bus_det(BUS_WIDTH=32'sb01)"
SYN-1012 : SanityCheck: Model "bus_det(BUS_WIDTH=32'sb010000)"
SYN-1012 : SanityCheck: Model "bus_det(BUS_WIDTH=32'sb0100)"
SYN-1012 : SanityCheck: Model "emb_ctrl"
SYN-1011 : Flatten model sd_bmp_hdmi
SYN-1032 : 7859/29 useful/useless nets, 5857/18 useful/useless insts
SYN-1016 : Merged 36 instances.
SYN-1032 : 7512/24 useful/useless nets, 6282/20 useful/useless insts
SYN-1014 : Optimize round 1
SYN-1021 : Optimized 3 onehot mux instances.
SYN-1020 : Optimized 1 distributor mux.
SYN-1019 : Optimized 3 mux instances.
SYN-1015 : Optimize round 1, 406 better
SYN-1014 : Optimize round 2
SYN-1032 : 7186/45 useful/useless nets, 5956/48 useful/useless insts
SYN-1015 : Optimize round 2, 96 better
SYN-1014 : Optimize round 1
SYN-1015 : Optimize round 1, 0 better
RUN-1003 : finish command "optimize_rtl -no_sch" in  1.200522s wall, 0.843750s user + 0.031250s system = 0.875000s CPU (72.9%)

RUN-1004 : used memory is 196 MB, reserved memory is 164 MB, peak memory is 198 MB
RUN-1002 : start command "optimize_gate -no_sch"
RUN-1001 : Open license file F:/ARMChina/license/Anlogic.lic
RUN-1001 : Print Global Property
RUN-1001 : ---------------------------------------------------------------
RUN-1001 :        Parameters        |  Settings  |  Default Values  |  Note  
RUN-1001 : ---------------------------------------------------------------
RUN-1001 :          message         |  standard  |     standard     |        
RUN-1001 :   mixed_pack_place_flow  |     on     |        on        |        
RUN-1001 :        qor_monitor       |    off     |       off        |        
RUN-1001 :        syn_ip_flow       |    off     |       off        |        
RUN-1001 :          thread          |    auto    |       auto       |        
RUN-1001 : ---------------------------------------------------------------
RUN-1001 : Print Gate Property
RUN-1001 : ------------------------------------------------------------------
RUN-1001 :          Parameters         |  Settings  |  Default Values  |  Note  
RUN-1001 : ------------------------------------------------------------------
RUN-1001 :         cascade_dsp         |    off     |       off        |        
RUN-1001 :         cascade_eram        |    off     |       off        |        
RUN-1001 :        gate_sim_model       |    off     |       off        |        
RUN-1001 :        map_sim_model        |    off     |       off        |        
RUN-1001 :         map_strategy        |     1      |        1         |        
RUN-1001 :           opt_area          |   medium   |      medium      |        
RUN-1001 :          opt_timing         |    auto    |       auto       |        
RUN-1001 :         pack_effort         |   medium   |      medium      |        
RUN-1001 :      pack_lslice_ripple     |     on     |        on        |        
RUN-1001 :   pack_lslice_ripple_ratio  |    0.5     |       0.5        |        
RUN-1001 :        pack_seq_in_io       |    auto    |       auto       |        
RUN-1001 :        ph1_mux_ratio        |    1.0     |       1.0        |        
RUN-1001 :            report           |  standard  |     standard     |        
RUN-1001 :           retiming          |    off     |       off        |        
RUN-1001 : ------------------------------------------------------------------
SYN-2001 : Map 12 IOs to PADs
RUN-1002 : start command "update_pll_param -module sd_bmp_hdmi"
SYN-2501 : Processed 0 LOGIC_BUF instances.
SYN-2512 : LOGIC BRAM "auto_chipwatcher_0_logicbram"
SYN-2571 : Optimize after map_dsp, round 1
SYN-1032 : 7190/79 useful/useless nets, 5968/43 useful/useless insts
SYN-1016 : Merged 3 instances.
SYN-2571 : Optimize after map_dsp, round 1, 125 better
SYN-2571 : Optimize after map_dsp, round 2
SYN-2571 : Optimize after map_dsp, round 2, 0 better
SYN-1001 : Throwback 3 control mux instances
SYN-2501 : Optimize round 1
SYN-1016 : Merged 36 instances.
SYN-2501 : Optimize round 1, 74 better
SYN-2501 : Optimize round 2
SYN-2501 : Optimize round 2, 0 better
SYN-2501 : Map 16 macro adder
SYN-1019 : Optimized 13 mux instances.
SYN-1016 : Merged 11 instances.
SYN-1032 : 7674/3 useful/useless nets, 6452/2 useful/useless insts
RUN-1002 : start command "start_timer -prepack"
TMR-2505 : Start building timing graph for model sd_bmp_hdmi.
TMR-2506 : Build timing graph completely. Port num: 9, tpin num: 28848, tnet num: 7674, tinst num: 6451, tnode num: 38399, tedge num: 47016.
TMR-2508 : Levelizing timing graph completed, there are 53 levels in total.
TMR-2501 : Timing graph initialized successfully.
TMR-2503 : Start to update net delay, extr mode = 2.
TMR-2504 : Update delay of 7674 nets completely.
TMR-2502 : Annotate delay completely, extr mode = 2.
TMR-3001 : Initiate 0 clocks from SDC.
TMR-3004 : Map sdc constraints, there are 8 constraints in total.
TMR-3003 : Constraints initiated successfully.
TMR-3501 : Forward propagation: start to calculate arrival time...
TMR-3502 : Backward propagation: start to calculate required time...
TMR-3503 : Timing propagation completes.
SYN-3001 : Running gate level optimization.
SYN-2581 : Mapping with K=5, #lut = 234 (3.47), #lev = 7 (1.84)
SYN-2551 : Post LUT mapping optimization.
SYN-2581 : Mapping with K=5, #lut = 226 (3.55), #lev = 7 (1.82)
SYN-3001 : Logic optimization runtime opt =   0.04 sec, map =   0.00 sec
SYN-3001 : Mapper mapped 564 instances into 226 LUTs, name keeping = 75%.
SYN-1001 : Packing model "sd_bmp_hdmi" ...
SYN-4010 : Pack lib has 58 rtl pack models with 25 top pack blocks
SYN-1014 : Optimize round 1
SYN-1015 : Optimize round 1, 0 better
SYN-4002 : Packing 399 DFF/LATCH to SEQ ...
SYN-4009 : Pack 8 carry chain into lslice
SYN-4007 : Packing 120 adder to BLE ...
SYN-4008 : Packed 120 adder and 0 SEQ to BLE.
SYN-4007 : Packing 0 gate4 to BLE ...
SYN-4008 : Packed 0 gate4 and 0 SEQ to BLE.
SYN-4012 : Packed 0 FxMUX
RUN-1003 : finish command "optimize_gate -no_sch" in  1.733860s wall, 1.125000s user + 0.000000s system = 1.125000s CPU (64.9%)

RUN-1004 : used memory is 202 MB, reserved memory is 171 MB, peak memory is 249 MB
RUN-1002 : start command "legalize_phy_inst"
SYN-1011 : Flatten model sd_bmp_hdmi
KIT-1004 : Compile Chipwatcher: Clear obsolete physical data.
RUN-1003 : finish command "compile_watcher" in  3.086622s wall, 2.078125s user + 0.031250s system = 2.109375s CPU (68.3%)

RUN-1004 : used memory is 203 MB, reserved memory is 171 MB, peak memory is 249 MB
RUN-1002 : start command "place"
RUN-1001 : Open license file F:/ARMChina/license/Anlogic.lic
RUN-1001 : Print Global Property
RUN-1001 : ---------------------------------------------------------------
RUN-1001 :        Parameters        |  Settings  |  Default Values  |  Note  
RUN-1001 : ---------------------------------------------------------------
RUN-1001 :          message         |  standard  |     standard     |        
RUN-1001 :   mixed_pack_place_flow  |     on     |        on        |        
RUN-1001 :        qor_monitor       |    off     |       off        |        
RUN-1001 :        syn_ip_flow       |    off     |       off        |        
RUN-1001 :          thread          |    auto    |       auto       |        
RUN-1001 : ---------------------------------------------------------------
RUN-1001 : Print Place Property
RUN-1001 : --------------------------------------------------------------
RUN-1001 :        Parameters       |  Settings  |  Default Values  |  Note  
RUN-1001 : --------------------------------------------------------------
RUN-1001 :      detailed_place     |     on     |        on        |        
RUN-1001 :          effort         |   medium   |      medium      |        
RUN-1001 :         fix_hold        |    off     |       off        |        
RUN-1001 :       legalization      |    ori     |       ori        |        
RUN-1001 :      new_spreading      |     on     |        on        |        
RUN-1001 :        opt_timing       |   medium   |      medium      |        
RUN-1001 :   post_clock_route_opt  |    off     |       off        |        
RUN-1001 :       pr_strategy       |     1      |        1         |        
RUN-1001 :        relaxation       |    1.00    |       1.00       |        
RUN-1001 :         retiming        |    off     |       off        |        
RUN-1001 : --------------------------------------------------------------
PHY-3001 : Placer runs in 16 thread(s).
RUN-1002 : start command "legalize_phy_inst"
SYN-1011 : Flatten model sd_bmp_hdmi
RUN-1002 : start command "phys_opt -simplify_lut"
SYN-4016 : Net u_ddr3_top/u_sdram_fifo_ctrl/clk_ref driven by BUFG (271 clock/control pins, 1 other pins).
SYN-4016 : Net u_clk_wiz_1/clk0_out driven by BUFG (58 clock/control pins, 1 other pins).
SYN-4016 : Net config_inst_syn_10 driven by BUFG (277 clock/control pins, 0 other pins).
SYN-4027 : Net u_ddr3_top/clk_sdram is clkc1 of pll u_clk_wiz_0/pll_inst.
SYN-4027 : Net u_ddr3_top/u_sdram_fifo_ctrl/wrfifo/clkw is clkc3 of pll u_clk_wiz_0/pll_inst.
SYN-4027 : Net u_sd_ctrl_top/u_sd_read/clk_ref_180deg is clkc4 of pll u_clk_wiz_0/pll_inst.
SYN-4019 : Net sys_clk_dup_1 is refclk of pll u_clk_wiz_0/pll_inst.
SYN-4020 : Net sys_clk_dup_1 is fbclk of pll u_clk_wiz_0/pll_inst.
SYN-4027 : Net u_hdmi_top/bnr/pclk is clkc1 of pll u_clk_wiz_1/pll_inst.
SYN-4019 : Net sys_clk_dup_1 is refclk of pll u_clk_wiz_1/pll_inst.
SYN-4020 : Net sys_clk_dup_1 is fbclk of pll u_clk_wiz_1/pll_inst.
SYN-4024 : Net "u_sd_ctrl_top/u_sd_init/div_clk" drives clk pins.
SYN-4025 : Tag rtl::Net config_inst_syn_10 as clock net
SYN-4025 : Tag rtl::Net sys_clk_dup_1 as clock net
SYN-4025 : Tag rtl::Net u_clk_wiz_1/clk0_out as clock net
SYN-4025 : Tag rtl::Net u_ddr3_top/clk_sdram as clock net
SYN-4025 : Tag rtl::Net u_ddr3_top/u_sdram_fifo_ctrl/clk_ref as clock net
SYN-4025 : Tag rtl::Net u_ddr3_top/u_sdram_fifo_ctrl/wrfifo/clkw as clock net
SYN-4025 : Tag rtl::Net u_hdmi_top/bnr/pclk as clock net
SYN-4025 : Tag rtl::Net u_sd_ctrl_top/u_sd_init/div_clk as clock net
SYN-4025 : Tag rtl::Net u_sd_ctrl_top/u_sd_read/clk_ref_180deg as clock net
SYN-4026 : Tagged 9 rtl::Net as clock net
SYN-4015 : Create BUFG instance for clk Net u_sd_ctrl_top/u_sd_init/div_clk to drive 101 clock pins.
PHY-1001 : Populate physical database on model sd_bmp_hdmi.
RUN-1001 : There are total 5799 instances
RUN-0007 : 1743 luts, 3004 seqs, 615 mslices, 338 lslices, 71 pads, 19 brams, 0 dsps
RUN-1001 : There are total 7021 nets
RUN-1001 : 4696 nets have 2 pins
RUN-1001 : 1785 nets have [3 - 5] pins
RUN-1001 : 375 nets have [6 - 10] pins
RUN-1001 : 117 nets have [11 - 20] pins
RUN-1001 : 34 nets have [21 - 99] pins
RUN-1001 : 14 nets have 100+ pins
RUN-1001 : Report Control nets information:
RUN-1001 : DFF Distribution
RUN-1001 : ----------------------------------
RUN-1001 :   CE   |  SSR  |  ASR  |  DFF Count  
RUN-1001 : ----------------------------------
RUN-1001 :   No   |  No   |  No   |     105     
RUN-1001 :   No   |  No   |  Yes  |    2210     
RUN-1001 :   No   |  Yes  |  No   |     54      
RUN-1001 :   Yes  |  No   |  No   |     54      
RUN-1001 :   Yes  |  No   |  Yes  |     581     
RUN-1001 :   Yes  |  Yes  |  No   |      0      
RUN-1001 : ----------------------------------
RUN-0007 : Control Group Statistic
RUN-0007 : ---------------------------
RUN-0007 :   #CLK  |  #CE  |  #SSR/ASR  
RUN-0007 : ---------------------------
RUN-0007 :    9    |  23   |     14     
RUN-0007 : ---------------------------
RUN-0007 : Control Set = 45
PHY-3001 : Initial placement ...
PHY-3001 : design contains 5797 instances, 1743 luts, 3004 seqs, 953 slices, 161 macros(953 instances: 615 mslices 338 lslices)
PHY-3001 : Huge net u_hdmi_top/sys_rst_n with 1869 pins
PHY-0007 : Cell area utilization is 18%
PHY-3001 : Start timing update ...
RUN-1002 : start command "start_timer -report"
TMR-2505 : Start building timing graph for model sd_bmp_hdmi.
TMR-2506 : Build timing graph completely. Port num: 9, tpin num: 27411, tnet num: 7019, tinst num: 5797, tnode num: 37041, tedge num: 45760.
TMR-2508 : Levelizing timing graph completed, there are 29 levels in total.
TMR-2501 : Timing graph initialized successfully.
TMR-2503 : Start to update net delay, extr mode = 2.
TMR-2504 : Update delay of 7019 nets completely.
TMR-2502 : Annotate delay completely, extr mode = 2.
TMR-3001 : Initiate 0 clocks from SDC.
TMR-3004 : Map sdc constraints, there are 8 constraints in total.
TMR-3003 : Constraints initiated successfully.
TMR-3501 : Forward propagation: start to calculate arrival time...
TMR-3502 : Backward propagation: start to calculate required time...
TMR-3503 : Timing propagation completes.
PHY-3001 : End timing update;  0.806869s wall, 0.531250s user + 0.000000s system = 0.531250s CPU (65.8%)

PHY-3001 : Global placement ...
PHY-3001 : Initial: Len = 1.67706e+06
PHY-3001 : Clustering ...
PHY-3001 : Level 0 #clusters 5797.
PHY-3001 : End clustering;  0.000056s wall, 0.000000s user + 0.000000s system = 0.000000s CPU (n/a%)

PHY-3001 : Run with size of 4
PHY-3001 : Cell area utilization is 18%
PHY-3001 : :::0::: Try harder cell spreading with beta_ = 0
PHY-3002 : Step(1): len = 1.17297e+06, overlap = 65.25
PHY-3002 : Step(2): len = 927517, overlap = 60.75
PHY-3002 : Step(3): len = 597072, overlap = 61.4375
PHY-3002 : Step(4): len = 507458, overlap = 58.2188
PHY-3002 : Step(5): len = 425311, overlap = 65.625
PHY-3002 : Step(6): len = 385439, overlap = 68.4375
PHY-3002 : Step(7): len = 344821, overlap = 87.7812
PHY-3002 : Step(8): len = 310823, overlap = 93.8125
PHY-3002 : Step(9): len = 279017, overlap = 107.844
PHY-3002 : Step(10): len = 255677, overlap = 116.656
PHY-3002 : Step(11): len = 236336, overlap = 128.438
PHY-3002 : Step(12): len = 219002, overlap = 140.031
PHY-3002 : Step(13): len = 205035, overlap = 161.031
PHY-3002 : Step(14): len = 194847, overlap = 176.562
PHY-3002 : Step(15): len = 184125, overlap = 193.688
PHY-3002 : Step(16): len = 174134, overlap = 205.656
PHY-3002 : Step(17): len = 163764, overlap = 212.031
PHY-3002 : Step(18): len = 159099, overlap = 218.594
PHY-3002 : Step(19): len = 152270, overlap = 222.312
PHY-3001 : :::1::: Try harder cell spreading with beta_ = 1.77959e-05
PHY-3002 : Step(20): len = 162460, overlap = 222.062
PHY-3002 : Step(21): len = 167107, overlap = 222.25
PHY-3002 : Step(22): len = 166458, overlap = 214.625
PHY-3002 : Step(23): len = 164128, overlap = 206.094
PHY-3002 : Step(24): len = 162489, overlap = 201.375
PHY-3002 : Step(25): len = 158579, overlap = 193.281
PHY-3002 : Step(26): len = 158639, overlap = 181
PHY-3002 : Step(27): len = 159960, overlap = 162.406
PHY-3002 : Step(28): len = 158539, overlap = 161.688
PHY-3002 : Step(29): len = 158281, overlap = 164.969
PHY-3002 : Step(30): len = 157080, overlap = 162.75
PHY-3002 : Step(31): len = 156374, overlap = 162.469
PHY-3002 : Step(32): len = 155179, overlap = 163.656
PHY-3002 : Step(33): len = 154261, overlap = 157.438
PHY-3002 : Step(34): len = 153690, overlap = 158.094
PHY-3002 : Step(35): len = 152831, overlap = 151.812
PHY-3002 : Step(36): len = 151847, overlap = 145.344
PHY-3002 : Step(37): len = 151144, overlap = 141.188
PHY-3002 : Step(38): len = 150776, overlap = 143.375
PHY-3002 : Step(39): len = 149509, overlap = 142.531
PHY-3002 : Step(40): len = 148862, overlap = 133
PHY-3002 : Step(41): len = 148096, overlap = 137.688
PHY-3002 : Step(42): len = 146604, overlap = 135.469
PHY-3002 : Step(43): len = 145210, overlap = 134.344
PHY-3002 : Step(44): len = 145247, overlap = 135.812
PHY-3002 : Step(45): len = 145275, overlap = 133.25
PHY-3001 : :::2::: Try harder cell spreading with beta_ = 3.55918e-05
PHY-3002 : Step(46): len = 146575, overlap = 124.531
PHY-3002 : Step(47): len = 146862, overlap = 124.219
PHY-3002 : Step(48): len = 147791, overlap = 124.031
PHY-3001 : :::3::: Try harder cell spreading with beta_ = 7.11835e-05
PHY-3002 : Step(49): len = 149162, overlap = 127.094
PHY-3002 : Step(50): len = 149252, overlap = 127.031
PHY-3002 : Step(51): len = 150113, overlap = 126
PHY-3001 : Legalization ...
PHY-3001 : End legalization;  0.015438s wall, 0.000000s user + 0.000000s system = 0.000000s CPU (n/a%)

PHY-3001 : Run with size of 4
PHY-3001 : Cell area utilization is 23%
PHY-3001 : Update timing in Manhattan mode ...
TMR-2503 : Start to update net delay, extr mode = 3.
TMR-2504 : Update delay of 7019 nets completely.
TMR-2502 : Annotate delay completely, extr mode = 3.
TMR-3501 : Forward propagation: start to calculate arrival time...
TMR-3502 : Backward propagation: start to calculate required time...
TMR-3503 : Timing propagation completes.
PHY-3001 : End timing update;  0.160567s wall, 0.125000s user + 0.000000s system = 0.125000s CPU (77.8%)

PHY-3001 : :::0::: Try harder cell spreading with beta_ = 2.03616e-06
PHY-3002 : Step(52): len = 191202, overlap = 189
PHY-3002 : Step(53): len = 191333, overlap = 193.844
PHY-3002 : Step(54): len = 185416, overlap = 196.188
PHY-3002 : Step(55): len = 185583, overlap = 198.469
PHY-3002 : Step(56): len = 182957, overlap = 195.625
PHY-3002 : Step(57): len = 182754, overlap = 193.75
PHY-3002 : Step(58): len = 182265, overlap = 191.719
PHY-3001 : :::1::: Try harder cell spreading with beta_ = 4.07233e-06
PHY-3002 : Step(59): len = 180796, overlap = 188.75
PHY-3002 : Step(60): len = 180733, overlap = 189.375
PHY-3002 : Step(61): len = 180660, overlap = 189.688
PHY-3001 : :::2::: Try harder cell spreading with beta_ = 8.14465e-06
PHY-3002 : Step(62): len = 182024, overlap = 182.562
PHY-3002 : Step(63): len = 182197, overlap = 182.5
PHY-3002 : Step(64): len = 186645, overlap = 160.406
PHY-3002 : Step(65): len = 187660, overlap = 161.906
PHY-3002 : Step(66): len = 189139, overlap = 159.906
PHY-3001 : :::3::: Try harder cell spreading with beta_ = 1.62893e-05
PHY-3002 : Step(67): len = 188511, overlap = 160.938
PHY-3002 : Step(68): len = 188545, overlap = 161.531
PHY-3002 : Step(69): len = 188715, overlap = 150.781
PHY-3002 : Step(70): len = 189505, overlap = 146.969
PHY-3002 : Step(71): len = 191678, overlap = 128.562
PHY-3002 : Step(72): len = 193392, overlap = 119.469
PHY-3002 : Step(73): len = 193845, overlap = 118.406
PHY-3002 : Step(74): len = 194360, overlap = 121.344
PHY-3002 : Step(75): len = 194563, overlap = 132.156
PHY-3002 : Step(76): len = 194713, overlap = 134.938
PHY-3002 : Step(77): len = 194372, overlap = 138.531
PHY-3001 : :::4::: Try harder cell spreading with beta_ = 3.25786e-05
PHY-3002 : Step(78): len = 192526, overlap = 136.531
PHY-3002 : Step(79): len = 192526, overlap = 136.531
PHY-3002 : Step(80): len = 191863, overlap = 135.344
PHY-3001 : :::5::: Try harder cell spreading with beta_ = 6.51572e-05
PHY-3002 : Step(81): len = 193554, overlap = 128.562
PHY-3002 : Step(82): len = 193554, overlap = 128.562
PHY-3002 : Step(83): len = 193040, overlap = 125.75
PHY-3001 : :::6::: Try harder cell spreading with beta_ = 0.000130314
PHY-3002 : Step(84): len = 196557, overlap = 108.281
PHY-3002 : Step(85): len = 196557, overlap = 108.281
PHY-3002 : Step(86): len = 195707, overlap = 102.969
PHY-3001 : Run with size of 2
PHY-3001 : Cell area utilization is 23%
PHY-3001 : Update timing in Manhattan mode ...
TMR-2503 : Start to update net delay, extr mode = 3.
TMR-2504 : Update delay of 7019 nets completely.
TMR-2502 : Annotate delay completely, extr mode = 3.
TMR-3501 : Forward propagation: start to calculate arrival time...
TMR-3502 : Backward propagation: start to calculate required time...
TMR-3503 : Timing propagation completes.
PHY-3001 : End timing update;  0.144167s wall, 0.140625s user + 0.000000s system = 0.140625s CPU (97.5%)

PHY-3001 : :::0::: Try harder cell spreading with beta_ = 2.35281e-05
PHY-3002 : Step(87): len = 197478, overlap = 246.281
PHY-3002 : Step(88): len = 197478, overlap = 246.281
PHY-3002 : Step(89): len = 196442, overlap = 248.219
PHY-3002 : Step(90): len = 196431, overlap = 247.219
PHY-3002 : Step(91): len = 195996, overlap = 223.5
PHY-3001 : :::1::: Try harder cell spreading with beta_ = 4.70563e-05
PHY-3002 : Step(92): len = 197927, overlap = 205.25
PHY-3002 : Step(93): len = 198168, overlap = 203.812
PHY-3002 : Step(94): len = 203425, overlap = 162.531
PHY-3002 : Step(95): len = 200361, overlap = 167.781
PHY-3002 : Step(96): len = 200361, overlap = 167.781
PHY-3002 : Step(97): len = 199909, overlap = 162.844
PHY-3001 : :::2::: Try harder cell spreading with beta_ = 9.41126e-05
PHY-3002 : Step(98): len = 204497, overlap = 146.938
PHY-3002 : Step(99): len = 205533, overlap = 143.844
PHY-3002 : Step(100): len = 209079, overlap = 126.312
PHY-3002 : Step(101): len = 205434, overlap = 124.656
PHY-3002 : Step(102): len = 204402, overlap = 124.125
PHY-3002 : Step(103): len = 203638, overlap = 127.219
PHY-3001 : :::3::: Try harder cell spreading with beta_ = 0.000188225
PHY-3002 : Step(104): len = 207233, overlap = 116.719
PHY-3002 : Step(105): len = 207962, overlap = 117.719
PHY-3002 : Step(106): len = 208882, overlap = 106.094
PHY-3002 : Step(107): len = 209465, overlap = 99.4688
PHY-3002 : Step(108): len = 210334, overlap = 94.9375
PHY-3002 : Step(109): len = 210769, overlap = 91.5
PHY-3002 : Step(110): len = 210953, overlap = 87.9688
PHY-3001 : :::4::: Try harder cell spreading with beta_ = 0.00037645
PHY-3002 : Step(111): len = 211396, overlap = 85.5938
PHY-3002 : Step(112): len = 211670, overlap = 85.9688
OPT-1001 : Start physical optimization ...
RUN-1002 : start command "start_timer -report"
TMR-2505 : Start building timing graph for model sd_bmp_hdmi.
TMR-2506 : Build timing graph completely. Port num: 9, tpin num: 27411, tnet num: 7019, tinst num: 5797, tnode num: 37041, tedge num: 45760.
TMR-2508 : Levelizing timing graph completed, there are 29 levels in total.
TMR-2501 : Timing graph initialized successfully.
OPT-1001 : Total overflow 348.09 peak overflow 4.59
OPT-1001 : Start high-fanout net optimization ...
OPT-1001 : Update timing in global mode
PHY-1001 : Start incremental global routing, caller is place ...
RUN-1001 : Generating global routing grids ...
RUN-1001 : Building simple global routing graph ...
PHY-1001 : Generate routing nets ...
PHY-1001 : Reuse net number 0/7021.
PHY-1001 : Global iterations in 16 thread ...
PHY-1002 : len = 238472, over cnt = 939(2%), over = 3576, worst = 19
PHY-1001 : End global iterations;  0.419529s wall, 0.187500s user + 0.000000s system = 0.187500s CPU (44.7%)

PHY-1001 : Congestion index: top1 = 52.97, top5 = 40.77, top10 = 34.38, top15 = 30.16.
PHY-1001 : End incremental global routing;  0.546571s wall, 0.281250s user + 0.000000s system = 0.281250s CPU (51.5%)

TMR-2503 : Start to update net delay, extr mode = 5.
TMR-2504 : Update delay of 7019 nets completely.
TMR-2502 : Annotate delay completely, extr mode = 5.
TMR-3001 : Initiate 0 clocks from SDC.
TMR-3004 : Map sdc constraints, there are 8 constraints in total.
TMR-3003 : Constraints initiated successfully.
TMR-3501 : Forward propagation: start to calculate arrival time...
TMR-3502 : Backward propagation: start to calculate required time...
TMR-3503 : Timing propagation completes.
OPT-1001 : End timing update;  0.199297s wall, 0.171875s user + 0.000000s system = 0.171875s CPU (86.2%)

OPT-1001 : 0 high-fanout net processed.
OPT-1001 : End high-fanout net optimization;  0.850979s wall, 0.546875s user + 0.000000s system = 0.546875s CPU (64.3%)

OPT-1001 : Current memory(MB): used = 305, reserve = 273, peak = 305.
OPT-1001 : Start global optimization ...
OPT-1001 : Start congestion update ...
RUN-1001 : Generating global routing grids ...
PHY-1001 : Generate routing nets ...
PHY-1001 : Reuse net number 5390/7021.
PHY-1001 : Global iterations in 16 thread ...
PHY-1002 : len = 238472, over cnt = 939(2%), over = 3576, worst = 19
PHY-1002 : len = 256864, over cnt = 651(1%), over = 1655, worst = 17
PHY-1002 : len = 269328, over cnt = 171(0%), over = 427, worst = 17
PHY-1002 : len = 272240, over cnt = 76(0%), over = 197, worst = 11
PHY-1002 : len = 275176, over cnt = 0(0%), over = 0, worst = 0
PHY-1001 : End global iterations;  0.546956s wall, 0.312500s user + 0.015625s system = 0.328125s CPU (60.0%)

PHY-1001 : Congestion index: top1 = 45.00, top5 = 38.01, top10 = 33.38, top15 = 30.08.
OPT-1001 : End congestion update;  0.665714s wall, 0.453125s user + 0.015625s system = 0.468750s CPU (70.4%)

OPT-1001 : Update timing in Manhattan mode
TMR-2503 : Start to update net delay, extr mode = 3.
TMR-2504 : Update delay of 7019 nets completely.
TMR-2502 : Annotate delay completely, extr mode = 3.
TMR-3501 : Forward propagation: start to calculate arrival time...
TMR-3502 : Backward propagation: start to calculate required time...
TMR-3503 : Timing propagation completes.
OPT-1001 : End timing update;  0.167009s wall, 0.140625s user + 0.000000s system = 0.140625s CPU (84.2%)

OPT-0007 : Start: WNS 999170 TNS 0 NUM_FEPS 0
OPT-1001 : End global optimization;  0.833004s wall, 0.593750s user + 0.015625s system = 0.609375s CPU (73.2%)

OPT-1001 : Current memory(MB): used = 309, reserve = 277, peak = 309.
OPT-1001 : End physical optimization;  2.448649s wall, 1.796875s user + 0.031250s system = 1.828125s CPU (74.7%)

PHY-3001 : Start packing ...
SYN-4007 : Packing 0 MUX to BLE ...
SYN-4008 : Packed 0 MUX and 0 SEQ to BLE.
SYN-4007 : Packing 1743 LUT to BLE ...
SYN-4008 : Packed 1743 LUT and 1026 SEQ to BLE.
SYN-4003 : Packing 1978 remaining SEQ's ...
SYN-4005 : Packed 683 SEQ with LUT/SLICE
SYN-4006 : 236 single LUT's are left
SYN-4006 : 1295 single SEQ's are left
SYN-4011 : Packing model "sd_bmp_hdmi" (AL_USER_NORMAL) with 3038/4250 primitive instances ...
PHY-3001 : End packing;  0.318332s wall, 0.218750s user + 0.000000s system = 0.218750s CPU (68.7%)

PHY-1001 : Populate physical database on model sd_bmp_hdmi.
RUN-1001 : There are total 2672 instances
RUN-1001 : 1286 mslices, 1287 lslices, 71 pads, 19 brams, 0 dsps
RUN-1001 : There are total 6106 nets
RUN-1001 : 3829 nets have 2 pins
RUN-1001 : 1724 nets have [3 - 5] pins
RUN-1001 : 395 nets have [6 - 10] pins
RUN-1001 : 110 nets have [11 - 20] pins
RUN-1001 : 39 nets have [21 - 99] pins
RUN-1001 : 9 nets have 100+ pins
PHY-3001 : design contains 2670 instances, 2573 slices, 161 macros(953 instances: 615 mslices 338 lslices)
PHY-3001 : Cell area utilization is 32%
PHY-3001 : After packing: Len = 216208, Over = 145.75
PHY-3001 : Run with size of 2
PHY-3001 : Cell area utilization is 32%
PHY-3001 : Update timing in Manhattan mode ...
RUN-1002 : start command "start_timer -report"
TMR-2505 : Start building timing graph for model sd_bmp_hdmi.
TMR-2506 : Build timing graph completely. Port num: 9, tpin num: 22730, tnet num: 6104, tinst num: 2670, tnode num: 29399, tedge num: 39864.
TMR-2508 : Levelizing timing graph completed, there are 29 levels in total.
TMR-2501 : Timing graph initialized successfully.
TMR-2503 : Start to update net delay, extr mode = 3.
TMR-2504 : Update delay of 6104 nets completely.
TMR-2502 : Annotate delay completely, extr mode = 3.
TMR-3001 : Initiate 0 clocks from SDC.
TMR-3004 : Map sdc constraints, there are 8 constraints in total.
TMR-3003 : Constraints initiated successfully.
TMR-3501 : Forward propagation: start to calculate arrival time...
TMR-3502 : Backward propagation: start to calculate required time...
TMR-3503 : Timing propagation completes.
PHY-3001 : End timing update;  0.860653s wall, 0.593750s user + 0.000000s system = 0.593750s CPU (69.0%)

PHY-3001 : :::0::: Try harder cell spreading with beta_ = 1.86602e-05
PHY-3002 : Step(113): len = 213560, overlap = 150
PHY-3002 : Step(114): len = 212577, overlap = 151.75
PHY-3002 : Step(115): len = 209167, overlap = 156.5
PHY-3002 : Step(116): len = 206395, overlap = 159
PHY-3002 : Step(117): len = 205082, overlap = 161.25
PHY-3002 : Step(118): len = 203786, overlap = 165
PHY-3001 : :::1::: Try harder cell spreading with beta_ = 3.73204e-05
PHY-3002 : Step(119): len = 204618, overlap = 162.25
PHY-3002 : Step(120): len = 205291, overlap = 161
PHY-3002 : Step(121): len = 207039, overlap = 153.75
PHY-3001 : :::2::: Try harder cell spreading with beta_ = 7.46407e-05
PHY-3002 : Step(122): len = 210374, overlap = 147
PHY-3002 : Step(123): len = 212686, overlap = 144.25
PHY-3002 : Step(124): len = 217757, overlap = 135.25
PHY-3002 : Step(125): len = 217799, overlap = 130
PHY-3002 : Step(126): len = 217913, overlap = 129.75
PHY-3002 : Step(127): len = 216836, overlap = 130.75
PHY-3002 : Step(128): len = 216831, overlap = 128.5
PHY-3002 : Step(129): len = 217160, overlap = 128.75
PHY-3001 : :::3::: Try harder cell spreading with beta_ = 0.000149281
PHY-3002 : Step(130): len = 220762, overlap = 119.5
PHY-3002 : Step(131): len = 221577, overlap = 120
PHY-3002 : Step(132): len = 223555, overlap = 116.5
PHY-3001 : :::4::: Try harder cell spreading with beta_ = 0.000298563
PHY-3002 : Step(133): len = 226179, overlap = 115.5
PHY-3002 : Step(134): len = 227979, overlap = 116.25
PHY-3002 : Step(135): len = 229589, overlap = 110.75
PHY-3002 : Step(136): len = 229985, overlap = 106.5
PHY-3002 : Step(137): len = 230126, overlap = 104.75
PHY-3001 : Legalization ...
PHY-3001 : End legalization;  0.979617s wall, 0.046875s user + 0.171875s system = 0.218750s CPU (22.3%)

PHY-3001 : Trial Legalized: Len = 261216
PHY-3001 : Run with size of 2
PHY-3001 : Cell area utilization is 31%
PHY-3001 : Update timing in Manhattan mode ...
TMR-2503 : Start to update net delay, extr mode = 3.
TMR-2504 : Update delay of 6104 nets completely.
TMR-2502 : Annotate delay completely, extr mode = 3.
TMR-3501 : Forward propagation: start to calculate arrival time...
TMR-3502 : Backward propagation: start to calculate required time...
TMR-3503 : Timing propagation completes.
PHY-3001 : End timing update;  0.138876s wall, 0.093750s user + 0.000000s system = 0.093750s CPU (67.5%)

PHY-3001 : :::0::: Try harder cell spreading with beta_ = 0.000260524
PHY-3002 : Step(138): len = 247683, overlap = 11.25
PHY-3002 : Step(139): len = 240899, overlap = 30
PHY-3002 : Step(140): len = 236713, overlap = 34.25
PHY-3002 : Step(141): len = 235092, overlap = 38.75
PHY-3002 : Step(142): len = 234250, overlap = 41.5
PHY-3002 : Step(143): len = 233667, overlap = 45.5
PHY-3002 : Step(144): len = 233177, overlap = 46
PHY-3001 : :::1::: Try harder cell spreading with beta_ = 0.000521048
PHY-3002 : Step(145): len = 233414, overlap = 42.5
PHY-3002 : Step(146): len = 233746, overlap = 41.5
PHY-3002 : Step(147): len = 233746, overlap = 41.5
PHY-3001 : :::2::: Try harder cell spreading with beta_ = 0.0010421
PHY-3002 : Step(148): len = 234088, overlap = 41.75
PHY-3002 : Step(149): len = 234258, overlap = 40.75
PHY-3001 : Legalization ...
PHY-3001 : End legalization;  0.012566s wall, 0.000000s user + 0.000000s system = 0.000000s CPU (n/a%)

PHY-3001 : Legalized: Len = 245878, Over = 0
PHY-3001 : Spreading special nets. 43 overflows in 2952 tiles.
PHY-3001 : End spreading;  0.037639s wall, 0.031250s user + 0.000000s system = 0.031250s CPU (83.0%)

PHY-3001 : 58 instances has been re-located, deltaX = 16, deltaY = 30, maxDist = 2.
PHY-3001 : Final: Len = 247202, Over = 0
PHY-3001 : BANK 6 DIFFRESISTOR:NONE VOD:350M VCM:1.2
OPT-1001 : Start physical optimization ...
RUN-1002 : start command "start_timer -report"
TMR-2505 : Start building timing graph for model sd_bmp_hdmi.
TMR-2506 : Build timing graph completely. Port num: 9, tpin num: 22730, tnet num: 6104, tinst num: 2671, tnode num: 29399, tedge num: 39864.
TMR-2508 : Levelizing timing graph completed, there are 29 levels in total.
TMR-2501 : Timing graph initialized successfully.
OPT-1001 : Total overflow 0.00 peak overflow 0.00
OPT-1001 : Start high-fanout net optimization ...
OPT-1001 : Update timing in global mode
PHY-1001 : Start incremental global routing, caller is place ...
RUN-1001 : Generating global routing grids ...
PHY-1001 : Generate routing nets ...
PHY-1001 : Reuse net number 228/6106.
PHY-1001 : Global iterations in 16 thread ...
PHY-1002 : len = 285568, over cnt = 685(1%), over = 1097, worst = 7
PHY-1002 : len = 289128, over cnt = 426(1%), over = 623, worst = 7
PHY-1002 : len = 294592, over cnt = 123(0%), over = 179, worst = 6
PHY-1002 : len = 295608, over cnt = 72(0%), over = 109, worst = 6
PHY-1002 : len = 297024, over cnt = 0(0%), over = 0, worst = 0
PHY-1001 : End global iterations;  0.846322s wall, 0.359375s user + 0.015625s system = 0.375000s CPU (44.3%)

PHY-1001 : Congestion index: top1 = 37.97, top5 = 32.54, top10 = 29.25, top15 = 27.06.
PHY-1001 : End incremental global routing;  0.989829s wall, 0.468750s user + 0.015625s system = 0.484375s CPU (48.9%)

TMR-2503 : Start to update net delay, extr mode = 5.
TMR-2504 : Update delay of 6104 nets completely.
TMR-2502 : Annotate delay completely, extr mode = 5.
TMR-3001 : Initiate 0 clocks from SDC.
TMR-3004 : Map sdc constraints, there are 8 constraints in total.
TMR-3003 : Constraints initiated successfully.
TMR-3501 : Forward propagation: start to calculate arrival time...
TMR-3502 : Backward propagation: start to calculate required time...
TMR-3503 : Timing propagation completes.
OPT-1001 : End timing update;  0.168098s wall, 0.078125s user + 0.000000s system = 0.078125s CPU (46.5%)

OPT-1001 : 0 high-fanout net processed.
OPT-1001 : End high-fanout net optimization;  1.277701s wall, 0.593750s user + 0.015625s system = 0.609375s CPU (47.7%)

OPT-1001 : Current memory(MB): used = 319, reserve = 289, peak = 319.
OPT-1001 : Start path based optimization ...
OPT-1001 : Start congestion update ...
RUN-1001 : Generating global routing grids ...
PHY-1001 : Generate routing nets ...
PHY-1001 : Reuse net number 5330/6106.
PHY-1001 : Global iterations in 16 thread ...
PHY-1002 : len = 297024, over cnt = 0(0%), over = 0, worst = 0
PHY-1001 : End global iterations;  0.033887s wall, 0.015625s user + 0.000000s system = 0.015625s CPU (46.1%)

PHY-1001 : Congestion index: top1 = 37.97, top5 = 32.54, top10 = 29.25, top15 = 27.06.
OPT-1001 : End congestion update;  0.189934s wall, 0.109375s user + 0.000000s system = 0.109375s CPU (57.6%)

OPT-1001 : Update timing in Manhattan mode
TMR-2503 : Start to update net delay, extr mode = 3.
TMR-2504 : Update delay of 6104 nets completely.
TMR-2502 : Annotate delay completely, extr mode = 3.
TMR-3501 : Forward propagation: start to calculate arrival time...
TMR-3502 : Backward propagation: start to calculate required time...
TMR-3503 : Timing propagation completes.
OPT-1001 : End timing update;  0.134442s wall, 0.093750s user + 0.000000s system = 0.093750s CPU (69.7%)

OPT-0007 : Start: WNS 998995 TNS 0 NUM_FEPS 0
OPT-1001 : End path based optimization;  0.324596s wall, 0.203125s user + 0.000000s system = 0.203125s CPU (62.6%)

OPT-1001 : Current memory(MB): used = 322, reserve = 292, peak = 322.
OPT-1001 : Update timing in Manhattan mode
TMR-2503 : Start to update net delay, extr mode = 3.
TMR-2504 : Update delay of 6104 nets completely.
TMR-2502 : Annotate delay completely, extr mode = 3.
TMR-3501 : Forward propagation: start to calculate arrival time...
TMR-3502 : Backward propagation: start to calculate required time...
TMR-3503 : Timing propagation completes.
OPT-1001 : End timing update;  0.154771s wall, 0.078125s user + 0.000000s system = 0.078125s CPU (50.5%)

OPT-1001 : Start pin optimization...
OPT-1001 : skip pin optimization...
RUN-1001 : Generating global routing grids ...
PHY-1001 : Generate routing nets ...
PHY-1001 : Reuse net number 5330/6106.
PHY-1001 : Global iterations in 16 thread ...
PHY-1002 : len = 297024, over cnt = 0(0%), over = 0, worst = 0
PHY-1001 : End global iterations;  0.030243s wall, 0.031250s user + 0.000000s system = 0.031250s CPU (103.3%)

PHY-1001 : Congestion index: top1 = 37.97, top5 = 32.54, top10 = 29.25, top15 = 27.06.
OPT-1001 : Update timing in Manhattan mode
TMR-2503 : Start to update net delay, extr mode = 3.
TMR-2504 : Update delay of 6104 nets completely.
TMR-2502 : Annotate delay completely, extr mode = 3.
TMR-3501 : Forward propagation: start to calculate arrival time...
TMR-3502 : Backward propagation: start to calculate required time...
TMR-3503 : Timing propagation completes.
OPT-1001 : End timing update;  0.121865s wall, 0.125000s user + 0.000000s system = 0.125000s CPU (102.6%)

RUN-1001 : QoR Analysis:
OPT-0007 :   WNS 998995 TNS 0 NUM_FEPS 0
RUN-1001 :   No local congestion issue, and most congested 1% tile average routing util is 37.689655
RUN-1001 :   Top critical paths
OPT-1001 : End physical optimization;  2.857579s wall, 1.781250s user + 0.031250s system = 1.812500s CPU (63.4%)

RUN-1003 : finish command "place" in  15.927003s wall, 8.953125s user + 2.062500s system = 11.015625s CPU (69.2%)

RUN-1004 : used memory is 305 MB, reserved memory is 275 MB, peak memory is 322 MB
RUN-1002 : start command "export_db SD-SDRAM-ISP-HDMI_place.db"
RUN-1001 : Exported /
RUN-1001 : Exported flow parameters
RUN-1001 : Exported libs
RUN-1001 : Exported entities
RUN-1001 : Exported ports
RUN-1001 : Exported pins
RUN-1001 : Exported instances
RUN-1001 : Exported nets
RUN-1001 : Exported buses
RUN-1001 : Exported models
RUN-1001 : Exported congestions
RUN-1001 : Exported violations
RUN-1001 : Exported timing constraints
RUN-1001 : Exported IO constraints
RUN-1001 : Exported Inst constraints
RUN-1001 : Exported ChipWatcher
RUN-1002 : start command "route"
RUN-1001 : Open license file F:/ARMChina/license/Anlogic.lic
RUN-1001 : Print Global Property
RUN-1001 : ---------------------------------------------------------------
RUN-1001 :        Parameters        |  Settings  |  Default Values  |  Note  
RUN-1001 : ---------------------------------------------------------------
RUN-1001 :          message         |  standard  |     standard     |        
RUN-1001 :   mixed_pack_place_flow  |     on     |        on        |        
RUN-1001 :        qor_monitor       |    off     |       off        |        
RUN-1001 :        syn_ip_flow       |    off     |       off        |        
RUN-1001 :          thread          |    auto    |       auto       |        
RUN-1001 : ---------------------------------------------------------------
RUN-1001 : Print Route Property
RUN-1001 : -------------------------------------------------------
RUN-1001 :    Parameters    |  Settings  |  Default Values  |  Note  
RUN-1001 : -------------------------------------------------------
RUN-1001 :      effort      |   medium   |      medium      |        
RUN-1001 :     fix_hold     |    off     |       off        |        
RUN-1001 :    opt_timing    |   medium   |      medium      |        
RUN-1001 :   phy_sim_model  |    off     |       off        |        
RUN-1001 :     priority     |   timing   |      timing      |        
RUN-1001 :     swap_pin     |     on     |        on        |        
RUN-1001 : -------------------------------------------------------
PHY-1001 : Route runs in 16 thread(s)
RUN-1001 : There are total 2673 instances
RUN-1001 : 1286 mslices, 1287 lslices, 71 pads, 19 brams, 0 dsps
RUN-1001 : There are total 6106 nets
RUN-1001 : 3829 nets have 2 pins
RUN-1001 : 1724 nets have [3 - 5] pins
RUN-1001 : 395 nets have [6 - 10] pins
RUN-1001 : 110 nets have [11 - 20] pins
RUN-1001 : 39 nets have [21 - 99] pins
RUN-1001 : 9 nets have 100+ pins
RUN-1002 : start command "start_timer -report"
TMR-2505 : Start building timing graph for model sd_bmp_hdmi.
TMR-2506 : Build timing graph completely. Port num: 9, tpin num: 22730, tnet num: 6104, tinst num: 2671, tnode num: 29399, tedge num: 39864.
TMR-2508 : Levelizing timing graph completed, there are 29 levels in total.
TMR-2501 : Timing graph initialized successfully.
PHY-1001 : 1286 mslices, 1287 lslices, 71 pads, 19 brams, 0 dsps
TMR-2503 : Start to update net delay, extr mode = 3.
TMR-2504 : Update delay of 6104 nets completely.
TMR-2502 : Annotate delay completely, extr mode = 3.
TMR-3001 : Initiate 0 clocks from SDC.
TMR-3004 : Map sdc constraints, there are 8 constraints in total.
TMR-3003 : Constraints initiated successfully.
TMR-3501 : Forward propagation: start to calculate arrival time...
TMR-3502 : Backward propagation: start to calculate required time...
TMR-3503 : Timing propagation completes.
PHY-1001 : Start global routing, caller is route ...
RUN-1001 : Generating global routing grids ...
PHY-1001 : Generate routing nets ...
PHY-1001 : Global iterations in 16 thread ...
PHY-1002 : len = 283472, over cnt = 697(1%), over = 1120, worst = 7
PHY-1002 : len = 287184, over cnt = 434(1%), over = 631, worst = 6
PHY-1002 : len = 293392, over cnt = 83(0%), over = 113, worst = 6
PHY-1002 : len = 294880, over cnt = 4(0%), over = 5, worst = 2
PHY-1002 : len = 294944, over cnt = 0(0%), over = 0, worst = 0
PHY-1001 : End global iterations;  0.787307s wall, 0.421875s user + 0.015625s system = 0.437500s CPU (55.6%)

PHY-1001 : Congestion index: top1 = 38.73, top5 = 32.66, top10 = 29.34, top15 = 27.06.
PHY-1001 : End global routing;  0.911672s wall, 0.531250s user + 0.015625s system = 0.546875s CPU (60.0%)

PHY-1001 : Start detail routing ...
PHY-1001 : Current memory(MB): used = 352, reserve = 323, peak = 358.
PHY-1001 : Detailed router is running in normal mode.
PHY-1001 : Generate detailed routing grids ...
PHY-1001 : Generate nets ...
PHY-1001 : net sys_clk_dup_1 will be routed on clock mesh
PHY-1001 : clock net u_clk_wiz_1/clk0_out will be merged with clock u_clk_wiz_1/clk0_buf
PHY-1001 : net u_ddr3_top/clk_sdram will be routed on clock mesh
PHY-1001 : clock net u_ddr3_top/u_sdram_fifo_ctrl/clk_ref will be merged with clock u_clk_wiz_0/clk0_buf
PHY-1001 : net u_ddr3_top/u_sdram_fifo_ctrl/wrfifo/clkw will be routed on clock mesh
PHY-1001 : net u_hdmi_top/bnr/pclk will be routed on clock mesh
PHY-1001 : clock net u_sd_ctrl_top/u_sd_init/div_clk_syn_4 will be merged with clock u_sd_ctrl_top/u_sd_init/div_clk
PHY-1001 : net u_sd_ctrl_top/u_sd_read/clk_ref_180deg will be routed on clock mesh
PHY-1001 : clock net config_inst_syn_10 will be merged with clock config_inst_syn_9
PHY-1001 : Current memory(MB): used = 606, reserve = 579, peak = 606.
PHY-1001 : End build detailed router design. 3.576358s wall, 3.000000s user + 0.046875s system = 3.046875s CPU (85.2%)

PHY-1001 : Detail Route ...
PHY-1001 : ===== Detail Route Phase 1 =====
PHY-1001 : Clock net routing.....
PHY-1001 : Routed 0% nets.
PHY-1022 : len = 94816, over cnt = 1(0%), over = 1, worst = 1, crit = 0
PHY-1001 : End initial clock net routed; 3.376176s wall, 2.437500s user + 0.000000s system = 2.437500s CPU (72.2%)

PHY-1001 : Ripup-reroute.....
PHY-1001 : ===== DR Iter 1 =====
PHY-1022 : len = 94800, over cnt = 0(0%), over = 0, worst = 0, crit = 0
PHY-1001 : End DR Iter 1; 0.454268s wall, 0.390625s user + 0.000000s system = 0.390625s CPU (86.0%)

PHY-1001 : Current memory(MB): used = 639, reserve = 613, peak = 639.
PHY-1001 : End phase 1; 3.840571s wall, 2.843750s user + 0.000000s system = 2.843750s CPU (74.0%)

PHY-1001 : ===== Detail Route Phase 2 =====
PHY-1001 : Initial routing.....
PHY-1001 : Routed 36% nets.
PHY-1001 : Routed 42% nets.
PHY-1001 : Routed 52% nets.
PHY-1001 : Routed 65% nets.
PHY-1001 : Routed 86% nets.
PHY-1022 : len = 739760, over cnt = 117(0%), over = 117, worst = 1, crit = 0
PHY-1001 : Current memory(MB): used = 641, reserve = 615, peak = 641.
PHY-1001 : End initial routed; 18.900415s wall, 14.765625s user + 0.062500s system = 14.828125s CPU (78.5%)

PHY-1001 : Update timing.....
PHY-1001 : 0/5300(0%) critical/total net(s).
RUN-1001 : ------------------------------------------
RUN-1001 :   Type   |    WNS(ns)    |  TNS(ns)  |  FEP  
RUN-1001 : ------------------------------------------
RUN-1001 :   Setup  |    998.492    |   0.000   |   0   
RUN-1001 :   Hold   |  2147483.647  |   0.000   |   0   
RUN-1001 : ------------------------------------------
PHY-1001 : End update timing; 0.970978s wall, 0.812500s user + 0.000000s system = 0.812500s CPU (83.7%)

PHY-1001 : Current memory(MB): used = 647, reserve = 621, peak = 647.
PHY-1001 : End phase 2; 19.871551s wall, 15.578125s user + 0.062500s system = 15.640625s CPU (78.7%)

PHY-1001 : ===== Detail Route Phase 3 =====
PHY-1001 : Optimize timing.....
PHY-1022 : len = 739760, over cnt = 117(0%), over = 117, worst = 1, crit = 0
PHY-1001 : End optimize timing; 0.023935s wall, 0.031250s user + 0.000000s system = 0.031250s CPU (130.6%)

PHY-1001 : Ripup-reroute.....
PHY-1001 : ===== DR Iter 1 =====
PHY-1022 : len = 738856, over cnt = 27(0%), over = 27, worst = 1, crit = 0
PHY-1001 : End DR Iter 1; 0.078621s wall, 0.031250s user + 0.000000s system = 0.031250s CPU (39.7%)

PHY-1001 : ===== DR Iter 2 =====
PHY-1022 : len = 738928, over cnt = 1(0%), over = 1, worst = 1, crit = 0
PHY-1001 : End DR Iter 2; 0.086180s wall, 0.046875s user + 0.000000s system = 0.046875s CPU (54.4%)

PHY-1001 : ===== DR Iter 3 =====
PHY-1022 : len = 738944, over cnt = 0(0%), over = 0, worst = 0, crit = 0
PHY-1001 : End DR Iter 3; 0.052871s wall, 0.015625s user + 0.000000s system = 0.015625s CPU (29.6%)

PHY-1001 : Update timing.....
PHY-1001 : 0/5300(0%) critical/total net(s).
RUN-1001 : ------------------------------------------
RUN-1001 :   Type   |    WNS(ns)    |  TNS(ns)  |  FEP  
RUN-1001 : ------------------------------------------
RUN-1001 :   Setup  |    998.492    |   0.000   |   0   
RUN-1001 :   Hold   |  2147483.647  |   0.000   |   0   
RUN-1001 : ------------------------------------------
PHY-1001 : End update timing; 0.953359s wall, 0.875000s user + 0.000000s system = 0.875000s CPU (91.8%)

PHY-1001 : Commit to database.....
PHY-1001 : 23 feed throughs used by 22 nets
PHY-1001 : End commit to database; 0.605613s wall, 0.593750s user + 0.015625s system = 0.609375s CPU (100.6%)

PHY-1001 : Current memory(MB): used = 675, reserve = 650, peak = 675.
PHY-1001 : End phase 3; 1.969148s wall, 1.703125s user + 0.015625s system = 1.718750s CPU (87.3%)

PHY-1003 : Routed, final wirelength = 738944
PHY-1001 : Current memory(MB): used = 676, reserve = 651, peak = 676.
PHY-1001 : End export database. 0.022084s wall, 0.031250s user + 0.000000s system = 0.031250s CPU (141.5%)

PHY-1001 : End detail routing;  29.540697s wall, 23.390625s user + 0.125000s system = 23.515625s CPU (79.6%)

RUN-1003 : finish command "route" in  31.456868s wall, 24.531250s user + 0.140625s system = 24.671875s CPU (78.4%)

RUN-1004 : used memory is 676 MB, reserved memory is 652 MB, peak memory is 676 MB
RUN-1002 : start command "report_area -io_info -file SD-SDRAM-ISP-HDMI_phy.area"
RUN-1001 : standard
***Report Model: sd_bmp_hdmi Device: EG4S20BG256***

IO Statistics
#IO                        12
  #input                    5
  #output                   7
  #inout                    0

Utilization Statistics
#lut                     3704   out of  19600   18.90%
#reg                     3009   out of  19600   15.35%
#le                      4999
  #lut only              1990   out of   4999   39.81%
  #reg only              1295   out of   4999   25.91%
  #lut&reg               1714   out of   4999   34.29%
#dsp                        0   out of     29    0.00%
#bram                       9   out of     64   14.06%
  #bram9k                   9
  #fifo9k                   0
#bram32k                   10   out of     16   62.50%
#pad                       16   out of    188    8.51%
  #ireg                     0
  #oreg                     4
  #treg                     0
#pll                        2   out of      4   50.00%
#gclk                       4   out of     16   25.00%

Clock Resource Statistics
Index     ClockNet                                    Type               DriverType         Driver                                          Fanout
#1        u_hdmi_top/bnr/pclk                         GCLK               pll                u_clk_wiz_1/pll_inst.clkc1                      1019
#2        u_clk_wiz_0/clk0_buf                        GCLK               pll                u_clk_wiz_0/pll_inst.clkc0                      173
#3        u_ddr3_top/u_sdram_fifo_ctrl/wrfifo/clkw    GCLK               pll                u_clk_wiz_0/pll_inst.clkc3                      157
#4        config_inst_syn_9                           GCLK               config             config_inst.jtck                                156
#5        sys_clk_dup_1                               GCLK               io                 sys_clk_syn_2.di                                81
#6        u_sd_ctrl_top/u_sd_init/div_clk             GCLK               mslice             u_sd_ctrl_top/u_sd_init/div_clk_reg_syn_9.q0    62
#7        u_clk_wiz_1/clk0_buf                        GCLK               pll                u_clk_wiz_1/pll_inst.clkc0                      37
#8        u_sd_ctrl_top/u_sd_read/clk_ref_180deg      GCLK               pll                u_clk_wiz_0/pll_inst.clkc4                      25
#9        u_ddr3_top/clk_sdram                        GCLK               pll                u_clk_wiz_0/pll_inst.clkc1                      0


Detailed IO Report

        Name           Direction    Location    IOStandard    DriveStrength    PullType    PackReg  
       sd_miso           INPUT        D14        LVCMOS33          N/A          PULLUP      NONE    
   switch_video[1]       INPUT        B10        LVCMOS33          N/A          PULLUP      NONE    
   switch_video[0]       INPUT        A10        LVCMOS33          N/A          PULLUP      NONE    
       sys_clk           INPUT         R7        LVCMOS33          N/A          PULLUP      NONE    
      sys_rst_n          INPUT         A9        LVCMOS33          N/A          PULLUP      NONE    
       sd_clk           OUTPUT        F15        LVCMOS33           8            NONE       NONE    
        sd_cs           OUTPUT        F13        LVCMOS33           8            NONE       NONE    
       sd_mosi          OUTPUT        F14        LVCMOS33           8            NONE       NONE    
     tmds_clk_p         OUTPUT         P1         LVDS33           NA            NONE      ODDRX1   
    tmds_clk_p(n)       OUTPUT         R1         LVDS33           NA            NONE      ODDRX1   
   tmds_data_p[2]       OUTPUT         J3         LVDS33           NA            NONE      ODDRX1   
  tmds_data_p[2](n)     OUTPUT         J4         LVDS33           NA            NONE      ODDRX1   
   tmds_data_p[1]       OUTPUT         P4         LVDS33           NA            NONE      ODDRX1   
  tmds_data_p[1](n)     OUTPUT         N4         LVDS33           NA            NONE      ODDRX1   
   tmds_data_p[0]       OUTPUT         N1         LVDS33           NA            NONE      ODDRX1   
  tmds_data_p[0](n)     OUTPUT         M1         LVDS33           NA            NONE      ODDRX1   
       dq[23]            INPUT        S31        LVCMOS25           8           PULLUP      NONE    
       dq[22]            INPUT        S32        LVCMOS25           8           PULLUP      NONE    
       dq[21]            INPUT        S35        LVCMOS25           8           PULLUP      NONE    
       dq[20]            INPUT        S36        LVCMOS25           8           PULLUP      NONE    
       dq[19]            INPUT        S37        LVCMOS25           8           PULLUP      NONE    
       dq[18]            INPUT        S38        LVCMOS25           8           PULLUP      NONE    
       dq[17]            INPUT        S41        LVCMOS25           8           PULLUP      NONE    
       dq[16]            INPUT        S42        LVCMOS25           8           PULLUP      NONE    
       dq[31]            INPUT        S48        LVCMOS25           8           PULLUP      NONE    
       dq[30]            INPUT        S49        LVCMOS25           8           PULLUP      NONE    
       dq[29]            INPUT        S52        LVCMOS25           8           PULLUP      NONE    
       dq[28]            INPUT        S53        LVCMOS25           8           PULLUP      NONE    
       dq[27]            INPUT        S54        LVCMOS25           8           PULLUP      NONE    
       dq[26]            INPUT        S55        LVCMOS25           8           PULLUP      NONE    
       dq[25]            INPUT        S58        LVCMOS25           8           PULLUP      NONE    
       dq[24]            INPUT        S59        LVCMOS25           8           PULLUP      NONE    
         dm0            OUTPUT        S14        LVCMOS25           8            NONE       NONE    
         cke            OUTPUT        S18        LVCMOS25           8            NONE       OREG    
        we_n            OUTPUT        S19        LVCMOS25           8            NONE       OREG    
        cas_n           OUTPUT        S20        LVCMOS25           8            NONE       OREG    
        ras_n           OUTPUT        S21        LVCMOS25           8            NONE       OREG    
        cs_n            OUTPUT        S22        LVCMOS25           8            NONE       OREG    
       addr[9]          OUTPUT        S23        LVCMOS25           8            NONE       OREG    
       addr[8]          OUTPUT        S24        LVCMOS25           8            NONE       OREG    
       addr[7]          OUTPUT        S25        LVCMOS25           8            NONE       OREG    
       addr[6]          OUTPUT        S26        LVCMOS25           8            NONE       OREG    
       addr[5]          OUTPUT        S27        LVCMOS25           8            NONE       OREG    
       addr[4]          OUTPUT        S28        LVCMOS25           8            NONE       OREG    
         dm2            OUTPUT        S29        LVCMOS25           8            NONE       NONE    
         dm3            OUTPUT        S61        LVCMOS25           8            NONE       NONE    
       addr[3]          OUTPUT        S64        LVCMOS25           8            NONE       OREG    
       addr[2]          OUTPUT        S65        LVCMOS25           8            NONE       OREG    
       addr[1]          OUTPUT        S66        LVCMOS25           8            NONE       OREG    
       addr[0]          OUTPUT        S67        LVCMOS25           8            NONE       OREG    
      addr[10]          OUTPUT        S68        LVCMOS25           8            NONE       OREG    
        ba[0]           OUTPUT        S69        LVCMOS25           8            NONE       OREG    
        ba[1]           OUTPUT        S70        LVCMOS25           8            NONE       OREG    
         clk            OUTPUT        S73        LVCMOS25           8            NONE       NONE    
         dm1            OUTPUT        S76        LVCMOS25           8            NONE       NONE    
        dq[0]            INOUT         S1        LVCMOS25           8           PULLUP      IREG    
        dq[6]            INOUT        S11        LVCMOS25           8           PULLUP      IREG    
        dq[7]            INOUT        S12        LVCMOS25           8           PULLUP      IREG    
        dq[1]            INOUT         S2        LVCMOS25           8           PULLUP      IREG    
        dq[2]            INOUT         S5        LVCMOS25           8           PULLUP      IREG    
        dq[3]            INOUT         S6        LVCMOS25           8           PULLUP      IREG    
        dq[4]            INOUT         S7        LVCMOS25           8           PULLUP      IREG    
        dq[8]            INOUT        S78        LVCMOS25           8           PULLUP      IREG    
        dq[9]            INOUT        S79        LVCMOS25           8           PULLUP      IREG    
        dq[5]            INOUT         S8        LVCMOS25           8           PULLUP      IREG    
       dq[10]            INOUT        S82        LVCMOS25           8           PULLUP      IREG    
       dq[11]            INOUT        S83        LVCMOS25           8           PULLUP      IREG    
       dq[12]            INOUT        S84        LVCMOS25           8           PULLUP      IREG    
       dq[13]            INOUT        S85        LVCMOS25           8           PULLUP      IREG    
       dq[14]            INOUT        S88        LVCMOS25           8           PULLUP      IREG    
       dq[15]            INOUT        S89        LVCMOS25           8           PULLUP      IREG    

Report Hierarchy Area:
+-------------------------------------------------------------------------------------------------------------------------------------+
|Instance                            |Module                                     |le     |lut     |ripple  |seq     |bram    |dsp     |
+-------------------------------------------------------------------------------------------------------------------------------------+
|top                                 |sd_bmp_hdmi                                |4999   |2751    |953     |3013    |19      |0       |
|  u_clk_wiz_0                       |PLL                                        |0      |0       |0       |0       |0       |0       |
|  u_clk_wiz_1                       |PLL_hdmi                                   |0      |0       |0       |0       |0       |0       |
|  u_ddr3_top                        |ddr3_top1                                  |597    |364     |100     |357     |2       |0       |
|    physica_sdram                   |SDRAM                                      |0      |0       |0       |0       |0       |0       |
|    u_sdram_controller              |sdram_controller                           |224    |166     |40      |91      |0       |0       |
|      u_sdram_cmd                   |sdram_cmd                                  |47     |47      |0       |16      |0       |0       |
|      u_sdram_ctrl                  |sdram_ctrl                                 |160    |114     |40      |58      |0       |0       |
|      u_sdram_data                  |sdram_data                                 |17     |5       |0       |17      |0       |0       |
|    u_sdram_fifo_ctrl               |sdram_fifo_ctrl                            |373    |198     |60      |266     |2       |0       |
|      rdfifo                        |SOFTFIFO                                   |142    |78      |18      |117     |1       |0       |
|        ram_inst                    |ram_infer_SOFTFIFO                         |16     |0       |0       |16      |1       |0       |
|        rd_to_wr_cross_inst         |fifo_cross_domain_addr_process_al_SOFTFIFO |37     |22      |0       |37      |0       |0       |
|        wr_to_rd_cross_inst         |fifo_cross_domain_addr_process_al_SOFTFIFO |35     |31      |0       |35      |0       |0       |
|      wrfifo                        |SOFTFIFO                                   |149    |62      |18      |119     |1       |0       |
|        ram_inst                    |ram_infer_SOFTFIFO                         |16     |0       |0       |16      |1       |0       |
|        rd_to_wr_cross_inst         |fifo_cross_domain_addr_process_al_SOFTFIFO |37     |17      |0       |37      |0       |0       |
|        wr_to_rd_cross_inst         |fifo_cross_domain_addr_process_al_SOFTFIFO |37     |21      |0       |37      |0       |0       |
|  u_hdmi_top                        |hdmi_top1                                  |3142   |1538    |637     |1871    |8       |0       |
|    bnr                             |isp_bnr                                    |800    |188     |133     |582     |4       |0       |
|      linebuffer                    |shift_register                             |57     |27      |16      |31      |4       |0       |
|        gen_ram_inst[0]$u_ram       |simple_dp_ram                              |0      |0       |0       |0       |1       |0       |
|        gen_ram_inst[1]$u_ram       |simple_dp_ram                              |0      |0       |0       |0       |1       |0       |
|        gen_ram_inst[2]$u_ram       |simple_dp_ram                              |0      |0       |0       |0       |1       |0       |
|        gen_ram_inst[3]$u_ram       |simple_dp_ram                              |0      |0       |0       |0       |1       |0       |
|    dpc                             |isp_dpc                                    |1916   |1048    |407     |1122    |4       |0       |
|      linebuffer                    |shift_register                             |68     |36      |16      |29      |4       |0       |
|        gen_ram_inst[0]$u_ram       |simple_dp_ram                              |0      |0       |0       |0       |1       |0       |
|        gen_ram_inst[1]$u_ram       |simple_dp_ram                              |0      |0       |0       |0       |1       |0       |
|        gen_ram_inst[2]$u_ram       |simple_dp_ram                              |0      |0       |0       |0       |1       |0       |
|        gen_ram_inst[3]$u_ram       |simple_dp_ram                              |10     |10      |0       |3       |1       |0       |
|    u3_hdmi_tx                      |hdmi_tx                                    |276    |213     |36      |139     |0       |0       |
|      Inst_DVITransmitter           |DVITransmitter                             |276    |213     |36      |139     |0       |0       |
|        Inst_TMDSEncoder_blue       |TMDSEncoder                                |75     |61      |12      |25      |0       |0       |
|        Inst_TMDSEncoder_green      |TMDSEncoder                                |84     |68      |12      |38      |0       |0       |
|        Inst_TMDSEncoder_red        |TMDSEncoder                                |68     |55      |12      |27      |0       |0       |
|        Inst_blue_serializer_10_1   |Serial_N_1_lvds_dat                        |20     |12      |0       |20      |0       |0       |
|        Inst_clk_serializer_10_1    |Serial_N_1_lvds                            |7      |2       |0       |7       |0       |0       |
|        Inst_green_serializer_10_1  |Serial_N_1_lvds_dat                        |11     |7       |0       |11      |0       |0       |
|        Inst_red_serializer_10_1    |Serial_N_1_lvds_dat                        |11     |8       |0       |11      |0       |0       |
|    u_video_driver                  |video_driver                               |150    |89      |61      |28      |0       |0       |
|  u_sd_ctrl_top                     |sd_ctrl_top                                |340    |257     |45      |211     |0       |0       |
|    u_sd_init                       |sd_init                                    |199    |156     |30      |110     |0       |0       |
|    u_sd_read                       |sd_read                                    |141    |101     |15      |101     |0       |0       |
|  u_sd_read_photo                   |read_rawdata                               |318    |238     |72      |171     |0       |0       |
|  cw_top                            |CW_TOP_WRAPPER                             |597    |349     |99      |397     |0       |0       |
|    wrapper_cwc_top                 |cwc_top                                    |597    |349     |99      |397     |0       |0       |
|      cfg_int_inst                  |cwc_cfg_int                                |281    |139     |0       |265     |0       |0       |
|        reg_inst                    |register                                   |279    |137     |0       |263     |0       |0       |
|        tap_inst                    |tap                                        |2      |2       |0       |2       |0       |0       |
|      trigger_inst                  |trigger                                    |316    |210     |99      |132     |0       |0       |
|        bus_inst                    |bus_top                                    |122    |75      |42      |48      |0       |0       |
|          BUS_DETECTOR[1]$bus_nodes |bus_det                                    |2      |2       |0       |2       |0       |0       |
|          BUS_DETECTOR[3]$bus_nodes |bus_det                                    |4      |4       |0       |4       |0       |0       |
|          BUS_DETECTOR[4]$bus_nodes |bus_det                                    |53     |34      |18      |19      |0       |0       |
|          BUS_DETECTOR[5]$bus_nodes |bus_det                                    |47     |29      |18      |15      |0       |0       |
|          BUS_DETECTOR[6]$bus_nodes |bus_det                                    |16     |6       |6       |8       |0       |0       |
|        emb_ctrl_inst               |emb_ctrl                                   |110    |81      |29      |56      |0       |0       |
+-------------------------------------------------------------------------------------------------------------------------------------+


DataNet Average Fanout:

   Index     Fanout     Nets  
    #1          1       3816  
    #2          2       1048  
    #3          3       458   
    #4          4       218   
    #5        5-10      405   
    #6        11-50     130   
    #7       51-100      5    
    #8       101-500     2    
    #9        >500       1    
  Average     2.45            

RUN-1002 : start command "export_db SD-SDRAM-ISP-HDMI_pr.db"
RUN-1001 : Exported /
RUN-1001 : Exported flow parameters
RUN-1001 : Exported libs
RUN-1001 : Exported entities
RUN-1001 : Exported ports
RUN-1001 : Exported pins
RUN-1001 : Exported instances
RUN-1001 : Exported nets
RUN-1001 : Exported buses
RUN-1001 : Exported models
RUN-1001 : Exported congestions
RUN-1001 : Exported violations
RUN-1001 : Exported timing constraints
RUN-1001 : Exported IO constraints
RUN-1001 : Exported Inst constraints
RUN-1001 : Exported ChipWatcher
RUN-1002 : start command "start_timer"
TMR-2505 : Start building timing graph for model sd_bmp_hdmi.
TMR-2506 : Build timing graph completely. Port num: 9, tpin num: 22730, tnet num: 6104, tinst num: 2671, tnode num: 29399, tedge num: 39864.
TMR-2508 : Levelizing timing graph completed, there are 29 levels in total.
TMR-2501 : Timing graph initialized successfully.
RUN-1002 : start command "report_timing -mode FINAL -net_info -rpt_autogen true -file SD-SDRAM-ISP-HDMI_phy.timing"
TMR-2503 : Start to update net delay, extr mode = 6.
TMR-2504 : Update delay of 6104 nets completely.
TMR-2502 : Annotate delay completely, extr mode = 6.
TMR-3001 : Initiate 0 clocks from SDC.
TMR-3004 : Map sdc constraints, there are 8 constraints in total.
TMR-3003 : Constraints initiated successfully.
TMR-3501 : Forward propagation: start to calculate arrival time...
TMR-3502 : Backward propagation: start to calculate required time...
TMR-3503 : Timing propagation completes.
TMR-3506 : Start to generate timing report.
TMR-1502 : Number of clock constraints = 0. Number of clock nets = 9 (9 unconstrainted).
TMR-5009 WARNING: No clock constraint on 9 clock net(s): 
		config_inst_syn_10
		sys_clk_dup_1
		u_clk_wiz_1/clk0_out
		u_ddr3_top/clk_sdram
		u_ddr3_top/u_sdram_fifo_ctrl/clk_ref
		u_ddr3_top/u_sdram_fifo_ctrl/wrfifo/clkw
		u_hdmi_top/bnr/pclk
		u_sd_ctrl_top/u_sd_init/div_clk_syn_4
		u_sd_ctrl_top/u_sd_read/clk_ref_180deg
USR-6122 CRITICAL-WARNING: No clock constraint on PLL u_clk_wiz_0/pll_inst
USR-6122 CRITICAL-WARNING: No clock constraint on PLL u_clk_wiz_1/pll_inst
TMR-3508 : Export timing summary.
TMR-3507 : Timing report generated successfully in SD-SDRAM-ISP-HDMI_phy.timing, timing summary in SD-SDRAM-ISP-HDMI_phy.tsm.
RUN-1002 : start command "export_bid SD-SDRAM-ISP-HDMI_inst.bid"
PRG-1000 : <!-- HMAC is: c9a8ec57b5731660ecb435825e720b35765bc1943dc0a2185b524f937127ee2f -->
RUN-1002 : start command "bitgen -bit SD-SDRAM-ISP-HDMI.bit"
BIT-1003 : Start to generate bitstream. 
BIT-1002 : Init instances with 16 threads.
BIT-1002 : Init instances completely, inst num: 2671
BIT-1002 : Init pips with 16 threads.
BIT-1002 : Init pips completely, net num: 6106, pip num: 52726
BIT-1002 : Init feedthrough with 16 threads.
BIT-1002 : Init feedthrough completely, num: 23
BIT-1003 : Multithreading accelaration with 16 threads.
BIT-1003 : Generate bitstream completely, there are 2301 valid insts, and 154120 bits set as '1'.
BIT-1004 : the usercode register value: 00000000011100000000100110010011
BIT-1004 : PLL setting string = 0110
BIT-1004 : Generate bits file SD-SDRAM-ISP-HDMI.bit.
RUN-1003 : finish command "bitgen -bit SD-SDRAM-ISP-HDMI.bit" in  4.947883s wall, 23.593750s user + 0.515625s system = 24.109375s CPU (487.3%)

RUN-1004 : used memory is 664 MB, reserved memory is 644 MB, peak memory is 856 MB
RUN-1002 : start command "backup_run_log run.log ../.logs/phy_1/td_20240703_234629.log"
