============================================================
   Tang Dynasty, V5.6.71036
      Copyright (c) 2012-2023 Anlogic Inc.
   Executable = F:/ARMChina/bin/td.exe
   Built at =   20:34:38 Mar 21 2023
   Run by =     Illyasvial Von Einzb
   Run Date =   Thu Jul  4 10:58:04 2024

   Run on =     LAPTOP-4S5LNBPI
============================================================
RUN-1002 : start command "open_project SD-SDRAM-ISP-HDMI.prj"
RUN-1001 : Print Global Property
RUN-1001 : ---------------------------------------------------------------
RUN-1001 :        Parameters        |  Settings  |  Default Values  |  Note  
RUN-1001 : ---------------------------------------------------------------
RUN-1001 :          message         |  standard  |     standard     |        
RUN-1001 :   mixed_pack_place_flow  |     on     |        on        |        
RUN-1001 :        qor_monitor       |    off     |       off        |        
RUN-1001 :        syn_ip_flow       |    off     |       off        |        
RUN-1001 :          thread          |    auto    |       auto       |        
RUN-1001 : ---------------------------------------------------------------
RUN-1001 : Print Design Property
RUN-1001 : --------------------------------------------------------------
RUN-1001 :        Parameters       |  Settings  |  Default Values  |  Note  
RUN-1001 : --------------------------------------------------------------
RUN-1001 :   default_reg_initial   |    auto    |       auto       |        
RUN-1001 :        infer_add        |     on     |        on        |        
RUN-1001 :        infer_fsm        |    off     |       off        |        
RUN-1001 :        infer_mult       |     on     |        on        |        
RUN-1001 :        infer_ram        |     on     |        on        |        
RUN-1001 :        infer_reg        |     on     |        on        |        
RUN-1001 :   infer_reg_init_value  |     on     |        on        |        
RUN-1001 :        infer_rom        |     on     |        on        |        
RUN-1001 :      infer_shifter      |     on     |        on        |        
RUN-1001 : --------------------------------------------------------------
RUN-1001 : Print Rtl Property
RUN-1001 : --------------------------------------------------------------
RUN-1001 :        Parameters       |  Settings  |  Default Values  |  Note  
RUN-1001 : --------------------------------------------------------------
RUN-1001 :       compress_add      |   ripple   |      ripple      |        
RUN-1001 :        elf_sload        |    off     |       off        |        
RUN-1001 :       fix_undriven      |     0      |        0         |        
RUN-1001 :         flatten         |    off     |       off        |        
RUN-1001 :       gate_sharing      |     on     |        on        |        
RUN-1001 :    hdl_warning_level    |   normal   |      normal      |        
RUN-1001 :   impl_internal_tribuf  |     on     |        on        |        
RUN-1001 :      impl_set_reset     |     on     |        on        |        
RUN-1001 :        infer_gsr        |    off     |       off        |        
RUN-1001 :      keep_hierarchy     |    auto    |       auto       |        
RUN-1001 :        max_fanout       |    9999    |       9999       |        
RUN-1001 :      max_oh2bin_len     |     10     |        10        |        
RUN-1001 :       merge_equal       |     on     |        on        |        
RUN-1001 :       merge_equiv       |     on     |        on        |        
RUN-1001 :        merge_mux        |    off     |       off        |        
RUN-1001 :     min_control_set     |     8      |        8         |        
RUN-1001 :      min_ripple_len     |    auto    |       auto       |        
RUN-1001 :       oh2bin_ratio      |    0.08    |       0.08       |        
RUN-1001 :     opt_adder_fanout    |     on     |        on        |        
RUN-1001 :        opt_arith        |     on     |        on        |        
RUN-1001 :       opt_big_gate      |    off     |       off        |        
RUN-1001 :        opt_const        |     on     |        on        |        
RUN-1001 :      opt_const_mult     |     on     |        on        |        
RUN-1001 :       opt_lessthan      |     on     |        on        |        
RUN-1001 :         opt_mux         |    off     |       off        |        
RUN-1001 :         opt_ram         |    high    |       high       |        
RUN-1001 :      rtl_sim_model      |    off     |       off        |        
RUN-1001 :         seq_syn         |     on     |        on        |        
RUN-1001 : --------------------------------------------------------------
HDL-1007 : analyze verilog file ../../import/ddr3-al_ip/SOFTFIFO.v
HDL-1007 : analyze verilog file ../../import/ddr3-al_ip/SDRAM.v
HDL-1007 : analyze verilog file ../../al_ip/PLL.v
HDL-1007 : undeclared symbol 'open', assumed default net type 'wire' in ../../al_ip/PLL.v(92)
HDL-1007 : analyze verilog file ../../al_ip/PLL_hdmi.v
HDL-1007 : undeclared symbol 'open', assumed default net type 'wire' in ../../al_ip/PLL_hdmi.v(70)
HDL-1007 : analyze VHDL file ../../import/hdmi-rtl/enc_file/SerializerN_1_lvds.enc.vhd
Copyright (c) 1998-2019 The OpenSSL Project.  All rights reserved.
This product includes software developed by the OpenSSL Project
for use in the OpenSSL Toolkit (http://www.openssl.org/)
Copyright (C) 1995-1998 Eric Young (eay@cryptsoft.com)
All rights reserved.
This product includes cryptographic software written by Eric Young (eay@cryptsoft.com)
HDL-1007 : analyze entity ** in encrypted_text(0)
HDL-1007 : analyze architecture ** in encrypted_text(0)
HDL-1007 : analyze VHDL file ../../import/hdmi-rtl/enc_file/SerializerN_1_lvds_dat.enc.vhd
HDL-1007 : analyze entity ** in encrypted_text(0)
HDL-1007 : analyze architecture ** in encrypted_text(0)
HDL-1007 : analyze VHDL file ../../import/hdmi-rtl/enc_file/TMDSEncoder.enc.vhd
HDL-1007 : analyze entity ** in encrypted_text(0)
HDL-1007 : analyze architecture ** in encrypted_text(0)
HDL-1007 : analyze verilog file ../../import/hdmi-rtl/enc_file/video_tpg_1024768.enc.v
HDL-5007 WARNING: literal value ** truncated to fit in ** bits in encrypted_text(0)
HDL-1007 : back to file '../../import/hdmi-rtl/enc_file/video_tpg_1024768.enc.v' in ../../import/hdmi-rtl/enc_file/video_tpg_1024768.enc.v(216)
HDL-1007 : analyze verilog file ../../import/hdmi-rtl/enc_file/video_tpg_1080p.enc.v
HDL-1007 : back to file '../../import/hdmi-rtl/enc_file/video_tpg_1080p.enc.v' in ../../import/hdmi-rtl/enc_file/video_tpg_1080p.enc.v(208)
HDL-1007 : analyze verilog file ../../import/hdmi-rtl/enc_file/video_tpg_12801024p.enc.v
HDL-1007 : back to file '../../import/hdmi-rtl/enc_file/video_tpg_12801024p.enc.v' in ../../import/hdmi-rtl/enc_file/video_tpg_12801024p.enc.v(207)
HDL-1007 : analyze verilog file ../../import/hdmi-rtl/enc_file/video_tpg_1280800.enc.v
HDL-5007 WARNING: literal value ** truncated to fit in ** bits in encrypted_text(0)
HDL-1007 : back to file '../../import/hdmi-rtl/enc_file/video_tpg_1280800.enc.v' in ../../import/hdmi-rtl/enc_file/video_tpg_1280800.enc.v(216)
HDL-1007 : analyze verilog file ../../import/hdmi-rtl/enc_file/video_tpg_16801050p.enc.v
HDL-1007 : back to file '../../import/hdmi-rtl/enc_file/video_tpg_16801050p.enc.v' in ../../import/hdmi-rtl/enc_file/video_tpg_16801050p.enc.v(209)
HDL-1007 : analyze verilog file ../../import/hdmi-rtl/enc_file/video_tpg_800600.enc.v
HDL-1007 : back to file '../../import/hdmi-rtl/enc_file/video_tpg_800600.enc.v' in ../../import/hdmi-rtl/enc_file/video_tpg_800600.enc.v(211)
HDL-1007 : analyze verilog file ../../import/hdmi_top/hdmi_top.v
HDL-1007 : analyze verilog file ../../import/hdmi_top/video_driver.v
HDL-1007 : analyze verilog file ../../import/sd_bmp_hdmi.v
HDL-1007 : undeclared symbol 'rd_vsync', assumed default net type 'wire' in ../../import/sd_bmp_hdmi.v(200)
HDL-1007 : analyze verilog file ../../import/sd_ctrl_top/sd_ctrl_top.v
HDL-1007 : analyze verilog file ../../import/sd_ctrl_top/sd_init.v
HDL-1007 : analyze verilog file ../../import/sd_ctrl_top/sd_read.v
HDL-1007 : analyze verilog file ../../import/sd_ctrl_top/sd_write.v
HDL-1007 : analyze VHDL file ../../import/hdmi-rtl/enc_file/DVITransmitter.enc.vhd
HDL-1007 : analyze entity dvitransmitter in ../../import/hdmi-rtl/enc_file/DVITransmitter.enc.vhd(13)
HDL-1007 : analyze architecture ** in encrypted_text(0)
HDL-1007 : analyze VHDL file ../../import/hdmi-rtl/hdmi_tx.vhd
HDL-1007 : analyze entity hdmi_tx in ../../import/hdmi-rtl/hdmi_tx.vhd(11)
HDL-1007 : analyze architecture behavioral in ../../import/hdmi-rtl/hdmi_tx.vhd(33)
HDL-1007 : analyze verilog file ../../import/DDR3-rtl/sdram_cmd.v
HDL-1007 : analyze included file ../../import/DDR3-rtl/sdram_para.v in ../../import/DDR3-rtl/sdram_cmd.v(46)
HDL-1007 : back to file '../../import/DDR3-rtl/sdram_cmd.v' in ../../import/DDR3-rtl/sdram_cmd.v(46)
HDL-1007 : analyze verilog file ../../import/DDR3-rtl/sdram_controller.v
HDL-1007 : analyze verilog file ../../import/DDR3-rtl/sdram_ctrl.v
HDL-1007 : analyze included file ../../import/DDR3-rtl/sdram_para.v in ../../import/DDR3-rtl/sdram_ctrl.v(19)
HDL-1007 : back to file '../../import/DDR3-rtl/sdram_ctrl.v' in ../../import/DDR3-rtl/sdram_ctrl.v(19)
HDL-1007 : analyze verilog file ../../import/DDR3-rtl/sdram_data.v
HDL-1007 : analyze included file ../../import/DDR3-rtl/sdram_para.v in ../../import/DDR3-rtl/sdram_data.v(13)
HDL-1007 : back to file '../../import/DDR3-rtl/sdram_data.v' in ../../import/DDR3-rtl/sdram_data.v(13)
HDL-1007 : analyze verilog file ../../import/DDR3-rtl/sdram_fifo_ctrl.v
HDL-1007 : analyze verilog file ../../import/DDR3-rtl/sdram_top.v
HDL-1007 : analyze verilog file ../../import/read_rawdata.v
HDL-1007 : analyze verilog file ../../import/hdmi_top/ISP_dpc.v
HDL-1007 : analyze verilog file ../../import/hdmi_top/ISP_include.v
HDL-1007 : analyze verilog file ../../import/hdmi_top/ISP_bnr.v
RUN-1001 : Project manager successfully analyzed 33 source files.
RUN-1002 : start command "import_device eagle_s20.db -package EG4S20BG256"
ARC-1001 : Device Initialization.
ARC-1001 : ------------------------------------------------------------------
ARC-1001 :            OPTION            |          IO          |   SETTING   
ARC-1001 : ------------------------------------------------------------------
ARC-1001 :   cso_b/cclk/mosi/miso/dout  |  T3/R11/T10/P10/S11  |    gpio    
ARC-1001 :             done             |         P13          |    gpio    
ARC-1001 :           program_b          |          T2          |  dedicate  
ARC-1001 :        tdi/tms/tck/tdo       |   C12/A15/C14/E14    |  dedicate  
ARC-1001 : ------------------------------------------------------------------
ARC-1004 : Device setting, marked 5 dedicate IOs in total.
RUN-1002 : start command "import_db ../syn_1/SD-SDRAM-ISP-HDMI_gate.db"
RUN-1001 : Importing database generated by Tang Dynasty, V5.6.71036.
RUN-1001 : Database version number 46146.
RUN-1001 : Import flow parameters
RUN-1001 : Import timing constraints
RUN-1001 : Import IO constraints
RUN-1001 : Import Inst constraints
RUN-1001 : Import design success TD_VERSION=5.6.71036 , DB_VERSION=46146
RUN-1002 : start command "read_sdc -ip SOFTFIFO ../../import/ddr3-al_ip/SOFTFIFO.tcl"
RUN-1002 : start command "get_ports clkw"
RUN-1002 : start command "get_nets  clkw  "
RUN-1002 : start command "get_clocks -nowarn -of nets 9663676416000"
RUN-1002 : start command "get_ports clkr"
RUN-1002 : start command "get_nets  clkr  "
RUN-1002 : start command "get_clocks -nowarn -of nets 33217277067264"
RUN-1002 : start command "get_property -nowarn -max PERIOD "
RUN-1002 : start command "get_property -nowarn -max PERIOD "
RUN-1002 : start command "get_regs rd_to_wr_cross_inst/primary_addr_gray_reg[*]"
RUN-1002 : start command "get_regs rd_to_wr_cross_inst/sync_r1[*]"
RUN-1002 : start command "set_max_delay -from  -to  999.70000000000005 -datapath_only"
RUN-1002 : start command "get_regs rd_to_wr_cross_inst/primary_addr_gray_reg[*]"
RUN-1002 : start command "get_regs rd_to_wr_cross_inst/sync_r1[*]"
RUN-1002 : start command "set_false_path -from  -to  -hold 999.70000000000005"
USR-1002 : set_false_path -help -setup -hold -from <list> -rise_from <list> -fall_from <list> -to <list> -rise_to <list> -fall_to <list> -through <list>
RUN-1002 : start command "get_regs wr_to_rd_cross_inst/primary_addr_gray_reg[*]"
RUN-1002 : start command "get_regs wr_to_rd_cross_inst/sync_r1[*]"
RUN-1002 : start command "set_max_delay -from  -to  999.70000000000005 -datapath_only"
RUN-1002 : start command "get_regs wr_to_rd_cross_inst/primary_addr_gray_reg[*]"
RUN-1002 : start command "get_regs wr_to_rd_cross_inst/sync_r1[*]"
RUN-1002 : start command "set_false_path -from  -to  -hold 999.70000000000005"
USR-1002 : set_false_path -help -setup -hold -from <list> -rise_from <list> -fall_from <list> -to <list> -rise_to <list> -fall_to <list> -through <list>
RUN-1002 : start command "get_ports clkw"
RUN-1002 : start command "get_nets  clkw  "
RUN-1002 : start command "get_clocks -nowarn -of nets 17514876633088"
RUN-1002 : start command "get_ports clkr"
RUN-1002 : start command "get_nets  clkr  "
RUN-1002 : start command "get_clocks -nowarn -of nets 9663676416000"
RUN-1002 : start command "get_property -nowarn -max PERIOD "
RUN-1002 : start command "get_property -nowarn -max PERIOD "
RUN-1002 : start command "get_regs rd_to_wr_cross_inst/primary_addr_gray_reg[*]"
RUN-1002 : start command "get_regs rd_to_wr_cross_inst/sync_r1[*]"
RUN-1002 : start command "set_max_delay -from  -to  999.70000000000005 -datapath_only"
RUN-1002 : start command "get_regs rd_to_wr_cross_inst/primary_addr_gray_reg[*]"
RUN-1002 : start command "get_regs rd_to_wr_cross_inst/sync_r1[*]"
RUN-1002 : start command "set_false_path -from  -to  -hold 999.70000000000005"
USR-1002 : set_false_path -help -setup -hold -from <list> -rise_from <list> -fall_from <list> -to <list> -rise_to <list> -fall_to <list> -through <list>
RUN-1002 : start command "get_regs wr_to_rd_cross_inst/primary_addr_gray_reg[*]"
RUN-1002 : start command "get_regs wr_to_rd_cross_inst/sync_r1[*]"
RUN-1002 : start command "set_max_delay -from  -to  999.70000000000005 -datapath_only"
RUN-1002 : start command "get_regs wr_to_rd_cross_inst/primary_addr_gray_reg[*]"
RUN-1002 : start command "get_regs wr_to_rd_cross_inst/sync_r1[*]"
RUN-1002 : start command "set_false_path -from  -to  -hold 999.70000000000005"
USR-1002 : set_false_path -help -setup -hold -from <list> -rise_from <list> -fall_from <list> -to <list> -rise_to <list> -fall_to <list> -through <list>
RUN-1002 : start command "config_chipwatcher ../../sd_HDMI.cwc -dir "
RUN-1002 : start command "legalize_phy_inst"
SYN-1011 : Flatten model sd_bmp_hdmi
KIT-1004 : ChipWatcher: import watcher inst auto_chipwatcher_0 completed, there are 6 view nodes, 24 trigger nets, 24 data nets.
KIT-1004 : Chipwatcher code = 1000011001101001
RUN-1002 : start command "compile_watcher"
RUN-1002 : start command "read_verilog -no_sch -dir F:/ARMChina/cw/ -file SD-SDRAM-ISP-HDMI_watcherInst.sv -lib cw -top CW_TOP_WRAPPER"
HDL-1007 : analyze verilog file F:/ARMChina/cw\bus_det.v
HDL-1007 : analyze verilog file F:/ARMChina/cw\bus_top.sv
HDL-1007 : analyze verilog file F:/ARMChina/cw\cfg_int.v
HDL-1007 : analyze verilog file F:/ARMChina/cw\cwc_cfg_int.v
HDL-1007 : analyze verilog file F:/ARMChina/cw\cwc_top.sv
HDL-1007 : analyze verilog file F:/ARMChina/cw\detect_bus.v
HDL-1007 : analyze verilog file F:/ARMChina/cw\detect_non_bus.v
HDL-1007 : analyze verilog file F:/ARMChina/cw\emb_ctrl.v
HDL-1007 : analyze verilog file F:/ARMChina/cw\register.v
HDL-1007 : analyze verilog file F:/ARMChina/cw\tap.v
HDL-1007 : analyze verilog file F:/ARMChina/cw\trigger.sv
HDL-1007 : analyze verilog file SD-SDRAM-ISP-HDMI_watcherInst.sv
HDL-1007 : elaborate module CW_TOP_WRAPPER in SD-SDRAM-ISP-HDMI_watcherInst.sv(1)
HDL-1007 : elaborate module cwc_top(BUS_NUM=6,BUS_DIN_NUM=24,BUS_CTRL_NUM=72,BUS_WIDTH='{32'sb01,32'sb01,32'sb01,32'sb01,32'sb010000,32'sb0100},BUS_DIN_POS='{32'sb0,32'sb01,32'sb010,32'sb011,32'sb0100,32'sb010100},BUS_CTRL_POS='{32'sb0,32'sb0110,32'sb01100,32'sb010010,32'sb011000,32'sb0111100}) in F:/ARMChina/cw\cwc_top.sv(21)
HDL-1007 : elaborate module cwc_cfg_int(CTRL_REG_LEN=94) in F:/ARMChina/cw\cwc_cfg_int.v(21)
HDL-1007 : elaborate module register(CTRL_REG_LEN=94) in F:/ARMChina/cw\register.v(21)
HDL-1007 : elaborate module tap in F:/ARMChina/cw\tap.v(21)
HDL-1007 : elaborate module trigger(BUS_NUM=6,BUS_DIN_NUM=24,BUS_CTRL_NUM=72,BUS_WIDTH='{32'sb01,32'sb01,32'sb01,32'sb01,32'sb010000,32'sb0100},BUS_DIN_POS='{32'sb0,32'sb01,32'sb010,32'sb011,32'sb0100,32'sb010100},BUS_CTRL_POS='{32'sb0,32'sb0110,32'sb01100,32'sb010010,32'sb011000,32'sb0111100}) in F:/ARMChina/cw\trigger.sv(21)
HDL-1007 : elaborate module bus_top(BUS_NODE_NUM=6,BUS_DIN_NUM=24,BUS_CTRL_NUM=72,BUS_WIDTH='{32'sb01,32'sb01,32'sb01,32'sb01,32'sb010000,32'sb0100},BUS_DIN_POS='{32'sb0,32'sb01,32'sb010,32'sb011,32'sb0100,32'sb010100},BUS_CTRL_POS='{32'sb0,32'sb0110,32'sb01100,32'sb010010,32'sb011000,32'sb0111100}) in F:/ARMChina/cw\bus_top.sv(22)
HDL-1007 : elaborate module bus_det(BUS_WIDTH=32'sb01) in F:/ARMChina/cw\bus_det.v(21)
HDL-1007 : elaborate module bus_det(BUS_WIDTH=32'sb010000) in F:/ARMChina/cw\bus_det.v(21)
HDL-1007 : elaborate module bus_det(BUS_WIDTH=32'sb0100) in F:/ARMChina/cw\bus_det.v(21)
HDL-1007 : elaborate module emb_ctrl in F:/ARMChina/cw\emb_ctrl.v(21)
HDL-1200 : Current top model is CW_TOP_WRAPPER
HDL-1100 : Inferred 0 RAMs.
RUN-1002 : start command "force_keep -a auto_chipwatcher_0_logicbram"
RUN-1002 : start command "optimize_rtl -no_sch"
RUN-1001 : Open license file F:/ARMChina/license/Anlogic.lic
RUN-1001 : Print Global Property
RUN-1001 : ---------------------------------------------------------------
RUN-1001 :        Parameters        |  Settings  |  Default Values  |  Note  
RUN-1001 : ---------------------------------------------------------------
RUN-1001 :          message         |  standard  |     standard     |        
RUN-1001 :   mixed_pack_place_flow  |     on     |        on        |        
RUN-1001 :        qor_monitor       |    off     |       off        |        
RUN-1001 :        syn_ip_flow       |    off     |       off        |        
RUN-1001 :          thread          |    auto    |       auto       |        
RUN-1001 : ---------------------------------------------------------------
RUN-1001 : Print Rtl Property
RUN-1001 : --------------------------------------------------------------
RUN-1001 :        Parameters       |  Settings  |  Default Values  |  Note  
RUN-1001 : --------------------------------------------------------------
RUN-1001 :       compress_add      |   ripple   |      ripple      |        
RUN-1001 :        elf_sload        |    off     |       off        |        
RUN-1001 :       fix_undriven      |     0      |        0         |        
RUN-1001 :         flatten         |    off     |       off        |        
RUN-1001 :       gate_sharing      |     on     |        on        |        
RUN-1001 :    hdl_warning_level    |   normal   |      normal      |        
RUN-1001 :   impl_internal_tribuf  |     on     |        on        |        
RUN-1001 :      impl_set_reset     |     on     |        on        |        
RUN-1001 :        infer_gsr        |    off     |       off        |        
RUN-1001 :      keep_hierarchy     |    auto    |       auto       |        
RUN-1001 :        max_fanout       |    9999    |       9999       |        
RUN-1001 :      max_oh2bin_len     |     10     |        10        |        
RUN-1001 :       merge_equal       |     on     |        on        |        
RUN-1001 :       merge_equiv       |     on     |        on        |        
RUN-1001 :        merge_mux        |    off     |       off        |        
RUN-1001 :     min_control_set     |     8      |        8         |        
RUN-1001 :      min_ripple_len     |    auto    |       auto       |        
RUN-1001 :       oh2bin_ratio      |    0.08    |       0.08       |        
RUN-1001 :     opt_adder_fanout    |     on     |        on        |        
RUN-1001 :        opt_arith        |     on     |        on        |        
RUN-1001 :       opt_big_gate      |    off     |       off        |        
RUN-1001 :        opt_const        |     on     |        on        |        
RUN-1001 :      opt_const_mult     |     on     |        on        |        
RUN-1001 :       opt_lessthan      |     on     |        on        |        
RUN-1001 :         opt_mux         |    off     |       off        |        
RUN-1001 :         opt_ram         |    high    |       high       |        
RUN-1001 :      rtl_sim_model      |    off     |       off        |        
RUN-1001 :         seq_syn         |     on     |        on        |        
RUN-1001 : --------------------------------------------------------------
SYN-1012 : SanityCheck: Model "sd_bmp_hdmi"
SYN-1012 : SanityCheck: Model "CW_TOP_WRAPPER"
SYN-1012 : SanityCheck: Model "cwc_top(BUS_NUM=6,BUS_DIN_NUM=24,BUS_CTRL_NUM=72,BUS_WIDTH='{32'sb01,32'sb01,32'sb01,32'sb01,32'sb010000,32'sb0100},BUS_DIN_POS='{32'sb0,32'sb01,32'sb010,32'sb011,32'sb0100,32'sb010100},BUS_CTRL_POS='{32'sb0,32'sb0110,32'sb01100,32'sb010010,32'sb011000,32'sb0111100})"
SYN-1012 : SanityCheck: Model "cwc_cfg_int(CTRL_REG_LEN=94)"
SYN-1012 : SanityCheck: Model "register(CTRL_REG_LEN=94)"
SYN-1012 : SanityCheck: Model "tap"
SYN-1012 : SanityCheck: Model "trigger(BUS_NUM=6,BUS_DIN_NUM=24,BUS_CTRL_NUM=72,BUS_WIDTH='{32'sb01,32'sb01,32'sb01,32'sb01,32'sb010000,32'sb0100},BUS_DIN_POS='{32'sb0,32'sb01,32'sb010,32'sb011,32'sb0100,32'sb010100},BUS_CTRL_POS='{32'sb0,32'sb0110,32'sb01100,32'sb010010,32'sb011000,32'sb0111100})"
SYN-1012 : SanityCheck: Model "bus_top(BUS_NODE_NUM=6,BUS_DIN_NUM=24,BUS_CTRL_NUM=72,BUS_WIDTH='{32'sb01,32'sb01,32'sb01,32'sb01,32'sb010000,32'sb0100},BUS_DIN_POS='{32'sb0,32'sb01,32'sb010,32'sb011,32'sb0100,32'sb010100},BUS_CTRL_POS='{32'sb0,32'sb0110,32'sb01100,32'sb010010,32'sb011000,32'sb0111100})"
SYN-1012 : SanityCheck: Model "bus_det(BUS_WIDTH=32'sb01)"
SYN-1012 : SanityCheck: Model "bus_det(BUS_WIDTH=32'sb010000)"
SYN-1012 : SanityCheck: Model "bus_det(BUS_WIDTH=32'sb0100)"
SYN-1012 : SanityCheck: Model "emb_ctrl"
SYN-1011 : Flatten model sd_bmp_hdmi
SYN-1032 : 7179/24 useful/useless nets, 5563/16 useful/useless insts
SYN-1016 : Merged 32 instances.
SYN-1032 : 6908/24 useful/useless nets, 5904/20 useful/useless insts
SYN-1014 : Optimize round 1
SYN-1021 : Optimized 2 onehot mux instances.
SYN-1020 : Optimized 1 distributor mux.
SYN-1019 : Optimized 2 mux instances.
SYN-1015 : Optimize round 1, 315 better
SYN-1014 : Optimize round 2
SYN-1032 : 6671/30 useful/useless nets, 5667/32 useful/useless insts
SYN-1015 : Optimize round 2, 64 better
SYN-1014 : Optimize round 1
SYN-1015 : Optimize round 1, 0 better
RUN-1002 : start command "optimize_gate -no_sch"
RUN-1001 : Open license file F:/ARMChina/license/Anlogic.lic
RUN-1001 : Print Global Property
RUN-1001 : ---------------------------------------------------------------
RUN-1001 :        Parameters        |  Settings  |  Default Values  |  Note  
RUN-1001 : ---------------------------------------------------------------
RUN-1001 :          message         |  standard  |     standard     |        
RUN-1001 :   mixed_pack_place_flow  |     on     |        on        |        
RUN-1001 :        qor_monitor       |    off     |       off        |        
RUN-1001 :        syn_ip_flow       |    off     |       off        |        
RUN-1001 :          thread          |    auto    |       auto       |        
RUN-1001 : ---------------------------------------------------------------
RUN-1001 : Print Gate Property
RUN-1001 : ------------------------------------------------------------------
RUN-1001 :          Parameters         |  Settings  |  Default Values  |  Note  
RUN-1001 : ------------------------------------------------------------------
RUN-1001 :         cascade_dsp         |    off     |       off        |        
RUN-1001 :         cascade_eram        |    off     |       off        |        
RUN-1001 :        gate_sim_model       |    off     |       off        |        
RUN-1001 :        map_sim_model        |    off     |       off        |        
RUN-1001 :         map_strategy        |     1      |        1         |        
RUN-1001 :           opt_area          |   medium   |      medium      |        
RUN-1001 :          opt_timing         |    auto    |       auto       |        
RUN-1001 :         pack_effort         |   medium   |      medium      |        
RUN-1001 :      pack_lslice_ripple     |     on     |        on        |        
RUN-1001 :   pack_lslice_ripple_ratio  |    0.5     |       0.5        |        
RUN-1001 :        pack_seq_in_io       |    auto    |       auto       |        
RUN-1001 :        ph1_mux_ratio        |    1.0     |       1.0        |        
RUN-1001 :            report           |  standard  |     standard     |        
RUN-1001 :           retiming          |    off     |       off        |        
RUN-1001 : ------------------------------------------------------------------
SYN-2001 : Map 12 IOs to PADs
RUN-1002 : start command "update_pll_param -module sd_bmp_hdmi"
SYN-2501 : Processed 0 LOGIC_BUF instances.
SYN-2512 : LOGIC BRAM "auto_chipwatcher_0_logicbram"
SYN-2571 : Optimize after map_dsp, round 1
SYN-2571 : Optimize after map_dsp, round 1, 0 better
SYN-1001 : Throwback 3 control mux instances
SYN-2501 : Optimize round 1
SYN-1016 : Merged 20 instances.
SYN-2501 : Optimize round 1, 42 better
SYN-2501 : Optimize round 2
SYN-2501 : Optimize round 2, 0 better
SYN-2501 : Map 14 macro adder
SYN-1019 : Optimized 9 mux instances.
SYN-1016 : Merged 10 instances.
SYN-1032 : 7070/2 useful/useless nets, 6071/1 useful/useless insts
RUN-1002 : start command "start_timer -prepack"
TMR-2505 : Start building timing graph for model sd_bmp_hdmi.
TMR-2506 : Build timing graph completely. Port num: 9, tpin num: 26727, tnet num: 7070, tinst num: 6070, tnode num: 35741, tedge num: 42795.
TMR-2508 : Levelizing timing graph completed, there are 53 levels in total.
TMR-2501 : Timing graph initialized successfully.
TMR-2503 : Start to update net delay, extr mode = 2.
TMR-2504 : Update delay of 7070 nets completely.
TMR-2502 : Annotate delay completely, extr mode = 2.
TMR-3001 : Initiate 0 clocks from SDC.
TMR-3004 : Map sdc constraints, there are 8 constraints in total.
TMR-3003 : Constraints initiated successfully.
TMR-3501 : Forward propagation: start to calculate arrival time...
TMR-3502 : Backward propagation: start to calculate required time...
TMR-3503 : Timing propagation completes.
SYN-3001 : Running gate level optimization.
SYN-2581 : Mapping with K=5, #lut = 183 (3.65), #lev = 7 (2.02)
SYN-2551 : Post LUT mapping optimization.
SYN-2581 : Mapping with K=5, #lut = 178 (3.73), #lev = 7 (1.98)
SYN-3001 : Logic optimization runtime opt =   0.02 sec, map =   0.00 sec
SYN-3001 : Mapper mapped 467 instances into 178 LUTs, name keeping = 74%.
SYN-1001 : Packing model "sd_bmp_hdmi" ...
SYN-4010 : Pack lib has 58 rtl pack models with 25 top pack blocks
SYN-1014 : Optimize round 1
SYN-1015 : Optimize round 1, 0 better
SYN-4002 : Packing 310 DFF/LATCH to SEQ ...
SYN-4009 : Pack 7 carry chain into lslice
SYN-4007 : Packing 100 adder to BLE ...
SYN-4008 : Packed 100 adder and 0 SEQ to BLE.
SYN-4007 : Packing 0 gate4 to BLE ...
SYN-4008 : Packed 0 gate4 and 0 SEQ to BLE.
SYN-4012 : Packed 0 FxMUX
RUN-1003 : finish command "optimize_gate -no_sch" in  1.398957s wall, 1.000000s user + 0.062500s system = 1.062500s CPU (75.9%)

RUN-1004 : used memory is 196 MB, reserved memory is 166 MB, peak memory is 241 MB
RUN-1002 : start command "legalize_phy_inst"
SYN-1011 : Flatten model sd_bmp_hdmi
KIT-1004 : Compile Chipwatcher: Clear obsolete physical data.
RUN-1003 : finish command "compile_watcher" in  2.481711s wall, 1.765625s user + 0.125000s system = 1.890625s CPU (76.2%)

RUN-1004 : used memory is 196 MB, reserved memory is 166 MB, peak memory is 241 MB
RUN-1002 : start command "place"
RUN-1001 : Open license file F:/ARMChina/license/Anlogic.lic
RUN-1001 : Print Global Property
RUN-1001 : ---------------------------------------------------------------
RUN-1001 :        Parameters        |  Settings  |  Default Values  |  Note  
RUN-1001 : ---------------------------------------------------------------
RUN-1001 :          message         |  standard  |     standard     |        
RUN-1001 :   mixed_pack_place_flow  |     on     |        on        |        
RUN-1001 :        qor_monitor       |    off     |       off        |        
RUN-1001 :        syn_ip_flow       |    off     |       off        |        
RUN-1001 :          thread          |    auto    |       auto       |        
RUN-1001 : ---------------------------------------------------------------
RUN-1001 : Print Place Property
RUN-1001 : --------------------------------------------------------------
RUN-1001 :        Parameters       |  Settings  |  Default Values  |  Note  
RUN-1001 : --------------------------------------------------------------
RUN-1001 :      detailed_place     |     on     |        on        |        
RUN-1001 :          effort         |   medium   |      medium      |        
RUN-1001 :         fix_hold        |    off     |       off        |        
RUN-1001 :       legalization      |    ori     |       ori        |        
RUN-1001 :      new_spreading      |     on     |        on        |        
RUN-1001 :        opt_timing       |   medium   |      medium      |        
RUN-1001 :   post_clock_route_opt  |    off     |       off        |        
RUN-1001 :       pr_strategy       |     1      |        1         |        
RUN-1001 :        relaxation       |    1.00    |       1.00       |        
RUN-1001 :         retiming        |    off     |       off        |        
RUN-1001 : --------------------------------------------------------------
PHY-3001 : Placer runs in 16 thread(s).
RUN-1002 : start command "legalize_phy_inst"
SYN-1011 : Flatten model sd_bmp_hdmi
RUN-1002 : start command "phys_opt -simplify_lut"
SYN-4016 : Net u_ddr3_top/u_sdram_fifo_ctrl/clk_ref driven by BUFG (271 clock/control pins, 1 other pins).
SYN-4016 : Net u_clk_wiz_1/clk0_out driven by BUFG (58 clock/control pins, 1 other pins).
SYN-4016 : Net config_inst_syn_10 driven by BUFG (205 clock/control pins, 0 other pins).
SYN-4027 : Net u_ddr3_top/clk_sdram is clkc1 of pll u_clk_wiz_0/pll_inst.
SYN-4027 : Net u_ddr3_top/u_sdram_fifo_ctrl/wrfifo/clkw is clkc3 of pll u_clk_wiz_0/pll_inst.
SYN-4027 : Net u_sd_ctrl_top/u_sd_read/clk_ref_180deg is clkc4 of pll u_clk_wiz_0/pll_inst.
SYN-4019 : Net sys_clk_dup_1 is refclk of pll u_clk_wiz_0/pll_inst.
SYN-4020 : Net sys_clk_dup_1 is fbclk of pll u_clk_wiz_0/pll_inst.
SYN-4027 : Net u_hdmi_top/bnr/pclk is clkc1 of pll u_clk_wiz_1/pll_inst.
SYN-4019 : Net sys_clk_dup_1 is refclk of pll u_clk_wiz_1/pll_inst.
SYN-4020 : Net sys_clk_dup_1 is fbclk of pll u_clk_wiz_1/pll_inst.
SYN-4024 : Net "u_sd_ctrl_top/u_sd_init/div_clk" drives clk pins.
SYN-4025 : Tag rtl::Net config_inst_syn_10 as clock net
SYN-4025 : Tag rtl::Net sys_clk_dup_1 as clock net
SYN-4025 : Tag rtl::Net u_clk_wiz_1/clk0_out as clock net
SYN-4025 : Tag rtl::Net u_ddr3_top/clk_sdram as clock net
SYN-4025 : Tag rtl::Net u_ddr3_top/u_sdram_fifo_ctrl/clk_ref as clock net
SYN-4025 : Tag rtl::Net u_ddr3_top/u_sdram_fifo_ctrl/wrfifo/clkw as clock net
SYN-4025 : Tag rtl::Net u_hdmi_top/bnr/pclk as clock net
SYN-4025 : Tag rtl::Net u_sd_ctrl_top/u_sd_init/div_clk as clock net
SYN-4025 : Tag rtl::Net u_sd_ctrl_top/u_sd_read/clk_ref_180deg as clock net
SYN-4026 : Tagged 9 rtl::Net as clock net
SYN-4015 : Create BUFG instance for clk Net u_sd_ctrl_top/u_sd_init/div_clk to drive 101 clock pins.
PHY-1001 : Populate physical database on model sd_bmp_hdmi.
RUN-1001 : There are total 5489 instances
RUN-0007 : 1696 luts, 2828 seqs, 605 mslices, 264 lslices, 71 pads, 16 brams, 0 dsps
RUN-1001 : There are total 6488 nets
RUN-1001 : 4378 nets have 2 pins
RUN-1001 : 1571 nets have [3 - 5] pins
RUN-1001 : 373 nets have [6 - 10] pins
RUN-1001 : 118 nets have [11 - 20] pins
RUN-1001 : 36 nets have [21 - 99] pins
RUN-1001 : 12 nets have 100+ pins
RUN-1001 : Report Control nets information:
RUN-1001 : DFF Distribution
RUN-1001 : ----------------------------------
RUN-1001 :   CE   |  SSR  |  ASR  |  DFF Count  
RUN-1001 : ----------------------------------
RUN-1001 :   No   |  No   |  No   |     108     
RUN-1001 :   No   |  No   |  Yes  |    2104     
RUN-1001 :   No   |  Yes  |  No   |     53      
RUN-1001 :   Yes  |  No   |  No   |     54      
RUN-1001 :   Yes  |  No   |  Yes  |     509     
RUN-1001 :   Yes  |  Yes  |  No   |      0      
RUN-1001 : ----------------------------------
RUN-0007 : Control Group Statistic
RUN-0007 : ---------------------------
RUN-0007 :   #CLK  |  #CE  |  #SSR/ASR  
RUN-0007 : ---------------------------
RUN-0007 :    9    |  23   |     14     
RUN-0007 : ---------------------------
RUN-0007 : Control Set = 45
PHY-3001 : Initial placement ...
PHY-3001 : design contains 5487 instances, 1696 luts, 2828 seqs, 869 slices, 145 macros(869 instances: 605 mslices 264 lslices)
PHY-3001 : Huge net u_hdmi_top/sys_rst_n with 1780 pins
PHY-0007 : Cell area utilization is 17%
PHY-3001 : Start timing update ...
RUN-1002 : start command "start_timer -report"
TMR-2505 : Start building timing graph for model sd_bmp_hdmi.
TMR-2506 : Build timing graph completely. Port num: 9, tpin num: 25455, tnet num: 6486, tinst num: 5487, tnode num: 34459, tedge num: 41621.
TMR-2508 : Levelizing timing graph completed, there are 29 levels in total.
TMR-2501 : Timing graph initialized successfully.
TMR-2503 : Start to update net delay, extr mode = 2.
TMR-2504 : Update delay of 6486 nets completely.
TMR-2502 : Annotate delay completely, extr mode = 2.
TMR-3001 : Initiate 0 clocks from SDC.
TMR-3004 : Map sdc constraints, there are 8 constraints in total.
TMR-3003 : Constraints initiated successfully.
TMR-3501 : Forward propagation: start to calculate arrival time...
TMR-3502 : Backward propagation: start to calculate required time...
TMR-3503 : Timing propagation completes.
PHY-3001 : End timing update;  0.756231s wall, 0.562500s user + 0.031250s system = 0.593750s CPU (78.5%)

PHY-3001 : Global placement ...
PHY-3001 : Initial: Len = 1.58941e+06
PHY-3001 : Clustering ...
PHY-3001 : Level 0 #clusters 5487.
PHY-3001 : End clustering;  0.000038s wall, 0.000000s user + 0.000000s system = 0.000000s CPU (n/a%)

PHY-3001 : Run with size of 4
PHY-3001 : Cell area utilization is 17%
PHY-3001 : :::0::: Try harder cell spreading with beta_ = 0
PHY-3002 : Step(1): len = 1.05992e+06, overlap = 58.5
PHY-3002 : Step(2): len = 890445, overlap = 56.25
PHY-3002 : Step(3): len = 542818, overlap = 50
PHY-3002 : Step(4): len = 461684, overlap = 55.5938
PHY-3002 : Step(5): len = 400403, overlap = 63.6875
PHY-3002 : Step(6): len = 367023, overlap = 63.8125
PHY-3002 : Step(7): len = 327215, overlap = 69.1562
PHY-3002 : Step(8): len = 298779, overlap = 79
PHY-3002 : Step(9): len = 265236, overlap = 88.1875
PHY-3002 : Step(10): len = 247283, overlap = 88.2188
PHY-3002 : Step(11): len = 233246, overlap = 93.0625
PHY-3002 : Step(12): len = 216613, overlap = 99.6875
PHY-3002 : Step(13): len = 199008, overlap = 102.344
PHY-3002 : Step(14): len = 187495, overlap = 109.938
PHY-3002 : Step(15): len = 179070, overlap = 111.156
PHY-3002 : Step(16): len = 172876, overlap = 126.531
PHY-3002 : Step(17): len = 162907, overlap = 139
PHY-3002 : Step(18): len = 154397, overlap = 148.938
PHY-3002 : Step(19): len = 146989, overlap = 162.156
PHY-3001 : :::1::: Try harder cell spreading with beta_ = 1.89944e-05
PHY-3002 : Step(20): len = 152783, overlap = 161.125
PHY-3002 : Step(21): len = 158934, overlap = 159.219
PHY-3002 : Step(22): len = 154630, overlap = 151.781
PHY-3002 : Step(23): len = 155994, overlap = 149.938
PHY-3002 : Step(24): len = 159157, overlap = 132.375
PHY-3002 : Step(25): len = 159867, overlap = 131.656
PHY-3002 : Step(26): len = 156134, overlap = 114.781
PHY-3002 : Step(27): len = 155967, overlap = 114.656
PHY-3002 : Step(28): len = 153074, overlap = 121.656
PHY-3002 : Step(29): len = 152712, overlap = 121.219
PHY-3002 : Step(30): len = 151567, overlap = 116.844
PHY-3002 : Step(31): len = 151095, overlap = 116.469
PHY-3002 : Step(32): len = 150732, overlap = 112.406
PHY-3001 : :::2::: Try harder cell spreading with beta_ = 3.79888e-05
PHY-3002 : Step(33): len = 153910, overlap = 112
PHY-3002 : Step(34): len = 154539, overlap = 111.875
PHY-3002 : Step(35): len = 154284, overlap = 112
PHY-3002 : Step(36): len = 154214, overlap = 107.438
PHY-3002 : Step(37): len = 155376, overlap = 104.969
PHY-3002 : Step(38): len = 156232, overlap = 99.5625
PHY-3002 : Step(39): len = 156910, overlap = 97.8125
PHY-3002 : Step(40): len = 155660, overlap = 102.25
PHY-3002 : Step(41): len = 155481, overlap = 102.375
PHY-3002 : Step(42): len = 156138, overlap = 95.75
PHY-3002 : Step(43): len = 156553, overlap = 96.0938
PHY-3002 : Step(44): len = 156404, overlap = 95.5938
PHY-3002 : Step(45): len = 156117, overlap = 95.125
PHY-3001 : :::3::: Try harder cell spreading with beta_ = 7.59776e-05
PHY-3002 : Step(46): len = 157178, overlap = 94.9375
PHY-3002 : Step(47): len = 157314, overlap = 94.5
PHY-3002 : Step(48): len = 157327, overlap = 94.3125
PHY-3001 : :::4::: Try harder cell spreading with beta_ = 0.000150653
PHY-3002 : Step(49): len = 157884, overlap = 94.3438
PHY-3002 : Step(50): len = 158379, overlap = 94.7812
PHY-3002 : Step(51): len = 161855, overlap = 90.4688
PHY-3002 : Step(52): len = 162586, overlap = 87.7188
PHY-3002 : Step(53): len = 161422, overlap = 87.5625
PHY-3002 : Step(54): len = 161332, overlap = 87.375
PHY-3002 : Step(55): len = 161340, overlap = 92.0312
PHY-3001 : Legalization ...
PHY-3001 : End legalization;  0.024410s wall, 0.000000s user + 0.000000s system = 0.000000s CPU (n/a%)

PHY-3001 : Run with size of 4
PHY-3001 : Cell area utilization is 22%
PHY-3001 : Update timing in Manhattan mode ...
TMR-2503 : Start to update net delay, extr mode = 3.
TMR-2504 : Update delay of 6486 nets completely.
TMR-2502 : Annotate delay completely, extr mode = 3.
TMR-3501 : Forward propagation: start to calculate arrival time...
TMR-3502 : Backward propagation: start to calculate required time...
TMR-3503 : Timing propagation completes.
PHY-3001 : End timing update;  0.130338s wall, 0.109375s user + 0.000000s system = 0.109375s CPU (83.9%)

PHY-3001 : :::0::: Try harder cell spreading with beta_ = 3.33853e-06
PHY-3002 : Step(56): len = 187197, overlap = 150.531
PHY-3002 : Step(57): len = 187062, overlap = 157.406
PHY-3002 : Step(58): len = 179878, overlap = 154.281
PHY-3002 : Step(59): len = 180304, overlap = 156.281
PHY-3002 : Step(60): len = 176781, overlap = 157.688
PHY-3002 : Step(61): len = 176632, overlap = 158.25
PHY-3002 : Step(62): len = 175370, overlap = 160.25
PHY-3002 : Step(63): len = 175332, overlap = 160.938
PHY-3002 : Step(64): len = 174037, overlap = 157.688
PHY-3002 : Step(65): len = 174407, overlap = 159.188
PHY-3002 : Step(66): len = 171755, overlap = 152.438
PHY-3002 : Step(67): len = 171082, overlap = 139.219
PHY-3002 : Step(68): len = 167694, overlap = 140.688
PHY-3002 : Step(69): len = 167279, overlap = 140.25
PHY-3002 : Step(70): len = 166037, overlap = 144.062
PHY-3001 : :::1::: Try harder cell spreading with beta_ = 6.67705e-06
PHY-3002 : Step(71): len = 164711, overlap = 141.719
PHY-3002 : Step(72): len = 164676, overlap = 142.125
PHY-3002 : Step(73): len = 164670, overlap = 142.344
PHY-3001 : :::2::: Try harder cell spreading with beta_ = 1.33541e-05
PHY-3002 : Step(74): len = 166797, overlap = 126.594
PHY-3002 : Step(75): len = 166797, overlap = 126.594
PHY-3002 : Step(76): len = 166645, overlap = 123.125
PHY-3002 : Step(77): len = 166718, overlap = 122.531
PHY-3002 : Step(78): len = 169593, overlap = 106.656
PHY-3002 : Step(79): len = 171715, overlap = 103.312
PHY-3002 : Step(80): len = 170767, overlap = 103.688
PHY-3002 : Step(81): len = 170206, overlap = 99.2188
PHY-3002 : Step(82): len = 170206, overlap = 99.2188
PHY-3001 : :::3::: Try harder cell spreading with beta_ = 2.67082e-05
PHY-3002 : Step(83): len = 170152, overlap = 94.3125
PHY-3002 : Step(84): len = 170233, overlap = 94.0938
PHY-3002 : Step(85): len = 170709, overlap = 91.3438
PHY-3001 : :::4::: Try harder cell spreading with beta_ = 5.34164e-05
PHY-3002 : Step(86): len = 173227, overlap = 90.375
PHY-3002 : Step(87): len = 173924, overlap = 93.6562
PHY-3002 : Step(88): len = 179648, overlap = 83.7188
PHY-3002 : Step(89): len = 176068, overlap = 83.125
PHY-3002 : Step(90): len = 174936, overlap = 87.0312
PHY-3001 : Run with size of 2
PHY-3001 : Cell area utilization is 22%
PHY-3001 : Update timing in Manhattan mode ...
TMR-2503 : Start to update net delay, extr mode = 3.
TMR-2504 : Update delay of 6486 nets completely.
TMR-2502 : Annotate delay completely, extr mode = 3.
TMR-3501 : Forward propagation: start to calculate arrival time...
TMR-3502 : Backward propagation: start to calculate required time...
TMR-3503 : Timing propagation completes.
PHY-3001 : End timing update;  0.138765s wall, 0.046875s user + 0.000000s system = 0.046875s CPU (33.8%)

PHY-3001 : :::0::: Try harder cell spreading with beta_ = 1.83553e-05
PHY-3002 : Step(91): len = 176095, overlap = 233.344
PHY-3002 : Step(92): len = 176095, overlap = 233.344
PHY-3002 : Step(93): len = 174512, overlap = 233.438
PHY-3002 : Step(94): len = 174443, overlap = 232.438
PHY-3002 : Step(95): len = 174018, overlap = 234.188
PHY-3001 : :::1::: Try harder cell spreading with beta_ = 3.67106e-05
PHY-3002 : Step(96): len = 175243, overlap = 215.656
PHY-3002 : Step(97): len = 175571, overlap = 214.656
PHY-3002 : Step(98): len = 179776, overlap = 182.469
PHY-3002 : Step(99): len = 182711, overlap = 168.156
PHY-3002 : Step(100): len = 178976, overlap = 172.719
PHY-3002 : Step(101): len = 178169, overlap = 176.094
PHY-3002 : Step(102): len = 178169, overlap = 176.094
PHY-3001 : :::2::: Try harder cell spreading with beta_ = 7.34212e-05
PHY-3002 : Step(103): len = 181863, overlap = 163.812
PHY-3002 : Step(104): len = 182580, overlap = 159.781
PHY-3002 : Step(105): len = 185362, overlap = 139.844
PHY-3002 : Step(106): len = 186331, overlap = 137.281
PHY-3002 : Step(107): len = 187058, overlap = 119.812
PHY-3001 : :::3::: Try harder cell spreading with beta_ = 0.000146842
PHY-3002 : Step(108): len = 186906, overlap = 117.469
PHY-3002 : Step(109): len = 186954, overlap = 116.875
PHY-3002 : Step(110): len = 186990, overlap = 118.906
PHY-3001 : :::4::: Try harder cell spreading with beta_ = 0.000292997
PHY-3002 : Step(111): len = 188265, overlap = 113.25
PHY-3002 : Step(112): len = 190916, overlap = 113
PHY-3002 : Step(113): len = 192645, overlap = 116.062
PHY-3002 : Step(114): len = 193310, overlap = 112.812
PHY-3002 : Step(115): len = 192079, overlap = 112.594
PHY-3002 : Step(116): len = 191950, overlap = 112.312
PHY-3001 : :::5::: Try harder cell spreading with beta_ = 0.000585994
PHY-3002 : Step(117): len = 192672, overlap = 111.188
PHY-3002 : Step(118): len = 192786, overlap = 110.312
PHY-3002 : Step(119): len = 192833, overlap = 109.938
PHY-3001 : :::6::: Try harder cell spreading with beta_ = 0.00112877
PHY-3002 : Step(120): len = 193523, overlap = 108.969
PHY-3002 : Step(121): len = 194293, overlap = 108.531
PHY-3001 : :::7::: Try harder cell spreading with beta_ = 0.00182635
PHY-3002 : Step(122): len = 194698, overlap = 108.156
PHY-3002 : Step(123): len = 194800, overlap = 105.281
PHY-3002 : Step(124): len = 195089, overlap = 104.375
PHY-3001 : :::8::: Try harder cell spreading with beta_ = 0.00295504
PHY-3002 : Step(125): len = 196013, overlap = 100.469
PHY-3002 : Step(126): len = 197018, overlap = 96.8125
OPT-1001 : Start physical optimization ...
RUN-1002 : start command "start_timer -report"
TMR-2505 : Start building timing graph for model sd_bmp_hdmi.
TMR-2506 : Build timing graph completely. Port num: 9, tpin num: 25455, tnet num: 6486, tinst num: 5487, tnode num: 34459, tedge num: 41621.
TMR-2508 : Levelizing timing graph completed, there are 29 levels in total.
TMR-2501 : Timing graph initialized successfully.
OPT-1001 : Total overflow 341.31 peak overflow 5.53
OPT-1001 : Start high-fanout net optimization ...
OPT-1001 : Update timing in global mode
PHY-1001 : Start incremental global routing, caller is place ...
RUN-1001 : Generating global routing grids ...
RUN-1001 : Building simple global routing graph ...
PHY-1001 : Generate routing nets ...
PHY-1001 : Reuse net number 0/6488.
PHY-1001 : Global iterations in 16 thread ...
PHY-1002 : len = 223176, over cnt = 862(2%), over = 3193, worst = 19
PHY-1001 : End global iterations;  0.393404s wall, 0.250000s user + 0.015625s system = 0.265625s CPU (67.5%)

PHY-1001 : Congestion index: top1 = 54.50, top5 = 40.35, top10 = 33.99, top15 = 29.82.
PHY-1001 : End incremental global routing;  0.518401s wall, 0.296875s user + 0.015625s system = 0.312500s CPU (60.3%)

TMR-2503 : Start to update net delay, extr mode = 5.
TMR-2504 : Update delay of 6486 nets completely.
TMR-2502 : Annotate delay completely, extr mode = 5.
TMR-3001 : Initiate 0 clocks from SDC.
TMR-3004 : Map sdc constraints, there are 8 constraints in total.
TMR-3003 : Constraints initiated successfully.
TMR-3501 : Forward propagation: start to calculate arrival time...
TMR-3502 : Backward propagation: start to calculate required time...
TMR-3503 : Timing propagation completes.
OPT-1001 : End timing update;  0.191688s wall, 0.171875s user + 0.000000s system = 0.171875s CPU (89.7%)

OPT-1001 : 0 high-fanout net processed.
OPT-1001 : End high-fanout net optimization;  0.826406s wall, 0.546875s user + 0.015625s system = 0.562500s CPU (68.1%)

OPT-1001 : Current memory(MB): used = 294, reserve = 261, peak = 294.
OPT-1001 : Start global optimization ...
OPT-1001 : Start congestion update ...
RUN-1001 : Generating global routing grids ...
PHY-1001 : Generate routing nets ...
PHY-1001 : Reuse net number 5040/6488.
PHY-1001 : Global iterations in 16 thread ...
PHY-1002 : len = 223176, over cnt = 862(2%), over = 3193, worst = 19
PHY-1002 : len = 239152, over cnt = 558(1%), over = 1517, worst = 19
PHY-1002 : len = 251072, over cnt = 231(0%), over = 520, worst = 15
PHY-1002 : len = 256056, over cnt = 77(0%), over = 122, worst = 8
PHY-1002 : len = 257672, over cnt = 0(0%), over = 0, worst = 0
PHY-1001 : End global iterations;  0.442236s wall, 0.234375s user + 0.000000s system = 0.234375s CPU (53.0%)

PHY-1001 : Congestion index: top1 = 45.52, top5 = 38.20, top10 = 33.73, top15 = 30.33.
OPT-1001 : End congestion update;  0.549101s wall, 0.359375s user + 0.000000s system = 0.359375s CPU (65.4%)

OPT-1001 : Update timing in Manhattan mode
TMR-2503 : Start to update net delay, extr mode = 3.
TMR-2504 : Update delay of 6486 nets completely.
TMR-2502 : Annotate delay completely, extr mode = 3.
TMR-3501 : Forward propagation: start to calculate arrival time...
TMR-3502 : Backward propagation: start to calculate required time...
TMR-3503 : Timing propagation completes.
OPT-1001 : End timing update;  0.148600s wall, 0.125000s user + 0.000000s system = 0.125000s CPU (84.1%)

OPT-0007 : Start: WNS 999170 TNS 0 NUM_FEPS 0
OPT-1001 : End global optimization;  0.697925s wall, 0.484375s user + 0.000000s system = 0.484375s CPU (69.4%)

OPT-1001 : Current memory(MB): used = 298, reserve = 265, peak = 298.
OPT-1001 : End physical optimization;  2.252865s wall, 1.625000s user + 0.015625s system = 1.640625s CPU (72.8%)

PHY-3001 : Start packing ...
SYN-4007 : Packing 0 MUX to BLE ...
SYN-4008 : Packed 0 MUX and 0 SEQ to BLE.
SYN-4007 : Packing 1696 LUT to BLE ...
SYN-4008 : Packed 1696 LUT and 1025 SEQ to BLE.
SYN-4003 : Packing 1803 remaining SEQ's ...
SYN-4005 : Packed 643 SEQ with LUT/SLICE
SYN-4006 : 196 single LUT's are left
SYN-4006 : 1160 single SEQ's are left
SYN-4011 : Packing model "sd_bmp_hdmi" (AL_USER_NORMAL) with 2856/3981 primitive instances ...
PHY-3001 : End packing;  0.258077s wall, 0.218750s user + 0.000000s system = 0.218750s CPU (84.8%)

PHY-1001 : Populate physical database on model sd_bmp_hdmi.
RUN-1001 : There are total 2495 instances
RUN-1001 : 1200 mslices, 1199 lslices, 71 pads, 16 brams, 0 dsps
RUN-1001 : There are total 5573 nets
RUN-1001 : 3525 nets have 2 pins
RUN-1001 : 1492 nets have [3 - 5] pins
RUN-1001 : 399 nets have [6 - 10] pins
RUN-1001 : 109 nets have [11 - 20] pins
RUN-1001 : 39 nets have [21 - 99] pins
RUN-1001 : 9 nets have 100+ pins
PHY-3001 : design contains 2493 instances, 2399 slices, 145 macros(869 instances: 605 mslices 264 lslices)
PHY-3001 : Cell area utilization is 30%
PHY-3001 : After packing: Len = 199107, Over = 154.5
PHY-3001 : Run with size of 2
PHY-3001 : Cell area utilization is 30%
PHY-3001 : Update timing in Manhattan mode ...
RUN-1002 : start command "start_timer -report"
TMR-2505 : Start building timing graph for model sd_bmp_hdmi.
TMR-2506 : Build timing graph completely. Port num: 9, tpin num: 20989, tnet num: 5571, tinst num: 2493, tnode num: 27266, tedge num: 36056.
TMR-2508 : Levelizing timing graph completed, there are 29 levels in total.
TMR-2501 : Timing graph initialized successfully.
TMR-2503 : Start to update net delay, extr mode = 3.
TMR-2504 : Update delay of 5571 nets completely.
TMR-2502 : Annotate delay completely, extr mode = 3.
TMR-3001 : Initiate 0 clocks from SDC.
TMR-3004 : Map sdc constraints, there are 8 constraints in total.
TMR-3003 : Constraints initiated successfully.
TMR-3501 : Forward propagation: start to calculate arrival time...
TMR-3502 : Backward propagation: start to calculate required time...
TMR-3503 : Timing propagation completes.
PHY-3001 : End timing update;  0.859308s wall, 0.625000s user + 0.000000s system = 0.625000s CPU (72.7%)

PHY-3001 : :::0::: Try harder cell spreading with beta_ = 2.40295e-05
PHY-3002 : Step(127): len = 196027, overlap = 153
PHY-3002 : Step(128): len = 194303, overlap = 158
PHY-3002 : Step(129): len = 190981, overlap = 158
PHY-3002 : Step(130): len = 188078, overlap = 157.5
PHY-3002 : Step(131): len = 187246, overlap = 159
PHY-3002 : Step(132): len = 185649, overlap = 166
PHY-3001 : :::1::: Try harder cell spreading with beta_ = 4.8059e-05
PHY-3002 : Step(133): len = 186431, overlap = 166
PHY-3002 : Step(134): len = 187171, overlap = 162.25
PHY-3002 : Step(135): len = 188513, overlap = 153.75
PHY-3001 : :::2::: Try harder cell spreading with beta_ = 9.6118e-05
PHY-3002 : Step(136): len = 191287, overlap = 145.75
PHY-3002 : Step(137): len = 193091, overlap = 136
PHY-3002 : Step(138): len = 196766, overlap = 125.5
PHY-3002 : Step(139): len = 197829, overlap = 118.5
PHY-3002 : Step(140): len = 198468, overlap = 120
PHY-3001 : :::3::: Try harder cell spreading with beta_ = 0.000192236
PHY-3002 : Step(141): len = 199547, overlap = 117.5
PHY-3002 : Step(142): len = 200426, overlap = 119.75
PHY-3002 : Step(143): len = 201619, overlap = 109.25
PHY-3001 : :::4::: Try harder cell spreading with beta_ = 0.000384472
PHY-3002 : Step(144): len = 202830, overlap = 110.25
PHY-3002 : Step(145): len = 205269, overlap = 103.25
PHY-3002 : Step(146): len = 207575, overlap = 100.75
PHY-3002 : Step(147): len = 207144, overlap = 97.75
PHY-3002 : Step(148): len = 206370, overlap = 92.25
PHY-3002 : Step(149): len = 206101, overlap = 90.75
PHY-3001 : Legalization ...
PHY-3001 : End legalization;  0.723916s wall, 0.062500s user + 0.359375s system = 0.421875s CPU (58.3%)

PHY-3001 : Trial Legalized: Len = 234032
PHY-3001 : Run with size of 2
PHY-3001 : Cell area utilization is 29%
PHY-3001 : Update timing in Manhattan mode ...
TMR-2503 : Start to update net delay, extr mode = 3.
TMR-2504 : Update delay of 5571 nets completely.
TMR-2502 : Annotate delay completely, extr mode = 3.
TMR-3501 : Forward propagation: start to calculate arrival time...
TMR-3502 : Backward propagation: start to calculate required time...
TMR-3503 : Timing propagation completes.
PHY-3001 : End timing update;  0.110758s wall, 0.093750s user + 0.000000s system = 0.093750s CPU (84.6%)

PHY-3001 : :::0::: Try harder cell spreading with beta_ = 0.000323405
PHY-3002 : Step(150): len = 224798, overlap = 8
PHY-3002 : Step(151): len = 214728, overlap = 29
PHY-3002 : Step(152): len = 211232, overlap = 35.5
PHY-3002 : Step(153): len = 209090, overlap = 38
PHY-3002 : Step(154): len = 208174, overlap = 41.5
PHY-3002 : Step(155): len = 207433, overlap = 42.5
PHY-3001 : :::1::: Try harder cell spreading with beta_ = 0.000646809
PHY-3002 : Step(156): len = 207699, overlap = 40.25
PHY-3002 : Step(157): len = 208007, overlap = 41
PHY-3002 : Step(158): len = 208249, overlap = 40
PHY-3001 : :::2::: Try harder cell spreading with beta_ = 0.00129362
PHY-3002 : Step(159): len = 208614, overlap = 38.75
PHY-3002 : Step(160): len = 208911, overlap = 39.25
PHY-3001 : Legalization ...
PHY-3001 : End legalization;  0.007835s wall, 0.000000s user + 0.000000s system = 0.000000s CPU (n/a%)

PHY-3001 : Legalized: Len = 221077, Over = 0
PHY-3001 : Spreading special nets. 39 overflows in 2952 tiles.
PHY-3001 : End spreading;  0.029149s wall, 0.000000s user + 0.000000s system = 0.000000s CPU (n/a%)

PHY-3001 : 55 instances has been re-located, deltaX = 20, deltaY = 31, maxDist = 2.
PHY-3001 : Final: Len = 221889, Over = 0
PHY-3001 : BANK 6 DIFFRESISTOR:NONE VOD:350M VCM:1.2
OPT-1001 : Start physical optimization ...
RUN-1002 : start command "start_timer -report"
TMR-2505 : Start building timing graph for model sd_bmp_hdmi.
TMR-2506 : Build timing graph completely. Port num: 9, tpin num: 20989, tnet num: 5571, tinst num: 2494, tnode num: 27266, tedge num: 36056.
TMR-2508 : Levelizing timing graph completed, there are 29 levels in total.
TMR-2501 : Timing graph initialized successfully.
OPT-1001 : Total overflow 0.00 peak overflow 0.00
OPT-1001 : Start high-fanout net optimization ...
OPT-1001 : Update timing in global mode
PHY-1001 : Start incremental global routing, caller is place ...
RUN-1001 : Generating global routing grids ...
PHY-1001 : Generate routing nets ...
PHY-1001 : Reuse net number 243/5573.
PHY-1001 : Global iterations in 16 thread ...
PHY-1002 : len = 256384, over cnt = 592(1%), over = 886, worst = 6
PHY-1002 : len = 259736, over cnt = 345(0%), over = 442, worst = 4
PHY-1002 : len = 262224, over cnt = 193(0%), over = 251, worst = 4
PHY-1002 : len = 265016, over cnt = 27(0%), over = 36, worst = 3
PHY-1002 : len = 265568, over cnt = 0(0%), over = 0, worst = 0
PHY-1001 : End global iterations;  0.708568s wall, 0.375000s user + 0.015625s system = 0.390625s CPU (55.1%)

PHY-1001 : Congestion index: top1 = 37.76, top5 = 32.01, top10 = 28.86, top15 = 26.49.
PHY-1001 : End incremental global routing;  0.835456s wall, 0.484375s user + 0.015625s system = 0.500000s CPU (59.8%)

TMR-2503 : Start to update net delay, extr mode = 5.
TMR-2504 : Update delay of 5571 nets completely.
TMR-2502 : Annotate delay completely, extr mode = 5.
TMR-3001 : Initiate 0 clocks from SDC.
TMR-3004 : Map sdc constraints, there are 8 constraints in total.
TMR-3003 : Constraints initiated successfully.
TMR-3501 : Forward propagation: start to calculate arrival time...
TMR-3502 : Backward propagation: start to calculate required time...
TMR-3503 : Timing propagation completes.
OPT-1001 : End timing update;  0.147977s wall, 0.109375s user + 0.015625s system = 0.125000s CPU (84.5%)

OPT-1001 : 0 high-fanout net processed.
OPT-1001 : End high-fanout net optimization;  1.074991s wall, 0.656250s user + 0.031250s system = 0.687500s CPU (64.0%)

OPT-1001 : Current memory(MB): used = 304, reserve = 273, peak = 304.
OPT-1001 : Start path based optimization ...
OPT-1001 : Start congestion update ...
RUN-1001 : Generating global routing grids ...
PHY-1001 : Generate routing nets ...
PHY-1001 : Reuse net number 4892/5573.
PHY-1001 : Global iterations in 16 thread ...
PHY-1002 : len = 265568, over cnt = 0(0%), over = 0, worst = 0
PHY-1001 : End global iterations;  0.027724s wall, 0.031250s user + 0.000000s system = 0.031250s CPU (112.7%)

PHY-1001 : Congestion index: top1 = 37.76, top5 = 32.01, top10 = 28.86, top15 = 26.49.
OPT-1001 : End congestion update;  0.142870s wall, 0.109375s user + 0.000000s system = 0.109375s CPU (76.6%)

OPT-1001 : Update timing in Manhattan mode
TMR-2503 : Start to update net delay, extr mode = 3.
TMR-2504 : Update delay of 5571 nets completely.
TMR-2502 : Annotate delay completely, extr mode = 3.
TMR-3501 : Forward propagation: start to calculate arrival time...
TMR-3502 : Backward propagation: start to calculate required time...
TMR-3503 : Timing propagation completes.
OPT-1001 : End timing update;  0.120107s wall, 0.093750s user + 0.000000s system = 0.093750s CPU (78.1%)

OPT-0007 : Start: WNS 999045 TNS 0 NUM_FEPS 0
OPT-1001 : End path based optimization;  0.263177s wall, 0.203125s user + 0.000000s system = 0.203125s CPU (77.2%)

OPT-1001 : Current memory(MB): used = 306, reserve = 275, peak = 306.
OPT-1001 : Update timing in Manhattan mode
TMR-2503 : Start to update net delay, extr mode = 3.
TMR-2504 : Update delay of 5571 nets completely.
TMR-2502 : Annotate delay completely, extr mode = 3.
TMR-3501 : Forward propagation: start to calculate arrival time...
TMR-3502 : Backward propagation: start to calculate required time...
TMR-3503 : Timing propagation completes.
OPT-1001 : End timing update;  0.105964s wall, 0.093750s user + 0.000000s system = 0.093750s CPU (88.5%)

OPT-1001 : Start pin optimization...
OPT-1001 : skip pin optimization...
RUN-1001 : Generating global routing grids ...
PHY-1001 : Generate routing nets ...
PHY-1001 : Reuse net number 4892/5573.
PHY-1001 : Global iterations in 16 thread ...
PHY-1002 : len = 265568, over cnt = 0(0%), over = 0, worst = 0
PHY-1001 : End global iterations;  0.026116s wall, 0.015625s user + 0.000000s system = 0.015625s CPU (59.8%)

PHY-1001 : Congestion index: top1 = 37.76, top5 = 32.01, top10 = 28.86, top15 = 26.49.
OPT-1001 : Update timing in Manhattan mode
TMR-2503 : Start to update net delay, extr mode = 3.
TMR-2504 : Update delay of 5571 nets completely.
TMR-2502 : Annotate delay completely, extr mode = 3.
TMR-3501 : Forward propagation: start to calculate arrival time...
TMR-3502 : Backward propagation: start to calculate required time...
TMR-3503 : Timing propagation completes.
OPT-1001 : End timing update;  0.117422s wall, 0.093750s user + 0.000000s system = 0.093750s CPU (79.8%)

RUN-1001 : QoR Analysis:
OPT-0007 :   WNS 999045 TNS 0 NUM_FEPS 0
RUN-1001 :   No local congestion issue, and most congested 1% tile average routing util is 37.310345
RUN-1001 :   Top critical paths
OPT-1001 : End physical optimization;  2.500041s wall, 1.671875s user + 0.031250s system = 1.703125s CPU (68.1%)

RUN-1003 : finish command "place" in  14.851276s wall, 9.062500s user + 2.453125s system = 11.515625s CPU (77.5%)

RUN-1004 : used memory is 288 MB, reserved memory is 256 MB, peak memory is 306 MB
RUN-1002 : start command "export_db SD-SDRAM-ISP-HDMI_place.db"
RUN-1001 : Exported /
RUN-1001 : Exported flow parameters
RUN-1001 : Exported libs
RUN-1001 : Exported entities
RUN-1001 : Exported ports
RUN-1001 : Exported pins
RUN-1001 : Exported instances
RUN-1001 : Exported nets
RUN-1001 : Exported buses
RUN-1001 : Exported models
RUN-1001 : Exported congestions
RUN-1001 : Exported violations
RUN-1001 : Exported timing constraints
RUN-1001 : Exported IO constraints
RUN-1001 : Exported Inst constraints
RUN-1001 : Exported ChipWatcher
RUN-1002 : start command "route"
RUN-1001 : Open license file F:/ARMChina/license/Anlogic.lic
RUN-1001 : Print Global Property
RUN-1001 : ---------------------------------------------------------------
RUN-1001 :        Parameters        |  Settings  |  Default Values  |  Note  
RUN-1001 : ---------------------------------------------------------------
RUN-1001 :          message         |  standard  |     standard     |        
RUN-1001 :   mixed_pack_place_flow  |     on     |        on        |        
RUN-1001 :        qor_monitor       |    off     |       off        |        
RUN-1001 :        syn_ip_flow       |    off     |       off        |        
RUN-1001 :          thread          |    auto    |       auto       |        
RUN-1001 : ---------------------------------------------------------------
RUN-1001 : Print Route Property
RUN-1001 : -------------------------------------------------------
RUN-1001 :    Parameters    |  Settings  |  Default Values  |  Note  
RUN-1001 : -------------------------------------------------------
RUN-1001 :      effort      |   medium   |      medium      |        
RUN-1001 :     fix_hold     |    off     |       off        |        
RUN-1001 :    opt_timing    |   medium   |      medium      |        
RUN-1001 :   phy_sim_model  |    off     |       off        |        
RUN-1001 :     priority     |   timing   |      timing      |        
RUN-1001 :     swap_pin     |     on     |        on        |        
RUN-1001 : -------------------------------------------------------
PHY-1001 : Route runs in 16 thread(s)
RUN-1001 : There are total 2496 instances
RUN-1001 : 1200 mslices, 1199 lslices, 71 pads, 16 brams, 0 dsps
RUN-1001 : There are total 5573 nets
RUN-1001 : 3525 nets have 2 pins
RUN-1001 : 1492 nets have [3 - 5] pins
RUN-1001 : 399 nets have [6 - 10] pins
RUN-1001 : 109 nets have [11 - 20] pins
RUN-1001 : 39 nets have [21 - 99] pins
RUN-1001 : 9 nets have 100+ pins
RUN-1002 : start command "start_timer -report"
TMR-2505 : Start building timing graph for model sd_bmp_hdmi.
TMR-2506 : Build timing graph completely. Port num: 9, tpin num: 20989, tnet num: 5571, tinst num: 2494, tnode num: 27266, tedge num: 36056.
TMR-2508 : Levelizing timing graph completed, there are 29 levels in total.
TMR-2501 : Timing graph initialized successfully.
PHY-1001 : 1200 mslices, 1199 lslices, 71 pads, 16 brams, 0 dsps
TMR-2503 : Start to update net delay, extr mode = 3.
TMR-2504 : Update delay of 5571 nets completely.
TMR-2502 : Annotate delay completely, extr mode = 3.
TMR-3001 : Initiate 0 clocks from SDC.
TMR-3004 : Map sdc constraints, there are 8 constraints in total.
TMR-3003 : Constraints initiated successfully.
TMR-3501 : Forward propagation: start to calculate arrival time...
TMR-3502 : Backward propagation: start to calculate required time...
TMR-3503 : Timing propagation completes.
PHY-1001 : Start global routing, caller is route ...
RUN-1001 : Generating global routing grids ...
PHY-1001 : Generate routing nets ...
PHY-1001 : Global iterations in 16 thread ...
PHY-1002 : len = 254672, over cnt = 595(1%), over = 904, worst = 6
PHY-1002 : len = 257800, over cnt = 369(1%), over = 488, worst = 6
PHY-1002 : len = 261408, over cnt = 149(0%), over = 197, worst = 6
PHY-1002 : len = 264056, over cnt = 1(0%), over = 1, worst = 1
PHY-1002 : len = 264088, over cnt = 0(0%), over = 0, worst = 0
PHY-1001 : End global iterations;  0.737179s wall, 0.437500s user + 0.015625s system = 0.453125s CPU (61.5%)

PHY-1001 : Congestion index: top1 = 37.95, top5 = 32.22, top10 = 28.92, top15 = 26.47.
PHY-1001 : End global routing;  0.862820s wall, 0.531250s user + 0.015625s system = 0.546875s CPU (63.4%)

PHY-1001 : Start detail routing ...
PHY-1001 : Current memory(MB): used = 338, reserve = 307, peak = 340.
PHY-1001 : Detailed router is running in normal mode.
PHY-1001 : Generate detailed routing grids ...
PHY-1001 : Generate nets ...
PHY-1001 : net sys_clk_dup_1 will be routed on clock mesh
PHY-1001 : clock net u_clk_wiz_1/clk0_out will be merged with clock u_clk_wiz_1/clk0_buf
PHY-1001 : net u_ddr3_top/clk_sdram will be routed on clock mesh
PHY-1001 : clock net u_ddr3_top/u_sdram_fifo_ctrl/clk_ref will be merged with clock u_clk_wiz_0/clk0_buf
PHY-1001 : net u_ddr3_top/u_sdram_fifo_ctrl/wrfifo/clkw will be routed on clock mesh
PHY-1001 : net u_hdmi_top/bnr/pclk will be routed on clock mesh
PHY-1001 : clock net config_inst_syn_10 will be merged with clock config_inst_syn_9
PHY-1001 : clock net u_sd_ctrl_top/u_sd_init/div_clk_syn_4 will be merged with clock u_sd_ctrl_top/u_sd_init/div_clk
PHY-1001 : net u_sd_ctrl_top/u_sd_read/clk_ref_180deg will be routed on clock mesh
PHY-1001 : Current memory(MB): used = 589, reserve = 562, peak = 589.
PHY-1001 : End build detailed router design. 3.531818s wall, 2.906250s user + 0.109375s system = 3.015625s CPU (85.4%)

PHY-1001 : Detail Route ...
PHY-1001 : ===== Detail Route Phase 1 =====
PHY-1001 : Clock net routing.....
PHY-1001 : Routed 0% nets.
PHY-1022 : len = 91448, over cnt = 1(0%), over = 1, worst = 1, crit = 0
PHY-1001 : End initial clock net routed; 3.264303s wall, 2.796875s user + 0.015625s system = 2.812500s CPU (86.2%)

PHY-1001 : Ripup-reroute.....
PHY-1001 : ===== DR Iter 1 =====
PHY-1022 : len = 91432, over cnt = 0(0%), over = 0, worst = 0, crit = 0
PHY-1001 : End DR Iter 1; 0.431291s wall, 0.406250s user + 0.000000s system = 0.406250s CPU (94.2%)

PHY-1001 : Current memory(MB): used = 623, reserve = 597, peak = 623.
PHY-1001 : End phase 1; 3.703932s wall, 3.203125s user + 0.015625s system = 3.218750s CPU (86.9%)

PHY-1001 : ===== Detail Route Phase 2 =====
PHY-1001 : Initial routing.....
PHY-1001 : Routed 38% nets.
PHY-1001 : Routed 45% nets.
PHY-1001 : Routed 54% nets.
PHY-1001 : Routed 66% nets.
PHY-1001 : Routed 86% nets.
PHY-1022 : len = 681008, over cnt = 94(0%), over = 94, worst = 1, crit = 0
PHY-1001 : Current memory(MB): used = 625, reserve = 598, peak = 625.
PHY-1001 : End initial routed; 12.302556s wall, 9.140625s user + 0.062500s system = 9.203125s CPU (74.8%)

PHY-1001 : Update timing.....
PHY-1001 : 0/4835(0%) critical/total net(s).
RUN-1001 : ------------------------------------------
RUN-1001 :   Type   |    WNS(ns)    |  TNS(ns)  |  FEP  
RUN-1001 : ------------------------------------------
RUN-1001 :   Setup  |    998.546    |   0.000   |   0   
RUN-1001 :   Hold   |  2147483.647  |   0.000   |   0   
RUN-1001 : ------------------------------------------
PHY-1001 : End update timing; 0.943659s wall, 0.625000s user + 0.015625s system = 0.640625s CPU (67.9%)

PHY-1001 : Current memory(MB): used = 632, reserve = 606, peak = 632.
PHY-1001 : End phase 2; 13.246353s wall, 9.765625s user + 0.078125s system = 9.843750s CPU (74.3%)

PHY-1001 : ===== Detail Route Phase 3 =====
PHY-1001 : Optimize timing.....
PHY-1022 : len = 681008, over cnt = 94(0%), over = 94, worst = 1, crit = 0
PHY-1001 : End optimize timing; 0.022630s wall, 0.000000s user + 0.000000s system = 0.000000s CPU (n/a%)

PHY-1001 : Ripup-reroute.....
PHY-1001 : ===== DR Iter 1 =====
PHY-1022 : len = 679632, over cnt = 18(0%), over = 18, worst = 1, crit = 0
PHY-1001 : End DR Iter 1; 0.104474s wall, 0.062500s user + 0.015625s system = 0.078125s CPU (74.8%)

PHY-1001 : ===== DR Iter 2 =====
PHY-1022 : len = 679656, over cnt = 2(0%), over = 2, worst = 1, crit = 0
PHY-1001 : End DR Iter 2; 0.059903s wall, 0.046875s user + 0.015625s system = 0.062500s CPU (104.3%)

PHY-1001 : ===== DR Iter 3 =====
PHY-1022 : len = 679656, over cnt = 0(0%), over = 0, worst = 0, crit = 0
PHY-1001 : End DR Iter 3; 0.049212s wall, 0.000000s user + 0.000000s system = 0.000000s CPU (n/a%)

PHY-1001 : Update timing.....
PHY-1001 : 0/4835(0%) critical/total net(s).
RUN-1001 : ------------------------------------------
RUN-1001 :   Type   |    WNS(ns)    |  TNS(ns)  |  FEP  
RUN-1001 : ------------------------------------------
RUN-1001 :   Setup  |    998.546    |   0.000   |   0   
RUN-1001 :   Hold   |  2147483.647  |   0.000   |   0   
RUN-1001 : ------------------------------------------
PHY-1001 : End update timing; 1.002460s wall, 0.687500s user + 0.000000s system = 0.687500s CPU (68.6%)

PHY-1001 : Commit to database.....
PHY-1001 : 25 feed throughs used by 25 nets
PHY-1001 : End commit to database; 0.579907s wall, 0.421875s user + 0.015625s system = 0.437500s CPU (75.4%)

PHY-1001 : Current memory(MB): used = 663, reserve = 638, peak = 663.
PHY-1001 : End phase 3; 2.001907s wall, 1.312500s user + 0.046875s system = 1.359375s CPU (67.9%)

PHY-1003 : Routed, final wirelength = 679656
PHY-1001 : Current memory(MB): used = 665, reserve = 639, peak = 665.
PHY-1001 : End export database. 0.020071s wall, 0.015625s user + 0.000000s system = 0.015625s CPU (77.8%)

PHY-1001 : End detail routing;  22.749462s wall, 17.421875s user + 0.265625s system = 17.687500s CPU (77.7%)

RUN-1003 : finish command "route" in  24.574169s wall, 18.515625s user + 0.281250s system = 18.796875s CPU (76.5%)

RUN-1004 : used memory is 603 MB, reserved memory is 577 MB, peak memory is 665 MB
RUN-1002 : start command "report_area -io_info -file SD-SDRAM-ISP-HDMI_phy.area"
RUN-1001 : standard
***Report Model: sd_bmp_hdmi Device: EG4S20BG256***

IO Statistics
#IO                        12
  #input                    5
  #output                   7
  #inout                    0

Utilization Statistics
#lut                     3484   out of  19600   17.78%
#reg                     2833   out of  19600   14.45%
#le                      4644
  #lut only              1811   out of   4644   39.00%
  #reg only              1160   out of   4644   24.98%
  #lut&reg               1673   out of   4644   36.02%
#dsp                        0   out of     29    0.00%
#bram                       6   out of     64    9.38%
  #bram9k                   6
  #fifo9k                   0
#bram32k                   10   out of     16   62.50%
#pad                       16   out of    188    8.51%
  #ireg                     0
  #oreg                     4
  #treg                     0
#pll                        2   out of      4   50.00%
#gclk                       4   out of     16   25.00%

Clock Resource Statistics
Index     ClockNet                                    Type               DriverType         Driver                                          Fanout
#1        u_hdmi_top/bnr/pclk                         GCLK               pll                u_clk_wiz_1/pll_inst.clkc1                      981
#2        u_clk_wiz_0/clk0_buf                        GCLK               pll                u_clk_wiz_0/pll_inst.clkc0                      175
#3        u_ddr3_top/u_sdram_fifo_ctrl/wrfifo/clkw    GCLK               pll                u_clk_wiz_0/pll_inst.clkc3                      159
#4        config_inst_syn_9                           GCLK               config             config_inst.jtck                                123
#5        sys_clk_dup_1                               GCLK               io                 sys_clk_syn_2.di                                67
#6        u_sd_ctrl_top/u_sd_init/div_clk             GCLK               lslice             u_sd_ctrl_top/u_sd_init/div_clk_reg_syn_9.q1    64
#7        u_clk_wiz_1/clk0_buf                        GCLK               pll                u_clk_wiz_1/pll_inst.clkc0                      37
#8        u_sd_ctrl_top/u_sd_read/clk_ref_180deg      GCLK               pll                u_clk_wiz_0/pll_inst.clkc4                      21
#9        u_ddr3_top/clk_sdram                        GCLK               pll                u_clk_wiz_0/pll_inst.clkc1                      0


Detailed IO Report

        Name           Direction    Location    IOStandard    DriveStrength    PullType    PackReg  
       sd_miso           INPUT        D14        LVCMOS33          N/A          PULLUP      NONE    
   switch_video[1]       INPUT        B10        LVCMOS33          N/A          PULLUP      NONE    
   switch_video[0]       INPUT        A10        LVCMOS33          N/A          PULLUP      NONE    
       sys_clk           INPUT         R7        LVCMOS33          N/A          PULLUP      NONE    
      sys_rst_n          INPUT         A9        LVCMOS33          N/A          PULLUP      NONE    
       sd_clk           OUTPUT        F15        LVCMOS33           8            NONE       NONE    
        sd_cs           OUTPUT        F13        LVCMOS33           8            NONE       NONE    
       sd_mosi          OUTPUT        F14        LVCMOS33           8            NONE       NONE    
     tmds_clk_p         OUTPUT         P1         LVDS33           NA            NONE      ODDRX1   
    tmds_clk_p(n)       OUTPUT         R1         LVDS33           NA            NONE      ODDRX1   
   tmds_data_p[2]       OUTPUT         J3         LVDS33           NA            NONE      ODDRX1   
  tmds_data_p[2](n)     OUTPUT         J4         LVDS33           NA            NONE      ODDRX1   
   tmds_data_p[1]       OUTPUT         P4         LVDS33           NA            NONE      ODDRX1   
  tmds_data_p[1](n)     OUTPUT         N4         LVDS33           NA            NONE      ODDRX1   
   tmds_data_p[0]       OUTPUT         N1         LVDS33           NA            NONE      ODDRX1   
  tmds_data_p[0](n)     OUTPUT         M1         LVDS33           NA            NONE      ODDRX1   
       dq[23]            INPUT        S31        LVCMOS25           8           PULLUP      NONE    
       dq[22]            INPUT        S32        LVCMOS25           8           PULLUP      NONE    
       dq[21]            INPUT        S35        LVCMOS25           8           PULLUP      NONE    
       dq[20]            INPUT        S36        LVCMOS25           8           PULLUP      NONE    
       dq[19]            INPUT        S37        LVCMOS25           8           PULLUP      NONE    
       dq[18]            INPUT        S38        LVCMOS25           8           PULLUP      NONE    
       dq[17]            INPUT        S41        LVCMOS25           8           PULLUP      NONE    
       dq[16]            INPUT        S42        LVCMOS25           8           PULLUP      NONE    
       dq[31]            INPUT        S48        LVCMOS25           8           PULLUP      NONE    
       dq[30]            INPUT        S49        LVCMOS25           8           PULLUP      NONE    
       dq[29]            INPUT        S52        LVCMOS25           8           PULLUP      NONE    
       dq[28]            INPUT        S53        LVCMOS25           8           PULLUP      NONE    
       dq[27]            INPUT        S54        LVCMOS25           8           PULLUP      NONE    
       dq[26]            INPUT        S55        LVCMOS25           8           PULLUP      NONE    
       dq[25]            INPUT        S58        LVCMOS25           8           PULLUP      NONE    
       dq[24]            INPUT        S59        LVCMOS25           8           PULLUP      NONE    
         dm0            OUTPUT        S14        LVCMOS25           8            NONE       NONE    
         cke            OUTPUT        S18        LVCMOS25           8            NONE       OREG    
        we_n            OUTPUT        S19        LVCMOS25           8            NONE       OREG    
        cas_n           OUTPUT        S20        LVCMOS25           8            NONE       OREG    
        ras_n           OUTPUT        S21        LVCMOS25           8            NONE       OREG    
        cs_n            OUTPUT        S22        LVCMOS25           8            NONE       OREG    
       addr[9]          OUTPUT        S23        LVCMOS25           8            NONE       OREG    
       addr[8]          OUTPUT        S24        LVCMOS25           8            NONE       OREG    
       addr[7]          OUTPUT        S25        LVCMOS25           8            NONE       OREG    
       addr[6]          OUTPUT        S26        LVCMOS25           8            NONE       OREG    
       addr[5]          OUTPUT        S27        LVCMOS25           8            NONE       OREG    
       addr[4]          OUTPUT        S28        LVCMOS25           8            NONE       OREG    
         dm2            OUTPUT        S29        LVCMOS25           8            NONE       NONE    
         dm3            OUTPUT        S61        LVCMOS25           8            NONE       NONE    
       addr[3]          OUTPUT        S64        LVCMOS25           8            NONE       OREG    
       addr[2]          OUTPUT        S65        LVCMOS25           8            NONE       OREG    
       addr[1]          OUTPUT        S66        LVCMOS25           8            NONE       OREG    
       addr[0]          OUTPUT        S67        LVCMOS25           8            NONE       OREG    
      addr[10]          OUTPUT        S68        LVCMOS25           8            NONE       OREG    
        ba[0]           OUTPUT        S69        LVCMOS25           8            NONE       OREG    
        ba[1]           OUTPUT        S70        LVCMOS25           8            NONE       OREG    
         clk            OUTPUT        S73        LVCMOS25           8            NONE       NONE    
         dm1            OUTPUT        S76        LVCMOS25           8            NONE       NONE    
        dq[0]            INOUT         S1        LVCMOS25           8           PULLUP      IREG    
        dq[6]            INOUT        S11        LVCMOS25           8           PULLUP      IREG    
        dq[7]            INOUT        S12        LVCMOS25           8           PULLUP      IREG    
        dq[1]            INOUT         S2        LVCMOS25           8           PULLUP      IREG    
        dq[2]            INOUT         S5        LVCMOS25           8           PULLUP      IREG    
        dq[3]            INOUT         S6        LVCMOS25           8           PULLUP      IREG    
        dq[4]            INOUT         S7        LVCMOS25           8           PULLUP      IREG    
        dq[8]            INOUT        S78        LVCMOS25           8           PULLUP      IREG    
        dq[9]            INOUT        S79        LVCMOS25           8           PULLUP      IREG    
        dq[5]            INOUT         S8        LVCMOS25           8           PULLUP      IREG    
       dq[10]            INOUT        S82        LVCMOS25           8           PULLUP      IREG    
       dq[11]            INOUT        S83        LVCMOS25           8           PULLUP      IREG    
       dq[12]            INOUT        S84        LVCMOS25           8           PULLUP      IREG    
       dq[13]            INOUT        S85        LVCMOS25           8           PULLUP      IREG    
       dq[14]            INOUT        S88        LVCMOS25           8           PULLUP      IREG    
       dq[15]            INOUT        S89        LVCMOS25           8           PULLUP      IREG    

Report Hierarchy Area:
+-------------------------------------------------------------------------------------------------------------------------------------+
|Instance                            |Module                                     |le     |lut     |ripple  |seq     |bram    |dsp     |
+-------------------------------------------------------------------------------------------------------------------------------------+
|top                                 |sd_bmp_hdmi                                |4644   |2615    |869     |2837    |16      |0       |
|  u_clk_wiz_0                       |PLL                                        |0      |0       |0       |0       |0       |0       |
|  u_clk_wiz_1                       |PLL_hdmi                                   |0      |0       |0       |0       |0       |0       |
|  u_ddr3_top                        |ddr3_top1                                  |581    |351     |100     |355     |2       |0       |
|    physica_sdram                   |SDRAM                                      |0      |0       |0       |0       |0       |0       |
|    u_sdram_controller              |sdram_controller                           |210    |149     |40      |89      |0       |0       |
|      u_sdram_cmd                   |sdram_cmd                                  |32     |32      |0       |15      |0       |0       |
|      u_sdram_ctrl                  |sdram_ctrl                                 |162    |116     |40      |58      |0       |0       |
|      u_sdram_data                  |sdram_data                                 |16     |1       |0       |16      |0       |0       |
|    u_sdram_fifo_ctrl               |sdram_fifo_ctrl                            |371    |202     |60      |266     |2       |0       |
|      rdfifo                        |SOFTFIFO                                   |143    |61      |18      |117     |1       |0       |
|        ram_inst                    |ram_infer_SOFTFIFO                         |13     |0       |0       |13      |1       |0       |
|        rd_to_wr_cross_inst         |fifo_cross_domain_addr_process_al_SOFTFIFO |39     |18      |0       |39      |0       |0       |
|        wr_to_rd_cross_inst         |fifo_cross_domain_addr_process_al_SOFTFIFO |33     |23      |0       |33      |0       |0       |
|      wrfifo                        |SOFTFIFO                                   |140    |80      |18      |115     |1       |0       |
|        ram_inst                    |ram_infer_SOFTFIFO                         |14     |5       |0       |14      |1       |0       |
|        rd_to_wr_cross_inst         |fifo_cross_domain_addr_process_al_SOFTFIFO |40     |27      |0       |40      |0       |0       |
|        wr_to_rd_cross_inst         |fifo_cross_domain_addr_process_al_SOFTFIFO |31     |28      |0       |31      |0       |0       |
|  u_hdmi_top                        |hdmi_top1                                  |2958   |1505    |567     |1788    |8       |0       |
|    bnr                             |isp_bnr                                    |599    |118     |63      |497     |4       |0       |
|      linebuffer                    |shift_register                             |53     |33      |16      |27      |4       |0       |
|        gen_ram_inst[0]$u_ram       |simple_dp_ram                              |0      |0       |0       |0       |1       |0       |
|        gen_ram_inst[1]$u_ram       |simple_dp_ram                              |0      |0       |0       |0       |1       |0       |
|        gen_ram_inst[2]$u_ram       |simple_dp_ram                              |0      |0       |0       |0       |1       |0       |
|        gen_ram_inst[3]$u_ram       |simple_dp_ram                              |0      |0       |0       |0       |1       |0       |
|    dpc                             |isp_dpc                                    |1919   |1066    |407     |1110    |4       |0       |
|      linebuffer                    |shift_register                             |67     |47      |16      |31      |4       |0       |
|        gen_ram_inst[0]$u_ram       |simple_dp_ram                              |0      |0       |0       |0       |1       |0       |
|        gen_ram_inst[1]$u_ram       |simple_dp_ram                              |0      |0       |0       |0       |1       |0       |
|        gen_ram_inst[2]$u_ram       |simple_dp_ram                              |0      |0       |0       |0       |1       |0       |
|        gen_ram_inst[3]$u_ram       |simple_dp_ram                              |9      |9       |0       |1       |1       |0       |
|    u3_hdmi_tx                      |hdmi_tx                                    |290    |233     |36      |155     |0       |0       |
|      Inst_DVITransmitter           |DVITransmitter                             |290    |233     |36      |155     |0       |0       |
|        Inst_TMDSEncoder_blue       |TMDSEncoder                                |81     |68      |12      |32      |0       |0       |
|        Inst_TMDSEncoder_green      |TMDSEncoder                                |84     |71      |12      |38      |0       |0       |
|        Inst_TMDSEncoder_red        |TMDSEncoder                                |77     |60      |12      |37      |0       |0       |
|        Inst_blue_serializer_10_1   |Serial_N_1_lvds_dat                        |19     |14      |0       |19      |0       |0       |
|        Inst_clk_serializer_10_1    |Serial_N_1_lvds                            |7      |4       |0       |7       |0       |0       |
|        Inst_green_serializer_10_1  |Serial_N_1_lvds_dat                        |8      |6       |0       |8       |0       |0       |
|        Inst_red_serializer_10_1    |Serial_N_1_lvds_dat                        |14     |10      |0       |14      |0       |0       |
|    u_video_driver                  |video_driver                               |150    |88      |61      |26      |0       |0       |
|  u_sd_ctrl_top                     |sd_ctrl_top                                |328    |258     |45      |221     |0       |0       |
|    u_sd_init                       |sd_init                                    |189    |152     |30      |112     |0       |0       |
|    u_sd_read                       |sd_read                                    |139    |106     |15      |109     |0       |0       |
|  u_sd_read_photo                   |read_rawdata                               |294    |216     |72      |158     |0       |0       |
|  cw_top                            |CW_TOP_WRAPPER                             |481    |283     |85      |310     |0       |0       |
|    wrapper_cwc_top                 |cwc_top                                    |481    |283     |85      |310     |0       |0       |
|      cfg_int_inst                  |cwc_cfg_int                                |206    |106     |0       |192     |0       |0       |
|        reg_inst                    |register                                   |204    |104     |0       |190     |0       |0       |
|        tap_inst                    |tap                                        |2      |2       |0       |2       |0       |0       |
|      trigger_inst                  |trigger                                    |275    |177     |85      |118     |0       |0       |
|        bus_inst                    |bus_top                                    |69     |42      |24      |29      |0       |0       |
|          BUS_DETECTOR[0]$bus_nodes |bus_det                                    |1      |0       |0       |1       |0       |0       |
|          BUS_DETECTOR[3]$bus_nodes |bus_det                                    |4      |4       |0       |4       |0       |0       |
|          BUS_DETECTOR[4]$bus_nodes |bus_det                                    |48     |29      |18      |16      |0       |0       |
|          BUS_DETECTOR[5]$bus_nodes |bus_det                                    |16     |9       |6       |8       |0       |0       |
|        emb_ctrl_inst               |emb_ctrl                                   |109    |80      |29      |54      |0       |0       |
+-------------------------------------------------------------------------------------------------------------------------------------+


DataNet Average Fanout:

   Index     Fanout     Nets  
    #1          1       3512  
    #2          2       968   
    #3          3       372   
    #4          4       152   
    #5        5-10      408   
    #6        11-50     130   
    #7       51-100      5    
    #8       101-500     2    
    #9        >500       1    
  Average     2.48            

RUN-1002 : start command "export_db SD-SDRAM-ISP-HDMI_pr.db"
RUN-1001 : Exported /
RUN-1001 : Exported flow parameters
RUN-1001 : Exported libs
RUN-1001 : Exported entities
RUN-1001 : Exported ports
RUN-1001 : Exported pins
RUN-1001 : Exported instances
RUN-1001 : Exported nets
RUN-1001 : Exported buses
RUN-1001 : Exported models
RUN-1001 : Exported congestions
RUN-1001 : Exported violations
RUN-1001 : Exported timing constraints
RUN-1001 : Exported IO constraints
RUN-1001 : Exported Inst constraints
RUN-1001 : Exported ChipWatcher
RUN-1002 : start command "start_timer"
TMR-2505 : Start building timing graph for model sd_bmp_hdmi.
TMR-2506 : Build timing graph completely. Port num: 9, tpin num: 20989, tnet num: 5571, tinst num: 2494, tnode num: 27266, tedge num: 36056.
TMR-2508 : Levelizing timing graph completed, there are 29 levels in total.
TMR-2501 : Timing graph initialized successfully.
RUN-1002 : start command "report_timing -mode FINAL -net_info -rpt_autogen true -file SD-SDRAM-ISP-HDMI_phy.timing"
TMR-2503 : Start to update net delay, extr mode = 6.
TMR-2504 : Update delay of 5571 nets completely.
TMR-2502 : Annotate delay completely, extr mode = 6.
TMR-3001 : Initiate 0 clocks from SDC.
TMR-3004 : Map sdc constraints, there are 8 constraints in total.
TMR-3003 : Constraints initiated successfully.
TMR-3501 : Forward propagation: start to calculate arrival time...
TMR-3502 : Backward propagation: start to calculate required time...
TMR-3503 : Timing propagation completes.
TMR-3506 : Start to generate timing report.
TMR-1502 : Number of clock constraints = 0. Number of clock nets = 9 (9 unconstrainted).
TMR-5009 WARNING: No clock constraint on 9 clock net(s): 
		config_inst_syn_10
		sys_clk_dup_1
		u_clk_wiz_1/clk0_out
		u_ddr3_top/clk_sdram
		u_ddr3_top/u_sdram_fifo_ctrl/clk_ref
		u_ddr3_top/u_sdram_fifo_ctrl/wrfifo/clkw
		u_hdmi_top/bnr/pclk
		u_sd_ctrl_top/u_sd_init/div_clk_syn_4
		u_sd_ctrl_top/u_sd_read/clk_ref_180deg
USR-6122 CRITICAL-WARNING: No clock constraint on PLL u_clk_wiz_0/pll_inst
USR-6122 CRITICAL-WARNING: No clock constraint on PLL u_clk_wiz_1/pll_inst
TMR-3508 : Export timing summary.
TMR-3507 : Timing report generated successfully in SD-SDRAM-ISP-HDMI_phy.timing, timing summary in SD-SDRAM-ISP-HDMI_phy.tsm.
RUN-1002 : start command "export_bid SD-SDRAM-ISP-HDMI_inst.bid"
PRG-1000 : <!-- HMAC is: 484c792a741660ca46cb6eb6d8e03f40f070c3f37fdc9f099ce0e0f63923d326 -->
RUN-1002 : start command "bitgen -bit SD-SDRAM-ISP-HDMI.bit"
BIT-1003 : Start to generate bitstream. 
BIT-1002 : Init instances with 16 threads.
BIT-1002 : Init instances completely, inst num: 2494
BIT-1002 : Init pips with 16 threads.
BIT-1002 : Init pips completely, net num: 5573, pip num: 48643
BIT-1002 : Init feedthrough with 16 threads.
BIT-1002 : Init feedthrough completely, num: 25
BIT-1003 : Multithreading accelaration with 16 threads.
BIT-1003 : Generate bitstream completely, there are 2246 valid insts, and 142982 bits set as '1'.
BIT-1004 : the usercode register value: 00000000100011001000011001101001
BIT-1004 : PLL setting string = 0110
BIT-1004 : Generate bits file SD-SDRAM-ISP-HDMI.bit.
RUN-1003 : finish command "bitgen -bit SD-SDRAM-ISP-HDMI.bit" in  4.746107s wall, 23.031250s user + 0.343750s system = 23.375000s CPU (492.5%)

RUN-1004 : used memory is 647 MB, reserved memory is 628 MB, peak memory is 811 MB
RUN-1002 : start command "backup_run_log run.log ../.logs/phy_1/td_20240704_105804.log"
