============================================================
   Tang Dynasty, V5.6.71036
      Copyright (c) 2012-2023 Anlogic Inc.
   Executable = F:/ARMChina/bin/td.exe
   Built at =   20:34:38 Mar 21 2023
   Run by =     Illyasvial Von Einzb
   Run Date =   Wed Jul  3 23:07:15 2024

   Run on =     LAPTOP-4S5LNBPI
============================================================
RUN-1002 : start command "open_project SD-SDRAM-ISP-HDMI.prj"
RUN-1001 : Print Global Property
RUN-1001 : ---------------------------------------------------------------
RUN-1001 :        Parameters        |  Settings  |  Default Values  |  Note  
RUN-1001 : ---------------------------------------------------------------
RUN-1001 :          message         |  standard  |     standard     |        
RUN-1001 :   mixed_pack_place_flow  |     on     |        on        |        
RUN-1001 :        qor_monitor       |    off     |       off        |        
RUN-1001 :        syn_ip_flow       |    off     |       off        |        
RUN-1001 :          thread          |    auto    |       auto       |        
RUN-1001 : ---------------------------------------------------------------
RUN-1001 : Print Design Property
RUN-1001 : --------------------------------------------------------------
RUN-1001 :        Parameters       |  Settings  |  Default Values  |  Note  
RUN-1001 : --------------------------------------------------------------
RUN-1001 :   default_reg_initial   |    auto    |       auto       |        
RUN-1001 :        infer_add        |     on     |        on        |        
RUN-1001 :        infer_fsm        |    off     |       off        |        
RUN-1001 :        infer_mult       |     on     |        on        |        
RUN-1001 :        infer_ram        |     on     |        on        |        
RUN-1001 :        infer_reg        |     on     |        on        |        
RUN-1001 :   infer_reg_init_value  |     on     |        on        |        
RUN-1001 :        infer_rom        |     on     |        on        |        
RUN-1001 :      infer_shifter      |     on     |        on        |        
RUN-1001 : --------------------------------------------------------------
RUN-1001 : Print Rtl Property
RUN-1001 : --------------------------------------------------------------
RUN-1001 :        Parameters       |  Settings  |  Default Values  |  Note  
RUN-1001 : --------------------------------------------------------------
RUN-1001 :       compress_add      |   ripple   |      ripple      |        
RUN-1001 :        elf_sload        |    off     |       off        |        
RUN-1001 :       fix_undriven      |     0      |        0         |        
RUN-1001 :         flatten         |    off     |       off        |        
RUN-1001 :       gate_sharing      |     on     |        on        |        
RUN-1001 :    hdl_warning_level    |   normal   |      normal      |        
RUN-1001 :   impl_internal_tribuf  |     on     |        on        |        
RUN-1001 :      impl_set_reset     |     on     |        on        |        
RUN-1001 :        infer_gsr        |    off     |       off        |        
RUN-1001 :      keep_hierarchy     |    auto    |       auto       |        
RUN-1001 :        max_fanout       |    9999    |       9999       |        
RUN-1001 :      max_oh2bin_len     |     10     |        10        |        
RUN-1001 :       merge_equal       |     on     |        on        |        
RUN-1001 :       merge_equiv       |     on     |        on        |        
RUN-1001 :        merge_mux        |    off     |       off        |        
RUN-1001 :     min_control_set     |     8      |        8         |        
RUN-1001 :      min_ripple_len     |    auto    |       auto       |        
RUN-1001 :       oh2bin_ratio      |    0.08    |       0.08       |        
RUN-1001 :     opt_adder_fanout    |     on     |        on        |        
RUN-1001 :        opt_arith        |     on     |        on        |        
RUN-1001 :       opt_big_gate      |    off     |       off        |        
RUN-1001 :        opt_const        |     on     |        on        |        
RUN-1001 :      opt_const_mult     |     on     |        on        |        
RUN-1001 :       opt_lessthan      |     on     |        on        |        
RUN-1001 :         opt_mux         |    off     |       off        |        
RUN-1001 :         opt_ram         |    high    |       high       |        
RUN-1001 :      rtl_sim_model      |    off     |       off        |        
RUN-1001 :         seq_syn         |     on     |        on        |        
RUN-1001 : --------------------------------------------------------------
HDL-1007 : analyze verilog file ../../import/ddr3-al_ip/SOFTFIFO.v
HDL-1007 : analyze verilog file ../../import/ddr3-al_ip/SDRAM.v
HDL-1007 : analyze verilog file ../../al_ip/PLL.v
HDL-1007 : undeclared symbol 'open', assumed default net type 'wire' in ../../al_ip/PLL.v(92)
HDL-1007 : analyze verilog file ../../al_ip/PLL_hdmi.v
HDL-1007 : undeclared symbol 'open', assumed default net type 'wire' in ../../al_ip/PLL_hdmi.v(70)
HDL-1007 : analyze VHDL file ../../import/hdmi-rtl/enc_file/SerializerN_1_lvds.enc.vhd
Copyright (c) 1998-2019 The OpenSSL Project.  All rights reserved.
This product includes software developed by the OpenSSL Project
for use in the OpenSSL Toolkit (http://www.openssl.org/)
Copyright (C) 1995-1998 Eric Young (eay@cryptsoft.com)
All rights reserved.
This product includes cryptographic software written by Eric Young (eay@cryptsoft.com)
HDL-1007 : analyze entity ** in encrypted_text(0)
HDL-1007 : analyze architecture ** in encrypted_text(0)
HDL-1007 : analyze VHDL file ../../import/hdmi-rtl/enc_file/SerializerN_1_lvds_dat.enc.vhd
HDL-1007 : analyze entity ** in encrypted_text(0)
HDL-1007 : analyze architecture ** in encrypted_text(0)
HDL-1007 : analyze VHDL file ../../import/hdmi-rtl/enc_file/TMDSEncoder.enc.vhd
HDL-1007 : analyze entity ** in encrypted_text(0)
HDL-1007 : analyze architecture ** in encrypted_text(0)
HDL-1007 : analyze verilog file ../../import/hdmi-rtl/enc_file/video_tpg_1024768.enc.v
HDL-5007 WARNING: literal value ** truncated to fit in ** bits in encrypted_text(0)
HDL-1007 : back to file '../../import/hdmi-rtl/enc_file/video_tpg_1024768.enc.v' in ../../import/hdmi-rtl/enc_file/video_tpg_1024768.enc.v(216)
HDL-1007 : analyze verilog file ../../import/hdmi-rtl/enc_file/video_tpg_1080p.enc.v
HDL-1007 : back to file '../../import/hdmi-rtl/enc_file/video_tpg_1080p.enc.v' in ../../import/hdmi-rtl/enc_file/video_tpg_1080p.enc.v(208)
HDL-1007 : analyze verilog file ../../import/hdmi-rtl/enc_file/video_tpg_12801024p.enc.v
HDL-1007 : back to file '../../import/hdmi-rtl/enc_file/video_tpg_12801024p.enc.v' in ../../import/hdmi-rtl/enc_file/video_tpg_12801024p.enc.v(207)
HDL-1007 : analyze verilog file ../../import/hdmi-rtl/enc_file/video_tpg_1280800.enc.v
HDL-5007 WARNING: literal value ** truncated to fit in ** bits in encrypted_text(0)
HDL-1007 : back to file '../../import/hdmi-rtl/enc_file/video_tpg_1280800.enc.v' in ../../import/hdmi-rtl/enc_file/video_tpg_1280800.enc.v(216)
HDL-1007 : analyze verilog file ../../import/hdmi-rtl/enc_file/video_tpg_16801050p.enc.v
HDL-1007 : back to file '../../import/hdmi-rtl/enc_file/video_tpg_16801050p.enc.v' in ../../import/hdmi-rtl/enc_file/video_tpg_16801050p.enc.v(209)
HDL-1007 : analyze verilog file ../../import/hdmi-rtl/enc_file/video_tpg_800600.enc.v
HDL-1007 : back to file '../../import/hdmi-rtl/enc_file/video_tpg_800600.enc.v' in ../../import/hdmi-rtl/enc_file/video_tpg_800600.enc.v(211)
HDL-1007 : analyze verilog file ../../import/hdmi_top/hdmi_top.v
HDL-1007 : analyze verilog file ../../import/hdmi_top/video_driver.v
HDL-1007 : analyze verilog file ../../import/sd_bmp_hdmi.v
HDL-1007 : undeclared symbol 'rd_vsync', assumed default net type 'wire' in ../../import/sd_bmp_hdmi.v(200)
HDL-1007 : analyze verilog file ../../import/sd_ctrl_top/sd_ctrl_top.v
HDL-1007 : analyze verilog file ../../import/sd_ctrl_top/sd_init.v
HDL-1007 : analyze verilog file ../../import/sd_ctrl_top/sd_read.v
HDL-1007 : analyze verilog file ../../import/sd_ctrl_top/sd_write.v
HDL-1007 : analyze VHDL file ../../import/hdmi-rtl/enc_file/DVITransmitter.enc.vhd
HDL-1007 : analyze entity dvitransmitter in ../../import/hdmi-rtl/enc_file/DVITransmitter.enc.vhd(13)
HDL-1007 : analyze architecture ** in encrypted_text(0)
HDL-1007 : analyze VHDL file ../../import/hdmi-rtl/hdmi_tx.vhd
HDL-1007 : analyze entity hdmi_tx in ../../import/hdmi-rtl/hdmi_tx.vhd(11)
HDL-1007 : analyze architecture behavioral in ../../import/hdmi-rtl/hdmi_tx.vhd(33)
HDL-1007 : analyze verilog file ../../import/DDR3-rtl/sdram_cmd.v
HDL-1007 : analyze included file ../../import/DDR3-rtl/sdram_para.v in ../../import/DDR3-rtl/sdram_cmd.v(46)
HDL-1007 : back to file '../../import/DDR3-rtl/sdram_cmd.v' in ../../import/DDR3-rtl/sdram_cmd.v(46)
HDL-1007 : analyze verilog file ../../import/DDR3-rtl/sdram_controller.v
HDL-1007 : analyze verilog file ../../import/DDR3-rtl/sdram_ctrl.v
HDL-1007 : analyze included file ../../import/DDR3-rtl/sdram_para.v in ../../import/DDR3-rtl/sdram_ctrl.v(19)
HDL-1007 : back to file '../../import/DDR3-rtl/sdram_ctrl.v' in ../../import/DDR3-rtl/sdram_ctrl.v(19)
HDL-1007 : analyze verilog file ../../import/DDR3-rtl/sdram_data.v
HDL-1007 : analyze included file ../../import/DDR3-rtl/sdram_para.v in ../../import/DDR3-rtl/sdram_data.v(13)
HDL-1007 : back to file '../../import/DDR3-rtl/sdram_data.v' in ../../import/DDR3-rtl/sdram_data.v(13)
HDL-1007 : analyze verilog file ../../import/DDR3-rtl/sdram_fifo_ctrl.v
HDL-1007 : analyze verilog file ../../import/DDR3-rtl/sdram_top.v
HDL-1007 : analyze verilog file ../../import/read_rawdata.v
HDL-1007 : analyze verilog file ../../import/hdmi_top/ISP_dpc.v
HDL-1007 : analyze verilog file ../../import/hdmi_top/ISP_include.v
RUN-1001 : Project manager successfully analyzed 32 source files.
RUN-1002 : start command "import_device eagle_s20.db -package EG4S20BG256"
ARC-1001 : Device Initialization.
ARC-1001 : ------------------------------------------------------------------
ARC-1001 :            OPTION            |          IO          |   SETTING   
ARC-1001 : ------------------------------------------------------------------
ARC-1001 :   cso_b/cclk/mosi/miso/dout  |  T3/R11/T10/P10/S11  |    gpio    
ARC-1001 :             done             |         P13          |    gpio    
ARC-1001 :           program_b          |          T2          |  dedicate  
ARC-1001 :        tdi/tms/tck/tdo       |   C12/A15/C14/E14    |  dedicate  
ARC-1001 : ------------------------------------------------------------------
ARC-1004 : Device setting, marked 5 dedicate IOs in total.
RUN-1002 : start command "import_db ../syn_1/SD-SDRAM-ISP-HDMI_gate.db"
RUN-1001 : Importing database generated by Tang Dynasty, V5.6.71036.
RUN-1001 : Database version number 46146.
RUN-1001 : Import flow parameters
RUN-1001 : Import timing constraints
RUN-1001 : Import IO constraints
RUN-1001 : Import Inst constraints
RUN-1001 : Import design success TD_VERSION=5.6.71036 , DB_VERSION=46146
RUN-1002 : start command "read_sdc -ip SOFTFIFO ../../import/ddr3-al_ip/SOFTFIFO.tcl"
RUN-1002 : start command "get_ports clkw"
RUN-1002 : start command "get_nets  clkw  "
RUN-1002 : start command "get_clocks -nowarn -of nets 9663676416000"
RUN-1002 : start command "get_ports clkr"
RUN-1002 : start command "get_nets  clkr  "
RUN-1002 : start command "get_clocks -nowarn -of nets 36777804955648"
RUN-1002 : start command "get_property -nowarn -max PERIOD "
RUN-1002 : start command "get_property -nowarn -max PERIOD "
RUN-1002 : start command "get_regs rd_to_wr_cross_inst/primary_addr_gray_reg[*]"
RUN-1002 : start command "get_regs rd_to_wr_cross_inst/sync_r1[*]"
RUN-1002 : start command "set_max_delay -from  -to  999.70000000000005 -datapath_only"
RUN-1002 : start command "get_regs rd_to_wr_cross_inst/primary_addr_gray_reg[*]"
RUN-1002 : start command "get_regs rd_to_wr_cross_inst/sync_r1[*]"
RUN-1002 : start command "set_false_path -from  -to  -hold 999.70000000000005"
USR-1002 : set_false_path -help -setup -hold -from <list> -rise_from <list> -fall_from <list> -to <list> -rise_to <list> -fall_to <list> -through <list>
RUN-1002 : start command "get_regs wr_to_rd_cross_inst/primary_addr_gray_reg[*]"
RUN-1002 : start command "get_regs wr_to_rd_cross_inst/sync_r1[*]"
RUN-1002 : start command "set_max_delay -from  -to  999.70000000000005 -datapath_only"
RUN-1002 : start command "get_regs wr_to_rd_cross_inst/primary_addr_gray_reg[*]"
RUN-1002 : start command "get_regs wr_to_rd_cross_inst/sync_r1[*]"
RUN-1002 : start command "set_false_path -from  -to  -hold 999.70000000000005"
USR-1002 : set_false_path -help -setup -hold -from <list> -rise_from <list> -fall_from <list> -to <list> -rise_to <list> -fall_to <list> -through <list>
RUN-1002 : start command "get_ports clkw"
RUN-1002 : start command "get_nets  clkw  "
RUN-1002 : start command "get_clocks -nowarn -of nets 17514876633088"
RUN-1002 : start command "get_ports clkr"
RUN-1002 : start command "get_nets  clkr  "
RUN-1002 : start command "get_clocks -nowarn -of nets 9663676416000"
RUN-1002 : start command "get_property -nowarn -max PERIOD "
RUN-1002 : start command "get_property -nowarn -max PERIOD "
RUN-1002 : start command "get_regs rd_to_wr_cross_inst/primary_addr_gray_reg[*]"
RUN-1002 : start command "get_regs rd_to_wr_cross_inst/sync_r1[*]"
RUN-1002 : start command "set_max_delay -from  -to  999.70000000000005 -datapath_only"
RUN-1002 : start command "get_regs rd_to_wr_cross_inst/primary_addr_gray_reg[*]"
RUN-1002 : start command "get_regs rd_to_wr_cross_inst/sync_r1[*]"
RUN-1002 : start command "set_false_path -from  -to  -hold 999.70000000000005"
USR-1002 : set_false_path -help -setup -hold -from <list> -rise_from <list> -fall_from <list> -to <list> -rise_to <list> -fall_to <list> -through <list>
RUN-1002 : start command "get_regs wr_to_rd_cross_inst/primary_addr_gray_reg[*]"
RUN-1002 : start command "get_regs wr_to_rd_cross_inst/sync_r1[*]"
RUN-1002 : start command "set_max_delay -from  -to  999.70000000000005 -datapath_only"
RUN-1002 : start command "get_regs wr_to_rd_cross_inst/primary_addr_gray_reg[*]"
RUN-1002 : start command "get_regs wr_to_rd_cross_inst/sync_r1[*]"
RUN-1002 : start command "set_false_path -from  -to  -hold 999.70000000000005"
USR-1002 : set_false_path -help -setup -hold -from <list> -rise_from <list> -fall_from <list> -to <list> -rise_to <list> -fall_to <list> -through <list>
RUN-1002 : start command "config_chipwatcher ../../sd_HDMI.cwc -dir "
RUN-1002 : start command "legalize_phy_inst"
SYN-1011 : Flatten model sd_bmp_hdmi
KIT-1004 : ChipWatcher: import watcher inst auto_chipwatcher_0 completed, there are 7 view nodes, 40 trigger nets, 40 data nets.
KIT-1004 : Chipwatcher code = 0000100110010011
RUN-1002 : start command "compile_watcher"
RUN-1002 : start command "read_verilog -no_sch -dir F:/ARMChina/cw/ -file SD_HDMI_DAFENQI_watcherInst.sv -lib cw -top CW_TOP_WRAPPER"
HDL-1007 : analyze verilog file F:/ARMChina/cw\bus_det.v
HDL-1007 : analyze verilog file F:/ARMChina/cw\bus_top.sv
HDL-1007 : analyze verilog file F:/ARMChina/cw\cfg_int.v
HDL-1007 : analyze verilog file F:/ARMChina/cw\cwc_cfg_int.v
HDL-1007 : analyze verilog file F:/ARMChina/cw\cwc_top.sv
HDL-1007 : analyze verilog file F:/ARMChina/cw\detect_bus.v
HDL-1007 : analyze verilog file F:/ARMChina/cw\detect_non_bus.v
HDL-1007 : analyze verilog file F:/ARMChina/cw\emb_ctrl.v
HDL-1007 : analyze verilog file F:/ARMChina/cw\register.v
HDL-1007 : analyze verilog file F:/ARMChina/cw\tap.v
HDL-1007 : analyze verilog file F:/ARMChina/cw\trigger.sv
HDL-1007 : analyze verilog file SD_HDMI_DAFENQI_watcherInst.sv
HDL-1007 : elaborate module CW_TOP_WRAPPER in SD_HDMI_DAFENQI_watcherInst.sv(1)
HDL-1007 : elaborate module cwc_top(BUS_NUM=7,BUS_DIN_NUM=40,BUS_CTRL_NUM=108,BUS_WIDTH='{32'sb01,32'sb01,32'sb01,32'sb01,32'sb010000,32'sb010000,32'sb0100},BUS_DIN_POS='{32'sb0,32'sb01,32'sb010,32'sb011,32'sb0100,32'sb010100,32'sb0100100},BUS_CTRL_POS='{32'sb0,32'sb0110,32'sb01100,32'sb010010,32'sb011000,32'sb0111100,32'sb01100000}) in F:/ARMChina/cw\cwc_top.sv(21)
HDL-1007 : elaborate module cwc_cfg_int(CTRL_REG_LEN=130) in F:/ARMChina/cw\cwc_cfg_int.v(21)
HDL-1007 : elaborate module register(CTRL_REG_LEN=130) in F:/ARMChina/cw\register.v(21)
HDL-1007 : elaborate module tap in F:/ARMChina/cw\tap.v(21)
HDL-1007 : elaborate module trigger(BUS_NUM=7,BUS_DIN_NUM=40,BUS_CTRL_NUM=108,BUS_WIDTH='{32'sb01,32'sb01,32'sb01,32'sb01,32'sb010000,32'sb010000,32'sb0100},BUS_DIN_POS='{32'sb0,32'sb01,32'sb010,32'sb011,32'sb0100,32'sb010100,32'sb0100100},BUS_CTRL_POS='{32'sb0,32'sb0110,32'sb01100,32'sb010010,32'sb011000,32'sb0111100,32'sb01100000}) in F:/ARMChina/cw\trigger.sv(21)
HDL-1007 : elaborate module bus_top(BUS_NODE_NUM=7,BUS_DIN_NUM=40,BUS_CTRL_NUM=108,BUS_WIDTH='{32'sb01,32'sb01,32'sb01,32'sb01,32'sb010000,32'sb010000,32'sb0100},BUS_DIN_POS='{32'sb0,32'sb01,32'sb010,32'sb011,32'sb0100,32'sb010100,32'sb0100100},BUS_CTRL_POS='{32'sb0,32'sb0110,32'sb01100,32'sb010010,32'sb011000,32'sb0111100,32'sb01100000}) in F:/ARMChina/cw\bus_top.sv(22)
HDL-1007 : elaborate module bus_det(BUS_WIDTH=32'sb01) in F:/ARMChina/cw\bus_det.v(21)
HDL-1007 : elaborate module bus_det(BUS_WIDTH=32'sb010000) in F:/ARMChina/cw\bus_det.v(21)
HDL-1007 : elaborate module bus_det(BUS_WIDTH=32'sb0100) in F:/ARMChina/cw\bus_det.v(21)
HDL-1007 : elaborate module emb_ctrl in F:/ARMChina/cw\emb_ctrl.v(21)
HDL-1200 : Current top model is CW_TOP_WRAPPER
HDL-1100 : Inferred 0 RAMs.
RUN-1002 : start command "force_keep -a auto_chipwatcher_0_logicbram"
RUN-1002 : start command "optimize_rtl -no_sch"
RUN-1001 : Open license file F:/ARMChina/license/Anlogic.lic
RUN-1001 : Print Global Property
RUN-1001 : ---------------------------------------------------------------
RUN-1001 :        Parameters        |  Settings  |  Default Values  |  Note  
RUN-1001 : ---------------------------------------------------------------
RUN-1001 :          message         |  standard  |     standard     |        
RUN-1001 :   mixed_pack_place_flow  |     on     |        on        |        
RUN-1001 :        qor_monitor       |    off     |       off        |        
RUN-1001 :        syn_ip_flow       |    off     |       off        |        
RUN-1001 :          thread          |    auto    |       auto       |        
RUN-1001 : ---------------------------------------------------------------
RUN-1001 : Print Rtl Property
RUN-1001 : --------------------------------------------------------------
RUN-1001 :        Parameters       |  Settings  |  Default Values  |  Note  
RUN-1001 : --------------------------------------------------------------
RUN-1001 :       compress_add      |   ripple   |      ripple      |        
RUN-1001 :        elf_sload        |    off     |       off        |        
RUN-1001 :       fix_undriven      |     0      |        0         |        
RUN-1001 :         flatten         |    off     |       off        |        
RUN-1001 :       gate_sharing      |     on     |        on        |        
RUN-1001 :    hdl_warning_level    |   normal   |      normal      |        
RUN-1001 :   impl_internal_tribuf  |     on     |        on        |        
RUN-1001 :      impl_set_reset     |     on     |        on        |        
RUN-1001 :        infer_gsr        |    off     |       off        |        
RUN-1001 :      keep_hierarchy     |    auto    |       auto       |        
RUN-1001 :        max_fanout       |    9999    |       9999       |        
RUN-1001 :      max_oh2bin_len     |     10     |        10        |        
RUN-1001 :       merge_equal       |     on     |        on        |        
RUN-1001 :       merge_equiv       |     on     |        on        |        
RUN-1001 :        merge_mux        |    off     |       off        |        
RUN-1001 :     min_control_set     |     8      |        8         |        
RUN-1001 :      min_ripple_len     |    auto    |       auto       |        
RUN-1001 :       oh2bin_ratio      |    0.08    |       0.08       |        
RUN-1001 :     opt_adder_fanout    |     on     |        on        |        
RUN-1001 :        opt_arith        |     on     |        on        |        
RUN-1001 :       opt_big_gate      |    off     |       off        |        
RUN-1001 :        opt_const        |     on     |        on        |        
RUN-1001 :      opt_const_mult     |     on     |        on        |        
RUN-1001 :       opt_lessthan      |     on     |        on        |        
RUN-1001 :         opt_mux         |    off     |       off        |        
RUN-1001 :         opt_ram         |    high    |       high       |        
RUN-1001 :      rtl_sim_model      |    off     |       off        |        
RUN-1001 :         seq_syn         |     on     |        on        |        
RUN-1001 : --------------------------------------------------------------
SYN-1012 : SanityCheck: Model "sd_bmp_hdmi"
SYN-1012 : SanityCheck: Model "CW_TOP_WRAPPER"
SYN-1012 : SanityCheck: Model "cwc_top(BUS_NUM=7,BUS_DIN_NUM=40,BUS_CTRL_NUM=108,BUS_WIDTH='{32'sb01,32'sb01,32'sb01,32'sb01,32'sb010000,32'sb010000,32'sb0100},BUS_DIN_POS='{32'sb0,32'sb01,32'sb010,32'sb011,32'sb0100,32'sb010100,32'sb0100100},BUS_CTRL_POS='{32'sb0,32'sb0110,32'sb01100,32'sb010010,32'sb011000,32'sb0111100,32'sb01100000})"
SYN-1012 : SanityCheck: Model "cwc_cfg_int(CTRL_REG_LEN=130)"
SYN-1012 : SanityCheck: Model "register(CTRL_REG_LEN=130)"
SYN-1012 : SanityCheck: Model "tap"
SYN-1012 : SanityCheck: Model "trigger(BUS_NUM=7,BUS_DIN_NUM=40,BUS_CTRL_NUM=108,BUS_WIDTH='{32'sb01,32'sb01,32'sb01,32'sb01,32'sb010000,32'sb010000,32'sb0100},BUS_DIN_POS='{32'sb0,32'sb01,32'sb010,32'sb011,32'sb0100,32'sb010100,32'sb0100100},BUS_CTRL_POS='{32'sb0,32'sb0110,32'sb01100,32'sb010010,32'sb011000,32'sb0111100,32'sb01100000})"
SYN-1012 : SanityCheck: Model "bus_top(BUS_NODE_NUM=7,BUS_DIN_NUM=40,BUS_CTRL_NUM=108,BUS_WIDTH='{32'sb01,32'sb01,32'sb01,32'sb01,32'sb010000,32'sb010000,32'sb0100},BUS_DIN_POS='{32'sb0,32'sb01,32'sb010,32'sb011,32'sb0100,32'sb010100,32'sb0100100},BUS_CTRL_POS='{32'sb0,32'sb0110,32'sb01100,32'sb010010,32'sb011000,32'sb0111100,32'sb01100000})"
SYN-1012 : SanityCheck: Model "bus_det(BUS_WIDTH=32'sb01)"
SYN-1012 : SanityCheck: Model "bus_det(BUS_WIDTH=32'sb010000)"
SYN-1012 : SanityCheck: Model "bus_det(BUS_WIDTH=32'sb0100)"
SYN-1012 : SanityCheck: Model "emb_ctrl"
SYN-1011 : Flatten model sd_bmp_hdmi
SYN-1032 : 6633/29 useful/useless nets, 5073/18 useful/useless insts
SYN-1016 : Merged 36 instances.
SYN-1032 : 6302/8 useful/useless nets, 5510/8 useful/useless insts
SYN-1014 : Optimize round 1
SYN-1032 : 6286/16 useful/useless nets, 5498/12 useful/useless insts
SYN-1021 : Optimized 3 onehot mux instances.
SYN-1020 : Optimized 1 distributor mux.
SYN-1019 : Optimized 3 mux instances.
SYN-1015 : Optimize round 1, 434 better
SYN-1014 : Optimize round 2
SYN-1032 : 5960/45 useful/useless nets, 5172/48 useful/useless insts
SYN-1015 : Optimize round 2, 96 better
SYN-1014 : Optimize round 1
SYN-1015 : Optimize round 1, 0 better
RUN-1003 : finish command "optimize_rtl -no_sch" in  1.019193s wall, 0.703125s user + 0.109375s system = 0.812500s CPU (79.7%)

RUN-1004 : used memory is 181 MB, reserved memory is 149 MB, peak memory is 183 MB
RUN-1002 : start command "optimize_gate -no_sch"
RUN-1001 : Open license file F:/ARMChina/license/Anlogic.lic
RUN-1001 : Print Global Property
RUN-1001 : ---------------------------------------------------------------
RUN-1001 :        Parameters        |  Settings  |  Default Values  |  Note  
RUN-1001 : ---------------------------------------------------------------
RUN-1001 :          message         |  standard  |     standard     |        
RUN-1001 :   mixed_pack_place_flow  |     on     |        on        |        
RUN-1001 :        qor_monitor       |    off     |       off        |        
RUN-1001 :        syn_ip_flow       |    off     |       off        |        
RUN-1001 :          thread          |    auto    |       auto       |        
RUN-1001 : ---------------------------------------------------------------
RUN-1001 : Print Gate Property
RUN-1001 : ------------------------------------------------------------------
RUN-1001 :          Parameters         |  Settings  |  Default Values  |  Note  
RUN-1001 : ------------------------------------------------------------------
RUN-1001 :         cascade_dsp         |    off     |       off        |        
RUN-1001 :         cascade_eram        |    off     |       off        |        
RUN-1001 :        gate_sim_model       |    off     |       off        |        
RUN-1001 :        map_sim_model        |    off     |       off        |        
RUN-1001 :         map_strategy        |     1      |        1         |        
RUN-1001 :           opt_area          |   medium   |      medium      |        
RUN-1001 :          opt_timing         |    auto    |       auto       |        
RUN-1001 :         pack_effort         |   medium   |      medium      |        
RUN-1001 :      pack_lslice_ripple     |     on     |        on        |        
RUN-1001 :   pack_lslice_ripple_ratio  |    0.5     |       0.5        |        
RUN-1001 :        pack_seq_in_io       |    auto    |       auto       |        
RUN-1001 :        ph1_mux_ratio        |    1.0     |       1.0        |        
RUN-1001 :            report           |  standard  |     standard     |        
RUN-1001 :           retiming          |    off     |       off        |        
RUN-1001 : ------------------------------------------------------------------
SYN-2001 : Map 12 IOs to PADs
RUN-1002 : start command "update_pll_param -module sd_bmp_hdmi"
SYN-2501 : Processed 0 LOGIC_BUF instances.
SYN-2512 : LOGIC BRAM "auto_chipwatcher_0_logicbram"
SYN-2571 : Optimize after map_dsp, round 1
SYN-1032 : 5964/79 useful/useless nets, 5184/43 useful/useless insts
SYN-1016 : Merged 3 instances.
SYN-2571 : Optimize after map_dsp, round 1, 125 better
SYN-2571 : Optimize after map_dsp, round 2
SYN-2571 : Optimize after map_dsp, round 2, 0 better
SYN-1001 : Throwback 3 control mux instances
SYN-2501 : Optimize round 1
SYN-1016 : Merged 36 instances.
SYN-2501 : Optimize round 1, 74 better
SYN-2501 : Optimize round 2
SYN-2501 : Optimize round 2, 0 better
SYN-2501 : Map 16 macro adder
SYN-1019 : Optimized 13 mux instances.
SYN-1016 : Merged 11 instances.
SYN-1032 : 6448/3 useful/useless nets, 5668/2 useful/useless insts
RUN-1002 : start command "start_timer -prepack"
TMR-2505 : Start building timing graph for model sd_bmp_hdmi.
TMR-2506 : Build timing graph completely. Port num: 9, tpin num: 24622, tnet num: 6448, tinst num: 5667, tnode num: 32327, tedge num: 38816.
TMR-2508 : Levelizing timing graph completed, there are 53 levels in total.
TMR-2501 : Timing graph initialized successfully.
TMR-2503 : Start to update net delay, extr mode = 2.
TMR-2504 : Update delay of 6448 nets completely.
TMR-2502 : Annotate delay completely, extr mode = 2.
TMR-3001 : Initiate 0 clocks from SDC.
TMR-3004 : Map sdc constraints, there are 8 constraints in total.
TMR-3003 : Constraints initiated successfully.
TMR-3501 : Forward propagation: start to calculate arrival time...
TMR-3502 : Backward propagation: start to calculate required time...
TMR-3503 : Timing propagation completes.
SYN-3001 : Running gate level optimization.
SYN-2581 : Mapping with K=5, #lut = 234 (3.47), #lev = 7 (1.84)
SYN-2551 : Post LUT mapping optimization.
SYN-2581 : Mapping with K=5, #lut = 226 (3.55), #lev = 7 (1.82)
SYN-3001 : Logic optimization runtime opt =   0.03 sec, map =   0.00 sec
SYN-3001 : Mapper mapped 564 instances into 226 LUTs, name keeping = 75%.
SYN-1001 : Packing model "sd_bmp_hdmi" ...
SYN-4010 : Pack lib has 58 rtl pack models with 25 top pack blocks
SYN-1014 : Optimize round 1
SYN-1015 : Optimize round 1, 0 better
SYN-4002 : Packing 399 DFF/LATCH to SEQ ...
SYN-4009 : Pack 8 carry chain into lslice
SYN-4007 : Packing 120 adder to BLE ...
SYN-4008 : Packed 120 adder and 0 SEQ to BLE.
SYN-4007 : Packing 0 gate4 to BLE ...
SYN-4008 : Packed 0 gate4 and 0 SEQ to BLE.
SYN-4012 : Packed 0 FxMUX
RUN-1003 : finish command "optimize_gate -no_sch" in  1.460803s wall, 1.031250s user + 0.031250s system = 1.062500s CPU (72.7%)

RUN-1004 : used memory is 187 MB, reserved memory is 154 MB, peak memory is 227 MB
RUN-1002 : start command "legalize_phy_inst"
SYN-1011 : Flatten model sd_bmp_hdmi
KIT-1004 : Compile Chipwatcher: Clear obsolete physical data.
RUN-1003 : finish command "compile_watcher" in  2.618952s wall, 1.875000s user + 0.156250s system = 2.031250s CPU (77.6%)

RUN-1004 : used memory is 187 MB, reserved memory is 154 MB, peak memory is 227 MB
RUN-1002 : start command "place"
RUN-1001 : Open license file F:/ARMChina/license/Anlogic.lic
RUN-1001 : Print Global Property
RUN-1001 : ---------------------------------------------------------------
RUN-1001 :        Parameters        |  Settings  |  Default Values  |  Note  
RUN-1001 : ---------------------------------------------------------------
RUN-1001 :          message         |  standard  |     standard     |        
RUN-1001 :   mixed_pack_place_flow  |     on     |        on        |        
RUN-1001 :        qor_monitor       |    off     |       off        |        
RUN-1001 :        syn_ip_flow       |    off     |       off        |        
RUN-1001 :          thread          |    auto    |       auto       |        
RUN-1001 : ---------------------------------------------------------------
RUN-1001 : Print Place Property
RUN-1001 : --------------------------------------------------------------
RUN-1001 :        Parameters       |  Settings  |  Default Values  |  Note  
RUN-1001 : --------------------------------------------------------------
RUN-1001 :      detailed_place     |     on     |        on        |        
RUN-1001 :          effort         |   medium   |      medium      |        
RUN-1001 :         fix_hold        |    off     |       off        |        
RUN-1001 :       legalization      |    ori     |       ori        |        
RUN-1001 :      new_spreading      |     on     |        on        |        
RUN-1001 :        opt_timing       |   medium   |      medium      |        
RUN-1001 :   post_clock_route_opt  |    off     |       off        |        
RUN-1001 :       pr_strategy       |     1      |        1         |        
RUN-1001 :        relaxation       |    1.00    |       1.00       |        
RUN-1001 :         retiming        |    off     |       off        |        
RUN-1001 : --------------------------------------------------------------
PHY-3001 : Placer runs in 16 thread(s).
RUN-1002 : start command "legalize_phy_inst"
SYN-1011 : Flatten model sd_bmp_hdmi
RUN-1002 : start command "phys_opt -simplify_lut"
SYN-4016 : Net u_ddr3_top/u_sdram_fifo_ctrl/clk_ref driven by BUFG (271 clock/control pins, 1 other pins).
SYN-4016 : Net u_clk_wiz_1/clk0_out driven by BUFG (58 clock/control pins, 1 other pins).
SYN-4016 : Net config_inst_syn_10 driven by BUFG (277 clock/control pins, 0 other pins).
SYN-4027 : Net u_ddr3_top/clk_sdram is clkc1 of pll u_clk_wiz_0/pll_inst.
SYN-4027 : Net u_ddr3_top/u_sdram_fifo_ctrl/wrfifo/clkw is clkc3 of pll u_clk_wiz_0/pll_inst.
SYN-4027 : Net u_sd_ctrl_top/u_sd_read/clk_ref_180deg is clkc4 of pll u_clk_wiz_0/pll_inst.
SYN-4019 : Net sys_clk_dup_1 is refclk of pll u_clk_wiz_0/pll_inst.
SYN-4020 : Net sys_clk_dup_1 is fbclk of pll u_clk_wiz_0/pll_inst.
SYN-4027 : Net u_hdmi_top/dpc/pclk is clkc1 of pll u_clk_wiz_1/pll_inst.
SYN-4019 : Net sys_clk_dup_1 is refclk of pll u_clk_wiz_1/pll_inst.
SYN-4020 : Net sys_clk_dup_1 is fbclk of pll u_clk_wiz_1/pll_inst.
SYN-4024 : Net "u_sd_ctrl_top/u_sd_init/div_clk" drives clk pins.
SYN-4025 : Tag rtl::Net config_inst_syn_10 as clock net
SYN-4025 : Tag rtl::Net sys_clk_dup_1 as clock net
SYN-4025 : Tag rtl::Net u_clk_wiz_1/clk0_out as clock net
SYN-4025 : Tag rtl::Net u_ddr3_top/clk_sdram as clock net
SYN-4025 : Tag rtl::Net u_ddr3_top/u_sdram_fifo_ctrl/clk_ref as clock net
SYN-4025 : Tag rtl::Net u_ddr3_top/u_sdram_fifo_ctrl/wrfifo/clkw as clock net
SYN-4025 : Tag rtl::Net u_hdmi_top/dpc/pclk as clock net
SYN-4025 : Tag rtl::Net u_sd_ctrl_top/u_sd_init/div_clk as clock net
SYN-4025 : Tag rtl::Net u_sd_ctrl_top/u_sd_read/clk_ref_180deg as clock net
SYN-4026 : Tagged 9 rtl::Net as clock net
SYN-4015 : Create BUFG instance for clk Net u_sd_ctrl_top/u_sd_init/div_clk to drive 101 clock pins.
PHY-1001 : Populate physical database on model sd_bmp_hdmi.
RUN-1001 : There are total 5015 instances
RUN-0007 : 1701 luts, 2399 seqs, 602 mslices, 218 lslices, 71 pads, 15 brams, 0 dsps
RUN-1001 : There are total 5795 nets
RUN-1001 : 3743 nets have 2 pins
RUN-1001 : 1533 nets have [3 - 5] pins
RUN-1001 : 360 nets have [6 - 10] pins
RUN-1001 : 112 nets have [11 - 20] pins
RUN-1001 : 33 nets have [21 - 99] pins
RUN-1001 : 14 nets have 100+ pins
RUN-1001 : Report Control nets information:
RUN-1001 : DFF Distribution
RUN-1001 : ----------------------------------
RUN-1001 :   CE   |  SSR  |  ASR  |  DFF Count  
RUN-1001 : ----------------------------------
RUN-1001 :   No   |  No   |  No   |     108     
RUN-1001 :   No   |  No   |  Yes  |    1630     
RUN-1001 :   No   |  Yes  |  No   |     53      
RUN-1001 :   Yes  |  No   |  No   |     27      
RUN-1001 :   Yes  |  No   |  Yes  |     581     
RUN-1001 :   Yes  |  Yes  |  No   |      0      
RUN-1001 : ----------------------------------
RUN-0007 : Control Group Statistic
RUN-0007 : ---------------------------
RUN-0007 :   #CLK  |  #CE  |  #SSR/ASR  
RUN-0007 : ---------------------------
RUN-0007 :    9    |  22   |     14     
RUN-0007 : ---------------------------
RUN-0007 : Control Set = 44
PHY-3001 : Initial placement ...
PHY-3001 : design contains 5013 instances, 1701 luts, 2399 seqs, 820 slices, 135 macros(820 instances: 602 mslices 218 lslices)
PHY-3001 : Huge net u_hdmi_top/sys_rst_n with 1289 pins
PHY-0007 : Cell area utilization is 17%
PHY-3001 : Start timing update ...
RUN-1002 : start command "start_timer -report"
TMR-2505 : Start building timing graph for model sd_bmp_hdmi.
TMR-2506 : Build timing graph completely. Port num: 9, tpin num: 23185, tnet num: 5793, tinst num: 5013, tnode num: 30969, tedge num: 37560.
TMR-2508 : Levelizing timing graph completed, there are 29 levels in total.
TMR-2501 : Timing graph initialized successfully.
TMR-2503 : Start to update net delay, extr mode = 2.
TMR-2504 : Update delay of 5793 nets completely.
TMR-2502 : Annotate delay completely, extr mode = 2.
TMR-3001 : Initiate 0 clocks from SDC.
TMR-3004 : Map sdc constraints, there are 8 constraints in total.
TMR-3003 : Constraints initiated successfully.
TMR-3501 : Forward propagation: start to calculate arrival time...
TMR-3502 : Backward propagation: start to calculate required time...
TMR-3503 : Timing propagation completes.
PHY-3001 : End timing update;  0.653679s wall, 0.593750s user + 0.000000s system = 0.593750s CPU (90.8%)

PHY-3001 : Global placement ...
PHY-3001 : Initial: Len = 1.33404e+06
PHY-3001 : Clustering ...
PHY-3001 : Level 0 #clusters 5013.
PHY-3001 : End clustering;  0.000047s wall, 0.000000s user + 0.000000s system = 0.000000s CPU (n/a%)

PHY-3001 : Run with size of 4
PHY-3001 : Cell area utilization is 17%
PHY-3001 : :::0::: Try harder cell spreading with beta_ = 0
PHY-3002 : Step(1): len = 904155, overlap = 47.5
PHY-3002 : Step(2): len = 758747, overlap = 47.25
PHY-3002 : Step(3): len = 483923, overlap = 47.7188
PHY-3002 : Step(4): len = 444040, overlap = 48.9375
PHY-3002 : Step(5): len = 369012, overlap = 62.7188
PHY-3002 : Step(6): len = 338131, overlap = 64
PHY-3002 : Step(7): len = 298279, overlap = 71.8125
PHY-3002 : Step(8): len = 275790, overlap = 73.8438
PHY-3002 : Step(9): len = 243892, overlap = 85.9375
PHY-3002 : Step(10): len = 225835, overlap = 96.875
PHY-3002 : Step(11): len = 213168, overlap = 101.844
PHY-3002 : Step(12): len = 198958, overlap = 104.875
PHY-3002 : Step(13): len = 183865, overlap = 104.812
PHY-3002 : Step(14): len = 169796, overlap = 115.969
PHY-3002 : Step(15): len = 164466, overlap = 121.594
PHY-3002 : Step(16): len = 156180, overlap = 128.5
PHY-3002 : Step(17): len = 152334, overlap = 132.281
PHY-3002 : Step(18): len = 147537, overlap = 138.188
PHY-3001 : :::1::: Try harder cell spreading with beta_ = 2.6368e-05
PHY-3002 : Step(19): len = 153892, overlap = 137.219
PHY-3002 : Step(20): len = 158846, overlap = 132.938
PHY-3002 : Step(21): len = 155976, overlap = 124.812
PHY-3002 : Step(22): len = 155958, overlap = 122.812
PHY-3002 : Step(23): len = 152526, overlap = 113.625
PHY-3002 : Step(24): len = 151333, overlap = 110.812
PHY-3002 : Step(25): len = 152477, overlap = 96.8438
PHY-3002 : Step(26): len = 153278, overlap = 98.3125
PHY-3002 : Step(27): len = 153590, overlap = 90.9375
PHY-3002 : Step(28): len = 153548, overlap = 88.625
PHY-3002 : Step(29): len = 151081, overlap = 82.4062
PHY-3002 : Step(30): len = 148786, overlap = 85.3438
PHY-3002 : Step(31): len = 148301, overlap = 87.8438
PHY-3002 : Step(32): len = 148692, overlap = 85.9375
PHY-3002 : Step(33): len = 148866, overlap = 85.8438
PHY-3002 : Step(34): len = 147418, overlap = 91.25
PHY-3002 : Step(35): len = 145626, overlap = 91.875
PHY-3002 : Step(36): len = 143910, overlap = 83.0312
PHY-3002 : Step(37): len = 142494, overlap = 81.6562
PHY-3002 : Step(38): len = 141967, overlap = 84.9375
PHY-3002 : Step(39): len = 140803, overlap = 90.6875
PHY-3002 : Step(40): len = 140076, overlap = 99.9688
PHY-3002 : Step(41): len = 140286, overlap = 96.1562
PHY-3002 : Step(42): len = 138497, overlap = 92.75
PHY-3002 : Step(43): len = 136773, overlap = 93.625
PHY-3002 : Step(44): len = 134605, overlap = 104.375
PHY-3002 : Step(45): len = 134963, overlap = 102.125
PHY-3002 : Step(46): len = 134142, overlap = 105.656
PHY-3002 : Step(47): len = 132534, overlap = 102.25
PHY-3002 : Step(48): len = 131286, overlap = 110.969
PHY-3002 : Step(49): len = 130379, overlap = 115.812
PHY-3002 : Step(50): len = 129986, overlap = 114
PHY-3002 : Step(51): len = 129559, overlap = 117.219
PHY-3002 : Step(52): len = 129553, overlap = 117.125
PHY-3002 : Step(53): len = 129533, overlap = 117.625
PHY-3001 : :::2::: Try harder cell spreading with beta_ = 5.2736e-05
PHY-3002 : Step(54): len = 130319, overlap = 117.656
PHY-3002 : Step(55): len = 130439, overlap = 117.938
PHY-3001 : :::3::: Try harder cell spreading with beta_ = 0.000105472
PHY-3002 : Step(56): len = 131224, overlap = 118.125
PHY-3002 : Step(57): len = 131422, overlap = 118.25
PHY-3002 : Step(58): len = 131725, overlap = 118.5
PHY-3001 : :::4::: Try harder cell spreading with beta_ = 0.000210944
PHY-3002 : Step(59): len = 131960, overlap = 118.719
PHY-3002 : Step(60): len = 131958, overlap = 118.906
PHY-3001 : Legalization ...
PHY-3001 : End legalization;  0.017248s wall, 0.000000s user + 0.000000s system = 0.000000s CPU (n/a%)

PHY-3001 : Run with size of 4
PHY-3001 : Cell area utilization is 21%
PHY-3001 : Update timing in Manhattan mode ...
TMR-2503 : Start to update net delay, extr mode = 3.
TMR-2504 : Update delay of 5793 nets completely.
TMR-2502 : Annotate delay completely, extr mode = 3.
TMR-3501 : Forward propagation: start to calculate arrival time...
TMR-3502 : Backward propagation: start to calculate required time...
TMR-3503 : Timing propagation completes.
PHY-3001 : End timing update;  0.123591s wall, 0.125000s user + 0.000000s system = 0.125000s CPU (101.1%)

PHY-3001 : :::0::: Try harder cell spreading with beta_ = 3.02695e-06
PHY-3002 : Step(61): len = 145265, overlap = 174.594
PHY-3002 : Step(62): len = 145435, overlap = 175.938
PHY-3002 : Step(63): len = 141393, overlap = 184.844
PHY-3002 : Step(64): len = 141213, overlap = 185.625
PHY-3002 : Step(65): len = 139439, overlap = 187.625
PHY-3002 : Step(66): len = 139351, overlap = 187.875
PHY-3002 : Step(67): len = 138094, overlap = 193.094
PHY-3002 : Step(68): len = 138531, overlap = 194.344
PHY-3002 : Step(69): len = 136780, overlap = 194.094
PHY-3002 : Step(70): len = 136600, overlap = 193.844
PHY-3002 : Step(71): len = 136053, overlap = 195.031
PHY-3001 : :::1::: Try harder cell spreading with beta_ = 6.05389e-06
PHY-3002 : Step(72): len = 135731, overlap = 194.625
PHY-3002 : Step(73): len = 135730, overlap = 194.5
PHY-3002 : Step(74): len = 135732, overlap = 194
PHY-3001 : :::2::: Try harder cell spreading with beta_ = 1.21078e-05
PHY-3002 : Step(75): len = 137505, overlap = 184.406
PHY-3002 : Step(76): len = 137667, overlap = 183.938
PHY-3002 : Step(77): len = 140196, overlap = 169.531
PHY-3002 : Step(78): len = 140745, overlap = 168.844
PHY-3002 : Step(79): len = 141571, overlap = 163.625
PHY-3001 : :::3::: Try harder cell spreading with beta_ = 2.42156e-05
PHY-3002 : Step(80): len = 141774, overlap = 154.344
PHY-3002 : Step(81): len = 141900, overlap = 154.031
PHY-3002 : Step(82): len = 142674, overlap = 145.094
PHY-3001 : :::4::: Try harder cell spreading with beta_ = 4.84311e-05
PHY-3002 : Step(83): len = 144447, overlap = 133.969
PHY-3002 : Step(84): len = 144708, overlap = 132.594
PHY-3002 : Step(85): len = 151051, overlap = 91.0625
PHY-3002 : Step(86): len = 150752, overlap = 88.1875
PHY-3002 : Step(87): len = 150832, overlap = 86.25
PHY-3002 : Step(88): len = 150711, overlap = 71.3438
PHY-3002 : Step(89): len = 149451, overlap = 72.3125
PHY-3002 : Step(90): len = 149265, overlap = 73.25
PHY-3002 : Step(91): len = 147267, overlap = 67.1562
PHY-3002 : Step(92): len = 147296, overlap = 76.5312
PHY-3002 : Step(93): len = 145338, overlap = 75.5625
PHY-3002 : Step(94): len = 145289, overlap = 75.5938
PHY-3002 : Step(95): len = 145272, overlap = 72.4375
PHY-3001 : :::5::: Try harder cell spreading with beta_ = 9.68622e-05
PHY-3002 : Step(96): len = 145494, overlap = 68.7812
PHY-3002 : Step(97): len = 145494, overlap = 68.7812
PHY-3002 : Step(98): len = 145441, overlap = 69.9062
PHY-3001 : :::6::: Try harder cell spreading with beta_ = 0.000193724
PHY-3002 : Step(99): len = 146689, overlap = 60.625
PHY-3002 : Step(100): len = 146977, overlap = 58.7188
PHY-3002 : Step(101): len = 147885, overlap = 63.9062
PHY-3001 : Run with size of 2
PHY-3001 : Cell area utilization is 21%
PHY-3001 : Update timing in Manhattan mode ...
TMR-2503 : Start to update net delay, extr mode = 3.
TMR-2504 : Update delay of 5793 nets completely.
TMR-2502 : Annotate delay completely, extr mode = 3.
TMR-3501 : Forward propagation: start to calculate arrival time...
TMR-3502 : Backward propagation: start to calculate required time...
TMR-3503 : Timing propagation completes.
PHY-3001 : End timing update;  0.127109s wall, 0.109375s user + 0.000000s system = 0.109375s CPU (86.0%)

PHY-3001 : :::0::: Try harder cell spreading with beta_ = 2.55781e-05
PHY-3002 : Step(102): len = 148662, overlap = 206.312
PHY-3002 : Step(103): len = 148837, overlap = 207.5
PHY-3002 : Step(104): len = 148678, overlap = 200.406
PHY-3002 : Step(105): len = 148807, overlap = 195.156
PHY-3002 : Step(106): len = 148886, overlap = 189.281
PHY-3001 : :::1::: Try harder cell spreading with beta_ = 5.11561e-05
PHY-3002 : Step(107): len = 149050, overlap = 176.438
PHY-3002 : Step(108): len = 149136, overlap = 175.312
PHY-3002 : Step(109): len = 151024, overlap = 165.469
PHY-3002 : Step(110): len = 151999, overlap = 151.219
PHY-3002 : Step(111): len = 150926, overlap = 147.562
PHY-3002 : Step(112): len = 150850, overlap = 144.219
PHY-3002 : Step(113): len = 150850, overlap = 144.219
PHY-3001 : :::2::: Try harder cell spreading with beta_ = 0.000102312
PHY-3002 : Step(114): len = 152340, overlap = 132.469
PHY-3002 : Step(115): len = 152572, overlap = 130.656
PHY-3002 : Step(116): len = 154554, overlap = 107.031
PHY-3002 : Step(117): len = 154136, overlap = 102.781
PHY-3002 : Step(118): len = 154193, overlap = 104.531
PHY-3002 : Step(119): len = 154053, overlap = 98.875
PHY-3001 : :::3::: Try harder cell spreading with beta_ = 0.000204625
PHY-3002 : Step(120): len = 154954, overlap = 96.6875
PHY-3002 : Step(121): len = 154999, overlap = 95.3438
PHY-3002 : Step(122): len = 155374, overlap = 88.75
PHY-3001 : :::4::: Try harder cell spreading with beta_ = 0.000409249
PHY-3002 : Step(123): len = 155986, overlap = 86.125
PHY-3002 : Step(124): len = 156216, overlap = 84.75
PHY-3002 : Step(125): len = 157395, overlap = 82.6562
PHY-3002 : Step(126): len = 157848, overlap = 81.3438
PHY-3002 : Step(127): len = 158460, overlap = 79.9375
PHY-3001 : :::5::: Try harder cell spreading with beta_ = 0.000818498
PHY-3002 : Step(128): len = 158743, overlap = 79.5625
PHY-3002 : Step(129): len = 158768, overlap = 80.6562
PHY-3001 : :::6::: Try harder cell spreading with beta_ = 0.0015409
PHY-3002 : Step(130): len = 159519, overlap = 80.5
PHY-3002 : Step(131): len = 159916, overlap = 80.0312
OPT-1001 : Start physical optimization ...
RUN-1002 : start command "start_timer -report"
TMR-2505 : Start building timing graph for model sd_bmp_hdmi.
TMR-2506 : Build timing graph completely. Port num: 9, tpin num: 23185, tnet num: 5793, tinst num: 5013, tnode num: 30969, tedge num: 37560.
TMR-2508 : Levelizing timing graph completed, there are 29 levels in total.
TMR-2501 : Timing graph initialized successfully.
OPT-1001 : Total overflow 316.38 peak overflow 5.22
OPT-1001 : Start high-fanout net optimization ...
OPT-1001 : Update timing in global mode
PHY-1001 : Start incremental global routing, caller is place ...
RUN-1001 : Generating global routing grids ...
RUN-1001 : Building simple global routing graph ...
PHY-1001 : Generate routing nets ...
PHY-1001 : Reuse net number 0/5795.
PHY-1001 : Global iterations in 16 thread ...
PHY-1002 : len = 186136, over cnt = 740(2%), over = 2715, worst = 22
PHY-1001 : End global iterations;  0.306040s wall, 0.125000s user + 0.000000s system = 0.125000s CPU (40.8%)

PHY-1001 : Congestion index: top1 = 51.83, top5 = 38.78, top10 = 31.90, top15 = 27.45.
PHY-1001 : End incremental global routing;  0.399236s wall, 0.203125s user + 0.000000s system = 0.203125s CPU (50.9%)

TMR-2503 : Start to update net delay, extr mode = 5.
TMR-2504 : Update delay of 5793 nets completely.
TMR-2502 : Annotate delay completely, extr mode = 5.
TMR-3001 : Initiate 0 clocks from SDC.
TMR-3004 : Map sdc constraints, there are 8 constraints in total.
TMR-3003 : Constraints initiated successfully.
TMR-3501 : Forward propagation: start to calculate arrival time...
TMR-3502 : Backward propagation: start to calculate required time...
TMR-3503 : Timing propagation completes.
OPT-1001 : End timing update;  0.156146s wall, 0.156250s user + 0.000000s system = 0.156250s CPU (100.1%)

OPT-1001 : 0 high-fanout net processed.
OPT-1001 : End high-fanout net optimization;  0.641413s wall, 0.437500s user + 0.000000s system = 0.437500s CPU (68.2%)

OPT-1001 : Current memory(MB): used = 279, reserve = 245, peak = 279.
OPT-1001 : Start global optimization ...
OPT-1001 : Start congestion update ...
RUN-1001 : Generating global routing grids ...
PHY-1001 : Generate routing nets ...
PHY-1001 : Reuse net number 4217/5795.
PHY-1001 : Global iterations in 16 thread ...
PHY-1002 : len = 186136, over cnt = 740(2%), over = 2715, worst = 22
PHY-1002 : len = 201616, over cnt = 448(1%), over = 1133, worst = 12
PHY-1002 : len = 209552, over cnt = 159(0%), over = 337, worst = 12
PHY-1002 : len = 213784, over cnt = 5(0%), over = 5, worst = 1
PHY-1002 : len = 213832, over cnt = 0(0%), over = 0, worst = 0
PHY-1001 : End global iterations;  0.408793s wall, 0.156250s user + 0.000000s system = 0.156250s CPU (38.2%)

PHY-1001 : Congestion index: top1 = 43.34, top5 = 36.30, top10 = 31.32, top15 = 27.86.
OPT-1001 : End congestion update;  0.522412s wall, 0.250000s user + 0.000000s system = 0.250000s CPU (47.9%)

OPT-1001 : Update timing in Manhattan mode
TMR-2503 : Start to update net delay, extr mode = 3.
TMR-2504 : Update delay of 5793 nets completely.
TMR-2502 : Annotate delay completely, extr mode = 3.
TMR-3501 : Forward propagation: start to calculate arrival time...
TMR-3502 : Backward propagation: start to calculate required time...
TMR-3503 : Timing propagation completes.
OPT-1001 : End timing update;  0.120466s wall, 0.109375s user + 0.015625s system = 0.125000s CPU (103.8%)

OPT-0007 : Start: WNS 999120 TNS 0 NUM_FEPS 0
OPT-1001 : End global optimization;  0.643110s wall, 0.359375s user + 0.015625s system = 0.375000s CPU (58.3%)

OPT-1001 : Current memory(MB): used = 282, reserve = 249, peak = 282.
OPT-1001 : End physical optimization;  1.932654s wall, 1.375000s user + 0.062500s system = 1.437500s CPU (74.4%)

PHY-3001 : Start packing ...
SYN-4007 : Packing 0 MUX to BLE ...
SYN-4008 : Packed 0 MUX and 0 SEQ to BLE.
SYN-4007 : Packing 1701 LUT to BLE ...
SYN-4008 : Packed 1701 LUT and 980 SEQ to BLE.
SYN-4003 : Packing 1419 remaining SEQ's ...
SYN-4005 : Packed 618 SEQ with LUT/SLICE
SYN-4006 : 255 single LUT's are left
SYN-4006 : 801 single SEQ's are left
SYN-4011 : Packing model "sd_bmp_hdmi" (AL_USER_NORMAL) with 2502/3577 primitive instances ...
PHY-3001 : End packing;  0.215732s wall, 0.140625s user + 0.000000s system = 0.140625s CPU (65.2%)

PHY-1001 : Populate physical database on model sd_bmp_hdmi.
RUN-1001 : There are total 2255 instances
RUN-1001 : 1080 mslices, 1080 lslices, 71 pads, 15 brams, 0 dsps
RUN-1001 : There are total 4910 nets
RUN-1001 : 2915 nets have 2 pins
RUN-1001 : 1466 nets have [3 - 5] pins
RUN-1001 : 375 nets have [6 - 10] pins
RUN-1001 : 108 nets have [11 - 20] pins
RUN-1001 : 37 nets have [21 - 99] pins
RUN-1001 : 9 nets have 100+ pins
PHY-3001 : design contains 2253 instances, 2160 slices, 135 macros(820 instances: 602 mslices 218 lslices)
PHY-3001 : Cell area utilization is 27%
PHY-3001 : After packing: Len = 163874, Over = 122
PHY-3001 : Run with size of 2
PHY-3001 : Cell area utilization is 27%
PHY-3001 : Update timing in Manhattan mode ...
RUN-1002 : start command "start_timer -report"
TMR-2505 : Start building timing graph for model sd_bmp_hdmi.
TMR-2506 : Build timing graph completely. Port num: 9, tpin num: 19106, tnet num: 4908, tinst num: 2253, tnode num: 24515, tedge num: 32480.
TMR-2508 : Levelizing timing graph completed, there are 29 levels in total.
TMR-2501 : Timing graph initialized successfully.
TMR-2503 : Start to update net delay, extr mode = 3.
TMR-2504 : Update delay of 4908 nets completely.
TMR-2502 : Annotate delay completely, extr mode = 3.
TMR-3001 : Initiate 0 clocks from SDC.
TMR-3004 : Map sdc constraints, there are 8 constraints in total.
TMR-3003 : Constraints initiated successfully.
TMR-3501 : Forward propagation: start to calculate arrival time...
TMR-3502 : Backward propagation: start to calculate required time...
TMR-3503 : Timing propagation completes.
PHY-3001 : End timing update;  0.720143s wall, 0.593750s user + 0.015625s system = 0.609375s CPU (84.6%)

PHY-3001 : :::0::: Try harder cell spreading with beta_ = 2.21338e-05
PHY-3002 : Step(132): len = 161260, overlap = 125.25
PHY-3002 : Step(133): len = 160352, overlap = 126.25
PHY-3002 : Step(134): len = 157785, overlap = 139.75
PHY-3002 : Step(135): len = 155037, overlap = 140.5
PHY-3002 : Step(136): len = 154386, overlap = 142.5
PHY-3002 : Step(137): len = 152405, overlap = 144.5
PHY-3002 : Step(138): len = 151113, overlap = 149
PHY-3002 : Step(139): len = 150106, overlap = 151
PHY-3002 : Step(140): len = 148900, overlap = 159
PHY-3002 : Step(141): len = 148437, overlap = 159.5
PHY-3002 : Step(142): len = 147798, overlap = 162.25
PHY-3001 : :::1::: Try harder cell spreading with beta_ = 4.42676e-05
PHY-3002 : Step(143): len = 149590, overlap = 153.25
PHY-3002 : Step(144): len = 150477, overlap = 151
PHY-3002 : Step(145): len = 153524, overlap = 131
PHY-3002 : Step(146): len = 153818, overlap = 128.5
PHY-3002 : Step(147): len = 153920, overlap = 128
PHY-3002 : Step(148): len = 154121, overlap = 123.25
PHY-3001 : :::2::: Try harder cell spreading with beta_ = 8.85352e-05
PHY-3002 : Step(149): len = 157419, overlap = 117.5
PHY-3002 : Step(150): len = 158665, overlap = 115
PHY-3002 : Step(151): len = 161520, overlap = 112.5
PHY-3002 : Step(152): len = 162236, overlap = 109.25
PHY-3002 : Step(153): len = 161494, overlap = 111.5
PHY-3001 : Legalization ...
PHY-3001 : End legalization;  0.509564s wall, 0.078125s user + 0.109375s system = 0.187500s CPU (36.8%)

PHY-3001 : Trial Legalized: Len = 194990
PHY-3001 : Run with size of 2
PHY-3001 : Cell area utilization is 26%
PHY-3001 : Update timing in Manhattan mode ...
TMR-2503 : Start to update net delay, extr mode = 3.
TMR-2504 : Update delay of 4908 nets completely.
TMR-2502 : Annotate delay completely, extr mode = 3.
TMR-3501 : Forward propagation: start to calculate arrival time...
TMR-3502 : Backward propagation: start to calculate required time...
TMR-3503 : Timing propagation completes.
PHY-3001 : End timing update;  0.097415s wall, 0.093750s user + 0.000000s system = 0.093750s CPU (96.2%)

PHY-3001 : :::0::: Try harder cell spreading with beta_ = 0.000154723
PHY-3002 : Step(154): len = 183330, overlap = 9.5
PHY-3002 : Step(155): len = 175096, overlap = 34.5
PHY-3002 : Step(156): len = 171932, overlap = 41.5
PHY-3002 : Step(157): len = 169583, overlap = 44.25
PHY-3002 : Step(158): len = 168854, overlap = 47
PHY-3002 : Step(159): len = 168208, overlap = 49.25
PHY-3001 : :::1::: Try harder cell spreading with beta_ = 0.000309446
PHY-3002 : Step(160): len = 169777, overlap = 47.25
PHY-3002 : Step(161): len = 170258, overlap = 47.25
PHY-3002 : Step(162): len = 170946, overlap = 43.5
PHY-3001 : :::2::: Try harder cell spreading with beta_ = 0.000618892
PHY-3002 : Step(163): len = 171996, overlap = 43
PHY-3002 : Step(164): len = 172575, overlap = 42.25
PHY-3002 : Step(165): len = 173728, overlap = 41
PHY-3002 : Step(166): len = 174216, overlap = 41.75
PHY-3002 : Step(167): len = 174756, overlap = 43.5
PHY-3001 : Legalization ...
PHY-3001 : End legalization;  0.007840s wall, 0.000000s user + 0.000000s system = 0.000000s CPU (n/a%)

PHY-3001 : Legalized: Len = 185391, Over = 0
PHY-3001 : Spreading special nets. 29 overflows in 2952 tiles.
PHY-3001 : End spreading;  0.018418s wall, 0.000000s user + 0.000000s system = 0.000000s CPU (n/a%)

PHY-3001 : 42 instances has been re-located, deltaX = 9, deltaY = 34, maxDist = 2.
PHY-3001 : Final: Len = 186236, Over = 0
PHY-3001 : BANK 6 DIFFRESISTOR:NONE VOD:350M VCM:1.2
OPT-1001 : Start physical optimization ...
RUN-1002 : start command "start_timer -report"
TMR-2505 : Start building timing graph for model sd_bmp_hdmi.
TMR-2506 : Build timing graph completely. Port num: 9, tpin num: 19106, tnet num: 4908, tinst num: 2254, tnode num: 24515, tedge num: 32480.
TMR-2508 : Levelizing timing graph completed, there are 29 levels in total.
TMR-2501 : Timing graph initialized successfully.
OPT-1001 : Total overflow 0.00 peak overflow 0.00
OPT-1001 : Start high-fanout net optimization ...
OPT-1001 : Update timing in global mode
PHY-1001 : Start incremental global routing, caller is place ...
RUN-1001 : Generating global routing grids ...
PHY-1001 : Generate routing nets ...
PHY-1001 : Reuse net number 157/4910.
PHY-1001 : Global iterations in 16 thread ...
PHY-1002 : len = 219024, over cnt = 591(1%), over = 957, worst = 8
PHY-1002 : len = 221648, over cnt = 400(1%), over = 604, worst = 5
PHY-1002 : len = 226120, over cnt = 158(0%), over = 218, worst = 4
PHY-1002 : len = 228520, over cnt = 47(0%), over = 60, worst = 3
PHY-1002 : len = 229424, over cnt = 0(0%), over = 0, worst = 0
PHY-1001 : End global iterations;  0.631212s wall, 0.203125s user + 0.000000s system = 0.203125s CPU (32.2%)

PHY-1001 : Congestion index: top1 = 37.95, top5 = 31.71, top10 = 28.26, top15 = 25.69.
PHY-1001 : End incremental global routing;  0.753642s wall, 0.296875s user + 0.000000s system = 0.296875s CPU (39.4%)

TMR-2503 : Start to update net delay, extr mode = 5.
TMR-2504 : Update delay of 4908 nets completely.
TMR-2502 : Annotate delay completely, extr mode = 5.
TMR-3001 : Initiate 0 clocks from SDC.
TMR-3004 : Map sdc constraints, there are 8 constraints in total.
TMR-3003 : Constraints initiated successfully.
TMR-3501 : Forward propagation: start to calculate arrival time...
TMR-3502 : Backward propagation: start to calculate required time...
TMR-3503 : Timing propagation completes.
OPT-1001 : End timing update;  0.139776s wall, 0.062500s user + 0.000000s system = 0.062500s CPU (44.7%)

OPT-1001 : 0 high-fanout net processed.
OPT-1001 : End high-fanout net optimization;  0.979240s wall, 0.421875s user + 0.000000s system = 0.421875s CPU (43.1%)

OPT-1001 : Current memory(MB): used = 290, reserve = 259, peak = 290.
OPT-1001 : Start path based optimization ...
OPT-1001 : Start congestion update ...
RUN-1001 : Generating global routing grids ...
PHY-1001 : Generate routing nets ...
PHY-1001 : Reuse net number 4277/4910.
PHY-1001 : Global iterations in 16 thread ...
PHY-1002 : len = 229424, over cnt = 0(0%), over = 0, worst = 0
PHY-1001 : End global iterations;  0.028915s wall, 0.015625s user + 0.000000s system = 0.015625s CPU (54.0%)

PHY-1001 : Congestion index: top1 = 37.95, top5 = 31.71, top10 = 28.26, top15 = 25.69.
OPT-1001 : End congestion update;  0.139006s wall, 0.093750s user + 0.000000s system = 0.093750s CPU (67.4%)

OPT-1001 : Update timing in Manhattan mode
TMR-2503 : Start to update net delay, extr mode = 3.
TMR-2504 : Update delay of 4908 nets completely.
TMR-2502 : Annotate delay completely, extr mode = 3.
TMR-3501 : Forward propagation: start to calculate arrival time...
TMR-3502 : Backward propagation: start to calculate required time...
TMR-3503 : Timing propagation completes.
OPT-1001 : End timing update;  0.098302s wall, 0.062500s user + 0.000000s system = 0.062500s CPU (63.6%)

OPT-0007 : Start: WNS 999045 TNS 0 NUM_FEPS 0
OPT-1001 : End path based optimization;  0.237519s wall, 0.156250s user + 0.000000s system = 0.156250s CPU (65.8%)

OPT-1001 : Current memory(MB): used = 292, reserve = 260, peak = 292.
OPT-1001 : Update timing in Manhattan mode
TMR-2503 : Start to update net delay, extr mode = 3.
TMR-2504 : Update delay of 4908 nets completely.
TMR-2502 : Annotate delay completely, extr mode = 3.
TMR-3501 : Forward propagation: start to calculate arrival time...
TMR-3502 : Backward propagation: start to calculate required time...
TMR-3503 : Timing propagation completes.
OPT-1001 : End timing update;  0.103773s wall, 0.078125s user + 0.000000s system = 0.078125s CPU (75.3%)

OPT-1001 : Start pin optimization...
OPT-1001 : skip pin optimization...
RUN-1001 : Generating global routing grids ...
PHY-1001 : Generate routing nets ...
PHY-1001 : Reuse net number 4277/4910.
PHY-1001 : Global iterations in 16 thread ...
PHY-1002 : len = 229424, over cnt = 0(0%), over = 0, worst = 0
PHY-1001 : End global iterations;  0.025986s wall, 0.015625s user + 0.000000s system = 0.015625s CPU (60.1%)

PHY-1001 : Congestion index: top1 = 37.95, top5 = 31.71, top10 = 28.26, top15 = 25.69.
OPT-1001 : Update timing in Manhattan mode
TMR-2503 : Start to update net delay, extr mode = 3.
TMR-2504 : Update delay of 4908 nets completely.
TMR-2502 : Annotate delay completely, extr mode = 3.
TMR-3501 : Forward propagation: start to calculate arrival time...
TMR-3502 : Backward propagation: start to calculate required time...
TMR-3503 : Timing propagation completes.
OPT-1001 : End timing update;  0.101272s wall, 0.078125s user + 0.000000s system = 0.078125s CPU (77.1%)

RUN-1001 : QoR Analysis:
OPT-0007 :   WNS 999045 TNS 0 NUM_FEPS 0
RUN-1001 :   No local congestion issue, and most congested 1% tile average routing util is 37.655172
RUN-1001 :   Top critical paths
OPT-1001 : End physical optimization;  2.288067s wall, 1.156250s user + 0.015625s system = 1.171875s CPU (51.2%)

RUN-1003 : finish command "place" in  13.578753s wall, 8.140625s user + 2.531250s system = 10.671875s CPU (78.6%)

RUN-1004 : used memory is 276 MB, reserved memory is 244 MB, peak memory is 292 MB
RUN-1002 : start command "export_db SD-SDRAM-ISP-HDMI_place.db"
RUN-1001 : Exported /
RUN-1001 : Exported flow parameters
RUN-1001 : Exported libs
RUN-1001 : Exported entities
RUN-1001 : Exported ports
RUN-1001 : Exported pins
RUN-1001 : Exported instances
RUN-1001 : Exported nets
RUN-1001 : Exported buses
RUN-1001 : Exported models
RUN-1001 : Exported congestions
RUN-1001 : Exported violations
RUN-1001 : Exported timing constraints
RUN-1001 : Exported IO constraints
RUN-1001 : Exported Inst constraints
RUN-1001 : Exported ChipWatcher
RUN-1002 : start command "route"
RUN-1001 : Open license file F:/ARMChina/license/Anlogic.lic
RUN-1001 : Print Global Property
RUN-1001 : ---------------------------------------------------------------
RUN-1001 :        Parameters        |  Settings  |  Default Values  |  Note  
RUN-1001 : ---------------------------------------------------------------
RUN-1001 :          message         |  standard  |     standard     |        
RUN-1001 :   mixed_pack_place_flow  |     on     |        on        |        
RUN-1001 :        qor_monitor       |    off     |       off        |        
RUN-1001 :        syn_ip_flow       |    off     |       off        |        
RUN-1001 :          thread          |    auto    |       auto       |        
RUN-1001 : ---------------------------------------------------------------
RUN-1001 : Print Route Property
RUN-1001 : -------------------------------------------------------
RUN-1001 :    Parameters    |  Settings  |  Default Values  |  Note  
RUN-1001 : -------------------------------------------------------
RUN-1001 :      effort      |   medium   |      medium      |        
RUN-1001 :     fix_hold     |    off     |       off        |        
RUN-1001 :    opt_timing    |   medium   |      medium      |        
RUN-1001 :   phy_sim_model  |    off     |       off        |        
RUN-1001 :     priority     |   timing   |      timing      |        
RUN-1001 :     swap_pin     |     on     |        on        |        
RUN-1001 : -------------------------------------------------------
PHY-1001 : Route runs in 16 thread(s)
RUN-1001 : There are total 2256 instances
RUN-1001 : 1080 mslices, 1080 lslices, 71 pads, 15 brams, 0 dsps
RUN-1001 : There are total 4910 nets
RUN-1001 : 2915 nets have 2 pins
RUN-1001 : 1466 nets have [3 - 5] pins
RUN-1001 : 375 nets have [6 - 10] pins
RUN-1001 : 108 nets have [11 - 20] pins
RUN-1001 : 37 nets have [21 - 99] pins
RUN-1001 : 9 nets have 100+ pins
RUN-1002 : start command "start_timer -report"
TMR-2505 : Start building timing graph for model sd_bmp_hdmi.
TMR-2506 : Build timing graph completely. Port num: 9, tpin num: 19106, tnet num: 4908, tinst num: 2254, tnode num: 24515, tedge num: 32480.
TMR-2508 : Levelizing timing graph completed, there are 29 levels in total.
TMR-2501 : Timing graph initialized successfully.
PHY-1001 : 1080 mslices, 1080 lslices, 71 pads, 15 brams, 0 dsps
TMR-2503 : Start to update net delay, extr mode = 3.
TMR-2504 : Update delay of 4908 nets completely.
TMR-2502 : Annotate delay completely, extr mode = 3.
TMR-3001 : Initiate 0 clocks from SDC.
TMR-3004 : Map sdc constraints, there are 8 constraints in total.
TMR-3003 : Constraints initiated successfully.
TMR-3501 : Forward propagation: start to calculate arrival time...
TMR-3502 : Backward propagation: start to calculate required time...
TMR-3503 : Timing propagation completes.
PHY-1001 : Start global routing, caller is route ...
RUN-1001 : Generating global routing grids ...
PHY-1001 : Generate routing nets ...
PHY-1001 : Global iterations in 16 thread ...
PHY-1002 : len = 218088, over cnt = 576(1%), over = 944, worst = 8
PHY-1002 : len = 221176, over cnt = 339(0%), over = 514, worst = 5
PHY-1002 : len = 225320, over cnt = 139(0%), over = 198, worst = 4
PHY-1002 : len = 228064, over cnt = 0(0%), over = 0, worst = 0
PHY-1001 : End global iterations;  0.658142s wall, 0.328125s user + 0.000000s system = 0.328125s CPU (49.9%)

PHY-1001 : Congestion index: top1 = 37.61, top5 = 31.53, top10 = 28.19, top15 = 25.67.
PHY-1001 : End global routing;  0.776812s wall, 0.421875s user + 0.000000s system = 0.421875s CPU (54.3%)

PHY-1001 : Start detail routing ...
PHY-1001 : Current memory(MB): used = 324, reserve = 293, peak = 327.
PHY-1001 : Detailed router is running in normal mode.
PHY-1001 : Generate detailed routing grids ...
PHY-1001 : Generate nets ...
PHY-1001 : net sys_clk_dup_1 will be routed on clock mesh
PHY-1001 : clock net u_clk_wiz_1/clk0_out will be merged with clock u_clk_wiz_1/clk0_buf
PHY-1001 : net u_ddr3_top/clk_sdram will be routed on clock mesh
PHY-1001 : clock net u_ddr3_top/u_sdram_fifo_ctrl/clk_ref will be merged with clock u_clk_wiz_0/clk0_buf
PHY-1001 : net u_ddr3_top/u_sdram_fifo_ctrl/wrfifo/clkw will be routed on clock mesh
PHY-1001 : net u_hdmi_top/dpc/pclk will be routed on clock mesh
PHY-1001 : clock net u_sd_ctrl_top/u_sd_init/div_clk_syn_4 will be merged with clock u_sd_ctrl_top/u_sd_init/div_clk
PHY-1001 : net u_sd_ctrl_top/u_sd_read/clk_ref_180deg will be routed on clock mesh
PHY-1001 : clock net config_inst_syn_10 will be merged with clock config_inst_syn_9
PHY-1001 : Current memory(MB): used = 575, reserve = 547, peak = 575.
PHY-1001 : End build detailed router design. 3.540767s wall, 2.875000s user + 0.062500s system = 2.937500s CPU (83.0%)

PHY-1001 : Detail Route ...
PHY-1001 : ===== Detail Route Phase 1 =====
PHY-1001 : Clock net routing.....
PHY-1001 : Routed 0% nets.
PHY-1022 : len = 76384, over cnt = 1(0%), over = 1, worst = 1, crit = 0
PHY-1001 : End initial clock net routed; 3.568670s wall, 3.093750s user + 0.015625s system = 3.109375s CPU (87.1%)

PHY-1001 : Ripup-reroute.....
PHY-1001 : ===== DR Iter 1 =====
PHY-1022 : len = 76368, over cnt = 0(0%), over = 0, worst = 0, crit = 0
PHY-1001 : End DR Iter 1; 0.539372s wall, 0.375000s user + 0.000000s system = 0.375000s CPU (69.5%)

PHY-1001 : Current memory(MB): used = 608, reserve = 582, peak = 608.
PHY-1001 : End phase 1; 4.117918s wall, 3.500000s user + 0.015625s system = 3.515625s CPU (85.4%)

PHY-1001 : ===== Detail Route Phase 2 =====
PHY-1001 : Initial routing.....
PHY-1001 : Routed 37% nets.
PHY-1001 : Routed 45% nets.
PHY-1001 : Routed 53% nets.
PHY-1001 : Routed 66% nets.
PHY-1001 : Routed 85% nets.
PHY-1022 : len = 628280, over cnt = 112(0%), over = 112, worst = 1, crit = 0
PHY-1001 : Current memory(MB): used = 610, reserve = 584, peak = 610.
PHY-1001 : End initial routed; 11.735236s wall, 6.359375s user + 0.031250s system = 6.390625s CPU (54.5%)

PHY-1001 : Update timing.....
PHY-1001 : 0/4211(0%) critical/total net(s).
RUN-1001 : ------------------------------------------
RUN-1001 :   Type   |    WNS(ns)    |  TNS(ns)  |  FEP  
RUN-1001 : ------------------------------------------
RUN-1001 :   Setup  |    998.546    |   0.000   |   0   
RUN-1001 :   Hold   |  2147483.647  |   0.000   |   0   
RUN-1001 : ------------------------------------------
PHY-1001 : End update timing; 1.016859s wall, 0.750000s user + 0.000000s system = 0.750000s CPU (73.8%)

PHY-1001 : Current memory(MB): used = 616, reserve = 590, peak = 616.
PHY-1001 : End phase 2; 12.752240s wall, 7.109375s user + 0.031250s system = 7.140625s CPU (56.0%)

PHY-1001 : ===== Detail Route Phase 3 =====
PHY-1001 : Optimize timing.....
PHY-1022 : len = 628280, over cnt = 112(0%), over = 112, worst = 1, crit = 0
PHY-1001 : End optimize timing; 0.024667s wall, 0.000000s user + 0.000000s system = 0.000000s CPU (n/a%)

PHY-1001 : Ripup-reroute.....
PHY-1001 : ===== DR Iter 1 =====
PHY-1022 : len = 627808, over cnt = 36(0%), over = 36, worst = 1, crit = 0
PHY-1001 : End DR Iter 1; 0.104286s wall, 0.031250s user + 0.000000s system = 0.031250s CPU (30.0%)

PHY-1001 : ===== DR Iter 2 =====
PHY-1022 : len = 627296, over cnt = 1(0%), over = 1, worst = 1, crit = 0
PHY-1001 : End DR Iter 2; 0.087477s wall, 0.093750s user + 0.000000s system = 0.093750s CPU (107.2%)

PHY-1001 : ===== DR Iter 3 =====
PHY-1022 : len = 627304, over cnt = 0(0%), over = 0, worst = 0, crit = 0
PHY-1001 : End DR Iter 3; 0.050512s wall, 0.015625s user + 0.000000s system = 0.015625s CPU (30.9%)

PHY-1001 : Update timing.....
PHY-1001 : 0/4211(0%) critical/total net(s).
RUN-1001 : ------------------------------------------
RUN-1001 :   Type   |    WNS(ns)    |  TNS(ns)  |  FEP  
RUN-1001 : ------------------------------------------
RUN-1001 :   Setup  |    998.546    |   0.000   |   0   
RUN-1001 :   Hold   |  2147483.647  |   0.000   |   0   
RUN-1001 : ------------------------------------------
PHY-1001 : End update timing; 1.044266s wall, 0.718750s user + 0.000000s system = 0.718750s CPU (68.8%)

PHY-1001 : Commit to database.....
PHY-1001 : 26 feed throughs used by 20 nets
PHY-1001 : End commit to database; 0.636799s wall, 0.531250s user + 0.015625s system = 0.546875s CPU (85.9%)

PHY-1001 : Current memory(MB): used = 645, reserve = 619, peak = 645.
PHY-1001 : End phase 3; 2.123187s wall, 1.453125s user + 0.015625s system = 1.468750s CPU (69.2%)

PHY-1003 : Routed, final wirelength = 627304
PHY-1001 : Current memory(MB): used = 646, reserve = 621, peak = 646.
PHY-1001 : End export database. 0.022113s wall, 0.015625s user + 0.000000s system = 0.015625s CPU (70.7%)

PHY-1001 : End detail routing;  22.816438s wall, 15.187500s user + 0.125000s system = 15.312500s CPU (67.1%)

RUN-1003 : finish command "route" in  24.479182s wall, 16.125000s user + 0.171875s system = 16.296875s CPU (66.6%)

RUN-1004 : used memory is 615 MB, reserved memory is 590 MB, peak memory is 646 MB
RUN-1002 : start command "report_area -io_info -file SD-SDRAM-ISP-HDMI_phy.area"
RUN-1001 : standard
***Report Model: sd_bmp_hdmi Device: EG4S20BG256***

IO Statistics
#IO                        12
  #input                    5
  #output                   7
  #inout                    0

Utilization Statistics
#lut                     3381   out of  19600   17.25%
#reg                     2404   out of  19600   12.27%
#le                      4182
  #lut only              1778   out of   4182   42.52%
  #reg only               801   out of   4182   19.15%
  #lut&reg               1603   out of   4182   38.33%
#dsp                        0   out of     29    0.00%
#bram                       9   out of     64   14.06%
  #bram9k                   9
  #fifo9k                   0
#bram32k                    6   out of     16   37.50%
#pad                       16   out of    188    8.51%
  #ireg                     0
  #oreg                     4
  #treg                     0
#pll                        2   out of      4   50.00%
#gclk                       4   out of     16   25.00%

Clock Resource Statistics
Index     ClockNet                                    Type               DriverType         Driver                                          Fanout
#1        u_hdmi_top/dpc/pclk                         GCLK               pll                u_clk_wiz_1/pll_inst.clkc1                      702
#2        u_clk_wiz_0/clk0_buf                        GCLK               pll                u_clk_wiz_0/pll_inst.clkc0                      176
#3        config_inst_syn_9                           GCLK               config             config_inst.jtck                                160
#4        u_ddr3_top/u_sdram_fifo_ctrl/wrfifo/clkw    GCLK               pll                u_clk_wiz_0/pll_inst.clkc3                      151
#5        sys_clk_dup_1                               GCLK               io                 sys_clk_syn_2.di                                81
#6        u_sd_ctrl_top/u_sd_init/div_clk             GCLK               lslice             u_sd_ctrl_top/u_sd_init/div_clk_reg_syn_9.q0    61
#7        u_clk_wiz_1/clk0_buf                        GCLK               pll                u_clk_wiz_1/pll_inst.clkc0                      34
#8        u_sd_ctrl_top/u_sd_read/clk_ref_180deg      GCLK               pll                u_clk_wiz_0/pll_inst.clkc4                      23
#9        u_ddr3_top/clk_sdram                        GCLK               pll                u_clk_wiz_0/pll_inst.clkc1                      0


Detailed IO Report

        Name           Direction    Location    IOStandard    DriveStrength    PullType    PackReg  
       sd_miso           INPUT        D14        LVCMOS33          N/A          PULLUP      NONE    
   switch_video[1]       INPUT        B10        LVCMOS33          N/A          PULLUP      NONE    
   switch_video[0]       INPUT        A10        LVCMOS33          N/A          PULLUP      NONE    
       sys_clk           INPUT         R7        LVCMOS33          N/A          PULLUP      NONE    
      sys_rst_n          INPUT         A9        LVCMOS33          N/A          PULLUP      NONE    
       sd_clk           OUTPUT        F15        LVCMOS33           8            NONE       NONE    
        sd_cs           OUTPUT        F13        LVCMOS33           8            NONE       NONE    
       sd_mosi          OUTPUT        F14        LVCMOS33           8            NONE       NONE    
     tmds_clk_p         OUTPUT         P1         LVDS33           NA            NONE      ODDRX1   
    tmds_clk_p(n)       OUTPUT         R1         LVDS33           NA            NONE      ODDRX1   
   tmds_data_p[2]       OUTPUT         J3         LVDS33           NA            NONE      ODDRX1   
  tmds_data_p[2](n)     OUTPUT         J4         LVDS33           NA            NONE      ODDRX1   
   tmds_data_p[1]       OUTPUT         P4         LVDS33           NA            NONE      ODDRX1   
  tmds_data_p[1](n)     OUTPUT         N4         LVDS33           NA            NONE      ODDRX1   
   tmds_data_p[0]       OUTPUT         N1         LVDS33           NA            NONE      ODDRX1   
  tmds_data_p[0](n)     OUTPUT         M1         LVDS33           NA            NONE      ODDRX1   
       dq[23]            INPUT        S31        LVCMOS25           8           PULLUP      NONE    
       dq[22]            INPUT        S32        LVCMOS25           8           PULLUP      NONE    
       dq[21]            INPUT        S35        LVCMOS25           8           PULLUP      NONE    
       dq[20]            INPUT        S36        LVCMOS25           8           PULLUP      NONE    
       dq[19]            INPUT        S37        LVCMOS25           8           PULLUP      NONE    
       dq[18]            INPUT        S38        LVCMOS25           8           PULLUP      NONE    
       dq[17]            INPUT        S41        LVCMOS25           8           PULLUP      NONE    
       dq[16]            INPUT        S42        LVCMOS25           8           PULLUP      NONE    
       dq[31]            INPUT        S48        LVCMOS25           8           PULLUP      NONE    
       dq[30]            INPUT        S49        LVCMOS25           8           PULLUP      NONE    
       dq[29]            INPUT        S52        LVCMOS25           8           PULLUP      NONE    
       dq[28]            INPUT        S53        LVCMOS25           8           PULLUP      NONE    
       dq[27]            INPUT        S54        LVCMOS25           8           PULLUP      NONE    
       dq[26]            INPUT        S55        LVCMOS25           8           PULLUP      NONE    
       dq[25]            INPUT        S58        LVCMOS25           8           PULLUP      NONE    
       dq[24]            INPUT        S59        LVCMOS25           8           PULLUP      NONE    
         dm0            OUTPUT        S14        LVCMOS25           8            NONE       NONE    
         cke            OUTPUT        S18        LVCMOS25           8            NONE       OREG    
        we_n            OUTPUT        S19        LVCMOS25           8            NONE       OREG    
        cas_n           OUTPUT        S20        LVCMOS25           8            NONE       OREG    
        ras_n           OUTPUT        S21        LVCMOS25           8            NONE       OREG    
        cs_n            OUTPUT        S22        LVCMOS25           8            NONE       OREG    
       addr[9]          OUTPUT        S23        LVCMOS25           8            NONE       OREG    
       addr[8]          OUTPUT        S24        LVCMOS25           8            NONE       OREG    
       addr[7]          OUTPUT        S25        LVCMOS25           8            NONE       OREG    
       addr[6]          OUTPUT        S26        LVCMOS25           8            NONE       OREG    
       addr[5]          OUTPUT        S27        LVCMOS25           8            NONE       OREG    
       addr[4]          OUTPUT        S28        LVCMOS25           8            NONE       OREG    
         dm2            OUTPUT        S29        LVCMOS25           8            NONE       NONE    
         dm3            OUTPUT        S61        LVCMOS25           8            NONE       NONE    
       addr[3]          OUTPUT        S64        LVCMOS25           8            NONE       OREG    
       addr[2]          OUTPUT        S65        LVCMOS25           8            NONE       OREG    
       addr[1]          OUTPUT        S66        LVCMOS25           8            NONE       OREG    
       addr[0]          OUTPUT        S67        LVCMOS25           8            NONE       OREG    
      addr[10]          OUTPUT        S68        LVCMOS25           8            NONE       OREG    
        ba[0]           OUTPUT        S69        LVCMOS25           8            NONE       OREG    
        ba[1]           OUTPUT        S70        LVCMOS25           8            NONE       OREG    
         clk            OUTPUT        S73        LVCMOS25           8            NONE       NONE    
         dm1            OUTPUT        S76        LVCMOS25           8            NONE       NONE    
        dq[0]            INOUT         S1        LVCMOS25           8           PULLUP      IREG    
        dq[6]            INOUT        S11        LVCMOS25           8           PULLUP      IREG    
        dq[7]            INOUT        S12        LVCMOS25           8           PULLUP      IREG    
        dq[1]            INOUT         S2        LVCMOS25           8           PULLUP      IREG    
        dq[2]            INOUT         S5        LVCMOS25           8           PULLUP      IREG    
        dq[3]            INOUT         S6        LVCMOS25           8           PULLUP      IREG    
        dq[4]            INOUT         S7        LVCMOS25           8           PULLUP      IREG    
        dq[8]            INOUT        S78        LVCMOS25           8           PULLUP      IREG    
        dq[9]            INOUT        S79        LVCMOS25           8           PULLUP      IREG    
        dq[5]            INOUT         S8        LVCMOS25           8           PULLUP      IREG    
       dq[10]            INOUT        S82        LVCMOS25           8           PULLUP      IREG    
       dq[11]            INOUT        S83        LVCMOS25           8           PULLUP      IREG    
       dq[12]            INOUT        S84        LVCMOS25           8           PULLUP      IREG    
       dq[13]            INOUT        S85        LVCMOS25           8           PULLUP      IREG    
       dq[14]            INOUT        S88        LVCMOS25           8           PULLUP      IREG    
       dq[15]            INOUT        S89        LVCMOS25           8           PULLUP      IREG    

Report Hierarchy Area:
+-------------------------------------------------------------------------------------------------------------------------------------+
|Instance                            |Module                                     |le     |lut     |ripple  |seq     |bram    |dsp     |
+-------------------------------------------------------------------------------------------------------------------------------------+
|top                                 |sd_bmp_hdmi                                |4182   |2561    |820     |2408    |15      |0       |
|  u_clk_wiz_0                       |PLL                                        |0      |0       |0       |0       |0       |0       |
|  u_clk_wiz_1                       |PLL_hdmi                                   |0      |0       |0       |0       |0       |0       |
|  u_ddr3_top                        |ddr3_top1                                  |572    |378     |100     |346     |2       |0       |
|    physica_sdram                   |SDRAM                                      |0      |0       |0       |0       |0       |0       |
|    u_sdram_controller              |sdram_controller                           |204    |152     |40      |83      |0       |0       |
|      u_sdram_cmd                   |sdram_cmd                                  |43     |43      |0       |17      |0       |0       |
|      u_sdram_ctrl                  |sdram_ctrl                                 |148    |103     |40      |53      |0       |0       |
|      u_sdram_data                  |sdram_data                                 |13     |6       |0       |13      |0       |0       |
|    u_sdram_fifo_ctrl               |sdram_fifo_ctrl                            |368    |226     |60      |263     |2       |0       |
|      rdfifo                        |SOFTFIFO                                   |150    |90      |18      |121     |1       |0       |
|        ram_inst                    |ram_infer_SOFTFIFO                         |14     |0       |0       |14      |1       |0       |
|        rd_to_wr_cross_inst         |fifo_cross_domain_addr_process_al_SOFTFIFO |45     |31      |0       |44      |0       |0       |
|        wr_to_rd_cross_inst         |fifo_cross_domain_addr_process_al_SOFTFIFO |31     |28      |0       |31      |0       |0       |
|      wrfifo                        |SOFTFIFO                                   |138    |84      |18      |110     |1       |0       |
|        ram_inst                    |ram_infer_SOFTFIFO                         |16     |1       |0       |16      |1       |0       |
|        rd_to_wr_cross_inst         |fifo_cross_domain_addr_process_al_SOFTFIFO |36     |21      |0       |36      |0       |0       |
|        wr_to_rd_cross_inst         |fifo_cross_domain_addr_process_al_SOFTFIFO |34     |33      |0       |34      |0       |0       |
|  u_hdmi_top                        |hdmi_top1                                  |2388   |1357    |504     |1286    |4       |0       |
|    dpc                             |isp_dpc                                    |1931   |1020    |407     |1104    |4       |0       |
|      linebuffer                    |shift_register                             |59     |27      |16      |33      |4       |0       |
|        gen_ram_inst[0]$u_ram       |simple_dp_ram                              |0      |0       |0       |0       |1       |0       |
|        gen_ram_inst[1]$u_ram       |simple_dp_ram                              |0      |0       |0       |0       |1       |0       |
|        gen_ram_inst[2]$u_ram       |simple_dp_ram                              |0      |0       |0       |0       |1       |0       |
|        gen_ram_inst[3]$u_ram       |simple_dp_ram                              |0      |0       |0       |0       |1       |0       |
|    u3_hdmi_tx                      |hdmi_tx                                    |308    |249     |36      |158     |0       |0       |
|      Inst_DVITransmitter           |DVITransmitter                             |308    |249     |36      |158     |0       |0       |
|        Inst_TMDSEncoder_blue       |TMDSEncoder                                |87     |73      |12      |35      |0       |0       |
|        Inst_TMDSEncoder_green      |TMDSEncoder                                |84     |71      |12      |35      |0       |0       |
|        Inst_TMDSEncoder_red        |TMDSEncoder                                |82     |67      |12      |33      |0       |0       |
|        Inst_blue_serializer_10_1   |Serial_N_1_lvds_dat                        |20     |14      |0       |20      |0       |0       |
|        Inst_clk_serializer_10_1    |Serial_N_1_lvds                            |6      |2       |0       |6       |0       |0       |
|        Inst_green_serializer_10_1  |Serial_N_1_lvds_dat                        |15     |10      |0       |15      |0       |0       |
|        Inst_red_serializer_10_1    |Serial_N_1_lvds_dat                        |14     |12      |0       |14      |0       |0       |
|    u_video_driver                  |video_driver                               |149    |88      |61      |24      |0       |0       |
|  u_sd_ctrl_top                     |sd_ctrl_top                                |342    |264     |45      |217     |0       |0       |
|    u_sd_init                       |sd_init                                    |198    |151     |30      |118     |0       |0       |
|    u_sd_read                       |sd_read                                    |144    |113     |15      |99      |0       |0       |
|  u_sd_read_photo                   |read_rawdata                               |282    |205     |72      |158     |0       |0       |
|  cw_top                            |CW_TOP_WRAPPER                             |594    |353     |99      |396     |0       |0       |
|    wrapper_cwc_top                 |cwc_top                                    |594    |353     |99      |396     |0       |0       |
|      cfg_int_inst                  |cwc_cfg_int                                |280    |149     |0       |263     |0       |0       |
|        reg_inst                    |register                                   |278    |147     |0       |261     |0       |0       |
|        tap_inst                    |tap                                        |2      |2       |0       |2       |0       |0       |
|      trigger_inst                  |trigger                                    |314    |204     |99      |133     |0       |0       |
|        bus_inst                    |bus_top                                    |118    |74      |42      |42      |0       |0       |
|          BUS_DETECTOR[0]$bus_nodes |bus_det                                    |1      |1       |0       |1       |0       |0       |
|          BUS_DETECTOR[1]$bus_nodes |bus_det                                    |2      |2       |0       |2       |0       |0       |
|          BUS_DETECTOR[4]$bus_nodes |bus_det                                    |48     |28      |18      |12      |0       |0       |
|          BUS_DETECTOR[5]$bus_nodes |bus_det                                    |53     |35      |18      |21      |0       |0       |
|          BUS_DETECTOR[6]$bus_nodes |bus_det                                    |14     |8       |6       |6       |0       |0       |
|        emb_ctrl_inst               |emb_ctrl                                   |113    |84      |29      |60      |0       |0       |
+-------------------------------------------------------------------------------------------------------------------------------------+


DataNet Average Fanout:

   Index     Fanout     Nets  
    #1          1       2902  
    #2          2       891   
    #3          3       390   
    #4          4       185   
    #5        5-10      388   
    #6        11-50     123   
    #7       51-100      5    
    #8       101-500     2    
    #9        >500       1    
  Average     2.62            

RUN-1002 : start command "export_db SD-SDRAM-ISP-HDMI_pr.db"
RUN-1001 : Exported /
RUN-1001 : Exported flow parameters
RUN-1001 : Exported libs
RUN-1001 : Exported entities
RUN-1001 : Exported ports
RUN-1001 : Exported pins
RUN-1001 : Exported instances
RUN-1001 : Exported nets
RUN-1001 : Exported buses
RUN-1001 : Exported models
RUN-1001 : Exported congestions
RUN-1001 : Exported violations
RUN-1001 : Exported timing constraints
RUN-1001 : Exported IO constraints
RUN-1001 : Exported Inst constraints
RUN-1001 : Exported ChipWatcher
RUN-1002 : start command "start_timer"
TMR-2505 : Start building timing graph for model sd_bmp_hdmi.
TMR-2506 : Build timing graph completely. Port num: 9, tpin num: 19106, tnet num: 4908, tinst num: 2254, tnode num: 24515, tedge num: 32480.
TMR-2508 : Levelizing timing graph completed, there are 29 levels in total.
TMR-2501 : Timing graph initialized successfully.
RUN-1002 : start command "report_timing -mode FINAL -net_info -rpt_autogen true -file SD-SDRAM-ISP-HDMI_phy.timing"
TMR-2503 : Start to update net delay, extr mode = 6.
TMR-2504 : Update delay of 4908 nets completely.
TMR-2502 : Annotate delay completely, extr mode = 6.
TMR-3001 : Initiate 0 clocks from SDC.
TMR-3004 : Map sdc constraints, there are 8 constraints in total.
TMR-3003 : Constraints initiated successfully.
TMR-3501 : Forward propagation: start to calculate arrival time...
TMR-3502 : Backward propagation: start to calculate required time...
TMR-3503 : Timing propagation completes.
TMR-3506 : Start to generate timing report.
TMR-1502 : Number of clock constraints = 0. Number of clock nets = 9 (9 unconstrainted).
TMR-5009 WARNING: No clock constraint on 9 clock net(s): 
		config_inst_syn_10
		sys_clk_dup_1
		u_clk_wiz_1/clk0_out
		u_ddr3_top/clk_sdram
		u_ddr3_top/u_sdram_fifo_ctrl/clk_ref
		u_ddr3_top/u_sdram_fifo_ctrl/wrfifo/clkw
		u_hdmi_top/dpc/pclk
		u_sd_ctrl_top/u_sd_init/div_clk_syn_4
		u_sd_ctrl_top/u_sd_read/clk_ref_180deg
USR-6122 CRITICAL-WARNING: No clock constraint on PLL u_clk_wiz_0/pll_inst
USR-6122 CRITICAL-WARNING: No clock constraint on PLL u_clk_wiz_1/pll_inst
TMR-3508 : Export timing summary.
TMR-3507 : Timing report generated successfully in SD-SDRAM-ISP-HDMI_phy.timing, timing summary in SD-SDRAM-ISP-HDMI_phy.tsm.
RUN-1002 : start command "export_bid SD-SDRAM-ISP-HDMI_inst.bid"
PRG-1000 : <!-- HMAC is: f34721bc4ad60acd7cc5f657e10ee60e9c0baa79fead2df228e755535a4006e4 -->
RUN-1002 : start command "bitgen -bit SD-SDRAM-ISP-HDMI.bit"
BIT-1003 : Start to generate bitstream. 
BIT-1002 : Init instances with 16 threads.
BIT-1002 : Init instances completely, inst num: 2254
BIT-1002 : Init pips with 16 threads.
BIT-1002 : Init pips completely, net num: 4910, pip num: 44914
BIT-1002 : Init feedthrough with 16 threads.
BIT-1002 : Init feedthrough completely, num: 26
BIT-1003 : Multithreading accelaration with 16 threads.
BIT-1003 : Generate bitstream completely, there are 2119 valid insts, and 132165 bits set as '1'.
BIT-1004 : the usercode register value: 00000000100001100000100110010011
BIT-1004 : PLL setting string = 0110
BIT-1004 : Generate bits file SD-SDRAM-ISP-HDMI.bit.
RUN-1003 : finish command "bitgen -bit SD-SDRAM-ISP-HDMI.bit" in  4.531968s wall, 23.281250s user + 0.484375s system = 23.765625s CPU (524.4%)

RUN-1004 : used memory is 629 MB, reserved memory is 610 MB, peak memory is 802 MB
RUN-1002 : start command "backup_run_log run.log ../.logs/phy_1/td_20240703_230714.log"
