============================================================
   Tang Dynasty, V5.6.71036
      Copyright (c) 2012-2023 Anlogic Inc.
   Executable = F:/ARMChina/bin/td.exe
   Built at =   20:34:38 Mar 21 2023
   Run by =     Illyasvial Von Einzb
   Run Date =   Fri Jul  5 01:50:51 2024

   Run on =     LAPTOP-4S5LNBPI
============================================================
RUN-1002 : start command "open_project SD-SDRAM-ISP-HDMI.prj"
RUN-1001 : Print Global Property
RUN-1001 : ---------------------------------------------------------------
RUN-1001 :        Parameters        |  Settings  |  Default Values  |  Note  
RUN-1001 : ---------------------------------------------------------------
RUN-1001 :          message         |  standard  |     standard     |        
RUN-1001 :   mixed_pack_place_flow  |     on     |        on        |        
RUN-1001 :        qor_monitor       |    off     |       off        |        
RUN-1001 :        syn_ip_flow       |    off     |       off        |        
RUN-1001 :          thread          |    auto    |       auto       |        
RUN-1001 : ---------------------------------------------------------------
RUN-1001 : Print Design Property
RUN-1001 : --------------------------------------------------------------
RUN-1001 :        Parameters       |  Settings  |  Default Values  |  Note  
RUN-1001 : --------------------------------------------------------------
RUN-1001 :   default_reg_initial   |    auto    |       auto       |        
RUN-1001 :        infer_add        |     on     |        on        |        
RUN-1001 :        infer_fsm        |    off     |       off        |        
RUN-1001 :        infer_mult       |     on     |        on        |        
RUN-1001 :        infer_ram        |     on     |        on        |        
RUN-1001 :        infer_reg        |     on     |        on        |        
RUN-1001 :   infer_reg_init_value  |     on     |        on        |        
RUN-1001 :        infer_rom        |     on     |        on        |        
RUN-1001 :      infer_shifter      |     on     |        on        |        
RUN-1001 : --------------------------------------------------------------
RUN-1001 : Print Rtl Property
RUN-1001 : --------------------------------------------------------------
RUN-1001 :        Parameters       |  Settings  |  Default Values  |  Note  
RUN-1001 : --------------------------------------------------------------
RUN-1001 :       compress_add      |   ripple   |      ripple      |        
RUN-1001 :        elf_sload        |    off     |       off        |        
RUN-1001 :       fix_undriven      |     0      |        0         |        
RUN-1001 :         flatten         |    off     |       off        |        
RUN-1001 :       gate_sharing      |     on     |        on        |        
RUN-1001 :    hdl_warning_level    |   normal   |      normal      |        
RUN-1001 :   impl_internal_tribuf  |     on     |        on        |        
RUN-1001 :      impl_set_reset     |     on     |        on        |        
RUN-1001 :        infer_gsr        |    off     |       off        |        
RUN-1001 :      keep_hierarchy     |    auto    |       auto       |        
RUN-1001 :        max_fanout       |    9999    |       9999       |        
RUN-1001 :      max_oh2bin_len     |     10     |        10        |        
RUN-1001 :       merge_equal       |     on     |        on        |        
RUN-1001 :       merge_equiv       |     on     |        on        |        
RUN-1001 :        merge_mux        |    off     |       off        |        
RUN-1001 :     min_control_set     |     8      |        8         |        
RUN-1001 :      min_ripple_len     |    auto    |       auto       |        
RUN-1001 :       oh2bin_ratio      |    0.08    |       0.08       |        
RUN-1001 :     opt_adder_fanout    |     on     |        on        |        
RUN-1001 :        opt_arith        |     on     |        on        |        
RUN-1001 :       opt_big_gate      |    off     |       off        |        
RUN-1001 :        opt_const        |     on     |        on        |        
RUN-1001 :      opt_const_mult     |     on     |        on        |        
RUN-1001 :       opt_lessthan      |     on     |        on        |        
RUN-1001 :         opt_mux         |    off     |       off        |        
RUN-1001 :         opt_ram         |    high    |       high       |        
RUN-1001 :      rtl_sim_model      |    off     |       off        |        
RUN-1001 :         seq_syn         |     on     |        on        |        
RUN-1001 : --------------------------------------------------------------
HDL-1007 : analyze verilog file ../../import/ddr3-al_ip/SOFTFIFO.v
HDL-1007 : analyze verilog file ../../import/ddr3-al_ip/SDRAM.v
HDL-1007 : analyze verilog file ../../al_ip/PLL.v
HDL-1007 : undeclared symbol 'open', assumed default net type 'wire' in ../../al_ip/PLL.v(92)
HDL-1007 : analyze verilog file ../../al_ip/PLL_hdmi.v
HDL-1007 : undeclared symbol 'open', assumed default net type 'wire' in ../../al_ip/PLL_hdmi.v(70)
HDL-1007 : analyze VHDL file ../../import/hdmi-rtl/enc_file/SerializerN_1_lvds.enc.vhd
Copyright (c) 1998-2019 The OpenSSL Project.  All rights reserved.
This product includes software developed by the OpenSSL Project
for use in the OpenSSL Toolkit (http://www.openssl.org/)
Copyright (C) 1995-1998 Eric Young (eay@cryptsoft.com)
All rights reserved.
This product includes cryptographic software written by Eric Young (eay@cryptsoft.com)
HDL-1007 : analyze entity ** in encrypted_text(0)
HDL-1007 : analyze architecture ** in encrypted_text(0)
HDL-1007 : analyze VHDL file ../../import/hdmi-rtl/enc_file/SerializerN_1_lvds_dat.enc.vhd
HDL-1007 : analyze entity ** in encrypted_text(0)
HDL-1007 : analyze architecture ** in encrypted_text(0)
HDL-1007 : analyze VHDL file ../../import/hdmi-rtl/enc_file/TMDSEncoder.enc.vhd
HDL-1007 : analyze entity ** in encrypted_text(0)
HDL-1007 : analyze architecture ** in encrypted_text(0)
HDL-1007 : analyze verilog file ../../import/hdmi-rtl/enc_file/video_tpg_1024768.enc.v
HDL-5007 WARNING: literal value ** truncated to fit in ** bits in encrypted_text(0)
HDL-1007 : back to file '../../import/hdmi-rtl/enc_file/video_tpg_1024768.enc.v' in ../../import/hdmi-rtl/enc_file/video_tpg_1024768.enc.v(216)
HDL-1007 : analyze verilog file ../../import/hdmi-rtl/enc_file/video_tpg_1080p.enc.v
HDL-1007 : back to file '../../import/hdmi-rtl/enc_file/video_tpg_1080p.enc.v' in ../../import/hdmi-rtl/enc_file/video_tpg_1080p.enc.v(208)
HDL-1007 : analyze verilog file ../../import/hdmi-rtl/enc_file/video_tpg_12801024p.enc.v
HDL-1007 : back to file '../../import/hdmi-rtl/enc_file/video_tpg_12801024p.enc.v' in ../../import/hdmi-rtl/enc_file/video_tpg_12801024p.enc.v(207)
HDL-1007 : analyze verilog file ../../import/hdmi-rtl/enc_file/video_tpg_1280800.enc.v
HDL-5007 WARNING: literal value ** truncated to fit in ** bits in encrypted_text(0)
HDL-1007 : back to file '../../import/hdmi-rtl/enc_file/video_tpg_1280800.enc.v' in ../../import/hdmi-rtl/enc_file/video_tpg_1280800.enc.v(216)
HDL-1007 : analyze verilog file ../../import/hdmi-rtl/enc_file/video_tpg_16801050p.enc.v
HDL-1007 : back to file '../../import/hdmi-rtl/enc_file/video_tpg_16801050p.enc.v' in ../../import/hdmi-rtl/enc_file/video_tpg_16801050p.enc.v(209)
HDL-1007 : analyze verilog file ../../import/hdmi-rtl/enc_file/video_tpg_800600.enc.v
HDL-1007 : back to file '../../import/hdmi-rtl/enc_file/video_tpg_800600.enc.v' in ../../import/hdmi-rtl/enc_file/video_tpg_800600.enc.v(211)
HDL-1007 : analyze verilog file ../../import/hdmi_top/hdmi_top.v
HDL-1007 : analyze verilog file ../../import/hdmi_top/video_driver.v
HDL-1007 : analyze verilog file ../../import/sd_bmp_hdmi.v
HDL-1007 : undeclared symbol 'rd_vsync', assumed default net type 'wire' in ../../import/sd_bmp_hdmi.v(200)
HDL-1007 : analyze verilog file ../../import/sd_ctrl_top/sd_ctrl_top.v
HDL-1007 : analyze verilog file ../../import/sd_ctrl_top/sd_init.v
HDL-1007 : analyze verilog file ../../import/sd_ctrl_top/sd_read.v
HDL-1007 : analyze verilog file ../../import/sd_ctrl_top/sd_write.v
HDL-1007 : analyze VHDL file ../../import/hdmi-rtl/enc_file/DVITransmitter.enc.vhd
HDL-1007 : analyze entity dvitransmitter in ../../import/hdmi-rtl/enc_file/DVITransmitter.enc.vhd(13)
HDL-1007 : analyze architecture ** in encrypted_text(0)
HDL-1007 : analyze VHDL file ../../import/hdmi-rtl/hdmi_tx.vhd
HDL-1007 : analyze entity hdmi_tx in ../../import/hdmi-rtl/hdmi_tx.vhd(11)
HDL-1007 : analyze architecture behavioral in ../../import/hdmi-rtl/hdmi_tx.vhd(33)
HDL-1007 : analyze verilog file ../../import/DDR3-rtl/sdram_cmd.v
HDL-1007 : analyze included file ../../import/DDR3-rtl/sdram_para.v in ../../import/DDR3-rtl/sdram_cmd.v(46)
HDL-1007 : back to file '../../import/DDR3-rtl/sdram_cmd.v' in ../../import/DDR3-rtl/sdram_cmd.v(46)
HDL-1007 : analyze verilog file ../../import/DDR3-rtl/sdram_controller.v
HDL-1007 : analyze verilog file ../../import/DDR3-rtl/sdram_ctrl.v
HDL-1007 : analyze included file ../../import/DDR3-rtl/sdram_para.v in ../../import/DDR3-rtl/sdram_ctrl.v(19)
HDL-1007 : back to file '../../import/DDR3-rtl/sdram_ctrl.v' in ../../import/DDR3-rtl/sdram_ctrl.v(19)
HDL-1007 : analyze verilog file ../../import/DDR3-rtl/sdram_data.v
HDL-1007 : analyze included file ../../import/DDR3-rtl/sdram_para.v in ../../import/DDR3-rtl/sdram_data.v(13)
HDL-1007 : back to file '../../import/DDR3-rtl/sdram_data.v' in ../../import/DDR3-rtl/sdram_data.v(13)
HDL-1007 : analyze verilog file ../../import/DDR3-rtl/sdram_fifo_ctrl.v
HDL-1007 : analyze verilog file ../../import/DDR3-rtl/sdram_top.v
HDL-1007 : analyze verilog file ../../import/read_rawdata.v
HDL-1007 : analyze verilog file ../../import/hdmi_top/ISP_include.v
HDL-1007 : analyze verilog file ../../import/hdmi_top/ISP_debayer_l.v
HDL-1007 : analyze verilog file ../../import/hdmi_top/ISP_awb_top.v
HDL-1007 : undeclared symbol 'video_de', assumed default net type 'wire' in ../../import/hdmi_top/ISP_awb_top.v(93)
HDL-1007 : analyze verilog file ../../import/hdmi_top/ISP_cal_awb.v
HDL-1007 : analyze verilog file ../../import/hdmi_top/ISP_static_awb.v
HDL-1007 : analyze verilog file ../../import/hdmi_top/ISP_wb.v
RUN-1001 : Project manager successfully analyzed 36 source files.
RUN-1002 : start command "import_device eagle_s20.db -package EG4S20BG256"
ARC-1001 : Device Initialization.
ARC-1001 : ------------------------------------------------------------------
ARC-1001 :            OPTION            |          IO          |   SETTING   
ARC-1001 : ------------------------------------------------------------------
ARC-1001 :   cso_b/cclk/mosi/miso/dout  |  T3/R11/T10/P10/S11  |    gpio    
ARC-1001 :             done             |         P13          |    gpio    
ARC-1001 :           program_b          |          T2          |  dedicate  
ARC-1001 :        tdi/tms/tck/tdo       |   C12/A15/C14/E14    |  dedicate  
ARC-1001 : ------------------------------------------------------------------
ARC-1004 : Device setting, marked 5 dedicate IOs in total.
RUN-1002 : start command "import_db ../syn_1/SD-SDRAM-ISP-HDMI_gate.db"
RUN-1001 : Importing database generated by Tang Dynasty, V5.6.71036.
RUN-1001 : Database version number 46146.
RUN-1001 : Import flow parameters
RUN-1001 : Import timing constraints
RUN-1001 : Import IO constraints
RUN-1001 : Import Inst constraints
RUN-1001 : Import design success TD_VERSION=5.6.71036 , DB_VERSION=46146
RUN-1002 : start command "read_sdc -ip SOFTFIFO ../../import/ddr3-al_ip/SOFTFIFO.tcl"
RUN-1002 : start command "get_ports clkw"
RUN-1002 : start command "get_nets  clkw  "
RUN-1002 : start command "get_clocks -nowarn -of nets 9663676416000"
RUN-1002 : start command "get_ports clkr"
RUN-1002 : start command "get_nets  clkr  "
RUN-1002 : start command "get_clocks -nowarn -of nets 11063835754496"
RUN-1002 : start command "get_property -nowarn -max PERIOD "
RUN-1002 : start command "get_property -nowarn -max PERIOD "
RUN-1002 : start command "get_regs rd_to_wr_cross_inst/primary_addr_gray_reg[*]"
RUN-1002 : start command "get_regs rd_to_wr_cross_inst/sync_r1[*]"
RUN-1002 : start command "set_max_delay -from  -to  999.70000000000005 -datapath_only"
RUN-1002 : start command "get_regs rd_to_wr_cross_inst/primary_addr_gray_reg[*]"
RUN-1002 : start command "get_regs rd_to_wr_cross_inst/sync_r1[*]"
RUN-1002 : start command "set_false_path -from  -to  -hold 999.70000000000005"
USR-1002 : set_false_path -help -setup -hold -from <list> -rise_from <list> -fall_from <list> -to <list> -rise_to <list> -fall_to <list> -through <list>
RUN-1002 : start command "get_regs wr_to_rd_cross_inst/primary_addr_gray_reg[*]"
RUN-1002 : start command "get_regs wr_to_rd_cross_inst/sync_r1[*]"
RUN-1002 : start command "set_max_delay -from  -to  999.70000000000005 -datapath_only"
RUN-1002 : start command "get_regs wr_to_rd_cross_inst/primary_addr_gray_reg[*]"
RUN-1002 : start command "get_regs wr_to_rd_cross_inst/sync_r1[*]"
RUN-1002 : start command "set_false_path -from  -to  -hold 999.70000000000005"
USR-1002 : set_false_path -help -setup -hold -from <list> -rise_from <list> -fall_from <list> -to <list> -rise_to <list> -fall_to <list> -through <list>
RUN-1002 : start command "get_ports clkw"
RUN-1002 : start command "get_nets  clkw  "
RUN-1002 : start command "get_clocks -nowarn -of nets 17514876633088"
RUN-1002 : start command "get_ports clkr"
RUN-1002 : start command "get_nets  clkr  "
RUN-1002 : start command "get_clocks -nowarn -of nets 9663676416000"
RUN-1002 : start command "get_property -nowarn -max PERIOD "
RUN-1002 : start command "get_property -nowarn -max PERIOD "
RUN-1002 : start command "get_regs rd_to_wr_cross_inst/primary_addr_gray_reg[*]"
RUN-1002 : start command "get_regs rd_to_wr_cross_inst/sync_r1[*]"
RUN-1002 : start command "set_max_delay -from  -to  999.70000000000005 -datapath_only"
RUN-1002 : start command "get_regs rd_to_wr_cross_inst/primary_addr_gray_reg[*]"
RUN-1002 : start command "get_regs rd_to_wr_cross_inst/sync_r1[*]"
RUN-1002 : start command "set_false_path -from  -to  -hold 999.70000000000005"
USR-1002 : set_false_path -help -setup -hold -from <list> -rise_from <list> -fall_from <list> -to <list> -rise_to <list> -fall_to <list> -through <list>
RUN-1002 : start command "get_regs wr_to_rd_cross_inst/primary_addr_gray_reg[*]"
RUN-1002 : start command "get_regs wr_to_rd_cross_inst/sync_r1[*]"
RUN-1002 : start command "set_max_delay -from  -to  999.70000000000005 -datapath_only"
RUN-1002 : start command "get_regs wr_to_rd_cross_inst/primary_addr_gray_reg[*]"
RUN-1002 : start command "get_regs wr_to_rd_cross_inst/sync_r1[*]"
RUN-1002 : start command "set_false_path -from  -to  -hold 999.70000000000005"
USR-1002 : set_false_path -help -setup -hold -from <list> -rise_from <list> -fall_from <list> -to <list> -rise_to <list> -fall_to <list> -through <list>
RUN-1002 : start command "config_chipwatcher ../../sd_HDMI.cwc -dir "
RUN-1002 : start command "legalize_phy_inst"
SYN-1011 : Flatten model sd_bmp_hdmi
KIT-1004 : ChipWatcher: import watcher inst auto_chipwatcher_0 completed, there are 7 view nodes, 24 trigger nets, 24 data nets.
KIT-1004 : Chipwatcher code = 0011110010101001
RUN-1002 : start command "compile_watcher"
RUN-1002 : start command "read_verilog -no_sch -dir F:/ARMChina/cw/ -file SD-SDRAM-ISP-HDMI_watcherInst.sv -lib cw -top CW_TOP_WRAPPER"
HDL-1007 : analyze verilog file F:/ARMChina/cw\bus_det.v
HDL-1007 : analyze verilog file F:/ARMChina/cw\bus_top.sv
HDL-1007 : analyze verilog file F:/ARMChina/cw\cfg_int.v
HDL-1007 : analyze verilog file F:/ARMChina/cw\cwc_cfg_int.v
HDL-1007 : analyze verilog file F:/ARMChina/cw\cwc_top.sv
HDL-1007 : analyze verilog file F:/ARMChina/cw\detect_bus.v
HDL-1007 : analyze verilog file F:/ARMChina/cw\detect_non_bus.v
HDL-1007 : analyze verilog file F:/ARMChina/cw\emb_ctrl.v
HDL-1007 : analyze verilog file F:/ARMChina/cw\register.v
HDL-1007 : analyze verilog file F:/ARMChina/cw\tap.v
HDL-1007 : analyze verilog file F:/ARMChina/cw\trigger.sv
HDL-1007 : analyze verilog file SD-SDRAM-ISP-HDMI_watcherInst.sv
HDL-1007 : elaborate module CW_TOP_WRAPPER in SD-SDRAM-ISP-HDMI_watcherInst.sv(1)
HDL-1007 : elaborate module cwc_top(BUS_NUM=7,BUS_DIN_NUM=24,BUS_CTRL_NUM=76,BUS_WIDTH='{32'sb01,32'sb01,32'sb01,32'sb01,32'sb01000,32'sb01000,32'sb0100},BUS_DIN_POS='{32'sb0,32'sb01,32'sb010,32'sb011,32'sb0100,32'sb01100,32'sb010100},BUS_CTRL_POS='{32'sb0,32'sb0110,32'sb01100,32'sb010010,32'sb011000,32'sb0101100,32'sb01000000}) in F:/ARMChina/cw\cwc_top.sv(21)
HDL-1007 : elaborate module cwc_cfg_int(CTRL_REG_LEN=98) in F:/ARMChina/cw\cwc_cfg_int.v(21)
HDL-1007 : elaborate module register(CTRL_REG_LEN=98) in F:/ARMChina/cw\register.v(21)
HDL-1007 : elaborate module tap in F:/ARMChina/cw\tap.v(21)
HDL-1007 : elaborate module trigger(BUS_NUM=7,BUS_DIN_NUM=24,BUS_CTRL_NUM=76,BUS_WIDTH='{32'sb01,32'sb01,32'sb01,32'sb01,32'sb01000,32'sb01000,32'sb0100},BUS_DIN_POS='{32'sb0,32'sb01,32'sb010,32'sb011,32'sb0100,32'sb01100,32'sb010100},BUS_CTRL_POS='{32'sb0,32'sb0110,32'sb01100,32'sb010010,32'sb011000,32'sb0101100,32'sb01000000}) in F:/ARMChina/cw\trigger.sv(21)
HDL-1007 : elaborate module bus_top(BUS_NODE_NUM=7,BUS_DIN_NUM=24,BUS_CTRL_NUM=76,BUS_WIDTH='{32'sb01,32'sb01,32'sb01,32'sb01,32'sb01000,32'sb01000,32'sb0100},BUS_DIN_POS='{32'sb0,32'sb01,32'sb010,32'sb011,32'sb0100,32'sb01100,32'sb010100},BUS_CTRL_POS='{32'sb0,32'sb0110,32'sb01100,32'sb010010,32'sb011000,32'sb0101100,32'sb01000000}) in F:/ARMChina/cw\bus_top.sv(22)
HDL-1007 : elaborate module bus_det(BUS_WIDTH=32'sb01) in F:/ARMChina/cw\bus_det.v(21)
HDL-1007 : elaborate module bus_det(BUS_WIDTH=32'sb01000) in F:/ARMChina/cw\bus_det.v(21)
HDL-1007 : elaborate module bus_det(BUS_WIDTH=32'sb0100) in F:/ARMChina/cw\bus_det.v(21)
HDL-1007 : elaborate module emb_ctrl in F:/ARMChina/cw\emb_ctrl.v(21)
HDL-1200 : Current top model is CW_TOP_WRAPPER
HDL-1100 : Inferred 0 RAMs.
RUN-1002 : start command "force_keep -a auto_chipwatcher_0_logicbram"
RUN-1002 : start command "optimize_rtl -no_sch"
RUN-1001 : Open license file F:/ARMChina/license/Anlogic.lic
RUN-1001 : Print Global Property
RUN-1001 : ---------------------------------------------------------------
RUN-1001 :        Parameters        |  Settings  |  Default Values  |  Note  
RUN-1001 : ---------------------------------------------------------------
RUN-1001 :          message         |  standard  |     standard     |        
RUN-1001 :   mixed_pack_place_flow  |     on     |        on        |        
RUN-1001 :        qor_monitor       |    off     |       off        |        
RUN-1001 :        syn_ip_flow       |    off     |       off        |        
RUN-1001 :          thread          |    auto    |       auto       |        
RUN-1001 : ---------------------------------------------------------------
RUN-1001 : Print Rtl Property
RUN-1001 : --------------------------------------------------------------
RUN-1001 :        Parameters       |  Settings  |  Default Values  |  Note  
RUN-1001 : --------------------------------------------------------------
RUN-1001 :       compress_add      |   ripple   |      ripple      |        
RUN-1001 :        elf_sload        |    off     |       off        |        
RUN-1001 :       fix_undriven      |     0      |        0         |        
RUN-1001 :         flatten         |    off     |       off        |        
RUN-1001 :       gate_sharing      |     on     |        on        |        
RUN-1001 :    hdl_warning_level    |   normal   |      normal      |        
RUN-1001 :   impl_internal_tribuf  |     on     |        on        |        
RUN-1001 :      impl_set_reset     |     on     |        on        |        
RUN-1001 :        infer_gsr        |    off     |       off        |        
RUN-1001 :      keep_hierarchy     |    auto    |       auto       |        
RUN-1001 :        max_fanout       |    9999    |       9999       |        
RUN-1001 :      max_oh2bin_len     |     10     |        10        |        
RUN-1001 :       merge_equal       |     on     |        on        |        
RUN-1001 :       merge_equiv       |     on     |        on        |        
RUN-1001 :        merge_mux        |    off     |       off        |        
RUN-1001 :     min_control_set     |     8      |        8         |        
RUN-1001 :      min_ripple_len     |    auto    |       auto       |        
RUN-1001 :       oh2bin_ratio      |    0.08    |       0.08       |        
RUN-1001 :     opt_adder_fanout    |     on     |        on        |        
RUN-1001 :        opt_arith        |     on     |        on        |        
RUN-1001 :       opt_big_gate      |    off     |       off        |        
RUN-1001 :        opt_const        |     on     |        on        |        
RUN-1001 :      opt_const_mult     |     on     |        on        |        
RUN-1001 :       opt_lessthan      |     on     |        on        |        
RUN-1001 :         opt_mux         |    off     |       off        |        
RUN-1001 :         opt_ram         |    high    |       high       |        
RUN-1001 :      rtl_sim_model      |    off     |       off        |        
RUN-1001 :         seq_syn         |     on     |        on        |        
RUN-1001 : --------------------------------------------------------------
SYN-1012 : SanityCheck: Model "sd_bmp_hdmi"
SYN-1012 : SanityCheck: Model "CW_TOP_WRAPPER"
SYN-1012 : SanityCheck: Model "cwc_top(BUS_NUM=7,BUS_DIN_NUM=24,BUS_CTRL_NUM=76,BUS_WIDTH='{32'sb01,32'sb01,32'sb01,32'sb01,32'sb01000,32'sb01000,32'sb0100},BUS_DIN_POS='{32'sb0,32'sb01,32'sb010,32'sb011,32'sb0100,32'sb01100,32'sb010100},BUS_CTRL_POS='{32'sb0,32'sb0110,32'sb01100,32'sb010010,32'sb011000,32'sb0101100,32'sb01000000})"
SYN-1012 : SanityCheck: Model "cwc_cfg_int(CTRL_REG_LEN=98)"
SYN-1012 : SanityCheck: Model "register(CTRL_REG_LEN=98)"
SYN-1012 : SanityCheck: Model "tap"
SYN-1012 : SanityCheck: Model "trigger(BUS_NUM=7,BUS_DIN_NUM=24,BUS_CTRL_NUM=76,BUS_WIDTH='{32'sb01,32'sb01,32'sb01,32'sb01,32'sb01000,32'sb01000,32'sb0100},BUS_DIN_POS='{32'sb0,32'sb01,32'sb010,32'sb011,32'sb0100,32'sb01100,32'sb010100},BUS_CTRL_POS='{32'sb0,32'sb0110,32'sb01100,32'sb010010,32'sb011000,32'sb0101100,32'sb01000000})"
SYN-1012 : SanityCheck: Model "bus_top(BUS_NODE_NUM=7,BUS_DIN_NUM=24,BUS_CTRL_NUM=76,BUS_WIDTH='{32'sb01,32'sb01,32'sb01,32'sb01,32'sb01000,32'sb01000,32'sb0100},BUS_DIN_POS='{32'sb0,32'sb01,32'sb010,32'sb011,32'sb0100,32'sb01100,32'sb010100},BUS_CTRL_POS='{32'sb0,32'sb0110,32'sb01100,32'sb010010,32'sb011000,32'sb0101100,32'sb01000000})"
SYN-1012 : SanityCheck: Model "bus_det(BUS_WIDTH=32'sb01)"
SYN-1012 : SanityCheck: Model "bus_det(BUS_WIDTH=32'sb01000)"
SYN-1012 : SanityCheck: Model "bus_det(BUS_WIDTH=32'sb0100)"
SYN-1012 : SanityCheck: Model "emb_ctrl"
SYN-1011 : Flatten model sd_bmp_hdmi
SYN-1032 : 6040/29 useful/useless nets, 4560/18 useful/useless insts
SYN-1016 : Merged 36 instances.
SYN-1032 : 5773/8 useful/useless nets, 4917/8 useful/useless insts
SYN-1014 : Optimize round 1
SYN-1032 : 5757/16 useful/useless nets, 4905/12 useful/useless insts
SYN-1021 : Optimized 3 onehot mux instances.
SYN-1020 : Optimized 1 distributor mux.
SYN-1019 : Optimized 3 mux instances.
SYN-1015 : Optimize round 1, 354 better
SYN-1014 : Optimize round 2
SYN-1032 : 5495/45 useful/useless nets, 4643/48 useful/useless insts
SYN-1015 : Optimize round 2, 96 better
SYN-1014 : Optimize round 1
SYN-1015 : Optimize round 1, 0 better
RUN-1002 : start command "optimize_gate -no_sch"
RUN-1001 : Open license file F:/ARMChina/license/Anlogic.lic
RUN-1001 : Print Global Property
RUN-1001 : ---------------------------------------------------------------
RUN-1001 :        Parameters        |  Settings  |  Default Values  |  Note  
RUN-1001 : ---------------------------------------------------------------
RUN-1001 :          message         |  standard  |     standard     |        
RUN-1001 :   mixed_pack_place_flow  |     on     |        on        |        
RUN-1001 :        qor_monitor       |    off     |       off        |        
RUN-1001 :        syn_ip_flow       |    off     |       off        |        
RUN-1001 :          thread          |    auto    |       auto       |        
RUN-1001 : ---------------------------------------------------------------
RUN-1001 : Print Gate Property
RUN-1001 : ------------------------------------------------------------------
RUN-1001 :          Parameters         |  Settings  |  Default Values  |  Note  
RUN-1001 : ------------------------------------------------------------------
RUN-1001 :         cascade_dsp         |    off     |       off        |        
RUN-1001 :         cascade_eram        |    off     |       off        |        
RUN-1001 :        gate_sim_model       |    off     |       off        |        
RUN-1001 :        map_sim_model        |    off     |       off        |        
RUN-1001 :         map_strategy        |     1      |        1         |        
RUN-1001 :           opt_area          |   medium   |      medium      |        
RUN-1001 :          opt_timing         |    auto    |       auto       |        
RUN-1001 :         pack_effort         |   medium   |      medium      |        
RUN-1001 :      pack_lslice_ripple     |     on     |        on        |        
RUN-1001 :   pack_lslice_ripple_ratio  |    0.5     |       0.5        |        
RUN-1001 :        pack_seq_in_io       |    auto    |       auto       |        
RUN-1001 :        ph1_mux_ratio        |    1.0     |       1.0        |        
RUN-1001 :            report           |  standard  |     standard     |        
RUN-1001 :           retiming          |    off     |       off        |        
RUN-1001 : ------------------------------------------------------------------
SYN-2001 : Map 12 IOs to PADs
RUN-1002 : start command "update_pll_param -module sd_bmp_hdmi"
SYN-2501 : Processed 0 LOGIC_BUF instances.
SYN-2512 : LOGIC BRAM "auto_chipwatcher_0_logicbram"
SYN-2571 : Optimize after map_dsp, round 1
SYN-2571 : Optimize after map_dsp, round 1, 0 better
SYN-1001 : Throwback 3 control mux instances
SYN-2501 : Optimize round 1
SYN-1016 : Merged 20 instances.
SYN-2501 : Optimize round 1, 42 better
SYN-2501 : Optimize round 2
SYN-2501 : Optimize round 2, 0 better
SYN-2501 : Map 16 macro adder
SYN-1019 : Optimized 13 mux instances.
SYN-1016 : Merged 11 instances.
SYN-1032 : 5903/2 useful/useless nets, 5056/1 useful/useless insts
RUN-1002 : start command "start_timer -prepack"
TMR-2505 : Start building timing graph for model sd_bmp_hdmi.
TMR-2506 : Build timing graph completely. Port num: 9, tpin num: 22339, tnet num: 5903, tinst num: 5055, tnode num: 28987, tedge num: 35706.
TMR-2508 : Levelizing timing graph completed, there are 51 levels in total.
TMR-2501 : Timing graph initialized successfully.
TMR-2503 : Start to update net delay, extr mode = 2.
TMR-2504 : Update delay of 5903 nets completely.
TMR-2502 : Annotate delay completely, extr mode = 2.
TMR-3001 : Initiate 0 clocks from SDC.
TMR-3004 : Map sdc constraints, there are 8 constraints in total.
TMR-3003 : Constraints initiated successfully.
TMR-3501 : Forward propagation: start to calculate arrival time...
TMR-3502 : Backward propagation: start to calculate required time...
TMR-3503 : Timing propagation completes.
SYN-3001 : Running gate level optimization.
SYN-2581 : Mapping with K=5, #lut = 186 (3.67), #lev = 6 (2.05)
SYN-2551 : Post LUT mapping optimization.
SYN-2581 : Mapping with K=5, #lut = 186 (3.67), #lev = 6 (2.05)
SYN-3001 : Logic optimization runtime opt =   0.02 sec, map =   0.00 sec
SYN-3001 : Mapper mapped 484 instances into 186 LUTs, name keeping = 75%.
SYN-1001 : Packing model "sd_bmp_hdmi" ...
SYN-4010 : Pack lib has 58 rtl pack models with 25 top pack blocks
SYN-1014 : Optimize round 1
SYN-1015 : Optimize round 1, 0 better
SYN-4002 : Packing 319 DFF/LATCH to SEQ ...
SYN-4009 : Pack 7 carry chain into lslice
SYN-4007 : Packing 104 adder to BLE ...
SYN-4008 : Packed 104 adder and 0 SEQ to BLE.
SYN-4007 : Packing 0 gate4 to BLE ...
SYN-4008 : Packed 0 gate4 and 0 SEQ to BLE.
SYN-4012 : Packed 0 FxMUX
RUN-1003 : finish command "optimize_gate -no_sch" in  1.211147s wall, 0.875000s user + 0.031250s system = 0.906250s CPU (74.8%)

RUN-1004 : used memory is 185 MB, reserved memory is 151 MB, peak memory is 220 MB
RUN-1002 : start command "legalize_phy_inst"
SYN-1011 : Flatten model sd_bmp_hdmi
KIT-1004 : Compile Chipwatcher: Clear obsolete physical data.
RUN-1003 : finish command "compile_watcher" in  2.135207s wall, 1.468750s user + 0.093750s system = 1.562500s CPU (73.2%)

RUN-1004 : used memory is 185 MB, reserved memory is 152 MB, peak memory is 220 MB
RUN-1002 : start command "place"
RUN-1001 : Open license file F:/ARMChina/license/Anlogic.lic
RUN-1001 : Print Global Property
RUN-1001 : ---------------------------------------------------------------
RUN-1001 :        Parameters        |  Settings  |  Default Values  |  Note  
RUN-1001 : ---------------------------------------------------------------
RUN-1001 :          message         |  standard  |     standard     |        
RUN-1001 :   mixed_pack_place_flow  |     on     |        on        |        
RUN-1001 :        qor_monitor       |    off     |       off        |        
RUN-1001 :        syn_ip_flow       |    off     |       off        |        
RUN-1001 :          thread          |    auto    |       auto       |        
RUN-1001 : ---------------------------------------------------------------
RUN-1001 : Print Place Property
RUN-1001 : --------------------------------------------------------------
RUN-1001 :        Parameters       |  Settings  |  Default Values  |  Note  
RUN-1001 : --------------------------------------------------------------
RUN-1001 :      detailed_place     |     on     |        on        |        
RUN-1001 :          effort         |   medium   |      medium      |        
RUN-1001 :         fix_hold        |    off     |       off        |        
RUN-1001 :       legalization      |    ori     |       ori        |        
RUN-1001 :      new_spreading      |     on     |        on        |        
RUN-1001 :        opt_timing       |   medium   |      medium      |        
RUN-1001 :   post_clock_route_opt  |    off     |       off        |        
RUN-1001 :       pr_strategy       |     1      |        1         |        
RUN-1001 :        relaxation       |    1.00    |       1.00       |        
RUN-1001 :         retiming        |    off     |       off        |        
RUN-1001 : --------------------------------------------------------------
PHY-3001 : Placer runs in 16 thread(s).
RUN-1002 : start command "legalize_phy_inst"
SYN-1011 : Flatten model sd_bmp_hdmi
RUN-1002 : start command "phys_opt -simplify_lut"
SYN-4016 : Net u_ddr3_top/u_sdram_fifo_ctrl/clk_ref driven by BUFG (271 clock/control pins, 1 other pins).
SYN-4016 : Net u_clk_wiz_1/clk0_out driven by BUFG (58 clock/control pins, 1 other pins).
SYN-4016 : Net config_inst_syn_10 driven by BUFG (213 clock/control pins, 0 other pins).
SYN-4027 : Net u_ddr3_top/clk_sdram is clkc1 of pll u_clk_wiz_0/pll_inst.
SYN-4027 : Net u_ddr3_top/u_sdram_fifo_ctrl/wrfifo/clkw is clkc3 of pll u_clk_wiz_0/pll_inst.
SYN-4027 : Net u_sd_ctrl_top/u_sd_read/clk_ref_180deg is clkc4 of pll u_clk_wiz_0/pll_inst.
SYN-4019 : Net sys_clk_dup_1 is refclk of pll u_clk_wiz_0/pll_inst.
SYN-4020 : Net sys_clk_dup_1 is fbclk of pll u_clk_wiz_0/pll_inst.
SYN-4027 : Net u_ddr3_top/u_sdram_fifo_ctrl/rdfifo/clkr is clkc1 of pll u_clk_wiz_1/pll_inst.
SYN-4019 : Net sys_clk_dup_1 is refclk of pll u_clk_wiz_1/pll_inst.
SYN-4020 : Net sys_clk_dup_1 is fbclk of pll u_clk_wiz_1/pll_inst.
SYN-4024 : Net "u_sd_ctrl_top/u_sd_init/div_clk" drives clk pins.
SYN-4025 : Tag rtl::Net config_inst_syn_10 as clock net
SYN-4025 : Tag rtl::Net sys_clk_dup_1 as clock net
SYN-4025 : Tag rtl::Net u_clk_wiz_1/clk0_out as clock net
SYN-4025 : Tag rtl::Net u_ddr3_top/clk_sdram as clock net
SYN-4025 : Tag rtl::Net u_ddr3_top/u_sdram_fifo_ctrl/clk_ref as clock net
SYN-4025 : Tag rtl::Net u_ddr3_top/u_sdram_fifo_ctrl/rdfifo/clkr as clock net
SYN-4025 : Tag rtl::Net u_ddr3_top/u_sdram_fifo_ctrl/wrfifo/clkw as clock net
SYN-4025 : Tag rtl::Net u_sd_ctrl_top/u_sd_init/div_clk as clock net
SYN-4025 : Tag rtl::Net u_sd_ctrl_top/u_sd_read/clk_ref_180deg as clock net
SYN-4026 : Tagged 9 rtl::Net as clock net
SYN-4015 : Create BUFG instance for clk Net u_sd_ctrl_top/u_sd_init/div_clk to drive 101 clock pins.
PHY-1001 : Populate physical database on model sd_bmp_hdmi.
RUN-1001 : There are total 4463 instances
RUN-0007 : 1838 luts, 1956 seqs, 373 mslices, 202 lslices, 71 pads, 12 brams, 2 dsps
RUN-1001 : There are total 5310 nets
RUN-1001 : 3520 nets have 2 pins
RUN-1001 : 1371 nets have [3 - 5] pins
RUN-1001 : 286 nets have [6 - 10] pins
RUN-1001 : 77 nets have [11 - 20] pins
RUN-1001 : 37 nets have [21 - 99] pins
RUN-1001 : 19 nets have 100+ pins
RUN-1001 : Report Control nets information:
RUN-1001 : DFF Distribution
RUN-1001 : ----------------------------------
RUN-1001 :   CE   |  SSR  |  ASR  |  DFF Count  
RUN-1001 : ----------------------------------
RUN-1001 :   No   |  No   |  No   |     123     
RUN-1001 :   No   |  No   |  Yes  |     792     
RUN-1001 :   No   |  Yes  |  No   |     64      
RUN-1001 :   Yes  |  No   |  No   |     204     
RUN-1001 :   Yes  |  No   |  Yes  |     773     
RUN-1001 :   Yes  |  Yes  |  No   |      0      
RUN-1001 : ----------------------------------
RUN-0007 : Control Group Statistic
RUN-0007 : ---------------------------
RUN-0007 :   #CLK  |  #CE  |  #SSR/ASR  
RUN-0007 : ---------------------------
RUN-0007 :    9    |  26   |     14     
RUN-0007 : ---------------------------
RUN-0007 : Control Set = 48
PHY-3001 : Initial placement ...
PHY-3001 : design contains 4461 instances, 1838 luts, 1956 seqs, 575 slices, 104 macros(575 instances: 373 mslices 202 lslices)
PHY-0007 : Cell area utilization is 15%
PHY-3001 : Start timing update ...
RUN-1002 : start command "start_timer -report"
TMR-2505 : Start building timing graph for model sd_bmp_hdmi.
TMR-2506 : Build timing graph completely. Port num: 9, tpin num: 21039, tnet num: 5308, tinst num: 4461, tnode num: 27686, tedge num: 34507.
TMR-2508 : Levelizing timing graph completed, there are 41 levels in total.
TMR-2501 : Timing graph initialized successfully.
TMR-2503 : Start to update net delay, extr mode = 2.
TMR-2504 : Update delay of 5308 nets completely.
TMR-2502 : Annotate delay completely, extr mode = 2.
TMR-3001 : Initiate 0 clocks from SDC.
TMR-3004 : Map sdc constraints, there are 8 constraints in total.
TMR-3003 : Constraints initiated successfully.
TMR-3501 : Forward propagation: start to calculate arrival time...
TMR-3502 : Backward propagation: start to calculate required time...
TMR-3503 : Timing propagation completes.
PHY-3001 : End timing update;  0.615775s wall, 0.500000s user + 0.000000s system = 0.500000s CPU (81.2%)

PHY-3001 : Global placement ...
PHY-3001 : Initial: Len = 1.12871e+06
PHY-3001 : Clustering ...
PHY-3001 : Level 0 #clusters 4461.
PHY-3001 : End clustering;  0.000047s wall, 0.000000s user + 0.000000s system = 0.000000s CPU (n/a%)

PHY-3001 : Run with size of 4
PHY-3001 : Cell area utilization is 15%
PHY-3001 : :::0::: Try harder cell spreading with beta_ = 0
PHY-3002 : Step(1): len = 757590, overlap = 36
PHY-3002 : Step(2): len = 609625, overlap = 36
PHY-3002 : Step(3): len = 381591, overlap = 29.4062
PHY-3002 : Step(4): len = 356518, overlap = 33.2812
PHY-3002 : Step(5): len = 283196, overlap = 33.7188
PHY-3002 : Step(6): len = 258694, overlap = 30.2188
PHY-3002 : Step(7): len = 230785, overlap = 35.3125
PHY-3002 : Step(8): len = 214115, overlap = 33.8438
PHY-3002 : Step(9): len = 190749, overlap = 35.6562
PHY-3002 : Step(10): len = 171450, overlap = 32.5312
PHY-3002 : Step(11): len = 159228, overlap = 36.8438
PHY-3002 : Step(12): len = 150130, overlap = 36.625
PHY-3002 : Step(13): len = 140787, overlap = 35
PHY-3002 : Step(14): len = 135413, overlap = 34.4062
PHY-3002 : Step(15): len = 128541, overlap = 35.7812
PHY-3001 : :::1::: Try harder cell spreading with beta_ = 0.000171256
PHY-3002 : Step(16): len = 137593, overlap = 33.7812
PHY-3002 : Step(17): len = 138967, overlap = 35.9375
PHY-3002 : Step(18): len = 135440, overlap = 25.1562
PHY-3002 : Step(19): len = 135063, overlap = 25.2188
PHY-3002 : Step(20): len = 126240, overlap = 30.5
PHY-3002 : Step(21): len = 126188, overlap = 30.5938
PHY-3002 : Step(22): len = 126622, overlap = 30.6562
PHY-3002 : Step(23): len = 125488, overlap = 27.375
PHY-3002 : Step(24): len = 125303, overlap = 27.125
PHY-3001 : :::2::: Try harder cell spreading with beta_ = 0.000342513
PHY-3002 : Step(25): len = 125461, overlap = 27.375
PHY-3002 : Step(26): len = 125327, overlap = 27.5625
PHY-3002 : Step(27): len = 125171, overlap = 28.3438
PHY-3001 : :::3::: Try harder cell spreading with beta_ = 0.000685026
PHY-3002 : Step(28): len = 124884, overlap = 28.6562
PHY-3002 : Step(29): len = 124630, overlap = 28.75
PHY-3001 : Legalization ...
PHY-3001 : End legalization;  0.017888s wall, 0.000000s user + 0.000000s system = 0.000000s CPU (n/a%)

PHY-3001 : Run with size of 4
PHY-3001 : Cell area utilization is 19%
PHY-3001 : Update timing in Manhattan mode ...
TMR-2503 : Start to update net delay, extr mode = 3.
TMR-2504 : Update delay of 5308 nets completely.
TMR-2502 : Annotate delay completely, extr mode = 3.
TMR-3501 : Forward propagation: start to calculate arrival time...
TMR-3502 : Backward propagation: start to calculate required time...
TMR-3503 : Timing propagation completes.
PHY-3001 : End timing update;  0.104777s wall, 0.093750s user + 0.000000s system = 0.093750s CPU (89.5%)

PHY-3001 : :::0::: Try harder cell spreading with beta_ = 2.5205e-05
PHY-3002 : Step(30): len = 124970, overlap = 53.5625
PHY-3002 : Step(31): len = 125893, overlap = 51.8438
PHY-3002 : Step(32): len = 119187, overlap = 56.4688
PHY-3002 : Step(33): len = 118899, overlap = 56.3438
PHY-3002 : Step(34): len = 115566, overlap = 56.8438
PHY-3002 : Step(35): len = 115259, overlap = 57.2188
PHY-3002 : Step(36): len = 112849, overlap = 58.9688
PHY-3002 : Step(37): len = 112564, overlap = 62.0938
PHY-3002 : Step(38): len = 108540, overlap = 65.5625
PHY-3002 : Step(39): len = 107900, overlap = 67.8125
PHY-3002 : Step(40): len = 106768, overlap = 76.3125
PHY-3002 : Step(41): len = 107013, overlap = 77.3125
PHY-3002 : Step(42): len = 105991, overlap = 77.875
PHY-3002 : Step(43): len = 105441, overlap = 78.9688
PHY-3002 : Step(44): len = 104091, overlap = 80.9375
PHY-3002 : Step(45): len = 103863, overlap = 82.2188
PHY-3002 : Step(46): len = 101110, overlap = 84.4688
PHY-3002 : Step(47): len = 100842, overlap = 88.3438
PHY-3002 : Step(48): len = 99574, overlap = 88.8125
PHY-3002 : Step(49): len = 99483.9, overlap = 86.1562
PHY-3002 : Step(50): len = 98704.9, overlap = 80.7188
PHY-3002 : Step(51): len = 98774.5, overlap = 80.9375
PHY-3002 : Step(52): len = 97743.1, overlap = 80.2188
PHY-3002 : Step(53): len = 97598.8, overlap = 81.5
PHY-3002 : Step(54): len = 97174.5, overlap = 81.125
PHY-3001 : :::1::: Try harder cell spreading with beta_ = 5.04099e-05
PHY-3002 : Step(55): len = 97105.1, overlap = 81.8125
PHY-3002 : Step(56): len = 97144.8, overlap = 82.1875
PHY-3002 : Step(57): len = 97196.1, overlap = 81.8125
PHY-3001 : :::2::: Try harder cell spreading with beta_ = 0.00010082
PHY-3002 : Step(58): len = 100178, overlap = 73
PHY-3002 : Step(59): len = 100559, overlap = 74.75
PHY-3002 : Step(60): len = 102314, overlap = 72.0938
PHY-3002 : Step(61): len = 102523, overlap = 72
PHY-3002 : Step(62): len = 102713, overlap = 70.2812
PHY-3001 : Run with size of 2
PHY-3001 : Cell area utilization is 19%
PHY-3001 : Update timing in Manhattan mode ...
TMR-2503 : Start to update net delay, extr mode = 3.
TMR-2504 : Update delay of 5308 nets completely.
TMR-2502 : Annotate delay completely, extr mode = 3.
TMR-3501 : Forward propagation: start to calculate arrival time...
TMR-3502 : Backward propagation: start to calculate required time...
TMR-3503 : Timing propagation completes.
PHY-3001 : End timing update;  0.117319s wall, 0.062500s user + 0.000000s system = 0.062500s CPU (53.3%)

PHY-3001 : :::0::: Try harder cell spreading with beta_ = 2.26177e-05
PHY-3002 : Step(63): len = 101899, overlap = 193.219
PHY-3002 : Step(64): len = 101988, overlap = 186.844
PHY-3002 : Step(65): len = 104198, overlap = 172.156
PHY-3002 : Step(66): len = 103090, overlap = 167.25
PHY-3002 : Step(67): len = 102888, overlap = 164.438
PHY-3002 : Step(68): len = 102888, overlap = 164.438
PHY-3001 : :::1::: Try harder cell spreading with beta_ = 4.52355e-05
PHY-3002 : Step(69): len = 104070, overlap = 163.281
PHY-3002 : Step(70): len = 104281, overlap = 161.375
PHY-3002 : Step(71): len = 108658, overlap = 135.344
PHY-3002 : Step(72): len = 109407, overlap = 134.938
PHY-3002 : Step(73): len = 109457, overlap = 114.188
PHY-3002 : Step(74): len = 109558, overlap = 113.719
PHY-3002 : Step(75): len = 108163, overlap = 115.344
PHY-3002 : Step(76): len = 107970, overlap = 115.531
PHY-3002 : Step(77): len = 106442, overlap = 112.656
PHY-3001 : :::2::: Try harder cell spreading with beta_ = 9.04709e-05
PHY-3002 : Step(78): len = 106576, overlap = 111.656
PHY-3002 : Step(79): len = 106774, overlap = 109.25
PHY-3002 : Step(80): len = 106774, overlap = 109.25
PHY-3001 : :::3::: Try harder cell spreading with beta_ = 0.000180942
PHY-3002 : Step(81): len = 109493, overlap = 99.5625
PHY-3002 : Step(82): len = 109914, overlap = 98.8125
PHY-3002 : Step(83): len = 111134, overlap = 98.5312
PHY-3001 : :::4::: Try harder cell spreading with beta_ = 0.000361884
PHY-3002 : Step(84): len = 111966, overlap = 94.0938
PHY-3002 : Step(85): len = 112333, overlap = 92
PHY-3002 : Step(86): len = 112643, overlap = 90.8125
PHY-3001 : :::5::: Try harder cell spreading with beta_ = 0.000723767
PHY-3002 : Step(87): len = 113771, overlap = 88.0938
PHY-3002 : Step(88): len = 114178, overlap = 86.4688
PHY-3002 : Step(89): len = 114441, overlap = 86.1875
PHY-3001 : :::6::: Try harder cell spreading with beta_ = 0.00144753
PHY-3002 : Step(90): len = 114417, overlap = 83.9375
PHY-3002 : Step(91): len = 114393, overlap = 82.5312
PHY-3001 : :::7::: Try harder cell spreading with beta_ = 0.00264805
PHY-3002 : Step(92): len = 115062, overlap = 79.0625
PHY-3002 : Step(93): len = 115378, overlap = 75.7188
PHY-3001 : :::8::: Try harder cell spreading with beta_ = 0.00521763
PHY-3002 : Step(94): len = 115549, overlap = 76.6875
PHY-3002 : Step(95): len = 115600, overlap = 75
PHY-3001 : :::9::: Try harder cell spreading with beta_ = 0.00935018
PHY-3002 : Step(96): len = 115729, overlap = 73.4062
PHY-3002 : Step(97): len = 115753, overlap = 73.7812
PHY-3001 : :::10::: Try harder cell spreading with beta_ = 0.0180064
PHY-3002 : Step(98): len = 115883, overlap = 74.125
PHY-3002 : Step(99): len = 116014, overlap = 75.1875
PHY-3001 : :::11::: Try harder cell spreading with beta_ = 0.0360127
PHY-3002 : Step(100): len = 115894, overlap = 74.75
PHY-3002 : Step(101): len = 115894, overlap = 74.75
OPT-1001 : Start physical optimization ...
RUN-1002 : start command "start_timer -report"
TMR-2505 : Start building timing graph for model sd_bmp_hdmi.
TMR-2506 : Build timing graph completely. Port num: 9, tpin num: 21039, tnet num: 5308, tinst num: 4461, tnode num: 27686, tedge num: 34507.
TMR-2508 : Levelizing timing graph completed, there are 41 levels in total.
TMR-2501 : Timing graph initialized successfully.
OPT-1001 : Total overflow 269.56 peak overflow 4.69
OPT-1001 : Start high-fanout net optimization ...
OPT-1001 : Update timing in global mode
PHY-1001 : Start incremental global routing, caller is place ...
RUN-1001 : Generating global routing grids ...
RUN-1001 : Building simple global routing graph ...
PHY-1001 : Generate routing nets ...
PHY-1001 : Reuse net number 0/5310.
PHY-1001 : Global iterations in 16 thread ...
PHY-1002 : len = 128944, over cnt = 612(1%), over = 2201, worst = 23
PHY-1001 : End global iterations;  0.228815s wall, 0.109375s user + 0.015625s system = 0.125000s CPU (54.6%)

PHY-1001 : Congestion index: top1 = 43.10, top5 = 32.71, top10 = 26.86, top15 = 22.67.
PHY-1001 : End incremental global routing;  0.315775s wall, 0.171875s user + 0.015625s system = 0.187500s CPU (59.4%)

TMR-2503 : Start to update net delay, extr mode = 5.
TMR-2504 : Update delay of 5308 nets completely.
TMR-2502 : Annotate delay completely, extr mode = 5.
TMR-3001 : Initiate 0 clocks from SDC.
TMR-3004 : Map sdc constraints, there are 8 constraints in total.
TMR-3003 : Constraints initiated successfully.
TMR-3501 : Forward propagation: start to calculate arrival time...
TMR-3502 : Backward propagation: start to calculate required time...
TMR-3503 : Timing propagation completes.
OPT-1001 : End timing update;  0.125770s wall, 0.109375s user + 0.000000s system = 0.109375s CPU (87.0%)

OPT-1001 : 0 high-fanout net processed.
OPT-1001 : End high-fanout net optimization;  0.521700s wall, 0.359375s user + 0.015625s system = 0.375000s CPU (71.9%)

OPT-1001 : Current memory(MB): used = 271, reserve = 235, peak = 271.
OPT-1001 : Start global optimization ...
OPT-1001 : Start congestion update ...
RUN-1001 : Generating global routing grids ...
PHY-1001 : Generate routing nets ...
PHY-1001 : Reuse net number 3808/5310.
PHY-1001 : Global iterations in 16 thread ...
PHY-1002 : len = 128944, over cnt = 612(1%), over = 2201, worst = 23
PHY-1002 : len = 142360, over cnt = 393(1%), over = 927, worst = 12
PHY-1002 : len = 150448, over cnt = 129(0%), over = 266, worst = 10
PHY-1002 : len = 153200, over cnt = 23(0%), over = 50, worst = 8
PHY-1002 : len = 154128, over cnt = 0(0%), over = 0, worst = 0
PHY-1001 : End global iterations;  0.268884s wall, 0.109375s user + 0.000000s system = 0.109375s CPU (40.7%)

PHY-1001 : Congestion index: top1 = 39.14, top5 = 31.48, top10 = 26.92, top15 = 23.63.
OPT-1001 : End congestion update;  0.350629s wall, 0.187500s user + 0.000000s system = 0.187500s CPU (53.5%)

OPT-1001 : Update timing in Manhattan mode
TMR-2503 : Start to update net delay, extr mode = 3.
TMR-2504 : Update delay of 5308 nets completely.
TMR-2502 : Annotate delay completely, extr mode = 3.
TMR-3501 : Forward propagation: start to calculate arrival time...
TMR-3502 : Backward propagation: start to calculate required time...
TMR-3503 : Timing propagation completes.
OPT-1001 : End timing update;  0.097770s wall, 0.109375s user + 0.000000s system = 0.109375s CPU (111.9%)

OPT-0007 : Start: WNS 999170 TNS 0 NUM_FEPS 0
OPT-1001 : End global optimization;  0.448589s wall, 0.296875s user + 0.000000s system = 0.296875s CPU (66.2%)

OPT-1001 : Current memory(MB): used = 274, reserve = 239, peak = 274.
OPT-1001 : End physical optimization;  1.574320s wall, 1.000000s user + 0.046875s system = 1.046875s CPU (66.5%)

PHY-3001 : Start packing ...
SYN-4007 : Packing 0 MUX to BLE ...
SYN-4008 : Packed 0 MUX and 0 SEQ to BLE.
SYN-4007 : Packing 1838 LUT to BLE ...
SYN-4008 : Packed 1838 LUT and 1115 SEQ to BLE.
SYN-4003 : Packing 841 remaining SEQ's ...
SYN-4005 : Packed 425 SEQ with LUT/SLICE
SYN-4006 : 382 single LUT's are left
SYN-4006 : 416 single SEQ's are left
SYN-4011 : Packing model "sd_bmp_hdmi" (AL_USER_NORMAL) with 2254/3083 primitive instances ...
PHY-3001 : End packing;  0.169407s wall, 0.062500s user + 0.000000s system = 0.062500s CPU (36.9%)

PHY-1001 : Populate physical database on model sd_bmp_hdmi.
RUN-1001 : There are total 1868 instances
RUN-1001 : 887 mslices, 887 lslices, 71 pads, 12 brams, 2 dsps
RUN-1001 : There are total 4319 nets
RUN-1001 : 2604 nets have 2 pins
RUN-1001 : 1276 nets have [3 - 5] pins
RUN-1001 : 314 nets have [6 - 10] pins
RUN-1001 : 71 nets have [11 - 20] pins
RUN-1001 : 40 nets have [21 - 99] pins
RUN-1001 : 14 nets have 100+ pins
PHY-3001 : design contains 1866 instances, 1774 slices, 104 macros(575 instances: 373 mslices 202 lslices)
PHY-3001 : Cell area utilization is 22%
PHY-3001 : After packing: Len = 115873, Over = 114
PHY-3001 : Run with size of 2
PHY-3001 : Cell area utilization is 22%
PHY-3001 : Update timing in Manhattan mode ...
RUN-1002 : start command "start_timer -report"
TMR-2505 : Start building timing graph for model sd_bmp_hdmi.
TMR-2506 : Build timing graph completely. Port num: 9, tpin num: 17130, tnet num: 4317, tinst num: 1866, tnode num: 21797, tedge num: 29851.
TMR-2508 : Levelizing timing graph completed, there are 39 levels in total.
TMR-2501 : Timing graph initialized successfully.
TMR-2503 : Start to update net delay, extr mode = 3.
TMR-2504 : Update delay of 4317 nets completely.
TMR-2502 : Annotate delay completely, extr mode = 3.
TMR-3001 : Initiate 0 clocks from SDC.
TMR-3004 : Map sdc constraints, there are 8 constraints in total.
TMR-3003 : Constraints initiated successfully.
TMR-3501 : Forward propagation: start to calculate arrival time...
TMR-3502 : Backward propagation: start to calculate required time...
TMR-3503 : Timing propagation completes.
PHY-3001 : End timing update;  0.682912s wall, 0.421875s user + 0.000000s system = 0.421875s CPU (61.8%)

PHY-3001 : :::0::: Try harder cell spreading with beta_ = 1.99197e-05
PHY-3002 : Step(102): len = 113734, overlap = 117.75
PHY-3002 : Step(103): len = 112682, overlap = 118.5
PHY-3002 : Step(104): len = 111119, overlap = 125
PHY-3002 : Step(105): len = 109263, overlap = 131.5
PHY-3002 : Step(106): len = 108540, overlap = 131.25
PHY-3002 : Step(107): len = 108280, overlap = 131.25
PHY-3001 : :::1::: Try harder cell spreading with beta_ = 3.98393e-05
PHY-3002 : Step(108): len = 109328, overlap = 128
PHY-3002 : Step(109): len = 110025, overlap = 124.5
PHY-3002 : Step(110): len = 111992, overlap = 117.75
PHY-3001 : :::2::: Try harder cell spreading with beta_ = 7.96787e-05
PHY-3002 : Step(111): len = 113826, overlap = 110.5
PHY-3002 : Step(112): len = 114822, overlap = 107.75
PHY-3002 : Step(113): len = 117882, overlap = 100.5
PHY-3002 : Step(114): len = 118857, overlap = 98.75
PHY-3002 : Step(115): len = 119133, overlap = 94.5
PHY-3001 : Legalization ...
PHY-3001 : End legalization;  0.568830s wall, 0.062500s user + 0.171875s system = 0.234375s CPU (41.2%)

PHY-3001 : Trial Legalized: Len = 147914
PHY-3001 : Run with size of 2
PHY-3001 : Cell area utilization is 22%
PHY-3001 : Update timing in Manhattan mode ...
TMR-2503 : Start to update net delay, extr mode = 3.
TMR-2504 : Update delay of 4317 nets completely.
TMR-2502 : Annotate delay completely, extr mode = 3.
TMR-3501 : Forward propagation: start to calculate arrival time...
TMR-3502 : Backward propagation: start to calculate required time...
TMR-3503 : Timing propagation completes.
PHY-3001 : End timing update;  0.092106s wall, 0.062500s user + 0.000000s system = 0.062500s CPU (67.9%)

PHY-3001 : :::0::: Try harder cell spreading with beta_ = 0.0002432
PHY-3002 : Step(116): len = 137889, overlap = 8.5
PHY-3002 : Step(117): len = 129763, overlap = 27.25
PHY-3002 : Step(118): len = 126796, overlap = 34.25
PHY-3002 : Step(119): len = 125455, overlap = 38.75
PHY-3002 : Step(120): len = 124431, overlap = 42.25
PHY-3002 : Step(121): len = 123778, overlap = 42.5
PHY-3002 : Step(122): len = 123542, overlap = 42.75
PHY-3001 : :::1::: Try harder cell spreading with beta_ = 0.0004864
PHY-3002 : Step(123): len = 124540, overlap = 40.5
PHY-3002 : Step(124): len = 125061, overlap = 40
PHY-3002 : Step(125): len = 125135, overlap = 38.75
PHY-3001 : :::2::: Try harder cell spreading with beta_ = 0.0009728
PHY-3002 : Step(126): len = 125536, overlap = 36.75
PHY-3002 : Step(127): len = 125648, overlap = 36
PHY-3001 : Legalization ...
PHY-3001 : End legalization;  0.006659s wall, 0.000000s user + 0.000000s system = 0.000000s CPU (n/a%)

PHY-3001 : Legalized: Len = 138385, Over = 0
PHY-3001 : Spreading special nets. 47 overflows in 2952 tiles.
PHY-3001 : End spreading;  0.018429s wall, 0.000000s user + 0.000000s system = 0.000000s CPU (n/a%)

PHY-3001 : 68 instances has been re-located, deltaX = 29, deltaY = 41, maxDist = 2.
PHY-3001 : Final: Len = 140407, Over = 0
PHY-3001 : BANK 6 DIFFRESISTOR:NONE VOD:350M VCM:1.2
OPT-1001 : Start physical optimization ...
RUN-1002 : start command "start_timer -report"
TMR-2505 : Start building timing graph for model sd_bmp_hdmi.
TMR-2506 : Build timing graph completely. Port num: 9, tpin num: 17130, tnet num: 4317, tinst num: 1867, tnode num: 21797, tedge num: 29851.
TMR-2508 : Levelizing timing graph completed, there are 39 levels in total.
TMR-2501 : Timing graph initialized successfully.
OPT-1001 : Total overflow 0.00 peak overflow 0.00
OPT-1001 : Start high-fanout net optimization ...
OPT-1001 : Update timing in global mode
PHY-1001 : Start incremental global routing, caller is place ...
RUN-1001 : Generating global routing grids ...
PHY-1001 : Generate routing nets ...
PHY-1001 : Reuse net number 169/4319.
PHY-1001 : Global iterations in 16 thread ...
PHY-1002 : len = 161440, over cnt = 409(1%), over = 697, worst = 8
PHY-1002 : len = 163552, over cnt = 228(0%), over = 358, worst = 7
PHY-1002 : len = 166776, over cnt = 80(0%), over = 121, worst = 5
PHY-1002 : len = 168152, over cnt = 11(0%), over = 12, worst = 2
PHY-1002 : len = 168352, over cnt = 0(0%), over = 0, worst = 0
PHY-1001 : End global iterations;  0.399520s wall, 0.234375s user + 0.000000s system = 0.234375s CPU (58.7%)

PHY-1001 : Congestion index: top1 = 31.72, top5 = 26.66, top10 = 23.53, top15 = 21.30.
PHY-1001 : End incremental global routing;  0.505700s wall, 0.312500s user + 0.000000s system = 0.312500s CPU (61.8%)

TMR-2503 : Start to update net delay, extr mode = 5.
TMR-2504 : Update delay of 4317 nets completely.
TMR-2502 : Annotate delay completely, extr mode = 5.
TMR-3001 : Initiate 0 clocks from SDC.
TMR-3004 : Map sdc constraints, there are 8 constraints in total.
TMR-3003 : Constraints initiated successfully.
TMR-3501 : Forward propagation: start to calculate arrival time...
TMR-3502 : Backward propagation: start to calculate required time...
TMR-3503 : Timing propagation completes.
OPT-1001 : End timing update;  0.114136s wall, 0.078125s user + 0.000000s system = 0.078125s CPU (68.4%)

OPT-1001 : 0 high-fanout net processed.
OPT-1001 : End high-fanout net optimization;  0.709359s wall, 0.437500s user + 0.000000s system = 0.437500s CPU (61.7%)

OPT-1001 : Current memory(MB): used = 279, reserve = 245, peak = 279.
OPT-1001 : Start path based optimization ...
OPT-1001 : Start congestion update ...
RUN-1001 : Generating global routing grids ...
PHY-1001 : Generate routing nets ...
PHY-1001 : Reuse net number 3739/4319.
PHY-1001 : Global iterations in 16 thread ...
PHY-1002 : len = 168352, over cnt = 0(0%), over = 0, worst = 0
PHY-1001 : End global iterations;  0.022172s wall, 0.000000s user + 0.000000s system = 0.000000s CPU (n/a%)

PHY-1001 : Congestion index: top1 = 31.72, top5 = 26.66, top10 = 23.53, top15 = 21.30.
OPT-1001 : End congestion update;  0.117666s wall, 0.093750s user + 0.000000s system = 0.093750s CPU (79.7%)

OPT-1001 : Update timing in Manhattan mode
TMR-2503 : Start to update net delay, extr mode = 3.
TMR-2504 : Update delay of 4317 nets completely.
TMR-2502 : Annotate delay completely, extr mode = 3.
TMR-3501 : Forward propagation: start to calculate arrival time...
TMR-3502 : Backward propagation: start to calculate required time...
TMR-3503 : Timing propagation completes.
OPT-1001 : End timing update;  0.087120s wall, 0.078125s user + 0.000000s system = 0.078125s CPU (89.7%)

OPT-0007 : Start: WNS 998995 TNS 0 NUM_FEPS 0
OPT-1001 : End path based optimization;  0.204968s wall, 0.171875s user + 0.000000s system = 0.171875s CPU (83.9%)

OPT-1001 : Current memory(MB): used = 281, reserve = 247, peak = 281.
OPT-1001 : Update timing in Manhattan mode
TMR-2503 : Start to update net delay, extr mode = 3.
TMR-2504 : Update delay of 4317 nets completely.
TMR-2502 : Annotate delay completely, extr mode = 3.
TMR-3501 : Forward propagation: start to calculate arrival time...
TMR-3502 : Backward propagation: start to calculate required time...
TMR-3503 : Timing propagation completes.
OPT-1001 : End timing update;  0.090793s wall, 0.093750s user + 0.000000s system = 0.093750s CPU (103.3%)

OPT-1001 : Start pin optimization...
OPT-1001 : skip pin optimization...
RUN-1001 : Generating global routing grids ...
PHY-1001 : Generate routing nets ...
PHY-1001 : Reuse net number 3739/4319.
PHY-1001 : Global iterations in 16 thread ...
PHY-1002 : len = 168352, over cnt = 0(0%), over = 0, worst = 0
PHY-1001 : End global iterations;  0.017812s wall, 0.015625s user + 0.000000s system = 0.015625s CPU (87.7%)

PHY-1001 : Congestion index: top1 = 31.72, top5 = 26.66, top10 = 23.53, top15 = 21.30.
OPT-1001 : Update timing in Manhattan mode
TMR-2503 : Start to update net delay, extr mode = 3.
TMR-2504 : Update delay of 4317 nets completely.
TMR-2502 : Annotate delay completely, extr mode = 3.
TMR-3501 : Forward propagation: start to calculate arrival time...
TMR-3502 : Backward propagation: start to calculate required time...
TMR-3503 : Timing propagation completes.
OPT-1001 : End timing update;  0.085943s wall, 0.109375s user + 0.000000s system = 0.109375s CPU (127.3%)

RUN-1001 : QoR Analysis:
OPT-0007 :   WNS 998995 TNS 0 NUM_FEPS 0
RUN-1001 :   No local congestion issue, and most congested 1% tile average routing util is 31.310345
RUN-1001 :   Top critical paths
OPT-1001 : End physical optimization;  1.886932s wall, 1.468750s user + 0.000000s system = 1.468750s CPU (77.8%)

RUN-1003 : finish command "place" in  10.991464s wall, 6.109375s user + 1.531250s system = 7.640625s CPU (69.5%)

RUN-1004 : used memory is 266 MB, reserved memory is 231 MB, peak memory is 281 MB
RUN-1002 : start command "export_db SD-SDRAM-ISP-HDMI_place.db"
RUN-1001 : Exported /
RUN-1001 : Exported flow parameters
RUN-1001 : Exported libs
RUN-1001 : Exported entities
RUN-1001 : Exported ports
RUN-1001 : Exported pins
RUN-1001 : Exported instances
RUN-1001 : Exported nets
RUN-1001 : Exported buses
RUN-1001 : Exported models
RUN-1001 : Exported congestions
RUN-1001 : Exported violations
RUN-1001 : Exported timing constraints
RUN-1001 : Exported IO constraints
RUN-1001 : Exported Inst constraints
RUN-1001 : Exported ChipWatcher
RUN-1002 : start command "route"
RUN-1001 : Open license file F:/ARMChina/license/Anlogic.lic
RUN-1001 : Print Global Property
RUN-1001 : ---------------------------------------------------------------
RUN-1001 :        Parameters        |  Settings  |  Default Values  |  Note  
RUN-1001 : ---------------------------------------------------------------
RUN-1001 :          message         |  standard  |     standard     |        
RUN-1001 :   mixed_pack_place_flow  |     on     |        on        |        
RUN-1001 :        qor_monitor       |    off     |       off        |        
RUN-1001 :        syn_ip_flow       |    off     |       off        |        
RUN-1001 :          thread          |    auto    |       auto       |        
RUN-1001 : ---------------------------------------------------------------
RUN-1001 : Print Route Property
RUN-1001 : -------------------------------------------------------
RUN-1001 :    Parameters    |  Settings  |  Default Values  |  Note  
RUN-1001 : -------------------------------------------------------
RUN-1001 :      effort      |   medium   |      medium      |        
RUN-1001 :     fix_hold     |    off     |       off        |        
RUN-1001 :    opt_timing    |   medium   |      medium      |        
RUN-1001 :   phy_sim_model  |    off     |       off        |        
RUN-1001 :     priority     |   timing   |      timing      |        
RUN-1001 :     swap_pin     |     on     |        on        |        
RUN-1001 : -------------------------------------------------------
PHY-1001 : Route runs in 16 thread(s)
RUN-1001 : There are total 1869 instances
RUN-1001 : 887 mslices, 887 lslices, 71 pads, 12 brams, 2 dsps
RUN-1001 : There are total 4319 nets
RUN-1001 : 2604 nets have 2 pins
RUN-1001 : 1276 nets have [3 - 5] pins
RUN-1001 : 314 nets have [6 - 10] pins
RUN-1001 : 71 nets have [11 - 20] pins
RUN-1001 : 40 nets have [21 - 99] pins
RUN-1001 : 14 nets have 100+ pins
RUN-1002 : start command "start_timer -report"
TMR-2505 : Start building timing graph for model sd_bmp_hdmi.
TMR-2506 : Build timing graph completely. Port num: 9, tpin num: 17130, tnet num: 4317, tinst num: 1867, tnode num: 21797, tedge num: 29851.
TMR-2508 : Levelizing timing graph completed, there are 39 levels in total.
TMR-2501 : Timing graph initialized successfully.
PHY-1001 : 887 mslices, 887 lslices, 71 pads, 12 brams, 2 dsps
TMR-2503 : Start to update net delay, extr mode = 3.
TMR-2504 : Update delay of 4317 nets completely.
TMR-2502 : Annotate delay completely, extr mode = 3.
TMR-3001 : Initiate 0 clocks from SDC.
TMR-3004 : Map sdc constraints, there are 8 constraints in total.
TMR-3003 : Constraints initiated successfully.
TMR-3501 : Forward propagation: start to calculate arrival time...
TMR-3502 : Backward propagation: start to calculate required time...
TMR-3503 : Timing propagation completes.
PHY-1001 : Start global routing, caller is route ...
RUN-1001 : Generating global routing grids ...
PHY-1001 : Generate routing nets ...
PHY-1001 : Global iterations in 16 thread ...
PHY-1002 : len = 160720, over cnt = 404(1%), over = 692, worst = 8
PHY-1002 : len = 163240, over cnt = 261(0%), over = 392, worst = 5
PHY-1002 : len = 167224, over cnt = 61(0%), over = 84, worst = 3
PHY-1002 : len = 168240, over cnt = 0(0%), over = 0, worst = 0
PHY-1001 : End global iterations;  0.380458s wall, 0.203125s user + 0.031250s system = 0.234375s CPU (61.6%)

PHY-1001 : Congestion index: top1 = 31.92, top5 = 26.93, top10 = 23.63, top15 = 21.28.
PHY-1001 : End global routing;  0.479149s wall, 0.296875s user + 0.031250s system = 0.328125s CPU (68.5%)

PHY-1001 : Start detail routing ...
PHY-1001 : Current memory(MB): used = 314, reserve = 281, peak = 315.
PHY-1001 : Detailed router is running in normal mode.
PHY-1001 : Generate detailed routing grids ...
PHY-1001 : Generate nets ...
PHY-1001 : net sys_clk_dup_1 will be routed on clock mesh
PHY-1001 : clock net u_clk_wiz_1/clk0_out will be merged with clock u_clk_wiz_1/clk0_buf
PHY-1001 : net u_ddr3_top/clk_sdram will be routed on clock mesh
PHY-1001 : clock net u_ddr3_top/u_sdram_fifo_ctrl/clk_ref will be merged with clock u_clk_wiz_0/clk0_buf
PHY-1001 : net u_ddr3_top/u_sdram_fifo_ctrl/rdfifo/clkr will be routed on clock mesh
PHY-1001 : net u_ddr3_top/u_sdram_fifo_ctrl/wrfifo/clkw will be routed on clock mesh
PHY-1001 : clock net config_inst_syn_10 will be merged with clock config_inst_syn_9
PHY-1001 : clock net u_sd_ctrl_top/u_sd_init/div_clk_syn_4 will be merged with clock u_sd_ctrl_top/u_sd_init/div_clk
PHY-1001 : net u_sd_ctrl_top/u_sd_read/clk_ref_180deg will be routed on clock mesh
PHY-1001 : Current memory(MB): used = 567, reserve = 538, peak = 567.
PHY-1001 : End build detailed router design. 3.483401s wall, 2.796875s user + 0.031250s system = 2.828125s CPU (81.2%)

PHY-1001 : Detail Route ...
PHY-1001 : ===== Detail Route Phase 1 =====
PHY-1001 : Clock net routing.....
PHY-1001 : Routed 0% nets.
PHY-1022 : len = 56912, over cnt = 0(0%), over = 0, worst = 0, crit = 0
PHY-1001 : End initial clock net routed; 3.280537s wall, 2.640625s user + 0.000000s system = 2.640625s CPU (80.5%)

PHY-1001 : Current memory(MB): used = 599, reserve = 571, peak = 599.
PHY-1001 : End phase 1; 3.287081s wall, 2.640625s user + 0.000000s system = 2.640625s CPU (80.3%)

PHY-1001 : ===== Detail Route Phase 2 =====
PHY-1001 : Initial routing.....
PHY-1001 : Routed 38% nets.
PHY-1001 : Routed 44% nets.
PHY-1001 : Routed 54% nets.
PHY-1001 : Routed 68% nets.
PHY-1001 : Routed 88% nets.
PHY-1022 : len = 467544, over cnt = 92(0%), over = 92, worst = 1, crit = 0
PHY-1001 : Current memory(MB): used = 601, reserve = 572, peak = 601.
PHY-1001 : End initial routed; 5.258854s wall, 2.890625s user + 0.046875s system = 2.937500s CPU (55.9%)

PHY-1001 : Update timing.....
PHY-1001 : 0/3834(0%) critical/total net(s).
RUN-1001 : ------------------------------------------
RUN-1001 :   Type   |    WNS(ns)    |  TNS(ns)  |  FEP  
RUN-1001 : ------------------------------------------
RUN-1001 :   Setup  |    998.530    |   0.000   |   0   
RUN-1001 :   Hold   |  2147483.647  |   0.000   |   0   
RUN-1001 : ------------------------------------------
PHY-1001 : End update timing; 0.987156s wall, 0.718750s user + 0.000000s system = 0.718750s CPU (72.8%)

PHY-1001 : Current memory(MB): used = 606, reserve = 577, peak = 606.
PHY-1001 : End phase 2; 6.246237s wall, 3.609375s user + 0.046875s system = 3.656250s CPU (58.5%)

PHY-1001 : ===== Detail Route Phase 3 =====
PHY-1001 : Optimize timing.....
PHY-1022 : len = 467544, over cnt = 92(0%), over = 92, worst = 1, crit = 0
PHY-1001 : End optimize timing; 0.021257s wall, 0.015625s user + 0.000000s system = 0.015625s CPU (73.5%)

PHY-1001 : Ripup-reroute.....
PHY-1001 : ===== DR Iter 1 =====
PHY-1022 : len = 466880, over cnt = 20(0%), over = 20, worst = 1, crit = 0
PHY-1001 : End DR Iter 1; 0.081157s wall, 0.031250s user + 0.015625s system = 0.046875s CPU (57.8%)

PHY-1001 : ===== DR Iter 2 =====
PHY-1022 : len = 466936, over cnt = 4(0%), over = 4, worst = 1, crit = 0
PHY-1001 : End DR Iter 2; 0.050329s wall, 0.000000s user + 0.015625s system = 0.015625s CPU (31.0%)

PHY-1001 : ===== DR Iter 3 =====
PHY-1022 : len = 466984, over cnt = 0(0%), over = 0, worst = 0, crit = 0
PHY-1001 : End DR Iter 3; 0.043035s wall, 0.000000s user + 0.000000s system = 0.000000s CPU (n/a%)

PHY-1001 : Update timing.....
PHY-1001 : 0/3834(0%) critical/total net(s).
RUN-1001 : ------------------------------------------
RUN-1001 :   Type   |    WNS(ns)    |  TNS(ns)  |  FEP  
RUN-1001 : ------------------------------------------
RUN-1001 :   Setup  |    998.530    |   0.000   |   0   
RUN-1001 :   Hold   |  2147483.647  |   0.000   |   0   
RUN-1001 : ------------------------------------------
PHY-1001 : End update timing; 0.842021s wall, 0.562500s user + 0.000000s system = 0.562500s CPU (66.8%)

PHY-1001 : Commit to database.....
PHY-1001 : 16 feed throughs used by 15 nets
PHY-1001 : End commit to database; 0.492580s wall, 0.390625s user + 0.000000s system = 0.390625s CPU (79.3%)

PHY-1001 : Current memory(MB): used = 633, reserve = 604, peak = 633.
PHY-1001 : End phase 3; 1.690900s wall, 1.125000s user + 0.031250s system = 1.156250s CPU (68.4%)

PHY-1003 : Routed, final wirelength = 466984
PHY-1001 : Current memory(MB): used = 634, reserve = 605, peak = 634.
PHY-1001 : End export database. 0.017030s wall, 0.000000s user + 0.000000s system = 0.000000s CPU (n/a%)

PHY-1001 : End detail routing;  14.978495s wall, 10.359375s user + 0.109375s system = 10.468750s CPU (69.9%)

RUN-1003 : finish command "route" in  16.235238s wall, 11.093750s user + 0.140625s system = 11.234375s CPU (69.2%)

RUN-1004 : used memory is 634 MB, reserved memory is 606 MB, peak memory is 634 MB
RUN-1002 : start command "report_area -io_info -file SD-SDRAM-ISP-HDMI_phy.area"
RUN-1001 : standard
***Report Model: sd_bmp_hdmi Device: EG4S20BG256***

IO Statistics
#IO                        12
  #input                    5
  #output                   7
  #inout                    0

Utilization Statistics
#lut                     3032   out of  19600   15.47%
#reg                     1971   out of  19600   10.06%
#le                      3448
  #lut only              1477   out of   3448   42.84%
  #reg only               416   out of   3448   12.06%
  #lut&reg               1555   out of   3448   45.10%
#dsp                        2   out of     29    6.90%
#bram                      10   out of     64   15.62%
  #bram9k                  10
  #fifo9k                   0
#bram32k                    2   out of     16   12.50%
#pad                       16   out of    188    8.51%
  #ireg                     0
  #oreg                     4
  #treg                     0
#pll                        2   out of      4   50.00%
#gclk                       4   out of     16   25.00%

Clock Resource Statistics
Index     ClockNet                                    Type               DriverType         Driver                                          Fanout
#1        u_ddr3_top/u_sdram_fifo_ctrl/rdfifo/clkr    GCLK               pll                u_clk_wiz_1/pll_inst.clkc1                      543
#2        u_clk_wiz_0/clk0_buf                        GCLK               pll                u_clk_wiz_0/pll_inst.clkc0                      172
#3        u_ddr3_top/u_sdram_fifo_ctrl/wrfifo/clkw    GCLK               pll                u_clk_wiz_0/pll_inst.clkc3                      153
#4        config_inst_syn_9                           GCLK               config             config_inst.jtck                                127
#5        sys_clk_dup_1                               GCLK               io                 sys_clk_syn_2.di                                66
#6        u_sd_ctrl_top/u_sd_init/div_clk             GCLK               mslice             u_sd_ctrl_top/u_sd_init/div_clk_reg_syn_9.q0    66
#7        u_clk_wiz_1/clk0_buf                        GCLK               pll                u_clk_wiz_1/pll_inst.clkc0                      34
#8        u_sd_ctrl_top/u_sd_read/clk_ref_180deg      GCLK               pll                u_clk_wiz_0/pll_inst.clkc4                      26
#9        u_ddr3_top/clk_sdram                        GCLK               pll                u_clk_wiz_0/pll_inst.clkc1                      0


Detailed IO Report

        Name           Direction    Location    IOStandard    DriveStrength    PullType    PackReg  
       sd_miso           INPUT        D14        LVCMOS33          N/A          PULLUP      NONE    
   switch_video[1]       INPUT        B10        LVCMOS33          N/A          PULLUP      NONE    
   switch_video[0]       INPUT        A10        LVCMOS33          N/A          PULLUP      NONE    
       sys_clk           INPUT         R7        LVCMOS33          N/A          PULLUP      NONE    
      sys_rst_n          INPUT         A9        LVCMOS33          N/A          PULLUP      NONE    
       sd_clk           OUTPUT        F15        LVCMOS33           8            NONE       NONE    
        sd_cs           OUTPUT        F13        LVCMOS33           8            NONE       NONE    
       sd_mosi          OUTPUT        F14        LVCMOS33           8            NONE       NONE    
     tmds_clk_p         OUTPUT         P1         LVDS33           NA            NONE      ODDRX1   
    tmds_clk_p(n)       OUTPUT         R1         LVDS33           NA            NONE      ODDRX1   
   tmds_data_p[2]       OUTPUT         J3         LVDS33           NA            NONE      ODDRX1   
  tmds_data_p[2](n)     OUTPUT         J4         LVDS33           NA            NONE      ODDRX1   
   tmds_data_p[1]       OUTPUT         P4         LVDS33           NA            NONE      ODDRX1   
  tmds_data_p[1](n)     OUTPUT         N4         LVDS33           NA            NONE      ODDRX1   
   tmds_data_p[0]       OUTPUT         N1         LVDS33           NA            NONE      ODDRX1   
  tmds_data_p[0](n)     OUTPUT         M1         LVDS33           NA            NONE      ODDRX1   
       dq[23]            INPUT        S31        LVCMOS25           8           PULLUP      NONE    
       dq[22]            INPUT        S32        LVCMOS25           8           PULLUP      NONE    
       dq[21]            INPUT        S35        LVCMOS25           8           PULLUP      NONE    
       dq[20]            INPUT        S36        LVCMOS25           8           PULLUP      NONE    
       dq[19]            INPUT        S37        LVCMOS25           8           PULLUP      NONE    
       dq[18]            INPUT        S38        LVCMOS25           8           PULLUP      NONE    
       dq[17]            INPUT        S41        LVCMOS25           8           PULLUP      NONE    
       dq[16]            INPUT        S42        LVCMOS25           8           PULLUP      NONE    
       dq[31]            INPUT        S48        LVCMOS25           8           PULLUP      NONE    
       dq[30]            INPUT        S49        LVCMOS25           8           PULLUP      NONE    
       dq[29]            INPUT        S52        LVCMOS25           8           PULLUP      NONE    
       dq[28]            INPUT        S53        LVCMOS25           8           PULLUP      NONE    
       dq[27]            INPUT        S54        LVCMOS25           8           PULLUP      NONE    
       dq[26]            INPUT        S55        LVCMOS25           8           PULLUP      NONE    
       dq[25]            INPUT        S58        LVCMOS25           8           PULLUP      NONE    
       dq[24]            INPUT        S59        LVCMOS25           8           PULLUP      NONE    
         dm0            OUTPUT        S14        LVCMOS25           8            NONE       NONE    
         cke            OUTPUT        S18        LVCMOS25           8            NONE       OREG    
        we_n            OUTPUT        S19        LVCMOS25           8            NONE       OREG    
        cas_n           OUTPUT        S20        LVCMOS25           8            NONE       OREG    
        ras_n           OUTPUT        S21        LVCMOS25           8            NONE       OREG    
        cs_n            OUTPUT        S22        LVCMOS25           8            NONE       OREG    
       addr[9]          OUTPUT        S23        LVCMOS25           8            NONE       OREG    
       addr[8]          OUTPUT        S24        LVCMOS25           8            NONE       OREG    
       addr[7]          OUTPUT        S25        LVCMOS25           8            NONE       OREG    
       addr[6]          OUTPUT        S26        LVCMOS25           8            NONE       OREG    
       addr[5]          OUTPUT        S27        LVCMOS25           8            NONE       OREG    
       addr[4]          OUTPUT        S28        LVCMOS25           8            NONE       OREG    
         dm2            OUTPUT        S29        LVCMOS25           8            NONE       NONE    
         dm3            OUTPUT        S61        LVCMOS25           8            NONE       NONE    
       addr[3]          OUTPUT        S64        LVCMOS25           8            NONE       OREG    
       addr[2]          OUTPUT        S65        LVCMOS25           8            NONE       OREG    
       addr[1]          OUTPUT        S66        LVCMOS25           8            NONE       OREG    
       addr[0]          OUTPUT        S67        LVCMOS25           8            NONE       OREG    
      addr[10]          OUTPUT        S68        LVCMOS25           8            NONE       OREG    
        ba[0]           OUTPUT        S69        LVCMOS25           8            NONE       OREG    
        ba[1]           OUTPUT        S70        LVCMOS25           8            NONE       OREG    
         clk            OUTPUT        S73        LVCMOS25           8            NONE       NONE    
         dm1            OUTPUT        S76        LVCMOS25           8            NONE       NONE    
        dq[0]            INOUT         S1        LVCMOS25           8           PULLUP      IREG    
        dq[6]            INOUT        S11        LVCMOS25           8           PULLUP      IREG    
        dq[7]            INOUT        S12        LVCMOS25           8           PULLUP      IREG    
        dq[1]            INOUT         S2        LVCMOS25           8           PULLUP      IREG    
        dq[2]            INOUT         S5        LVCMOS25           8           PULLUP      IREG    
        dq[3]            INOUT         S6        LVCMOS25           8           PULLUP      IREG    
        dq[4]            INOUT         S7        LVCMOS25           8           PULLUP      IREG    
        dq[8]            INOUT        S78        LVCMOS25           8           PULLUP      IREG    
        dq[9]            INOUT        S79        LVCMOS25           8           PULLUP      IREG    
        dq[5]            INOUT         S8        LVCMOS25           8           PULLUP      IREG    
       dq[10]            INOUT        S82        LVCMOS25           8           PULLUP      IREG    
       dq[11]            INOUT        S83        LVCMOS25           8           PULLUP      IREG    
       dq[12]            INOUT        S84        LVCMOS25           8           PULLUP      IREG    
       dq[13]            INOUT        S85        LVCMOS25           8           PULLUP      IREG    
       dq[14]            INOUT        S88        LVCMOS25           8           PULLUP      IREG    
       dq[15]            INOUT        S89        LVCMOS25           8           PULLUP      IREG    

Report Hierarchy Area:
+-------------------------------------------------------------------------------------------------------------------------------------+
|Instance                            |Module                                     |le     |lut     |ripple  |seq     |bram    |dsp     |
+-------------------------------------------------------------------------------------------------------------------------------------+
|top                                 |sd_bmp_hdmi                                |3448   |2457    |575     |1975    |12      |2       |
|  u_clk_wiz_0                       |PLL                                        |0      |0       |0       |0       |0       |0       |
|  u_clk_wiz_1                       |PLL_hdmi                                   |0      |0       |0       |0       |0       |0       |
|  u_ddr3_top                        |ddr3_top1                                  |550    |358     |103     |347     |2       |0       |
|    physica_sdram                   |SDRAM                                      |0      |0       |0       |0       |0       |0       |
|    u_sdram_controller              |sdram_controller                           |192    |131     |40      |92      |0       |0       |
|      u_sdram_cmd                   |sdram_cmd                                  |28     |28      |0       |19      |0       |0       |
|      u_sdram_ctrl                  |sdram_ctrl                                 |148    |102     |40      |57      |0       |0       |
|      u_sdram_data                  |sdram_data                                 |16     |1       |0       |16      |0       |0       |
|    u_sdram_fifo_ctrl               |sdram_fifo_ctrl                            |358    |227     |63      |255     |2       |0       |
|      rdfifo                        |SOFTFIFO                                   |137    |90      |18      |111     |1       |0       |
|        ram_inst                    |ram_infer_SOFTFIFO                         |8      |2       |0       |8       |1       |0       |
|        rd_to_wr_cross_inst         |fifo_cross_domain_addr_process_al_SOFTFIFO |37     |29      |0       |37      |0       |0       |
|        wr_to_rd_cross_inst         |fifo_cross_domain_addr_process_al_SOFTFIFO |38     |36      |0       |38      |0       |0       |
|      wrfifo                        |SOFTFIFO                                   |139    |80      |21      |108     |1       |0       |
|        ram_inst                    |ram_infer_SOFTFIFO                         |9      |8       |0       |9       |1       |0       |
|        rd_to_wr_cross_inst         |fifo_cross_domain_addr_process_al_SOFTFIFO |39     |21      |0       |39      |0       |0       |
|        wr_to_rd_cross_inst         |fifo_cross_domain_addr_process_al_SOFTFIFO |33     |26      |0       |33      |0       |0       |
|  u_hdmi_top                        |hdmi_top1                                  |1709   |1307    |254     |948     |4       |2       |
|    awb                             |ISP_awb_top                                |978    |806     |91      |599     |0       |2       |
|      cal_awb                       |alg_awb                                    |694    |630     |64      |367     |0       |0       |
|        div_bgain                   |shift_div                                  |325    |304     |21      |183     |0       |0       |
|        div_rgain                   |shift_div                                  |301    |284     |17      |168     |0       |0       |
|      stat                          |isp_stat_awb                               |258    |150     |27      |208     |0       |0       |
|      wb                            |isp_wb                                     |26     |26      |0       |24      |0       |2       |
|    debayer_l                       |isp_demosaic_l                             |218    |118     |48      |132     |4       |0       |
|      linebuffer                    |shift_register                             |51     |35      |16      |19      |4       |0       |
|        gen_ram_inst[0]$u_ram       |simple_dp_ram                              |0      |0       |0       |0       |2       |0       |
|        gen_ram_inst[1]$u_ram       |simple_dp_ram                              |0      |0       |0       |0       |2       |0       |
|    u3_hdmi_tx                      |hdmi_tx                                    |363    |295     |54      |182     |0       |0       |
|      Inst_DVITransmitter           |DVITransmitter                             |363    |295     |54      |182     |0       |0       |
|        Inst_TMDSEncoder_blue       |TMDSEncoder                                |114    |95      |18      |48      |0       |0       |
|        Inst_TMDSEncoder_green      |TMDSEncoder                                |103    |85      |18      |45      |0       |0       |
|        Inst_TMDSEncoder_red        |TMDSEncoder                                |97     |79      |18      |40      |0       |0       |
|        Inst_blue_serializer_10_1   |Serial_N_1_lvds_dat                        |18     |14      |0       |18      |0       |0       |
|        Inst_clk_serializer_10_1    |Serial_N_1_lvds                            |5      |4       |0       |5       |0       |0       |
|        Inst_green_serializer_10_1  |Serial_N_1_lvds_dat                        |12     |8       |0       |12      |0       |0       |
|        Inst_red_serializer_10_1    |Serial_N_1_lvds_dat                        |14     |10      |0       |14      |0       |0       |
|    u_video_driver                  |video_driver                               |150    |88      |61      |35      |0       |0       |
|  u_sd_ctrl_top                     |sd_ctrl_top                                |374    |276     |49      |208     |0       |0       |
|    u_sd_init                       |sd_init                                    |228    |159     |32      |112     |0       |0       |
|    u_sd_read                       |sd_read                                    |146    |117     |17      |96      |0       |0       |
|  u_sd_read_photo                   |read_rawdata                               |319    |223     |82      |147     |0       |0       |
|  cw_top                            |CW_TOP_WRAPPER                             |490    |287     |87      |319     |0       |0       |
|    wrapper_cwc_top                 |cwc_top                                    |490    |287     |87      |319     |0       |0       |
|      cfg_int_inst                  |cwc_cfg_int                                |217    |121     |0       |203     |0       |0       |
|        reg_inst                    |register                                   |215    |119     |0       |201     |0       |0       |
|        tap_inst                    |tap                                        |2      |2       |0       |2       |0       |0       |
|      trigger_inst                  |trigger                                    |273    |166     |87      |116     |0       |0       |
|        bus_inst                    |bus_top                                    |76     |40      |26      |28      |0       |0       |
|          BUS_DETECTOR[0]$bus_nodes |bus_det                                    |1      |0       |0       |1       |0       |0       |
|          BUS_DETECTOR[1]$bus_nodes |bus_det                                    |1      |1       |0       |1       |0       |0       |
|          BUS_DETECTOR[2]$bus_nodes |bus_det                                    |2      |2       |0       |2       |0       |0       |
|          BUS_DETECTOR[4]$bus_nodes |bus_det                                    |30     |15      |10      |13      |0       |0       |
|          BUS_DETECTOR[5]$bus_nodes |bus_det                                    |26     |16      |10      |6       |0       |0       |
|          BUS_DETECTOR[6]$bus_nodes |bus_det                                    |16     |6       |6       |5       |0       |0       |
|        emb_ctrl_inst               |emb_ctrl                                   |106    |77      |29      |53      |0       |0       |
+-------------------------------------------------------------------------------------------------------------------------------------+


DataNet Average Fanout:

   Index     Fanout     Nets  
    #1          1       2591  
    #2          2       656   
    #3          3       490   
    #4          4       130   
    #5        5-10      323   
    #6        11-50      85   
    #7       51-100      13   
    #8       101-500     8    
  Average     2.70            

RUN-1002 : start command "export_db SD-SDRAM-ISP-HDMI_pr.db"
RUN-1001 : Exported /
RUN-1001 : Exported flow parameters
RUN-1001 : Exported libs
RUN-1001 : Exported entities
RUN-1001 : Exported ports
RUN-1001 : Exported pins
RUN-1001 : Exported instances
RUN-1001 : Exported nets
RUN-1001 : Exported buses
RUN-1001 : Exported models
RUN-1001 : Exported congestions
RUN-1001 : Exported violations
RUN-1001 : Exported timing constraints
RUN-1001 : Exported IO constraints
RUN-1001 : Exported Inst constraints
RUN-1001 : Exported ChipWatcher
RUN-1002 : start command "start_timer"
TMR-2505 : Start building timing graph for model sd_bmp_hdmi.
TMR-2506 : Build timing graph completely. Port num: 9, tpin num: 17130, tnet num: 4317, tinst num: 1867, tnode num: 21797, tedge num: 29851.
TMR-2508 : Levelizing timing graph completed, there are 39 levels in total.
TMR-2501 : Timing graph initialized successfully.
RUN-1002 : start command "report_timing -mode FINAL -net_info -rpt_autogen true -file SD-SDRAM-ISP-HDMI_phy.timing"
TMR-2503 : Start to update net delay, extr mode = 6.
TMR-2504 : Update delay of 4317 nets completely.
TMR-2502 : Annotate delay completely, extr mode = 6.
TMR-3001 : Initiate 0 clocks from SDC.
TMR-3004 : Map sdc constraints, there are 8 constraints in total.
TMR-3003 : Constraints initiated successfully.
TMR-3501 : Forward propagation: start to calculate arrival time...
TMR-3502 : Backward propagation: start to calculate required time...
TMR-3503 : Timing propagation completes.
TMR-3506 : Start to generate timing report.
TMR-1502 : Number of clock constraints = 0. Number of clock nets = 9 (9 unconstrainted).
TMR-5009 WARNING: No clock constraint on 9 clock net(s): 
		config_inst_syn_10
		sys_clk_dup_1
		u_clk_wiz_1/clk0_out
		u_ddr3_top/clk_sdram
		u_ddr3_top/u_sdram_fifo_ctrl/clk_ref
		u_ddr3_top/u_sdram_fifo_ctrl/rdfifo/clkr
		u_ddr3_top/u_sdram_fifo_ctrl/wrfifo/clkw
		u_sd_ctrl_top/u_sd_init/div_clk_syn_4
		u_sd_ctrl_top/u_sd_read/clk_ref_180deg
USR-6122 CRITICAL-WARNING: No clock constraint on PLL u_clk_wiz_0/pll_inst
USR-6122 CRITICAL-WARNING: No clock constraint on PLL u_clk_wiz_1/pll_inst
TMR-3508 : Export timing summary.
TMR-3507 : Timing report generated successfully in SD-SDRAM-ISP-HDMI_phy.timing, timing summary in SD-SDRAM-ISP-HDMI_phy.tsm.
RUN-1002 : start command "export_bid SD-SDRAM-ISP-HDMI_inst.bid"
PRG-1000 : <!-- HMAC is: 1c3571b6562400ebf710be5971df44a902cec733ff1b49471e3f35ed4a40e2a0 -->
RUN-1002 : start command "bitgen -bit SD-SDRAM-ISP-HDMI.bit"
BIT-1003 : Start to generate bitstream. 
BIT-1002 : Init instances with 16 threads.
BIT-1002 : Init instances completely, inst num: 1867
BIT-1002 : Init pips with 16 threads.
BIT-1002 : Init pips completely, net num: 4319, pip num: 38285
BIT-1002 : Init feedthrough with 16 threads.
BIT-1002 : Init feedthrough completely, num: 16
BIT-1003 : Multithreading accelaration with 16 threads.
BIT-1003 : Generate bitstream completely, there are 1959 valid insts, and 112960 bits set as '1'.
BIT-1004 : the usercode register value: 00000000111101110011110010101001
BIT-1004 : PLL setting string = 0110
BIT-1004 : Generate bits file SD-SDRAM-ISP-HDMI.bit.
RUN-1003 : finish command "bitgen -bit SD-SDRAM-ISP-HDMI.bit" in  3.909296s wall, 17.312500s user + 0.203125s system = 17.515625s CPU (448.1%)

RUN-1004 : used memory is 644 MB, reserved memory is 615 MB, peak memory is 814 MB
RUN-1002 : start command "backup_run_log run.log ../.logs/phy_1/td_20240705_015051.log"
