============================================================
   Tang Dynasty, V5.6.71036
      Copyright (c) 2012-2023 Anlogic Inc.
   Executable = F:/ARMChina/bin/td.exe
   Built at =   20:34:38 Mar 21 2023
   Run by =     Illyasvial Von Einzb
   Run Date =   Thu Jul  4 20:33:09 2024

   Run on =     LAPTOP-4S5LNBPI
============================================================
RUN-1002 : start command "open_project SD-SDRAM-ISP-HDMI.prj"
RUN-1001 : Print Global Property
RUN-1001 : ---------------------------------------------------------------
RUN-1001 :        Parameters        |  Settings  |  Default Values  |  Note  
RUN-1001 : ---------------------------------------------------------------
RUN-1001 :          message         |  standard  |     standard     |        
RUN-1001 :   mixed_pack_place_flow  |     on     |        on        |        
RUN-1001 :        qor_monitor       |    off     |       off        |        
RUN-1001 :        syn_ip_flow       |    off     |       off        |        
RUN-1001 :          thread          |    auto    |       auto       |        
RUN-1001 : ---------------------------------------------------------------
RUN-1001 : Print Design Property
RUN-1001 : --------------------------------------------------------------
RUN-1001 :        Parameters       |  Settings  |  Default Values  |  Note  
RUN-1001 : --------------------------------------------------------------
RUN-1001 :   default_reg_initial   |    auto    |       auto       |        
RUN-1001 :        infer_add        |     on     |        on        |        
RUN-1001 :        infer_fsm        |    off     |       off        |        
RUN-1001 :        infer_mult       |     on     |        on        |        
RUN-1001 :        infer_ram        |     on     |        on        |        
RUN-1001 :        infer_reg        |     on     |        on        |        
RUN-1001 :   infer_reg_init_value  |     on     |        on        |        
RUN-1001 :        infer_rom        |     on     |        on        |        
RUN-1001 :      infer_shifter      |     on     |        on        |        
RUN-1001 : --------------------------------------------------------------
RUN-1001 : Print Rtl Property
RUN-1001 : --------------------------------------------------------------
RUN-1001 :        Parameters       |  Settings  |  Default Values  |  Note  
RUN-1001 : --------------------------------------------------------------
RUN-1001 :       compress_add      |   ripple   |      ripple      |        
RUN-1001 :        elf_sload        |    off     |       off        |        
RUN-1001 :       fix_undriven      |     0      |        0         |        
RUN-1001 :         flatten         |    off     |       off        |        
RUN-1001 :       gate_sharing      |     on     |        on        |        
RUN-1001 :    hdl_warning_level    |   normal   |      normal      |        
RUN-1001 :   impl_internal_tribuf  |     on     |        on        |        
RUN-1001 :      impl_set_reset     |     on     |        on        |        
RUN-1001 :        infer_gsr        |    off     |       off        |        
RUN-1001 :      keep_hierarchy     |    auto    |       auto       |        
RUN-1001 :        max_fanout       |    9999    |       9999       |        
RUN-1001 :      max_oh2bin_len     |     10     |        10        |        
RUN-1001 :       merge_equal       |     on     |        on        |        
RUN-1001 :       merge_equiv       |     on     |        on        |        
RUN-1001 :        merge_mux        |    off     |       off        |        
RUN-1001 :     min_control_set     |     8      |        8         |        
RUN-1001 :      min_ripple_len     |    auto    |       auto       |        
RUN-1001 :       oh2bin_ratio      |    0.08    |       0.08       |        
RUN-1001 :     opt_adder_fanout    |     on     |        on        |        
RUN-1001 :        opt_arith        |     on     |        on        |        
RUN-1001 :       opt_big_gate      |    off     |       off        |        
RUN-1001 :        opt_const        |     on     |        on        |        
RUN-1001 :      opt_const_mult     |     on     |        on        |        
RUN-1001 :       opt_lessthan      |     on     |        on        |        
RUN-1001 :         opt_mux         |    off     |       off        |        
RUN-1001 :         opt_ram         |    high    |       high       |        
RUN-1001 :      rtl_sim_model      |    off     |       off        |        
RUN-1001 :         seq_syn         |     on     |        on        |        
RUN-1001 : --------------------------------------------------------------
HDL-1007 : analyze verilog file ../../import/ddr3-al_ip/SOFTFIFO.v
HDL-1007 : analyze verilog file ../../import/ddr3-al_ip/SDRAM.v
HDL-1007 : analyze verilog file ../../al_ip/PLL.v
HDL-1007 : undeclared symbol 'open', assumed default net type 'wire' in ../../al_ip/PLL.v(92)
HDL-1007 : analyze verilog file ../../al_ip/PLL_hdmi.v
HDL-1007 : undeclared symbol 'open', assumed default net type 'wire' in ../../al_ip/PLL_hdmi.v(70)
HDL-1007 : analyze VHDL file ../../import/hdmi-rtl/enc_file/SerializerN_1_lvds.enc.vhd
Copyright (c) 1998-2019 The OpenSSL Project.  All rights reserved.
This product includes software developed by the OpenSSL Project
for use in the OpenSSL Toolkit (http://www.openssl.org/)
Copyright (C) 1995-1998 Eric Young (eay@cryptsoft.com)
All rights reserved.
This product includes cryptographic software written by Eric Young (eay@cryptsoft.com)
HDL-1007 : analyze entity ** in encrypted_text(0)
HDL-1007 : analyze architecture ** in encrypted_text(0)
HDL-1007 : analyze VHDL file ../../import/hdmi-rtl/enc_file/SerializerN_1_lvds_dat.enc.vhd
HDL-1007 : analyze entity ** in encrypted_text(0)
HDL-1007 : analyze architecture ** in encrypted_text(0)
HDL-1007 : analyze VHDL file ../../import/hdmi-rtl/enc_file/TMDSEncoder.enc.vhd
HDL-1007 : analyze entity ** in encrypted_text(0)
HDL-1007 : analyze architecture ** in encrypted_text(0)
HDL-1007 : analyze verilog file ../../import/hdmi-rtl/enc_file/video_tpg_1024768.enc.v
HDL-5007 WARNING: literal value ** truncated to fit in ** bits in encrypted_text(0)
HDL-1007 : back to file '../../import/hdmi-rtl/enc_file/video_tpg_1024768.enc.v' in ../../import/hdmi-rtl/enc_file/video_tpg_1024768.enc.v(216)
HDL-1007 : analyze verilog file ../../import/hdmi-rtl/enc_file/video_tpg_1080p.enc.v
HDL-1007 : back to file '../../import/hdmi-rtl/enc_file/video_tpg_1080p.enc.v' in ../../import/hdmi-rtl/enc_file/video_tpg_1080p.enc.v(208)
HDL-1007 : analyze verilog file ../../import/hdmi-rtl/enc_file/video_tpg_12801024p.enc.v
HDL-1007 : back to file '../../import/hdmi-rtl/enc_file/video_tpg_12801024p.enc.v' in ../../import/hdmi-rtl/enc_file/video_tpg_12801024p.enc.v(207)
HDL-1007 : analyze verilog file ../../import/hdmi-rtl/enc_file/video_tpg_1280800.enc.v
HDL-5007 WARNING: literal value ** truncated to fit in ** bits in encrypted_text(0)
HDL-1007 : back to file '../../import/hdmi-rtl/enc_file/video_tpg_1280800.enc.v' in ../../import/hdmi-rtl/enc_file/video_tpg_1280800.enc.v(216)
HDL-1007 : analyze verilog file ../../import/hdmi-rtl/enc_file/video_tpg_16801050p.enc.v
HDL-1007 : back to file '../../import/hdmi-rtl/enc_file/video_tpg_16801050p.enc.v' in ../../import/hdmi-rtl/enc_file/video_tpg_16801050p.enc.v(209)
HDL-1007 : analyze verilog file ../../import/hdmi-rtl/enc_file/video_tpg_800600.enc.v
HDL-1007 : back to file '../../import/hdmi-rtl/enc_file/video_tpg_800600.enc.v' in ../../import/hdmi-rtl/enc_file/video_tpg_800600.enc.v(211)
HDL-1007 : analyze verilog file ../../import/hdmi_top/hdmi_top.v
HDL-1007 : analyze verilog file ../../import/hdmi_top/video_driver.v
HDL-1007 : analyze verilog file ../../import/sd_bmp_hdmi.v
HDL-1007 : undeclared symbol 'rd_vsync', assumed default net type 'wire' in ../../import/sd_bmp_hdmi.v(200)
HDL-1007 : analyze verilog file ../../import/sd_ctrl_top/sd_ctrl_top.v
HDL-1007 : analyze verilog file ../../import/sd_ctrl_top/sd_init.v
HDL-1007 : analyze verilog file ../../import/sd_ctrl_top/sd_read.v
HDL-1007 : analyze verilog file ../../import/sd_ctrl_top/sd_write.v
HDL-1007 : analyze VHDL file ../../import/hdmi-rtl/enc_file/DVITransmitter.enc.vhd
HDL-1007 : analyze entity dvitransmitter in ../../import/hdmi-rtl/enc_file/DVITransmitter.enc.vhd(13)
HDL-1007 : analyze architecture ** in encrypted_text(0)
HDL-1007 : analyze VHDL file ../../import/hdmi-rtl/hdmi_tx.vhd
HDL-1007 : analyze entity hdmi_tx in ../../import/hdmi-rtl/hdmi_tx.vhd(11)
HDL-1007 : analyze architecture behavioral in ../../import/hdmi-rtl/hdmi_tx.vhd(33)
HDL-1007 : analyze verilog file ../../import/DDR3-rtl/sdram_cmd.v
HDL-1007 : analyze included file ../../import/DDR3-rtl/sdram_para.v in ../../import/DDR3-rtl/sdram_cmd.v(46)
HDL-1007 : back to file '../../import/DDR3-rtl/sdram_cmd.v' in ../../import/DDR3-rtl/sdram_cmd.v(46)
HDL-1007 : analyze verilog file ../../import/DDR3-rtl/sdram_controller.v
HDL-1007 : analyze verilog file ../../import/DDR3-rtl/sdram_ctrl.v
HDL-1007 : analyze included file ../../import/DDR3-rtl/sdram_para.v in ../../import/DDR3-rtl/sdram_ctrl.v(19)
HDL-1007 : back to file '../../import/DDR3-rtl/sdram_ctrl.v' in ../../import/DDR3-rtl/sdram_ctrl.v(19)
HDL-1007 : analyze verilog file ../../import/DDR3-rtl/sdram_data.v
HDL-1007 : analyze included file ../../import/DDR3-rtl/sdram_para.v in ../../import/DDR3-rtl/sdram_data.v(13)
HDL-1007 : back to file '../../import/DDR3-rtl/sdram_data.v' in ../../import/DDR3-rtl/sdram_data.v(13)
HDL-1007 : analyze verilog file ../../import/DDR3-rtl/sdram_fifo_ctrl.v
HDL-1007 : analyze verilog file ../../import/DDR3-rtl/sdram_top.v
HDL-1007 : analyze verilog file ../../import/read_rawdata.v
HDL-1007 : analyze verilog file ../../import/hdmi_top/ISP_include.v
HDL-1007 : analyze verilog file ../../import/hdmi_top/ISP_debayer_h.v
RUN-1001 : Project manager successfully analyzed 32 source files.
RUN-1002 : start command "import_device eagle_s20.db -package EG4S20BG256"
ARC-1001 : Device Initialization.
ARC-1001 : ------------------------------------------------------------------
ARC-1001 :            OPTION            |          IO          |   SETTING   
ARC-1001 : ------------------------------------------------------------------
ARC-1001 :   cso_b/cclk/mosi/miso/dout  |  T3/R11/T10/P10/S11  |    gpio    
ARC-1001 :             done             |         P13          |    gpio    
ARC-1001 :           program_b          |          T2          |  dedicate  
ARC-1001 :        tdi/tms/tck/tdo       |   C12/A15/C14/E14    |  dedicate  
ARC-1001 : ------------------------------------------------------------------
ARC-1004 : Device setting, marked 5 dedicate IOs in total.
RUN-1002 : start command "import_db ../syn_1/SD-SDRAM-ISP-HDMI_gate.db"
RUN-1001 : Importing database generated by Tang Dynasty, V5.6.71036.
RUN-1001 : Database version number 46146.
RUN-1001 : Import flow parameters
RUN-1001 : Import timing constraints
RUN-1001 : Import IO constraints
RUN-1001 : Import Inst constraints
RUN-1001 : Import design success TD_VERSION=5.6.71036 , DB_VERSION=46146
RUN-1002 : start command "read_sdc -ip SOFTFIFO ../../import/ddr3-al_ip/SOFTFIFO.tcl"
RUN-1002 : start command "get_ports clkw"
RUN-1002 : start command "get_nets  clkw  "
RUN-1002 : start command "get_clocks -nowarn -of nets 9663676416000"
RUN-1002 : start command "get_ports clkr"
RUN-1002 : start command "get_nets  clkr  "
RUN-1002 : start command "get_clocks -nowarn -of nets 49971944488960"
RUN-1002 : start command "get_property -nowarn -max PERIOD "
RUN-1002 : start command "get_property -nowarn -max PERIOD "
RUN-1002 : start command "get_regs rd_to_wr_cross_inst/primary_addr_gray_reg[*]"
RUN-1002 : start command "get_regs rd_to_wr_cross_inst/sync_r1[*]"
RUN-1002 : start command "set_max_delay -from  -to  999.70000000000005 -datapath_only"
RUN-1002 : start command "get_regs rd_to_wr_cross_inst/primary_addr_gray_reg[*]"
RUN-1002 : start command "get_regs rd_to_wr_cross_inst/sync_r1[*]"
RUN-1002 : start command "set_false_path -from  -to  -hold 999.70000000000005"
USR-1002 : set_false_path -help -setup -hold -from <list> -rise_from <list> -fall_from <list> -to <list> -rise_to <list> -fall_to <list> -through <list>
RUN-1002 : start command "get_regs wr_to_rd_cross_inst/primary_addr_gray_reg[*]"
RUN-1002 : start command "get_regs wr_to_rd_cross_inst/sync_r1[*]"
RUN-1002 : start command "set_max_delay -from  -to  999.70000000000005 -datapath_only"
RUN-1002 : start command "get_regs wr_to_rd_cross_inst/primary_addr_gray_reg[*]"
RUN-1002 : start command "get_regs wr_to_rd_cross_inst/sync_r1[*]"
RUN-1002 : start command "set_false_path -from  -to  -hold 999.70000000000005"
USR-1002 : set_false_path -help -setup -hold -from <list> -rise_from <list> -fall_from <list> -to <list> -rise_to <list> -fall_to <list> -through <list>
RUN-1002 : start command "get_ports clkw"
RUN-1002 : start command "get_nets  clkw  "
RUN-1002 : start command "get_clocks -nowarn -of nets 17514876633088"
RUN-1002 : start command "get_ports clkr"
RUN-1002 : start command "get_nets  clkr  "
RUN-1002 : start command "get_clocks -nowarn -of nets 9663676416000"
RUN-1002 : start command "get_property -nowarn -max PERIOD "
RUN-1002 : start command "get_property -nowarn -max PERIOD "
RUN-1002 : start command "get_regs rd_to_wr_cross_inst/primary_addr_gray_reg[*]"
RUN-1002 : start command "get_regs rd_to_wr_cross_inst/sync_r1[*]"
RUN-1002 : start command "set_max_delay -from  -to  999.70000000000005 -datapath_only"
RUN-1002 : start command "get_regs rd_to_wr_cross_inst/primary_addr_gray_reg[*]"
RUN-1002 : start command "get_regs rd_to_wr_cross_inst/sync_r1[*]"
RUN-1002 : start command "set_false_path -from  -to  -hold 999.70000000000005"
USR-1002 : set_false_path -help -setup -hold -from <list> -rise_from <list> -fall_from <list> -to <list> -rise_to <list> -fall_to <list> -through <list>
RUN-1002 : start command "get_regs wr_to_rd_cross_inst/primary_addr_gray_reg[*]"
RUN-1002 : start command "get_regs wr_to_rd_cross_inst/sync_r1[*]"
RUN-1002 : start command "set_max_delay -from  -to  999.70000000000005 -datapath_only"
RUN-1002 : start command "get_regs wr_to_rd_cross_inst/primary_addr_gray_reg[*]"
RUN-1002 : start command "get_regs wr_to_rd_cross_inst/sync_r1[*]"
RUN-1002 : start command "set_false_path -from  -to  -hold 999.70000000000005"
USR-1002 : set_false_path -help -setup -hold -from <list> -rise_from <list> -fall_from <list> -to <list> -rise_to <list> -fall_to <list> -through <list>
RUN-1002 : start command "config_chipwatcher ../../sd_HDMI.cwc -dir "
RUN-1002 : start command "legalize_phy_inst"
SYN-1011 : Flatten model sd_bmp_hdmi
KIT-1004 : ChipWatcher: import watcher inst auto_chipwatcher_0 completed, there are 5 view nodes, 8 trigger nets, 8 data nets.
KIT-1004 : Chipwatcher code = 0101000110101001
RUN-1002 : start command "compile_watcher"
RUN-1002 : start command "read_verilog -no_sch -dir F:/ARMChina/cw/ -file SD-SDRAM-ISP-HDMI_watcherInst.sv -lib cw -top CW_TOP_WRAPPER"
HDL-1007 : analyze verilog file F:/ARMChina/cw\bus_det.v
HDL-1007 : analyze verilog file F:/ARMChina/cw\bus_top.sv
HDL-1007 : analyze verilog file F:/ARMChina/cw\cfg_int.v
HDL-1007 : analyze verilog file F:/ARMChina/cw\cwc_cfg_int.v
HDL-1007 : analyze verilog file F:/ARMChina/cw\cwc_top.sv
HDL-1007 : analyze verilog file F:/ARMChina/cw\detect_bus.v
HDL-1007 : analyze verilog file F:/ARMChina/cw\detect_non_bus.v
HDL-1007 : analyze verilog file F:/ARMChina/cw\emb_ctrl.v
HDL-1007 : analyze verilog file F:/ARMChina/cw\register.v
HDL-1007 : analyze verilog file F:/ARMChina/cw\tap.v
HDL-1007 : analyze verilog file F:/ARMChina/cw\trigger.sv
HDL-1007 : analyze verilog file SD-SDRAM-ISP-HDMI_watcherInst.sv
HDL-1007 : elaborate module CW_TOP_WRAPPER in SD-SDRAM-ISP-HDMI_watcherInst.sv(1)
HDL-1007 : elaborate module cwc_top(BUS_NUM=5,BUS_CTRL_NUM=36,BUS_WIDTH='{32'sb01,32'sb01,32'sb01,32'sb01,32'sb0100},BUS_DIN_POS='{32'sb0,32'sb01,32'sb010,32'sb011,32'sb0100},BUS_CTRL_POS='{32'sb0,32'sb0110,32'sb01100,32'sb010010,32'sb011000}) in F:/ARMChina/cw\cwc_top.sv(21)
HDL-1007 : elaborate module cwc_cfg_int(CTRL_REG_LEN=58) in F:/ARMChina/cw\cwc_cfg_int.v(21)
HDL-1007 : elaborate module register(CTRL_REG_LEN=58) in F:/ARMChina/cw\register.v(21)
HDL-1007 : elaborate module tap in F:/ARMChina/cw\tap.v(21)
HDL-1007 : elaborate module trigger(BUS_NUM=5,BUS_CTRL_NUM=36,BUS_WIDTH='{32'sb01,32'sb01,32'sb01,32'sb01,32'sb0100},BUS_DIN_POS='{32'sb0,32'sb01,32'sb010,32'sb011,32'sb0100},BUS_CTRL_POS='{32'sb0,32'sb0110,32'sb01100,32'sb010010,32'sb011000}) in F:/ARMChina/cw\trigger.sv(21)
HDL-1007 : elaborate module bus_top(BUS_NODE_NUM=5,BUS_CTRL_NUM=36,BUS_WIDTH='{32'sb01,32'sb01,32'sb01,32'sb01,32'sb0100},BUS_DIN_POS='{32'sb0,32'sb01,32'sb010,32'sb011,32'sb0100},BUS_CTRL_POS='{32'sb0,32'sb0110,32'sb01100,32'sb010010,32'sb011000}) in F:/ARMChina/cw\bus_top.sv(22)
HDL-1007 : elaborate module bus_det(BUS_WIDTH=32'sb01) in F:/ARMChina/cw\bus_det.v(21)
HDL-1007 : elaborate module bus_det(BUS_WIDTH=32'sb0100) in F:/ARMChina/cw\bus_det.v(21)
HDL-1007 : elaborate module emb_ctrl in F:/ARMChina/cw\emb_ctrl.v(21)
HDL-1200 : Current top model is CW_TOP_WRAPPER
HDL-1100 : Inferred 0 RAMs.
RUN-1002 : start command "force_keep -a auto_chipwatcher_0_logicbram"
RUN-1002 : start command "optimize_rtl -no_sch"
RUN-1001 : Open license file F:/ARMChina/license/Anlogic.lic
RUN-1001 : Print Global Property
RUN-1001 : ---------------------------------------------------------------
RUN-1001 :        Parameters        |  Settings  |  Default Values  |  Note  
RUN-1001 : ---------------------------------------------------------------
RUN-1001 :          message         |  standard  |     standard     |        
RUN-1001 :   mixed_pack_place_flow  |     on     |        on        |        
RUN-1001 :        qor_monitor       |    off     |       off        |        
RUN-1001 :        syn_ip_flow       |    off     |       off        |        
RUN-1001 :          thread          |    auto    |       auto       |        
RUN-1001 : ---------------------------------------------------------------
RUN-1001 : Print Rtl Property
RUN-1001 : --------------------------------------------------------------
RUN-1001 :        Parameters       |  Settings  |  Default Values  |  Note  
RUN-1001 : --------------------------------------------------------------
RUN-1001 :       compress_add      |   ripple   |      ripple      |        
RUN-1001 :        elf_sload        |    off     |       off        |        
RUN-1001 :       fix_undriven      |     0      |        0         |        
RUN-1001 :         flatten         |    off     |       off        |        
RUN-1001 :       gate_sharing      |     on     |        on        |        
RUN-1001 :    hdl_warning_level    |   normal   |      normal      |        
RUN-1001 :   impl_internal_tribuf  |     on     |        on        |        
RUN-1001 :      impl_set_reset     |     on     |        on        |        
RUN-1001 :        infer_gsr        |    off     |       off        |        
RUN-1001 :      keep_hierarchy     |    auto    |       auto       |        
RUN-1001 :        max_fanout       |    9999    |       9999       |        
RUN-1001 :      max_oh2bin_len     |     10     |        10        |        
RUN-1001 :       merge_equal       |     on     |        on        |        
RUN-1001 :       merge_equiv       |     on     |        on        |        
RUN-1001 :        merge_mux        |    off     |       off        |        
RUN-1001 :     min_control_set     |     8      |        8         |        
RUN-1001 :      min_ripple_len     |    auto    |       auto       |        
RUN-1001 :       oh2bin_ratio      |    0.08    |       0.08       |        
RUN-1001 :     opt_adder_fanout    |     on     |        on        |        
RUN-1001 :        opt_arith        |     on     |        on        |        
RUN-1001 :       opt_big_gate      |    off     |       off        |        
RUN-1001 :        opt_const        |     on     |        on        |        
RUN-1001 :      opt_const_mult     |     on     |        on        |        
RUN-1001 :       opt_lessthan      |     on     |        on        |        
RUN-1001 :         opt_mux         |    off     |       off        |        
RUN-1001 :         opt_ram         |    high    |       high       |        
RUN-1001 :      rtl_sim_model      |    off     |       off        |        
RUN-1001 :         seq_syn         |     on     |        on        |        
RUN-1001 : --------------------------------------------------------------
SYN-1012 : SanityCheck: Model "sd_bmp_hdmi"
SYN-1012 : SanityCheck: Model "CW_TOP_WRAPPER"
SYN-1012 : SanityCheck: Model "cwc_top(BUS_NUM=5,BUS_CTRL_NUM=36,BUS_WIDTH='{32'sb01,32'sb01,32'sb01,32'sb01,32'sb0100},BUS_DIN_POS='{32'sb0,32'sb01,32'sb010,32'sb011,32'sb0100},BUS_CTRL_POS='{32'sb0,32'sb0110,32'sb01100,32'sb010010,32'sb011000})"
SYN-1012 : SanityCheck: Model "cwc_cfg_int(CTRL_REG_LEN=58)"
SYN-1012 : SanityCheck: Model "register(CTRL_REG_LEN=58)"
SYN-1012 : SanityCheck: Model "tap"
SYN-1012 : SanityCheck: Model "trigger(BUS_NUM=5,BUS_CTRL_NUM=36,BUS_WIDTH='{32'sb01,32'sb01,32'sb01,32'sb01,32'sb0100},BUS_DIN_POS='{32'sb0,32'sb01,32'sb010,32'sb011,32'sb0100},BUS_CTRL_POS='{32'sb0,32'sb0110,32'sb01100,32'sb010010,32'sb011000})"
SYN-1012 : SanityCheck: Model "bus_top(BUS_NODE_NUM=5,BUS_CTRL_NUM=36,BUS_WIDTH='{32'sb01,32'sb01,32'sb01,32'sb01,32'sb0100},BUS_DIN_POS='{32'sb0,32'sb01,32'sb010,32'sb011,32'sb0100},BUS_CTRL_POS='{32'sb0,32'sb0110,32'sb01100,32'sb010010,32'sb011000})"
SYN-1012 : SanityCheck: Model "bus_det(BUS_WIDTH=32'sb01)"
SYN-1012 : SanityCheck: Model "bus_det(BUS_WIDTH=32'sb0100)"
SYN-1012 : SanityCheck: Model "emb_ctrl"
SYN-1011 : Flatten model sd_bmp_hdmi
SYN-1032 : 8158/19 useful/useless nets, 5804/14 useful/useless insts
SYN-1016 : Merged 28 instances.
SYN-1032 : 7979/8 useful/useless nets, 6073/8 useful/useless insts
SYN-1014 : Optimize round 1
SYN-1032 : 7963/16 useful/useless nets, 6061/12 useful/useless insts
SYN-1021 : Optimized 1 onehot mux instances.
SYN-1020 : Optimized 1 distributor mux.
SYN-1019 : Optimized 1 mux instances.
SYN-1015 : Optimize round 1, 252 better
SYN-1014 : Optimize round 2
SYN-1032 : 7815/15 useful/useless nets, 5913/16 useful/useless insts
SYN-1015 : Optimize round 2, 32 better
SYN-1014 : Optimize round 1
SYN-1015 : Optimize round 1, 0 better
RUN-1002 : start command "optimize_gate -no_sch"
RUN-1001 : Open license file F:/ARMChina/license/Anlogic.lic
RUN-1001 : Print Global Property
RUN-1001 : ---------------------------------------------------------------
RUN-1001 :        Parameters        |  Settings  |  Default Values  |  Note  
RUN-1001 : ---------------------------------------------------------------
RUN-1001 :          message         |  standard  |     standard     |        
RUN-1001 :   mixed_pack_place_flow  |     on     |        on        |        
RUN-1001 :        qor_monitor       |    off     |       off        |        
RUN-1001 :        syn_ip_flow       |    off     |       off        |        
RUN-1001 :          thread          |    auto    |       auto       |        
RUN-1001 : ---------------------------------------------------------------
RUN-1001 : Print Gate Property
RUN-1001 : ------------------------------------------------------------------
RUN-1001 :          Parameters         |  Settings  |  Default Values  |  Note  
RUN-1001 : ------------------------------------------------------------------
RUN-1001 :         cascade_dsp         |    off     |       off        |        
RUN-1001 :         cascade_eram        |    off     |       off        |        
RUN-1001 :        gate_sim_model       |    off     |       off        |        
RUN-1001 :        map_sim_model        |    off     |       off        |        
RUN-1001 :         map_strategy        |     1      |        1         |        
RUN-1001 :           opt_area          |   medium   |      medium      |        
RUN-1001 :          opt_timing         |    auto    |       auto       |        
RUN-1001 :         pack_effort         |   medium   |      medium      |        
RUN-1001 :      pack_lslice_ripple     |     on     |        on        |        
RUN-1001 :   pack_lslice_ripple_ratio  |    0.5     |       0.5        |        
RUN-1001 :        pack_seq_in_io       |    auto    |       auto       |        
RUN-1001 :        ph1_mux_ratio        |    1.0     |       1.0        |        
RUN-1001 :            report           |  standard  |     standard     |        
RUN-1001 :           retiming          |    off     |       off        |        
RUN-1001 : ------------------------------------------------------------------
SYN-2001 : Map 12 IOs to PADs
RUN-1002 : start command "update_pll_param -module sd_bmp_hdmi"
SYN-2501 : Processed 0 LOGIC_BUF instances.
SYN-2512 : LOGIC BRAM "auto_chipwatcher_0_logicbram"
SYN-2571 : Optimize after map_dsp, round 1
SYN-2571 : Optimize after map_dsp, round 1, 0 better
SYN-1001 : Throwback 3 control mux instances
SYN-2501 : Optimize round 1
SYN-1016 : Merged 4 instances.
SYN-2501 : Optimize round 1, 10 better
SYN-2501 : Optimize round 2
SYN-2501 : Optimize round 2, 0 better
SYN-2501 : Map 12 macro adder
SYN-1019 : Optimized 5 mux instances.
SYN-1016 : Merged 9 instances.
SYN-1032 : 8125/2 useful/useless nets, 6224/1 useful/useless insts
RUN-1002 : start command "start_timer -prepack"
TMR-2505 : Start building timing graph for model sd_bmp_hdmi.
TMR-2506 : Build timing graph completely. Port num: 9, tpin num: 28912, tnet num: 8125, tinst num: 6223, tnode num: 36766, tedge num: 49421.
TMR-2508 : Levelizing timing graph completed, there are 51 levels in total.
TMR-2501 : Timing graph initialized successfully.
TMR-2503 : Start to update net delay, extr mode = 2.
TMR-2504 : Update delay of 8125 nets completely.
TMR-2502 : Annotate delay completely, extr mode = 2.
TMR-3001 : Initiate 0 clocks from SDC.
TMR-3004 : Map sdc constraints, there are 8 constraints in total.
TMR-3003 : Constraints initiated successfully.
TMR-3501 : Forward propagation: start to calculate arrival time...
TMR-3502 : Backward propagation: start to calculate required time...
TMR-3503 : Timing propagation completes.
SYN-3001 : Running gate level optimization.
SYN-2581 : Mapping with K=5, #lut = 129 (4.02), #lev = 6 (2.34)
SYN-2551 : Post LUT mapping optimization.
SYN-2581 : Mapping with K=5, #lut = 125 (4.13), #lev = 6 (2.31)
SYN-3001 : Logic optimization runtime opt =   0.02 sec, map =   0.00 sec
SYN-3001 : Mapper mapped 370 instances into 125 LUTs, name keeping = 79%.
SYN-1001 : Packing model "sd_bmp_hdmi" ...
SYN-4010 : Pack lib has 58 rtl pack models with 25 top pack blocks
SYN-1014 : Optimize round 1
SYN-1015 : Optimize round 1, 0 better
SYN-4002 : Packing 221 DFF/LATCH to SEQ ...
SYN-4009 : Pack 6 carry chain into lslice
SYN-4007 : Packing 81 adder to BLE ...
SYN-4008 : Packed 81 adder and 0 SEQ to BLE.
SYN-4007 : Packing 0 gate4 to BLE ...
SYN-4008 : Packed 0 gate4 and 0 SEQ to BLE.
SYN-4012 : Packed 0 FxMUX
RUN-1003 : finish command "optimize_gate -no_sch" in  1.469546s wall, 1.000000s user + 0.078125s system = 1.078125s CPU (73.4%)

RUN-1004 : used memory is 203 MB, reserved memory is 170 MB, peak memory is 250 MB
RUN-1002 : start command "legalize_phy_inst"
SYN-1011 : Flatten model sd_bmp_hdmi
KIT-1004 : Compile Chipwatcher: Clear obsolete physical data.
RUN-1003 : finish command "compile_watcher" in  2.460822s wall, 1.687500s user + 0.109375s system = 1.796875s CPU (73.0%)

RUN-1004 : used memory is 203 MB, reserved memory is 170 MB, peak memory is 250 MB
RUN-1002 : start command "place"
RUN-1001 : Open license file F:/ARMChina/license/Anlogic.lic
RUN-1001 : Print Global Property
RUN-1001 : ---------------------------------------------------------------
RUN-1001 :        Parameters        |  Settings  |  Default Values  |  Note  
RUN-1001 : ---------------------------------------------------------------
RUN-1001 :          message         |  standard  |     standard     |        
RUN-1001 :   mixed_pack_place_flow  |     on     |        on        |        
RUN-1001 :        qor_monitor       |    off     |       off        |        
RUN-1001 :        syn_ip_flow       |    off     |       off        |        
RUN-1001 :          thread          |    auto    |       auto       |        
RUN-1001 : ---------------------------------------------------------------
RUN-1001 : Print Place Property
RUN-1001 : --------------------------------------------------------------
RUN-1001 :        Parameters       |  Settings  |  Default Values  |  Note  
RUN-1001 : --------------------------------------------------------------
RUN-1001 :      detailed_place     |     on     |        on        |        
RUN-1001 :          effort         |   medium   |      medium      |        
RUN-1001 :         fix_hold        |    off     |       off        |        
RUN-1001 :       legalization      |    ori     |       ori        |        
RUN-1001 :      new_spreading      |     on     |        on        |        
RUN-1001 :        opt_timing       |   medium   |      medium      |        
RUN-1001 :   post_clock_route_opt  |    off     |       off        |        
RUN-1001 :       pr_strategy       |     1      |        1         |        
RUN-1001 :        relaxation       |    1.00    |       1.00       |        
RUN-1001 :         retiming        |    off     |       off        |        
RUN-1001 : --------------------------------------------------------------
PHY-3001 : Placer runs in 16 thread(s).
RUN-1002 : start command "legalize_phy_inst"
SYN-1011 : Flatten model sd_bmp_hdmi
RUN-1002 : start command "phys_opt -simplify_lut"
SYN-4016 : Net u_ddr3_top/u_sdram_fifo_ctrl/clk_ref driven by BUFG (271 clock/control pins, 1 other pins).
SYN-4016 : Net u_clk_wiz_1/clk0_out driven by BUFG (58 clock/control pins, 1 other pins).
SYN-4016 : Net config_inst_syn_10 driven by BUFG (133 clock/control pins, 0 other pins).
SYN-4027 : Net u_ddr3_top/clk_sdram is clkc1 of pll u_clk_wiz_0/pll_inst.
SYN-4027 : Net u_ddr3_top/u_sdram_fifo_ctrl/wrfifo/clkw is clkc3 of pll u_clk_wiz_0/pll_inst.
SYN-4027 : Net u_sd_ctrl_top/u_sd_read/clk_ref_180deg is clkc4 of pll u_clk_wiz_0/pll_inst.
SYN-4019 : Net sys_clk_dup_1 is refclk of pll u_clk_wiz_0/pll_inst.
SYN-4020 : Net sys_clk_dup_1 is fbclk of pll u_clk_wiz_0/pll_inst.
SYN-4027 : Net u_hdmi_top/debayer_h/pclk is clkc1 of pll u_clk_wiz_1/pll_inst.
SYN-4019 : Net sys_clk_dup_1 is refclk of pll u_clk_wiz_1/pll_inst.
SYN-4020 : Net sys_clk_dup_1 is fbclk of pll u_clk_wiz_1/pll_inst.
SYN-4024 : Net "u_sd_ctrl_top/u_sd_init/div_clk" drives clk pins.
SYN-4025 : Tag rtl::Net config_inst_syn_10 as clock net
SYN-4025 : Tag rtl::Net sys_clk_dup_1 as clock net
SYN-4025 : Tag rtl::Net u_clk_wiz_1/clk0_out as clock net
SYN-4025 : Tag rtl::Net u_ddr3_top/clk_sdram as clock net
SYN-4025 : Tag rtl::Net u_ddr3_top/u_sdram_fifo_ctrl/clk_ref as clock net
SYN-4025 : Tag rtl::Net u_ddr3_top/u_sdram_fifo_ctrl/wrfifo/clkw as clock net
SYN-4025 : Tag rtl::Net u_hdmi_top/debayer_h/pclk as clock net
SYN-4025 : Tag rtl::Net u_sd_ctrl_top/u_sd_init/div_clk as clock net
SYN-4025 : Tag rtl::Net u_sd_ctrl_top/u_sd_read/clk_ref_180deg as clock net
SYN-4026 : Tagged 9 rtl::Net as clock net
SYN-4015 : Create BUFG instance for clk Net u_sd_ctrl_top/u_sd_init/div_clk to drive 101 clock pins.
PHY-1001 : Populate physical database on model sd_bmp_hdmi.
RUN-1001 : There are total 5708 instances
RUN-0007 : 1947 luts, 2430 seqs, 800 mslices, 435 lslices, 71 pads, 16 brams, 0 dsps
RUN-1001 : There are total 7609 nets
RUN-1001 : 5411 nets have 2 pins
RUN-1001 : 1598 nets have [3 - 5] pins
RUN-1001 : 380 nets have [6 - 10] pins
RUN-1001 : 165 nets have [11 - 20] pins
RUN-1001 : 42 nets have [21 - 99] pins
RUN-1001 : 13 nets have 100+ pins
RUN-1001 : Report Control nets information:
RUN-1001 : DFF Distribution
RUN-1001 : ----------------------------------
RUN-1001 :   CE   |  SSR  |  ASR  |  DFF Count  
RUN-1001 : ----------------------------------
RUN-1001 :   No   |  No   |  No   |     123     
RUN-1001 :   No   |  No   |  Yes  |    1793     
RUN-1001 :   No   |  Yes  |  No   |     64      
RUN-1001 :   Yes  |  No   |  No   |     19      
RUN-1001 :   Yes  |  No   |  Yes  |     431     
RUN-1001 :   Yes  |  Yes  |  No   |      0      
RUN-1001 : ----------------------------------
RUN-0007 : Control Group Statistic
RUN-0007 : ---------------------------
RUN-0007 :   #CLK  |  #CE  |  #SSR/ASR  
RUN-0007 : ---------------------------
RUN-0007 :    9    |  22   |     14     
RUN-0007 : ---------------------------
RUN-0007 : Control Set = 44
PHY-3001 : Initial placement ...
PHY-3001 : design contains 5706 instances, 1947 luts, 2430 seqs, 1235 slices, 288 macros(1235 instances: 800 mslices 435 lslices)
PHY-3001 : Huge net u_hdmi_top/sys_rst_n with 1498 pins
PHY-0007 : Cell area utilization is 22%
PHY-3001 : Start timing update ...
RUN-1002 : start command "start_timer -report"
TMR-2505 : Start building timing graph for model sd_bmp_hdmi.
TMR-2506 : Build timing graph completely. Port num: 9, tpin num: 27790, tnet num: 7607, tinst num: 5706, tnode num: 35545, tedge num: 48307.
TMR-2508 : Levelizing timing graph completed, there are 29 levels in total.
TMR-2501 : Timing graph initialized successfully.
TMR-2503 : Start to update net delay, extr mode = 2.
TMR-2504 : Update delay of 7607 nets completely.
TMR-2502 : Annotate delay completely, extr mode = 2.
TMR-3001 : Initiate 0 clocks from SDC.
TMR-3004 : Map sdc constraints, there are 8 constraints in total.
TMR-3003 : Constraints initiated successfully.
TMR-3501 : Forward propagation: start to calculate arrival time...
TMR-3502 : Backward propagation: start to calculate required time...
TMR-3503 : Timing propagation completes.
PHY-3001 : End timing update;  0.753042s wall, 0.687500s user + 0.031250s system = 0.718750s CPU (95.4%)

PHY-3001 : Global placement ...
PHY-3001 : Initial: Len = 1.7888e+06
PHY-3001 : Clustering ...
PHY-3001 : Level 0 #clusters 5706.
PHY-3001 : End clustering;  0.000038s wall, 0.000000s user + 0.000000s system = 0.000000s CPU (n/a%)

PHY-3001 : Run with size of 4
PHY-3001 : Cell area utilization is 22%
PHY-3001 : :::0::: Try harder cell spreading with beta_ = 0
PHY-3002 : Step(1): len = 1.10903e+06, overlap = 40.5
PHY-3002 : Step(2): len = 926658, overlap = 30.5
PHY-3002 : Step(3): len = 567594, overlap = 49.4375
PHY-3002 : Step(4): len = 494033, overlap = 59.375
PHY-3002 : Step(5): len = 403596, overlap = 93.4062
PHY-3002 : Step(6): len = 354877, overlap = 108.25
PHY-3002 : Step(7): len = 312125, overlap = 129.094
PHY-3002 : Step(8): len = 275982, overlap = 135.938
PHY-3002 : Step(9): len = 251357, overlap = 159.125
PHY-3002 : Step(10): len = 228982, overlap = 174.719
PHY-3002 : Step(11): len = 214728, overlap = 183
PHY-3002 : Step(12): len = 201031, overlap = 207.219
PHY-3002 : Step(13): len = 188205, overlap = 214.188
PHY-3002 : Step(14): len = 178225, overlap = 221.188
PHY-3002 : Step(15): len = 166740, overlap = 236
PHY-3002 : Step(16): len = 159036, overlap = 256.562
PHY-3002 : Step(17): len = 153758, overlap = 265.375
PHY-3001 : :::1::: Try harder cell spreading with beta_ = 1.45448e-05
PHY-3002 : Step(18): len = 155958, overlap = 242.875
PHY-3002 : Step(19): len = 161908, overlap = 199.156
PHY-3002 : Step(20): len = 170054, overlap = 162.625
PHY-3002 : Step(21): len = 178728, overlap = 126.094
PHY-3002 : Step(22): len = 176880, overlap = 100.406
PHY-3002 : Step(23): len = 171623, overlap = 91.75
PHY-3002 : Step(24): len = 165442, overlap = 87.2188
PHY-3002 : Step(25): len = 163674, overlap = 89.4375
PHY-3002 : Step(26): len = 158578, overlap = 80.9688
PHY-3002 : Step(27): len = 157044, overlap = 85.0312
PHY-3002 : Step(28): len = 153289, overlap = 91.6562
PHY-3002 : Step(29): len = 150364, overlap = 97.5312
PHY-3002 : Step(30): len = 149621, overlap = 102.156
PHY-3002 : Step(31): len = 146311, overlap = 109.688
PHY-3002 : Step(32): len = 145876, overlap = 110.094
PHY-3002 : Step(33): len = 142664, overlap = 111.906
PHY-3002 : Step(34): len = 143087, overlap = 114.656
PHY-3002 : Step(35): len = 142026, overlap = 115.969
PHY-3002 : Step(36): len = 141450, overlap = 109.688
PHY-3002 : Step(37): len = 139560, overlap = 115.219
PHY-3002 : Step(38): len = 139410, overlap = 124.938
PHY-3002 : Step(39): len = 137798, overlap = 135.188
PHY-3002 : Step(40): len = 136732, overlap = 124.531
PHY-3002 : Step(41): len = 135594, overlap = 131
PHY-3001 : :::2::: Try harder cell spreading with beta_ = 2.90896e-05
PHY-3002 : Step(42): len = 136234, overlap = 130.375
PHY-3002 : Step(43): len = 136461, overlap = 132.438
PHY-3002 : Step(44): len = 136519, overlap = 126.094
PHY-3001 : :::3::: Try harder cell spreading with beta_ = 5.81791e-05
PHY-3002 : Step(45): len = 135586, overlap = 116.625
PHY-3002 : Step(46): len = 135541, overlap = 114.562
PHY-3002 : Step(47): len = 137404, overlap = 105.438
PHY-3002 : Step(48): len = 138511, overlap = 103.406
PHY-3002 : Step(49): len = 140455, overlap = 99.9062
PHY-3001 : Legalization ...
PHY-3001 : End legalization;  0.016266s wall, 0.000000s user + 0.000000s system = 0.000000s CPU (n/a%)

PHY-3001 : Run with size of 4
PHY-3001 : Cell area utilization is 27%
PHY-3001 : Update timing in Manhattan mode ...
TMR-2503 : Start to update net delay, extr mode = 3.
TMR-2504 : Update delay of 7607 nets completely.
TMR-2502 : Annotate delay completely, extr mode = 3.
TMR-3501 : Forward propagation: start to calculate arrival time...
TMR-3502 : Backward propagation: start to calculate required time...
TMR-3503 : Timing propagation completes.
PHY-3001 : End timing update;  0.144477s wall, 0.109375s user + 0.000000s system = 0.109375s CPU (75.7%)

PHY-3001 : :::0::: Try harder cell spreading with beta_ = 2.94182e-06
PHY-3002 : Step(50): len = 142560, overlap = 215.781
PHY-3002 : Step(51): len = 142602, overlap = 221.469
PHY-3002 : Step(52): len = 137666, overlap = 236.75
PHY-3002 : Step(53): len = 137515, overlap = 237.594
PHY-3002 : Step(54): len = 134994, overlap = 244.844
PHY-3002 : Step(55): len = 134772, overlap = 246.844
PHY-3002 : Step(56): len = 132360, overlap = 258.125
PHY-3002 : Step(57): len = 132277, overlap = 266.281
PHY-3002 : Step(58): len = 129179, overlap = 269.625
PHY-3002 : Step(59): len = 129051, overlap = 269.781
PHY-3002 : Step(60): len = 128750, overlap = 269.531
PHY-3001 : :::1::: Try harder cell spreading with beta_ = 5.88364e-06
PHY-3002 : Step(61): len = 128957, overlap = 266.812
PHY-3002 : Step(62): len = 128957, overlap = 266.812
PHY-3002 : Step(63): len = 129363, overlap = 262.562
PHY-3001 : :::2::: Try harder cell spreading with beta_ = 1.17673e-05
PHY-3002 : Step(64): len = 133737, overlap = 238.25
PHY-3002 : Step(65): len = 134061, overlap = 236.875
PHY-3002 : Step(66): len = 136332, overlap = 210.656
PHY-3002 : Step(67): len = 137003, overlap = 202.844
PHY-3002 : Step(68): len = 138507, overlap = 188.188
PHY-3001 : :::3::: Try harder cell spreading with beta_ = 2.35346e-05
PHY-3002 : Step(69): len = 139522, overlap = 173.469
PHY-3002 : Step(70): len = 139857, overlap = 171.812
PHY-3002 : Step(71): len = 144654, overlap = 150.75
PHY-3002 : Step(72): len = 148996, overlap = 144.344
PHY-3002 : Step(73): len = 147368, overlap = 143.875
PHY-3002 : Step(74): len = 147015, overlap = 138.125
PHY-3002 : Step(75): len = 147015, overlap = 138.125
PHY-3001 : :::4::: Try harder cell spreading with beta_ = 4.70691e-05
PHY-3002 : Step(76): len = 148305, overlap = 138.344
PHY-3002 : Step(77): len = 148598, overlap = 140.438
PHY-3002 : Step(78): len = 154240, overlap = 133.844
PHY-3002 : Step(79): len = 154696, overlap = 126.594
PHY-3002 : Step(80): len = 153549, overlap = 115.719
PHY-3002 : Step(81): len = 153395, overlap = 114.312
PHY-3001 : :::5::: Try harder cell spreading with beta_ = 9.41383e-05
PHY-3002 : Step(82): len = 152520, overlap = 115.312
PHY-3002 : Step(83): len = 152520, overlap = 115.312
PHY-3002 : Step(84): len = 152010, overlap = 115.344
PHY-3001 : :::6::: Try harder cell spreading with beta_ = 0.000188277
PHY-3002 : Step(85): len = 154667, overlap = 118.781
PHY-3002 : Step(86): len = 154865, overlap = 118.656
PHY-3002 : Step(87): len = 156930, overlap = 119.656
PHY-3002 : Step(88): len = 157612, overlap = 120.844
PHY-3002 : Step(89): len = 158248, overlap = 119.281
PHY-3001 : :::7::: Try harder cell spreading with beta_ = 0.000376553
PHY-3002 : Step(90): len = 156974, overlap = 116.844
PHY-3002 : Step(91): len = 156879, overlap = 116.469
PHY-3002 : Step(92): len = 156025, overlap = 114.875
PHY-3001 : Run with size of 2
PHY-3001 : Cell area utilization is 27%
PHY-3001 : Update timing in Manhattan mode ...
TMR-2503 : Start to update net delay, extr mode = 3.
TMR-2504 : Update delay of 7607 nets completely.
TMR-2502 : Annotate delay completely, extr mode = 3.
TMR-3501 : Forward propagation: start to calculate arrival time...
TMR-3502 : Backward propagation: start to calculate required time...
TMR-3503 : Timing propagation completes.
PHY-3001 : End timing update;  0.166491s wall, 0.109375s user + 0.000000s system = 0.109375s CPU (65.7%)

PHY-3001 : :::0::: Try harder cell spreading with beta_ = 2.56947e-05
PHY-3002 : Step(93): len = 159795, overlap = 279.562
PHY-3002 : Step(94): len = 160789, overlap = 267.625
PHY-3002 : Step(95): len = 161876, overlap = 244.625
PHY-3002 : Step(96): len = 161262, overlap = 221
PHY-3002 : Step(97): len = 160685, overlap = 205.969
PHY-3002 : Step(98): len = 157112, overlap = 202.344
PHY-3002 : Step(99): len = 155426, overlap = 204.281
PHY-3002 : Step(100): len = 154807, overlap = 208.156
PHY-3001 : :::1::: Try harder cell spreading with beta_ = 5.13894e-05
PHY-3002 : Step(101): len = 154471, overlap = 196.375
PHY-3002 : Step(102): len = 154683, overlap = 196.25
PHY-3002 : Step(103): len = 155393, overlap = 188.469
PHY-3001 : :::2::: Try harder cell spreading with beta_ = 0.000102779
PHY-3002 : Step(104): len = 157972, overlap = 183.5
PHY-3002 : Step(105): len = 158476, overlap = 181.375
PHY-3002 : Step(106): len = 162173, overlap = 163.75
PHY-3002 : Step(107): len = 162977, overlap = 154.344
PHY-3002 : Step(108): len = 162335, overlap = 153.625
PHY-3002 : Step(109): len = 162335, overlap = 153.625
PHY-3001 : :::3::: Try harder cell spreading with beta_ = 0.000205558
PHY-3002 : Step(110): len = 163342, overlap = 150
PHY-3002 : Step(111): len = 163861, overlap = 150.969
PHY-3002 : Step(112): len = 164720, overlap = 152
OPT-1001 : Start physical optimization ...
RUN-1002 : start command "start_timer -report"
TMR-2505 : Start building timing graph for model sd_bmp_hdmi.
TMR-2506 : Build timing graph completely. Port num: 9, tpin num: 27790, tnet num: 7607, tinst num: 5706, tnode num: 35545, tedge num: 48307.
TMR-2508 : Levelizing timing graph completed, there are 29 levels in total.
TMR-2501 : Timing graph initialized successfully.
OPT-1001 : Total overflow 375.19 peak overflow 4.53
OPT-1001 : Start high-fanout net optimization ...
OPT-1001 : Update timing in global mode
PHY-1001 : Start incremental global routing, caller is place ...
RUN-1001 : Generating global routing grids ...
RUN-1001 : Building simple global routing graph ...
PHY-1001 : Generate routing nets ...
PHY-1001 : Reuse net number 0/7609.
PHY-1001 : Global iterations in 16 thread ...
PHY-1002 : len = 191576, over cnt = 942(2%), over = 3838, worst = 26
PHY-1001 : End global iterations;  0.337779s wall, 0.250000s user + 0.031250s system = 0.281250s CPU (83.3%)

PHY-1001 : Congestion index: top1 = 53.17, top5 = 41.60, top10 = 34.98, top15 = 30.35.
PHY-1001 : End incremental global routing;  0.444111s wall, 0.359375s user + 0.031250s system = 0.390625s CPU (88.0%)

TMR-2503 : Start to update net delay, extr mode = 5.
TMR-2504 : Update delay of 7607 nets completely.
TMR-2502 : Annotate delay completely, extr mode = 5.
TMR-3001 : Initiate 0 clocks from SDC.
TMR-3004 : Map sdc constraints, there are 8 constraints in total.
TMR-3003 : Constraints initiated successfully.
TMR-3501 : Forward propagation: start to calculate arrival time...
TMR-3502 : Backward propagation: start to calculate required time...
TMR-3503 : Timing propagation completes.
OPT-1001 : End timing update;  0.175443s wall, 0.156250s user + 0.000000s system = 0.156250s CPU (89.1%)

OPT-1001 : 0 high-fanout net processed.
OPT-1001 : End high-fanout net optimization;  0.733166s wall, 0.578125s user + 0.031250s system = 0.609375s CPU (83.1%)

OPT-1001 : Current memory(MB): used = 306, reserve = 272, peak = 306.
OPT-1001 : Start global optimization ...
OPT-1001 : Start congestion update ...
RUN-1001 : Generating global routing grids ...
PHY-1001 : Generate routing nets ...
PHY-1001 : Reuse net number 5844/7609.
PHY-1001 : Global iterations in 16 thread ...
PHY-1002 : len = 191576, over cnt = 942(2%), over = 3838, worst = 26
PHY-1002 : len = 214192, over cnt = 700(1%), over = 1947, worst = 19
PHY-1002 : len = 228280, over cnt = 327(0%), over = 780, worst = 19
PHY-1002 : len = 239888, over cnt = 26(0%), over = 32, worst = 3
PHY-1002 : len = 240656, over cnt = 0(0%), over = 0, worst = 0
PHY-1001 : End global iterations;  0.598919s wall, 0.250000s user + 0.000000s system = 0.250000s CPU (41.7%)

PHY-1001 : Congestion index: top1 = 46.36, top5 = 39.75, top10 = 35.37, top15 = 31.90.
OPT-1001 : End congestion update;  0.717449s wall, 0.296875s user + 0.000000s system = 0.296875s CPU (41.4%)

OPT-1001 : Update timing in Manhattan mode
TMR-2503 : Start to update net delay, extr mode = 3.
TMR-2504 : Update delay of 7607 nets completely.
TMR-2502 : Annotate delay completely, extr mode = 3.
TMR-3501 : Forward propagation: start to calculate arrival time...
TMR-3502 : Backward propagation: start to calculate required time...
TMR-3503 : Timing propagation completes.
OPT-1001 : End timing update;  0.147062s wall, 0.109375s user + 0.000000s system = 0.109375s CPU (74.4%)

OPT-0007 : Start: WNS 999120 TNS 0 NUM_FEPS 0
OPT-1001 : End global optimization;  0.864737s wall, 0.406250s user + 0.000000s system = 0.406250s CPU (47.0%)

OPT-1001 : Current memory(MB): used = 310, reserve = 277, peak = 310.
OPT-1001 : End physical optimization;  2.330709s wall, 1.671875s user + 0.046875s system = 1.718750s CPU (73.7%)

PHY-3001 : Start packing ...
SYN-4007 : Packing 0 MUX to BLE ...
SYN-4008 : Packed 0 MUX and 0 SEQ to BLE.
SYN-4007 : Packing 1947 LUT to BLE ...
SYN-4008 : Packed 1947 LUT and 1197 SEQ to BLE.
SYN-4003 : Packing 1233 remaining SEQ's ...
SYN-4005 : Packed 643 SEQ with LUT/SLICE
SYN-4006 : 361 single LUT's are left
SYN-4006 : 590 single SEQ's are left
SYN-4011 : Packing model "sd_bmp_hdmi" (AL_USER_NORMAL) with 2537/4028 primitive instances ...
PHY-3001 : End packing;  0.216170s wall, 0.203125s user + 0.000000s system = 0.203125s CPU (94.0%)

PHY-1001 : Populate physical database on model sd_bmp_hdmi.
RUN-1001 : There are total 2690 instances
RUN-1001 : 1297 mslices, 1297 lslices, 71 pads, 16 brams, 0 dsps
RUN-1001 : There are total 6511 nets
RUN-1001 : 4331 nets have 2 pins
RUN-1001 : 1565 nets have [3 - 5] pins
RUN-1001 : 399 nets have [6 - 10] pins
RUN-1001 : 161 nets have [11 - 20] pins
RUN-1001 : 45 nets have [21 - 99] pins
RUN-1001 : 10 nets have 100+ pins
PHY-3001 : design contains 2688 instances, 2594 slices, 288 macros(1235 instances: 800 mslices 435 lslices)
PHY-3001 : Cell area utilization is 32%
PHY-3001 : After packing: Len = 168379, Over = 194.5
PHY-3001 : Run with size of 2
PHY-3001 : Cell area utilization is 32%
PHY-3001 : Update timing in Manhattan mode ...
RUN-1002 : start command "start_timer -report"
TMR-2505 : Start building timing graph for model sd_bmp_hdmi.
TMR-2506 : Build timing graph completely. Port num: 9, tpin num: 23461, tnet num: 6509, tinst num: 2688, tnode num: 28917, tedge num: 43223.
TMR-2508 : Levelizing timing graph completed, there are 29 levels in total.
TMR-2501 : Timing graph initialized successfully.
TMR-2503 : Start to update net delay, extr mode = 3.
TMR-2504 : Update delay of 6509 nets completely.
TMR-2502 : Annotate delay completely, extr mode = 3.
TMR-3001 : Initiate 0 clocks from SDC.
TMR-3004 : Map sdc constraints, there are 8 constraints in total.
TMR-3003 : Constraints initiated successfully.
TMR-3501 : Forward propagation: start to calculate arrival time...
TMR-3502 : Backward propagation: start to calculate required time...
TMR-3503 : Timing propagation completes.
PHY-3001 : End timing update;  0.828415s wall, 0.593750s user + 0.031250s system = 0.625000s CPU (75.4%)

PHY-3001 : :::0::: Try harder cell spreading with beta_ = 1.89412e-05
PHY-3002 : Step(113): len = 165579, overlap = 192.25
PHY-3002 : Step(114): len = 165202, overlap = 189.5
PHY-3002 : Step(115): len = 162864, overlap = 189.75
PHY-3002 : Step(116): len = 161534, overlap = 192.75
PHY-3002 : Step(117): len = 159632, overlap = 200.5
PHY-3002 : Step(118): len = 157681, overlap = 203.75
PHY-3002 : Step(119): len = 156095, overlap = 207.25
PHY-3002 : Step(120): len = 154694, overlap = 207.5
PHY-3002 : Step(121): len = 153916, overlap = 206.75
PHY-3002 : Step(122): len = 153145, overlap = 205.25
PHY-3001 : :::1::: Try harder cell spreading with beta_ = 3.78825e-05
PHY-3002 : Step(123): len = 155268, overlap = 199
PHY-3002 : Step(124): len = 155974, overlap = 197.25
PHY-3002 : Step(125): len = 159917, overlap = 186.75
PHY-3002 : Step(126): len = 161727, overlap = 177.75
PHY-3002 : Step(127): len = 163732, overlap = 168.75
PHY-3001 : :::2::: Try harder cell spreading with beta_ = 7.5765e-05
PHY-3002 : Step(128): len = 165907, overlap = 152.75
PHY-3002 : Step(129): len = 166748, overlap = 152
PHY-3002 : Step(130): len = 170249, overlap = 146.75
PHY-3002 : Step(131): len = 171933, overlap = 144.25
PHY-3002 : Step(132): len = 173611, overlap = 138
PHY-3001 : Legalization ...
PHY-3001 : End legalization;  0.631157s wall, 0.046875s user + 0.250000s system = 0.296875s CPU (47.0%)

PHY-3001 : Trial Legalized: Len = 218136
PHY-3001 : Run with size of 2
PHY-3001 : Cell area utilization is 31%
PHY-3001 : Update timing in Manhattan mode ...
TMR-2503 : Start to update net delay, extr mode = 3.
TMR-2504 : Update delay of 6509 nets completely.
TMR-2502 : Annotate delay completely, extr mode = 3.
TMR-3501 : Forward propagation: start to calculate arrival time...
TMR-3502 : Backward propagation: start to calculate required time...
TMR-3503 : Timing propagation completes.
PHY-3001 : End timing update;  0.121868s wall, 0.046875s user + 0.000000s system = 0.046875s CPU (38.5%)

PHY-3001 : :::0::: Try harder cell spreading with beta_ = 0.000141203
PHY-3002 : Step(133): len = 202831, overlap = 15.5
PHY-3002 : Step(134): len = 195598, overlap = 36
PHY-3002 : Step(135): len = 191715, overlap = 43.25
PHY-3002 : Step(136): len = 190165, overlap = 45.25
PHY-3002 : Step(137): len = 188612, overlap = 48.75
PHY-3002 : Step(138): len = 188049, overlap = 52
PHY-3002 : Step(139): len = 187667, overlap = 54.5
PHY-3001 : :::1::: Try harder cell spreading with beta_ = 0.000282406
PHY-3002 : Step(140): len = 189503, overlap = 54.25
PHY-3002 : Step(141): len = 190530, overlap = 54.75
PHY-3002 : Step(142): len = 192382, overlap = 51.5
PHY-3001 : :::2::: Try harder cell spreading with beta_ = 0.000564812
PHY-3002 : Step(143): len = 194822, overlap = 49.25
PHY-3002 : Step(144): len = 195541, overlap = 48.5
PHY-3002 : Step(145): len = 196565, overlap = 45.75
PHY-3002 : Step(146): len = 196970, overlap = 44.75
PHY-3002 : Step(147): len = 197357, overlap = 44.5
PHY-3001 : Legalization ...
PHY-3001 : End legalization;  0.007672s wall, 0.000000s user + 0.000000s system = 0.000000s CPU (n/a%)

PHY-3001 : Legalized: Len = 207841, Over = 0
PHY-3001 : Spreading special nets. 32 overflows in 2952 tiles.
PHY-3001 : End spreading;  0.021102s wall, 0.015625s user + 0.000000s system = 0.015625s CPU (74.0%)

PHY-3001 : 44 instances has been re-located, deltaX = 13, deltaY = 24, maxDist = 2.
PHY-3001 : Final: Len = 208617, Over = 0
PHY-3001 : BANK 6 DIFFRESISTOR:NONE VOD:350M VCM:1.2
OPT-1001 : Start physical optimization ...
RUN-1002 : start command "start_timer -report"
TMR-2505 : Start building timing graph for model sd_bmp_hdmi.
TMR-2506 : Build timing graph completely. Port num: 9, tpin num: 23461, tnet num: 6509, tinst num: 2689, tnode num: 28917, tedge num: 43223.
TMR-2508 : Levelizing timing graph completed, there are 29 levels in total.
TMR-2501 : Timing graph initialized successfully.
OPT-1001 : Total overflow 0.00 peak overflow 0.00
OPT-1001 : Start high-fanout net optimization ...
OPT-1001 : Update timing in global mode
PHY-1001 : Start incremental global routing, caller is place ...
RUN-1001 : Generating global routing grids ...
PHY-1001 : Generate routing nets ...
PHY-1001 : Reuse net number 203/6511.
PHY-1001 : Global iterations in 16 thread ...
PHY-1002 : len = 248072, over cnt = 734(2%), over = 1216, worst = 8
PHY-1002 : len = 254376, over cnt = 389(1%), over = 517, worst = 6
PHY-1002 : len = 258440, over cnt = 149(0%), over = 203, worst = 3
PHY-1002 : len = 260960, over cnt = 19(0%), over = 22, worst = 3
PHY-1002 : len = 261320, over cnt = 0(0%), over = 0, worst = 0
PHY-1001 : End global iterations;  0.716417s wall, 0.484375s user + 0.000000s system = 0.484375s CPU (67.6%)

PHY-1001 : Congestion index: top1 = 39.16, top5 = 33.42, top10 = 30.25, top15 = 27.95.
PHY-1001 : End incremental global routing;  0.858750s wall, 0.593750s user + 0.000000s system = 0.593750s CPU (69.1%)

TMR-2503 : Start to update net delay, extr mode = 5.
TMR-2504 : Update delay of 6509 nets completely.
TMR-2502 : Annotate delay completely, extr mode = 5.
TMR-3001 : Initiate 0 clocks from SDC.
TMR-3004 : Map sdc constraints, there are 8 constraints in total.
TMR-3003 : Constraints initiated successfully.
TMR-3501 : Forward propagation: start to calculate arrival time...
TMR-3502 : Backward propagation: start to calculate required time...
TMR-3503 : Timing propagation completes.
OPT-1001 : End timing update;  0.161977s wall, 0.171875s user + 0.000000s system = 0.171875s CPU (106.1%)

OPT-1001 : 0 high-fanout net processed.
OPT-1001 : End high-fanout net optimization;  1.123498s wall, 0.859375s user + 0.000000s system = 0.859375s CPU (76.5%)

OPT-1001 : Current memory(MB): used = 319, reserve = 287, peak = 319.
OPT-1001 : Start path based optimization ...
OPT-1001 : Start congestion update ...
RUN-1001 : Generating global routing grids ...
PHY-1001 : Generate routing nets ...
PHY-1001 : Reuse net number 5689/6511.
PHY-1001 : Global iterations in 16 thread ...
PHY-1002 : len = 261320, over cnt = 0(0%), over = 0, worst = 0
PHY-1001 : End global iterations;  0.035159s wall, 0.031250s user + 0.000000s system = 0.031250s CPU (88.9%)

PHY-1001 : Congestion index: top1 = 39.16, top5 = 33.42, top10 = 30.25, top15 = 27.95.
OPT-1001 : End congestion update;  0.157392s wall, 0.125000s user + 0.000000s system = 0.125000s CPU (79.4%)

OPT-1001 : Update timing in Manhattan mode
TMR-2503 : Start to update net delay, extr mode = 3.
TMR-2504 : Update delay of 6509 nets completely.
TMR-2502 : Annotate delay completely, extr mode = 3.
TMR-3501 : Forward propagation: start to calculate arrival time...
TMR-3502 : Backward propagation: start to calculate required time...
TMR-3503 : Timing propagation completes.
OPT-1001 : End timing update;  0.124327s wall, 0.078125s user + 0.000000s system = 0.078125s CPU (62.8%)

OPT-0007 : Start: WNS 998995 TNS 0 NUM_FEPS 0
OPT-1001 : End path based optimization;  0.281914s wall, 0.203125s user + 0.000000s system = 0.203125s CPU (72.1%)

OPT-1001 : Current memory(MB): used = 321, reserve = 289, peak = 321.
OPT-1001 : Update timing in Manhattan mode
TMR-2503 : Start to update net delay, extr mode = 3.
TMR-2504 : Update delay of 6509 nets completely.
TMR-2502 : Annotate delay completely, extr mode = 3.
TMR-3501 : Forward propagation: start to calculate arrival time...
TMR-3502 : Backward propagation: start to calculate required time...
TMR-3503 : Timing propagation completes.
OPT-1001 : End timing update;  0.118324s wall, 0.109375s user + 0.000000s system = 0.109375s CPU (92.4%)

OPT-1001 : Start pin optimization...
OPT-1001 : skip pin optimization...
RUN-1001 : Generating global routing grids ...
PHY-1001 : Generate routing nets ...
PHY-1001 : Reuse net number 5689/6511.
PHY-1001 : Global iterations in 16 thread ...
PHY-1002 : len = 261320, over cnt = 0(0%), over = 0, worst = 0
PHY-1001 : End global iterations;  0.033801s wall, 0.000000s user + 0.000000s system = 0.000000s CPU (n/a%)

PHY-1001 : Congestion index: top1 = 39.16, top5 = 33.42, top10 = 30.25, top15 = 27.95.
OPT-1001 : Update timing in Manhattan mode
TMR-2503 : Start to update net delay, extr mode = 3.
TMR-2504 : Update delay of 6509 nets completely.
TMR-2502 : Annotate delay completely, extr mode = 3.
TMR-3501 : Forward propagation: start to calculate arrival time...
TMR-3502 : Backward propagation: start to calculate required time...
TMR-3503 : Timing propagation completes.
OPT-1001 : End timing update;  0.130012s wall, 0.125000s user + 0.000000s system = 0.125000s CPU (96.1%)

RUN-1001 : QoR Analysis:
OPT-0007 :   WNS 998995 TNS 0 NUM_FEPS 0
RUN-1001 :   No local congestion issue, and most congested 1% tile average routing util is 38.689655
RUN-1001 :   Top critical paths
OPT-1001 : End physical optimization;  2.582479s wall, 2.093750s user + 0.000000s system = 2.093750s CPU (81.1%)

RUN-1003 : finish command "place" in  14.037654s wall, 9.109375s user + 2.296875s system = 11.406250s CPU (81.3%)

RUN-1004 : used memory is 303 MB, reserved memory is 272 MB, peak memory is 322 MB
RUN-1002 : start command "export_db SD-SDRAM-ISP-HDMI_place.db"
RUN-1001 : Exported /
RUN-1001 : Exported flow parameters
RUN-1001 : Exported libs
RUN-1001 : Exported entities
RUN-1001 : Exported ports
RUN-1001 : Exported pins
RUN-1001 : Exported instances
RUN-1001 : Exported nets
RUN-1001 : Exported buses
RUN-1001 : Exported models
RUN-1001 : Exported congestions
RUN-1001 : Exported violations
RUN-1001 : Exported timing constraints
RUN-1001 : Exported IO constraints
RUN-1001 : Exported Inst constraints
RUN-1001 : Exported ChipWatcher
RUN-1002 : start command "route"
RUN-1001 : Open license file F:/ARMChina/license/Anlogic.lic
RUN-1001 : Print Global Property
RUN-1001 : ---------------------------------------------------------------
RUN-1001 :        Parameters        |  Settings  |  Default Values  |  Note  
RUN-1001 : ---------------------------------------------------------------
RUN-1001 :          message         |  standard  |     standard     |        
RUN-1001 :   mixed_pack_place_flow  |     on     |        on        |        
RUN-1001 :        qor_monitor       |    off     |       off        |        
RUN-1001 :        syn_ip_flow       |    off     |       off        |        
RUN-1001 :          thread          |    auto    |       auto       |        
RUN-1001 : ---------------------------------------------------------------
RUN-1001 : Print Route Property
RUN-1001 : -------------------------------------------------------
RUN-1001 :    Parameters    |  Settings  |  Default Values  |  Note  
RUN-1001 : -------------------------------------------------------
RUN-1001 :      effort      |   medium   |      medium      |        
RUN-1001 :     fix_hold     |    off     |       off        |        
RUN-1001 :    opt_timing    |   medium   |      medium      |        
RUN-1001 :   phy_sim_model  |    off     |       off        |        
RUN-1001 :     priority     |   timing   |      timing      |        
RUN-1001 :     swap_pin     |     on     |        on        |        
RUN-1001 : -------------------------------------------------------
PHY-1001 : Route runs in 16 thread(s)
RUN-1001 : There are total 2691 instances
RUN-1001 : 1297 mslices, 1297 lslices, 71 pads, 16 brams, 0 dsps
RUN-1001 : There are total 6511 nets
RUN-1001 : 4331 nets have 2 pins
RUN-1001 : 1565 nets have [3 - 5] pins
RUN-1001 : 399 nets have [6 - 10] pins
RUN-1001 : 161 nets have [11 - 20] pins
RUN-1001 : 45 nets have [21 - 99] pins
RUN-1001 : 10 nets have 100+ pins
RUN-1002 : start command "start_timer -report"
TMR-2505 : Start building timing graph for model sd_bmp_hdmi.
TMR-2506 : Build timing graph completely. Port num: 9, tpin num: 23461, tnet num: 6509, tinst num: 2689, tnode num: 28917, tedge num: 43223.
TMR-2508 : Levelizing timing graph completed, there are 29 levels in total.
TMR-2501 : Timing graph initialized successfully.
PHY-1001 : 1297 mslices, 1297 lslices, 71 pads, 16 brams, 0 dsps
TMR-2503 : Start to update net delay, extr mode = 3.
TMR-2504 : Update delay of 6509 nets completely.
TMR-2502 : Annotate delay completely, extr mode = 3.
TMR-3001 : Initiate 0 clocks from SDC.
TMR-3004 : Map sdc constraints, there are 8 constraints in total.
TMR-3003 : Constraints initiated successfully.
TMR-3501 : Forward propagation: start to calculate arrival time...
TMR-3502 : Backward propagation: start to calculate required time...
TMR-3503 : Timing propagation completes.
PHY-1001 : Start global routing, caller is route ...
RUN-1001 : Generating global routing grids ...
PHY-1001 : Generate routing nets ...
PHY-1001 : Global iterations in 16 thread ...
PHY-1002 : len = 246504, over cnt = 739(2%), over = 1225, worst = 8
PHY-1002 : len = 252040, over cnt = 436(1%), over = 616, worst = 6
PHY-1002 : len = 257376, over cnt = 153(0%), over = 175, worst = 4
PHY-1002 : len = 259984, over cnt = 0(0%), over = 0, worst = 0
PHY-1001 : End global iterations;  0.701337s wall, 0.406250s user + 0.015625s system = 0.421875s CPU (60.2%)

PHY-1001 : Congestion index: top1 = 39.35, top5 = 33.42, top10 = 30.23, top15 = 27.93.
PHY-1001 : End global routing;  0.827913s wall, 0.484375s user + 0.015625s system = 0.500000s CPU (60.4%)

PHY-1001 : Start detail routing ...
PHY-1001 : Current memory(MB): used = 351, reserve = 321, peak = 355.
PHY-1001 : Detailed router is running in normal mode.
PHY-1001 : Generate detailed routing grids ...
PHY-1001 : Generate nets ...
PHY-1001 : net sys_clk_dup_1 will be routed on clock mesh
PHY-1001 : clock net u_clk_wiz_1/clk0_out will be merged with clock u_clk_wiz_1/clk0_buf
PHY-1001 : net u_ddr3_top/clk_sdram will be routed on clock mesh
PHY-1001 : clock net u_ddr3_top/u_sdram_fifo_ctrl/clk_ref will be merged with clock u_clk_wiz_0/clk0_buf
PHY-1001 : net u_ddr3_top/u_sdram_fifo_ctrl/wrfifo/clkw will be routed on clock mesh
PHY-1001 : clock net config_inst_syn_10 will be merged with clock config_inst_syn_9
PHY-1001 : net u_hdmi_top/debayer_h/pclk will be routed on clock mesh
PHY-1001 : clock net u_sd_ctrl_top/u_sd_init/div_clk_syn_4 will be merged with clock u_sd_ctrl_top/u_sd_init/div_clk
PHY-1001 : net u_sd_ctrl_top/u_sd_read/clk_ref_180deg will be routed on clock mesh
PHY-1001 : Current memory(MB): used = 605, reserve = 578, peak = 605.
PHY-1001 : End build detailed router design. 3.572612s wall, 2.734375s user + 0.078125s system = 2.812500s CPU (78.7%)

PHY-1001 : Detail Route ...
PHY-1001 : ===== Detail Route Phase 1 =====
PHY-1001 : Clock net routing.....
PHY-1001 : Routed 0% nets.
PHY-1022 : len = 86312, over cnt = 0(0%), over = 0, worst = 0, crit = 0
PHY-1001 : End initial clock net routed; 3.072704s wall, 2.640625s user + 0.000000s system = 2.640625s CPU (85.9%)

PHY-1001 : Current memory(MB): used = 638, reserve = 612, peak = 638.
PHY-1001 : End phase 1; 3.078550s wall, 2.656250s user + 0.000000s system = 2.656250s CPU (86.3%)

PHY-1001 : ===== Detail Route Phase 2 =====
PHY-1001 : Initial routing.....
PHY-1001 : Routed 36% nets.
PHY-1001 : Routed 42% nets.
PHY-1001 : Routed 53% nets.
PHY-1001 : Routed 65% nets.
PHY-1001 : Routed 85% nets.
PHY-1022 : len = 672520, over cnt = 154(0%), over = 154, worst = 1, crit = 0
PHY-1001 : Current memory(MB): used = 640, reserve = 613, peak = 641.
PHY-1001 : End initial routed; 6.597815s wall, 4.468750s user + 0.078125s system = 4.546875s CPU (68.9%)

PHY-1001 : Update timing.....
PHY-1001 : 0/5550(0%) critical/total net(s).
RUN-1001 : ------------------------------------------
RUN-1001 :   Type   |    WNS(ns)    |  TNS(ns)  |  FEP  
RUN-1001 : ------------------------------------------
RUN-1001 :   Setup  |    998.546    |   0.000   |   0   
RUN-1001 :   Hold   |  2147483.647  |   0.000   |   0   
RUN-1001 : ------------------------------------------
PHY-1001 : End update timing; 1.008878s wall, 0.781250s user + 0.000000s system = 0.781250s CPU (77.4%)

PHY-1001 : Current memory(MB): used = 647, reserve = 619, peak = 647.
PHY-1001 : End phase 2; 7.606908s wall, 5.250000s user + 0.078125s system = 5.328125s CPU (70.0%)

PHY-1001 : ===== Detail Route Phase 3 =====
PHY-1001 : Optimize timing.....
PHY-1022 : len = 672520, over cnt = 154(0%), over = 154, worst = 1, crit = 0
PHY-1001 : End optimize timing; 0.026627s wall, 0.031250s user + 0.000000s system = 0.031250s CPU (117.4%)

PHY-1001 : Ripup-reroute.....
PHY-1001 : ===== DR Iter 1 =====
PHY-1022 : len = 669920, over cnt = 49(0%), over = 49, worst = 1, crit = 0
PHY-1001 : End DR Iter 1; 0.253942s wall, 0.093750s user + 0.000000s system = 0.093750s CPU (36.9%)

PHY-1001 : ===== DR Iter 2 =====
PHY-1022 : len = 669544, over cnt = 4(0%), over = 4, worst = 1, crit = 0
PHY-1001 : End DR Iter 2; 0.122498s wall, 0.062500s user + 0.000000s system = 0.062500s CPU (51.0%)

PHY-1001 : ===== DR Iter 3 =====
PHY-1022 : len = 669576, over cnt = 0(0%), over = 0, worst = 0, crit = 0
PHY-1001 : End DR Iter 3; 0.055860s wall, 0.000000s user + 0.000000s system = 0.000000s CPU (n/a%)

PHY-1001 : Update timing.....
PHY-1001 : 0/5550(0%) critical/total net(s).
RUN-1001 : ------------------------------------------
RUN-1001 :   Type   |    WNS(ns)    |  TNS(ns)  |  FEP  
RUN-1001 : ------------------------------------------
RUN-1001 :   Setup  |    998.546    |   0.000   |   0   
RUN-1001 :   Hold   |  2147483.647  |   0.000   |   0   
RUN-1001 : ------------------------------------------
PHY-1001 : End update timing; 1.019101s wall, 0.781250s user + 0.000000s system = 0.781250s CPU (76.7%)

PHY-1001 : Commit to database.....
PHY-1001 : 37 feed throughs used by 31 nets
PHY-1001 : End commit to database; 0.627992s wall, 0.484375s user + 0.000000s system = 0.484375s CPU (77.1%)

PHY-1001 : Current memory(MB): used = 677, reserve = 651, peak = 677.
PHY-1001 : End phase 3; 2.276732s wall, 1.609375s user + 0.015625s system = 1.625000s CPU (71.4%)

PHY-1003 : Routed, final wirelength = 669576
PHY-1001 : Current memory(MB): used = 679, reserve = 653, peak = 679.
PHY-1001 : End export database. 0.021452s wall, 0.015625s user + 0.000000s system = 0.015625s CPU (72.8%)

PHY-1001 : End detail routing;  16.801345s wall, 12.531250s user + 0.171875s system = 12.703125s CPU (75.6%)

RUN-1003 : finish command "route" in  18.578136s wall, 13.671875s user + 0.187500s system = 13.859375s CPU (74.6%)

RUN-1004 : used memory is 647 MB, reserved memory is 621 MB, peak memory is 679 MB
RUN-1002 : start command "report_area -io_info -file SD-SDRAM-ISP-HDMI_phy.area"
RUN-1001 : standard
***Report Model: sd_bmp_hdmi Device: EG4S20BG256***

IO Statistics
#IO                        12
  #input                    5
  #output                   7
  #inout                    0

Utilization Statistics
#lut                     4483   out of  19600   22.87%
#reg                     2445   out of  19600   12.47%
#le                      5073
  #lut only              2628   out of   5073   51.80%
  #reg only               590   out of   5073   11.63%
  #lut&reg               1855   out of   5073   36.57%
#dsp                        0   out of     29    0.00%
#bram                      14   out of     64   21.88%
  #bram9k                  14
  #fifo9k                   0
#bram32k                    2   out of     16   12.50%
#pad                       16   out of    188    8.51%
  #ireg                     0
  #oreg                     4
  #treg                     0
#pll                        2   out of      4   50.00%
#gclk                       4   out of     16   25.00%

Clock Resource Statistics
Index     ClockNet                                    Type               DriverType         Driver                                          Fanout
#1        u_hdmi_top/debayer_h/pclk                   GCLK               pll                u_clk_wiz_1/pll_inst.clkc1                      834
#2        u_clk_wiz_0/clk0_buf                        GCLK               pll                u_clk_wiz_0/pll_inst.clkc0                      179
#3        u_ddr3_top/u_sdram_fifo_ctrl/wrfifo/clkw    GCLK               pll                u_clk_wiz_0/pll_inst.clkc3                      158
#4        config_inst_syn_9                           GCLK               config             config_inst.jtck                                82
#5        u_sd_ctrl_top/u_sd_init/div_clk             GCLK               mslice             u_sd_ctrl_top/u_sd_init/div_clk_reg_syn_9.q0    62
#6        sys_clk_dup_1                               GCLK               io                 sys_clk_syn_2.di                                56
#7        u_clk_wiz_1/clk0_buf                        GCLK               pll                u_clk_wiz_1/pll_inst.clkc0                      35
#8        u_sd_ctrl_top/u_sd_read/clk_ref_180deg      GCLK               pll                u_clk_wiz_0/pll_inst.clkc4                      26
#9        u_ddr3_top/clk_sdram                        GCLK               pll                u_clk_wiz_0/pll_inst.clkc1                      0


Detailed IO Report

        Name           Direction    Location    IOStandard    DriveStrength    PullType    PackReg  
       sd_miso           INPUT        D14        LVCMOS33          N/A          PULLUP      NONE    
   switch_video[1]       INPUT        B10        LVCMOS33          N/A          PULLUP      NONE    
   switch_video[0]       INPUT        A10        LVCMOS33          N/A          PULLUP      NONE    
       sys_clk           INPUT         R7        LVCMOS33          N/A          PULLUP      NONE    
      sys_rst_n          INPUT         A9        LVCMOS33          N/A          PULLUP      NONE    
       sd_clk           OUTPUT        F15        LVCMOS33           8            NONE       NONE    
        sd_cs           OUTPUT        F13        LVCMOS33           8            NONE       NONE    
       sd_mosi          OUTPUT        F14        LVCMOS33           8            NONE       NONE    
     tmds_clk_p         OUTPUT         P1         LVDS33           NA            NONE      ODDRX1   
    tmds_clk_p(n)       OUTPUT         R1         LVDS33           NA            NONE      ODDRX1   
   tmds_data_p[2]       OUTPUT         J3         LVDS33           NA            NONE      ODDRX1   
  tmds_data_p[2](n)     OUTPUT         J4         LVDS33           NA            NONE      ODDRX1   
   tmds_data_p[1]       OUTPUT         P4         LVDS33           NA            NONE      ODDRX1   
  tmds_data_p[1](n)     OUTPUT         N4         LVDS33           NA            NONE      ODDRX1   
   tmds_data_p[0]       OUTPUT         N1         LVDS33           NA            NONE      ODDRX1   
  tmds_data_p[0](n)     OUTPUT         M1         LVDS33           NA            NONE      ODDRX1   
       dq[23]            INPUT        S31        LVCMOS25           8           PULLUP      NONE    
       dq[22]            INPUT        S32        LVCMOS25           8           PULLUP      NONE    
       dq[21]            INPUT        S35        LVCMOS25           8           PULLUP      NONE    
       dq[20]            INPUT        S36        LVCMOS25           8           PULLUP      NONE    
       dq[19]            INPUT        S37        LVCMOS25           8           PULLUP      NONE    
       dq[18]            INPUT        S38        LVCMOS25           8           PULLUP      NONE    
       dq[17]            INPUT        S41        LVCMOS25           8           PULLUP      NONE    
       dq[16]            INPUT        S42        LVCMOS25           8           PULLUP      NONE    
       dq[31]            INPUT        S48        LVCMOS25           8           PULLUP      NONE    
       dq[30]            INPUT        S49        LVCMOS25           8           PULLUP      NONE    
       dq[29]            INPUT        S52        LVCMOS25           8           PULLUP      NONE    
       dq[28]            INPUT        S53        LVCMOS25           8           PULLUP      NONE    
       dq[27]            INPUT        S54        LVCMOS25           8           PULLUP      NONE    
       dq[26]            INPUT        S55        LVCMOS25           8           PULLUP      NONE    
       dq[25]            INPUT        S58        LVCMOS25           8           PULLUP      NONE    
       dq[24]            INPUT        S59        LVCMOS25           8           PULLUP      NONE    
         dm0            OUTPUT        S14        LVCMOS25           8            NONE       NONE    
         cke            OUTPUT        S18        LVCMOS25           8            NONE       OREG    
        we_n            OUTPUT        S19        LVCMOS25           8            NONE       OREG    
        cas_n           OUTPUT        S20        LVCMOS25           8            NONE       OREG    
        ras_n           OUTPUT        S21        LVCMOS25           8            NONE       OREG    
        cs_n            OUTPUT        S22        LVCMOS25           8            NONE       OREG    
       addr[9]          OUTPUT        S23        LVCMOS25           8            NONE       OREG    
       addr[8]          OUTPUT        S24        LVCMOS25           8            NONE       OREG    
       addr[7]          OUTPUT        S25        LVCMOS25           8            NONE       OREG    
       addr[6]          OUTPUT        S26        LVCMOS25           8            NONE       OREG    
       addr[5]          OUTPUT        S27        LVCMOS25           8            NONE       OREG    
       addr[4]          OUTPUT        S28        LVCMOS25           8            NONE       OREG    
         dm2            OUTPUT        S29        LVCMOS25           8            NONE       NONE    
         dm3            OUTPUT        S61        LVCMOS25           8            NONE       NONE    
       addr[3]          OUTPUT        S64        LVCMOS25           8            NONE       OREG    
       addr[2]          OUTPUT        S65        LVCMOS25           8            NONE       OREG    
       addr[1]          OUTPUT        S66        LVCMOS25           8            NONE       OREG    
       addr[0]          OUTPUT        S67        LVCMOS25           8            NONE       OREG    
      addr[10]          OUTPUT        S68        LVCMOS25           8            NONE       OREG    
        ba[0]           OUTPUT        S69        LVCMOS25           8            NONE       OREG    
        ba[1]           OUTPUT        S70        LVCMOS25           8            NONE       OREG    
         clk            OUTPUT        S73        LVCMOS25           8            NONE       NONE    
         dm1            OUTPUT        S76        LVCMOS25           8            NONE       NONE    
        dq[0]            INOUT         S1        LVCMOS25           8           PULLUP      IREG    
        dq[6]            INOUT        S11        LVCMOS25           8           PULLUP      IREG    
        dq[7]            INOUT        S12        LVCMOS25           8           PULLUP      IREG    
        dq[1]            INOUT         S2        LVCMOS25           8           PULLUP      IREG    
        dq[2]            INOUT         S5        LVCMOS25           8           PULLUP      IREG    
        dq[3]            INOUT         S6        LVCMOS25           8           PULLUP      IREG    
        dq[4]            INOUT         S7        LVCMOS25           8           PULLUP      IREG    
        dq[8]            INOUT        S78        LVCMOS25           8           PULLUP      IREG    
        dq[9]            INOUT        S79        LVCMOS25           8           PULLUP      IREG    
        dq[5]            INOUT         S8        LVCMOS25           8           PULLUP      IREG    
       dq[10]            INOUT        S82        LVCMOS25           8           PULLUP      IREG    
       dq[11]            INOUT        S83        LVCMOS25           8           PULLUP      IREG    
       dq[12]            INOUT        S84        LVCMOS25           8           PULLUP      IREG    
       dq[13]            INOUT        S85        LVCMOS25           8           PULLUP      IREG    
       dq[14]            INOUT        S88        LVCMOS25           8           PULLUP      IREG    
       dq[15]            INOUT        S89        LVCMOS25           8           PULLUP      IREG    

Report Hierarchy Area:
+-------------------------------------------------------------------------------------------------------------------------------------+
|Instance                            |Module                                     |le     |lut     |ripple  |seq     |bram    |dsp     |
+-------------------------------------------------------------------------------------------------------------------------------------+
|top                                 |sd_bmp_hdmi                                |5073   |3248    |1235    |2449    |16      |0       |
|  u_clk_wiz_0                       |PLL                                        |0      |0       |0       |0       |0       |0       |
|  u_clk_wiz_1                       |PLL_hdmi                                   |0      |0       |0       |0       |0       |0       |
|  u_ddr3_top                        |ddr3_top1                                  |583    |365     |100     |340     |2       |0       |
|    physica_sdram                   |SDRAM                                      |0      |0       |0       |0       |0       |0       |
|    u_sdram_controller              |sdram_controller                           |222    |165     |40      |87      |0       |0       |
|      u_sdram_cmd                   |sdram_cmd                                  |51     |51      |0       |21      |0       |0       |
|      u_sdram_ctrl                  |sdram_ctrl                                 |160    |114     |40      |55      |0       |0       |
|      u_sdram_data                  |sdram_data                                 |11     |0       |0       |11      |0       |0       |
|    u_sdram_fifo_ctrl               |sdram_fifo_ctrl                            |361    |200     |60      |253     |2       |0       |
|      rdfifo                        |SOFTFIFO                                   |135    |80      |18      |109     |1       |0       |
|        ram_inst                    |ram_infer_SOFTFIFO                         |8      |0       |0       |8       |1       |0       |
|        rd_to_wr_cross_inst         |fifo_cross_domain_addr_process_al_SOFTFIFO |40     |27      |0       |40      |0       |0       |
|        wr_to_rd_cross_inst         |fifo_cross_domain_addr_process_al_SOFTFIFO |33     |29      |0       |33      |0       |0       |
|      wrfifo                        |SOFTFIFO                                   |144    |62      |18      |116     |1       |0       |
|        ram_inst                    |ram_infer_SOFTFIFO                         |16     |0       |0       |16      |1       |0       |
|        rd_to_wr_cross_inst         |fifo_cross_domain_addr_process_al_SOFTFIFO |38     |17      |0       |38      |0       |0       |
|        wr_to_rd_cross_inst         |fifo_cross_domain_addr_process_al_SOFTFIFO |33     |22      |0       |33      |0       |0       |
|  u_hdmi_top                        |hdmi_top1                                  |3394   |2147    |918     |1506    |12      |0       |
|    debayer_h                       |isp_demosaic                               |2895   |1778    |803     |1294    |12      |0       |
|      linebuffer                    |shift_register                             |55     |39      |16      |16      |12      |0       |
|        gen_ram_inst[0]$u_ram       |simple_dp_ram                              |0      |0       |0       |0       |2       |0       |
|        gen_ram_inst[1]$u_ram       |simple_dp_ram                              |0      |0       |0       |0       |2       |0       |
|        gen_ram_inst[2]$u_ram       |simple_dp_ram                              |0      |0       |0       |0       |2       |0       |
|        gen_ram_inst[3]$u_ram       |simple_dp_ram                              |0      |0       |0       |0       |2       |0       |
|        gen_ram_inst[4]$u_ram       |simple_dp_ram                              |0      |0       |0       |0       |2       |0       |
|        gen_ram_inst[5]$u_ram       |simple_dp_ram                              |11     |11      |0       |3       |2       |0       |
|    u3_hdmi_tx                      |hdmi_tx                                    |348    |279     |54      |187     |0       |0       |
|      Inst_DVITransmitter           |DVITransmitter                             |348    |279     |54      |187     |0       |0       |
|        Inst_TMDSEncoder_blue       |TMDSEncoder                                |93     |75      |18      |56      |0       |0       |
|        Inst_TMDSEncoder_green      |TMDSEncoder                                |101    |83      |18      |40      |0       |0       |
|        Inst_TMDSEncoder_red        |TMDSEncoder                                |106    |87      |18      |43      |0       |0       |
|        Inst_blue_serializer_10_1   |Serial_N_1_lvds_dat                        |17     |13      |0       |17      |0       |0       |
|        Inst_clk_serializer_10_1    |Serial_N_1_lvds                            |4      |2       |0       |4       |0       |0       |
|        Inst_green_serializer_10_1  |Serial_N_1_lvds_dat                        |14     |10      |0       |14      |0       |0       |
|        Inst_red_serializer_10_1    |Serial_N_1_lvds_dat                        |13     |9       |0       |13      |0       |0       |
|    u_video_driver                  |video_driver                               |151    |90      |61      |25      |0       |0       |
|  u_sd_ctrl_top                     |sd_ctrl_top                                |358    |266     |49      |217     |0       |0       |
|    u_sd_init                       |sd_init                                    |211    |154     |32      |114     |0       |0       |
|    u_sd_read                       |sd_read                                    |147    |112     |17      |103     |0       |0       |
|  u_sd_read_photo                   |read_rawdata                               |354    |245     |97      |158     |0       |0       |
|  cw_top                            |CW_TOP_WRAPPER                             |380    |221     |71      |223     |0       |0       |
|    wrapper_cwc_top                 |cwc_top                                    |380    |221     |71      |223     |0       |0       |
|      cfg_int_inst                  |cwc_cfg_int                                |142    |69      |0       |126     |0       |0       |
|        reg_inst                    |register                                   |139    |66      |0       |123     |0       |0       |
|        tap_inst                    |tap                                        |3      |3       |0       |3       |0       |0       |
|      trigger_inst                  |trigger                                    |238    |152     |71      |97      |0       |0       |
|        bus_inst                    |bus_top                                    |24     |14      |6       |15      |0       |0       |
|          BUS_DETECTOR[0]$bus_nodes |bus_det                                    |2      |2       |0       |2       |0       |0       |
|          BUS_DETECTOR[1]$bus_nodes |bus_det                                    |3      |3       |0       |3       |0       |0       |
|          BUS_DETECTOR[2]$bus_nodes |bus_det                                    |1      |1       |0       |1       |0       |0       |
|          BUS_DETECTOR[3]$bus_nodes |bus_det                                    |2      |2       |0       |2       |0       |0       |
|          BUS_DETECTOR[4]$bus_nodes |bus_det                                    |16     |6       |6       |7       |0       |0       |
|        emb_ctrl_inst               |emb_ctrl                                   |123    |90      |33      |55      |0       |0       |
+-------------------------------------------------------------------------------------------------------------------------------------+


DataNet Average Fanout:

   Index     Fanout     Nets  
    #1          1       4318  
    #2          2       1046  
    #3          3       269   
    #4          4       250   
    #5        5-10      453   
    #6        11-50     143   
    #7       51-100      4    
    #8       101-500     4    
    #9        >500       1    
  Average     2.39            

RUN-1002 : start command "export_db SD-SDRAM-ISP-HDMI_pr.db"
RUN-1001 : Exported /
RUN-1001 : Exported flow parameters
RUN-1001 : Exported libs
RUN-1001 : Exported entities
RUN-1001 : Exported ports
RUN-1001 : Exported pins
RUN-1001 : Exported instances
RUN-1001 : Exported nets
RUN-1001 : Exported buses
RUN-1001 : Exported models
RUN-1001 : Exported congestions
RUN-1001 : Exported violations
RUN-1001 : Exported timing constraints
RUN-1001 : Exported IO constraints
RUN-1001 : Exported Inst constraints
RUN-1001 : Exported ChipWatcher
RUN-1002 : start command "start_timer"
TMR-2505 : Start building timing graph for model sd_bmp_hdmi.
TMR-2506 : Build timing graph completely. Port num: 9, tpin num: 23461, tnet num: 6509, tinst num: 2689, tnode num: 28917, tedge num: 43223.
TMR-2508 : Levelizing timing graph completed, there are 29 levels in total.
TMR-2501 : Timing graph initialized successfully.
RUN-1002 : start command "report_timing -mode FINAL -net_info -rpt_autogen true -file SD-SDRAM-ISP-HDMI_phy.timing"
TMR-2503 : Start to update net delay, extr mode = 6.
TMR-2504 : Update delay of 6509 nets completely.
TMR-2502 : Annotate delay completely, extr mode = 6.
TMR-3001 : Initiate 0 clocks from SDC.
TMR-3004 : Map sdc constraints, there are 8 constraints in total.
TMR-3003 : Constraints initiated successfully.
TMR-3501 : Forward propagation: start to calculate arrival time...
TMR-3502 : Backward propagation: start to calculate required time...
TMR-3503 : Timing propagation completes.
TMR-3506 : Start to generate timing report.
TMR-1502 : Number of clock constraints = 0. Number of clock nets = 9 (9 unconstrainted).
TMR-5009 WARNING: No clock constraint on 9 clock net(s): 
		config_inst_syn_10
		sys_clk_dup_1
		u_clk_wiz_1/clk0_out
		u_ddr3_top/clk_sdram
		u_ddr3_top/u_sdram_fifo_ctrl/clk_ref
		u_ddr3_top/u_sdram_fifo_ctrl/wrfifo/clkw
		u_hdmi_top/debayer_h/pclk
		u_sd_ctrl_top/u_sd_init/div_clk_syn_4
		u_sd_ctrl_top/u_sd_read/clk_ref_180deg
USR-6122 CRITICAL-WARNING: No clock constraint on PLL u_clk_wiz_0/pll_inst
USR-6122 CRITICAL-WARNING: No clock constraint on PLL u_clk_wiz_1/pll_inst
TMR-3508 : Export timing summary.
TMR-3507 : Timing report generated successfully in SD-SDRAM-ISP-HDMI_phy.timing, timing summary in SD-SDRAM-ISP-HDMI_phy.tsm.
RUN-1002 : start command "export_bid SD-SDRAM-ISP-HDMI_inst.bid"
PRG-1000 : <!-- HMAC is: 0ede4ca29d746be7116faaf597415356a32fdcb83b7a1f12fba36f9bc997c572 -->
RUN-1002 : start command "bitgen -bit SD-SDRAM-ISP-HDMI.bit"
BIT-1003 : Start to generate bitstream. 
BIT-1002 : Init instances with 16 threads.
BIT-1002 : Init instances completely, inst num: 2689
BIT-1002 : Init pips with 16 threads.
BIT-1002 : Init pips completely, net num: 6511, pip num: 51901
BIT-1002 : Init feedthrough with 16 threads.
BIT-1002 : Init feedthrough completely, num: 37
BIT-1003 : Multithreading accelaration with 16 threads.
BIT-1003 : Generate bitstream completely, there are 2107 valid insts, and 160240 bits set as '1'.
BIT-1004 : the usercode register value: 00000000110011110101000110101001
BIT-1004 : PLL setting string = 0110
BIT-1004 : Generate bits file SD-SDRAM-ISP-HDMI.bit.
RUN-1003 : finish command "bitgen -bit SD-SDRAM-ISP-HDMI.bit" in  4.871401s wall, 18.187500s user + 0.359375s system = 18.546875s CPU (380.7%)

RUN-1004 : used memory is 666 MB, reserved memory is 644 MB, peak memory is 832 MB
RUN-1002 : start command "backup_run_log run.log ../.logs/phy_1/td_20240704_203309.log"
