============================================================
   Tang Dynasty, V5.6.71036
      Copyright (c) 2012-2023 Anlogic Inc.
   Executable = F:/ARMChina/bin/td.exe
   Built at =   20:34:38 Mar 21 2023
   Run by =     Illyasvial Von Einzb
   Run Date =   Thu Jul  4 20:29:03 2024

   Run on =     LAPTOP-4S5LNBPI
============================================================
RUN-1002 : start command "open_project SD-SDRAM-ISP-HDMI.prj"
RUN-1001 : Print Global Property
RUN-1001 : ---------------------------------------------------------------
RUN-1001 :        Parameters        |  Settings  |  Default Values  |  Note  
RUN-1001 : ---------------------------------------------------------------
RUN-1001 :          message         |  standard  |     standard     |        
RUN-1001 :   mixed_pack_place_flow  |     on     |        on        |        
RUN-1001 :        qor_monitor       |    off     |       off        |        
RUN-1001 :        syn_ip_flow       |    off     |       off        |        
RUN-1001 :          thread          |    auto    |       auto       |        
RUN-1001 : ---------------------------------------------------------------
RUN-1001 : Print Design Property
RUN-1001 : --------------------------------------------------------------
RUN-1001 :        Parameters       |  Settings  |  Default Values  |  Note  
RUN-1001 : --------------------------------------------------------------
RUN-1001 :   default_reg_initial   |    auto    |       auto       |        
RUN-1001 :        infer_add        |     on     |        on        |        
RUN-1001 :        infer_fsm        |    off     |       off        |        
RUN-1001 :        infer_mult       |     on     |        on        |        
RUN-1001 :        infer_ram        |     on     |        on        |        
RUN-1001 :        infer_reg        |     on     |        on        |        
RUN-1001 :   infer_reg_init_value  |     on     |        on        |        
RUN-1001 :        infer_rom        |     on     |        on        |        
RUN-1001 :      infer_shifter      |     on     |        on        |        
RUN-1001 : --------------------------------------------------------------
RUN-1001 : Print Rtl Property
RUN-1001 : --------------------------------------------------------------
RUN-1001 :        Parameters       |  Settings  |  Default Values  |  Note  
RUN-1001 : --------------------------------------------------------------
RUN-1001 :       compress_add      |   ripple   |      ripple      |        
RUN-1001 :        elf_sload        |    off     |       off        |        
RUN-1001 :       fix_undriven      |     0      |        0         |        
RUN-1001 :         flatten         |    off     |       off        |        
RUN-1001 :       gate_sharing      |     on     |        on        |        
RUN-1001 :    hdl_warning_level    |   normal   |      normal      |        
RUN-1001 :   impl_internal_tribuf  |     on     |        on        |        
RUN-1001 :      impl_set_reset     |     on     |        on        |        
RUN-1001 :        infer_gsr        |    off     |       off        |        
RUN-1001 :      keep_hierarchy     |    auto    |       auto       |        
RUN-1001 :        max_fanout       |    9999    |       9999       |        
RUN-1001 :      max_oh2bin_len     |     10     |        10        |        
RUN-1001 :       merge_equal       |     on     |        on        |        
RUN-1001 :       merge_equiv       |     on     |        on        |        
RUN-1001 :        merge_mux        |    off     |       off        |        
RUN-1001 :     min_control_set     |     8      |        8         |        
RUN-1001 :      min_ripple_len     |    auto    |       auto       |        
RUN-1001 :       oh2bin_ratio      |    0.08    |       0.08       |        
RUN-1001 :     opt_adder_fanout    |     on     |        on        |        
RUN-1001 :        opt_arith        |     on     |        on        |        
RUN-1001 :       opt_big_gate      |    off     |       off        |        
RUN-1001 :        opt_const        |     on     |        on        |        
RUN-1001 :      opt_const_mult     |     on     |        on        |        
RUN-1001 :       opt_lessthan      |     on     |        on        |        
RUN-1001 :         opt_mux         |    off     |       off        |        
RUN-1001 :         opt_ram         |    high    |       high       |        
RUN-1001 :      rtl_sim_model      |    off     |       off        |        
RUN-1001 :         seq_syn         |     on     |        on        |        
RUN-1001 : --------------------------------------------------------------
HDL-1007 : analyze verilog file ../../import/ddr3-al_ip/SOFTFIFO.v
HDL-1007 : analyze verilog file ../../import/ddr3-al_ip/SDRAM.v
HDL-1007 : analyze verilog file ../../al_ip/PLL.v
HDL-1007 : undeclared symbol 'open', assumed default net type 'wire' in ../../al_ip/PLL.v(92)
HDL-1007 : analyze verilog file ../../al_ip/PLL_hdmi.v
HDL-1007 : undeclared symbol 'open', assumed default net type 'wire' in ../../al_ip/PLL_hdmi.v(70)
HDL-1007 : analyze VHDL file ../../import/hdmi-rtl/enc_file/SerializerN_1_lvds.enc.vhd
Copyright (c) 1998-2019 The OpenSSL Project.  All rights reserved.
This product includes software developed by the OpenSSL Project
for use in the OpenSSL Toolkit (http://www.openssl.org/)
Copyright (C) 1995-1998 Eric Young (eay@cryptsoft.com)
All rights reserved.
This product includes cryptographic software written by Eric Young (eay@cryptsoft.com)
HDL-1007 : analyze entity ** in encrypted_text(0)
HDL-1007 : analyze architecture ** in encrypted_text(0)
HDL-1007 : analyze VHDL file ../../import/hdmi-rtl/enc_file/SerializerN_1_lvds_dat.enc.vhd
HDL-1007 : analyze entity ** in encrypted_text(0)
HDL-1007 : analyze architecture ** in encrypted_text(0)
HDL-1007 : analyze VHDL file ../../import/hdmi-rtl/enc_file/TMDSEncoder.enc.vhd
HDL-1007 : analyze entity ** in encrypted_text(0)
HDL-1007 : analyze architecture ** in encrypted_text(0)
HDL-1007 : analyze verilog file ../../import/hdmi-rtl/enc_file/video_tpg_1024768.enc.v
HDL-5007 WARNING: literal value ** truncated to fit in ** bits in encrypted_text(0)
HDL-1007 : back to file '../../import/hdmi-rtl/enc_file/video_tpg_1024768.enc.v' in ../../import/hdmi-rtl/enc_file/video_tpg_1024768.enc.v(216)
HDL-1007 : analyze verilog file ../../import/hdmi-rtl/enc_file/video_tpg_1080p.enc.v
HDL-1007 : back to file '../../import/hdmi-rtl/enc_file/video_tpg_1080p.enc.v' in ../../import/hdmi-rtl/enc_file/video_tpg_1080p.enc.v(208)
HDL-1007 : analyze verilog file ../../import/hdmi-rtl/enc_file/video_tpg_12801024p.enc.v
HDL-1007 : back to file '../../import/hdmi-rtl/enc_file/video_tpg_12801024p.enc.v' in ../../import/hdmi-rtl/enc_file/video_tpg_12801024p.enc.v(207)
HDL-1007 : analyze verilog file ../../import/hdmi-rtl/enc_file/video_tpg_1280800.enc.v
HDL-5007 WARNING: literal value ** truncated to fit in ** bits in encrypted_text(0)
HDL-1007 : back to file '../../import/hdmi-rtl/enc_file/video_tpg_1280800.enc.v' in ../../import/hdmi-rtl/enc_file/video_tpg_1280800.enc.v(216)
HDL-1007 : analyze verilog file ../../import/hdmi-rtl/enc_file/video_tpg_16801050p.enc.v
HDL-1007 : back to file '../../import/hdmi-rtl/enc_file/video_tpg_16801050p.enc.v' in ../../import/hdmi-rtl/enc_file/video_tpg_16801050p.enc.v(209)
HDL-1007 : analyze verilog file ../../import/hdmi-rtl/enc_file/video_tpg_800600.enc.v
HDL-1007 : back to file '../../import/hdmi-rtl/enc_file/video_tpg_800600.enc.v' in ../../import/hdmi-rtl/enc_file/video_tpg_800600.enc.v(211)
HDL-1007 : analyze verilog file ../../import/hdmi_top/hdmi_top.v
HDL-1007 : analyze verilog file ../../import/hdmi_top/video_driver.v
HDL-1007 : analyze verilog file ../../import/sd_bmp_hdmi.v
HDL-1007 : undeclared symbol 'rd_vsync', assumed default net type 'wire' in ../../import/sd_bmp_hdmi.v(200)
HDL-1007 : analyze verilog file ../../import/sd_ctrl_top/sd_ctrl_top.v
HDL-1007 : analyze verilog file ../../import/sd_ctrl_top/sd_init.v
HDL-1007 : analyze verilog file ../../import/sd_ctrl_top/sd_read.v
HDL-1007 : analyze verilog file ../../import/sd_ctrl_top/sd_write.v
HDL-1007 : analyze VHDL file ../../import/hdmi-rtl/enc_file/DVITransmitter.enc.vhd
HDL-1007 : analyze entity dvitransmitter in ../../import/hdmi-rtl/enc_file/DVITransmitter.enc.vhd(13)
HDL-1007 : analyze architecture ** in encrypted_text(0)
HDL-1007 : analyze VHDL file ../../import/hdmi-rtl/hdmi_tx.vhd
HDL-1007 : analyze entity hdmi_tx in ../../import/hdmi-rtl/hdmi_tx.vhd(11)
HDL-1007 : analyze architecture behavioral in ../../import/hdmi-rtl/hdmi_tx.vhd(33)
HDL-1007 : analyze verilog file ../../import/DDR3-rtl/sdram_cmd.v
HDL-1007 : analyze included file ../../import/DDR3-rtl/sdram_para.v in ../../import/DDR3-rtl/sdram_cmd.v(46)
HDL-1007 : back to file '../../import/DDR3-rtl/sdram_cmd.v' in ../../import/DDR3-rtl/sdram_cmd.v(46)
HDL-1007 : analyze verilog file ../../import/DDR3-rtl/sdram_controller.v
HDL-1007 : analyze verilog file ../../import/DDR3-rtl/sdram_ctrl.v
HDL-1007 : analyze included file ../../import/DDR3-rtl/sdram_para.v in ../../import/DDR3-rtl/sdram_ctrl.v(19)
HDL-1007 : back to file '../../import/DDR3-rtl/sdram_ctrl.v' in ../../import/DDR3-rtl/sdram_ctrl.v(19)
HDL-1007 : analyze verilog file ../../import/DDR3-rtl/sdram_data.v
HDL-1007 : analyze included file ../../import/DDR3-rtl/sdram_para.v in ../../import/DDR3-rtl/sdram_data.v(13)
HDL-1007 : back to file '../../import/DDR3-rtl/sdram_data.v' in ../../import/DDR3-rtl/sdram_data.v(13)
HDL-1007 : analyze verilog file ../../import/DDR3-rtl/sdram_fifo_ctrl.v
HDL-1007 : analyze verilog file ../../import/DDR3-rtl/sdram_top.v
HDL-1007 : analyze verilog file ../../import/read_rawdata.v
HDL-1007 : analyze verilog file ../../import/hdmi_top/ISP_include.v
HDL-1007 : analyze verilog file ../../import/hdmi_top/ISP_debayer_h.v
RUN-1001 : Project manager successfully analyzed 32 source files.
RUN-1002 : start command "import_device eagle_s20.db -package EG4S20BG256"
ARC-1001 : Device Initialization.
ARC-1001 : ------------------------------------------------------------------
ARC-1001 :            OPTION            |          IO          |   SETTING   
ARC-1001 : ------------------------------------------------------------------
ARC-1001 :   cso_b/cclk/mosi/miso/dout  |  T3/R11/T10/P10/S11  |    gpio    
ARC-1001 :             done             |         P13          |    gpio    
ARC-1001 :           program_b          |          T2          |  dedicate  
ARC-1001 :        tdi/tms/tck/tdo       |   C12/A15/C14/E14    |  dedicate  
ARC-1001 : ------------------------------------------------------------------
ARC-1004 : Device setting, marked 5 dedicate IOs in total.
RUN-1002 : start command "import_db ../syn_1/SD-SDRAM-ISP-HDMI_gate.db"
RUN-1001 : Importing database generated by Tang Dynasty, V5.6.71036.
RUN-1001 : Database version number 46146.
RUN-1001 : Import flow parameters
RUN-1001 : Import timing constraints
RUN-1001 : Import IO constraints
RUN-1001 : Import Inst constraints
RUN-1001 : Import design success TD_VERSION=5.6.71036 , DB_VERSION=46146
RUN-1002 : start command "read_sdc -ip SOFTFIFO ../../import/ddr3-al_ip/SOFTFIFO.tcl"
RUN-1002 : start command "get_ports clkw"
RUN-1002 : start command "get_nets  clkw  "
RUN-1002 : start command "get_clocks -nowarn -of nets 9663676416000"
RUN-1002 : start command "get_ports clkr"
RUN-1002 : start command "get_nets  clkr  "
RUN-1002 : start command "get_clocks -nowarn -of nets 50010599194624"
RUN-1002 : start command "get_property -nowarn -max PERIOD "
RUN-1002 : start command "get_property -nowarn -max PERIOD "
RUN-1002 : start command "get_regs rd_to_wr_cross_inst/primary_addr_gray_reg[*]"
RUN-1002 : start command "get_regs rd_to_wr_cross_inst/sync_r1[*]"
RUN-1002 : start command "set_max_delay -from  -to  999.70000000000005 -datapath_only"
RUN-1002 : start command "get_regs rd_to_wr_cross_inst/primary_addr_gray_reg[*]"
RUN-1002 : start command "get_regs rd_to_wr_cross_inst/sync_r1[*]"
RUN-1002 : start command "set_false_path -from  -to  -hold 999.70000000000005"
USR-1002 : set_false_path -help -setup -hold -from <list> -rise_from <list> -fall_from <list> -to <list> -rise_to <list> -fall_to <list> -through <list>
RUN-1002 : start command "get_regs wr_to_rd_cross_inst/primary_addr_gray_reg[*]"
RUN-1002 : start command "get_regs wr_to_rd_cross_inst/sync_r1[*]"
RUN-1002 : start command "set_max_delay -from  -to  999.70000000000005 -datapath_only"
RUN-1002 : start command "get_regs wr_to_rd_cross_inst/primary_addr_gray_reg[*]"
RUN-1002 : start command "get_regs wr_to_rd_cross_inst/sync_r1[*]"
RUN-1002 : start command "set_false_path -from  -to  -hold 999.70000000000005"
USR-1002 : set_false_path -help -setup -hold -from <list> -rise_from <list> -fall_from <list> -to <list> -rise_to <list> -fall_to <list> -through <list>
RUN-1002 : start command "get_ports clkw"
RUN-1002 : start command "get_nets  clkw  "
RUN-1002 : start command "get_clocks -nowarn -of nets 17514876633088"
RUN-1002 : start command "get_ports clkr"
RUN-1002 : start command "get_nets  clkr  "
RUN-1002 : start command "get_clocks -nowarn -of nets 9663676416000"
RUN-1002 : start command "get_property -nowarn -max PERIOD "
RUN-1002 : start command "get_property -nowarn -max PERIOD "
RUN-1002 : start command "get_regs rd_to_wr_cross_inst/primary_addr_gray_reg[*]"
RUN-1002 : start command "get_regs rd_to_wr_cross_inst/sync_r1[*]"
RUN-1002 : start command "set_max_delay -from  -to  999.70000000000005 -datapath_only"
RUN-1002 : start command "get_regs rd_to_wr_cross_inst/primary_addr_gray_reg[*]"
RUN-1002 : start command "get_regs rd_to_wr_cross_inst/sync_r1[*]"
RUN-1002 : start command "set_false_path -from  -to  -hold 999.70000000000005"
USR-1002 : set_false_path -help -setup -hold -from <list> -rise_from <list> -fall_from <list> -to <list> -rise_to <list> -fall_to <list> -through <list>
RUN-1002 : start command "get_regs wr_to_rd_cross_inst/primary_addr_gray_reg[*]"
RUN-1002 : start command "get_regs wr_to_rd_cross_inst/sync_r1[*]"
RUN-1002 : start command "set_max_delay -from  -to  999.70000000000005 -datapath_only"
RUN-1002 : start command "get_regs wr_to_rd_cross_inst/primary_addr_gray_reg[*]"
RUN-1002 : start command "get_regs wr_to_rd_cross_inst/sync_r1[*]"
RUN-1002 : start command "set_false_path -from  -to  -hold 999.70000000000005"
USR-1002 : set_false_path -help -setup -hold -from <list> -rise_from <list> -fall_from <list> -to <list> -rise_to <list> -fall_to <list> -through <list>
RUN-1002 : start command "config_chipwatcher ../../sd_HDMI.cwc -dir "
RUN-1002 : start command "legalize_phy_inst"
SYN-1011 : Flatten model sd_bmp_hdmi
KIT-1004 : ChipWatcher: import watcher inst auto_chipwatcher_0 completed, there are 5 view nodes, 8 trigger nets, 8 data nets.
KIT-1004 : Chipwatcher code = 0101000110101001
RUN-1002 : start command "compile_watcher"
RUN-1002 : start command "read_verilog -no_sch -dir F:/ARMChina/cw/ -file SD-SDRAM-ISP-HDMI_watcherInst.sv -lib cw -top CW_TOP_WRAPPER"
HDL-1007 : analyze verilog file F:/ARMChina/cw\bus_det.v
HDL-1007 : analyze verilog file F:/ARMChina/cw\bus_top.sv
HDL-1007 : analyze verilog file F:/ARMChina/cw\cfg_int.v
HDL-1007 : analyze verilog file F:/ARMChina/cw\cwc_cfg_int.v
HDL-1007 : analyze verilog file F:/ARMChina/cw\cwc_top.sv
HDL-1007 : analyze verilog file F:/ARMChina/cw\detect_bus.v
HDL-1007 : analyze verilog file F:/ARMChina/cw\detect_non_bus.v
HDL-1007 : analyze verilog file F:/ARMChina/cw\emb_ctrl.v
HDL-1007 : analyze verilog file F:/ARMChina/cw\register.v
HDL-1007 : analyze verilog file F:/ARMChina/cw\tap.v
HDL-1007 : analyze verilog file F:/ARMChina/cw\trigger.sv
HDL-1007 : analyze verilog file SD-SDRAM-ISP-HDMI_watcherInst.sv
HDL-1007 : elaborate module CW_TOP_WRAPPER in SD-SDRAM-ISP-HDMI_watcherInst.sv(1)
HDL-1007 : elaborate module cwc_top(BUS_NUM=5,BUS_CTRL_NUM=36,BUS_WIDTH='{32'sb01,32'sb01,32'sb01,32'sb01,32'sb0100},BUS_DIN_POS='{32'sb0,32'sb01,32'sb010,32'sb011,32'sb0100},BUS_CTRL_POS='{32'sb0,32'sb0110,32'sb01100,32'sb010010,32'sb011000}) in F:/ARMChina/cw\cwc_top.sv(21)
HDL-1007 : elaborate module cwc_cfg_int(CTRL_REG_LEN=58) in F:/ARMChina/cw\cwc_cfg_int.v(21)
HDL-1007 : elaborate module register(CTRL_REG_LEN=58) in F:/ARMChina/cw\register.v(21)
HDL-1007 : elaborate module tap in F:/ARMChina/cw\tap.v(21)
HDL-1007 : elaborate module trigger(BUS_NUM=5,BUS_CTRL_NUM=36,BUS_WIDTH='{32'sb01,32'sb01,32'sb01,32'sb01,32'sb0100},BUS_DIN_POS='{32'sb0,32'sb01,32'sb010,32'sb011,32'sb0100},BUS_CTRL_POS='{32'sb0,32'sb0110,32'sb01100,32'sb010010,32'sb011000}) in F:/ARMChina/cw\trigger.sv(21)
HDL-1007 : elaborate module bus_top(BUS_NODE_NUM=5,BUS_CTRL_NUM=36,BUS_WIDTH='{32'sb01,32'sb01,32'sb01,32'sb01,32'sb0100},BUS_DIN_POS='{32'sb0,32'sb01,32'sb010,32'sb011,32'sb0100},BUS_CTRL_POS='{32'sb0,32'sb0110,32'sb01100,32'sb010010,32'sb011000}) in F:/ARMChina/cw\bus_top.sv(22)
HDL-1007 : elaborate module bus_det(BUS_WIDTH=32'sb01) in F:/ARMChina/cw\bus_det.v(21)
HDL-1007 : elaborate module bus_det(BUS_WIDTH=32'sb0100) in F:/ARMChina/cw\bus_det.v(21)
HDL-1007 : elaborate module emb_ctrl in F:/ARMChina/cw\emb_ctrl.v(21)
HDL-1200 : Current top model is CW_TOP_WRAPPER
HDL-1100 : Inferred 0 RAMs.
RUN-1002 : start command "force_keep -a auto_chipwatcher_0_logicbram"
RUN-1002 : start command "optimize_rtl -no_sch"
RUN-1001 : Open license file F:/ARMChina/license/Anlogic.lic
RUN-1001 : Print Global Property
RUN-1001 : ---------------------------------------------------------------
RUN-1001 :        Parameters        |  Settings  |  Default Values  |  Note  
RUN-1001 : ---------------------------------------------------------------
RUN-1001 :          message         |  standard  |     standard     |        
RUN-1001 :   mixed_pack_place_flow  |     on     |        on        |        
RUN-1001 :        qor_monitor       |    off     |       off        |        
RUN-1001 :        syn_ip_flow       |    off     |       off        |        
RUN-1001 :          thread          |    auto    |       auto       |        
RUN-1001 : ---------------------------------------------------------------
RUN-1001 : Print Rtl Property
RUN-1001 : --------------------------------------------------------------
RUN-1001 :        Parameters       |  Settings  |  Default Values  |  Note  
RUN-1001 : --------------------------------------------------------------
RUN-1001 :       compress_add      |   ripple   |      ripple      |        
RUN-1001 :        elf_sload        |    off     |       off        |        
RUN-1001 :       fix_undriven      |     0      |        0         |        
RUN-1001 :         flatten         |    off     |       off        |        
RUN-1001 :       gate_sharing      |     on     |        on        |        
RUN-1001 :    hdl_warning_level    |   normal   |      normal      |        
RUN-1001 :   impl_internal_tribuf  |     on     |        on        |        
RUN-1001 :      impl_set_reset     |     on     |        on        |        
RUN-1001 :        infer_gsr        |    off     |       off        |        
RUN-1001 :      keep_hierarchy     |    auto    |       auto       |        
RUN-1001 :        max_fanout       |    9999    |       9999       |        
RUN-1001 :      max_oh2bin_len     |     10     |        10        |        
RUN-1001 :       merge_equal       |     on     |        on        |        
RUN-1001 :       merge_equiv       |     on     |        on        |        
RUN-1001 :        merge_mux        |    off     |       off        |        
RUN-1001 :     min_control_set     |     8      |        8         |        
RUN-1001 :      min_ripple_len     |    auto    |       auto       |        
RUN-1001 :       oh2bin_ratio      |    0.08    |       0.08       |        
RUN-1001 :     opt_adder_fanout    |     on     |        on        |        
RUN-1001 :        opt_arith        |     on     |        on        |        
RUN-1001 :       opt_big_gate      |    off     |       off        |        
RUN-1001 :        opt_const        |     on     |        on        |        
RUN-1001 :      opt_const_mult     |     on     |        on        |        
RUN-1001 :       opt_lessthan      |     on     |        on        |        
RUN-1001 :         opt_mux         |    off     |       off        |        
RUN-1001 :         opt_ram         |    high    |       high       |        
RUN-1001 :      rtl_sim_model      |    off     |       off        |        
RUN-1001 :         seq_syn         |     on     |        on        |        
RUN-1001 : --------------------------------------------------------------
SYN-1012 : SanityCheck: Model "sd_bmp_hdmi"
SYN-1012 : SanityCheck: Model "CW_TOP_WRAPPER"
SYN-1012 : SanityCheck: Model "cwc_top(BUS_NUM=5,BUS_CTRL_NUM=36,BUS_WIDTH='{32'sb01,32'sb01,32'sb01,32'sb01,32'sb0100},BUS_DIN_POS='{32'sb0,32'sb01,32'sb010,32'sb011,32'sb0100},BUS_CTRL_POS='{32'sb0,32'sb0110,32'sb01100,32'sb010010,32'sb011000})"
SYN-1012 : SanityCheck: Model "cwc_cfg_int(CTRL_REG_LEN=58)"
SYN-1012 : SanityCheck: Model "register(CTRL_REG_LEN=58)"
SYN-1012 : SanityCheck: Model "tap"
SYN-1012 : SanityCheck: Model "trigger(BUS_NUM=5,BUS_CTRL_NUM=36,BUS_WIDTH='{32'sb01,32'sb01,32'sb01,32'sb01,32'sb0100},BUS_DIN_POS='{32'sb0,32'sb01,32'sb010,32'sb011,32'sb0100},BUS_CTRL_POS='{32'sb0,32'sb0110,32'sb01100,32'sb010010,32'sb011000})"
SYN-1012 : SanityCheck: Model "bus_top(BUS_NODE_NUM=5,BUS_CTRL_NUM=36,BUS_WIDTH='{32'sb01,32'sb01,32'sb01,32'sb01,32'sb0100},BUS_DIN_POS='{32'sb0,32'sb01,32'sb010,32'sb011,32'sb0100},BUS_CTRL_POS='{32'sb0,32'sb0110,32'sb01100,32'sb010010,32'sb011000})"
SYN-1012 : SanityCheck: Model "bus_det(BUS_WIDTH=32'sb01)"
SYN-1012 : SanityCheck: Model "bus_det(BUS_WIDTH=32'sb0100)"
SYN-1012 : SanityCheck: Model "emb_ctrl"
SYN-1011 : Flatten model sd_bmp_hdmi
SYN-1032 : 8167/19 useful/useless nets, 5813/14 useful/useless insts
SYN-1016 : Merged 28 instances.
SYN-1032 : 7988/8 useful/useless nets, 6082/8 useful/useless insts
SYN-1014 : Optimize round 1
SYN-1032 : 7972/16 useful/useless nets, 6070/12 useful/useless insts
SYN-1021 : Optimized 1 onehot mux instances.
SYN-1020 : Optimized 1 distributor mux.
SYN-1019 : Optimized 1 mux instances.
SYN-1015 : Optimize round 1, 252 better
SYN-1014 : Optimize round 2
SYN-1032 : 7824/15 useful/useless nets, 5922/16 useful/useless insts
SYN-1015 : Optimize round 2, 32 better
SYN-1014 : Optimize round 1
SYN-1015 : Optimize round 1, 0 better
RUN-1002 : start command "optimize_gate -no_sch"
RUN-1001 : Open license file F:/ARMChina/license/Anlogic.lic
RUN-1001 : Print Global Property
RUN-1001 : ---------------------------------------------------------------
RUN-1001 :        Parameters        |  Settings  |  Default Values  |  Note  
RUN-1001 : ---------------------------------------------------------------
RUN-1001 :          message         |  standard  |     standard     |        
RUN-1001 :   mixed_pack_place_flow  |     on     |        on        |        
RUN-1001 :        qor_monitor       |    off     |       off        |        
RUN-1001 :        syn_ip_flow       |    off     |       off        |        
RUN-1001 :          thread          |    auto    |       auto       |        
RUN-1001 : ---------------------------------------------------------------
RUN-1001 : Print Gate Property
RUN-1001 : ------------------------------------------------------------------
RUN-1001 :          Parameters         |  Settings  |  Default Values  |  Note  
RUN-1001 : ------------------------------------------------------------------
RUN-1001 :         cascade_dsp         |    off     |       off        |        
RUN-1001 :         cascade_eram        |    off     |       off        |        
RUN-1001 :        gate_sim_model       |    off     |       off        |        
RUN-1001 :        map_sim_model        |    off     |       off        |        
RUN-1001 :         map_strategy        |     1      |        1         |        
RUN-1001 :           opt_area          |   medium   |      medium      |        
RUN-1001 :          opt_timing         |    auto    |       auto       |        
RUN-1001 :         pack_effort         |   medium   |      medium      |        
RUN-1001 :      pack_lslice_ripple     |     on     |        on        |        
RUN-1001 :   pack_lslice_ripple_ratio  |    0.5     |       0.5        |        
RUN-1001 :        pack_seq_in_io       |    auto    |       auto       |        
RUN-1001 :        ph1_mux_ratio        |    1.0     |       1.0        |        
RUN-1001 :            report           |  standard  |     standard     |        
RUN-1001 :           retiming          |    off     |       off        |        
RUN-1001 : ------------------------------------------------------------------
SYN-2001 : Map 12 IOs to PADs
RUN-1002 : start command "update_pll_param -module sd_bmp_hdmi"
SYN-2501 : Processed 0 LOGIC_BUF instances.
SYN-2512 : LOGIC BRAM "auto_chipwatcher_0_logicbram"
SYN-2571 : Optimize after map_dsp, round 1
SYN-2571 : Optimize after map_dsp, round 1, 0 better
SYN-1001 : Throwback 3 control mux instances
SYN-2501 : Optimize round 1
SYN-1016 : Merged 4 instances.
SYN-2501 : Optimize round 1, 10 better
SYN-2501 : Optimize round 2
SYN-2501 : Optimize round 2, 0 better
SYN-2501 : Map 12 macro adder
SYN-1019 : Optimized 5 mux instances.
SYN-1016 : Merged 9 instances.
SYN-1032 : 8134/2 useful/useless nets, 6233/1 useful/useless insts
RUN-1002 : start command "start_timer -prepack"
TMR-2505 : Start building timing graph for model sd_bmp_hdmi.
TMR-2506 : Build timing graph completely. Port num: 9, tpin num: 28948, tnet num: 8134, tinst num: 6232, tnode num: 36829, tedge num: 49475.
TMR-2508 : Levelizing timing graph completed, there are 51 levels in total.
TMR-2501 : Timing graph initialized successfully.
TMR-2503 : Start to update net delay, extr mode = 2.
TMR-2504 : Update delay of 8134 nets completely.
TMR-2502 : Annotate delay completely, extr mode = 2.
TMR-3001 : Initiate 0 clocks from SDC.
TMR-3004 : Map sdc constraints, there are 8 constraints in total.
TMR-3003 : Constraints initiated successfully.
TMR-3501 : Forward propagation: start to calculate arrival time...
TMR-3502 : Backward propagation: start to calculate required time...
TMR-3503 : Timing propagation completes.
SYN-3001 : Running gate level optimization.
SYN-2581 : Mapping with K=5, #lut = 129 (4.02), #lev = 6 (2.34)
SYN-2551 : Post LUT mapping optimization.
SYN-2581 : Mapping with K=5, #lut = 125 (4.13), #lev = 6 (2.31)
SYN-3001 : Logic optimization runtime opt =   0.02 sec, map =   0.00 sec
SYN-3001 : Mapper mapped 370 instances into 125 LUTs, name keeping = 79%.
SYN-1001 : Packing model "sd_bmp_hdmi" ...
SYN-4010 : Pack lib has 58 rtl pack models with 25 top pack blocks
SYN-1014 : Optimize round 1
SYN-1015 : Optimize round 1, 0 better
SYN-4002 : Packing 221 DFF/LATCH to SEQ ...
SYN-4009 : Pack 6 carry chain into lslice
SYN-4007 : Packing 81 adder to BLE ...
SYN-4008 : Packed 81 adder and 0 SEQ to BLE.
SYN-4007 : Packing 0 gate4 to BLE ...
SYN-4008 : Packed 0 gate4 and 0 SEQ to BLE.
SYN-4012 : Packed 0 FxMUX
RUN-1003 : finish command "optimize_gate -no_sch" in  1.475873s wall, 1.093750s user + 0.000000s system = 1.093750s CPU (74.1%)

RUN-1004 : used memory is 205 MB, reserved memory is 177 MB, peak memory is 251 MB
RUN-1002 : start command "legalize_phy_inst"
SYN-1011 : Flatten model sd_bmp_hdmi
KIT-1004 : Compile Chipwatcher: Clear obsolete physical data.
RUN-1003 : finish command "compile_watcher" in  2.546481s wall, 1.843750s user + 0.015625s system = 1.859375s CPU (73.0%)

RUN-1004 : used memory is 205 MB, reserved memory is 177 MB, peak memory is 251 MB
RUN-1002 : start command "place"
RUN-1001 : Open license file F:/ARMChina/license/Anlogic.lic
RUN-1001 : Print Global Property
RUN-1001 : ---------------------------------------------------------------
RUN-1001 :        Parameters        |  Settings  |  Default Values  |  Note  
RUN-1001 : ---------------------------------------------------------------
RUN-1001 :          message         |  standard  |     standard     |        
RUN-1001 :   mixed_pack_place_flow  |     on     |        on        |        
RUN-1001 :        qor_monitor       |    off     |       off        |        
RUN-1001 :        syn_ip_flow       |    off     |       off        |        
RUN-1001 :          thread          |    auto    |       auto       |        
RUN-1001 : ---------------------------------------------------------------
RUN-1001 : Print Place Property
RUN-1001 : --------------------------------------------------------------
RUN-1001 :        Parameters       |  Settings  |  Default Values  |  Note  
RUN-1001 : --------------------------------------------------------------
RUN-1001 :      detailed_place     |     on     |        on        |        
RUN-1001 :          effort         |   medium   |      medium      |        
RUN-1001 :         fix_hold        |    off     |       off        |        
RUN-1001 :       legalization      |    ori     |       ori        |        
RUN-1001 :      new_spreading      |     on     |        on        |        
RUN-1001 :        opt_timing       |   medium   |      medium      |        
RUN-1001 :   post_clock_route_opt  |    off     |       off        |        
RUN-1001 :       pr_strategy       |     1      |        1         |        
RUN-1001 :        relaxation       |    1.00    |       1.00       |        
RUN-1001 :         retiming        |    off     |       off        |        
RUN-1001 : --------------------------------------------------------------
PHY-3001 : Placer runs in 16 thread(s).
RUN-1002 : start command "legalize_phy_inst"
SYN-1011 : Flatten model sd_bmp_hdmi
RUN-1002 : start command "phys_opt -simplify_lut"
SYN-4016 : Net u_ddr3_top/u_sdram_fifo_ctrl/clk_ref driven by BUFG (271 clock/control pins, 1 other pins).
SYN-4016 : Net u_clk_wiz_1/clk0_out driven by BUFG (58 clock/control pins, 1 other pins).
SYN-4016 : Net config_inst_syn_10 driven by BUFG (133 clock/control pins, 0 other pins).
SYN-4027 : Net u_ddr3_top/clk_sdram is clkc1 of pll u_clk_wiz_0/pll_inst.
SYN-4027 : Net u_ddr3_top/u_sdram_fifo_ctrl/wrfifo/clkw is clkc3 of pll u_clk_wiz_0/pll_inst.
SYN-4027 : Net u_sd_ctrl_top/u_sd_read/clk_ref_180deg is clkc4 of pll u_clk_wiz_0/pll_inst.
SYN-4019 : Net sys_clk_dup_1 is refclk of pll u_clk_wiz_0/pll_inst.
SYN-4020 : Net sys_clk_dup_1 is fbclk of pll u_clk_wiz_0/pll_inst.
SYN-4027 : Net u_hdmi_top/debayer_h/pclk is clkc1 of pll u_clk_wiz_1/pll_inst.
SYN-4019 : Net sys_clk_dup_1 is refclk of pll u_clk_wiz_1/pll_inst.
SYN-4020 : Net sys_clk_dup_1 is fbclk of pll u_clk_wiz_1/pll_inst.
SYN-4024 : Net "u_sd_ctrl_top/u_sd_init/div_clk" drives clk pins.
SYN-4025 : Tag rtl::Net config_inst_syn_10 as clock net
SYN-4025 : Tag rtl::Net sys_clk_dup_1 as clock net
SYN-4025 : Tag rtl::Net u_clk_wiz_1/clk0_out as clock net
SYN-4025 : Tag rtl::Net u_ddr3_top/clk_sdram as clock net
SYN-4025 : Tag rtl::Net u_ddr3_top/u_sdram_fifo_ctrl/clk_ref as clock net
SYN-4025 : Tag rtl::Net u_ddr3_top/u_sdram_fifo_ctrl/wrfifo/clkw as clock net
SYN-4025 : Tag rtl::Net u_hdmi_top/debayer_h/pclk as clock net
SYN-4025 : Tag rtl::Net u_sd_ctrl_top/u_sd_init/div_clk as clock net
SYN-4025 : Tag rtl::Net u_sd_ctrl_top/u_sd_read/clk_ref_180deg as clock net
SYN-4026 : Tagged 9 rtl::Net as clock net
SYN-4015 : Create BUFG instance for clk Net u_sd_ctrl_top/u_sd_init/div_clk to drive 101 clock pins.
PHY-1001 : Populate physical database on model sd_bmp_hdmi.
RUN-1001 : There are total 5717 instances
RUN-0007 : 1947 luts, 2439 seqs, 800 mslices, 435 lslices, 71 pads, 16 brams, 0 dsps
RUN-1001 : There are total 7618 nets
RUN-1001 : 5420 nets have 2 pins
RUN-1001 : 1598 nets have [3 - 5] pins
RUN-1001 : 380 nets have [6 - 10] pins
RUN-1001 : 165 nets have [11 - 20] pins
RUN-1001 : 42 nets have [21 - 99] pins
RUN-1001 : 13 nets have 100+ pins
RUN-1001 : Report Control nets information:
RUN-1001 : DFF Distribution
RUN-1001 : ----------------------------------
RUN-1001 :   CE   |  SSR  |  ASR  |  DFF Count  
RUN-1001 : ----------------------------------
RUN-1001 :   No   |  No   |  No   |     123     
RUN-1001 :   No   |  No   |  Yes  |    1802     
RUN-1001 :   No   |  Yes  |  No   |     64      
RUN-1001 :   Yes  |  No   |  No   |     19      
RUN-1001 :   Yes  |  No   |  Yes  |     431     
RUN-1001 :   Yes  |  Yes  |  No   |      0      
RUN-1001 : ----------------------------------
RUN-0007 : Control Group Statistic
RUN-0007 : ---------------------------
RUN-0007 :   #CLK  |  #CE  |  #SSR/ASR  
RUN-0007 : ---------------------------
RUN-0007 :    9    |  22   |     14     
RUN-0007 : ---------------------------
RUN-0007 : Control Set = 44
PHY-3001 : Initial placement ...
PHY-3001 : design contains 5715 instances, 1947 luts, 2439 seqs, 1235 slices, 288 macros(1235 instances: 800 mslices 435 lslices)
PHY-3001 : Huge net u_hdmi_top/sys_rst_n with 1507 pins
PHY-0007 : Cell area utilization is 22%
PHY-3001 : Start timing update ...
RUN-1002 : start command "start_timer -report"
TMR-2505 : Start building timing graph for model sd_bmp_hdmi.
TMR-2506 : Build timing graph completely. Port num: 9, tpin num: 27826, tnet num: 7616, tinst num: 5715, tnode num: 35608, tedge num: 48361.
TMR-2508 : Levelizing timing graph completed, there are 29 levels in total.
TMR-2501 : Timing graph initialized successfully.
TMR-2503 : Start to update net delay, extr mode = 2.
TMR-2504 : Update delay of 7616 nets completely.
TMR-2502 : Annotate delay completely, extr mode = 2.
TMR-3001 : Initiate 0 clocks from SDC.
TMR-3004 : Map sdc constraints, there are 8 constraints in total.
TMR-3003 : Constraints initiated successfully.
TMR-3501 : Forward propagation: start to calculate arrival time...
TMR-3502 : Backward propagation: start to calculate required time...
TMR-3503 : Timing propagation completes.
PHY-3001 : End timing update;  0.784301s wall, 0.531250s user + 0.000000s system = 0.531250s CPU (67.7%)

PHY-3001 : Global placement ...
PHY-3001 : Initial: Len = 1.75657e+06
PHY-3001 : Clustering ...
PHY-3001 : Level 0 #clusters 5715.
PHY-3001 : End clustering;  0.000042s wall, 0.000000s user + 0.000000s system = 0.000000s CPU (n/a%)

PHY-3001 : Run with size of 4
PHY-3001 : Cell area utilization is 22%
PHY-3001 : :::0::: Try harder cell spreading with beta_ = 0
PHY-3002 : Step(1): len = 1.08261e+06, overlap = 39.25
PHY-3002 : Step(2): len = 904059, overlap = 36.5
PHY-3002 : Step(3): len = 567189, overlap = 46.4688
PHY-3002 : Step(4): len = 489341, overlap = 56.0312
PHY-3002 : Step(5): len = 397819, overlap = 84.6875
PHY-3002 : Step(6): len = 351411, overlap = 101.312
PHY-3002 : Step(7): len = 310907, overlap = 120.781
PHY-3002 : Step(8): len = 278920, overlap = 135.156
PHY-3002 : Step(9): len = 255419, overlap = 152.75
PHY-3002 : Step(10): len = 232174, overlap = 162.594
PHY-3002 : Step(11): len = 214923, overlap = 170.5
PHY-3002 : Step(12): len = 199744, overlap = 189.812
PHY-3002 : Step(13): len = 185024, overlap = 202.406
PHY-3002 : Step(14): len = 176426, overlap = 205.281
PHY-3002 : Step(15): len = 166169, overlap = 219.438
PHY-3002 : Step(16): len = 158824, overlap = 228.812
PHY-3001 : :::1::: Try harder cell spreading with beta_ = 1.48113e-05
PHY-3002 : Step(17): len = 162002, overlap = 211.406
PHY-3002 : Step(18): len = 168774, overlap = 193.844
PHY-3002 : Step(19): len = 174562, overlap = 163.5
PHY-3002 : Step(20): len = 179692, overlap = 136.469
PHY-3002 : Step(21): len = 181559, overlap = 111.75
PHY-3002 : Step(22): len = 172270, overlap = 118.656
PHY-3002 : Step(23): len = 171285, overlap = 117.656
PHY-3002 : Step(24): len = 164479, overlap = 123.562
PHY-3002 : Step(25): len = 159283, overlap = 125.688
PHY-3002 : Step(26): len = 156974, overlap = 119.938
PHY-3002 : Step(27): len = 156018, overlap = 120.344
PHY-3002 : Step(28): len = 153348, overlap = 115.062
PHY-3002 : Step(29): len = 153568, overlap = 116.781
PHY-3002 : Step(30): len = 151464, overlap = 119.469
PHY-3002 : Step(31): len = 150924, overlap = 120
PHY-3002 : Step(32): len = 149767, overlap = 135.094
PHY-3002 : Step(33): len = 147153, overlap = 133.156
PHY-3002 : Step(34): len = 147504, overlap = 136.469
PHY-3002 : Step(35): len = 145449, overlap = 133.625
PHY-3002 : Step(36): len = 145222, overlap = 135.469
PHY-3002 : Step(37): len = 142963, overlap = 134.344
PHY-3002 : Step(38): len = 142715, overlap = 136.688
PHY-3002 : Step(39): len = 141042, overlap = 148.594
PHY-3002 : Step(40): len = 140530, overlap = 149.812
PHY-3002 : Step(41): len = 138183, overlap = 148.688
PHY-3002 : Step(42): len = 135989, overlap = 144.906
PHY-3002 : Step(43): len = 133558, overlap = 133.438
PHY-3002 : Step(44): len = 132356, overlap = 133.031
PHY-3002 : Step(45): len = 131667, overlap = 137.812
PHY-3002 : Step(46): len = 130426, overlap = 130.375
PHY-3002 : Step(47): len = 128956, overlap = 120.312
PHY-3002 : Step(48): len = 128341, overlap = 117.25
PHY-3002 : Step(49): len = 127339, overlap = 117.906
PHY-3001 : :::2::: Try harder cell spreading with beta_ = 2.96226e-05
PHY-3002 : Step(50): len = 127752, overlap = 114.125
PHY-3002 : Step(51): len = 127912, overlap = 113.812
PHY-3002 : Step(52): len = 128090, overlap = 114.406
PHY-3001 : :::3::: Try harder cell spreading with beta_ = 5.92451e-05
PHY-3002 : Step(53): len = 128289, overlap = 109.438
PHY-3002 : Step(54): len = 128415, overlap = 110.125
PHY-3002 : Step(55): len = 131860, overlap = 113.031
PHY-3002 : Step(56): len = 134287, overlap = 106.469
PHY-3002 : Step(57): len = 134323, overlap = 101.656
PHY-3001 : :::4::: Try harder cell spreading with beta_ = 0.00011849
PHY-3002 : Step(58): len = 134776, overlap = 104.188
PHY-3002 : Step(59): len = 134880, overlap = 99.0312
PHY-3002 : Step(60): len = 134935, overlap = 98.8438
PHY-3001 : :::5::: Try harder cell spreading with beta_ = 0.00023698
PHY-3002 : Step(61): len = 135375, overlap = 104.531
PHY-3002 : Step(62): len = 135480, overlap = 104.531
PHY-3001 : Legalization ...
PHY-3001 : End legalization;  0.018746s wall, 0.000000s user + 0.015625s system = 0.015625s CPU (83.3%)

PHY-3001 : Run with size of 4
PHY-3001 : Cell area utilization is 27%
PHY-3001 : Update timing in Manhattan mode ...
TMR-2503 : Start to update net delay, extr mode = 3.
TMR-2504 : Update delay of 7616 nets completely.
TMR-2502 : Annotate delay completely, extr mode = 3.
TMR-3501 : Forward propagation: start to calculate arrival time...
TMR-3502 : Backward propagation: start to calculate required time...
TMR-3503 : Timing propagation completes.
PHY-3001 : End timing update;  0.191797s wall, 0.125000s user + 0.000000s system = 0.125000s CPU (65.2%)

PHY-3001 : :::0::: Try harder cell spreading with beta_ = 3.28269e-06
PHY-3002 : Step(63): len = 137339, overlap = 188.438
PHY-3002 : Step(64): len = 137501, overlap = 187.781
PHY-3002 : Step(65): len = 131885, overlap = 206.281
PHY-3002 : Step(66): len = 131725, overlap = 210.656
PHY-3002 : Step(67): len = 128191, overlap = 210.125
PHY-3002 : Step(68): len = 127867, overlap = 211.969
PHY-3002 : Step(69): len = 126546, overlap = 212.219
PHY-3002 : Step(70): len = 126936, overlap = 215
PHY-3002 : Step(71): len = 127200, overlap = 216.188
PHY-3001 : :::1::: Try harder cell spreading with beta_ = 6.56538e-06
PHY-3002 : Step(72): len = 125480, overlap = 214.844
PHY-3002 : Step(73): len = 125491, overlap = 212.75
PHY-3002 : Step(74): len = 125626, overlap = 206.438
PHY-3001 : :::2::: Try harder cell spreading with beta_ = 1.31308e-05
PHY-3002 : Step(75): len = 127856, overlap = 193.469
PHY-3002 : Step(76): len = 128388, overlap = 191.312
PHY-3002 : Step(77): len = 132379, overlap = 168.125
PHY-3002 : Step(78): len = 137751, overlap = 160.25
PHY-3002 : Step(79): len = 132572, overlap = 149.312
PHY-3002 : Step(80): len = 132572, overlap = 149.312
PHY-3002 : Step(81): len = 131374, overlap = 151.75
PHY-3001 : :::3::: Try harder cell spreading with beta_ = 2.62615e-05
PHY-3002 : Step(82): len = 134639, overlap = 145.156
PHY-3002 : Step(83): len = 134895, overlap = 145.094
PHY-3002 : Step(84): len = 138079, overlap = 149.438
PHY-3002 : Step(85): len = 138682, overlap = 149.031
PHY-3002 : Step(86): len = 143044, overlap = 127.719
PHY-3002 : Step(87): len = 142751, overlap = 123.219
PHY-3002 : Step(88): len = 142644, overlap = 118.75
PHY-3002 : Step(89): len = 142644, overlap = 118.75
PHY-3001 : :::4::: Try harder cell spreading with beta_ = 5.2523e-05
PHY-3002 : Step(90): len = 142763, overlap = 120.469
PHY-3002 : Step(91): len = 142823, overlap = 123.281
PHY-3001 : Run with size of 2
PHY-3001 : Cell area utilization is 27%
PHY-3001 : Update timing in Manhattan mode ...
TMR-2503 : Start to update net delay, extr mode = 3.
TMR-2504 : Update delay of 7616 nets completely.
TMR-2502 : Annotate delay completely, extr mode = 3.
TMR-3501 : Forward propagation: start to calculate arrival time...
TMR-3502 : Backward propagation: start to calculate required time...
TMR-3503 : Timing propagation completes.
PHY-3001 : End timing update;  0.152246s wall, 0.109375s user + 0.000000s system = 0.109375s CPU (71.8%)

PHY-3001 : :::0::: Try harder cell spreading with beta_ = 1.62706e-05
PHY-3002 : Step(92): len = 146121, overlap = 299.25
PHY-3002 : Step(93): len = 146622, overlap = 296.969
PHY-3002 : Step(94): len = 146416, overlap = 286.281
PHY-3002 : Step(95): len = 146659, overlap = 286
PHY-3002 : Step(96): len = 146825, overlap = 280.344
PHY-3001 : :::1::: Try harder cell spreading with beta_ = 3.25411e-05
PHY-3002 : Step(97): len = 147572, overlap = 262.688
PHY-3002 : Step(98): len = 147880, overlap = 260.812
PHY-3002 : Step(99): len = 150149, overlap = 234.312
PHY-3002 : Step(100): len = 152258, overlap = 215.312
PHY-3002 : Step(101): len = 149403, overlap = 220.469
PHY-3002 : Step(102): len = 149193, overlap = 223.719
PHY-3002 : Step(103): len = 148815, overlap = 224.875
PHY-3001 : :::2::: Try harder cell spreading with beta_ = 6.50823e-05
PHY-3002 : Step(104): len = 152965, overlap = 203.969
PHY-3002 : Step(105): len = 154079, overlap = 199.281
PHY-3002 : Step(106): len = 158606, overlap = 181.938
PHY-3002 : Step(107): len = 157485, overlap = 171.531
PHY-3002 : Step(108): len = 157080, overlap = 175.656
PHY-3002 : Step(109): len = 156870, overlap = 175.844
PHY-3001 : :::3::: Try harder cell spreading with beta_ = 0.000130165
PHY-3002 : Step(110): len = 158364, overlap = 168.031
PHY-3002 : Step(111): len = 159536, overlap = 166.469
PHY-3002 : Step(112): len = 160235, overlap = 162.688
PHY-3001 : :::4::: Try harder cell spreading with beta_ = 0.000260329
PHY-3002 : Step(113): len = 162302, overlap = 155.469
PHY-3002 : Step(114): len = 164754, overlap = 149.719
PHY-3002 : Step(115): len = 168988, overlap = 140.812
PHY-3002 : Step(116): len = 169797, overlap = 136.75
PHY-3002 : Step(117): len = 168594, overlap = 135.281
PHY-3002 : Step(118): len = 168170, overlap = 136.156
PHY-3002 : Step(119): len = 166921, overlap = 134.656
PHY-3002 : Step(120): len = 166092, overlap = 131.938
PHY-3002 : Step(121): len = 165827, overlap = 131.125
PHY-3002 : Step(122): len = 165182, overlap = 132
PHY-3001 : :::5::: Try harder cell spreading with beta_ = 0.000520658
PHY-3002 : Step(123): len = 165778, overlap = 131
PHY-3002 : Step(124): len = 166109, overlap = 130.438
PHY-3002 : Step(125): len = 166858, overlap = 126.781
PHY-3001 : :::6::: Try harder cell spreading with beta_ = 0.0010407
PHY-3002 : Step(126): len = 167318, overlap = 123.344
PHY-3002 : Step(127): len = 167738, overlap = 121.875
PHY-3002 : Step(128): len = 168639, overlap = 117.875
OPT-1001 : Start physical optimization ...
RUN-1002 : start command "start_timer -report"
TMR-2505 : Start building timing graph for model sd_bmp_hdmi.
TMR-2506 : Build timing graph completely. Port num: 9, tpin num: 27826, tnet num: 7616, tinst num: 5715, tnode num: 35608, tedge num: 48361.
TMR-2508 : Levelizing timing graph completed, there are 29 levels in total.
TMR-2501 : Timing graph initialized successfully.
OPT-1001 : Total overflow 338.84 peak overflow 3.72
OPT-1001 : Start high-fanout net optimization ...
OPT-1001 : Update timing in global mode
PHY-1001 : Start incremental global routing, caller is place ...
RUN-1001 : Generating global routing grids ...
RUN-1001 : Building simple global routing graph ...
PHY-1001 : Generate routing nets ...
PHY-1001 : Reuse net number 0/7618.
PHY-1001 : Global iterations in 16 thread ...
PHY-1002 : len = 195016, over cnt = 935(2%), over = 3712, worst = 27
PHY-1001 : End global iterations;  0.384393s wall, 0.156250s user + 0.000000s system = 0.156250s CPU (40.6%)

PHY-1001 : Congestion index: top1 = 52.54, top5 = 40.85, top10 = 34.53, top15 = 30.16.
PHY-1001 : End incremental global routing;  0.494230s wall, 0.234375s user + 0.000000s system = 0.234375s CPU (47.4%)

TMR-2503 : Start to update net delay, extr mode = 5.
TMR-2504 : Update delay of 7616 nets completely.
TMR-2502 : Annotate delay completely, extr mode = 5.
TMR-3001 : Initiate 0 clocks from SDC.
TMR-3004 : Map sdc constraints, there are 8 constraints in total.
TMR-3003 : Constraints initiated successfully.
TMR-3501 : Forward propagation: start to calculate arrival time...
TMR-3502 : Backward propagation: start to calculate required time...
TMR-3503 : Timing propagation completes.
OPT-1001 : End timing update;  0.175903s wall, 0.156250s user + 0.000000s system = 0.156250s CPU (88.8%)

OPT-1001 : 0 high-fanout net processed.
OPT-1001 : End high-fanout net optimization;  0.776498s wall, 0.468750s user + 0.000000s system = 0.468750s CPU (60.4%)

OPT-1001 : Current memory(MB): used = 307, reserve = 273, peak = 307.
OPT-1001 : Start global optimization ...
OPT-1001 : Start congestion update ...
RUN-1001 : Generating global routing grids ...
PHY-1001 : Generate routing nets ...
PHY-1001 : Reuse net number 5839/7618.
PHY-1001 : Global iterations in 16 thread ...
PHY-1002 : len = 195016, over cnt = 935(2%), over = 3712, worst = 27
PHY-1002 : len = 214928, over cnt = 641(1%), over = 1777, worst = 27
PHY-1002 : len = 229808, over cnt = 276(0%), over = 597, worst = 12
PHY-1002 : len = 233360, over cnt = 179(0%), over = 333, worst = 10
PHY-1002 : len = 238136, over cnt = 0(0%), over = 0, worst = 0
PHY-1001 : End global iterations;  0.534909s wall, 0.265625s user + 0.000000s system = 0.265625s CPU (49.7%)

PHY-1001 : Congestion index: top1 = 45.15, top5 = 37.92, top10 = 33.85, top15 = 30.85.
OPT-1001 : End congestion update;  0.643911s wall, 0.359375s user + 0.000000s system = 0.359375s CPU (55.8%)

OPT-1001 : Update timing in Manhattan mode
TMR-2503 : Start to update net delay, extr mode = 3.
TMR-2504 : Update delay of 7616 nets completely.
TMR-2502 : Annotate delay completely, extr mode = 3.
TMR-3501 : Forward propagation: start to calculate arrival time...
TMR-3502 : Backward propagation: start to calculate required time...
TMR-3503 : Timing propagation completes.
OPT-1001 : End timing update;  0.147816s wall, 0.125000s user + 0.000000s system = 0.125000s CPU (84.6%)

OPT-0007 : Start: WNS 999170 TNS 0 NUM_FEPS 0
OPT-1001 : End global optimization;  0.791960s wall, 0.484375s user + 0.000000s system = 0.484375s CPU (61.2%)

OPT-1001 : Current memory(MB): used = 311, reserve = 278, peak = 311.
OPT-1001 : End physical optimization;  2.466716s wall, 1.375000s user + 0.015625s system = 1.390625s CPU (56.4%)

PHY-3001 : Start packing ...
SYN-4007 : Packing 0 MUX to BLE ...
SYN-4008 : Packed 0 MUX and 0 SEQ to BLE.
SYN-4007 : Packing 1947 LUT to BLE ...
SYN-4008 : Packed 1947 LUT and 1197 SEQ to BLE.
SYN-4003 : Packing 1242 remaining SEQ's ...
SYN-4005 : Packed 675 SEQ with LUT/SLICE
SYN-4006 : 325 single LUT's are left
SYN-4006 : 567 single SEQ's are left
SYN-4011 : Packing model "sd_bmp_hdmi" (AL_USER_NORMAL) with 2514/4005 primitive instances ...
PHY-3001 : End packing;  0.256024s wall, 0.171875s user + 0.000000s system = 0.171875s CPU (67.1%)

PHY-1001 : Populate physical database on model sd_bmp_hdmi.
RUN-1001 : There are total 2682 instances
RUN-1001 : 1293 mslices, 1293 lslices, 71 pads, 16 brams, 0 dsps
RUN-1001 : There are total 6520 nets
RUN-1001 : 4350 nets have 2 pins
RUN-1001 : 1556 nets have [3 - 5] pins
RUN-1001 : 400 nets have [6 - 10] pins
RUN-1001 : 159 nets have [11 - 20] pins
RUN-1001 : 45 nets have [21 - 99] pins
RUN-1001 : 10 nets have 100+ pins
PHY-3001 : design contains 2680 instances, 2586 slices, 288 macros(1235 instances: 800 mslices 435 lslices)
PHY-3001 : Cell area utilization is 32%
PHY-3001 : After packing: Len = 172009, Over = 166.5
PHY-3001 : Run with size of 2
PHY-3001 : Cell area utilization is 32%
PHY-3001 : Update timing in Manhattan mode ...
RUN-1002 : start command "start_timer -report"
TMR-2505 : Start building timing graph for model sd_bmp_hdmi.
TMR-2506 : Build timing graph completely. Port num: 9, tpin num: 23478, tnet num: 6518, tinst num: 2680, tnode num: 28962, tedge num: 43237.
TMR-2508 : Levelizing timing graph completed, there are 29 levels in total.
TMR-2501 : Timing graph initialized successfully.
TMR-2503 : Start to update net delay, extr mode = 3.
TMR-2504 : Update delay of 6518 nets completely.
TMR-2502 : Annotate delay completely, extr mode = 3.
TMR-3001 : Initiate 0 clocks from SDC.
TMR-3004 : Map sdc constraints, there are 8 constraints in total.
TMR-3003 : Constraints initiated successfully.
TMR-3501 : Forward propagation: start to calculate arrival time...
TMR-3502 : Backward propagation: start to calculate required time...
TMR-3503 : Timing propagation completes.
PHY-3001 : End timing update;  0.849668s wall, 0.609375s user + 0.031250s system = 0.640625s CPU (75.4%)

PHY-3001 : :::0::: Try harder cell spreading with beta_ = 2.182e-05
PHY-3002 : Step(129): len = 169081, overlap = 166.25
PHY-3002 : Step(130): len = 168023, overlap = 169.25
PHY-3002 : Step(131): len = 166295, overlap = 171.5
PHY-3002 : Step(132): len = 163255, overlap = 179.25
PHY-3002 : Step(133): len = 162203, overlap = 184.25
PHY-3002 : Step(134): len = 161589, overlap = 184
PHY-3001 : :::1::: Try harder cell spreading with beta_ = 4.36399e-05
PHY-3002 : Step(135): len = 162606, overlap = 180.25
PHY-3002 : Step(136): len = 163250, overlap = 177.25
PHY-3002 : Step(137): len = 164410, overlap = 175.25
PHY-3001 : :::2::: Try harder cell spreading with beta_ = 8.72799e-05
PHY-3002 : Step(138): len = 167931, overlap = 167.5
PHY-3002 : Step(139): len = 170441, overlap = 162.25
PHY-3002 : Step(140): len = 176022, overlap = 154
PHY-3002 : Step(141): len = 175293, overlap = 150.75
PHY-3002 : Step(142): len = 175215, overlap = 151.5
PHY-3002 : Step(143): len = 174014, overlap = 149.25
PHY-3002 : Step(144): len = 174295, overlap = 143
PHY-3002 : Step(145): len = 175250, overlap = 141.75
PHY-3001 : :::3::: Try harder cell spreading with beta_ = 0.000172231
PHY-3002 : Step(146): len = 180144, overlap = 131
PHY-3002 : Step(147): len = 182038, overlap = 128.75
PHY-3002 : Step(148): len = 184665, overlap = 123
PHY-3002 : Step(149): len = 185680, overlap = 114.75
PHY-3002 : Step(150): len = 185949, overlap = 113
PHY-3002 : Step(151): len = 185237, overlap = 112.25
PHY-3002 : Step(152): len = 185237, overlap = 112.25
PHY-3002 : Step(153): len = 184298, overlap = 114.25
PHY-3001 : :::4::: Try harder cell spreading with beta_ = 0.000344461
PHY-3002 : Step(154): len = 187057, overlap = 107.5
PHY-3002 : Step(155): len = 189175, overlap = 104.5
PHY-3002 : Step(156): len = 191276, overlap = 102
PHY-3001 : Legalization ...
PHY-3001 : End legalization;  0.764036s wall, 0.046875s user + 0.140625s system = 0.187500s CPU (24.5%)

PHY-3001 : Trial Legalized: Len = 228500
PHY-3001 : Run with size of 2
PHY-3001 : Cell area utilization is 31%
PHY-3001 : Update timing in Manhattan mode ...
TMR-2503 : Start to update net delay, extr mode = 3.
TMR-2504 : Update delay of 6518 nets completely.
TMR-2502 : Annotate delay completely, extr mode = 3.
TMR-3501 : Forward propagation: start to calculate arrival time...
TMR-3502 : Backward propagation: start to calculate required time...
TMR-3503 : Timing propagation completes.
PHY-3001 : End timing update;  0.128099s wall, 0.109375s user + 0.000000s system = 0.109375s CPU (85.4%)

PHY-3001 : :::0::: Try harder cell spreading with beta_ = 0.000297657
PHY-3002 : Step(157): len = 214854, overlap = 14.5
PHY-3002 : Step(158): len = 205301, overlap = 30
PHY-3002 : Step(159): len = 202022, overlap = 35.75
PHY-3002 : Step(160): len = 200472, overlap = 42
PHY-3002 : Step(161): len = 198792, overlap = 44.5
PHY-3002 : Step(162): len = 198031, overlap = 45
PHY-3002 : Step(163): len = 197119, overlap = 50.25
PHY-3001 : :::1::: Try harder cell spreading with beta_ = 0.000568658
PHY-3002 : Step(164): len = 197783, overlap = 48.25
PHY-3002 : Step(165): len = 198199, overlap = 48.25
PHY-3002 : Step(166): len = 198905, overlap = 48
PHY-3001 : :::2::: Try harder cell spreading with beta_ = 0.00113732
PHY-3002 : Step(167): len = 199211, overlap = 46.25
PHY-3002 : Step(168): len = 199496, overlap = 45
PHY-3001 : Legalization ...
PHY-3001 : End legalization;  0.007288s wall, 0.000000s user + 0.000000s system = 0.000000s CPU (n/a%)

PHY-3001 : Legalized: Len = 211646, Over = 0
PHY-3001 : Spreading special nets. 28 overflows in 2952 tiles.
PHY-3001 : End spreading;  0.020209s wall, 0.015625s user + 0.000000s system = 0.015625s CPU (77.3%)

PHY-3001 : 40 instances has been re-located, deltaX = 13, deltaY = 27, maxDist = 2.
PHY-3001 : Final: Len = 212596, Over = 0
PHY-3001 : BANK 6 DIFFRESISTOR:NONE VOD:350M VCM:1.2
OPT-1001 : Start physical optimization ...
RUN-1002 : start command "start_timer -report"
TMR-2505 : Start building timing graph for model sd_bmp_hdmi.
TMR-2506 : Build timing graph completely. Port num: 9, tpin num: 23478, tnet num: 6518, tinst num: 2681, tnode num: 28962, tedge num: 43237.
TMR-2508 : Levelizing timing graph completed, there are 29 levels in total.
TMR-2501 : Timing graph initialized successfully.
OPT-1001 : Total overflow 0.00 peak overflow 0.00
OPT-1001 : Start high-fanout net optimization ...
OPT-1001 : Update timing in global mode
PHY-1001 : Start incremental global routing, caller is place ...
RUN-1001 : Generating global routing grids ...
PHY-1001 : Generate routing nets ...
PHY-1001 : Reuse net number 182/6520.
PHY-1001 : Global iterations in 16 thread ...
PHY-1002 : len = 250064, over cnt = 696(1%), over = 1162, worst = 7
PHY-1002 : len = 253912, over cnt = 433(1%), over = 672, worst = 7
PHY-1002 : len = 259832, over cnt = 130(0%), over = 184, worst = 5
PHY-1002 : len = 260560, over cnt = 97(0%), over = 131, worst = 4
PHY-1002 : len = 262208, over cnt = 0(0%), over = 0, worst = 0
PHY-1001 : End global iterations;  0.764572s wall, 0.484375s user + 0.000000s system = 0.484375s CPU (63.4%)

PHY-1001 : Congestion index: top1 = 37.61, top5 = 32.44, top10 = 29.41, top15 = 27.26.
PHY-1001 : End incremental global routing;  0.902603s wall, 0.578125s user + 0.000000s system = 0.578125s CPU (64.1%)

TMR-2503 : Start to update net delay, extr mode = 5.
TMR-2504 : Update delay of 6518 nets completely.
TMR-2502 : Annotate delay completely, extr mode = 5.
TMR-3001 : Initiate 0 clocks from SDC.
TMR-3004 : Map sdc constraints, there are 8 constraints in total.
TMR-3003 : Constraints initiated successfully.
TMR-3501 : Forward propagation: start to calculate arrival time...
TMR-3502 : Backward propagation: start to calculate required time...
TMR-3503 : Timing propagation completes.
OPT-1001 : End timing update;  0.165657s wall, 0.109375s user + 0.000000s system = 0.109375s CPU (66.0%)

OPT-1001 : 0 high-fanout net processed.
OPT-1001 : End high-fanout net optimization;  1.171786s wall, 0.781250s user + 0.000000s system = 0.781250s CPU (66.7%)

OPT-1001 : Current memory(MB): used = 318, reserve = 286, peak = 318.
OPT-1001 : Start path based optimization ...
OPT-1001 : Start congestion update ...
RUN-1001 : Generating global routing grids ...
PHY-1001 : Generate routing nets ...
PHY-1001 : Reuse net number 5718/6520.
PHY-1001 : Global iterations in 16 thread ...
PHY-1002 : len = 262208, over cnt = 0(0%), over = 0, worst = 0
PHY-1001 : End global iterations;  0.032035s wall, 0.031250s user + 0.000000s system = 0.031250s CPU (97.6%)

PHY-1001 : Congestion index: top1 = 37.61, top5 = 32.44, top10 = 29.41, top15 = 27.26.
OPT-1001 : End congestion update;  0.150706s wall, 0.140625s user + 0.000000s system = 0.140625s CPU (93.3%)

OPT-1001 : Update timing in Manhattan mode
TMR-2503 : Start to update net delay, extr mode = 3.
TMR-2504 : Update delay of 6518 nets completely.
TMR-2502 : Annotate delay completely, extr mode = 3.
TMR-3501 : Forward propagation: start to calculate arrival time...
TMR-3502 : Backward propagation: start to calculate required time...
TMR-3503 : Timing propagation completes.
OPT-1001 : End timing update;  0.120408s wall, 0.109375s user + 0.000000s system = 0.109375s CPU (90.8%)

OPT-0007 : Start: WNS 998995 TNS 0 NUM_FEPS 0
OPT-1001 : End path based optimization;  0.271327s wall, 0.250000s user + 0.000000s system = 0.250000s CPU (92.1%)

OPT-1001 : Current memory(MB): used = 321, reserve = 289, peak = 321.
OPT-1001 : Update timing in Manhattan mode
TMR-2503 : Start to update net delay, extr mode = 3.
TMR-2504 : Update delay of 6518 nets completely.
TMR-2502 : Annotate delay completely, extr mode = 3.
TMR-3501 : Forward propagation: start to calculate arrival time...
TMR-3502 : Backward propagation: start to calculate required time...
TMR-3503 : Timing propagation completes.
OPT-1001 : End timing update;  0.118343s wall, 0.109375s user + 0.000000s system = 0.109375s CPU (92.4%)

OPT-1001 : Start pin optimization...
OPT-1001 : skip pin optimization...
RUN-1001 : Generating global routing grids ...
PHY-1001 : Generate routing nets ...
PHY-1001 : Reuse net number 5718/6520.
PHY-1001 : Global iterations in 16 thread ...
PHY-1002 : len = 262208, over cnt = 0(0%), over = 0, worst = 0
PHY-1001 : End global iterations;  0.032337s wall, 0.031250s user + 0.000000s system = 0.031250s CPU (96.6%)

PHY-1001 : Congestion index: top1 = 37.61, top5 = 32.44, top10 = 29.41, top15 = 27.26.
OPT-1001 : Update timing in Manhattan mode
TMR-2503 : Start to update net delay, extr mode = 3.
TMR-2504 : Update delay of 6518 nets completely.
TMR-2502 : Annotate delay completely, extr mode = 3.
TMR-3501 : Forward propagation: start to calculate arrival time...
TMR-3502 : Backward propagation: start to calculate required time...
TMR-3503 : Timing propagation completes.
OPT-1001 : End timing update;  0.122624s wall, 0.109375s user + 0.000000s system = 0.109375s CPU (89.2%)

RUN-1001 : QoR Analysis:
OPT-0007 :   WNS 998995 TNS 0 NUM_FEPS 0
RUN-1001 :   No local congestion issue, and most congested 1% tile average routing util is 37.206897
RUN-1001 :   Top critical paths
OPT-1001 : End physical optimization;  2.681868s wall, 2.171875s user + 0.015625s system = 2.187500s CPU (81.6%)

RUN-1003 : finish command "place" in  16.054149s wall, 10.156250s user + 3.000000s system = 13.156250s CPU (81.9%)

RUN-1004 : used memory is 302 MB, reserved memory is 271 MB, peak memory is 322 MB
RUN-1002 : start command "export_db SD-SDRAM-ISP-HDMI_place.db"
RUN-1001 : Exported /
RUN-1001 : Exported flow parameters
RUN-1001 : Exported libs
RUN-1001 : Exported entities
RUN-1001 : Exported ports
RUN-1001 : Exported pins
RUN-1001 : Exported instances
RUN-1001 : Exported nets
RUN-1001 : Exported buses
RUN-1001 : Exported models
RUN-1001 : Exported congestions
RUN-1001 : Exported violations
RUN-1001 : Exported timing constraints
RUN-1001 : Exported IO constraints
RUN-1001 : Exported Inst constraints
RUN-1001 : Exported ChipWatcher
RUN-1002 : start command "route"
RUN-1001 : Open license file F:/ARMChina/license/Anlogic.lic
RUN-1001 : Print Global Property
RUN-1001 : ---------------------------------------------------------------
RUN-1001 :        Parameters        |  Settings  |  Default Values  |  Note  
RUN-1001 : ---------------------------------------------------------------
RUN-1001 :          message         |  standard  |     standard     |        
RUN-1001 :   mixed_pack_place_flow  |     on     |        on        |        
RUN-1001 :        qor_monitor       |    off     |       off        |        
RUN-1001 :        syn_ip_flow       |    off     |       off        |        
RUN-1001 :          thread          |    auto    |       auto       |        
RUN-1001 : ---------------------------------------------------------------
RUN-1001 : Print Route Property
RUN-1001 : -------------------------------------------------------
RUN-1001 :    Parameters    |  Settings  |  Default Values  |  Note  
RUN-1001 : -------------------------------------------------------
RUN-1001 :      effort      |   medium   |      medium      |        
RUN-1001 :     fix_hold     |    off     |       off        |        
RUN-1001 :    opt_timing    |   medium   |      medium      |        
RUN-1001 :   phy_sim_model  |    off     |       off        |        
RUN-1001 :     priority     |   timing   |      timing      |        
RUN-1001 :     swap_pin     |     on     |        on        |        
RUN-1001 : -------------------------------------------------------
PHY-1001 : Route runs in 16 thread(s)
RUN-1001 : There are total 2683 instances
RUN-1001 : 1293 mslices, 1293 lslices, 71 pads, 16 brams, 0 dsps
RUN-1001 : There are total 6520 nets
RUN-1001 : 4350 nets have 2 pins
RUN-1001 : 1556 nets have [3 - 5] pins
RUN-1001 : 400 nets have [6 - 10] pins
RUN-1001 : 159 nets have [11 - 20] pins
RUN-1001 : 45 nets have [21 - 99] pins
RUN-1001 : 10 nets have 100+ pins
RUN-1002 : start command "start_timer -report"
TMR-2505 : Start building timing graph for model sd_bmp_hdmi.
TMR-2506 : Build timing graph completely. Port num: 9, tpin num: 23478, tnet num: 6518, tinst num: 2681, tnode num: 28962, tedge num: 43237.
TMR-2508 : Levelizing timing graph completed, there are 29 levels in total.
TMR-2501 : Timing graph initialized successfully.
PHY-1001 : 1293 mslices, 1293 lslices, 71 pads, 16 brams, 0 dsps
TMR-2503 : Start to update net delay, extr mode = 3.
TMR-2504 : Update delay of 6518 nets completely.
TMR-2502 : Annotate delay completely, extr mode = 3.
TMR-3001 : Initiate 0 clocks from SDC.
TMR-3004 : Map sdc constraints, there are 8 constraints in total.
TMR-3003 : Constraints initiated successfully.
TMR-3501 : Forward propagation: start to calculate arrival time...
TMR-3502 : Backward propagation: start to calculate required time...
TMR-3503 : Timing propagation completes.
PHY-1001 : Start global routing, caller is route ...
RUN-1001 : Generating global routing grids ...
PHY-1001 : Generate routing nets ...
PHY-1001 : Global iterations in 16 thread ...
PHY-1002 : len = 249224, over cnt = 710(2%), over = 1178, worst = 7
PHY-1002 : len = 253560, over cnt = 391(1%), over = 579, worst = 7
PHY-1002 : len = 259328, over cnt = 81(0%), over = 112, worst = 6
PHY-1002 : len = 260848, over cnt = 0(0%), over = 0, worst = 0
PHY-1001 : End global iterations;  0.770053s wall, 0.281250s user + 0.000000s system = 0.281250s CPU (36.5%)

PHY-1001 : Congestion index: top1 = 37.48, top5 = 32.43, top10 = 29.39, top15 = 27.21.
PHY-1001 : End global routing;  0.909266s wall, 0.312500s user + 0.000000s system = 0.312500s CPU (34.4%)

PHY-1001 : Start detail routing ...
PHY-1001 : Current memory(MB): used = 353, reserve = 322, peak = 354.
PHY-1001 : Detailed router is running in normal mode.
PHY-1001 : Generate detailed routing grids ...
PHY-1001 : Generate nets ...
PHY-1001 : net sys_clk_dup_1 will be routed on clock mesh
PHY-1001 : clock net u_clk_wiz_1/clk0_out will be merged with clock u_clk_wiz_1/clk0_buf
PHY-1001 : net u_ddr3_top/clk_sdram will be routed on clock mesh
PHY-1001 : clock net u_ddr3_top/u_sdram_fifo_ctrl/clk_ref will be merged with clock u_clk_wiz_0/clk0_buf
PHY-1001 : net u_ddr3_top/u_sdram_fifo_ctrl/wrfifo/clkw will be routed on clock mesh
PHY-1001 : clock net config_inst_syn_10 will be merged with clock config_inst_syn_9
PHY-1001 : net u_hdmi_top/debayer_h/pclk will be routed on clock mesh
PHY-1001 : clock net u_sd_ctrl_top/u_sd_init/div_clk_syn_4 will be merged with clock u_sd_ctrl_top/u_sd_init/div_clk
PHY-1001 : net u_sd_ctrl_top/u_sd_read/clk_ref_180deg will be routed on clock mesh
PHY-1001 : Current memory(MB): used = 606, reserve = 578, peak = 606.
PHY-1001 : End build detailed router design. 3.706509s wall, 2.281250s user + 0.062500s system = 2.343750s CPU (63.2%)

PHY-1001 : Detail Route ...
PHY-1001 : ===== Detail Route Phase 1 =====
PHY-1001 : Clock net routing.....
PHY-1001 : Routed 0% nets.
PHY-1022 : len = 86328, over cnt = 0(0%), over = 0, worst = 0, crit = 0
PHY-1001 : End initial clock net routed; 3.523640s wall, 2.296875s user + 0.015625s system = 2.312500s CPU (65.6%)

PHY-1001 : Current memory(MB): used = 639, reserve = 612, peak = 639.
PHY-1001 : End phase 1; 3.528691s wall, 2.296875s user + 0.015625s system = 2.312500s CPU (65.5%)

PHY-1001 : ===== Detail Route Phase 2 =====
PHY-1001 : Initial routing.....
PHY-1001 : Routed 35% nets.
PHY-1001 : Routed 41% nets.
PHY-1001 : Routed 51% nets.
PHY-1001 : Routed 64% nets.
PHY-1001 : Routed 85% nets.
PHY-1022 : len = 678824, over cnt = 149(0%), over = 149, worst = 1, crit = 0
PHY-1001 : Current memory(MB): used = 641, reserve = 614, peak = 641.
PHY-1001 : End initial routed; 8.085235s wall, 5.421875s user + 0.109375s system = 5.531250s CPU (68.4%)

PHY-1001 : Update timing.....
PHY-1001 : 0/5559(0%) critical/total net(s).
RUN-1001 : ------------------------------------------
RUN-1001 :   Type   |    WNS(ns)    |  TNS(ns)  |  FEP  
RUN-1001 : ------------------------------------------
RUN-1001 :   Setup  |    998.546    |   0.000   |   0   
RUN-1001 :   Hold   |  2147483.647  |   0.000   |   0   
RUN-1001 : ------------------------------------------
PHY-1001 : End update timing; 1.016053s wall, 0.843750s user + 0.000000s system = 0.843750s CPU (83.0%)

PHY-1001 : Current memory(MB): used = 647, reserve = 620, peak = 647.
PHY-1001 : End phase 2; 9.101429s wall, 6.265625s user + 0.109375s system = 6.375000s CPU (70.0%)

PHY-1001 : ===== Detail Route Phase 3 =====
PHY-1001 : Optimize timing.....
PHY-1022 : len = 678824, over cnt = 149(0%), over = 149, worst = 1, crit = 0
PHY-1001 : End optimize timing; 0.025762s wall, 0.015625s user + 0.000000s system = 0.015625s CPU (60.7%)

PHY-1001 : Ripup-reroute.....
PHY-1001 : ===== DR Iter 1 =====
PHY-1022 : len = 677096, over cnt = 52(0%), over = 52, worst = 1, crit = 0
PHY-1001 : End DR Iter 1; 0.152200s wall, 0.078125s user + 0.000000s system = 0.078125s CPU (51.3%)

PHY-1001 : ===== DR Iter 2 =====
PHY-1022 : len = 676608, over cnt = 6(0%), over = 6, worst = 1, crit = 0
PHY-1001 : End DR Iter 2; 0.096872s wall, 0.031250s user + 0.000000s system = 0.031250s CPU (32.3%)

PHY-1001 : ===== DR Iter 3 =====
PHY-1022 : len = 676640, over cnt = 0(0%), over = 0, worst = 0, crit = 0
PHY-1001 : End DR Iter 3; 0.060047s wall, 0.015625s user + 0.000000s system = 0.015625s CPU (26.0%)

PHY-1001 : Update timing.....
PHY-1001 : 0/5559(0%) critical/total net(s).
RUN-1001 : ------------------------------------------
RUN-1001 :   Type   |    WNS(ns)    |  TNS(ns)  |  FEP  
RUN-1001 : ------------------------------------------
RUN-1001 :   Setup  |    998.546    |   0.000   |   0   
RUN-1001 :   Hold   |  2147483.647  |   0.000   |   0   
RUN-1001 : ------------------------------------------
PHY-1001 : End update timing; 1.022133s wall, 0.703125s user + 0.000000s system = 0.703125s CPU (68.8%)

PHY-1001 : Commit to database.....
PHY-1001 : 30 feed throughs used by 26 nets
PHY-1001 : End commit to database; 0.607022s wall, 0.562500s user + 0.015625s system = 0.578125s CPU (95.2%)

PHY-1001 : Current memory(MB): used = 678, reserve = 652, peak = 678.
PHY-1001 : End phase 3; 2.136308s wall, 1.593750s user + 0.015625s system = 1.609375s CPU (75.3%)

PHY-1003 : Routed, final wirelength = 676640
PHY-1001 : Current memory(MB): used = 679, reserve = 654, peak = 679.
PHY-1001 : End export database. 0.021417s wall, 0.015625s user + 0.000000s system = 0.015625s CPU (73.0%)

PHY-1001 : End detail routing;  18.767397s wall, 12.718750s user + 0.203125s system = 12.921875s CPU (68.9%)

RUN-1003 : finish command "route" in  20.673138s wall, 13.781250s user + 0.203125s system = 13.984375s CPU (67.6%)

RUN-1004 : used memory is 616 MB, reserved memory is 589 MB, peak memory is 679 MB
RUN-1002 : start command "report_area -io_info -file SD-SDRAM-ISP-HDMI_phy.area"
RUN-1001 : standard
***Report Model: sd_bmp_hdmi Device: EG4S20BG256***

IO Statistics
#IO                        12
  #input                    5
  #output                   7
  #inout                    0

Utilization Statistics
#lut                     4478   out of  19600   22.85%
#reg                     2454   out of  19600   12.52%
#le                      5044
  #lut only              2590   out of   5044   51.35%
  #reg only               566   out of   5044   11.22%
  #lut&reg               1888   out of   5044   37.43%
#dsp                        0   out of     29    0.00%
#bram                      14   out of     64   21.88%
  #bram9k                  14
  #fifo9k                   0
#bram32k                    2   out of     16   12.50%
#pad                       16   out of    188    8.51%
  #ireg                     0
  #oreg                     4
  #treg                     0
#pll                        2   out of      4   50.00%
#gclk                       4   out of     16   25.00%

Clock Resource Statistics
Index     ClockNet                                    Type               DriverType         Driver                                       Fanout
#1        u_hdmi_top/debayer_h/pclk                   GCLK               pll                u_clk_wiz_1/pll_inst.clkc1                   846
#2        u_clk_wiz_0/clk0_buf                        GCLK               pll                u_clk_wiz_0/pll_inst.clkc0                   177
#3        u_ddr3_top/u_sdram_fifo_ctrl/wrfifo/clkw    GCLK               pll                u_clk_wiz_0/pll_inst.clkc3                   162
#4        config_inst_syn_9                           GCLK               config             config_inst.jtck                             83
#5        u_sd_ctrl_top/u_sd_init/div_clk             GCLK               lslice             u_hdmi_top/debayer_h/t2_g3_b5[4]_syn_5.q0    62
#6        sys_clk_dup_1                               GCLK               io                 sys_clk_syn_2.di                             54
#7        u_clk_wiz_1/clk0_buf                        GCLK               pll                u_clk_wiz_1/pll_inst.clkc0                   36
#8        u_sd_ctrl_top/u_sd_read/clk_ref_180deg      GCLK               pll                u_clk_wiz_0/pll_inst.clkc4                   23
#9        u_ddr3_top/clk_sdram                        GCLK               pll                u_clk_wiz_0/pll_inst.clkc1                   0


Detailed IO Report

        Name           Direction    Location    IOStandard    DriveStrength    PullType    PackReg  
       sd_miso           INPUT        D14        LVCMOS33          N/A          PULLUP      NONE    
   switch_video[1]       INPUT        B10        LVCMOS33          N/A          PULLUP      NONE    
   switch_video[0]       INPUT        A10        LVCMOS33          N/A          PULLUP      NONE    
       sys_clk           INPUT         R7        LVCMOS33          N/A          PULLUP      NONE    
      sys_rst_n          INPUT         A9        LVCMOS33          N/A          PULLUP      NONE    
       sd_clk           OUTPUT        F15        LVCMOS33           8            NONE       NONE    
        sd_cs           OUTPUT        F13        LVCMOS33           8            NONE       NONE    
       sd_mosi          OUTPUT        F14        LVCMOS33           8            NONE       NONE    
     tmds_clk_p         OUTPUT         P1         LVDS33           NA            NONE      ODDRX1   
    tmds_clk_p(n)       OUTPUT         R1         LVDS33           NA            NONE      ODDRX1   
   tmds_data_p[2]       OUTPUT         J3         LVDS33           NA            NONE      ODDRX1   
  tmds_data_p[2](n)     OUTPUT         J4         LVDS33           NA            NONE      ODDRX1   
   tmds_data_p[1]       OUTPUT         P4         LVDS33           NA            NONE      ODDRX1   
  tmds_data_p[1](n)     OUTPUT         N4         LVDS33           NA            NONE      ODDRX1   
   tmds_data_p[0]       OUTPUT         N1         LVDS33           NA            NONE      ODDRX1   
  tmds_data_p[0](n)     OUTPUT         M1         LVDS33           NA            NONE      ODDRX1   
       dq[23]            INPUT        S31        LVCMOS25           8           PULLUP      NONE    
       dq[22]            INPUT        S32        LVCMOS25           8           PULLUP      NONE    
       dq[21]            INPUT        S35        LVCMOS25           8           PULLUP      NONE    
       dq[20]            INPUT        S36        LVCMOS25           8           PULLUP      NONE    
       dq[19]            INPUT        S37        LVCMOS25           8           PULLUP      NONE    
       dq[18]            INPUT        S38        LVCMOS25           8           PULLUP      NONE    
       dq[17]            INPUT        S41        LVCMOS25           8           PULLUP      NONE    
       dq[16]            INPUT        S42        LVCMOS25           8           PULLUP      NONE    
       dq[31]            INPUT        S48        LVCMOS25           8           PULLUP      NONE    
       dq[30]            INPUT        S49        LVCMOS25           8           PULLUP      NONE    
       dq[29]            INPUT        S52        LVCMOS25           8           PULLUP      NONE    
       dq[28]            INPUT        S53        LVCMOS25           8           PULLUP      NONE    
       dq[27]            INPUT        S54        LVCMOS25           8           PULLUP      NONE    
       dq[26]            INPUT        S55        LVCMOS25           8           PULLUP      NONE    
       dq[25]            INPUT        S58        LVCMOS25           8           PULLUP      NONE    
       dq[24]            INPUT        S59        LVCMOS25           8           PULLUP      NONE    
         dm0            OUTPUT        S14        LVCMOS25           8            NONE       NONE    
         cke            OUTPUT        S18        LVCMOS25           8            NONE       OREG    
        we_n            OUTPUT        S19        LVCMOS25           8            NONE       OREG    
        cas_n           OUTPUT        S20        LVCMOS25           8            NONE       OREG    
        ras_n           OUTPUT        S21        LVCMOS25           8            NONE       OREG    
        cs_n            OUTPUT        S22        LVCMOS25           8            NONE       OREG    
       addr[9]          OUTPUT        S23        LVCMOS25           8            NONE       OREG    
       addr[8]          OUTPUT        S24        LVCMOS25           8            NONE       OREG    
       addr[7]          OUTPUT        S25        LVCMOS25           8            NONE       OREG    
       addr[6]          OUTPUT        S26        LVCMOS25           8            NONE       OREG    
       addr[5]          OUTPUT        S27        LVCMOS25           8            NONE       OREG    
       addr[4]          OUTPUT        S28        LVCMOS25           8            NONE       OREG    
         dm2            OUTPUT        S29        LVCMOS25           8            NONE       NONE    
         dm3            OUTPUT        S61        LVCMOS25           8            NONE       NONE    
       addr[3]          OUTPUT        S64        LVCMOS25           8            NONE       OREG    
       addr[2]          OUTPUT        S65        LVCMOS25           8            NONE       OREG    
       addr[1]          OUTPUT        S66        LVCMOS25           8            NONE       OREG    
       addr[0]          OUTPUT        S67        LVCMOS25           8            NONE       OREG    
      addr[10]          OUTPUT        S68        LVCMOS25           8            NONE       OREG    
        ba[0]           OUTPUT        S69        LVCMOS25           8            NONE       OREG    
        ba[1]           OUTPUT        S70        LVCMOS25           8            NONE       OREG    
         clk            OUTPUT        S73        LVCMOS25           8            NONE       NONE    
         dm1            OUTPUT        S76        LVCMOS25           8            NONE       NONE    
        dq[0]            INOUT         S1        LVCMOS25           8           PULLUP      IREG    
        dq[6]            INOUT        S11        LVCMOS25           8           PULLUP      IREG    
        dq[7]            INOUT        S12        LVCMOS25           8           PULLUP      IREG    
        dq[1]            INOUT         S2        LVCMOS25           8           PULLUP      IREG    
        dq[2]            INOUT         S5        LVCMOS25           8           PULLUP      IREG    
        dq[3]            INOUT         S6        LVCMOS25           8           PULLUP      IREG    
        dq[4]            INOUT         S7        LVCMOS25           8           PULLUP      IREG    
        dq[8]            INOUT        S78        LVCMOS25           8           PULLUP      IREG    
        dq[9]            INOUT        S79        LVCMOS25           8           PULLUP      IREG    
        dq[5]            INOUT         S8        LVCMOS25           8           PULLUP      IREG    
       dq[10]            INOUT        S82        LVCMOS25           8           PULLUP      IREG    
       dq[11]            INOUT        S83        LVCMOS25           8           PULLUP      IREG    
       dq[12]            INOUT        S84        LVCMOS25           8           PULLUP      IREG    
       dq[13]            INOUT        S85        LVCMOS25           8           PULLUP      IREG    
       dq[14]            INOUT        S88        LVCMOS25           8           PULLUP      IREG    
       dq[15]            INOUT        S89        LVCMOS25           8           PULLUP      IREG    

Report Hierarchy Area:
+-------------------------------------------------------------------------------------------------------------------------------------+
|Instance                            |Module                                     |le     |lut     |ripple  |seq     |bram    |dsp     |
+-------------------------------------------------------------------------------------------------------------------------------------+
|top                                 |sd_bmp_hdmi                                |5044   |3243    |1235    |2458    |16      |0       |
|  u_clk_wiz_0                       |PLL                                        |0      |0       |0       |0       |0       |0       |
|  u_clk_wiz_1                       |PLL_hdmi                                   |0      |0       |0       |0       |0       |0       |
|  u_ddr3_top                        |ddr3_top1                                  |570    |369     |100     |337     |2       |0       |
|    physica_sdram                   |SDRAM                                      |0      |0       |0       |0       |0       |0       |
|    u_sdram_controller              |sdram_controller                           |202    |147     |40      |81      |0       |0       |
|      u_sdram_cmd                   |sdram_cmd                                  |40     |40      |0       |15      |0       |0       |
|      u_sdram_ctrl                  |sdram_ctrl                                 |147    |101     |40      |51      |0       |0       |
|      u_sdram_data                  |sdram_data                                 |15     |6       |0       |15      |0       |0       |
|    u_sdram_fifo_ctrl               |sdram_fifo_ctrl                            |368    |222     |60      |256     |2       |0       |
|      rdfifo                        |SOFTFIFO                                   |135    |93      |18      |108     |1       |0       |
|        ram_inst                    |ram_infer_SOFTFIFO                         |4      |4       |0       |4       |1       |0       |
|        rd_to_wr_cross_inst         |fifo_cross_domain_addr_process_al_SOFTFIFO |40     |28      |0       |40      |0       |0       |
|        wr_to_rd_cross_inst         |fifo_cross_domain_addr_process_al_SOFTFIFO |34     |34      |0       |34      |0       |0       |
|      wrfifo                        |SOFTFIFO                                   |144    |64      |18      |115     |1       |0       |
|        ram_inst                    |ram_infer_SOFTFIFO                         |15     |4       |0       |15      |1       |0       |
|        rd_to_wr_cross_inst         |fifo_cross_domain_addr_process_al_SOFTFIFO |38     |17      |0       |38      |0       |0       |
|        wr_to_rd_cross_inst         |fifo_cross_domain_addr_process_al_SOFTFIFO |34     |22      |0       |34      |0       |0       |
|  u_hdmi_top                        |hdmi_top1                                  |3407   |2149    |918     |1523    |12      |0       |
|    debayer_h                       |isp_demosaic                               |2904   |1773    |803     |1316    |12      |0       |
|      linebuffer                    |shift_register                             |47     |31      |16      |13      |12      |0       |
|        gen_ram_inst[0]$u_ram       |simple_dp_ram                              |0      |0       |0       |0       |2       |0       |
|        gen_ram_inst[1]$u_ram       |simple_dp_ram                              |0      |0       |0       |0       |2       |0       |
|        gen_ram_inst[2]$u_ram       |simple_dp_ram                              |0      |0       |0       |0       |2       |0       |
|        gen_ram_inst[3]$u_ram       |simple_dp_ram                              |0      |0       |0       |0       |2       |0       |
|        gen_ram_inst[4]$u_ram       |simple_dp_ram                              |0      |0       |0       |0       |2       |0       |
|        gen_ram_inst[5]$u_ram       |simple_dp_ram                              |3      |3       |0       |1       |2       |0       |
|    u3_hdmi_tx                      |hdmi_tx                                    |354    |288     |54      |179     |0       |0       |
|      Inst_DVITransmitter           |DVITransmitter                             |354    |288     |54      |179     |0       |0       |
|        Inst_TMDSEncoder_blue       |TMDSEncoder                                |107    |88      |18      |39      |0       |0       |
|        Inst_TMDSEncoder_green      |TMDSEncoder                                |92     |74      |18      |52      |0       |0       |
|        Inst_TMDSEncoder_red        |TMDSEncoder                                |107    |89      |18      |40      |0       |0       |
|        Inst_blue_serializer_10_1   |Serial_N_1_lvds_dat                        |16     |14      |0       |16      |0       |0       |
|        Inst_clk_serializer_10_1    |Serial_N_1_lvds                            |7      |5       |0       |7       |0       |0       |
|        Inst_green_serializer_10_1  |Serial_N_1_lvds_dat                        |13     |8       |0       |13      |0       |0       |
|        Inst_red_serializer_10_1    |Serial_N_1_lvds_dat                        |12     |10      |0       |12      |0       |0       |
|    u_video_driver                  |video_driver                               |149    |88      |61      |28      |0       |0       |
|  u_sd_ctrl_top                     |sd_ctrl_top                                |330    |253     |49      |218     |0       |0       |
|    u_sd_init                       |sd_init                                    |188    |149     |32      |113     |0       |0       |
|    u_sd_read                       |sd_read                                    |142    |104     |17      |105     |0       |0       |
|  u_sd_read_photo                   |read_rawdata                               |358    |247     |97      |158     |0       |0       |
|  cw_top                            |CW_TOP_WRAPPER                             |373    |219     |71      |216     |0       |0       |
|    wrapper_cwc_top                 |cwc_top                                    |373    |219     |71      |216     |0       |0       |
|      cfg_int_inst                  |cwc_cfg_int                                |146    |74      |0       |130     |0       |0       |
|        reg_inst                    |register                                   |144    |72      |0       |128     |0       |0       |
|        tap_inst                    |tap                                        |2      |2       |0       |2       |0       |0       |
|      trigger_inst                  |trigger                                    |227    |145     |71      |86      |0       |0       |
|        bus_inst                    |bus_top                                    |16     |10      |6       |4       |0       |0       |
|          BUS_DETECTOR[1]$bus_nodes |bus_det                                    |2      |2       |0       |2       |0       |0       |
|          BUS_DETECTOR[3]$bus_nodes |bus_det                                    |2      |2       |0       |2       |0       |0       |
|          BUS_DETECTOR[4]$bus_nodes |bus_det                                    |12     |6       |6       |0       |0       |0       |
|        emb_ctrl_inst               |emb_ctrl                                   |114    |81      |33      |52      |0       |0       |
+-------------------------------------------------------------------------------------------------------------------------------------+


DataNet Average Fanout:

   Index     Fanout     Nets  
    #1          1       4337  
    #2          2       1034  
    #3          3       268   
    #4          4       254   
    #5        5-10      452   
    #6        11-50     143   
    #7       51-100      4    
    #8       101-500     4    
    #9        >500       1    
  Average     2.39            

RUN-1002 : start command "export_db SD-SDRAM-ISP-HDMI_pr.db"
RUN-1001 : Exported /
RUN-1001 : Exported flow parameters
RUN-1001 : Exported libs
RUN-1001 : Exported entities
RUN-1001 : Exported ports
RUN-1001 : Exported pins
RUN-1001 : Exported instances
RUN-1001 : Exported nets
RUN-1001 : Exported buses
RUN-1001 : Exported models
RUN-1001 : Exported congestions
RUN-1001 : Exported violations
RUN-1001 : Exported timing constraints
RUN-1001 : Exported IO constraints
RUN-1001 : Exported Inst constraints
RUN-1001 : Exported ChipWatcher
RUN-1002 : start command "start_timer"
TMR-2505 : Start building timing graph for model sd_bmp_hdmi.
TMR-2506 : Build timing graph completely. Port num: 9, tpin num: 23478, tnet num: 6518, tinst num: 2681, tnode num: 28962, tedge num: 43237.
TMR-2508 : Levelizing timing graph completed, there are 29 levels in total.
TMR-2501 : Timing graph initialized successfully.
RUN-1002 : start command "report_timing -mode FINAL -net_info -rpt_autogen true -file SD-SDRAM-ISP-HDMI_phy.timing"
TMR-2503 : Start to update net delay, extr mode = 6.
TMR-2504 : Update delay of 6518 nets completely.
TMR-2502 : Annotate delay completely, extr mode = 6.
TMR-3001 : Initiate 0 clocks from SDC.
TMR-3004 : Map sdc constraints, there are 8 constraints in total.
TMR-3003 : Constraints initiated successfully.
TMR-3501 : Forward propagation: start to calculate arrival time...
TMR-3502 : Backward propagation: start to calculate required time...
TMR-3503 : Timing propagation completes.
TMR-3506 : Start to generate timing report.
TMR-1502 : Number of clock constraints = 0. Number of clock nets = 9 (9 unconstrainted).
TMR-5009 WARNING: No clock constraint on 9 clock net(s): 
		config_inst_syn_10
		sys_clk_dup_1
		u_clk_wiz_1/clk0_out
		u_ddr3_top/clk_sdram
		u_ddr3_top/u_sdram_fifo_ctrl/clk_ref
		u_ddr3_top/u_sdram_fifo_ctrl/wrfifo/clkw
		u_hdmi_top/debayer_h/pclk
		u_sd_ctrl_top/u_sd_init/div_clk_syn_4
		u_sd_ctrl_top/u_sd_read/clk_ref_180deg
USR-6122 CRITICAL-WARNING: No clock constraint on PLL u_clk_wiz_0/pll_inst
USR-6122 CRITICAL-WARNING: No clock constraint on PLL u_clk_wiz_1/pll_inst
TMR-3508 : Export timing summary.
TMR-3507 : Timing report generated successfully in SD-SDRAM-ISP-HDMI_phy.timing, timing summary in SD-SDRAM-ISP-HDMI_phy.tsm.
RUN-1002 : start command "export_bid SD-SDRAM-ISP-HDMI_inst.bid"
PRG-1000 : <!-- HMAC is: 0ede4ca29d746be7116faaf597415356a32fdcb83b7a1f12fba36f9bc997c572 -->
RUN-1002 : start command "bitgen -bit SD-SDRAM-ISP-HDMI.bit"
BIT-1003 : Start to generate bitstream. 
BIT-1002 : Init instances with 16 threads.
BIT-1002 : Init instances completely, inst num: 2681
BIT-1002 : Init pips with 16 threads.
BIT-1002 : Init pips completely, net num: 6520, pip num: 51973
BIT-1002 : Init feedthrough with 16 threads.
BIT-1002 : Init feedthrough completely, num: 30
BIT-1003 : Multithreading accelaration with 16 threads.
BIT-1003 : Generate bitstream completely, there are 2171 valid insts, and 160345 bits set as '1'.
BIT-1004 : the usercode register value: 00000000110011110101000110101001
BIT-1004 : PLL setting string = 0110
BIT-1004 : Generate bits file SD-SDRAM-ISP-HDMI.bit.
RUN-1003 : finish command "bitgen -bit SD-SDRAM-ISP-HDMI.bit" in  4.868256s wall, 20.546875s user + 0.437500s system = 20.984375s CPU (431.0%)

RUN-1004 : used memory is 665 MB, reserved memory is 644 MB, peak memory is 825 MB
RUN-1002 : start command "backup_run_log run.log ../.logs/phy_1/td_20240704_202903.log"
