============================================================
   Tang Dynasty, V5.6.71036
      Copyright (c) 2012-2023 Anlogic Inc.
   Executable = F:/ARMChina/bin/td.exe
   Built at =   20:34:38 Mar 21 2023
   Run by =     Illyasvial Von Einzb
   Run Date =   Wed Jul  3 21:16:36 2024

   Run on =     LAPTOP-4S5LNBPI
============================================================
RUN-1002 : start command "open_project SD-SDRAM-ISP-HDMI.prj"
RUN-1001 : Print Global Property
RUN-1001 : ---------------------------------------------------------------
RUN-1001 :        Parameters        |  Settings  |  Default Values  |  Note  
RUN-1001 : ---------------------------------------------------------------
RUN-1001 :          message         |  standard  |     standard     |        
RUN-1001 :   mixed_pack_place_flow  |     on     |        on        |        
RUN-1001 :        qor_monitor       |    off     |       off        |        
RUN-1001 :        syn_ip_flow       |    off     |       off        |        
RUN-1001 :          thread          |    auto    |       auto       |        
RUN-1001 : ---------------------------------------------------------------
RUN-1001 : Print Design Property
RUN-1001 : --------------------------------------------------------------
RUN-1001 :        Parameters       |  Settings  |  Default Values  |  Note  
RUN-1001 : --------------------------------------------------------------
RUN-1001 :   default_reg_initial   |    auto    |       auto       |        
RUN-1001 :        infer_add        |     on     |        on        |        
RUN-1001 :        infer_fsm        |    off     |       off        |        
RUN-1001 :        infer_mult       |     on     |        on        |        
RUN-1001 :        infer_ram        |     on     |        on        |        
RUN-1001 :        infer_reg        |     on     |        on        |        
RUN-1001 :   infer_reg_init_value  |     on     |        on        |        
RUN-1001 :        infer_rom        |     on     |        on        |        
RUN-1001 :      infer_shifter      |     on     |        on        |        
RUN-1001 : --------------------------------------------------------------
RUN-1001 : Print Rtl Property
RUN-1001 : --------------------------------------------------------------
RUN-1001 :        Parameters       |  Settings  |  Default Values  |  Note  
RUN-1001 : --------------------------------------------------------------
RUN-1001 :       compress_add      |   ripple   |      ripple      |        
RUN-1001 :        elf_sload        |    off     |       off        |        
RUN-1001 :       fix_undriven      |     0      |        0         |        
RUN-1001 :         flatten         |    off     |       off        |        
RUN-1001 :       gate_sharing      |     on     |        on        |        
RUN-1001 :    hdl_warning_level    |   normal   |      normal      |        
RUN-1001 :   impl_internal_tribuf  |     on     |        on        |        
RUN-1001 :      impl_set_reset     |     on     |        on        |        
RUN-1001 :        infer_gsr        |    off     |       off        |        
RUN-1001 :      keep_hierarchy     |    auto    |       auto       |        
RUN-1001 :        max_fanout       |    9999    |       9999       |        
RUN-1001 :      max_oh2bin_len     |     10     |        10        |        
RUN-1001 :       merge_equal       |     on     |        on        |        
RUN-1001 :       merge_equiv       |     on     |        on        |        
RUN-1001 :        merge_mux        |    off     |       off        |        
RUN-1001 :     min_control_set     |     8      |        8         |        
RUN-1001 :      min_ripple_len     |    auto    |       auto       |        
RUN-1001 :       oh2bin_ratio      |    0.08    |       0.08       |        
RUN-1001 :     opt_adder_fanout    |     on     |        on        |        
RUN-1001 :        opt_arith        |     on     |        on        |        
RUN-1001 :       opt_big_gate      |    off     |       off        |        
RUN-1001 :        opt_const        |     on     |        on        |        
RUN-1001 :      opt_const_mult     |     on     |        on        |        
RUN-1001 :       opt_lessthan      |     on     |        on        |        
RUN-1001 :         opt_mux         |    off     |       off        |        
RUN-1001 :         opt_ram         |    high    |       high       |        
RUN-1001 :      rtl_sim_model      |    off     |       off        |        
RUN-1001 :         seq_syn         |     on     |        on        |        
RUN-1001 : --------------------------------------------------------------
HDL-1007 : analyze verilog file ../../import/ddr3-al_ip/SOFTFIFO.v
HDL-1007 : analyze verilog file ../../import/ddr3-al_ip/SDRAM.v
HDL-1007 : analyze verilog file ../../al_ip/PLL.v
HDL-1007 : undeclared symbol 'open', assumed default net type 'wire' in ../../al_ip/PLL.v(92)
HDL-1007 : analyze verilog file ../../al_ip/PLL_hdmi.v
HDL-1007 : undeclared symbol 'open', assumed default net type 'wire' in ../../al_ip/PLL_hdmi.v(70)
HDL-1007 : analyze VHDL file ../../import/hdmi-rtl/enc_file/SerializerN_1_lvds.enc.vhd
Copyright (c) 1998-2019 The OpenSSL Project.  All rights reserved.
This product includes software developed by the OpenSSL Project
for use in the OpenSSL Toolkit (http://www.openssl.org/)
Copyright (C) 1995-1998 Eric Young (eay@cryptsoft.com)
All rights reserved.
This product includes cryptographic software written by Eric Young (eay@cryptsoft.com)
HDL-1007 : analyze entity ** in encrypted_text(0)
HDL-1007 : analyze architecture ** in encrypted_text(0)
HDL-1007 : analyze VHDL file ../../import/hdmi-rtl/enc_file/SerializerN_1_lvds_dat.enc.vhd
HDL-1007 : analyze entity ** in encrypted_text(0)
HDL-1007 : analyze architecture ** in encrypted_text(0)
HDL-1007 : analyze VHDL file ../../import/hdmi-rtl/enc_file/TMDSEncoder.enc.vhd
HDL-1007 : analyze entity ** in encrypted_text(0)
HDL-1007 : analyze architecture ** in encrypted_text(0)
HDL-1007 : analyze verilog file ../../import/hdmi-rtl/enc_file/video_tpg_1024768.enc.v
HDL-5007 WARNING: literal value ** truncated to fit in ** bits in encrypted_text(0)
HDL-1007 : back to file '../../import/hdmi-rtl/enc_file/video_tpg_1024768.enc.v' in ../../import/hdmi-rtl/enc_file/video_tpg_1024768.enc.v(216)
HDL-1007 : analyze verilog file ../../import/hdmi-rtl/enc_file/video_tpg_1080p.enc.v
HDL-1007 : back to file '../../import/hdmi-rtl/enc_file/video_tpg_1080p.enc.v' in ../../import/hdmi-rtl/enc_file/video_tpg_1080p.enc.v(208)
HDL-1007 : analyze verilog file ../../import/hdmi-rtl/enc_file/video_tpg_12801024p.enc.v
HDL-1007 : back to file '../../import/hdmi-rtl/enc_file/video_tpg_12801024p.enc.v' in ../../import/hdmi-rtl/enc_file/video_tpg_12801024p.enc.v(207)
HDL-1007 : analyze verilog file ../../import/hdmi-rtl/enc_file/video_tpg_1280800.enc.v
HDL-5007 WARNING: literal value ** truncated to fit in ** bits in encrypted_text(0)
HDL-1007 : back to file '../../import/hdmi-rtl/enc_file/video_tpg_1280800.enc.v' in ../../import/hdmi-rtl/enc_file/video_tpg_1280800.enc.v(216)
HDL-1007 : analyze verilog file ../../import/hdmi-rtl/enc_file/video_tpg_16801050p.enc.v
HDL-1007 : back to file '../../import/hdmi-rtl/enc_file/video_tpg_16801050p.enc.v' in ../../import/hdmi-rtl/enc_file/video_tpg_16801050p.enc.v(209)
HDL-1007 : analyze verilog file ../../import/hdmi-rtl/enc_file/video_tpg_800600.enc.v
HDL-1007 : back to file '../../import/hdmi-rtl/enc_file/video_tpg_800600.enc.v' in ../../import/hdmi-rtl/enc_file/video_tpg_800600.enc.v(211)
HDL-1007 : analyze verilog file ../../import/hdmi_top/hdmi_top.v
HDL-1007 : analyze verilog file ../../import/hdmi_top/video_driver.v
HDL-1007 : analyze verilog file ../../import/sd_bmp_hdmi.v
HDL-1007 : undeclared symbol 'rd_vsync', assumed default net type 'wire' in ../../import/sd_bmp_hdmi.v(200)
HDL-1007 : analyze verilog file ../../import/sd_ctrl_top/sd_ctrl_top.v
HDL-1007 : analyze verilog file ../../import/sd_ctrl_top/sd_init.v
HDL-1007 : analyze verilog file ../../import/sd_ctrl_top/sd_read.v
HDL-1007 : analyze verilog file ../../import/sd_ctrl_top/sd_write.v
HDL-1007 : analyze VHDL file ../../import/hdmi-rtl/enc_file/DVITransmitter.enc.vhd
HDL-1007 : analyze entity dvitransmitter in ../../import/hdmi-rtl/enc_file/DVITransmitter.enc.vhd(13)
HDL-1007 : analyze architecture ** in encrypted_text(0)
HDL-1007 : analyze VHDL file ../../import/hdmi-rtl/hdmi_tx.vhd
HDL-1007 : analyze entity hdmi_tx in ../../import/hdmi-rtl/hdmi_tx.vhd(11)
HDL-1007 : analyze architecture behavioral in ../../import/hdmi-rtl/hdmi_tx.vhd(33)
HDL-1007 : analyze verilog file ../../import/DDR3-rtl/sdram_cmd.v
HDL-1007 : analyze included file ../../import/DDR3-rtl/sdram_para.v in ../../import/DDR3-rtl/sdram_cmd.v(46)
HDL-1007 : back to file '../../import/DDR3-rtl/sdram_cmd.v' in ../../import/DDR3-rtl/sdram_cmd.v(46)
HDL-1007 : analyze verilog file ../../import/DDR3-rtl/sdram_controller.v
HDL-1007 : analyze verilog file ../../import/DDR3-rtl/sdram_ctrl.v
HDL-1007 : analyze included file ../../import/DDR3-rtl/sdram_para.v in ../../import/DDR3-rtl/sdram_ctrl.v(19)
HDL-1007 : back to file '../../import/DDR3-rtl/sdram_ctrl.v' in ../../import/DDR3-rtl/sdram_ctrl.v(19)
HDL-1007 : analyze verilog file ../../import/DDR3-rtl/sdram_data.v
HDL-1007 : analyze included file ../../import/DDR3-rtl/sdram_para.v in ../../import/DDR3-rtl/sdram_data.v(13)
HDL-1007 : back to file '../../import/DDR3-rtl/sdram_data.v' in ../../import/DDR3-rtl/sdram_data.v(13)
HDL-1007 : analyze verilog file ../../import/DDR3-rtl/sdram_fifo_ctrl.v
HDL-1007 : analyze verilog file ../../import/DDR3-rtl/sdram_top.v
HDL-1007 : analyze verilog file ../../import/read_rawdata.v
HDL-1007 : analyze verilog file ../../import/hdmi_top/ISP_dpc.v
HDL-1007 : analyze verilog file ../../import/hdmi_top/ISP_include.v
RUN-1001 : Project manager successfully analyzed 32 source files.
RUN-1002 : start command "import_device eagle_s20.db -package EG4S20BG256"
ARC-1001 : Device Initialization.
ARC-1001 : ------------------------------------------------------------------
ARC-1001 :            OPTION            |          IO          |   SETTING   
ARC-1001 : ------------------------------------------------------------------
ARC-1001 :   cso_b/cclk/mosi/miso/dout  |  T3/R11/T10/P10/S11  |    gpio    
ARC-1001 :             done             |         P13          |    gpio    
ARC-1001 :           program_b          |          T2          |  dedicate  
ARC-1001 :        tdi/tms/tck/tdo       |   C12/A15/C14/E14    |  dedicate  
ARC-1001 : ------------------------------------------------------------------
ARC-1004 : Device setting, marked 5 dedicate IOs in total.
RUN-1002 : start command "import_db ../syn_1/SD-SDRAM-ISP-HDMI_gate.db"
RUN-1001 : Importing database generated by Tang Dynasty, V5.6.71036.
RUN-1001 : Database version number 46146.
RUN-1001 : Import flow parameters
RUN-1001 : Import timing constraints
RUN-1001 : Import IO constraints
RUN-1001 : Import Inst constraints
RUN-1001 : Import design success TD_VERSION=5.6.71036 , DB_VERSION=46146
RUN-1002 : start command "read_sdc -ip SOFTFIFO ../../import/ddr3-al_ip/SOFTFIFO.tcl"
RUN-1002 : start command "get_ports clkw"
RUN-1002 : start command "get_nets  clkw  "
RUN-1002 : start command "get_clocks -nowarn -of nets 9663676416000"
RUN-1002 : start command "get_ports clkr"
RUN-1002 : start command "get_nets  clkr  "
RUN-1002 : start command "get_clocks -nowarn -of nets 36777804955648"
RUN-1002 : start command "get_property -nowarn -max PERIOD "
RUN-1002 : start command "get_property -nowarn -max PERIOD "
RUN-1002 : start command "get_regs rd_to_wr_cross_inst/primary_addr_gray_reg[*]"
RUN-1002 : start command "get_regs rd_to_wr_cross_inst/sync_r1[*]"
RUN-1002 : start command "set_max_delay -from  -to  999.70000000000005 -datapath_only"
RUN-1002 : start command "get_regs rd_to_wr_cross_inst/primary_addr_gray_reg[*]"
RUN-1002 : start command "get_regs rd_to_wr_cross_inst/sync_r1[*]"
RUN-1002 : start command "set_false_path -from  -to  -hold 999.70000000000005"
USR-1002 : set_false_path -help -setup -hold -from <list> -rise_from <list> -fall_from <list> -to <list> -rise_to <list> -fall_to <list> -through <list>
RUN-1002 : start command "get_regs wr_to_rd_cross_inst/primary_addr_gray_reg[*]"
RUN-1002 : start command "get_regs wr_to_rd_cross_inst/sync_r1[*]"
RUN-1002 : start command "set_max_delay -from  -to  999.70000000000005 -datapath_only"
RUN-1002 : start command "get_regs wr_to_rd_cross_inst/primary_addr_gray_reg[*]"
RUN-1002 : start command "get_regs wr_to_rd_cross_inst/sync_r1[*]"
RUN-1002 : start command "set_false_path -from  -to  -hold 999.70000000000005"
USR-1002 : set_false_path -help -setup -hold -from <list> -rise_from <list> -fall_from <list> -to <list> -rise_to <list> -fall_to <list> -through <list>
RUN-1002 : start command "get_ports clkw"
RUN-1002 : start command "get_nets  clkw  "
RUN-1002 : start command "get_clocks -nowarn -of nets 17514876633088"
RUN-1002 : start command "get_ports clkr"
RUN-1002 : start command "get_nets  clkr  "
RUN-1002 : start command "get_clocks -nowarn -of nets 9663676416000"
RUN-1002 : start command "get_property -nowarn -max PERIOD "
RUN-1002 : start command "get_property -nowarn -max PERIOD "
RUN-1002 : start command "get_regs rd_to_wr_cross_inst/primary_addr_gray_reg[*]"
RUN-1002 : start command "get_regs rd_to_wr_cross_inst/sync_r1[*]"
RUN-1002 : start command "set_max_delay -from  -to  999.70000000000005 -datapath_only"
RUN-1002 : start command "get_regs rd_to_wr_cross_inst/primary_addr_gray_reg[*]"
RUN-1002 : start command "get_regs rd_to_wr_cross_inst/sync_r1[*]"
RUN-1002 : start command "set_false_path -from  -to  -hold 999.70000000000005"
USR-1002 : set_false_path -help -setup -hold -from <list> -rise_from <list> -fall_from <list> -to <list> -rise_to <list> -fall_to <list> -through <list>
RUN-1002 : start command "get_regs wr_to_rd_cross_inst/primary_addr_gray_reg[*]"
RUN-1002 : start command "get_regs wr_to_rd_cross_inst/sync_r1[*]"
RUN-1002 : start command "set_max_delay -from  -to  999.70000000000005 -datapath_only"
RUN-1002 : start command "get_regs wr_to_rd_cross_inst/primary_addr_gray_reg[*]"
RUN-1002 : start command "get_regs wr_to_rd_cross_inst/sync_r1[*]"
RUN-1002 : start command "set_false_path -from  -to  -hold 999.70000000000005"
USR-1002 : set_false_path -help -setup -hold -from <list> -rise_from <list> -fall_from <list> -to <list> -rise_to <list> -fall_to <list> -through <list>
RUN-1002 : start command "config_chipwatcher ../../sd_HDMI.cwc -dir "
RUN-1002 : start command "legalize_phy_inst"
SYN-1011 : Flatten model sd_bmp_hdmi
KIT-1004 : ChipWatcher: import watcher inst auto_chipwatcher_0 completed, there are 7 view nodes, 40 trigger nets, 40 data nets.
KIT-1004 : Chipwatcher code = 0000100110010011
RUN-1002 : start command "compile_watcher"
RUN-1002 : start command "read_verilog -no_sch -dir F:/ARMChina/cw/ -file SD_HDMI_DAFENQI_watcherInst.sv -lib cw -top CW_TOP_WRAPPER"
HDL-1007 : analyze verilog file F:/ARMChina/cw\bus_det.v
HDL-1007 : analyze verilog file F:/ARMChina/cw\bus_top.sv
HDL-1007 : analyze verilog file F:/ARMChina/cw\cfg_int.v
HDL-1007 : analyze verilog file F:/ARMChina/cw\cwc_cfg_int.v
HDL-1007 : analyze verilog file F:/ARMChina/cw\cwc_top.sv
HDL-1007 : analyze verilog file F:/ARMChina/cw\detect_bus.v
HDL-1007 : analyze verilog file F:/ARMChina/cw\detect_non_bus.v
HDL-1007 : analyze verilog file F:/ARMChina/cw\emb_ctrl.v
HDL-1007 : analyze verilog file F:/ARMChina/cw\register.v
HDL-1007 : analyze verilog file F:/ARMChina/cw\tap.v
HDL-1007 : analyze verilog file F:/ARMChina/cw\trigger.sv
HDL-1007 : analyze verilog file SD_HDMI_DAFENQI_watcherInst.sv
HDL-1007 : elaborate module CW_TOP_WRAPPER in SD_HDMI_DAFENQI_watcherInst.sv(1)
HDL-1007 : elaborate module cwc_top(BUS_NUM=7,BUS_DIN_NUM=40,BUS_CTRL_NUM=108,BUS_WIDTH='{32'sb01,32'sb01,32'sb01,32'sb01,32'sb010000,32'sb010000,32'sb0100},BUS_DIN_POS='{32'sb0,32'sb01,32'sb010,32'sb011,32'sb0100,32'sb010100,32'sb0100100},BUS_CTRL_POS='{32'sb0,32'sb0110,32'sb01100,32'sb010010,32'sb011000,32'sb0111100,32'sb01100000}) in F:/ARMChina/cw\cwc_top.sv(21)
HDL-1007 : elaborate module cwc_cfg_int(CTRL_REG_LEN=130) in F:/ARMChina/cw\cwc_cfg_int.v(21)
HDL-1007 : elaborate module register(CTRL_REG_LEN=130) in F:/ARMChina/cw\register.v(21)
HDL-1007 : elaborate module tap in F:/ARMChina/cw\tap.v(21)
HDL-1007 : elaborate module trigger(BUS_NUM=7,BUS_DIN_NUM=40,BUS_CTRL_NUM=108,BUS_WIDTH='{32'sb01,32'sb01,32'sb01,32'sb01,32'sb010000,32'sb010000,32'sb0100},BUS_DIN_POS='{32'sb0,32'sb01,32'sb010,32'sb011,32'sb0100,32'sb010100,32'sb0100100},BUS_CTRL_POS='{32'sb0,32'sb0110,32'sb01100,32'sb010010,32'sb011000,32'sb0111100,32'sb01100000}) in F:/ARMChina/cw\trigger.sv(21)
HDL-1007 : elaborate module bus_top(BUS_NODE_NUM=7,BUS_DIN_NUM=40,BUS_CTRL_NUM=108,BUS_WIDTH='{32'sb01,32'sb01,32'sb01,32'sb01,32'sb010000,32'sb010000,32'sb0100},BUS_DIN_POS='{32'sb0,32'sb01,32'sb010,32'sb011,32'sb0100,32'sb010100,32'sb0100100},BUS_CTRL_POS='{32'sb0,32'sb0110,32'sb01100,32'sb010010,32'sb011000,32'sb0111100,32'sb01100000}) in F:/ARMChina/cw\bus_top.sv(22)
HDL-1007 : elaborate module bus_det(BUS_WIDTH=32'sb01) in F:/ARMChina/cw\bus_det.v(21)
HDL-1007 : elaborate module bus_det(BUS_WIDTH=32'sb010000) in F:/ARMChina/cw\bus_det.v(21)
HDL-1007 : elaborate module bus_det(BUS_WIDTH=32'sb0100) in F:/ARMChina/cw\bus_det.v(21)
HDL-1007 : elaborate module emb_ctrl in F:/ARMChina/cw\emb_ctrl.v(21)
HDL-1200 : Current top model is CW_TOP_WRAPPER
HDL-1100 : Inferred 0 RAMs.
RUN-1002 : start command "force_keep -a auto_chipwatcher_0_logicbram"
RUN-1002 : start command "optimize_rtl -no_sch"
RUN-1001 : Open license file F:/ARMChina/license/Anlogic.lic
RUN-1001 : Print Global Property
RUN-1001 : ---------------------------------------------------------------
RUN-1001 :        Parameters        |  Settings  |  Default Values  |  Note  
RUN-1001 : ---------------------------------------------------------------
RUN-1001 :          message         |  standard  |     standard     |        
RUN-1001 :   mixed_pack_place_flow  |     on     |        on        |        
RUN-1001 :        qor_monitor       |    off     |       off        |        
RUN-1001 :        syn_ip_flow       |    off     |       off        |        
RUN-1001 :          thread          |    auto    |       auto       |        
RUN-1001 : ---------------------------------------------------------------
RUN-1001 : Print Rtl Property
RUN-1001 : --------------------------------------------------------------
RUN-1001 :        Parameters       |  Settings  |  Default Values  |  Note  
RUN-1001 : --------------------------------------------------------------
RUN-1001 :       compress_add      |   ripple   |      ripple      |        
RUN-1001 :        elf_sload        |    off     |       off        |        
RUN-1001 :       fix_undriven      |     0      |        0         |        
RUN-1001 :         flatten         |    off     |       off        |        
RUN-1001 :       gate_sharing      |     on     |        on        |        
RUN-1001 :    hdl_warning_level    |   normal   |      normal      |        
RUN-1001 :   impl_internal_tribuf  |     on     |        on        |        
RUN-1001 :      impl_set_reset     |     on     |        on        |        
RUN-1001 :        infer_gsr        |    off     |       off        |        
RUN-1001 :      keep_hierarchy     |    auto    |       auto       |        
RUN-1001 :        max_fanout       |    9999    |       9999       |        
RUN-1001 :      max_oh2bin_len     |     10     |        10        |        
RUN-1001 :       merge_equal       |     on     |        on        |        
RUN-1001 :       merge_equiv       |     on     |        on        |        
RUN-1001 :        merge_mux        |    off     |       off        |        
RUN-1001 :     min_control_set     |     8      |        8         |        
RUN-1001 :      min_ripple_len     |    auto    |       auto       |        
RUN-1001 :       oh2bin_ratio      |    0.08    |       0.08       |        
RUN-1001 :     opt_adder_fanout    |     on     |        on        |        
RUN-1001 :        opt_arith        |     on     |        on        |        
RUN-1001 :       opt_big_gate      |    off     |       off        |        
RUN-1001 :        opt_const        |     on     |        on        |        
RUN-1001 :      opt_const_mult     |     on     |        on        |        
RUN-1001 :       opt_lessthan      |     on     |        on        |        
RUN-1001 :         opt_mux         |    off     |       off        |        
RUN-1001 :         opt_ram         |    high    |       high       |        
RUN-1001 :      rtl_sim_model      |    off     |       off        |        
RUN-1001 :         seq_syn         |     on     |        on        |        
RUN-1001 : --------------------------------------------------------------
SYN-1012 : SanityCheck: Model "sd_bmp_hdmi"
SYN-1012 : SanityCheck: Model "CW_TOP_WRAPPER"
SYN-1012 : SanityCheck: Model "cwc_top(BUS_NUM=7,BUS_DIN_NUM=40,BUS_CTRL_NUM=108,BUS_WIDTH='{32'sb01,32'sb01,32'sb01,32'sb01,32'sb010000,32'sb010000,32'sb0100},BUS_DIN_POS='{32'sb0,32'sb01,32'sb010,32'sb011,32'sb0100,32'sb010100,32'sb0100100},BUS_CTRL_POS='{32'sb0,32'sb0110,32'sb01100,32'sb010010,32'sb011000,32'sb0111100,32'sb01100000})"
SYN-1012 : SanityCheck: Model "cwc_cfg_int(CTRL_REG_LEN=130)"
SYN-1012 : SanityCheck: Model "register(CTRL_REG_LEN=130)"
SYN-1012 : SanityCheck: Model "tap"
SYN-1012 : SanityCheck: Model "trigger(BUS_NUM=7,BUS_DIN_NUM=40,BUS_CTRL_NUM=108,BUS_WIDTH='{32'sb01,32'sb01,32'sb01,32'sb01,32'sb010000,32'sb010000,32'sb0100},BUS_DIN_POS='{32'sb0,32'sb01,32'sb010,32'sb011,32'sb0100,32'sb010100,32'sb0100100},BUS_CTRL_POS='{32'sb0,32'sb0110,32'sb01100,32'sb010010,32'sb011000,32'sb0111100,32'sb01100000})"
SYN-1012 : SanityCheck: Model "bus_top(BUS_NODE_NUM=7,BUS_DIN_NUM=40,BUS_CTRL_NUM=108,BUS_WIDTH='{32'sb01,32'sb01,32'sb01,32'sb01,32'sb010000,32'sb010000,32'sb0100},BUS_DIN_POS='{32'sb0,32'sb01,32'sb010,32'sb011,32'sb0100,32'sb010100,32'sb0100100},BUS_CTRL_POS='{32'sb0,32'sb0110,32'sb01100,32'sb010010,32'sb011000,32'sb0111100,32'sb01100000})"
SYN-1012 : SanityCheck: Model "bus_det(BUS_WIDTH=32'sb01)"
SYN-1012 : SanityCheck: Model "bus_det(BUS_WIDTH=32'sb010000)"
SYN-1012 : SanityCheck: Model "bus_det(BUS_WIDTH=32'sb0100)"
SYN-1012 : SanityCheck: Model "emb_ctrl"
SYN-1011 : Flatten model sd_bmp_hdmi
SYN-1032 : 6512/29 useful/useless nets, 4958/18 useful/useless insts
SYN-1016 : Merged 36 instances.
SYN-1032 : 6181/8 useful/useless nets, 5395/8 useful/useless insts
SYN-1014 : Optimize round 1
SYN-1032 : 6165/16 useful/useless nets, 5383/12 useful/useless insts
SYN-1021 : Optimized 3 onehot mux instances.
SYN-1020 : Optimized 1 distributor mux.
SYN-1019 : Optimized 3 mux instances.
SYN-1015 : Optimize round 1, 434 better
SYN-1014 : Optimize round 2
SYN-1032 : 5839/45 useful/useless nets, 5057/48 useful/useless insts
SYN-1015 : Optimize round 2, 96 better
SYN-1014 : Optimize round 1
SYN-1015 : Optimize round 1, 0 better
RUN-1002 : start command "optimize_gate -no_sch"
RUN-1001 : Open license file F:/ARMChina/license/Anlogic.lic
RUN-1001 : Print Global Property
RUN-1001 : ---------------------------------------------------------------
RUN-1001 :        Parameters        |  Settings  |  Default Values  |  Note  
RUN-1001 : ---------------------------------------------------------------
RUN-1001 :          message         |  standard  |     standard     |        
RUN-1001 :   mixed_pack_place_flow  |     on     |        on        |        
RUN-1001 :        qor_monitor       |    off     |       off        |        
RUN-1001 :        syn_ip_flow       |    off     |       off        |        
RUN-1001 :          thread          |    auto    |       auto       |        
RUN-1001 : ---------------------------------------------------------------
RUN-1001 : Print Gate Property
RUN-1001 : ------------------------------------------------------------------
RUN-1001 :          Parameters         |  Settings  |  Default Values  |  Note  
RUN-1001 : ------------------------------------------------------------------
RUN-1001 :         cascade_dsp         |    off     |       off        |        
RUN-1001 :         cascade_eram        |    off     |       off        |        
RUN-1001 :        gate_sim_model       |    off     |       off        |        
RUN-1001 :        map_sim_model        |    off     |       off        |        
RUN-1001 :         map_strategy        |     1      |        1         |        
RUN-1001 :           opt_area          |   medium   |      medium      |        
RUN-1001 :          opt_timing         |    auto    |       auto       |        
RUN-1001 :         pack_effort         |   medium   |      medium      |        
RUN-1001 :      pack_lslice_ripple     |     on     |        on        |        
RUN-1001 :   pack_lslice_ripple_ratio  |    0.5     |       0.5        |        
RUN-1001 :        pack_seq_in_io       |    auto    |       auto       |        
RUN-1001 :        ph1_mux_ratio        |    1.0     |       1.0        |        
RUN-1001 :            report           |  standard  |     standard     |        
RUN-1001 :           retiming          |    off     |       off        |        
RUN-1001 : ------------------------------------------------------------------
SYN-2001 : Map 12 IOs to PADs
RUN-1002 : start command "update_pll_param -module sd_bmp_hdmi"
SYN-2501 : Processed 0 LOGIC_BUF instances.
SYN-2512 : LOGIC BRAM "auto_chipwatcher_0_logicbram"
SYN-2571 : Optimize after map_dsp, round 1
SYN-1032 : 5843/79 useful/useless nets, 5069/43 useful/useless insts
SYN-1016 : Merged 3 instances.
SYN-2571 : Optimize after map_dsp, round 1, 125 better
SYN-2571 : Optimize after map_dsp, round 2
SYN-2571 : Optimize after map_dsp, round 2, 0 better
SYN-1001 : Throwback 3 control mux instances
SYN-2501 : Optimize round 1
SYN-1016 : Merged 36 instances.
SYN-2501 : Optimize round 1, 74 better
SYN-2501 : Optimize round 2
SYN-2501 : Optimize round 2, 0 better
SYN-2501 : Map 16 macro adder
SYN-1019 : Optimized 13 mux instances.
SYN-1016 : Merged 11 instances.
SYN-1032 : 6327/3 useful/useless nets, 5553/2 useful/useless insts
RUN-1002 : start command "start_timer -prepack"
TMR-2505 : Start building timing graph for model sd_bmp_hdmi.
TMR-2506 : Build timing graph completely. Port num: 9, tpin num: 24187, tnet num: 6327, tinst num: 5552, tnode num: 31774, tedge num: 38168.
TMR-2508 : Levelizing timing graph completed, there are 53 levels in total.
TMR-2501 : Timing graph initialized successfully.
TMR-2503 : Start to update net delay, extr mode = 2.
TMR-2504 : Update delay of 6327 nets completely.
TMR-2502 : Annotate delay completely, extr mode = 2.
TMR-3001 : Initiate 0 clocks from SDC.
TMR-3004 : Map sdc constraints, there are 8 constraints in total.
TMR-3003 : Constraints initiated successfully.
TMR-3501 : Forward propagation: start to calculate arrival time...
TMR-3502 : Backward propagation: start to calculate required time...
TMR-3503 : Timing propagation completes.
SYN-3001 : Running gate level optimization.
SYN-2581 : Mapping with K=5, #lut = 234 (3.47), #lev = 7 (1.84)
SYN-2551 : Post LUT mapping optimization.
SYN-2581 : Mapping with K=5, #lut = 226 (3.55), #lev = 7 (1.82)
SYN-3001 : Logic optimization runtime opt =   0.03 sec, map =   0.00 sec
SYN-3001 : Mapper mapped 564 instances into 226 LUTs, name keeping = 75%.
SYN-1001 : Packing model "sd_bmp_hdmi" ...
SYN-4010 : Pack lib has 58 rtl pack models with 25 top pack blocks
SYN-1014 : Optimize round 1
SYN-1015 : Optimize round 1, 0 better
SYN-4002 : Packing 399 DFF/LATCH to SEQ ...
SYN-4009 : Pack 8 carry chain into lslice
SYN-4007 : Packing 120 adder to BLE ...
SYN-4008 : Packed 120 adder and 0 SEQ to BLE.
SYN-4007 : Packing 0 gate4 to BLE ...
SYN-4008 : Packed 0 gate4 and 0 SEQ to BLE.
SYN-4012 : Packed 0 FxMUX
RUN-1003 : finish command "optimize_gate -no_sch" in  1.488615s wall, 0.890625s user + 0.015625s system = 0.906250s CPU (60.9%)

RUN-1004 : used memory is 186 MB, reserved memory is 156 MB, peak memory is 226 MB
RUN-1002 : start command "legalize_phy_inst"
SYN-1011 : Flatten model sd_bmp_hdmi
KIT-1004 : Compile Chipwatcher: Clear obsolete physical data.
RUN-1003 : finish command "compile_watcher" in  2.597097s wall, 1.656250s user + 0.046875s system = 1.703125s CPU (65.6%)

RUN-1004 : used memory is 186 MB, reserved memory is 156 MB, peak memory is 226 MB
RUN-1002 : start command "place"
RUN-1001 : Open license file F:/ARMChina/license/Anlogic.lic
RUN-1001 : Print Global Property
RUN-1001 : ---------------------------------------------------------------
RUN-1001 :        Parameters        |  Settings  |  Default Values  |  Note  
RUN-1001 : ---------------------------------------------------------------
RUN-1001 :          message         |  standard  |     standard     |        
RUN-1001 :   mixed_pack_place_flow  |     on     |        on        |        
RUN-1001 :        qor_monitor       |    off     |       off        |        
RUN-1001 :        syn_ip_flow       |    off     |       off        |        
RUN-1001 :          thread          |    auto    |       auto       |        
RUN-1001 : ---------------------------------------------------------------
RUN-1001 : Print Place Property
RUN-1001 : --------------------------------------------------------------
RUN-1001 :        Parameters       |  Settings  |  Default Values  |  Note  
RUN-1001 : --------------------------------------------------------------
RUN-1001 :      detailed_place     |     on     |        on        |        
RUN-1001 :          effort         |   medium   |      medium      |        
RUN-1001 :         fix_hold        |    off     |       off        |        
RUN-1001 :       legalization      |    ori     |       ori        |        
RUN-1001 :      new_spreading      |     on     |        on        |        
RUN-1001 :        opt_timing       |   medium   |      medium      |        
RUN-1001 :   post_clock_route_opt  |    off     |       off        |        
RUN-1001 :       pr_strategy       |     1      |        1         |        
RUN-1001 :        relaxation       |    1.00    |       1.00       |        
RUN-1001 :         retiming        |    off     |       off        |        
RUN-1001 : --------------------------------------------------------------
PHY-3001 : Placer runs in 16 thread(s).
RUN-1002 : start command "legalize_phy_inst"
SYN-1011 : Flatten model sd_bmp_hdmi
RUN-1002 : start command "phys_opt -simplify_lut"
SYN-4016 : Net u_ddr3_top/u_sdram_fifo_ctrl/clk_ref driven by BUFG (271 clock/control pins, 1 other pins).
SYN-4016 : Net u_clk_wiz_1/clk0_out driven by BUFG (56 clock/control pins, 1 other pins).
SYN-4016 : Net config_inst_syn_10 driven by BUFG (277 clock/control pins, 0 other pins).
SYN-4027 : Net u_ddr3_top/clk_sdram is clkc1 of pll u_clk_wiz_0/pll_inst.
SYN-4027 : Net u_ddr3_top/u_sdram_fifo_ctrl/wrfifo/clkw is clkc3 of pll u_clk_wiz_0/pll_inst.
SYN-4027 : Net u_sd_ctrl_top/u_sd_read/clk_ref_180deg is clkc4 of pll u_clk_wiz_0/pll_inst.
SYN-4019 : Net sys_clk_dup_1 is refclk of pll u_clk_wiz_0/pll_inst.
SYN-4020 : Net sys_clk_dup_1 is fbclk of pll u_clk_wiz_0/pll_inst.
SYN-4027 : Net u_hdmi_top/dpc/pclk is clkc1 of pll u_clk_wiz_1/pll_inst.
SYN-4019 : Net sys_clk_dup_1 is refclk of pll u_clk_wiz_1/pll_inst.
SYN-4020 : Net sys_clk_dup_1 is fbclk of pll u_clk_wiz_1/pll_inst.
SYN-4024 : Net "u_sd_ctrl_top/u_sd_init/div_clk" drives clk pins.
SYN-4025 : Tag rtl::Net config_inst_syn_10 as clock net
SYN-4025 : Tag rtl::Net sys_clk_dup_1 as clock net
SYN-4025 : Tag rtl::Net u_clk_wiz_1/clk0_out as clock net
SYN-4025 : Tag rtl::Net u_ddr3_top/clk_sdram as clock net
SYN-4025 : Tag rtl::Net u_ddr3_top/u_sdram_fifo_ctrl/clk_ref as clock net
SYN-4025 : Tag rtl::Net u_ddr3_top/u_sdram_fifo_ctrl/wrfifo/clkw as clock net
SYN-4025 : Tag rtl::Net u_hdmi_top/dpc/pclk as clock net
SYN-4025 : Tag rtl::Net u_sd_ctrl_top/u_sd_init/div_clk as clock net
SYN-4025 : Tag rtl::Net u_sd_ctrl_top/u_sd_read/clk_ref_180deg as clock net
SYN-4026 : Tagged 9 rtl::Net as clock net
SYN-4015 : Create BUFG instance for clk Net u_sd_ctrl_top/u_sd_init/div_clk to drive 101 clock pins.
PHY-1001 : Populate physical database on model sd_bmp_hdmi.
RUN-1001 : There are total 4900 instances
RUN-0007 : 1626 luts, 2359 seqs, 602 mslices, 218 lslices, 71 pads, 15 brams, 0 dsps
RUN-1001 : There are total 5674 nets
RUN-1001 : 3650 nets have 2 pins
RUN-1001 : 1518 nets have [3 - 5] pins
RUN-1001 : 351 nets have [6 - 10] pins
RUN-1001 : 109 nets have [11 - 20] pins
RUN-1001 : 32 nets have [21 - 99] pins
RUN-1001 : 14 nets have 100+ pins
RUN-1001 : Report Control nets information:
RUN-1001 : DFF Distribution
RUN-1001 : ----------------------------------
RUN-1001 :   CE   |  SSR  |  ASR  |  DFF Count  
RUN-1001 : ----------------------------------
RUN-1001 :   No   |  No   |  No   |     106     
RUN-1001 :   No   |  No   |  Yes  |    1614     
RUN-1001 :   No   |  Yes  |  No   |     31      
RUN-1001 :   Yes  |  No   |  No   |     27      
RUN-1001 :   Yes  |  No   |  Yes  |     581     
RUN-1001 :   Yes  |  Yes  |  No   |      0      
RUN-1001 : ----------------------------------
RUN-0007 : Control Group Statistic
RUN-0007 : ---------------------------
RUN-0007 :   #CLK  |  #CE  |  #SSR/ASR  
RUN-0007 : ---------------------------
RUN-0007 :    9    |  22   |     13     
RUN-0007 : ---------------------------
RUN-0007 : Control Set = 43
PHY-3001 : Initial placement ...
PHY-3001 : design contains 4898 instances, 1626 luts, 2359 seqs, 820 slices, 135 macros(820 instances: 602 mslices 218 lslices)
PHY-3001 : Huge net u_hdmi_top/sys_rst_n with 1273 pins
PHY-0007 : Cell area utilization is 16%
PHY-3001 : Start timing update ...
RUN-1002 : start command "start_timer -report"
TMR-2505 : Start building timing graph for model sd_bmp_hdmi.
TMR-2506 : Build timing graph completely. Port num: 9, tpin num: 22750, tnet num: 5672, tinst num: 4898, tnode num: 30416, tedge num: 36912.
TMR-2508 : Levelizing timing graph completed, there are 29 levels in total.
TMR-2501 : Timing graph initialized successfully.
TMR-2503 : Start to update net delay, extr mode = 2.
TMR-2504 : Update delay of 5672 nets completely.
TMR-2502 : Annotate delay completely, extr mode = 2.
TMR-3001 : Initiate 0 clocks from SDC.
TMR-3004 : Map sdc constraints, there are 8 constraints in total.
TMR-3003 : Constraints initiated successfully.
TMR-3501 : Forward propagation: start to calculate arrival time...
TMR-3502 : Backward propagation: start to calculate required time...
TMR-3503 : Timing propagation completes.
PHY-3001 : End timing update;  0.661754s wall, 0.453125s user + 0.031250s system = 0.484375s CPU (73.2%)

PHY-3001 : Global placement ...
PHY-3001 : Initial: Len = 1.27589e+06
PHY-3001 : Clustering ...
PHY-3001 : Level 0 #clusters 4898.
PHY-3001 : End clustering;  0.000047s wall, 0.000000s user + 0.000000s system = 0.000000s CPU (n/a%)

PHY-3001 : Run with size of 4
PHY-3001 : Cell area utilization is 16%
PHY-3001 : :::0::: Try harder cell spreading with beta_ = 0
PHY-3002 : Step(1): len = 874708, overlap = 48.5
PHY-3002 : Step(2): len = 734141, overlap = 54.875
PHY-3002 : Step(3): len = 484577, overlap = 60.0625
PHY-3002 : Step(4): len = 445371, overlap = 79.2812
PHY-3002 : Step(5): len = 372702, overlap = 90.5
PHY-3002 : Step(6): len = 344314, overlap = 95.0312
PHY-3002 : Step(7): len = 306646, overlap = 103.594
PHY-3002 : Step(8): len = 287513, overlap = 92.5938
PHY-3002 : Step(9): len = 251812, overlap = 94.4062
PHY-3002 : Step(10): len = 231791, overlap = 103.406
PHY-3002 : Step(11): len = 219594, overlap = 110.938
PHY-3002 : Step(12): len = 200490, overlap = 116
PHY-3002 : Step(13): len = 186704, overlap = 121.219
PHY-3002 : Step(14): len = 175827, overlap = 131.125
PHY-3002 : Step(15): len = 166569, overlap = 130.875
PHY-3002 : Step(16): len = 156909, overlap = 142.219
PHY-3002 : Step(17): len = 151092, overlap = 146.406
PHY-3002 : Step(18): len = 142883, overlap = 148.031
PHY-3002 : Step(19): len = 139997, overlap = 148.062
PHY-3002 : Step(20): len = 135225, overlap = 147.906
PHY-3001 : :::1::: Try harder cell spreading with beta_ = 1.90621e-05
PHY-3002 : Step(21): len = 141165, overlap = 145
PHY-3002 : Step(22): len = 147768, overlap = 142.062
PHY-3002 : Step(23): len = 144661, overlap = 142
PHY-3002 : Step(24): len = 143791, overlap = 137.406
PHY-3002 : Step(25): len = 142430, overlap = 130.719
PHY-3002 : Step(26): len = 142747, overlap = 129.344
PHY-3002 : Step(27): len = 140927, overlap = 126.5
PHY-3002 : Step(28): len = 141220, overlap = 127.156
PHY-3002 : Step(29): len = 141374, overlap = 120.125
PHY-3002 : Step(30): len = 139667, overlap = 110.156
PHY-3002 : Step(31): len = 138936, overlap = 111.25
PHY-3002 : Step(32): len = 137479, overlap = 112.719
PHY-3002 : Step(33): len = 136658, overlap = 108.719
PHY-3002 : Step(34): len = 137465, overlap = 110.125
PHY-3002 : Step(35): len = 136360, overlap = 97.7812
PHY-3002 : Step(36): len = 135906, overlap = 94.5
PHY-3002 : Step(37): len = 134919, overlap = 93.0625
PHY-3002 : Step(38): len = 132169, overlap = 90.2812
PHY-3002 : Step(39): len = 130375, overlap = 93.9688
PHY-3002 : Step(40): len = 128186, overlap = 110.438
PHY-3002 : Step(41): len = 128304, overlap = 106.438
PHY-3002 : Step(42): len = 128377, overlap = 107.094
PHY-3002 : Step(43): len = 127446, overlap = 107.406
PHY-3002 : Step(44): len = 126141, overlap = 111.312
PHY-3002 : Step(45): len = 125983, overlap = 111.438
PHY-3002 : Step(46): len = 126400, overlap = 109.656
PHY-3002 : Step(47): len = 126470, overlap = 106.438
PHY-3002 : Step(48): len = 125926, overlap = 106.281
PHY-3001 : :::2::: Try harder cell spreading with beta_ = 3.81243e-05
PHY-3002 : Step(49): len = 126828, overlap = 104.906
PHY-3002 : Step(50): len = 127320, overlap = 104.656
PHY-3002 : Step(51): len = 127546, overlap = 104.781
PHY-3001 : :::3::: Try harder cell spreading with beta_ = 7.62485e-05
PHY-3002 : Step(52): len = 129076, overlap = 104.25
PHY-3002 : Step(53): len = 129146, overlap = 103.625
PHY-3002 : Step(54): len = 130363, overlap = 98.7188
PHY-3002 : Step(55): len = 130403, overlap = 97.9375
PHY-3002 : Step(56): len = 129983, overlap = 102.312
PHY-3002 : Step(57): len = 129937, overlap = 101.812
PHY-3002 : Step(58): len = 130193, overlap = 96.5312
PHY-3001 : :::4::: Try harder cell spreading with beta_ = 0.000152497
PHY-3002 : Step(59): len = 131014, overlap = 96.5938
PHY-3002 : Step(60): len = 131032, overlap = 96.0625
PHY-3002 : Step(61): len = 130917, overlap = 96
PHY-3001 : :::5::: Try harder cell spreading with beta_ = 0.000258647
PHY-3002 : Step(62): len = 131710, overlap = 95.8438
PHY-3002 : Step(63): len = 131931, overlap = 96.0625
PHY-3002 : Step(64): len = 132066, overlap = 86.6875
PHY-3002 : Step(65): len = 132217, overlap = 89.75
PHY-3002 : Step(66): len = 132639, overlap = 82
PHY-3001 : Legalization ...
PHY-3001 : End legalization;  0.017042s wall, 0.000000s user + 0.015625s system = 0.015625s CPU (91.7%)

PHY-3001 : Run with size of 4
PHY-3001 : Cell area utilization is 21%
PHY-3001 : Update timing in Manhattan mode ...
TMR-2503 : Start to update net delay, extr mode = 3.
TMR-2504 : Update delay of 5672 nets completely.
TMR-2502 : Annotate delay completely, extr mode = 3.
TMR-3501 : Forward propagation: start to calculate arrival time...
TMR-3502 : Backward propagation: start to calculate required time...
TMR-3503 : Timing propagation completes.
PHY-3001 : End timing update;  0.120989s wall, 0.109375s user + 0.000000s system = 0.109375s CPU (90.4%)

PHY-3001 : :::0::: Try harder cell spreading with beta_ = 2.94863e-06
PHY-3002 : Step(67): len = 145632, overlap = 157.812
PHY-3002 : Step(68): len = 145581, overlap = 161.969
PHY-3002 : Step(69): len = 140551, overlap = 165.375
PHY-3002 : Step(70): len = 140522, overlap = 166.625
PHY-3002 : Step(71): len = 138475, overlap = 170.156
PHY-3002 : Step(72): len = 138282, overlap = 168.062
PHY-3002 : Step(73): len = 137855, overlap = 171.562
PHY-3002 : Step(74): len = 138400, overlap = 177.094
PHY-3002 : Step(75): len = 135894, overlap = 179
PHY-3002 : Step(76): len = 135740, overlap = 178.688
PHY-3002 : Step(77): len = 135102, overlap = 180.938
PHY-3001 : :::1::: Try harder cell spreading with beta_ = 5.89726e-06
PHY-3002 : Step(78): len = 134714, overlap = 179.094
PHY-3002 : Step(79): len = 134739, overlap = 177.531
PHY-3002 : Step(80): len = 134791, overlap = 176.75
PHY-3001 : :::2::: Try harder cell spreading with beta_ = 1.17945e-05
PHY-3002 : Step(81): len = 136989, overlap = 169.938
PHY-3002 : Step(82): len = 137147, overlap = 161.688
PHY-3002 : Step(83): len = 138079, overlap = 152.031
PHY-3002 : Step(84): len = 138163, overlap = 150.438
PHY-3002 : Step(85): len = 138961, overlap = 147.906
PHY-3001 : :::3::: Try harder cell spreading with beta_ = 2.3589e-05
PHY-3002 : Step(86): len = 139485, overlap = 145.719
PHY-3002 : Step(87): len = 139627, overlap = 145.531
PHY-3002 : Step(88): len = 140440, overlap = 141.812
PHY-3001 : :::4::: Try harder cell spreading with beta_ = 4.71781e-05
PHY-3002 : Step(89): len = 143002, overlap = 131.062
PHY-3002 : Step(90): len = 143539, overlap = 128.812
PHY-3002 : Step(91): len = 147285, overlap = 112.156
PHY-3002 : Step(92): len = 148171, overlap = 109.625
PHY-3002 : Step(93): len = 149034, overlap = 101.312
PHY-3002 : Step(94): len = 149271, overlap = 90.375
PHY-3002 : Step(95): len = 149085, overlap = 78.8125
PHY-3001 : :::5::: Try harder cell spreading with beta_ = 9.43562e-05
PHY-3002 : Step(96): len = 148439, overlap = 79.0312
PHY-3002 : Step(97): len = 148359, overlap = 79.0938
PHY-3002 : Step(98): len = 148245, overlap = 79.125
PHY-3001 : :::6::: Try harder cell spreading with beta_ = 0.000188712
PHY-3002 : Step(99): len = 149066, overlap = 74
PHY-3002 : Step(100): len = 149262, overlap = 73.25
PHY-3002 : Step(101): len = 149819, overlap = 68.2812
PHY-3001 : Run with size of 2
PHY-3001 : Cell area utilization is 21%
PHY-3001 : Update timing in Manhattan mode ...
TMR-2503 : Start to update net delay, extr mode = 3.
TMR-2504 : Update delay of 5672 nets completely.
TMR-2502 : Annotate delay completely, extr mode = 3.
TMR-3501 : Forward propagation: start to calculate arrival time...
TMR-3502 : Backward propagation: start to calculate required time...
TMR-3503 : Timing propagation completes.
PHY-3001 : End timing update;  0.138239s wall, 0.093750s user + 0.000000s system = 0.093750s CPU (67.8%)

PHY-3001 : :::0::: Try harder cell spreading with beta_ = 2.30038e-05
PHY-3002 : Step(102): len = 149296, overlap = 222.656
PHY-3002 : Step(103): len = 149417, overlap = 224.312
PHY-3002 : Step(104): len = 151688, overlap = 188.594
PHY-3002 : Step(105): len = 152513, overlap = 169.25
PHY-3002 : Step(106): len = 152331, overlap = 160.062
PHY-3002 : Step(107): len = 151653, overlap = 147.844
PHY-3002 : Step(108): len = 149531, overlap = 145.438
PHY-3002 : Step(109): len = 149104, overlap = 144.719
PHY-3002 : Step(110): len = 147591, overlap = 153.438
PHY-3002 : Step(111): len = 146339, overlap = 155.875
PHY-3002 : Step(112): len = 146219, overlap = 155.281
PHY-3002 : Step(113): len = 145937, overlap = 155.75
PHY-3001 : :::1::: Try harder cell spreading with beta_ = 4.60076e-05
PHY-3002 : Step(114): len = 146408, overlap = 151
PHY-3002 : Step(115): len = 146502, overlap = 151
PHY-3002 : Step(116): len = 147032, overlap = 151.156
PHY-3001 : :::2::: Try harder cell spreading with beta_ = 9.20153e-05
PHY-3002 : Step(117): len = 149470, overlap = 134.719
PHY-3002 : Step(118): len = 149853, overlap = 130.719
PHY-3002 : Step(119): len = 152885, overlap = 114.469
PHY-3002 : Step(120): len = 151176, overlap = 117.906
PHY-3002 : Step(121): len = 151627, overlap = 115.062
PHY-3001 : :::3::: Try harder cell spreading with beta_ = 0.000184031
PHY-3002 : Step(122): len = 155789, overlap = 104.156
PHY-3002 : Step(123): len = 157022, overlap = 94.875
PHY-3002 : Step(124): len = 157427, overlap = 95.2188
PHY-3002 : Step(125): len = 157151, overlap = 95.1875
PHY-3002 : Step(126): len = 156909, overlap = 95
PHY-3001 : :::4::: Try harder cell spreading with beta_ = 0.000368061
PHY-3002 : Step(127): len = 157517, overlap = 90.4375
PHY-3002 : Step(128): len = 157431, overlap = 89.375
PHY-3002 : Step(129): len = 157470, overlap = 88.5625
PHY-3001 : :::5::: Try harder cell spreading with beta_ = 0.000736122
PHY-3002 : Step(130): len = 158105, overlap = 85.0938
PHY-3002 : Step(131): len = 159819, overlap = 80.8125
PHY-3002 : Step(132): len = 161213, overlap = 79.4375
PHY-3001 : :::6::: Try harder cell spreading with beta_ = 0.00147224
PHY-3002 : Step(133): len = 161256, overlap = 78.0625
PHY-3002 : Step(134): len = 161252, overlap = 78.1875
OPT-1001 : Start physical optimization ...
RUN-1002 : start command "start_timer -report"
TMR-2505 : Start building timing graph for model sd_bmp_hdmi.
TMR-2506 : Build timing graph completely. Port num: 9, tpin num: 22750, tnet num: 5672, tinst num: 4898, tnode num: 30416, tedge num: 36912.
TMR-2508 : Levelizing timing graph completed, there are 29 levels in total.
TMR-2501 : Timing graph initialized successfully.
OPT-1001 : Total overflow 306.16 peak overflow 3.94
OPT-1001 : Start high-fanout net optimization ...
OPT-1001 : Update timing in global mode
PHY-1001 : Start incremental global routing, caller is place ...
RUN-1001 : Generating global routing grids ...
RUN-1001 : Building simple global routing graph ...
PHY-1001 : Generate routing nets ...
PHY-1001 : Reuse net number 0/5674.
PHY-1001 : Global iterations in 16 thread ...
PHY-1002 : len = 188896, over cnt = 753(2%), over = 2731, worst = 21
PHY-1001 : End global iterations;  0.331553s wall, 0.078125s user + 0.015625s system = 0.093750s CPU (28.3%)

PHY-1001 : Congestion index: top1 = 50.75, top5 = 38.60, top10 = 32.22, top15 = 27.65.
PHY-1001 : End incremental global routing;  0.446548s wall, 0.109375s user + 0.046875s system = 0.156250s CPU (35.0%)

TMR-2503 : Start to update net delay, extr mode = 5.
TMR-2504 : Update delay of 5672 nets completely.
TMR-2502 : Annotate delay completely, extr mode = 5.
TMR-3001 : Initiate 0 clocks from SDC.
TMR-3004 : Map sdc constraints, there are 8 constraints in total.
TMR-3003 : Constraints initiated successfully.
TMR-3501 : Forward propagation: start to calculate arrival time...
TMR-3502 : Backward propagation: start to calculate required time...
TMR-3503 : Timing propagation completes.
OPT-1001 : End timing update;  0.159496s wall, 0.156250s user + 0.000000s system = 0.156250s CPU (98.0%)

OPT-1001 : 0 high-fanout net processed.
OPT-1001 : End high-fanout net optimization;  0.768660s wall, 0.375000s user + 0.046875s system = 0.421875s CPU (54.9%)

OPT-1001 : Current memory(MB): used = 277, reserve = 244, peak = 277.
OPT-1001 : Start global optimization ...
OPT-1001 : Start congestion update ...
RUN-1001 : Generating global routing grids ...
PHY-1001 : Generate routing nets ...
PHY-1001 : Reuse net number 4290/5674.
PHY-1001 : Global iterations in 16 thread ...
PHY-1002 : len = 188896, over cnt = 753(2%), over = 2731, worst = 21
PHY-1002 : len = 200624, over cnt = 506(1%), over = 1414, worst = 16
PHY-1002 : len = 212832, over cnt = 174(0%), over = 405, worst = 15
PHY-1002 : len = 217120, over cnt = 22(0%), over = 59, worst = 10
PHY-1002 : len = 217744, over cnt = 0(0%), over = 0, worst = 0
PHY-1001 : End global iterations;  0.405779s wall, 0.203125s user + 0.000000s system = 0.203125s CPU (50.1%)

PHY-1001 : Congestion index: top1 = 46.08, top5 = 37.22, top10 = 32.21, top15 = 28.45.
OPT-1001 : End congestion update;  0.515335s wall, 0.265625s user + 0.000000s system = 0.265625s CPU (51.5%)

OPT-1001 : Update timing in Manhattan mode
TMR-2503 : Start to update net delay, extr mode = 3.
TMR-2504 : Update delay of 5672 nets completely.
TMR-2502 : Annotate delay completely, extr mode = 3.
TMR-3501 : Forward propagation: start to calculate arrival time...
TMR-3502 : Backward propagation: start to calculate required time...
TMR-3503 : Timing propagation completes.
OPT-1001 : End timing update;  0.125424s wall, 0.093750s user + 0.000000s system = 0.093750s CPU (74.7%)

OPT-0007 : Start: WNS 999170 TNS 0 NUM_FEPS 0
OPT-1001 : End global optimization;  0.640994s wall, 0.359375s user + 0.000000s system = 0.359375s CPU (56.1%)

OPT-1001 : Current memory(MB): used = 282, reserve = 249, peak = 282.
OPT-1001 : End physical optimization;  2.200826s wall, 1.250000s user + 0.046875s system = 1.296875s CPU (58.9%)

PHY-3001 : Start packing ...
SYN-4007 : Packing 0 MUX to BLE ...
SYN-4008 : Packed 0 MUX and 0 SEQ to BLE.
SYN-4007 : Packing 1626 LUT to BLE ...
SYN-4008 : Packed 1626 LUT and 963 SEQ to BLE.
SYN-4003 : Packing 1396 remaining SEQ's ...
SYN-4005 : Packed 612 SEQ with LUT/SLICE
SYN-4006 : 192 single LUT's are left
SYN-4006 : 784 single SEQ's are left
SYN-4011 : Packing model "sd_bmp_hdmi" (AL_USER_NORMAL) with 2410/3485 primitive instances ...
PHY-3001 : End packing;  0.243021s wall, 0.140625s user + 0.000000s system = 0.140625s CPU (57.9%)

PHY-1001 : Populate physical database on model sd_bmp_hdmi.
RUN-1001 : There are total 2205 instances
RUN-1001 : 1055 mslices, 1055 lslices, 71 pads, 15 brams, 0 dsps
RUN-1001 : There are total 4803 nets
RUN-1001 : 2833 nets have 2 pins
RUN-1001 : 1450 nets have [3 - 5] pins
RUN-1001 : 373 nets have [6 - 10] pins
RUN-1001 : 104 nets have [11 - 20] pins
RUN-1001 : 34 nets have [21 - 99] pins
RUN-1001 : 9 nets have 100+ pins
PHY-3001 : design contains 2203 instances, 2110 slices, 135 macros(820 instances: 602 mslices 218 lslices)
PHY-3001 : Cell area utilization is 26%
PHY-3001 : After packing: Len = 163074, Over = 131
PHY-3001 : Run with size of 2
PHY-3001 : Cell area utilization is 26%
PHY-3001 : Update timing in Manhattan mode ...
RUN-1002 : start command "start_timer -report"
TMR-2505 : Start building timing graph for model sd_bmp_hdmi.
TMR-2506 : Build timing graph completely. Port num: 9, tpin num: 18734, tnet num: 4801, tinst num: 2203, tnode num: 24061, tedge num: 31927.
TMR-2508 : Levelizing timing graph completed, there are 29 levels in total.
TMR-2501 : Timing graph initialized successfully.
TMR-2503 : Start to update net delay, extr mode = 3.
TMR-2504 : Update delay of 4801 nets completely.
TMR-2502 : Annotate delay completely, extr mode = 3.
TMR-3001 : Initiate 0 clocks from SDC.
TMR-3004 : Map sdc constraints, there are 8 constraints in total.
TMR-3003 : Constraints initiated successfully.
TMR-3501 : Forward propagation: start to calculate arrival time...
TMR-3502 : Backward propagation: start to calculate required time...
TMR-3503 : Timing propagation completes.
PHY-3001 : End timing update;  0.804160s wall, 0.656250s user + 0.015625s system = 0.671875s CPU (83.5%)

PHY-3001 : :::0::: Try harder cell spreading with beta_ = 2.01861e-05
PHY-3002 : Step(135): len = 160185, overlap = 136
PHY-3002 : Step(136): len = 159378, overlap = 139
PHY-3002 : Step(137): len = 157034, overlap = 137.75
PHY-3002 : Step(138): len = 154397, overlap = 151.25
PHY-3002 : Step(139): len = 153260, overlap = 152.25
PHY-3002 : Step(140): len = 151371, overlap = 156
PHY-3002 : Step(141): len = 150049, overlap = 158.75
PHY-3002 : Step(142): len = 149088, overlap = 157.25
PHY-3002 : Step(143): len = 147891, overlap = 159.25
PHY-3002 : Step(144): len = 147658, overlap = 159.5
PHY-3002 : Step(145): len = 147477, overlap = 159
PHY-3001 : :::1::: Try harder cell spreading with beta_ = 4.03723e-05
PHY-3002 : Step(146): len = 148749, overlap = 154
PHY-3002 : Step(147): len = 149375, overlap = 153.25
PHY-3002 : Step(148): len = 152214, overlap = 141
PHY-3002 : Step(149): len = 154158, overlap = 132.25
PHY-3002 : Step(150): len = 153255, overlap = 134
PHY-3002 : Step(151): len = 152967, overlap = 130.25
PHY-3001 : :::2::: Try harder cell spreading with beta_ = 8.07445e-05
PHY-3002 : Step(152): len = 156367, overlap = 119.75
PHY-3002 : Step(153): len = 157651, overlap = 119.25
PHY-3002 : Step(154): len = 160565, overlap = 113.25
PHY-3002 : Step(155): len = 160795, overlap = 114
PHY-3002 : Step(156): len = 160897, overlap = 115.25
PHY-3002 : Step(157): len = 160537, overlap = 115.75
PHY-3001 : Legalization ...
PHY-3001 : End legalization;  0.616708s wall, 0.078125s user + 0.093750s system = 0.171875s CPU (27.9%)

PHY-3001 : Trial Legalized: Len = 194713
PHY-3001 : Run with size of 2
PHY-3001 : Cell area utilization is 25%
PHY-3001 : Update timing in Manhattan mode ...
TMR-2503 : Start to update net delay, extr mode = 3.
TMR-2504 : Update delay of 4801 nets completely.
TMR-2502 : Annotate delay completely, extr mode = 3.
TMR-3501 : Forward propagation: start to calculate arrival time...
TMR-3502 : Backward propagation: start to calculate required time...
TMR-3503 : Timing propagation completes.
PHY-3001 : End timing update;  0.100306s wall, 0.078125s user + 0.000000s system = 0.078125s CPU (77.9%)

PHY-3001 : :::0::: Try harder cell spreading with beta_ = 0.000157046
PHY-3002 : Step(158): len = 183760, overlap = 10.5
PHY-3002 : Step(159): len = 174690, overlap = 32.5
PHY-3002 : Step(160): len = 171558, overlap = 39
PHY-3002 : Step(161): len = 169575, overlap = 45.75
PHY-3002 : Step(162): len = 168766, overlap = 53.25
PHY-3002 : Step(163): len = 168037, overlap = 53.5
PHY-3002 : Step(164): len = 167935, overlap = 53.75
PHY-3002 : Step(165): len = 167459, overlap = 53.75
PHY-3001 : :::1::: Try harder cell spreading with beta_ = 0.000314092
PHY-3002 : Step(166): len = 169311, overlap = 53.5
PHY-3002 : Step(167): len = 169853, overlap = 53.5
PHY-3002 : Step(168): len = 170653, overlap = 51.75
PHY-3001 : :::2::: Try harder cell spreading with beta_ = 0.000628183
PHY-3002 : Step(169): len = 171782, overlap = 50
PHY-3002 : Step(170): len = 172691, overlap = 49
PHY-3002 : Step(171): len = 173950, overlap = 46.5
PHY-3001 : Legalization ...
PHY-3001 : End legalization;  0.007066s wall, 0.000000s user + 0.000000s system = 0.000000s CPU (n/a%)

PHY-3001 : Legalized: Len = 184320, Over = 0
PHY-3001 : Spreading special nets. 70 overflows in 2952 tiles.
PHY-3001 : End spreading;  0.021315s wall, 0.015625s user + 0.000000s system = 0.015625s CPU (73.3%)

PHY-3001 : 95 instances has been re-located, deltaX = 51, deltaY = 51, maxDist = 3.
PHY-3001 : Final: Len = 186950, Over = 0
PHY-3001 : BANK 6 DIFFRESISTOR:NONE VOD:350M VCM:1.2
OPT-1001 : Start physical optimization ...
RUN-1002 : start command "start_timer -report"
TMR-2505 : Start building timing graph for model sd_bmp_hdmi.
TMR-2506 : Build timing graph completely. Port num: 9, tpin num: 18734, tnet num: 4801, tinst num: 2204, tnode num: 24061, tedge num: 31927.
TMR-2508 : Levelizing timing graph completed, there are 29 levels in total.
TMR-2501 : Timing graph initialized successfully.
OPT-1001 : Total overflow 0.00 peak overflow 0.00
OPT-1001 : Start high-fanout net optimization ...
OPT-1001 : Update timing in global mode
PHY-1001 : Start incremental global routing, caller is place ...
RUN-1001 : Generating global routing grids ...
PHY-1001 : Generate routing nets ...
PHY-1001 : Reuse net number 148/4803.
PHY-1001 : Global iterations in 16 thread ...
PHY-1002 : len = 222568, over cnt = 530(1%), over = 910, worst = 8
PHY-1002 : len = 226560, over cnt = 301(0%), over = 455, worst = 8
PHY-1002 : len = 230280, over cnt = 83(0%), over = 133, worst = 7
PHY-1002 : len = 231816, over cnt = 5(0%), over = 8, worst = 4
PHY-1002 : len = 231904, over cnt = 0(0%), over = 0, worst = 0
PHY-1001 : End global iterations;  0.565286s wall, 0.265625s user + 0.000000s system = 0.265625s CPU (47.0%)

PHY-1001 : Congestion index: top1 = 37.28, top5 = 31.79, top10 = 28.25, top15 = 25.70.
PHY-1001 : End incremental global routing;  0.688474s wall, 0.375000s user + 0.000000s system = 0.375000s CPU (54.5%)

TMR-2503 : Start to update net delay, extr mode = 5.
TMR-2504 : Update delay of 4801 nets completely.
TMR-2502 : Annotate delay completely, extr mode = 5.
TMR-3001 : Initiate 0 clocks from SDC.
TMR-3004 : Map sdc constraints, there are 8 constraints in total.
TMR-3003 : Constraints initiated successfully.
TMR-3501 : Forward propagation: start to calculate arrival time...
TMR-3502 : Backward propagation: start to calculate required time...
TMR-3503 : Timing propagation completes.
OPT-1001 : End timing update;  0.142116s wall, 0.140625s user + 0.000000s system = 0.140625s CPU (99.0%)

OPT-1001 : 0 high-fanout net processed.
OPT-1001 : End high-fanout net optimization;  0.916696s wall, 0.609375s user + 0.000000s system = 0.609375s CPU (66.5%)

OPT-1001 : Current memory(MB): used = 290, reserve = 257, peak = 290.
OPT-1001 : Start path based optimization ...
OPT-1001 : Start congestion update ...
RUN-1001 : Generating global routing grids ...
PHY-1001 : Generate routing nets ...
PHY-1001 : Reuse net number 4147/4803.
PHY-1001 : Global iterations in 16 thread ...
PHY-1002 : len = 231904, over cnt = 0(0%), over = 0, worst = 0
PHY-1001 : End global iterations;  0.025832s wall, 0.015625s user + 0.000000s system = 0.015625s CPU (60.5%)

PHY-1001 : Congestion index: top1 = 37.28, top5 = 31.79, top10 = 28.25, top15 = 25.70.
OPT-1001 : End congestion update;  0.131274s wall, 0.140625s user + 0.000000s system = 0.140625s CPU (107.1%)

OPT-1001 : Update timing in Manhattan mode
TMR-2503 : Start to update net delay, extr mode = 3.
TMR-2504 : Update delay of 4801 nets completely.
TMR-2502 : Annotate delay completely, extr mode = 3.
TMR-3501 : Forward propagation: start to calculate arrival time...
TMR-3502 : Backward propagation: start to calculate required time...
TMR-3503 : Timing propagation completes.
OPT-1001 : End timing update;  0.093952s wall, 0.078125s user + 0.000000s system = 0.078125s CPU (83.2%)

OPT-0007 : Start: WNS 998995 TNS 0 NUM_FEPS 0
OPT-1001 : End path based optimization;  0.225435s wall, 0.218750s user + 0.000000s system = 0.218750s CPU (97.0%)

OPT-1001 : Current memory(MB): used = 292, reserve = 259, peak = 292.
OPT-1001 : Update timing in Manhattan mode
TMR-2503 : Start to update net delay, extr mode = 3.
TMR-2504 : Update delay of 4801 nets completely.
TMR-2502 : Annotate delay completely, extr mode = 3.
TMR-3501 : Forward propagation: start to calculate arrival time...
TMR-3502 : Backward propagation: start to calculate required time...
TMR-3503 : Timing propagation completes.
OPT-1001 : End timing update;  0.099875s wall, 0.109375s user + 0.000000s system = 0.109375s CPU (109.5%)

OPT-1001 : Start pin optimization...
OPT-1001 : skip pin optimization...
RUN-1001 : Generating global routing grids ...
PHY-1001 : Generate routing nets ...
PHY-1001 : Reuse net number 4147/4803.
PHY-1001 : Global iterations in 16 thread ...
PHY-1002 : len = 231904, over cnt = 0(0%), over = 0, worst = 0
PHY-1001 : End global iterations;  0.022994s wall, 0.031250s user + 0.000000s system = 0.031250s CPU (135.9%)

PHY-1001 : Congestion index: top1 = 37.28, top5 = 31.79, top10 = 28.25, top15 = 25.70.
OPT-1001 : Update timing in Manhattan mode
TMR-2503 : Start to update net delay, extr mode = 3.
TMR-2504 : Update delay of 4801 nets completely.
TMR-2502 : Annotate delay completely, extr mode = 3.
TMR-3501 : Forward propagation: start to calculate arrival time...
TMR-3502 : Backward propagation: start to calculate required time...
TMR-3503 : Timing propagation completes.
OPT-1001 : End timing update;  0.098143s wall, 0.093750s user + 0.000000s system = 0.093750s CPU (95.5%)

RUN-1001 : QoR Analysis:
OPT-0007 :   WNS 998995 TNS 0 NUM_FEPS 0
RUN-1001 :   No local congestion issue, and most congested 1% tile average routing util is 36.896552
RUN-1001 :   Top critical paths
OPT-1001 : End physical optimization;  2.200682s wall, 1.796875s user + 0.000000s system = 1.796875s CPU (81.7%)

RUN-1003 : finish command "place" in  14.995585s wall, 8.765625s user + 1.984375s system = 10.750000s CPU (71.7%)

RUN-1004 : used memory is 275 MB, reserved memory is 243 MB, peak memory is 292 MB
RUN-1002 : start command "export_db SD-SDRAM-ISP-HDMI_place.db"
RUN-1001 : Exported /
RUN-1001 : Exported flow parameters
RUN-1001 : Exported libs
RUN-1001 : Exported entities
RUN-1001 : Exported ports
RUN-1001 : Exported pins
RUN-1001 : Exported instances
RUN-1001 : Exported nets
RUN-1001 : Exported buses
RUN-1001 : Exported models
RUN-1001 : Exported congestions
RUN-1001 : Exported violations
RUN-1001 : Exported timing constraints
RUN-1001 : Exported IO constraints
RUN-1001 : Exported Inst constraints
RUN-1001 : Exported ChipWatcher
RUN-1002 : start command "route"
RUN-1001 : Open license file F:/ARMChina/license/Anlogic.lic
RUN-1001 : Print Global Property
RUN-1001 : ---------------------------------------------------------------
RUN-1001 :        Parameters        |  Settings  |  Default Values  |  Note  
RUN-1001 : ---------------------------------------------------------------
RUN-1001 :          message         |  standard  |     standard     |        
RUN-1001 :   mixed_pack_place_flow  |     on     |        on        |        
RUN-1001 :        qor_monitor       |    off     |       off        |        
RUN-1001 :        syn_ip_flow       |    off     |       off        |        
RUN-1001 :          thread          |    auto    |       auto       |        
RUN-1001 : ---------------------------------------------------------------
RUN-1001 : Print Route Property
RUN-1001 : -------------------------------------------------------
RUN-1001 :    Parameters    |  Settings  |  Default Values  |  Note  
RUN-1001 : -------------------------------------------------------
RUN-1001 :      effort      |   medium   |      medium      |        
RUN-1001 :     fix_hold     |    off     |       off        |        
RUN-1001 :    opt_timing    |   medium   |      medium      |        
RUN-1001 :   phy_sim_model  |    off     |       off        |        
RUN-1001 :     priority     |   timing   |      timing      |        
RUN-1001 :     swap_pin     |     on     |        on        |        
RUN-1001 : -------------------------------------------------------
PHY-1001 : Route runs in 16 thread(s)
RUN-1001 : There are total 2206 instances
RUN-1001 : 1055 mslices, 1055 lslices, 71 pads, 15 brams, 0 dsps
RUN-1001 : There are total 4803 nets
RUN-1001 : 2833 nets have 2 pins
RUN-1001 : 1450 nets have [3 - 5] pins
RUN-1001 : 373 nets have [6 - 10] pins
RUN-1001 : 104 nets have [11 - 20] pins
RUN-1001 : 34 nets have [21 - 99] pins
RUN-1001 : 9 nets have 100+ pins
RUN-1002 : start command "start_timer -report"
TMR-2505 : Start building timing graph for model sd_bmp_hdmi.
TMR-2506 : Build timing graph completely. Port num: 9, tpin num: 18734, tnet num: 4801, tinst num: 2204, tnode num: 24061, tedge num: 31927.
TMR-2508 : Levelizing timing graph completed, there are 29 levels in total.
TMR-2501 : Timing graph initialized successfully.
PHY-1001 : 1055 mslices, 1055 lslices, 71 pads, 15 brams, 0 dsps
TMR-2503 : Start to update net delay, extr mode = 3.
TMR-2504 : Update delay of 4801 nets completely.
TMR-2502 : Annotate delay completely, extr mode = 3.
TMR-3001 : Initiate 0 clocks from SDC.
TMR-3004 : Map sdc constraints, there are 8 constraints in total.
TMR-3003 : Constraints initiated successfully.
TMR-3501 : Forward propagation: start to calculate arrival time...
TMR-3502 : Backward propagation: start to calculate required time...
TMR-3503 : Timing propagation completes.
PHY-1001 : Start global routing, caller is route ...
RUN-1001 : Generating global routing grids ...
PHY-1001 : Generate routing nets ...
PHY-1001 : Global iterations in 16 thread ...
PHY-1002 : len = 221368, over cnt = 520(1%), over = 897, worst = 7
PHY-1002 : len = 225424, over cnt = 288(0%), over = 432, worst = 7
PHY-1002 : len = 229752, over cnt = 40(0%), over = 68, worst = 7
PHY-1002 : len = 230496, over cnt = 0(0%), over = 0, worst = 0
PHY-1001 : End global iterations;  0.546214s wall, 0.078125s user + 0.000000s system = 0.078125s CPU (14.3%)

PHY-1001 : Congestion index: top1 = 37.05, top5 = 31.68, top10 = 28.06, top15 = 25.50.
PHY-1001 : End global routing;  0.670567s wall, 0.171875s user + 0.000000s system = 0.171875s CPU (25.6%)

PHY-1001 : Start detail routing ...
PHY-1001 : Current memory(MB): used = 324, reserve = 293, peak = 327.
PHY-1001 : Detailed router is running in normal mode.
PHY-1001 : Generate detailed routing grids ...
PHY-1001 : Generate nets ...
PHY-1001 : net sys_clk_dup_1 will be routed on clock mesh
PHY-1001 : clock net u_clk_wiz_1/clk0_out will be merged with clock u_clk_wiz_1/clk0_buf
PHY-1001 : net u_ddr3_top/clk_sdram will be routed on clock mesh
PHY-1001 : clock net u_ddr3_top/u_sdram_fifo_ctrl/clk_ref will be merged with clock u_clk_wiz_0/clk0_buf
PHY-1001 : net u_ddr3_top/u_sdram_fifo_ctrl/wrfifo/clkw will be routed on clock mesh
PHY-1001 : net u_hdmi_top/dpc/pclk will be routed on clock mesh
PHY-1001 : clock net u_sd_ctrl_top/u_sd_init/div_clk_syn_4 will be merged with clock u_sd_ctrl_top/u_sd_init/div_clk
PHY-1001 : net u_sd_ctrl_top/u_sd_read/clk_ref_180deg will be routed on clock mesh
PHY-1001 : clock net config_inst_syn_10 will be merged with clock config_inst_syn_9
PHY-1001 : Current memory(MB): used = 577, reserve = 549, peak = 577.
PHY-1001 : End build detailed router design. 4.312098s wall, 2.453125s user + 0.031250s system = 2.484375s CPU (57.6%)

PHY-1001 : Detail Route ...
PHY-1001 : ===== Detail Route Phase 1 =====
PHY-1001 : Clock net routing.....
PHY-1001 : Routed 0% nets.
PHY-1022 : len = 68960, over cnt = 0(0%), over = 0, worst = 0, crit = 0
PHY-1001 : End initial clock net routed; 3.843293s wall, 3.000000s user + 0.046875s system = 3.046875s CPU (79.3%)

PHY-1001 : Current memory(MB): used = 610, reserve = 584, peak = 610.
PHY-1001 : End phase 1; 3.849401s wall, 3.015625s user + 0.046875s system = 3.062500s CPU (79.6%)

PHY-1001 : ===== Detail Route Phase 2 =====
PHY-1001 : Initial routing.....
PHY-1001 : Routed 36% nets.
PHY-1001 : Routed 43% nets.
PHY-1001 : Routed 51% nets.
PHY-1001 : Routed 65% nets.
PHY-1001 : Routed 85% nets.
PHY-1022 : len = 604384, over cnt = 141(0%), over = 141, worst = 1, crit = 0
PHY-1001 : Current memory(MB): used = 612, reserve = 585, peak = 612.
PHY-1001 : End initial routed; 11.835084s wall, 7.437500s user + 0.078125s system = 7.515625s CPU (63.5%)

PHY-1001 : Update timing.....
PHY-1001 : 0/4104(0%) critical/total net(s).
RUN-1001 : ------------------------------------------
RUN-1001 :   Type   |    WNS(ns)    |  TNS(ns)  |  FEP  
RUN-1001 : ------------------------------------------
RUN-1001 :   Setup  |    998.546    |   0.000   |   0   
RUN-1001 :   Hold   |  2147483.647  |   0.000   |   0   
RUN-1001 : ------------------------------------------
PHY-1001 : End update timing; 0.926608s wall, 0.875000s user + 0.000000s system = 0.875000s CPU (94.4%)

PHY-1001 : Current memory(MB): used = 618, reserve = 591, peak = 618.
PHY-1001 : End phase 2; 12.761843s wall, 8.312500s user + 0.078125s system = 8.390625s CPU (65.7%)

PHY-1001 : ===== Detail Route Phase 3 =====
PHY-1001 : Optimize timing.....
PHY-1022 : len = 604384, over cnt = 141(0%), over = 141, worst = 1, crit = 0
PHY-1001 : End optimize timing; 0.028725s wall, 0.031250s user + 0.000000s system = 0.031250s CPU (108.8%)

PHY-1001 : Ripup-reroute.....
PHY-1001 : ===== DR Iter 1 =====
PHY-1022 : len = 603160, over cnt = 35(0%), over = 35, worst = 1, crit = 0
PHY-1001 : End DR Iter 1; 0.114545s wall, 0.078125s user + 0.000000s system = 0.078125s CPU (68.2%)

PHY-1001 : ===== DR Iter 2 =====
PHY-1022 : len = 603096, over cnt = 3(0%), over = 3, worst = 1, crit = 0
PHY-1001 : End DR Iter 2; 0.061972s wall, 0.031250s user + 0.000000s system = 0.031250s CPU (50.4%)

PHY-1001 : ===== DR Iter 3 =====
PHY-1022 : len = 603128, over cnt = 0(0%), over = 0, worst = 0, crit = 0
PHY-1001 : End DR Iter 3; 0.048076s wall, 0.015625s user + 0.015625s system = 0.031250s CPU (65.0%)

PHY-1001 : Update timing.....
PHY-1001 : 0/4104(0%) critical/total net(s).
RUN-1001 : ------------------------------------------
RUN-1001 :   Type   |    WNS(ns)    |  TNS(ns)  |  FEP  
RUN-1001 : ------------------------------------------
RUN-1001 :   Setup  |    998.546    |   0.000   |   0   
RUN-1001 :   Hold   |  2147483.647  |   0.000   |   0   
RUN-1001 : ------------------------------------------
PHY-1001 : End update timing; 0.903164s wall, 0.812500s user + 0.000000s system = 0.812500s CPU (90.0%)

PHY-1001 : Commit to database.....
PHY-1001 : 27 feed throughs used by 23 nets
PHY-1001 : End commit to database; 0.505178s wall, 0.421875s user + 0.000000s system = 0.421875s CPU (83.5%)

PHY-1001 : Current memory(MB): used = 647, reserve = 621, peak = 647.
PHY-1001 : End phase 3; 1.891328s wall, 1.562500s user + 0.015625s system = 1.578125s CPU (83.4%)

PHY-1003 : Routed, final wirelength = 603128
PHY-1001 : Current memory(MB): used = 648, reserve = 622, peak = 648.
PHY-1001 : End export database. 0.018645s wall, 0.015625s user + 0.000000s system = 0.015625s CPU (83.8%)

PHY-1001 : End detail routing;  23.094105s wall, 15.625000s user + 0.171875s system = 15.796875s CPU (68.4%)

RUN-1003 : finish command "route" in  24.712629s wall, 16.468750s user + 0.171875s system = 16.640625s CPU (67.3%)

RUN-1004 : used memory is 618 MB, reserved memory is 592 MB, peak memory is 648 MB
RUN-1002 : start command "report_area -io_info -file SD-SDRAM-ISP-HDMI_phy.area"
RUN-1001 : standard
***Report Model: sd_bmp_hdmi Device: EG4S20BG256***

IO Statistics
#IO                        12
  #input                    5
  #output                   7
  #inout                    0

Utilization Statistics
#lut                     3305   out of  19600   16.86%
#reg                     2364   out of  19600   12.06%
#le                      4088
  #lut only              1724   out of   4088   42.17%
  #reg only               783   out of   4088   19.15%
  #lut&reg               1581   out of   4088   38.67%
#dsp                        0   out of     29    0.00%
#bram                       9   out of     64   14.06%
  #bram9k                   9
  #fifo9k                   0
#bram32k                    6   out of     16   37.50%
#pad                       16   out of    188    8.51%
  #ireg                     0
  #oreg                     4
  #treg                     0
#pll                        2   out of      4   50.00%
#gclk                       4   out of     16   25.00%

Clock Resource Statistics
Index     ClockNet                                    Type               DriverType         Driver                                          Fanout
#1        u_hdmi_top/dpc/pclk                         GCLK               pll                u_clk_wiz_1/pll_inst.clkc1                      678
#2        u_clk_wiz_0/clk0_buf                        GCLK               pll                u_clk_wiz_0/pll_inst.clkc0                      173
#3        config_inst_syn_9                           GCLK               config             config_inst.jtck                                162
#4        u_ddr3_top/u_sdram_fifo_ctrl/wrfifo/clkw    GCLK               pll                u_clk_wiz_0/pll_inst.clkc3                      157
#5        sys_clk_dup_1                               GCLK               io                 sys_clk_syn_2.di                                79
#6        u_sd_ctrl_top/u_sd_init/div_clk             GCLK               mslice             u_sd_ctrl_top/u_sd_init/div_clk_reg_syn_9.q0    59
#7        u_clk_wiz_1/clk0_buf                        GCLK               pll                u_clk_wiz_1/pll_inst.clkc0                      35
#8        u_sd_ctrl_top/u_sd_read/clk_ref_180deg      GCLK               pll                u_clk_wiz_0/pll_inst.clkc4                      23
#9        u_ddr3_top/clk_sdram                        GCLK               pll                u_clk_wiz_0/pll_inst.clkc1                      0


Detailed IO Report

        Name           Direction    Location    IOStandard    DriveStrength    PullType    PackReg  
       sd_miso           INPUT        D14        LVCMOS33          N/A          PULLUP      NONE    
   switch_video[1]       INPUT        B10        LVCMOS33          N/A          PULLUP      NONE    
   switch_video[0]       INPUT        A10        LVCMOS33          N/A          PULLUP      NONE    
       sys_clk           INPUT         R7        LVCMOS33          N/A          PULLUP      NONE    
      sys_rst_n          INPUT         A9        LVCMOS33          N/A          PULLUP      NONE    
       sd_clk           OUTPUT        F15        LVCMOS33           8            NONE       NONE    
        sd_cs           OUTPUT        F13        LVCMOS33           8            NONE       NONE    
       sd_mosi          OUTPUT        F14        LVCMOS33           8            NONE       NONE    
     tmds_clk_p         OUTPUT         P1         LVDS33           NA            NONE      ODDRX1   
    tmds_clk_p(n)       OUTPUT         R1         LVDS33           NA            NONE      ODDRX1   
   tmds_data_p[2]       OUTPUT         J3         LVDS33           NA            NONE      ODDRX1   
  tmds_data_p[2](n)     OUTPUT         J4         LVDS33           NA            NONE      ODDRX1   
   tmds_data_p[1]       OUTPUT         P4         LVDS33           NA            NONE      ODDRX1   
  tmds_data_p[1](n)     OUTPUT         N4         LVDS33           NA            NONE      ODDRX1   
   tmds_data_p[0]       OUTPUT         N1         LVDS33           NA            NONE      ODDRX1   
  tmds_data_p[0](n)     OUTPUT         M1         LVDS33           NA            NONE      ODDRX1   
       dq[23]            INPUT        S31        LVCMOS25           8           PULLUP      NONE    
       dq[22]            INPUT        S32        LVCMOS25           8           PULLUP      NONE    
       dq[21]            INPUT        S35        LVCMOS25           8           PULLUP      NONE    
       dq[20]            INPUT        S36        LVCMOS25           8           PULLUP      NONE    
       dq[19]            INPUT        S37        LVCMOS25           8           PULLUP      NONE    
       dq[18]            INPUT        S38        LVCMOS25           8           PULLUP      NONE    
       dq[17]            INPUT        S41        LVCMOS25           8           PULLUP      NONE    
       dq[16]            INPUT        S42        LVCMOS25           8           PULLUP      NONE    
       dq[31]            INPUT        S48        LVCMOS25           8           PULLUP      NONE    
       dq[30]            INPUT        S49        LVCMOS25           8           PULLUP      NONE    
       dq[29]            INPUT        S52        LVCMOS25           8           PULLUP      NONE    
       dq[28]            INPUT        S53        LVCMOS25           8           PULLUP      NONE    
       dq[27]            INPUT        S54        LVCMOS25           8           PULLUP      NONE    
       dq[26]            INPUT        S55        LVCMOS25           8           PULLUP      NONE    
       dq[25]            INPUT        S58        LVCMOS25           8           PULLUP      NONE    
       dq[24]            INPUT        S59        LVCMOS25           8           PULLUP      NONE    
         dm0            OUTPUT        S14        LVCMOS25           8            NONE       NONE    
         cke            OUTPUT        S18        LVCMOS25           8            NONE       OREG    
        we_n            OUTPUT        S19        LVCMOS25           8            NONE       OREG    
        cas_n           OUTPUT        S20        LVCMOS25           8            NONE       OREG    
        ras_n           OUTPUT        S21        LVCMOS25           8            NONE       OREG    
        cs_n            OUTPUT        S22        LVCMOS25           8            NONE       OREG    
       addr[9]          OUTPUT        S23        LVCMOS25           8            NONE       OREG    
       addr[8]          OUTPUT        S24        LVCMOS25           8            NONE       OREG    
       addr[7]          OUTPUT        S25        LVCMOS25           8            NONE       OREG    
       addr[6]          OUTPUT        S26        LVCMOS25           8            NONE       OREG    
       addr[5]          OUTPUT        S27        LVCMOS25           8            NONE       OREG    
       addr[4]          OUTPUT        S28        LVCMOS25           8            NONE       OREG    
         dm2            OUTPUT        S29        LVCMOS25           8            NONE       NONE    
         dm3            OUTPUT        S61        LVCMOS25           8            NONE       NONE    
       addr[3]          OUTPUT        S64        LVCMOS25           8            NONE       OREG    
       addr[2]          OUTPUT        S65        LVCMOS25           8            NONE       OREG    
       addr[1]          OUTPUT        S66        LVCMOS25           8            NONE       OREG    
       addr[0]          OUTPUT        S67        LVCMOS25           8            NONE       OREG    
      addr[10]          OUTPUT        S68        LVCMOS25           8            NONE       OREG    
        ba[0]           OUTPUT        S69        LVCMOS25           8            NONE       OREG    
        ba[1]           OUTPUT        S70        LVCMOS25           8            NONE       OREG    
         clk            OUTPUT        S73        LVCMOS25           8            NONE       NONE    
         dm1            OUTPUT        S76        LVCMOS25           8            NONE       NONE    
        dq[0]            INOUT         S1        LVCMOS25           8           PULLUP      IREG    
        dq[6]            INOUT        S11        LVCMOS25           8           PULLUP      IREG    
        dq[7]            INOUT        S12        LVCMOS25           8           PULLUP      IREG    
        dq[1]            INOUT         S2        LVCMOS25           8           PULLUP      IREG    
        dq[2]            INOUT         S5        LVCMOS25           8           PULLUP      IREG    
        dq[3]            INOUT         S6        LVCMOS25           8           PULLUP      IREG    
        dq[4]            INOUT         S7        LVCMOS25           8           PULLUP      IREG    
        dq[8]            INOUT        S78        LVCMOS25           8           PULLUP      IREG    
        dq[9]            INOUT        S79        LVCMOS25           8           PULLUP      IREG    
        dq[5]            INOUT         S8        LVCMOS25           8           PULLUP      IREG    
       dq[10]            INOUT        S82        LVCMOS25           8           PULLUP      IREG    
       dq[11]            INOUT        S83        LVCMOS25           8           PULLUP      IREG    
       dq[12]            INOUT        S84        LVCMOS25           8           PULLUP      IREG    
       dq[13]            INOUT        S85        LVCMOS25           8           PULLUP      IREG    
       dq[14]            INOUT        S88        LVCMOS25           8           PULLUP      IREG    
       dq[15]            INOUT        S89        LVCMOS25           8           PULLUP      IREG    

Report Hierarchy Area:
+-------------------------------------------------------------------------------------------------------------------------------------+
|Instance                            |Module                                     |le     |lut     |ripple  |seq     |bram    |dsp     |
+-------------------------------------------------------------------------------------------------------------------------------------+
|top                                 |sd_bmp_hdmi                                |4088   |2485    |820     |2368    |15      |0       |
|  u_clk_wiz_0                       |PLL                                        |0      |0       |0       |0       |0       |0       |
|  u_clk_wiz_1                       |PLL_hdmi                                   |0      |0       |0       |0       |0       |0       |
|  u_ddr3_top                        |ddr3_top1                                  |566    |356     |100     |356     |2       |0       |
|    physica_sdram                   |SDRAM                                      |0      |0       |0       |0       |0       |0       |
|    u_sdram_controller              |sdram_controller                           |190    |129     |40      |84      |0       |0       |
|      u_sdram_cmd                   |sdram_cmd                                  |36     |36      |0       |17      |0       |0       |
|      u_sdram_ctrl                  |sdram_ctrl                                 |138    |93      |40      |51      |0       |0       |
|      u_sdram_data                  |sdram_data                                 |16     |0       |0       |16      |0       |0       |
|    u_sdram_fifo_ctrl               |sdram_fifo_ctrl                            |376    |227     |60      |272     |2       |0       |
|      rdfifo                        |SOFTFIFO                                   |151    |84      |18      |123     |1       |0       |
|        ram_inst                    |ram_infer_SOFTFIFO                         |15     |0       |0       |15      |1       |0       |
|        rd_to_wr_cross_inst         |fifo_cross_domain_addr_process_al_SOFTFIFO |42     |26      |0       |42      |0       |0       |
|        wr_to_rd_cross_inst         |fifo_cross_domain_addr_process_al_SOFTFIFO |36     |31      |0       |36      |0       |0       |
|      wrfifo                        |SOFTFIFO                                   |147    |91      |18      |119     |1       |0       |
|        ram_inst                    |ram_infer_SOFTFIFO                         |13     |8       |0       |13      |1       |0       |
|        rd_to_wr_cross_inst         |fifo_cross_domain_addr_process_al_SOFTFIFO |36     |21      |0       |36      |0       |0       |
|        wr_to_rd_cross_inst         |fifo_cross_domain_addr_process_al_SOFTFIFO |38     |31      |0       |38      |0       |0       |
|  u_hdmi_top                        |hdmi_top1                                  |2369   |1333    |544     |1252    |4       |0       |
|    dpc                             |isp_dpc                                    |1891   |1007    |407     |1082    |4       |0       |
|      linebuffer                    |shift_register                             |57     |34      |16      |31      |4       |0       |
|        gen_ram_inst[0]$u_ram       |simple_dp_ram                              |0      |0       |0       |0       |1       |0       |
|        gen_ram_inst[1]$u_ram       |simple_dp_ram                              |0      |0       |0       |0       |1       |0       |
|        gen_ram_inst[2]$u_ram       |simple_dp_ram                              |0      |0       |0       |0       |1       |0       |
|        gen_ram_inst[3]$u_ram       |simple_dp_ram                              |0      |0       |0       |0       |1       |0       |
|    u3_hdmi_tx                      |hdmi_tx                                    |327    |236     |76      |141     |0       |0       |
|      Inst_DVITransmitter           |DVITransmitter                             |327    |236     |76      |141     |0       |0       |
|        Inst_TMDSEncoder_blue       |TMDSEncoder                                |111    |91      |18      |43      |0       |0       |
|        Inst_TMDSEncoder_green      |TMDSEncoder                                |79     |60      |18      |33      |0       |0       |
|        Inst_TMDSEncoder_red        |TMDSEncoder                                |88     |48      |40      |16      |0       |0       |
|        Inst_blue_serializer_10_1   |Serial_N_1_lvds_dat                        |20     |17      |0       |20      |0       |0       |
|        Inst_clk_serializer_10_1    |Serial_N_1_lvds                            |8      |5       |0       |8       |0       |0       |
|        Inst_green_serializer_10_1  |Serial_N_1_lvds_dat                        |10     |8       |0       |10      |0       |0       |
|        Inst_red_serializer_10_1    |Serial_N_1_lvds_dat                        |11     |7       |0       |11      |0       |0       |
|    u_video_driver                  |video_driver                               |151    |90      |61      |29      |0       |0       |
|  u_sd_ctrl_top                     |sd_ctrl_top                                |335    |269     |45      |215     |0       |0       |
|    u_sd_init                       |sd_init                                    |190    |147     |30      |113     |0       |0       |
|    u_sd_read                       |sd_read                                    |145    |122     |15      |102     |0       |0       |
|  u_sd_read_photo                   |read_rawdata                               |212    |173     |32      |142     |0       |0       |
|  cw_top                            |CW_TOP_WRAPPER                             |603    |351     |99      |399     |0       |0       |
|    wrapper_cwc_top                 |cwc_top                                    |603    |351     |99      |399     |0       |0       |
|      cfg_int_inst                  |cwc_cfg_int                                |283    |143     |0       |266     |0       |0       |
|        reg_inst                    |register                                   |280    |140     |0       |263     |0       |0       |
|        tap_inst                    |tap                                        |3      |3       |0       |3       |0       |0       |
|      trigger_inst                  |trigger                                    |320    |208     |99      |133     |0       |0       |
|        bus_inst                    |bus_top                                    |122    |78      |42      |47      |0       |0       |
|          BUS_DETECTOR[0]$bus_nodes |bus_det                                    |3      |3       |0       |3       |0       |0       |
|          BUS_DETECTOR[2]$bus_nodes |bus_det                                    |2      |2       |0       |2       |0       |0       |
|          BUS_DETECTOR[3]$bus_nodes |bus_det                                    |2      |2       |0       |2       |0       |0       |
|          BUS_DETECTOR[4]$bus_nodes |bus_det                                    |49     |31      |18      |16      |0       |0       |
|          BUS_DETECTOR[5]$bus_nodes |bus_det                                    |50     |30      |18      |17      |0       |0       |
|          BUS_DETECTOR[6]$bus_nodes |bus_det                                    |16     |10      |6       |7       |0       |0       |
|        emb_ctrl_inst               |emb_ctrl                                   |114    |85      |29      |52      |0       |0       |
+-------------------------------------------------------------------------------------------------------------------------------------+


DataNet Average Fanout:

   Index     Fanout     Nets  
    #1          1       2820  
    #2          2       868   
    #3          3       397   
    #4          4       185   
    #5        5-10      386   
    #6        11-50     116   
    #7       51-100      5    
    #8       101-500     2    
    #9        >500       1    
  Average     2.63            

RUN-1002 : start command "export_db SD-SDRAM-ISP-HDMI_pr.db"
RUN-1001 : Exported /
RUN-1001 : Exported flow parameters
RUN-1001 : Exported libs
RUN-1001 : Exported entities
RUN-1001 : Exported ports
RUN-1001 : Exported pins
RUN-1001 : Exported instances
RUN-1001 : Exported nets
RUN-1001 : Exported buses
RUN-1001 : Exported models
RUN-1001 : Exported congestions
RUN-1001 : Exported violations
RUN-1001 : Exported timing constraints
RUN-1001 : Exported IO constraints
RUN-1001 : Exported Inst constraints
RUN-1001 : Exported ChipWatcher
RUN-1002 : start command "start_timer"
TMR-2505 : Start building timing graph for model sd_bmp_hdmi.
TMR-2506 : Build timing graph completely. Port num: 9, tpin num: 18734, tnet num: 4801, tinst num: 2204, tnode num: 24061, tedge num: 31927.
TMR-2508 : Levelizing timing graph completed, there are 29 levels in total.
TMR-2501 : Timing graph initialized successfully.
RUN-1002 : start command "report_timing -mode FINAL -net_info -rpt_autogen true -file SD-SDRAM-ISP-HDMI_phy.timing"
TMR-2503 : Start to update net delay, extr mode = 6.
TMR-2504 : Update delay of 4801 nets completely.
TMR-2502 : Annotate delay completely, extr mode = 6.
TMR-3001 : Initiate 0 clocks from SDC.
TMR-3004 : Map sdc constraints, there are 8 constraints in total.
TMR-3003 : Constraints initiated successfully.
TMR-3501 : Forward propagation: start to calculate arrival time...
TMR-3502 : Backward propagation: start to calculate required time...
TMR-3503 : Timing propagation completes.
TMR-3506 : Start to generate timing report.
TMR-1502 : Number of clock constraints = 0. Number of clock nets = 9 (9 unconstrainted).
TMR-5009 WARNING: No clock constraint on 9 clock net(s): 
		config_inst_syn_10
		sys_clk_dup_1
		u_clk_wiz_1/clk0_out
		u_ddr3_top/clk_sdram
		u_ddr3_top/u_sdram_fifo_ctrl/clk_ref
		u_ddr3_top/u_sdram_fifo_ctrl/wrfifo/clkw
		u_hdmi_top/dpc/pclk
		u_sd_ctrl_top/u_sd_init/div_clk_syn_4
		u_sd_ctrl_top/u_sd_read/clk_ref_180deg
USR-6122 CRITICAL-WARNING: No clock constraint on PLL u_clk_wiz_0/pll_inst
USR-6122 CRITICAL-WARNING: No clock constraint on PLL u_clk_wiz_1/pll_inst
TMR-3508 : Export timing summary.
TMR-3507 : Timing report generated successfully in SD-SDRAM-ISP-HDMI_phy.timing, timing summary in SD-SDRAM-ISP-HDMI_phy.tsm.
RUN-1002 : start command "export_bid SD-SDRAM-ISP-HDMI_inst.bid"
PRG-1000 : <!-- HMAC is: f34721bc4ad60acd7cc5f657e10ee60e9c0baa79fead2df228e755535a4006e4 -->
RUN-1002 : start command "bitgen -bit SD-SDRAM-ISP-HDMI.bit"
BIT-1003 : Start to generate bitstream. 
BIT-1002 : Init instances with 16 threads.
BIT-1002 : Init instances completely, inst num: 2204
BIT-1002 : Init pips with 16 threads.
BIT-1002 : Init pips completely, net num: 4803, pip num: 43786
BIT-1002 : Init feedthrough with 16 threads.
BIT-1002 : Init feedthrough completely, num: 27
BIT-1003 : Multithreading accelaration with 16 threads.
BIT-1003 : Generate bitstream completely, there are 2104 valid insts, and 128985 bits set as '1'.
BIT-1004 : the usercode register value: 00000000100001100000100110010011
BIT-1004 : PLL setting string = 0110
BIT-1004 : Generate bits file SD-SDRAM-ISP-HDMI.bit.
RUN-1003 : finish command "bitgen -bit SD-SDRAM-ISP-HDMI.bit" in  4.468835s wall, 19.984375s user + 0.515625s system = 20.500000s CPU (458.7%)

RUN-1004 : used memory is 661 MB, reserved memory is 634 MB, peak memory is 802 MB
RUN-1002 : start command "backup_run_log run.log ../.logs/phy_1/td_20240703_211636.log"
