============================================================
   Tang Dynasty, V5.6.71036
      Copyright (c) 2012-2023 Anlogic Inc.
   Executable = F:/ARMChina/bin/td.exe
   Built at =   20:34:38 Mar 21 2023
   Run by =     Illyasvial Von Einzb
   Run Date =   Wed Jul  3 21:10:18 2024

   Run on =     LAPTOP-4S5LNBPI
============================================================
RUN-1002 : start command "open_project SD-SDRAM-ISP-HDMI.prj"
RUN-1001 : Print Global Property
RUN-1001 : ---------------------------------------------------------------
RUN-1001 :        Parameters        |  Settings  |  Default Values  |  Note  
RUN-1001 : ---------------------------------------------------------------
RUN-1001 :          message         |  standard  |     standard     |        
RUN-1001 :   mixed_pack_place_flow  |     on     |        on        |        
RUN-1001 :        qor_monitor       |    off     |       off        |        
RUN-1001 :        syn_ip_flow       |    off     |       off        |        
RUN-1001 :          thread          |    auto    |       auto       |        
RUN-1001 : ---------------------------------------------------------------
RUN-1001 : Print Design Property
RUN-1001 : --------------------------------------------------------------
RUN-1001 :        Parameters       |  Settings  |  Default Values  |  Note  
RUN-1001 : --------------------------------------------------------------
RUN-1001 :   default_reg_initial   |    auto    |       auto       |        
RUN-1001 :        infer_add        |     on     |        on        |        
RUN-1001 :        infer_fsm        |    off     |       off        |        
RUN-1001 :        infer_mult       |     on     |        on        |        
RUN-1001 :        infer_ram        |     on     |        on        |        
RUN-1001 :        infer_reg        |     on     |        on        |        
RUN-1001 :   infer_reg_init_value  |     on     |        on        |        
RUN-1001 :        infer_rom        |     on     |        on        |        
RUN-1001 :      infer_shifter      |     on     |        on        |        
RUN-1001 : --------------------------------------------------------------
RUN-1001 : Print Rtl Property
RUN-1001 : --------------------------------------------------------------
RUN-1001 :        Parameters       |  Settings  |  Default Values  |  Note  
RUN-1001 : --------------------------------------------------------------
RUN-1001 :       compress_add      |   ripple   |      ripple      |        
RUN-1001 :        elf_sload        |    off     |       off        |        
RUN-1001 :       fix_undriven      |     0      |        0         |        
RUN-1001 :         flatten         |    off     |       off        |        
RUN-1001 :       gate_sharing      |     on     |        on        |        
RUN-1001 :    hdl_warning_level    |   normal   |      normal      |        
RUN-1001 :   impl_internal_tribuf  |     on     |        on        |        
RUN-1001 :      impl_set_reset     |     on     |        on        |        
RUN-1001 :        infer_gsr        |    off     |       off        |        
RUN-1001 :      keep_hierarchy     |    auto    |       auto       |        
RUN-1001 :        max_fanout       |    9999    |       9999       |        
RUN-1001 :      max_oh2bin_len     |     10     |        10        |        
RUN-1001 :       merge_equal       |     on     |        on        |        
RUN-1001 :       merge_equiv       |     on     |        on        |        
RUN-1001 :        merge_mux        |    off     |       off        |        
RUN-1001 :     min_control_set     |     8      |        8         |        
RUN-1001 :      min_ripple_len     |    auto    |       auto       |        
RUN-1001 :       oh2bin_ratio      |    0.08    |       0.08       |        
RUN-1001 :     opt_adder_fanout    |     on     |        on        |        
RUN-1001 :        opt_arith        |     on     |        on        |        
RUN-1001 :       opt_big_gate      |    off     |       off        |        
RUN-1001 :        opt_const        |     on     |        on        |        
RUN-1001 :      opt_const_mult     |     on     |        on        |        
RUN-1001 :       opt_lessthan      |     on     |        on        |        
RUN-1001 :         opt_mux         |    off     |       off        |        
RUN-1001 :         opt_ram         |    high    |       high       |        
RUN-1001 :      rtl_sim_model      |    off     |       off        |        
RUN-1001 :         seq_syn         |     on     |        on        |        
RUN-1001 : --------------------------------------------------------------
HDL-1007 : analyze verilog file ../../import/ddr3-al_ip/SOFTFIFO.v
HDL-1007 : analyze verilog file ../../import/ddr3-al_ip/SDRAM.v
HDL-1007 : analyze verilog file ../../al_ip/PLL.v
HDL-1007 : undeclared symbol 'open', assumed default net type 'wire' in ../../al_ip/PLL.v(92)
HDL-1007 : analyze verilog file ../../al_ip/PLL_hdmi.v
HDL-1007 : undeclared symbol 'open', assumed default net type 'wire' in ../../al_ip/PLL_hdmi.v(70)
HDL-1007 : analyze VHDL file ../../import/hdmi-rtl/enc_file/SerializerN_1_lvds.enc.vhd
Copyright (c) 1998-2019 The OpenSSL Project.  All rights reserved.
This product includes software developed by the OpenSSL Project
for use in the OpenSSL Toolkit (http://www.openssl.org/)
Copyright (C) 1995-1998 Eric Young (eay@cryptsoft.com)
All rights reserved.
This product includes cryptographic software written by Eric Young (eay@cryptsoft.com)
HDL-1007 : analyze entity ** in encrypted_text(0)
HDL-1007 : analyze architecture ** in encrypted_text(0)
HDL-1007 : analyze VHDL file ../../import/hdmi-rtl/enc_file/SerializerN_1_lvds_dat.enc.vhd
HDL-1007 : analyze entity ** in encrypted_text(0)
HDL-1007 : analyze architecture ** in encrypted_text(0)
HDL-1007 : analyze VHDL file ../../import/hdmi-rtl/enc_file/TMDSEncoder.enc.vhd
HDL-1007 : analyze entity ** in encrypted_text(0)
HDL-1007 : analyze architecture ** in encrypted_text(0)
HDL-1007 : analyze verilog file ../../import/hdmi-rtl/enc_file/video_tpg_1024768.enc.v
HDL-5007 WARNING: literal value ** truncated to fit in ** bits in encrypted_text(0)
HDL-1007 : back to file '../../import/hdmi-rtl/enc_file/video_tpg_1024768.enc.v' in ../../import/hdmi-rtl/enc_file/video_tpg_1024768.enc.v(216)
HDL-1007 : analyze verilog file ../../import/hdmi-rtl/enc_file/video_tpg_1080p.enc.v
HDL-1007 : back to file '../../import/hdmi-rtl/enc_file/video_tpg_1080p.enc.v' in ../../import/hdmi-rtl/enc_file/video_tpg_1080p.enc.v(208)
HDL-1007 : analyze verilog file ../../import/hdmi-rtl/enc_file/video_tpg_12801024p.enc.v
HDL-1007 : back to file '../../import/hdmi-rtl/enc_file/video_tpg_12801024p.enc.v' in ../../import/hdmi-rtl/enc_file/video_tpg_12801024p.enc.v(207)
HDL-1007 : analyze verilog file ../../import/hdmi-rtl/enc_file/video_tpg_1280800.enc.v
HDL-5007 WARNING: literal value ** truncated to fit in ** bits in encrypted_text(0)
HDL-1007 : back to file '../../import/hdmi-rtl/enc_file/video_tpg_1280800.enc.v' in ../../import/hdmi-rtl/enc_file/video_tpg_1280800.enc.v(216)
HDL-1007 : analyze verilog file ../../import/hdmi-rtl/enc_file/video_tpg_16801050p.enc.v
HDL-1007 : back to file '../../import/hdmi-rtl/enc_file/video_tpg_16801050p.enc.v' in ../../import/hdmi-rtl/enc_file/video_tpg_16801050p.enc.v(209)
HDL-1007 : analyze verilog file ../../import/hdmi-rtl/enc_file/video_tpg_800600.enc.v
HDL-1007 : back to file '../../import/hdmi-rtl/enc_file/video_tpg_800600.enc.v' in ../../import/hdmi-rtl/enc_file/video_tpg_800600.enc.v(211)
HDL-1007 : analyze verilog file ../../import/hdmi_top/hdmi_top.v
HDL-1007 : analyze verilog file ../../import/hdmi_top/video_driver.v
HDL-1007 : analyze verilog file ../../import/sd_bmp_hdmi.v
HDL-1007 : undeclared symbol 'rd_vsync', assumed default net type 'wire' in ../../import/sd_bmp_hdmi.v(200)
HDL-1007 : analyze verilog file ../../import/sd_ctrl_top/sd_ctrl_top.v
HDL-1007 : analyze verilog file ../../import/sd_ctrl_top/sd_init.v
HDL-1007 : analyze verilog file ../../import/sd_ctrl_top/sd_read.v
HDL-1007 : analyze verilog file ../../import/sd_ctrl_top/sd_write.v
HDL-1007 : analyze VHDL file ../../import/hdmi-rtl/enc_file/DVITransmitter.enc.vhd
HDL-1007 : analyze entity dvitransmitter in ../../import/hdmi-rtl/enc_file/DVITransmitter.enc.vhd(13)
HDL-1007 : analyze architecture ** in encrypted_text(0)
HDL-1007 : analyze VHDL file ../../import/hdmi-rtl/hdmi_tx.vhd
HDL-1007 : analyze entity hdmi_tx in ../../import/hdmi-rtl/hdmi_tx.vhd(11)
HDL-1007 : analyze architecture behavioral in ../../import/hdmi-rtl/hdmi_tx.vhd(33)
HDL-1007 : analyze verilog file ../../import/DDR3-rtl/sdram_cmd.v
HDL-1007 : analyze included file ../../import/DDR3-rtl/sdram_para.v in ../../import/DDR3-rtl/sdram_cmd.v(46)
HDL-1007 : back to file '../../import/DDR3-rtl/sdram_cmd.v' in ../../import/DDR3-rtl/sdram_cmd.v(46)
HDL-1007 : analyze verilog file ../../import/DDR3-rtl/sdram_controller.v
HDL-1007 : analyze verilog file ../../import/DDR3-rtl/sdram_ctrl.v
HDL-1007 : analyze included file ../../import/DDR3-rtl/sdram_para.v in ../../import/DDR3-rtl/sdram_ctrl.v(19)
HDL-1007 : back to file '../../import/DDR3-rtl/sdram_ctrl.v' in ../../import/DDR3-rtl/sdram_ctrl.v(19)
HDL-1007 : analyze verilog file ../../import/DDR3-rtl/sdram_data.v
HDL-1007 : analyze included file ../../import/DDR3-rtl/sdram_para.v in ../../import/DDR3-rtl/sdram_data.v(13)
HDL-1007 : back to file '../../import/DDR3-rtl/sdram_data.v' in ../../import/DDR3-rtl/sdram_data.v(13)
HDL-1007 : analyze verilog file ../../import/DDR3-rtl/sdram_fifo_ctrl.v
HDL-1007 : analyze verilog file ../../import/DDR3-rtl/sdram_top.v
HDL-1007 : analyze verilog file ../../import/read_rawdata.v
HDL-1007 : analyze verilog file ../../import/hdmi_top/ISP_dpc.v
HDL-1007 : analyze verilog file ../../import/hdmi_top/ISP_include.v
RUN-1001 : Project manager successfully analyzed 32 source files.
RUN-1002 : start command "import_device eagle_s20.db -package EG4S20BG256"
ARC-1001 : Device Initialization.
ARC-1001 : ------------------------------------------------------------------
ARC-1001 :            OPTION            |          IO          |   SETTING   
ARC-1001 : ------------------------------------------------------------------
ARC-1001 :   cso_b/cclk/mosi/miso/dout  |  T3/R11/T10/P10/S11  |    gpio    
ARC-1001 :             done             |         P13          |    gpio    
ARC-1001 :           program_b          |          T2          |  dedicate  
ARC-1001 :        tdi/tms/tck/tdo       |   C12/A15/C14/E14    |  dedicate  
ARC-1001 : ------------------------------------------------------------------
ARC-1004 : Device setting, marked 5 dedicate IOs in total.
RUN-1002 : start command "import_db ../syn_1/SD-SDRAM-ISP-HDMI_gate.db"
RUN-1001 : Importing database generated by Tang Dynasty, V5.6.71036.
RUN-1001 : Database version number 46146.
RUN-1001 : Import flow parameters
RUN-1001 : Import timing constraints
RUN-1001 : Import IO constraints
RUN-1001 : Import Inst constraints
RUN-1001 : Import design success TD_VERSION=5.6.71036 , DB_VERSION=46146
RUN-1002 : start command "read_sdc -ip SOFTFIFO ../../import/ddr3-al_ip/SOFTFIFO.tcl"
RUN-1002 : start command "get_ports clkw"
RUN-1002 : start command "get_nets  clkw  "
RUN-1002 : start command "get_clocks -nowarn -of nets 9663676416000"
RUN-1002 : start command "get_ports clkr"
RUN-1002 : start command "get_nets  clkr  "
RUN-1002 : start command "get_clocks -nowarn -of nets 36786394890240"
RUN-1002 : start command "get_property -nowarn -max PERIOD "
RUN-1002 : start command "get_property -nowarn -max PERIOD "
RUN-1002 : start command "get_regs rd_to_wr_cross_inst/primary_addr_gray_reg[*]"
RUN-1002 : start command "get_regs rd_to_wr_cross_inst/sync_r1[*]"
RUN-1002 : start command "set_max_delay -from  -to  999.70000000000005 -datapath_only"
RUN-1002 : start command "get_regs rd_to_wr_cross_inst/primary_addr_gray_reg[*]"
RUN-1002 : start command "get_regs rd_to_wr_cross_inst/sync_r1[*]"
RUN-1002 : start command "set_false_path -from  -to  -hold 999.70000000000005"
USR-1002 : set_false_path -help -setup -hold -from <list> -rise_from <list> -fall_from <list> -to <list> -rise_to <list> -fall_to <list> -through <list>
RUN-1002 : start command "get_regs wr_to_rd_cross_inst/primary_addr_gray_reg[*]"
RUN-1002 : start command "get_regs wr_to_rd_cross_inst/sync_r1[*]"
RUN-1002 : start command "set_max_delay -from  -to  999.70000000000005 -datapath_only"
RUN-1002 : start command "get_regs wr_to_rd_cross_inst/primary_addr_gray_reg[*]"
RUN-1002 : start command "get_regs wr_to_rd_cross_inst/sync_r1[*]"
RUN-1002 : start command "set_false_path -from  -to  -hold 999.70000000000005"
USR-1002 : set_false_path -help -setup -hold -from <list> -rise_from <list> -fall_from <list> -to <list> -rise_to <list> -fall_to <list> -through <list>
RUN-1002 : start command "get_ports clkw"
RUN-1002 : start command "get_nets  clkw  "
RUN-1002 : start command "get_clocks -nowarn -of nets 17514876633088"
RUN-1002 : start command "get_ports clkr"
RUN-1002 : start command "get_nets  clkr  "
RUN-1002 : start command "get_clocks -nowarn -of nets 9663676416000"
RUN-1002 : start command "get_property -nowarn -max PERIOD "
RUN-1002 : start command "get_property -nowarn -max PERIOD "
RUN-1002 : start command "get_regs rd_to_wr_cross_inst/primary_addr_gray_reg[*]"
RUN-1002 : start command "get_regs rd_to_wr_cross_inst/sync_r1[*]"
RUN-1002 : start command "set_max_delay -from  -to  999.70000000000005 -datapath_only"
RUN-1002 : start command "get_regs rd_to_wr_cross_inst/primary_addr_gray_reg[*]"
RUN-1002 : start command "get_regs rd_to_wr_cross_inst/sync_r1[*]"
RUN-1002 : start command "set_false_path -from  -to  -hold 999.70000000000005"
USR-1002 : set_false_path -help -setup -hold -from <list> -rise_from <list> -fall_from <list> -to <list> -rise_to <list> -fall_to <list> -through <list>
RUN-1002 : start command "get_regs wr_to_rd_cross_inst/primary_addr_gray_reg[*]"
RUN-1002 : start command "get_regs wr_to_rd_cross_inst/sync_r1[*]"
RUN-1002 : start command "set_max_delay -from  -to  999.70000000000005 -datapath_only"
RUN-1002 : start command "get_regs wr_to_rd_cross_inst/primary_addr_gray_reg[*]"
RUN-1002 : start command "get_regs wr_to_rd_cross_inst/sync_r1[*]"
RUN-1002 : start command "set_false_path -from  -to  -hold 999.70000000000005"
USR-1002 : set_false_path -help -setup -hold -from <list> -rise_from <list> -fall_from <list> -to <list> -rise_to <list> -fall_to <list> -through <list>
RUN-1002 : start command "config_chipwatcher ../../sd_HDMI.cwc -dir "
RUN-1002 : start command "legalize_phy_inst"
SYN-1011 : Flatten model sd_bmp_hdmi
KIT-1004 : ChipWatcher: import watcher inst auto_chipwatcher_0 completed, there are 7 view nodes, 40 trigger nets, 40 data nets.
KIT-1004 : Chipwatcher code = 0000100110010011
RUN-1002 : start command "compile_watcher"
RUN-1002 : start command "read_verilog -no_sch -dir F:/ARMChina/cw/ -file SD_HDMI_DAFENQI_watcherInst.sv -lib cw -top CW_TOP_WRAPPER"
HDL-1007 : analyze verilog file F:/ARMChina/cw\bus_det.v
HDL-1007 : analyze verilog file F:/ARMChina/cw\bus_top.sv
HDL-1007 : analyze verilog file F:/ARMChina/cw\cfg_int.v
HDL-1007 : analyze verilog file F:/ARMChina/cw\cwc_cfg_int.v
HDL-1007 : analyze verilog file F:/ARMChina/cw\cwc_top.sv
HDL-1007 : analyze verilog file F:/ARMChina/cw\detect_bus.v
HDL-1007 : analyze verilog file F:/ARMChina/cw\detect_non_bus.v
HDL-1007 : analyze verilog file F:/ARMChina/cw\emb_ctrl.v
HDL-1007 : analyze verilog file F:/ARMChina/cw\register.v
HDL-1007 : analyze verilog file F:/ARMChina/cw\tap.v
HDL-1007 : analyze verilog file F:/ARMChina/cw\trigger.sv
HDL-1007 : analyze verilog file SD_HDMI_DAFENQI_watcherInst.sv
HDL-1007 : elaborate module CW_TOP_WRAPPER in SD_HDMI_DAFENQI_watcherInst.sv(1)
HDL-1007 : elaborate module cwc_top(BUS_NUM=7,BUS_DIN_NUM=40,BUS_CTRL_NUM=108,BUS_WIDTH='{32'sb01,32'sb01,32'sb01,32'sb01,32'sb010000,32'sb010000,32'sb0100},BUS_DIN_POS='{32'sb0,32'sb01,32'sb010,32'sb011,32'sb0100,32'sb010100,32'sb0100100},BUS_CTRL_POS='{32'sb0,32'sb0110,32'sb01100,32'sb010010,32'sb011000,32'sb0111100,32'sb01100000}) in F:/ARMChina/cw\cwc_top.sv(21)
HDL-1007 : elaborate module cwc_cfg_int(CTRL_REG_LEN=130) in F:/ARMChina/cw\cwc_cfg_int.v(21)
HDL-1007 : elaborate module register(CTRL_REG_LEN=130) in F:/ARMChina/cw\register.v(21)
HDL-1007 : elaborate module tap in F:/ARMChina/cw\tap.v(21)
HDL-1007 : elaborate module trigger(BUS_NUM=7,BUS_DIN_NUM=40,BUS_CTRL_NUM=108,BUS_WIDTH='{32'sb01,32'sb01,32'sb01,32'sb01,32'sb010000,32'sb010000,32'sb0100},BUS_DIN_POS='{32'sb0,32'sb01,32'sb010,32'sb011,32'sb0100,32'sb010100,32'sb0100100},BUS_CTRL_POS='{32'sb0,32'sb0110,32'sb01100,32'sb010010,32'sb011000,32'sb0111100,32'sb01100000}) in F:/ARMChina/cw\trigger.sv(21)
HDL-1007 : elaborate module bus_top(BUS_NODE_NUM=7,BUS_DIN_NUM=40,BUS_CTRL_NUM=108,BUS_WIDTH='{32'sb01,32'sb01,32'sb01,32'sb01,32'sb010000,32'sb010000,32'sb0100},BUS_DIN_POS='{32'sb0,32'sb01,32'sb010,32'sb011,32'sb0100,32'sb010100,32'sb0100100},BUS_CTRL_POS='{32'sb0,32'sb0110,32'sb01100,32'sb010010,32'sb011000,32'sb0111100,32'sb01100000}) in F:/ARMChina/cw\bus_top.sv(22)
HDL-1007 : elaborate module bus_det(BUS_WIDTH=32'sb01) in F:/ARMChina/cw\bus_det.v(21)
HDL-1007 : elaborate module bus_det(BUS_WIDTH=32'sb010000) in F:/ARMChina/cw\bus_det.v(21)
HDL-1007 : elaborate module bus_det(BUS_WIDTH=32'sb0100) in F:/ARMChina/cw\bus_det.v(21)
HDL-1007 : elaborate module emb_ctrl in F:/ARMChina/cw\emb_ctrl.v(21)
HDL-1200 : Current top model is CW_TOP_WRAPPER
HDL-1100 : Inferred 0 RAMs.
RUN-1002 : start command "force_keep -a auto_chipwatcher_0_logicbram"
RUN-1002 : start command "optimize_rtl -no_sch"
RUN-1001 : Open license file F:/ARMChina/license/Anlogic.lic
RUN-1001 : Print Global Property
RUN-1001 : ---------------------------------------------------------------
RUN-1001 :        Parameters        |  Settings  |  Default Values  |  Note  
RUN-1001 : ---------------------------------------------------------------
RUN-1001 :          message         |  standard  |     standard     |        
RUN-1001 :   mixed_pack_place_flow  |     on     |        on        |        
RUN-1001 :        qor_monitor       |    off     |       off        |        
RUN-1001 :        syn_ip_flow       |    off     |       off        |        
RUN-1001 :          thread          |    auto    |       auto       |        
RUN-1001 : ---------------------------------------------------------------
RUN-1001 : Print Rtl Property
RUN-1001 : --------------------------------------------------------------
RUN-1001 :        Parameters       |  Settings  |  Default Values  |  Note  
RUN-1001 : --------------------------------------------------------------
RUN-1001 :       compress_add      |   ripple   |      ripple      |        
RUN-1001 :        elf_sload        |    off     |       off        |        
RUN-1001 :       fix_undriven      |     0      |        0         |        
RUN-1001 :         flatten         |    off     |       off        |        
RUN-1001 :       gate_sharing      |     on     |        on        |        
RUN-1001 :    hdl_warning_level    |   normal   |      normal      |        
RUN-1001 :   impl_internal_tribuf  |     on     |        on        |        
RUN-1001 :      impl_set_reset     |     on     |        on        |        
RUN-1001 :        infer_gsr        |    off     |       off        |        
RUN-1001 :      keep_hierarchy     |    auto    |       auto       |        
RUN-1001 :        max_fanout       |    9999    |       9999       |        
RUN-1001 :      max_oh2bin_len     |     10     |        10        |        
RUN-1001 :       merge_equal       |     on     |        on        |        
RUN-1001 :       merge_equiv       |     on     |        on        |        
RUN-1001 :        merge_mux        |    off     |       off        |        
RUN-1001 :     min_control_set     |     8      |        8         |        
RUN-1001 :      min_ripple_len     |    auto    |       auto       |        
RUN-1001 :       oh2bin_ratio      |    0.08    |       0.08       |        
RUN-1001 :     opt_adder_fanout    |     on     |        on        |        
RUN-1001 :        opt_arith        |     on     |        on        |        
RUN-1001 :       opt_big_gate      |    off     |       off        |        
RUN-1001 :        opt_const        |     on     |        on        |        
RUN-1001 :      opt_const_mult     |     on     |        on        |        
RUN-1001 :       opt_lessthan      |     on     |        on        |        
RUN-1001 :         opt_mux         |    off     |       off        |        
RUN-1001 :         opt_ram         |    high    |       high       |        
RUN-1001 :      rtl_sim_model      |    off     |       off        |        
RUN-1001 :         seq_syn         |     on     |        on        |        
RUN-1001 : --------------------------------------------------------------
SYN-1012 : SanityCheck: Model "sd_bmp_hdmi"
SYN-1012 : SanityCheck: Model "CW_TOP_WRAPPER"
SYN-1012 : SanityCheck: Model "cwc_top(BUS_NUM=7,BUS_DIN_NUM=40,BUS_CTRL_NUM=108,BUS_WIDTH='{32'sb01,32'sb01,32'sb01,32'sb01,32'sb010000,32'sb010000,32'sb0100},BUS_DIN_POS='{32'sb0,32'sb01,32'sb010,32'sb011,32'sb0100,32'sb010100,32'sb0100100},BUS_CTRL_POS='{32'sb0,32'sb0110,32'sb01100,32'sb010010,32'sb011000,32'sb0111100,32'sb01100000})"
SYN-1012 : SanityCheck: Model "cwc_cfg_int(CTRL_REG_LEN=130)"
SYN-1012 : SanityCheck: Model "register(CTRL_REG_LEN=130)"
SYN-1012 : SanityCheck: Model "tap"
SYN-1012 : SanityCheck: Model "trigger(BUS_NUM=7,BUS_DIN_NUM=40,BUS_CTRL_NUM=108,BUS_WIDTH='{32'sb01,32'sb01,32'sb01,32'sb01,32'sb010000,32'sb010000,32'sb0100},BUS_DIN_POS='{32'sb0,32'sb01,32'sb010,32'sb011,32'sb0100,32'sb010100,32'sb0100100},BUS_CTRL_POS='{32'sb0,32'sb0110,32'sb01100,32'sb010010,32'sb011000,32'sb0111100,32'sb01100000})"
SYN-1012 : SanityCheck: Model "bus_top(BUS_NODE_NUM=7,BUS_DIN_NUM=40,BUS_CTRL_NUM=108,BUS_WIDTH='{32'sb01,32'sb01,32'sb01,32'sb01,32'sb010000,32'sb010000,32'sb0100},BUS_DIN_POS='{32'sb0,32'sb01,32'sb010,32'sb011,32'sb0100,32'sb010100,32'sb0100100},BUS_CTRL_POS='{32'sb0,32'sb0110,32'sb01100,32'sb010010,32'sb011000,32'sb0111100,32'sb01100000})"
SYN-1012 : SanityCheck: Model "bus_det(BUS_WIDTH=32'sb01)"
SYN-1012 : SanityCheck: Model "bus_det(BUS_WIDTH=32'sb010000)"
SYN-1012 : SanityCheck: Model "bus_det(BUS_WIDTH=32'sb0100)"
SYN-1012 : SanityCheck: Model "emb_ctrl"
SYN-1011 : Flatten model sd_bmp_hdmi
SYN-1032 : 6300/29 useful/useless nets, 4802/18 useful/useless insts
SYN-1016 : Merged 36 instances.
SYN-1032 : 5969/8 useful/useless nets, 5239/8 useful/useless insts
SYN-1014 : Optimize round 1
SYN-1032 : 5953/16 useful/useless nets, 5227/12 useful/useless insts
SYN-1021 : Optimized 3 onehot mux instances.
SYN-1020 : Optimized 1 distributor mux.
SYN-1019 : Optimized 3 mux instances.
SYN-1015 : Optimize round 1, 434 better
SYN-1014 : Optimize round 2
SYN-1032 : 5627/45 useful/useless nets, 4901/48 useful/useless insts
SYN-1015 : Optimize round 2, 96 better
SYN-1014 : Optimize round 1
SYN-1015 : Optimize round 1, 0 better
RUN-1002 : start command "optimize_gate -no_sch"
RUN-1001 : Open license file F:/ARMChina/license/Anlogic.lic
RUN-1001 : Print Global Property
RUN-1001 : ---------------------------------------------------------------
RUN-1001 :        Parameters        |  Settings  |  Default Values  |  Note  
RUN-1001 : ---------------------------------------------------------------
RUN-1001 :          message         |  standard  |     standard     |        
RUN-1001 :   mixed_pack_place_flow  |     on     |        on        |        
RUN-1001 :        qor_monitor       |    off     |       off        |        
RUN-1001 :        syn_ip_flow       |    off     |       off        |        
RUN-1001 :          thread          |    auto    |       auto       |        
RUN-1001 : ---------------------------------------------------------------
RUN-1001 : Print Gate Property
RUN-1001 : ------------------------------------------------------------------
RUN-1001 :          Parameters         |  Settings  |  Default Values  |  Note  
RUN-1001 : ------------------------------------------------------------------
RUN-1001 :         cascade_dsp         |    off     |       off        |        
RUN-1001 :         cascade_eram        |    off     |       off        |        
RUN-1001 :        gate_sim_model       |    off     |       off        |        
RUN-1001 :        map_sim_model        |    off     |       off        |        
RUN-1001 :         map_strategy        |     1      |        1         |        
RUN-1001 :           opt_area          |   medium   |      medium      |        
RUN-1001 :          opt_timing         |    auto    |       auto       |        
RUN-1001 :         pack_effort         |   medium   |      medium      |        
RUN-1001 :      pack_lslice_ripple     |     on     |        on        |        
RUN-1001 :   pack_lslice_ripple_ratio  |    0.5     |       0.5        |        
RUN-1001 :        pack_seq_in_io       |    auto    |       auto       |        
RUN-1001 :        ph1_mux_ratio        |    1.0     |       1.0        |        
RUN-1001 :            report           |  standard  |     standard     |        
RUN-1001 :           retiming          |    off     |       off        |        
RUN-1001 : ------------------------------------------------------------------
SYN-2001 : Map 12 IOs to PADs
RUN-1002 : start command "update_pll_param -module sd_bmp_hdmi"
SYN-2501 : Processed 0 LOGIC_BUF instances.
SYN-2512 : LOGIC BRAM "auto_chipwatcher_0_logicbram"
SYN-2571 : Optimize after map_dsp, round 1
SYN-1032 : 5631/79 useful/useless nets, 4913/43 useful/useless insts
SYN-1016 : Merged 3 instances.
SYN-2571 : Optimize after map_dsp, round 1, 125 better
SYN-2571 : Optimize after map_dsp, round 2
SYN-2571 : Optimize after map_dsp, round 2, 0 better
SYN-1001 : Throwback 3 control mux instances
SYN-2501 : Optimize round 1
SYN-1016 : Merged 36 instances.
SYN-2501 : Optimize round 1, 74 better
SYN-2501 : Optimize round 2
SYN-2501 : Optimize round 2, 0 better
SYN-2501 : Map 16 macro adder
SYN-1019 : Optimized 13 mux instances.
SYN-1016 : Merged 11 instances.
SYN-1032 : 6115/3 useful/useless nets, 5397/2 useful/useless insts
RUN-1002 : start command "start_timer -prepack"
TMR-2505 : Start building timing graph for model sd_bmp_hdmi.
TMR-2506 : Build timing graph completely. Port num: 9, tpin num: 23504, tnet num: 6115, tinst num: 5396, tnode num: 30899, tedge num: 37074.
TMR-2508 : Levelizing timing graph completed, there are 53 levels in total.
TMR-2501 : Timing graph initialized successfully.
TMR-2503 : Start to update net delay, extr mode = 2.
TMR-2504 : Update delay of 6115 nets completely.
TMR-2502 : Annotate delay completely, extr mode = 2.
TMR-3001 : Initiate 0 clocks from SDC.
TMR-3004 : Map sdc constraints, there are 8 constraints in total.
TMR-3003 : Constraints initiated successfully.
TMR-3501 : Forward propagation: start to calculate arrival time...
TMR-3502 : Backward propagation: start to calculate required time...
TMR-3503 : Timing propagation completes.
SYN-3001 : Running gate level optimization.
SYN-2581 : Mapping with K=5, #lut = 234 (3.47), #lev = 7 (1.84)
SYN-2551 : Post LUT mapping optimization.
SYN-2581 : Mapping with K=5, #lut = 226 (3.55), #lev = 7 (1.82)
SYN-3001 : Logic optimization runtime opt =   0.03 sec, map =   0.00 sec
SYN-3001 : Mapper mapped 564 instances into 226 LUTs, name keeping = 75%.
SYN-1001 : Packing model "sd_bmp_hdmi" ...
SYN-4010 : Pack lib has 58 rtl pack models with 25 top pack blocks
SYN-1014 : Optimize round 1
SYN-1015 : Optimize round 1, 0 better
SYN-4002 : Packing 399 DFF/LATCH to SEQ ...
SYN-4009 : Pack 8 carry chain into lslice
SYN-4007 : Packing 120 adder to BLE ...
SYN-4008 : Packed 120 adder and 0 SEQ to BLE.
SYN-4007 : Packing 0 gate4 to BLE ...
SYN-4008 : Packed 0 gate4 and 0 SEQ to BLE.
SYN-4012 : Packed 0 FxMUX
RUN-1003 : finish command "optimize_gate -no_sch" in  1.453945s wall, 1.156250s user + 0.031250s system = 1.187500s CPU (81.7%)

RUN-1004 : used memory is 184 MB, reserved memory is 149 MB, peak memory is 224 MB
RUN-1002 : start command "legalize_phy_inst"
SYN-1011 : Flatten model sd_bmp_hdmi
KIT-1004 : Compile Chipwatcher: Clear obsolete physical data.
RUN-1003 : finish command "compile_watcher" in  2.647543s wall, 2.031250s user + 0.093750s system = 2.125000s CPU (80.3%)

RUN-1004 : used memory is 184 MB, reserved memory is 149 MB, peak memory is 224 MB
RUN-1002 : start command "place"
RUN-1001 : Open license file F:/ARMChina/license/Anlogic.lic
RUN-1001 : Print Global Property
RUN-1001 : ---------------------------------------------------------------
RUN-1001 :        Parameters        |  Settings  |  Default Values  |  Note  
RUN-1001 : ---------------------------------------------------------------
RUN-1001 :          message         |  standard  |     standard     |        
RUN-1001 :   mixed_pack_place_flow  |     on     |        on        |        
RUN-1001 :        qor_monitor       |    off     |       off        |        
RUN-1001 :        syn_ip_flow       |    off     |       off        |        
RUN-1001 :          thread          |    auto    |       auto       |        
RUN-1001 : ---------------------------------------------------------------
RUN-1001 : Print Place Property
RUN-1001 : --------------------------------------------------------------
RUN-1001 :        Parameters       |  Settings  |  Default Values  |  Note  
RUN-1001 : --------------------------------------------------------------
RUN-1001 :      detailed_place     |     on     |        on        |        
RUN-1001 :          effort         |   medium   |      medium      |        
RUN-1001 :         fix_hold        |    off     |       off        |        
RUN-1001 :       legalization      |    ori     |       ori        |        
RUN-1001 :      new_spreading      |     on     |        on        |        
RUN-1001 :        opt_timing       |   medium   |      medium      |        
RUN-1001 :   post_clock_route_opt  |    off     |       off        |        
RUN-1001 :       pr_strategy       |     1      |        1         |        
RUN-1001 :        relaxation       |    1.00    |       1.00       |        
RUN-1001 :         retiming        |    off     |       off        |        
RUN-1001 : --------------------------------------------------------------
PHY-3001 : Placer runs in 16 thread(s).
RUN-1002 : start command "legalize_phy_inst"
SYN-1011 : Flatten model sd_bmp_hdmi
RUN-1002 : start command "phys_opt -simplify_lut"
SYN-4016 : Net u_ddr3_top/u_sdram_fifo_ctrl/clk_ref driven by BUFG (271 clock/control pins, 1 other pins).
SYN-4016 : Net u_clk_wiz_1/clk0_out driven by BUFG (56 clock/control pins, 1 other pins).
SYN-4016 : Net config_inst_syn_10 driven by BUFG (277 clock/control pins, 0 other pins).
SYN-4027 : Net u_ddr3_top/clk_sdram is clkc1 of pll u_clk_wiz_0/pll_inst.
SYN-4027 : Net u_ddr3_top/u_sdram_fifo_ctrl/wrfifo/clkw is clkc3 of pll u_clk_wiz_0/pll_inst.
SYN-4027 : Net u_sd_ctrl_top/u_sd_read/clk_ref_180deg is clkc4 of pll u_clk_wiz_0/pll_inst.
SYN-4019 : Net sys_clk_dup_1 is refclk of pll u_clk_wiz_0/pll_inst.
SYN-4020 : Net sys_clk_dup_1 is fbclk of pll u_clk_wiz_0/pll_inst.
SYN-4027 : Net u_hdmi_top/dpc/pclk is clkc1 of pll u_clk_wiz_1/pll_inst.
SYN-4019 : Net sys_clk_dup_1 is refclk of pll u_clk_wiz_1/pll_inst.
SYN-4020 : Net sys_clk_dup_1 is fbclk of pll u_clk_wiz_1/pll_inst.
SYN-4024 : Net "u_sd_ctrl_top/u_sd_init/div_clk" drives clk pins.
SYN-4025 : Tag rtl::Net config_inst_syn_10 as clock net
SYN-4025 : Tag rtl::Net sys_clk_dup_1 as clock net
SYN-4025 : Tag rtl::Net u_clk_wiz_1/clk0_out as clock net
SYN-4025 : Tag rtl::Net u_ddr3_top/clk_sdram as clock net
SYN-4025 : Tag rtl::Net u_ddr3_top/u_sdram_fifo_ctrl/clk_ref as clock net
SYN-4025 : Tag rtl::Net u_ddr3_top/u_sdram_fifo_ctrl/wrfifo/clkw as clock net
SYN-4025 : Tag rtl::Net u_hdmi_top/dpc/pclk as clock net
SYN-4025 : Tag rtl::Net u_sd_ctrl_top/u_sd_init/div_clk as clock net
SYN-4025 : Tag rtl::Net u_sd_ctrl_top/u_sd_read/clk_ref_180deg as clock net
SYN-4026 : Tagged 9 rtl::Net as clock net
SYN-4015 : Create BUFG instance for clk Net u_sd_ctrl_top/u_sd_init/div_clk to drive 101 clock pins.
PHY-1001 : Populate physical database on model sd_bmp_hdmi.
RUN-1001 : There are total 4744 instances
RUN-0007 : 1566 luts, 2295 seqs, 570 mslices, 218 lslices, 71 pads, 15 brams, 0 dsps
RUN-1001 : There are total 5462 nets
RUN-1001 : 3507 nets have 2 pins
RUN-1001 : 1447 nets have [3 - 5] pins
RUN-1001 : 354 nets have [6 - 10] pins
RUN-1001 : 111 nets have [11 - 20] pins
RUN-1001 : 29 nets have [21 - 99] pins
RUN-1001 : 14 nets have 100+ pins
RUN-1001 : Report Control nets information:
RUN-1001 : DFF Distribution
RUN-1001 : ----------------------------------
RUN-1001 :   CE   |  SSR  |  ASR  |  DFF Count  
RUN-1001 : ----------------------------------
RUN-1001 :   No   |  No   |  No   |     106     
RUN-1001 :   No   |  No   |  Yes  |    1550     
RUN-1001 :   No   |  Yes  |  No   |     31      
RUN-1001 :   Yes  |  No   |  No   |     27      
RUN-1001 :   Yes  |  No   |  Yes  |     581     
RUN-1001 :   Yes  |  Yes  |  No   |      0      
RUN-1001 : ----------------------------------
RUN-0007 : Control Group Statistic
RUN-0007 : ---------------------------
RUN-0007 :   #CLK  |  #CE  |  #SSR/ASR  
RUN-0007 : ---------------------------
RUN-0007 :    9    |  22   |     13     
RUN-0007 : ---------------------------
RUN-0007 : Control Set = 43
PHY-3001 : Initial placement ...
PHY-3001 : design contains 4742 instances, 1566 luts, 2295 seqs, 788 slices, 135 macros(788 instances: 570 mslices 218 lslices)
PHY-3001 : Huge net u_hdmi_top/sys_rst_n with 1209 pins
PHY-0007 : Cell area utilization is 16%
PHY-3001 : Start timing update ...
RUN-1002 : start command "start_timer -report"
TMR-2505 : Start building timing graph for model sd_bmp_hdmi.
TMR-2506 : Build timing graph completely. Port num: 9, tpin num: 22067, tnet num: 5460, tinst num: 4742, tnode num: 29541, tedge num: 35818.
TMR-2508 : Levelizing timing graph completed, there are 29 levels in total.
TMR-2501 : Timing graph initialized successfully.
TMR-2503 : Start to update net delay, extr mode = 2.
TMR-2504 : Update delay of 5460 nets completely.
TMR-2502 : Annotate delay completely, extr mode = 2.
TMR-3001 : Initiate 0 clocks from SDC.
TMR-3004 : Map sdc constraints, there are 8 constraints in total.
TMR-3003 : Constraints initiated successfully.
TMR-3501 : Forward propagation: start to calculate arrival time...
TMR-3502 : Backward propagation: start to calculate required time...
TMR-3503 : Timing propagation completes.
PHY-3001 : End timing update;  0.674880s wall, 0.390625s user + 0.000000s system = 0.390625s CPU (57.9%)

PHY-3001 : Global placement ...
PHY-3001 : Initial: Len = 1.27809e+06
PHY-3001 : Clustering ...
PHY-3001 : Level 0 #clusters 4742.
PHY-3001 : End clustering;  0.000039s wall, 0.000000s user + 0.000000s system = 0.000000s CPU (n/a%)

PHY-3001 : Run with size of 4
PHY-3001 : Cell area utilization is 16%
PHY-3001 : :::0::: Try harder cell spreading with beta_ = 0
PHY-3002 : Step(1): len = 864808, overlap = 47.25
PHY-3002 : Step(2): len = 722851, overlap = 47.25
PHY-3002 : Step(3): len = 462620, overlap = 44
PHY-3002 : Step(4): len = 431076, overlap = 37.25
PHY-3002 : Step(5): len = 355067, overlap = 37.875
PHY-3002 : Step(6): len = 325407, overlap = 50.4375
PHY-3002 : Step(7): len = 294771, overlap = 56.125
PHY-3002 : Step(8): len = 270799, overlap = 53.0312
PHY-3002 : Step(9): len = 246097, overlap = 73.8125
PHY-3002 : Step(10): len = 221616, overlap = 76.9375
PHY-3002 : Step(11): len = 207149, overlap = 82.2812
PHY-3002 : Step(12): len = 191275, overlap = 84.375
PHY-3002 : Step(13): len = 180532, overlap = 95.8438
PHY-3002 : Step(14): len = 174857, overlap = 95.4688
PHY-3002 : Step(15): len = 166286, overlap = 106.281
PHY-3002 : Step(16): len = 157912, overlap = 117.031
PHY-3002 : Step(17): len = 149837, overlap = 122.906
PHY-3002 : Step(18): len = 144142, overlap = 127.875
PHY-3002 : Step(19): len = 137956, overlap = 134.156
PHY-3001 : :::1::: Try harder cell spreading with beta_ = 2.35839e-05
PHY-3002 : Step(20): len = 146814, overlap = 133.719
PHY-3002 : Step(21): len = 150277, overlap = 135.688
PHY-3002 : Step(22): len = 142160, overlap = 127.594
PHY-3002 : Step(23): len = 142635, overlap = 125.969
PHY-3002 : Step(24): len = 144538, overlap = 112.156
PHY-3002 : Step(25): len = 146105, overlap = 105.781
PHY-3002 : Step(26): len = 143402, overlap = 106.531
PHY-3002 : Step(27): len = 143925, overlap = 100.781
PHY-3002 : Step(28): len = 143892, overlap = 99.4375
PHY-3002 : Step(29): len = 142202, overlap = 87.4688
PHY-3002 : Step(30): len = 140600, overlap = 95.4375
PHY-3002 : Step(31): len = 140798, overlap = 97.375
PHY-3002 : Step(32): len = 141989, overlap = 86.9688
PHY-3002 : Step(33): len = 140805, overlap = 90.9688
PHY-3002 : Step(34): len = 140132, overlap = 81.8438
PHY-3002 : Step(35): len = 138534, overlap = 87.9688
PHY-3002 : Step(36): len = 135383, overlap = 88.125
PHY-3002 : Step(37): len = 136149, overlap = 89.2812
PHY-3002 : Step(38): len = 135346, overlap = 87.3438
PHY-3002 : Step(39): len = 135175, overlap = 83.2812
PHY-3002 : Step(40): len = 133549, overlap = 90.2188
PHY-3002 : Step(41): len = 133611, overlap = 91.0938
PHY-3002 : Step(42): len = 133694, overlap = 91.0938
PHY-3002 : Step(43): len = 133051, overlap = 91.5312
PHY-3002 : Step(44): len = 132526, overlap = 90.4688
PHY-3001 : :::2::: Try harder cell spreading with beta_ = 4.71679e-05
PHY-3002 : Step(45): len = 132266, overlap = 90.75
PHY-3002 : Step(46): len = 132210, overlap = 91.0312
PHY-3002 : Step(47): len = 132496, overlap = 90.9688
PHY-3001 : :::3::: Try harder cell spreading with beta_ = 9.43357e-05
PHY-3002 : Step(48): len = 133242, overlap = 91.0938
PHY-3002 : Step(49): len = 133222, overlap = 93.375
PHY-3002 : Step(50): len = 133174, overlap = 93.2812
PHY-3001 : :::4::: Try harder cell spreading with beta_ = 0.000188671
PHY-3002 : Step(51): len = 133892, overlap = 93.125
PHY-3002 : Step(52): len = 133913, overlap = 92.5312
PHY-3002 : Step(53): len = 133807, overlap = 92.0625
PHY-3001 : Legalization ...
PHY-3001 : End legalization;  0.022051s wall, 0.000000s user + 0.000000s system = 0.000000s CPU (n/a%)

PHY-3001 : Run with size of 4
PHY-3001 : Cell area utilization is 20%
PHY-3001 : Update timing in Manhattan mode ...
TMR-2503 : Start to update net delay, extr mode = 3.
TMR-2504 : Update delay of 5460 nets completely.
TMR-2502 : Annotate delay completely, extr mode = 3.
TMR-3501 : Forward propagation: start to calculate arrival time...
TMR-3502 : Backward propagation: start to calculate required time...
TMR-3503 : Timing propagation completes.
PHY-3001 : End timing update;  0.126657s wall, 0.109375s user + 0.000000s system = 0.109375s CPU (86.4%)

PHY-3001 : :::0::: Try harder cell spreading with beta_ = 3.04455e-06
PHY-3002 : Step(54): len = 146166, overlap = 149.219
PHY-3002 : Step(55): len = 145862, overlap = 147.219
PHY-3002 : Step(56): len = 141617, overlap = 151.812
PHY-3002 : Step(57): len = 141315, overlap = 153.219
PHY-3002 : Step(58): len = 139075, overlap = 161.562
PHY-3002 : Step(59): len = 138606, overlap = 164.781
PHY-3002 : Step(60): len = 137594, overlap = 172.344
PHY-3001 : :::1::: Try harder cell spreading with beta_ = 6.0891e-06
PHY-3002 : Step(61): len = 136454, overlap = 170.438
PHY-3002 : Step(62): len = 136434, overlap = 171.031
PHY-3002 : Step(63): len = 136423, overlap = 170.188
PHY-3001 : :::2::: Try harder cell spreading with beta_ = 1.21782e-05
PHY-3002 : Step(64): len = 137221, overlap = 163.344
PHY-3002 : Step(65): len = 137497, overlap = 162.156
PHY-3002 : Step(66): len = 138963, overlap = 150.719
PHY-3002 : Step(67): len = 141670, overlap = 141.219
PHY-3002 : Step(68): len = 139040, overlap = 150.812
PHY-3002 : Step(69): len = 139774, overlap = 143.656
PHY-3002 : Step(70): len = 139897, overlap = 143.281
PHY-3001 : :::3::: Try harder cell spreading with beta_ = 2.43564e-05
PHY-3002 : Step(71): len = 140348, overlap = 143.594
PHY-3002 : Step(72): len = 140656, overlap = 143.438
PHY-3002 : Step(73): len = 140906, overlap = 142.625
PHY-3001 : :::4::: Try harder cell spreading with beta_ = 4.87128e-05
PHY-3002 : Step(74): len = 142942, overlap = 133
PHY-3002 : Step(75): len = 143465, overlap = 132.938
PHY-3002 : Step(76): len = 149240, overlap = 104.156
PHY-3002 : Step(77): len = 148883, overlap = 99.4375
PHY-3002 : Step(78): len = 149010, overlap = 100.844
PHY-3002 : Step(79): len = 147933, overlap = 100.25
PHY-3002 : Step(80): len = 147745, overlap = 100.062
PHY-3002 : Step(81): len = 147257, overlap = 97.3125
PHY-3001 : :::5::: Try harder cell spreading with beta_ = 9.74255e-05
PHY-3002 : Step(82): len = 147370, overlap = 95.125
PHY-3002 : Step(83): len = 147553, overlap = 93.4062
PHY-3002 : Step(84): len = 147875, overlap = 92.5938
PHY-3001 : :::6::: Try harder cell spreading with beta_ = 0.000194851
PHY-3002 : Step(85): len = 150040, overlap = 84.8125
PHY-3002 : Step(86): len = 150350, overlap = 83.7188
PHY-3002 : Step(87): len = 152475, overlap = 72.5938
PHY-3002 : Step(88): len = 150185, overlap = 78.375
PHY-3002 : Step(89): len = 149875, overlap = 78.9688
PHY-3001 : Run with size of 2
PHY-3001 : Cell area utilization is 20%
PHY-3001 : Update timing in Manhattan mode ...
TMR-2503 : Start to update net delay, extr mode = 3.
TMR-2504 : Update delay of 5460 nets completely.
TMR-2502 : Annotate delay completely, extr mode = 3.
TMR-3501 : Forward propagation: start to calculate arrival time...
TMR-3502 : Backward propagation: start to calculate required time...
TMR-3503 : Timing propagation completes.
PHY-3001 : End timing update;  0.125241s wall, 0.078125s user + 0.000000s system = 0.078125s CPU (62.4%)

PHY-3001 : :::0::: Try harder cell spreading with beta_ = 2.34355e-05
PHY-3002 : Step(90): len = 149132, overlap = 169.156
PHY-3002 : Step(91): len = 149276, overlap = 168.5
PHY-3002 : Step(92): len = 147735, overlap = 174.5
PHY-3002 : Step(93): len = 147568, overlap = 172.375
PHY-3002 : Step(94): len = 146011, overlap = 149.562
PHY-3002 : Step(95): len = 145125, overlap = 140.125
PHY-3002 : Step(96): len = 143780, overlap = 138.531
PHY-3002 : Step(97): len = 143777, overlap = 136.875
PHY-3002 : Step(98): len = 143477, overlap = 141.438
PHY-3001 : :::1::: Try harder cell spreading with beta_ = 4.6871e-05
PHY-3002 : Step(99): len = 144485, overlap = 135.156
PHY-3002 : Step(100): len = 144719, overlap = 130.75
PHY-3002 : Step(101): len = 146360, overlap = 123.281
PHY-3001 : :::2::: Try harder cell spreading with beta_ = 9.37421e-05
PHY-3002 : Step(102): len = 147651, overlap = 121.656
PHY-3002 : Step(103): len = 150278, overlap = 116.031
PHY-3002 : Step(104): len = 152850, overlap = 104.469
PHY-3002 : Step(105): len = 152788, overlap = 101.625
PHY-3002 : Step(106): len = 152701, overlap = 101.75
PHY-3002 : Step(107): len = 151352, overlap = 104.875
PHY-3002 : Step(108): len = 151006, overlap = 104.625
PHY-3002 : Step(109): len = 149967, overlap = 106.938
PHY-3002 : Step(110): len = 149450, overlap = 106.312
PHY-3002 : Step(111): len = 149211, overlap = 109.344
PHY-3001 : :::3::: Try harder cell spreading with beta_ = 0.000187484
PHY-3002 : Step(112): len = 150083, overlap = 108.781
PHY-3002 : Step(113): len = 150587, overlap = 103.594
PHY-3002 : Step(114): len = 151184, overlap = 103.875
PHY-3001 : :::4::: Try harder cell spreading with beta_ = 0.000374968
PHY-3002 : Step(115): len = 152170, overlap = 99.0938
PHY-3002 : Step(116): len = 153289, overlap = 96.7188
PHY-3001 : :::5::: Try harder cell spreading with beta_ = 0.000644063
PHY-3002 : Step(117): len = 153658, overlap = 94.75
PHY-3002 : Step(118): len = 154193, overlap = 96.6562
PHY-3002 : Step(119): len = 155380, overlap = 98.25
PHY-3001 : :::6::: Try harder cell spreading with beta_ = 0.00127021
PHY-3002 : Step(120): len = 155924, overlap = 95.125
PHY-3002 : Step(121): len = 156087, overlap = 95.25
PHY-3002 : Step(122): len = 156926, overlap = 94.25
PHY-3001 : :::7::: Try harder cell spreading with beta_ = 0.00217463
PHY-3002 : Step(123): len = 157207, overlap = 93.1875
PHY-3002 : Step(124): len = 157462, overlap = 93.4688
OPT-1001 : Start physical optimization ...
RUN-1002 : start command "start_timer -report"
TMR-2505 : Start building timing graph for model sd_bmp_hdmi.
TMR-2506 : Build timing graph completely. Port num: 9, tpin num: 22067, tnet num: 5460, tinst num: 4742, tnode num: 29541, tedge num: 35818.
TMR-2508 : Levelizing timing graph completed, there are 29 levels in total.
TMR-2501 : Timing graph initialized successfully.
OPT-1001 : Total overflow 314.97 peak overflow 3.78
OPT-1001 : Start high-fanout net optimization ...
OPT-1001 : Update timing in global mode
PHY-1001 : Start incremental global routing, caller is place ...
RUN-1001 : Generating global routing grids ...
RUN-1001 : Building simple global routing graph ...
PHY-1001 : Generate routing nets ...
PHY-1001 : Reuse net number 0/5462.
PHY-1001 : Global iterations in 16 thread ...
PHY-1002 : len = 182904, over cnt = 720(2%), over = 2727, worst = 21
PHY-1001 : End global iterations;  0.336097s wall, 0.109375s user + 0.000000s system = 0.109375s CPU (32.5%)

PHY-1001 : Congestion index: top1 = 52.26, top5 = 38.26, top10 = 31.33, top15 = 27.01.
PHY-1001 : End incremental global routing;  0.454580s wall, 0.140625s user + 0.000000s system = 0.140625s CPU (30.9%)

TMR-2503 : Start to update net delay, extr mode = 5.
TMR-2504 : Update delay of 5460 nets completely.
TMR-2502 : Annotate delay completely, extr mode = 5.
TMR-3001 : Initiate 0 clocks from SDC.
TMR-3004 : Map sdc constraints, there are 8 constraints in total.
TMR-3003 : Constraints initiated successfully.
TMR-3501 : Forward propagation: start to calculate arrival time...
TMR-3502 : Backward propagation: start to calculate required time...
TMR-3503 : Timing propagation completes.
OPT-1001 : End timing update;  0.144215s wall, 0.109375s user + 0.000000s system = 0.109375s CPU (75.8%)

OPT-1001 : 0 high-fanout net processed.
OPT-1001 : End high-fanout net optimization;  0.685781s wall, 0.312500s user + 0.000000s system = 0.312500s CPU (45.6%)

OPT-1001 : Current memory(MB): used = 271, reserve = 239, peak = 271.
OPT-1001 : Start global optimization ...
OPT-1001 : Start congestion update ...
RUN-1001 : Generating global routing grids ...
PHY-1001 : Generate routing nets ...
PHY-1001 : Reuse net number 4050/5462.
PHY-1001 : Global iterations in 16 thread ...
PHY-1002 : len = 182904, over cnt = 720(2%), over = 2727, worst = 21
PHY-1002 : len = 199472, over cnt = 467(1%), over = 1129, worst = 17
PHY-1002 : len = 206408, over cnt = 159(0%), over = 400, worst = 17
PHY-1002 : len = 210240, over cnt = 31(0%), over = 71, worst = 8
PHY-1002 : len = 210936, over cnt = 0(0%), over = 0, worst = 0
PHY-1001 : End global iterations;  0.407867s wall, 0.250000s user + 0.015625s system = 0.265625s CPU (65.1%)

PHY-1001 : Congestion index: top1 = 44.18, top5 = 36.01, top10 = 31.03, top15 = 27.48.
OPT-1001 : End congestion update;  0.501926s wall, 0.312500s user + 0.015625s system = 0.328125s CPU (65.4%)

OPT-1001 : Update timing in Manhattan mode
TMR-2503 : Start to update net delay, extr mode = 3.
TMR-2504 : Update delay of 5460 nets completely.
TMR-2502 : Annotate delay completely, extr mode = 3.
TMR-3501 : Forward propagation: start to calculate arrival time...
TMR-3502 : Backward propagation: start to calculate required time...
TMR-3503 : Timing propagation completes.
OPT-1001 : End timing update;  0.109736s wall, 0.093750s user + 0.000000s system = 0.093750s CPU (85.4%)

OPT-0007 : Start: WNS 999170 TNS 0 NUM_FEPS 0
OPT-1001 : End global optimization;  0.612545s wall, 0.406250s user + 0.015625s system = 0.421875s CPU (68.9%)

OPT-1001 : Current memory(MB): used = 276, reserve = 243, peak = 276.
OPT-1001 : End physical optimization;  1.971121s wall, 1.218750s user + 0.031250s system = 1.250000s CPU (63.4%)

PHY-3001 : Start packing ...
SYN-4007 : Packing 0 MUX to BLE ...
SYN-4008 : Packed 0 MUX and 0 SEQ to BLE.
SYN-4007 : Packing 1566 LUT to BLE ...
SYN-4008 : Packed 1566 LUT and 907 SEQ to BLE.
SYN-4003 : Packing 1388 remaining SEQ's ...
SYN-4005 : Packed 569 SEQ with LUT/SLICE
SYN-4006 : 241 single LUT's are left
SYN-4006 : 819 single SEQ's are left
SYN-4011 : Packing model "sd_bmp_hdmi" (AL_USER_NORMAL) with 2385/3428 primitive instances ...
PHY-3001 : End packing;  0.206572s wall, 0.203125s user + 0.000000s system = 0.203125s CPU (98.3%)

PHY-1001 : Populate physical database on model sd_bmp_hdmi.
RUN-1001 : There are total 2151 instances
RUN-1001 : 1028 mslices, 1028 lslices, 71 pads, 15 brams, 0 dsps
RUN-1001 : There are total 4647 nets
RUN-1001 : 2743 nets have 2 pins
RUN-1001 : 1380 nets have [3 - 5] pins
RUN-1001 : 376 nets have [6 - 10] pins
RUN-1001 : 107 nets have [11 - 20] pins
RUN-1001 : 32 nets have [21 - 99] pins
RUN-1001 : 9 nets have 100+ pins
PHY-3001 : design contains 2149 instances, 2056 slices, 135 macros(788 instances: 570 mslices 218 lslices)
PHY-3001 : Cell area utilization is 26%
PHY-3001 : After packing: Len = 160326, Over = 140.25
PHY-3001 : Run with size of 2
PHY-3001 : Cell area utilization is 26%
PHY-3001 : Update timing in Manhattan mode ...
RUN-1002 : start command "start_timer -report"
TMR-2505 : Start building timing graph for model sd_bmp_hdmi.
TMR-2506 : Build timing graph completely. Port num: 9, tpin num: 18204, tnet num: 4645, tinst num: 2149, tnode num: 23380, tedge num: 31002.
TMR-2508 : Levelizing timing graph completed, there are 29 levels in total.
TMR-2501 : Timing graph initialized successfully.
TMR-2503 : Start to update net delay, extr mode = 3.
TMR-2504 : Update delay of 4645 nets completely.
TMR-2502 : Annotate delay completely, extr mode = 3.
TMR-3001 : Initiate 0 clocks from SDC.
TMR-3004 : Map sdc constraints, there are 8 constraints in total.
TMR-3003 : Constraints initiated successfully.
TMR-3501 : Forward propagation: start to calculate arrival time...
TMR-3502 : Backward propagation: start to calculate required time...
TMR-3503 : Timing propagation completes.
PHY-3001 : End timing update;  0.703562s wall, 0.578125s user + 0.000000s system = 0.578125s CPU (82.2%)

PHY-3001 : :::0::: Try harder cell spreading with beta_ = 2.17022e-05
PHY-3002 : Step(125): len = 158449, overlap = 136.5
PHY-3002 : Step(126): len = 157543, overlap = 136
PHY-3002 : Step(127): len = 156163, overlap = 135
PHY-3002 : Step(128): len = 153341, overlap = 134.75
PHY-3002 : Step(129): len = 151879, overlap = 136.25
PHY-3002 : Step(130): len = 150946, overlap = 139.75
PHY-3002 : Step(131): len = 149743, overlap = 139.25
PHY-3002 : Step(132): len = 148668, overlap = 144.25
PHY-3002 : Step(133): len = 147988, overlap = 148
PHY-3002 : Step(134): len = 146744, overlap = 147.5
PHY-3001 : :::1::: Try harder cell spreading with beta_ = 4.34045e-05
PHY-3002 : Step(135): len = 148931, overlap = 140.75
PHY-3002 : Step(136): len = 149504, overlap = 140.75
PHY-3002 : Step(137): len = 151159, overlap = 133.5
PHY-3002 : Step(138): len = 151569, overlap = 134.5
PHY-3002 : Step(139): len = 152797, overlap = 135.25
PHY-3001 : :::2::: Try harder cell spreading with beta_ = 8.68089e-05
PHY-3002 : Step(140): len = 156743, overlap = 126.75
PHY-3002 : Step(141): len = 158396, overlap = 123.75
PHY-3002 : Step(142): len = 159912, overlap = 115.5
PHY-3002 : Step(143): len = 160612, overlap = 113.75
PHY-3002 : Step(144): len = 161092, overlap = 107
PHY-3001 : Legalization ...
PHY-3001 : End legalization;  0.572364s wall, 0.046875s user + 0.125000s system = 0.171875s CPU (30.0%)

PHY-3001 : Trial Legalized: Len = 192803
PHY-3001 : Run with size of 2
PHY-3001 : Cell area utilization is 25%
PHY-3001 : Update timing in Manhattan mode ...
TMR-2503 : Start to update net delay, extr mode = 3.
TMR-2504 : Update delay of 4645 nets completely.
TMR-2502 : Annotate delay completely, extr mode = 3.
TMR-3501 : Forward propagation: start to calculate arrival time...
TMR-3502 : Backward propagation: start to calculate required time...
TMR-3503 : Timing propagation completes.
PHY-3001 : End timing update;  0.103321s wall, 0.109375s user + 0.000000s system = 0.109375s CPU (105.9%)

PHY-3001 : :::0::: Try harder cell spreading with beta_ = 0.00017476
PHY-3002 : Step(145): len = 182403, overlap = 10
PHY-3002 : Step(146): len = 173213, overlap = 29
PHY-3002 : Step(147): len = 169977, overlap = 37.5
PHY-3002 : Step(148): len = 168268, overlap = 43.5
PHY-3002 : Step(149): len = 167256, overlap = 49
PHY-3002 : Step(150): len = 166484, overlap = 48
PHY-3002 : Step(151): len = 166225, overlap = 47.5
PHY-3002 : Step(152): len = 165898, overlap = 50.25
PHY-3001 : :::1::: Try harder cell spreading with beta_ = 0.00034952
PHY-3002 : Step(153): len = 167910, overlap = 47.75
PHY-3002 : Step(154): len = 168467, overlap = 46.75
PHY-3002 : Step(155): len = 169081, overlap = 44
PHY-3001 : :::2::: Try harder cell spreading with beta_ = 0.000699039
PHY-3002 : Step(156): len = 170545, overlap = 40.25
PHY-3002 : Step(157): len = 171945, overlap = 39
PHY-3002 : Step(158): len = 173643, overlap = 38.75
PHY-3002 : Step(159): len = 173059, overlap = 38
PHY-3002 : Step(160): len = 172772, overlap = 37
PHY-3001 : Legalization ...
PHY-3001 : End legalization;  0.019340s wall, 0.000000s user + 0.000000s system = 0.000000s CPU (n/a%)

PHY-3001 : Legalized: Len = 184180, Over = 0
PHY-3001 : Spreading special nets. 62 overflows in 2952 tiles.
PHY-3001 : End spreading;  0.022280s wall, 0.031250s user + 0.000000s system = 0.031250s CPU (140.3%)

PHY-3001 : 83 instances has been re-located, deltaX = 38, deltaY = 57, maxDist = 3.
PHY-3001 : Final: Len = 186454, Over = 0
PHY-3001 : BANK 6 DIFFRESISTOR:NONE VOD:350M VCM:1.2
OPT-1001 : Start physical optimization ...
RUN-1002 : start command "start_timer -report"
TMR-2505 : Start building timing graph for model sd_bmp_hdmi.
TMR-2506 : Build timing graph completely. Port num: 9, tpin num: 18204, tnet num: 4645, tinst num: 2150, tnode num: 23380, tedge num: 31002.
TMR-2508 : Levelizing timing graph completed, there are 29 levels in total.
TMR-2501 : Timing graph initialized successfully.
OPT-1001 : Total overflow 0.00 peak overflow 0.00
OPT-1001 : Start high-fanout net optimization ...
OPT-1001 : Update timing in global mode
PHY-1001 : Start incremental global routing, caller is place ...
RUN-1001 : Generating global routing grids ...
PHY-1001 : Generate routing nets ...
PHY-1001 : Reuse net number 138/4647.
PHY-1001 : Global iterations in 16 thread ...
PHY-1002 : len = 222632, over cnt = 555(1%), over = 969, worst = 8
PHY-1002 : len = 226096, over cnt = 344(0%), over = 549, worst = 7
PHY-1002 : len = 231576, over cnt = 74(0%), over = 113, worst = 7
PHY-1002 : len = 232272, over cnt = 41(0%), over = 58, worst = 4
PHY-1002 : len = 233000, over cnt = 0(0%), over = 0, worst = 0
PHY-1001 : End global iterations;  0.546604s wall, 0.359375s user + 0.015625s system = 0.375000s CPU (68.6%)

PHY-1001 : Congestion index: top1 = 39.57, top5 = 32.93, top10 = 28.90, top15 = 25.97.
PHY-1001 : End incremental global routing;  0.661792s wall, 0.468750s user + 0.015625s system = 0.484375s CPU (73.2%)

TMR-2503 : Start to update net delay, extr mode = 5.
TMR-2504 : Update delay of 4645 nets completely.
TMR-2502 : Annotate delay completely, extr mode = 5.
TMR-3001 : Initiate 0 clocks from SDC.
TMR-3004 : Map sdc constraints, there are 8 constraints in total.
TMR-3003 : Constraints initiated successfully.
TMR-3501 : Forward propagation: start to calculate arrival time...
TMR-3502 : Backward propagation: start to calculate required time...
TMR-3503 : Timing propagation completes.
OPT-1001 : End timing update;  0.151139s wall, 0.140625s user + 0.000000s system = 0.140625s CPU (93.0%)

OPT-1001 : 0 high-fanout net processed.
OPT-1001 : End high-fanout net optimization;  0.890801s wall, 0.671875s user + 0.015625s system = 0.687500s CPU (77.2%)

OPT-1001 : Current memory(MB): used = 282, reserve = 250, peak = 282.
OPT-1001 : Start path based optimization ...
OPT-1001 : Start congestion update ...
RUN-1001 : Generating global routing grids ...
PHY-1001 : Generate routing nets ...
PHY-1001 : Reuse net number 4007/4647.
PHY-1001 : Global iterations in 16 thread ...
PHY-1002 : len = 233000, over cnt = 0(0%), over = 0, worst = 0
PHY-1001 : End global iterations;  0.021759s wall, 0.031250s user + 0.000000s system = 0.031250s CPU (143.6%)

PHY-1001 : Congestion index: top1 = 39.57, top5 = 32.93, top10 = 28.90, top15 = 25.97.
OPT-1001 : End congestion update;  0.121727s wall, 0.093750s user + 0.000000s system = 0.093750s CPU (77.0%)

OPT-1001 : Update timing in Manhattan mode
TMR-2503 : Start to update net delay, extr mode = 3.
TMR-2504 : Update delay of 4645 nets completely.
TMR-2502 : Annotate delay completely, extr mode = 3.
TMR-3501 : Forward propagation: start to calculate arrival time...
TMR-3502 : Backward propagation: start to calculate required time...
TMR-3503 : Timing propagation completes.
OPT-1001 : End timing update;  0.092214s wall, 0.093750s user + 0.000000s system = 0.093750s CPU (101.7%)

OPT-0007 : Start: WNS 998895 TNS 0 NUM_FEPS 0
OPT-1001 : End path based optimization;  0.226328s wall, 0.187500s user + 0.000000s system = 0.187500s CPU (82.8%)

OPT-1001 : Current memory(MB): used = 284, reserve = 252, peak = 284.
OPT-1001 : Update timing in Manhattan mode
TMR-2503 : Start to update net delay, extr mode = 3.
TMR-2504 : Update delay of 4645 nets completely.
TMR-2502 : Annotate delay completely, extr mode = 3.
TMR-3501 : Forward propagation: start to calculate arrival time...
TMR-3502 : Backward propagation: start to calculate required time...
TMR-3503 : Timing propagation completes.
OPT-1001 : End timing update;  0.092818s wall, 0.062500s user + 0.000000s system = 0.062500s CPU (67.3%)

OPT-1001 : Start pin optimization...
OPT-1001 : skip pin optimization...
RUN-1001 : Generating global routing grids ...
PHY-1001 : Generate routing nets ...
PHY-1001 : Reuse net number 4007/4647.
PHY-1001 : Global iterations in 16 thread ...
PHY-1002 : len = 233000, over cnt = 0(0%), over = 0, worst = 0
PHY-1001 : End global iterations;  0.023119s wall, 0.015625s user + 0.000000s system = 0.015625s CPU (67.6%)

PHY-1001 : Congestion index: top1 = 39.57, top5 = 32.93, top10 = 28.90, top15 = 25.97.
OPT-1001 : Update timing in Manhattan mode
TMR-2503 : Start to update net delay, extr mode = 3.
TMR-2504 : Update delay of 4645 nets completely.
TMR-2502 : Annotate delay completely, extr mode = 3.
TMR-3501 : Forward propagation: start to calculate arrival time...
TMR-3502 : Backward propagation: start to calculate required time...
TMR-3503 : Timing propagation completes.
OPT-1001 : End timing update;  0.096209s wall, 0.078125s user + 0.031250s system = 0.109375s CPU (113.7%)

RUN-1001 : QoR Analysis:
OPT-0007 :   WNS 998895 TNS 0 NUM_FEPS 0
RUN-1001 :   No local congestion issue, and most congested 1% tile average routing util is 39.172414
RUN-1001 :   Top critical paths
OPT-1001 : End physical optimization;  2.116701s wall, 1.765625s user + 0.046875s system = 1.812500s CPU (85.6%)

RUN-1003 : finish command "place" in  13.894397s wall, 7.687500s user + 2.187500s system = 9.875000s CPU (71.1%)

RUN-1004 : used memory is 269 MB, reserved memory is 237 MB, peak memory is 285 MB
RUN-1002 : start command "export_db SD-SDRAM-ISP-HDMI_place.db"
RUN-1001 : Exported /
RUN-1001 : Exported flow parameters
RUN-1001 : Exported libs
RUN-1001 : Exported entities
RUN-1001 : Exported ports
RUN-1001 : Exported pins
RUN-1001 : Exported instances
RUN-1001 : Exported nets
RUN-1001 : Exported buses
RUN-1001 : Exported models
RUN-1001 : Exported congestions
RUN-1001 : Exported violations
RUN-1001 : Exported timing constraints
RUN-1001 : Exported IO constraints
RUN-1001 : Exported Inst constraints
RUN-1001 : Exported ChipWatcher
RUN-1002 : start command "route"
RUN-1001 : Open license file F:/ARMChina/license/Anlogic.lic
RUN-1001 : Print Global Property
RUN-1001 : ---------------------------------------------------------------
RUN-1001 :        Parameters        |  Settings  |  Default Values  |  Note  
RUN-1001 : ---------------------------------------------------------------
RUN-1001 :          message         |  standard  |     standard     |        
RUN-1001 :   mixed_pack_place_flow  |     on     |        on        |        
RUN-1001 :        qor_monitor       |    off     |       off        |        
RUN-1001 :        syn_ip_flow       |    off     |       off        |        
RUN-1001 :          thread          |    auto    |       auto       |        
RUN-1001 : ---------------------------------------------------------------
RUN-1001 : Print Route Property
RUN-1001 : -------------------------------------------------------
RUN-1001 :    Parameters    |  Settings  |  Default Values  |  Note  
RUN-1001 : -------------------------------------------------------
RUN-1001 :      effort      |   medium   |      medium      |        
RUN-1001 :     fix_hold     |    off     |       off        |        
RUN-1001 :    opt_timing    |   medium   |      medium      |        
RUN-1001 :   phy_sim_model  |    off     |       off        |        
RUN-1001 :     priority     |   timing   |      timing      |        
RUN-1001 :     swap_pin     |     on     |        on        |        
RUN-1001 : -------------------------------------------------------
PHY-1001 : Route runs in 16 thread(s)
RUN-1001 : There are total 2152 instances
RUN-1001 : 1028 mslices, 1028 lslices, 71 pads, 15 brams, 0 dsps
RUN-1001 : There are total 4647 nets
RUN-1001 : 2743 nets have 2 pins
RUN-1001 : 1380 nets have [3 - 5] pins
RUN-1001 : 376 nets have [6 - 10] pins
RUN-1001 : 107 nets have [11 - 20] pins
RUN-1001 : 32 nets have [21 - 99] pins
RUN-1001 : 9 nets have 100+ pins
RUN-1002 : start command "start_timer -report"
TMR-2505 : Start building timing graph for model sd_bmp_hdmi.
TMR-2506 : Build timing graph completely. Port num: 9, tpin num: 18204, tnet num: 4645, tinst num: 2150, tnode num: 23380, tedge num: 31002.
TMR-2508 : Levelizing timing graph completed, there are 29 levels in total.
TMR-2501 : Timing graph initialized successfully.
PHY-1001 : 1028 mslices, 1028 lslices, 71 pads, 15 brams, 0 dsps
TMR-2503 : Start to update net delay, extr mode = 3.
TMR-2504 : Update delay of 4645 nets completely.
TMR-2502 : Annotate delay completely, extr mode = 3.
TMR-3001 : Initiate 0 clocks from SDC.
TMR-3004 : Map sdc constraints, there are 8 constraints in total.
TMR-3003 : Constraints initiated successfully.
TMR-3501 : Forward propagation: start to calculate arrival time...
TMR-3502 : Backward propagation: start to calculate required time...
TMR-3503 : Timing propagation completes.
PHY-1001 : Start global routing, caller is route ...
RUN-1001 : Generating global routing grids ...
PHY-1001 : Generate routing nets ...
PHY-1001 : Global iterations in 16 thread ...
PHY-1002 : len = 221488, over cnt = 551(1%), over = 977, worst = 7
PHY-1002 : len = 224984, over cnt = 350(0%), over = 559, worst = 6
PHY-1002 : len = 231024, over cnt = 37(0%), over = 57, worst = 6
PHY-1002 : len = 231680, over cnt = 0(0%), over = 0, worst = 0
PHY-1001 : End global iterations;  0.533819s wall, 0.328125s user + 0.000000s system = 0.328125s CPU (61.5%)

PHY-1001 : Congestion index: top1 = 40.02, top5 = 32.84, top10 = 28.77, top15 = 25.81.
PHY-1001 : End global routing;  0.640173s wall, 0.406250s user + 0.000000s system = 0.406250s CPU (63.5%)

PHY-1001 : Start detail routing ...
PHY-1001 : Current memory(MB): used = 318, reserve = 287, peak = 320.
PHY-1001 : Detailed router is running in normal mode.
PHY-1001 : Generate detailed routing grids ...
PHY-1001 : Generate nets ...
PHY-1001 : net sys_clk_dup_1 will be routed on clock mesh
PHY-1001 : clock net u_clk_wiz_1/clk0_out will be merged with clock u_clk_wiz_1/clk0_buf
PHY-1001 : net u_ddr3_top/clk_sdram will be routed on clock mesh
PHY-1001 : clock net u_ddr3_top/u_sdram_fifo_ctrl/clk_ref will be merged with clock u_clk_wiz_0/clk0_buf
PHY-1001 : net u_ddr3_top/u_sdram_fifo_ctrl/wrfifo/clkw will be routed on clock mesh
PHY-1001 : net u_hdmi_top/dpc/pclk will be routed on clock mesh
PHY-1001 : clock net u_sd_ctrl_top/u_sd_init/div_clk_syn_4 will be merged with clock u_sd_ctrl_top/u_sd_init/div_clk
PHY-1001 : net u_sd_ctrl_top/u_sd_read/clk_ref_180deg will be routed on clock mesh
PHY-1001 : clock net config_inst_syn_10 will be merged with clock config_inst_syn_9
PHY-1001 : Current memory(MB): used = 571, reserve = 544, peak = 571.
PHY-1001 : End build detailed router design. 3.490421s wall, 2.812500s user + 0.109375s system = 2.921875s CPU (83.7%)

PHY-1001 : Detail Route ...
PHY-1001 : ===== Detail Route Phase 1 =====
PHY-1001 : Clock net routing.....
PHY-1001 : Routed 0% nets.
PHY-1022 : len = 66032, over cnt = 0(0%), over = 0, worst = 0, crit = 0
PHY-1001 : End initial clock net routed; 3.019692s wall, 2.968750s user + 0.000000s system = 2.968750s CPU (98.3%)

PHY-1001 : Current memory(MB): used = 605, reserve = 579, peak = 605.
PHY-1001 : End phase 1; 3.025802s wall, 2.968750s user + 0.000000s system = 2.968750s CPU (98.1%)

PHY-1001 : ===== Detail Route Phase 2 =====
PHY-1001 : Initial routing.....
PHY-1001 : Routed 36% nets.
PHY-1001 : Routed 43% nets.
PHY-1001 : Routed 52% nets.
PHY-1001 : Routed 64% nets.
PHY-1001 : Routed 85% nets.
PHY-1022 : len = 603472, over cnt = 155(0%), over = 155, worst = 1, crit = 0
PHY-1001 : Current memory(MB): used = 607, reserve = 580, peak = 607.
PHY-1001 : End initial routed; 10.755254s wall, 7.828125s user + 0.046875s system = 7.875000s CPU (73.2%)

PHY-1001 : Update timing.....
PHY-1001 : 0/3980(0%) critical/total net(s).
RUN-1001 : ------------------------------------------
RUN-1001 :   Type   |    WNS(ns)    |  TNS(ns)  |  FEP  
RUN-1001 : ------------------------------------------
RUN-1001 :   Setup  |    998.472    |   0.000   |   0   
RUN-1001 :   Hold   |  2147483.647  |   0.000   |   0   
RUN-1001 : ------------------------------------------
PHY-1001 : End update timing; 0.926207s wall, 0.750000s user + 0.000000s system = 0.750000s CPU (81.0%)

PHY-1001 : Current memory(MB): used = 612, reserve = 585, peak = 612.
PHY-1001 : End phase 2; 11.681623s wall, 8.578125s user + 0.046875s system = 8.625000s CPU (73.8%)

PHY-1001 : ===== Detail Route Phase 3 =====
PHY-1001 : Optimize timing.....
PHY-1022 : len = 603472, over cnt = 155(0%), over = 155, worst = 1, crit = 0
PHY-1001 : End optimize timing; 0.019684s wall, 0.015625s user + 0.000000s system = 0.015625s CPU (79.4%)

PHY-1001 : Ripup-reroute.....
PHY-1001 : ===== DR Iter 1 =====
PHY-1022 : len = 600208, over cnt = 45(0%), over = 45, worst = 1, crit = 0
PHY-1001 : End DR Iter 1; 0.126595s wall, 0.140625s user + 0.000000s system = 0.140625s CPU (111.1%)

PHY-1001 : ===== DR Iter 2 =====
PHY-1022 : len = 600208, over cnt = 6(0%), over = 6, worst = 1, crit = 0
PHY-1001 : End DR Iter 2; 0.070822s wall, 0.062500s user + 0.000000s system = 0.062500s CPU (88.2%)

PHY-1001 : ===== DR Iter 3 =====
PHY-1022 : len = 600280, over cnt = 2(0%), over = 2, worst = 1, crit = 0
PHY-1001 : End DR Iter 3; 0.050207s wall, 0.031250s user + 0.000000s system = 0.031250s CPU (62.2%)

PHY-1001 : ===== DR Iter 4 =====
PHY-1022 : len = 600248, over cnt = 0(0%), over = 0, worst = 0, crit = 0
PHY-1001 : End DR Iter 4; 0.040901s wall, 0.015625s user + 0.000000s system = 0.015625s CPU (38.2%)

PHY-1001 : Update timing.....
PHY-1001 : 0/3980(0%) critical/total net(s).
RUN-1001 : ------------------------------------------
RUN-1001 :   Type   |    WNS(ns)    |  TNS(ns)  |  FEP  
RUN-1001 : ------------------------------------------
RUN-1001 :   Setup  |    998.472    |   0.000   |   0   
RUN-1001 :   Hold   |  2147483.647  |   0.000   |   0   
RUN-1001 : ------------------------------------------
PHY-1001 : End update timing; 0.874686s wall, 0.718750s user + 0.000000s system = 0.718750s CPU (82.2%)

PHY-1001 : Commit to database.....
PHY-1001 : 28 feed throughs used by 25 nets
PHY-1001 : End commit to database; 0.520116s wall, 0.406250s user + 0.000000s system = 0.406250s CPU (78.1%)

PHY-1001 : Current memory(MB): used = 641, reserve = 615, peak = 641.
PHY-1001 : End phase 3; 1.860803s wall, 1.546875s user + 0.000000s system = 1.546875s CPU (83.1%)

PHY-1003 : Routed, final wirelength = 600248
PHY-1001 : Current memory(MB): used = 642, reserve = 616, peak = 642.
PHY-1001 : End export database. 0.018878s wall, 0.015625s user + 0.000000s system = 0.015625s CPU (82.8%)

PHY-1001 : End detail routing;  20.318525s wall, 16.125000s user + 0.187500s system = 16.312500s CPU (80.3%)

RUN-1003 : finish command "route" in  21.765308s wall, 17.125000s user + 0.218750s system = 17.343750s CPU (79.7%)

RUN-1004 : used memory is 604 MB, reserved memory is 578 MB, peak memory is 642 MB
RUN-1002 : start command "report_area -io_info -file SD-SDRAM-ISP-HDMI_phy.area"
RUN-1001 : standard
***Report Model: sd_bmp_hdmi Device: EG4S20BG256***

IO Statistics
#IO                        12
  #input                    5
  #output                   7
  #inout                    0

Utilization Statistics
#lut                     3181   out of  19600   16.23%
#reg                     2300   out of  19600   11.73%
#le                      4000
  #lut only              1700   out of   4000   42.50%
  #reg only               819   out of   4000   20.48%
  #lut&reg               1481   out of   4000   37.03%
#dsp                        0   out of     29    0.00%
#bram                       9   out of     64   14.06%
  #bram9k                   9
  #fifo9k                   0
#bram32k                    6   out of     16   37.50%
#pad                       16   out of    188    8.51%
  #ireg                     0
  #oreg                     4
  #treg                     0
#pll                        2   out of      4   50.00%
#gclk                       4   out of     16   25.00%

Clock Resource Statistics
Index     ClockNet                                    Type               DriverType         Driver                                          Fanout
#1        u_hdmi_top/dpc/pclk                         GCLK               pll                u_clk_wiz_1/pll_inst.clkc1                      646
#2        u_clk_wiz_0/clk0_buf                        GCLK               pll                u_clk_wiz_0/pll_inst.clkc0                      172
#3        config_inst_syn_9                           GCLK               config             config_inst.jtck                                158
#4        u_ddr3_top/u_sdram_fifo_ctrl/wrfifo/clkw    GCLK               pll                u_clk_wiz_0/pll_inst.clkc3                      152
#5        sys_clk_dup_1                               GCLK               io                 sys_clk_syn_2.di                                79
#6        u_sd_ctrl_top/u_sd_init/div_clk             GCLK               mslice             u_sd_ctrl_top/u_sd_init/div_clk_reg_syn_9.q0    61
#7        u_clk_wiz_1/clk0_buf                        GCLK               pll                u_clk_wiz_1/pll_inst.clkc0                      34
#8        u_sd_ctrl_top/u_sd_read/clk_ref_180deg      GCLK               pll                u_clk_wiz_0/pll_inst.clkc4                      23
#9        u_ddr3_top/clk_sdram                        GCLK               pll                u_clk_wiz_0/pll_inst.clkc1                      0


Detailed IO Report

        Name           Direction    Location    IOStandard    DriveStrength    PullType    PackReg  
       sd_miso           INPUT        D14        LVCMOS33          N/A          PULLUP      NONE    
   switch_video[1]       INPUT        B10        LVCMOS33          N/A          PULLUP      NONE    
   switch_video[0]       INPUT        A10        LVCMOS33          N/A          PULLUP      NONE    
       sys_clk           INPUT         R7        LVCMOS33          N/A          PULLUP      NONE    
      sys_rst_n          INPUT         A9        LVCMOS33          N/A          PULLUP      NONE    
       sd_clk           OUTPUT        F15        LVCMOS33           8            NONE       NONE    
        sd_cs           OUTPUT        F13        LVCMOS33           8            NONE       NONE    
       sd_mosi          OUTPUT        F14        LVCMOS33           8            NONE       NONE    
     tmds_clk_p         OUTPUT         P1         LVDS33           NA            NONE      ODDRX1   
    tmds_clk_p(n)       OUTPUT         R1         LVDS33           NA            NONE      ODDRX1   
   tmds_data_p[2]       OUTPUT         J3         LVDS33           NA            NONE      ODDRX1   
  tmds_data_p[2](n)     OUTPUT         J4         LVDS33           NA            NONE      ODDRX1   
   tmds_data_p[1]       OUTPUT         P4         LVDS33           NA            NONE      ODDRX1   
  tmds_data_p[1](n)     OUTPUT         N4         LVDS33           NA            NONE      ODDRX1   
   tmds_data_p[0]       OUTPUT         N1         LVDS33           NA            NONE      ODDRX1   
  tmds_data_p[0](n)     OUTPUT         M1         LVDS33           NA            NONE      ODDRX1   
       dq[23]            INPUT        S31        LVCMOS25           8           PULLUP      NONE    
       dq[22]            INPUT        S32        LVCMOS25           8           PULLUP      NONE    
       dq[21]            INPUT        S35        LVCMOS25           8           PULLUP      NONE    
       dq[20]            INPUT        S36        LVCMOS25           8           PULLUP      NONE    
       dq[19]            INPUT        S37        LVCMOS25           8           PULLUP      NONE    
       dq[18]            INPUT        S38        LVCMOS25           8           PULLUP      NONE    
       dq[17]            INPUT        S41        LVCMOS25           8           PULLUP      NONE    
       dq[16]            INPUT        S42        LVCMOS25           8           PULLUP      NONE    
       dq[31]            INPUT        S48        LVCMOS25           8           PULLUP      NONE    
       dq[30]            INPUT        S49        LVCMOS25           8           PULLUP      NONE    
       dq[29]            INPUT        S52        LVCMOS25           8           PULLUP      NONE    
       dq[28]            INPUT        S53        LVCMOS25           8           PULLUP      NONE    
       dq[27]            INPUT        S54        LVCMOS25           8           PULLUP      NONE    
       dq[26]            INPUT        S55        LVCMOS25           8           PULLUP      NONE    
       dq[25]            INPUT        S58        LVCMOS25           8           PULLUP      NONE    
       dq[24]            INPUT        S59        LVCMOS25           8           PULLUP      NONE    
         dm0            OUTPUT        S14        LVCMOS25           8            NONE       NONE    
         cke            OUTPUT        S18        LVCMOS25           8            NONE       OREG    
        we_n            OUTPUT        S19        LVCMOS25           8            NONE       OREG    
        cas_n           OUTPUT        S20        LVCMOS25           8            NONE       OREG    
        ras_n           OUTPUT        S21        LVCMOS25           8            NONE       OREG    
        cs_n            OUTPUT        S22        LVCMOS25           8            NONE       OREG    
       addr[9]          OUTPUT        S23        LVCMOS25           8            NONE       OREG    
       addr[8]          OUTPUT        S24        LVCMOS25           8            NONE       OREG    
       addr[7]          OUTPUT        S25        LVCMOS25           8            NONE       OREG    
       addr[6]          OUTPUT        S26        LVCMOS25           8            NONE       OREG    
       addr[5]          OUTPUT        S27        LVCMOS25           8            NONE       OREG    
       addr[4]          OUTPUT        S28        LVCMOS25           8            NONE       OREG    
         dm2            OUTPUT        S29        LVCMOS25           8            NONE       NONE    
         dm3            OUTPUT        S61        LVCMOS25           8            NONE       NONE    
       addr[3]          OUTPUT        S64        LVCMOS25           8            NONE       OREG    
       addr[2]          OUTPUT        S65        LVCMOS25           8            NONE       OREG    
       addr[1]          OUTPUT        S66        LVCMOS25           8            NONE       OREG    
       addr[0]          OUTPUT        S67        LVCMOS25           8            NONE       OREG    
      addr[10]          OUTPUT        S68        LVCMOS25           8            NONE       OREG    
        ba[0]           OUTPUT        S69        LVCMOS25           8            NONE       OREG    
        ba[1]           OUTPUT        S70        LVCMOS25           8            NONE       OREG    
         clk            OUTPUT        S73        LVCMOS25           8            NONE       NONE    
         dm1            OUTPUT        S76        LVCMOS25           8            NONE       NONE    
        dq[0]            INOUT         S1        LVCMOS25           8           PULLUP      IREG    
        dq[6]            INOUT        S11        LVCMOS25           8           PULLUP      IREG    
        dq[7]            INOUT        S12        LVCMOS25           8           PULLUP      IREG    
        dq[1]            INOUT         S2        LVCMOS25           8           PULLUP      IREG    
        dq[2]            INOUT         S5        LVCMOS25           8           PULLUP      IREG    
        dq[3]            INOUT         S6        LVCMOS25           8           PULLUP      IREG    
        dq[4]            INOUT         S7        LVCMOS25           8           PULLUP      IREG    
        dq[8]            INOUT        S78        LVCMOS25           8           PULLUP      IREG    
        dq[9]            INOUT        S79        LVCMOS25           8           PULLUP      IREG    
        dq[5]            INOUT         S8        LVCMOS25           8           PULLUP      IREG    
       dq[10]            INOUT        S82        LVCMOS25           8           PULLUP      IREG    
       dq[11]            INOUT        S83        LVCMOS25           8           PULLUP      IREG    
       dq[12]            INOUT        S84        LVCMOS25           8           PULLUP      IREG    
       dq[13]            INOUT        S85        LVCMOS25           8           PULLUP      IREG    
       dq[14]            INOUT        S88        LVCMOS25           8           PULLUP      IREG    
       dq[15]            INOUT        S89        LVCMOS25           8           PULLUP      IREG    

Report Hierarchy Area:
+-------------------------------------------------------------------------------------------------------------------------------------+
|Instance                            |Module                                     |le     |lut     |ripple  |seq     |bram    |dsp     |
+-------------------------------------------------------------------------------------------------------------------------------------+
|top                                 |sd_bmp_hdmi                                |4000   |2393    |788     |2304    |15      |0       |
|  u_clk_wiz_0                       |PLL                                        |0      |0       |0       |0       |0       |0       |
|  u_clk_wiz_1                       |PLL_hdmi                                   |0      |0       |0       |0       |0       |0       |
|  u_ddr3_top                        |ddr3_top1                                  |571    |361     |100     |350     |2       |0       |
|    physica_sdram                   |SDRAM                                      |0      |0       |0       |0       |0       |0       |
|    u_sdram_controller              |sdram_controller                           |207    |147     |40      |92      |0       |0       |
|      u_sdram_cmd                   |sdram_cmd                                  |38     |38      |0       |14      |0       |0       |
|      u_sdram_ctrl                  |sdram_ctrl                                 |154    |108     |40      |63      |0       |0       |
|      u_sdram_data                  |sdram_data                                 |15     |1       |0       |15      |0       |0       |
|    u_sdram_fifo_ctrl               |sdram_fifo_ctrl                            |364    |214     |60      |258     |2       |0       |
|      rdfifo                        |SOFTFIFO                                   |144    |78      |18      |118     |1       |0       |
|        ram_inst                    |ram_infer_SOFTFIFO                         |16     |0       |0       |16      |1       |0       |
|        rd_to_wr_cross_inst         |fifo_cross_domain_addr_process_al_SOFTFIFO |37     |28      |0       |37      |0       |0       |
|        wr_to_rd_cross_inst         |fifo_cross_domain_addr_process_al_SOFTFIFO |35     |24      |0       |35      |0       |0       |
|      wrfifo                        |SOFTFIFO                                   |143    |86      |18      |111     |1       |0       |
|        ram_inst                    |ram_infer_SOFTFIFO                         |14     |2       |0       |14      |1       |0       |
|        rd_to_wr_cross_inst         |fifo_cross_domain_addr_process_al_SOFTFIFO |40     |25      |0       |40      |0       |0       |
|        wr_to_rd_cross_inst         |fifo_cross_domain_addr_process_al_SOFTFIFO |31     |25      |0       |31      |0       |0       |
|  u_hdmi_top                        |hdmi_top1                                  |2272   |1239    |512     |1193    |4       |0       |
|    dpc                             |isp_dpc                                    |1792   |914     |375     |1020    |4       |0       |
|      linebuffer                    |shift_register                             |58     |26      |16      |28      |4       |0       |
|        gen_ram_inst[0]$u_ram       |simple_dp_ram                              |0      |0       |0       |0       |1       |0       |
|        gen_ram_inst[1]$u_ram       |simple_dp_ram                              |0      |0       |0       |0       |1       |0       |
|        gen_ram_inst[2]$u_ram       |simple_dp_ram                              |0      |0       |0       |0       |1       |0       |
|        gen_ram_inst[3]$u_ram       |simple_dp_ram                              |0      |0       |0       |0       |1       |0       |
|    u3_hdmi_tx                      |hdmi_tx                                    |330    |236     |76      |146     |0       |0       |
|      Inst_DVITransmitter           |DVITransmitter                             |330    |236     |76      |146     |0       |0       |
|        Inst_TMDSEncoder_blue       |TMDSEncoder                                |109    |86      |18      |45      |0       |0       |
|        Inst_TMDSEncoder_green      |TMDSEncoder                                |83     |65      |18      |30      |0       |0       |
|        Inst_TMDSEncoder_red        |TMDSEncoder                                |86     |46      |40      |19      |0       |0       |
|        Inst_blue_serializer_10_1   |Serial_N_1_lvds_dat                        |21     |16      |0       |21      |0       |0       |
|        Inst_clk_serializer_10_1    |Serial_N_1_lvds                            |6      |4       |0       |6       |0       |0       |
|        Inst_green_serializer_10_1  |Serial_N_1_lvds_dat                        |13     |9       |0       |13      |0       |0       |
|        Inst_red_serializer_10_1    |Serial_N_1_lvds_dat                        |12     |10      |0       |12      |0       |0       |
|    u_video_driver                  |video_driver                               |150    |89      |61      |27      |0       |0       |
|  u_sd_ctrl_top                     |sd_ctrl_top                                |341    |271     |45      |213     |0       |0       |
|    u_sd_init                       |sd_init                                    |196    |152     |30      |111     |0       |0       |
|    u_sd_read                       |sd_read                                    |145    |119     |15      |102     |0       |0       |
|  u_sd_read_photo                   |read_rawdata                               |214    |175     |32      |145     |0       |0       |
|  cw_top                            |CW_TOP_WRAPPER                             |599    |344     |99      |399     |0       |0       |
|    wrapper_cwc_top                 |cwc_top                                    |599    |344     |99      |399     |0       |0       |
|      cfg_int_inst                  |cwc_cfg_int                                |285    |146     |0       |268     |0       |0       |
|        reg_inst                    |register                                   |282    |143     |0       |265     |0       |0       |
|        tap_inst                    |tap                                        |3      |3       |0       |3       |0       |0       |
|      trigger_inst                  |trigger                                    |314    |198     |99      |131     |0       |0       |
|        bus_inst                    |bus_top                                    |124    |66      |42      |46      |0       |0       |
|          BUS_DETECTOR[0]$bus_nodes |bus_det                                    |2      |2       |0       |2       |0       |0       |
|          BUS_DETECTOR[2]$bus_nodes |bus_det                                    |2      |2       |0       |2       |0       |0       |
|          BUS_DETECTOR[3]$bus_nodes |bus_det                                    |4      |2       |0       |4       |0       |0       |
|          BUS_DETECTOR[4]$bus_nodes |bus_det                                    |51     |25      |18      |18      |0       |0       |
|          BUS_DETECTOR[5]$bus_nodes |bus_det                                    |49     |29      |18      |16      |0       |0       |
|          BUS_DETECTOR[6]$bus_nodes |bus_det                                    |16     |6       |6       |4       |0       |0       |
|        emb_ctrl_inst               |emb_ctrl                                   |106    |77      |29      |55      |0       |0       |
+-------------------------------------------------------------------------------------------------------------------------------------+


DataNet Average Fanout:

   Index     Fanout     Nets  
    #1          1       2730  
    #2          2       809   
    #3          3       394   
    #4          4       177   
    #5        5-10      399   
    #6        11-50     107   
    #7       51-100      5    
    #8       101-500     2    
    #9        >500       1    
  Average     2.64            

RUN-1002 : start command "export_db SD-SDRAM-ISP-HDMI_pr.db"
RUN-1001 : Exported /
RUN-1001 : Exported flow parameters
RUN-1001 : Exported libs
RUN-1001 : Exported entities
RUN-1001 : Exported ports
RUN-1001 : Exported pins
RUN-1001 : Exported instances
RUN-1001 : Exported nets
RUN-1001 : Exported buses
RUN-1001 : Exported models
RUN-1001 : Exported congestions
RUN-1001 : Exported violations
RUN-1001 : Exported timing constraints
RUN-1001 : Exported IO constraints
RUN-1001 : Exported Inst constraints
RUN-1001 : Exported ChipWatcher
RUN-1002 : start command "start_timer"
TMR-2505 : Start building timing graph for model sd_bmp_hdmi.
TMR-2506 : Build timing graph completely. Port num: 9, tpin num: 18204, tnet num: 4645, tinst num: 2150, tnode num: 23380, tedge num: 31002.
TMR-2508 : Levelizing timing graph completed, there are 29 levels in total.
TMR-2501 : Timing graph initialized successfully.
RUN-1002 : start command "report_timing -mode FINAL -net_info -rpt_autogen true -file SD-SDRAM-ISP-HDMI_phy.timing"
TMR-2503 : Start to update net delay, extr mode = 6.
TMR-2504 : Update delay of 4645 nets completely.
TMR-2502 : Annotate delay completely, extr mode = 6.
TMR-3001 : Initiate 0 clocks from SDC.
TMR-3004 : Map sdc constraints, there are 8 constraints in total.
TMR-3003 : Constraints initiated successfully.
TMR-3501 : Forward propagation: start to calculate arrival time...
TMR-3502 : Backward propagation: start to calculate required time...
TMR-3503 : Timing propagation completes.
TMR-3506 : Start to generate timing report.
TMR-1502 : Number of clock constraints = 0. Number of clock nets = 9 (9 unconstrainted).
TMR-5009 WARNING: No clock constraint on 9 clock net(s): 
		config_inst_syn_10
		sys_clk_dup_1
		u_clk_wiz_1/clk0_out
		u_ddr3_top/clk_sdram
		u_ddr3_top/u_sdram_fifo_ctrl/clk_ref
		u_ddr3_top/u_sdram_fifo_ctrl/wrfifo/clkw
		u_hdmi_top/dpc/pclk
		u_sd_ctrl_top/u_sd_init/div_clk_syn_4
		u_sd_ctrl_top/u_sd_read/clk_ref_180deg
USR-6122 CRITICAL-WARNING: No clock constraint on PLL u_clk_wiz_0/pll_inst
USR-6122 CRITICAL-WARNING: No clock constraint on PLL u_clk_wiz_1/pll_inst
TMR-3508 : Export timing summary.
TMR-3507 : Timing report generated successfully in SD-SDRAM-ISP-HDMI_phy.timing, timing summary in SD-SDRAM-ISP-HDMI_phy.tsm.
RUN-1002 : start command "export_bid SD-SDRAM-ISP-HDMI_inst.bid"
PRG-1000 : <!-- HMAC is: f34721bc4ad60acd7cc5f657e10ee60e9c0baa79fead2df228e755535a4006e4 -->
RUN-1002 : start command "bitgen -bit SD-SDRAM-ISP-HDMI.bit"
BIT-1003 : Start to generate bitstream. 
BIT-1002 : Init instances with 16 threads.
BIT-1002 : Init instances completely, inst num: 2150
BIT-1002 : Init pips with 16 threads.
BIT-1002 : Init pips completely, net num: 4647, pip num: 43032
BIT-1002 : Init feedthrough with 16 threads.
BIT-1002 : Init feedthrough completely, num: 28
BIT-1003 : Multithreading accelaration with 16 threads.
BIT-1003 : Generate bitstream completely, there are 2098 valid insts, and 125668 bits set as '1'.
BIT-1004 : the usercode register value: 00000000100001100000100110010011
BIT-1004 : PLL setting string = 0110
BIT-1004 : Generate bits file SD-SDRAM-ISP-HDMI.bit.
RUN-1003 : finish command "bitgen -bit SD-SDRAM-ISP-HDMI.bit" in  4.314007s wall, 19.406250s user + 0.468750s system = 19.875000s CPU (460.7%)

RUN-1004 : used memory is 625 MB, reserved memory is 605 MB, peak memory is 790 MB
RUN-1002 : start command "backup_run_log run.log ../.logs/phy_1/td_20240703_211018.log"
